
----------------------------------------------------
Job started on Fri Jul 10 16:10:09 EDT 2015 at WN: t2bat0097.cmsaf.mit.edu 
Job is running on Linux t2bat0097.cmsaf.mit.edu 2.6.32-358.el6.x86_64 #1 SMP Fri Feb 22 20:37:17 CST 2013 x86_64 x86_64 x86_64 GNU/Linux
Filesystem            Size  Used Avail Use% Mounted on
/dev/sda3              20G  3.0G   16G  16% /
tmpfs                 7.8G     0  7.8G   0% /dev/shm
/dev/sda1              97M   33M   60M  36% /boot
/dev/sda4             644G   61G  583G  10% /export/data1
/dev/sdb1             1.8T  1.7T  172G  91% /export/00b
/dev/sdc1             1.8T  1.7T  155G  92% /export/00c
/dev/sdd1             1.8T  1.7T  164G  92% /export/00d
/dev/sde1             1.8T  1.7T  167G  91% /export/00e
/dev/sdf1             1.8T  1.7T  169G  91% /export/00f
fuse_dfs              4.9P  4.5P  447T  92% /mnt/hadoop
t2srv0004:/export/db  135G  187M  135G   1% /net/t2srv0004/db
cvmfs2                 98G   60G   38G  62% /cvmfs/cvmfs.cmsaf.mit.edu
cvmfs2                 98G   60G   38G  62% /cvmfs/cms.cern.ch
gcc (GCC) 4.4.7 20120313 (Red Hat 4.4.7-3)
Copyright (C) 2010 Free Software Foundation, Inc.
This is free software; see the source for copying conditions.  There is NO
warranty; not even for MERCHANTABILITY or FITNESS FOR A PARTICULAR PURPOSE.

Processing...
filename: /mnt/hadoop/cms/store/user/dgulhan/PYTHIA_HYDJET_Track9_Jet30_Pyquen_DiJet_TuneZ2_Unquenched_Hydjet1p8_2760GeV_merged/HiForest_PYTHIA_HYDJET_pthat280_Track9_Jet30_matchEqR_merged_forest_0.root
pthat = 280
Total number of events loaded in HiForest = 50455
0/50455
10000/50455
20000/50455
30000/50455
40000/50455
50000/50455
Macro finished: 
CPU time (min)  = 0.854167
Real time (min) = 1.40347
Done!
Copied output files to hadoop JetRAA/partonread
