000 (497048.000.000) 07/08 11:27:00 Job submitted from host: <18.12.1.74:48322>
...
001 (497048.000.000) 07/08 11:27:10 Job executing on host: <18.12.9.65:40146>
...
006 (497048.000.000) 07/08 11:27:19 Image size of job updated: 845796
	693  -  MemoryUsage of job (MB)
	709416  -  ResidentSetSize of job (KB)
...
006 (497048.000.000) 07/08 11:32:04 Image size of job updated: 948756
	693  -  MemoryUsage of job (MB)
	709416  -  ResidentSetSize of job (KB)
...
005 (497048.000.000) 07/08 11:32:04 Job terminated.
	(1) Normal termination (return value 0)
		Usr 0 00:02:58, Sys 0 00:00:07  -  Run Remote Usage
		Usr 0 00:00:00, Sys 0 00:00:00  -  Run Local Usage
		Usr 0 00:02:58, Sys 0 00:00:07  -  Total Remote Usage
		Usr 0 00:00:00, Sys 0 00:00:00  -  Total Local Usage
	20777408  -  Run Bytes Sent By Job
	18596508  -  Run Bytes Received By Job
	20777408  -  Total Bytes Sent By Job
	18596508  -  Total Bytes Received By Job
	Partitionable Resources :    Usage  Request          
	   Cpus                 :                 1          
	   Disk (KB)            :    38476    38476          
	   Memory (MB)          :      693      693          
...
000 (497057.000.000) 07/08 13:56:05 Job submitted from host: <18.12.1.74:48322>
...
001 (497057.000.000) 07/08 13:56:44 Job executing on host: <18.12.9.34:47227>
...
006 (497057.000.000) 07/08 13:56:53 Image size of job updated: 1
	3  -  MemoryUsage of job (MB)
	2356  -  ResidentSetSize of job (KB)
...
006 (497057.000.000) 07/08 14:01:54 Image size of job updated: 949220
	736  -  MemoryUsage of job (MB)
	753496  -  ResidentSetSize of job (KB)
...
006 (497057.000.000) 07/08 14:11:55 Image size of job updated: 949220
	736  -  MemoryUsage of job (MB)
	753504  -  ResidentSetSize of job (KB)
...
006 (497057.000.000) 07/08 14:19:48 Image size of job updated: 1003096
	736  -  MemoryUsage of job (MB)
	753504  -  ResidentSetSize of job (KB)
...
005 (497057.000.000) 07/08 14:19:49 Job terminated.
	(1) Normal termination (return value 0)
		Usr 0 00:04:31, Sys 0 00:00:09  -  Run Remote Usage
		Usr 0 00:00:00, Sys 0 00:00:00  -  Run Local Usage
		Usr 0 00:04:31, Sys 0 00:00:09  -  Total Remote Usage
		Usr 0 00:00:00, Sys 0 00:00:00  -  Total Local Usage
	20783496  -  Run Bytes Sent By Job
	18596904  -  Run Bytes Received By Job
	20783496  -  Total Bytes Sent By Job
	18596904  -  Total Bytes Received By Job
	Partitionable Resources :    Usage  Request          
	   Cpus                 :                 1          
	   Disk (KB)            :    38483    38483          
	   Memory (MB)          :      736      736          
...
000 (498332.000.000) 07/10 13:31:50 Job submitted from host: <18.12.1.74:48322>
...
001 (498332.000.000) 07/10 13:33:57 Job executing on host: <18.12.9.32:45767>
...
006 (498332.000.000) 07/10 13:34:06 Image size of job updated: 114888
	21  -  MemoryUsage of job (MB)
	21044  -  ResidentSetSize of job (KB)
...
006 (498332.000.000) 07/10 13:39:07 Image size of job updated: 949852
	742  -  MemoryUsage of job (MB)
	759452  -  ResidentSetSize of job (KB)
...
006 (498332.000.000) 07/10 13:52:30 Image size of job updated: 992916
	742  -  MemoryUsage of job (MB)
	759452  -  ResidentSetSize of job (KB)
...
005 (498332.000.000) 07/10 13:52:30 Job terminated.
	(1) Normal termination (return value 0)
		Usr 0 00:04:25, Sys 0 00:00:09  -  Run Remote Usage
		Usr 0 00:00:00, Sys 0 00:00:00  -  Run Local Usage
		Usr 0 00:04:25, Sys 0 00:00:09  -  Total Remote Usage
		Usr 0 00:00:00, Sys 0 00:00:00  -  Total Local Usage
	20787036  -  Run Bytes Sent By Job
	18597866  -  Run Bytes Received By Job
	20787036  -  Total Bytes Sent By Job
	18597866  -  Total Bytes Received By Job
	Partitionable Resources :    Usage  Request          
	   Cpus                 :                 1          
	   Disk (KB)            :    38487    38487          
	   Memory (MB)          :      742      742          
...
000 (498459.000.000) 07/10 16:10:02 Job submitted from host: <18.12.1.74:48322>
...
001 (498459.000.000) 07/10 16:10:08 Job executing on host: <18.12.8.141:45840>
...
006 (498459.000.000) 07/10 16:10:17 Image size of job updated: 540976
	412  -  MemoryUsage of job (MB)
	420916  -  ResidentSetSize of job (KB)
...
006 (498459.000.000) 07/10 16:15:18 Image size of job updated: 949860
	737  -  MemoryUsage of job (MB)
	754088  -  ResidentSetSize of job (KB)
...
006 (498459.000.000) 07/10 16:17:51 Image size of job updated: 992924
	737  -  MemoryUsage of job (MB)
	754088  -  ResidentSetSize of job (KB)
...
005 (498459.000.000) 07/10 16:17:52 Job terminated.
	(1) Normal termination (return value 0)
		Usr 0 00:03:02, Sys 0 00:00:19  -  Run Remote Usage
		Usr 0 00:00:00, Sys 0 00:00:00  -  Run Local Usage
		Usr 0 00:03:02, Sys 0 00:00:19  -  Total Remote Usage
		Usr 0 00:00:00, Sys 0 00:00:00  -  Total Local Usage
	20786548  -  Run Bytes Sent By Job
	18597858  -  Run Bytes Received By Job
	20786548  -  Total Bytes Sent By Job
	18597858  -  Total Bytes Received By Job
	Partitionable Resources :    Usage  Request          
	   Cpus                 :                 1          
	   Disk (KB)            :    38486    38486          
	   Memory (MB)          :      737      737          
...
