
----------------------------------------------------
Job started on Fri Jul 10 16:10:15 EDT 2015 at WN: t2bat0113.cmsaf.mit.edu 
Job is running on Linux t2bat0113.cmsaf.mit.edu 2.6.32-358.el6.x86_64 #1 SMP Fri Feb 22 20:37:17 CST 2013 x86_64 x86_64 x86_64 GNU/Linux
Filesystem            Size  Used Avail Use% Mounted on
/dev/sda3              20G  2.4G   17G  13% /
tmpfs                 7.8G     0  7.8G   0% /dev/shm
/dev/sda1              97M   33M   60M  36% /boot
/dev/sda4             644G   56G  589G   9% /export/data1
/dev/sdb1             1.8T  1.7T  172G  91% /export/00b
/dev/sdc1             1.8T  1.7T  169G  91% /export/00c
/dev/sdd1             1.8T  1.7T  159G  92% /export/00d
/dev/sde1             1.8T  1.7T  169G  91% /export/00e
/dev/sdf1             1.8T  1.7T  163G  92% /export/00f
fuse_dfs              4.9P  4.5P  447T  92% /mnt/hadoop
t2srv0004:/export/db  135G  187M  135G   1% /net/t2srv0004/db
cvmfs2                 98G   55G   43G  57% /cvmfs/cms.cern.ch
cvmfs2                 98G   55G   43G  57% /cvmfs/cvmfs.cmsaf.mit.edu
gcc (GCC) 4.4.7 20120313 (Red Hat 4.4.7-3)
Copyright (C) 2010 Free Software Foundation, Inc.
This is free software; see the source for copying conditions.  There is NO
warranty; not even for MERCHANTABILITY or FITNESS FOR A PARTICULAR PURPOSE.

Processing...
filename: /mnt/hadoop/cms/store/user/dgulhan/PYTHIA_HYDJET_Track9_Jet30_Pyquen_DiJet_TuneZ2_Unquenched_Hydjet1p8_2760GeV_merged/HiForest_PYTHIA_HYDJET_pthat50_Track9_Jet30_matchEqR_merged_forest_0.root
pthat = 50
Total number of events loaded in HiForest = 395126
0/395126
10000/395126
20000/395126
30000/395126
40000/395126
50000/395126
60000/395126
70000/395126
80000/395126
90000/395126
100000/395126
110000/395126
120000/395126
130000/395126
140000/395126
150000/395126
160000/395126
170000/395126
180000/395126
190000/395126
200000/395126
210000/395126
220000/395126
230000/395126
240000/395126
250000/395126
260000/395126
270000/395126
280000/395126
290000/395126
300000/395126
310000/395126
320000/395126
330000/395126
340000/395126
350000/395126
360000/395126
370000/395126
380000/395126
390000/395126
Macro finished: 
CPU time (min)  = 6.2995
Real time (min) = 16.1812
Done!
Copied output files to hadoop JetRAA/partonread
