
----------------------------------------------------
Job started on Fri Jul 10 16:10:23 EDT 2015 at WN: t2bat0104.cmsaf.mit.edu 
Job is running on Linux t2bat0104.cmsaf.mit.edu 2.6.32-358.el6.x86_64 #1 SMP Fri Feb 22 20:37:17 CST 2013 x86_64 x86_64 x86_64 GNU/Linux
Filesystem            Size  Used Avail Use% Mounted on
/dev/sda3              20G  3.0G   16G  16% /
tmpfs                 7.8G     0  7.8G   0% /dev/shm
/dev/sda1              97M   33M   60M  36% /boot
/dev/sda4             415G   56G  359G  14% /export/data1
fuse_dfs              4.9P  4.5P  447T  92% /mnt/hadoop
/dev/sdb1             1.8T  1.7T  173G  91% /export/00b
/dev/sdc1             1.8T  1.7T  161G  92% /export/00c
/dev/sdd1             1.8T  1.7T  167G  91% /export/00d
/dev/sde1             1.8T  1.7T  169G  91% /export/00e
/dev/sdf1             1.8T  1.7T  162G  92% /export/00f
t2srv0004:/export/db  135G  187M  135G   1% /net/t2srv0004/db
cvmfs2                 98G   55G   44G  56% /cvmfs/cms.cern.ch
cvmfs2                 98G   55G   44G  56% /cvmfs/cvmfs.cmsaf.mit.edu
gcc (GCC) 4.4.7 20120313 (Red Hat 4.4.7-3)
Copyright (C) 2010 Free Software Foundation, Inc.
This is free software; see the source for copying conditions.  There is NO
warranty; not even for MERCHANTABILITY or FITNESS FOR A PARTICULAR PURPOSE.

Processing...
filename: /mnt/hadoop/cms/store/user/dgulhan/PYTHIA_HYDJET_Track9_Jet30_Pyquen_DiJet_TuneZ2_Unquenched_Hydjet1p8_2760GeV_merged/HiForest_PYTHIA_HYDJET_pthat370_Track9_Jet30_matchEqR_merged_forest_0.root
pthat = 370
Total number of events loaded in HiForest = 14031
0/14031
10000/14031
Macro finished: 
CPU time (min)  = 0.309
Real time (min) = 0.488378
Done!
Copied output files to hadoop JetRAA/partonread
