000 (497047.000.000) 07/08 11:27:00 Job submitted from host: <18.12.1.74:48322>
...
001 (497047.000.000) 07/08 11:27:15 Job executing on host: <18.12.9.46:40292>
...
006 (497047.000.000) 07/08 11:27:24 Image size of job updated: 339748
	217  -  MemoryUsage of job (MB)
	221412  -  ResidentSetSize of job (KB)
...
006 (497047.000.000) 07/08 11:32:25 Image size of job updated: 966108
	757  -  MemoryUsage of job (MB)
	774704  -  ResidentSetSize of job (KB)
...
006 (497047.000.000) 07/08 11:37:25 Image size of job updated: 968840
	803  -  MemoryUsage of job (MB)
	821708  -  ResidentSetSize of job (KB)
...
005 (497047.000.000) 07/08 11:39:40 Job terminated.
	(1) Normal termination (return value 0)
		Usr 0 00:06:10, Sys 0 00:00:12  -  Run Remote Usage
		Usr 0 00:00:00, Sys 0 00:00:00  -  Run Local Usage
		Usr 0 00:06:10, Sys 0 00:00:12  -  Total Remote Usage
		Usr 0 00:00:00, Sys 0 00:00:00  -  Total Local Usage
	20777696  -  Run Bytes Sent By Job
	18596508  -  Run Bytes Received By Job
	20777696  -  Total Bytes Sent By Job
	18596508  -  Total Bytes Received By Job
	Partitionable Resources :    Usage  Request          
	   Cpus                 :                 1          
	   Disk (KB)            :    38476    38476          
	   Memory (MB)          :      803      803          
...
000 (497056.000.000) 07/08 13:56:05 Job submitted from host: <18.12.1.74:48322>
...
001 (497056.000.000) 07/08 13:56:49 Job executing on host: <18.12.9.55:40657>
...
006 (497056.000.000) 07/08 13:56:58 Image size of job updated: 905388
	729  -  MemoryUsage of job (MB)
	745940  -  ResidentSetSize of job (KB)
...
006 (497056.000.000) 07/08 14:01:59 Image size of job updated: 966584
	758  -  MemoryUsage of job (MB)
	775192  -  ResidentSetSize of job (KB)
...
006 (497056.000.000) 07/08 14:06:59 Image size of job updated: 969316
	803  -  MemoryUsage of job (MB)
	822156  -  ResidentSetSize of job (KB)
...
006 (497056.000.000) 07/08 14:10:49 Image size of job updated: 1012404
	803  -  MemoryUsage of job (MB)
	822156  -  ResidentSetSize of job (KB)
...
005 (497056.000.000) 07/08 14:10:50 Job terminated.
	(1) Normal termination (return value 0)
		Usr 0 00:06:52, Sys 0 00:00:27  -  Run Remote Usage
		Usr 0 00:00:00, Sys 0 00:00:00  -  Run Local Usage
		Usr 0 00:06:52, Sys 0 00:00:27  -  Total Remote Usage
		Usr 0 00:00:00, Sys 0 00:00:00  -  Total Local Usage
	20783516  -  Run Bytes Sent By Job
	18596904  -  Run Bytes Received By Job
	20783516  -  Total Bytes Sent By Job
	18596904  -  Total Bytes Received By Job
	Partitionable Resources :    Usage  Request          
	   Cpus                 :                 1          
	   Disk (KB)            :    38483    38483          
	   Memory (MB)          :      803      803          
...
000 (498331.000.000) 07/10 13:31:49 Job submitted from host: <18.12.1.74:48322>
...
001 (498331.000.000) 07/10 13:33:52 Job executing on host: <18.12.6.83:41679>
...
006 (498331.000.000) 07/10 13:34:01 Image size of job updated: 1
	3  -  MemoryUsage of job (MB)
	2340  -  ResidentSetSize of job (KB)
...
006 (498331.000.000) 07/10 13:39:02 Image size of job updated: 967220
	758  -  MemoryUsage of job (MB)
	775824  -  ResidentSetSize of job (KB)
...
006 (498331.000.000) 07/10 13:44:02 Image size of job updated: 969948
	804  -  MemoryUsage of job (MB)
	822784  -  ResidentSetSize of job (KB)
...
006 (498331.000.000) 07/10 13:47:10 Image size of job updated: 1012596
	804  -  MemoryUsage of job (MB)
	822784  -  ResidentSetSize of job (KB)
...
005 (498331.000.000) 07/10 13:47:11 Job terminated.
	(1) Normal termination (return value 0)
		Usr 0 00:08:13, Sys 0 00:00:16  -  Run Remote Usage
		Usr 0 00:00:00, Sys 0 00:00:00  -  Run Local Usage
		Usr 0 00:08:13, Sys 0 00:00:16  -  Total Remote Usage
		Usr 0 00:00:00, Sys 0 00:00:00  -  Total Local Usage
	20787108  -  Run Bytes Sent By Job
	18597866  -  Run Bytes Received By Job
	20787108  -  Total Bytes Sent By Job
	18597866  -  Total Bytes Received By Job
	Partitionable Resources :    Usage  Request          
	   Cpus                 :                 1          
	   Disk (KB)            :    38487    38487          
	   Memory (MB)          :      804      804          
...
000 (498458.000.000) 07/10 16:10:02 Job submitted from host: <18.12.1.74:48322>
...
001 (498458.000.000) 07/10 16:10:08 Job executing on host: <18.12.8.122:43796>
...
006 (498458.000.000) 07/10 16:10:17 Image size of job updated: 148912
	35  -  MemoryUsage of job (MB)
	35648  -  ResidentSetSize of job (KB)
...
006 (498458.000.000) 07/10 16:15:22 Image size of job updated: 967216
	759  -  MemoryUsage of job (MB)
	776912  -  ResidentSetSize of job (KB)
...
006 (498458.000.000) 07/10 16:20:17 Image size of job updated: 969944
	805  -  MemoryUsage of job (MB)
	823520  -  ResidentSetSize of job (KB)
...
006 (498458.000.000) 07/10 16:26:22 Image size of job updated: 1012592
	805  -  MemoryUsage of job (MB)
	823520  -  ResidentSetSize of job (KB)
...
005 (498458.000.000) 07/10 16:26:24 Job terminated.
	(1) Normal termination (return value 0)
		Usr 0 00:05:52, Sys 0 00:00:21  -  Run Remote Usage
		Usr 0 00:00:00, Sys 0 00:00:00  -  Run Local Usage
		Usr 0 00:05:52, Sys 0 00:00:21  -  Total Remote Usage
		Usr 0 00:00:00, Sys 0 00:00:00  -  Total Local Usage
	20786844  -  Run Bytes Sent By Job
	18597858  -  Run Bytes Received By Job
	20786844  -  Total Bytes Sent By Job
	18597858  -  Total Bytes Received By Job
	Partitionable Resources :    Usage  Request          
	   Cpus                 :                 1          
	   Disk (KB)            :    38486    38486          
	   Memory (MB)          :      805      805          
...
