
----------------------------------------------------
Job started on Fri Jul 10 16:10:10 EDT 2015 at WN: t2bat0142.cmsaf.mit.edu 
Job is running on Linux t2bat0142.cmsaf.mit.edu 2.6.32-358.el6.x86_64 #1 SMP Fri Feb 22 20:37:17 CST 2013 x86_64 x86_64 x86_64 GNU/Linux
Filesystem            Size  Used Avail Use% Mounted on
/dev/sda3              20G  3.0G   16G  16% /
tmpfs                 7.8G     0  7.8G   0% /dev/shm
/dev/sda1              97M   33M   60M  36% /boot
/dev/sda4             415G   94G  322G  23% /export/data1
fuse_dfs              4.9P  4.5P  447T  92% /mnt/hadoop
/dev/sdb1             1.8T  1.7T  172G  91% /export/00b
/dev/sdc1             1.8T  1.7T  170G  91% /export/00c
/dev/sdd1             1.8T  1.7T  158G  92% /export/00d
/dev/sde1             1.8T  1.7T  173G  91% /export/00e
/dev/sdf1             1.8T  1.7T  159G  92% /export/00f
cvmfs2                 98G   93G  5.3G  95% /cvmfs/cms.cern.ch
t2srv0004:/export/db  135G  187M  135G   1% /net/t2srv0004/db
cvmfs2                 98G   93G  5.3G  95% /cvmfs/cvmfs.cmsaf.mit.edu
gcc (GCC) 4.4.7 20120313 (Red Hat 4.4.7-3)
Copyright (C) 2010 Free Software Foundation, Inc.
This is free software; see the source for copying conditions.  There is NO
warranty; not even for MERCHANTABILITY or FITNESS FOR A PARTICULAR PURPOSE.

Processing...
filename: /mnt/hadoop/cms/store/user/dgulhan/PYTHIA_HYDJET_Track9_Jet30_Pyquen_DiJet_TuneZ2_Unquenched_Hydjet1p8_2760GeV_merged/HiForest_PYTHIA_HYDJET_pthat30_Track9_Jet30_matchEqR_merged_forest_0.root
pthat = 30
Total number of events loaded in HiForest = 250567
0/250567
10000/250567
20000/250567
30000/250567
40000/250567
50000/250567
60000/250567
70000/250567
80000/250567
90000/250567
100000/250567
110000/250567
120000/250567
130000/250567
140000/250567
150000/250567
160000/250567
170000/250567
180000/250567
190000/250567
200000/250567
210000/250567
220000/250567
230000/250567
240000/250567
250000/250567
Macro finished: 
CPU time (min)  = 3.9645
Real time (min) = 6.22727
Done!
Copied output files to hadoop JetRAA/partonread
