000 (497049.000.000) 07/08 11:27:00 Job submitted from host: <18.12.1.74:48322>
...
001 (497049.000.000) 07/08 11:27:21 Job executing on host: <18.12.9.52:45037>
...
006 (497049.000.000) 07/08 11:27:29 Image size of job updated: 878800
	705  -  MemoryUsage of job (MB)
	721128  -  ResidentSetSize of job (KB)
...
006 (497049.000.000) 07/08 11:28:47 Image size of job updated: 924808
	705  -  MemoryUsage of job (MB)
	721128  -  ResidentSetSize of job (KB)
...
005 (497049.000.000) 07/08 11:28:47 Job terminated.
	(1) Normal termination (return value 0)
		Usr 0 00:00:51, Sys 0 00:00:04  -  Run Remote Usage
		Usr 0 00:00:00, Sys 0 00:00:00  -  Run Local Usage
		Usr 0 00:00:51, Sys 0 00:00:04  -  Total Remote Usage
		Usr 0 00:00:00, Sys 0 00:00:00  -  Total Local Usage
	20776872  -  Run Bytes Sent By Job
	18596508  -  Run Bytes Received By Job
	20776872  -  Total Bytes Sent By Job
	18596508  -  Total Bytes Received By Job
	Partitionable Resources :    Usage  Request          
	   Cpus                 :                 1          
	   Disk (KB)            :    38476    38476          
	   Memory (MB)          :      705      705          
...
000 (497058.000.000) 07/08 13:56:05 Job submitted from host: <18.12.1.74:48322>
...
001 (497058.000.000) 07/08 13:56:49 Job executing on host: <18.12.9.69:44380>
...
006 (497058.000.000) 07/08 13:56:58 Image size of job updated: 1
	3  -  MemoryUsage of job (MB)
	2364  -  ResidentSetSize of job (KB)
...
006 (497058.000.000) 07/08 13:58:21 Image size of job updated: 911408
	3  -  MemoryUsage of job (MB)
	2364  -  ResidentSetSize of job (KB)
...
005 (497058.000.000) 07/08 13:58:22 Job terminated.
	(1) Normal termination (return value 0)
		Usr 0 00:00:43, Sys 0 00:00:02  -  Run Remote Usage
		Usr 0 00:00:00, Sys 0 00:00:00  -  Run Local Usage
		Usr 0 00:00:43, Sys 0 00:00:02  -  Total Remote Usage
		Usr 0 00:00:00, Sys 0 00:00:00  -  Total Local Usage
	20782948  -  Run Bytes Sent By Job
	18596904  -  Run Bytes Received By Job
	20782948  -  Total Bytes Sent By Job
	18596904  -  Total Bytes Received By Job
	Partitionable Resources :    Usage  Request          
	   Cpus                 :                 1          
	   Disk (KB)            :    38482    38482          
	   Memory (MB)          :        3        3          
...
000 (498333.000.000) 07/10 13:31:50 Job submitted from host: <18.12.1.74:48322>
...
001 (498333.000.000) 07/10 13:33:52 Job executing on host: <18.12.9.38:41971>
...
006 (498333.000.000) 07/10 13:34:01 Image size of job updated: 1
	3  -  MemoryUsage of job (MB)
	2348  -  ResidentSetSize of job (KB)
...
006 (498333.000.000) 07/10 13:37:35 Image size of job updated: 879936
	3  -  MemoryUsage of job (MB)
	2348  -  ResidentSetSize of job (KB)
...
005 (498333.000.000) 07/10 13:37:35 Job terminated.
	(1) Normal termination (return value 0)
		Usr 0 00:00:49, Sys 0 00:00:03  -  Run Remote Usage
		Usr 0 00:00:00, Sys 0 00:00:00  -  Run Local Usage
		Usr 0 00:00:49, Sys 0 00:00:03  -  Total Remote Usage
		Usr 0 00:00:00, Sys 0 00:00:00  -  Total Local Usage
	20786852  -  Run Bytes Sent By Job
	18597866  -  Run Bytes Received By Job
	20786852  -  Total Bytes Sent By Job
	18597866  -  Total Bytes Received By Job
	Partitionable Resources :    Usage  Request          
	   Cpus                 :                 1          
	   Disk (KB)            :    38487    38487          
	   Memory (MB)          :        3        3          
...
000 (498460.000.000) 07/10 16:10:02 Job submitted from host: <18.12.1.74:48322>
...
001 (498460.000.000) 07/10 16:10:09 Job executing on host: <18.12.8.97:43650>
...
006 (498460.000.000) 07/10 16:10:17 Image size of job updated: 148360
	34  -  MemoryUsage of job (MB)
	33888  -  ResidentSetSize of job (KB)
...
006 (498460.000.000) 07/10 16:11:38 Image size of job updated: 879940
	34  -  MemoryUsage of job (MB)
	33888  -  ResidentSetSize of job (KB)
...
005 (498460.000.000) 07/10 16:11:38 Job terminated.
	(1) Normal termination (return value 0)
		Usr 0 00:00:40, Sys 0 00:00:03  -  Run Remote Usage
		Usr 0 00:00:00, Sys 0 00:00:00  -  Run Local Usage
		Usr 0 00:00:40, Sys 0 00:00:03  -  Total Remote Usage
		Usr 0 00:00:00, Sys 0 00:00:00  -  Total Local Usage
	20786364  -  Run Bytes Sent By Job
	18597858  -  Run Bytes Received By Job
	20786364  -  Total Bytes Sent By Job
	18597858  -  Total Bytes Received By Job
	Partitionable Resources :    Usage  Request          
	   Cpus                 :                 1          
	   Disk (KB)            :    38486    38486          
	   Memory (MB)          :       34       34          
...
