000 (497042.000.000) 07/08 11:26:59 Job submitted from host: <18.12.1.74:48322>
...
001 (497042.000.000) 07/08 11:27:10 Job executing on host: <18.12.9.34:47227>
...
006 (497042.000.000) 07/08 11:27:19 Image size of job updated: 18488
	2  -  MemoryUsage of job (MB)
	1792  -  ResidentSetSize of job (KB)
...
006 (497042.000.000) 07/08 11:32:20 Image size of job updated: 961188
	739  -  MemoryUsage of job (MB)
	756064  -  ResidentSetSize of job (KB)
...
006 (497042.000.000) 07/08 11:37:20 Image size of job updated: 961188
	742  -  MemoryUsage of job (MB)
	758888  -  ResidentSetSize of job (KB)
...
006 (497042.000.000) 07/08 11:52:21 Image size of job updated: 963444
	786  -  MemoryUsage of job (MB)
	804748  -  ResidentSetSize of job (KB)
...
006 (497042.000.000) 07/08 12:02:22 Image size of job updated: 963444
	786  -  MemoryUsage of job (MB)
	804764  -  ResidentSetSize of job (KB)
...
006 (497042.000.000) 07/08 12:05:58 Image size of job updated: 1016792
	786  -  MemoryUsage of job (MB)
	804764  -  ResidentSetSize of job (KB)
...
005 (497042.000.000) 07/08 12:05:58 Job terminated.
	(1) Normal termination (return value 0)
		Usr 0 00:07:39, Sys 0 00:00:15  -  Run Remote Usage
		Usr 0 00:00:00, Sys 0 00:00:00  -  Run Local Usage
		Usr 0 00:07:39, Sys 0 00:00:15  -  Total Remote Usage
		Usr 0 00:00:00, Sys 0 00:00:00  -  Total Local Usage
	20777468  -  Run Bytes Sent By Job
	18596508  -  Run Bytes Received By Job
	20777468  -  Total Bytes Sent By Job
	18596508  -  Total Bytes Received By Job
	Partitionable Resources :    Usage  Request          
	   Cpus                 :                 1          
	   Disk (KB)            :    38476    38476          
	   Memory (MB)          :      786      786          
...
000 (498326.000.000) 07/10 13:31:49 Job submitted from host: <18.12.1.74:48322>
...
001 (498326.000.000) 07/10 13:31:52 Job executing on host: <18.12.6.84:44307>
...
006 (498326.000.000) 07/10 13:32:01 Image size of job updated: 148360
	34  -  MemoryUsage of job (MB)
	33904  -  ResidentSetSize of job (KB)
...
006 (498326.000.000) 07/10 13:37:02 Image size of job updated: 962296
	753  -  MemoryUsage of job (MB)
	770260  -  ResidentSetSize of job (KB)
...
006 (498326.000.000) 07/10 13:42:02 Image size of job updated: 964552
	798  -  MemoryUsage of job (MB)
	816148  -  ResidentSetSize of job (KB)
...
005 (498326.000.000) 07/10 13:42:36 Job terminated.
	(1) Normal termination (return value 0)
		Usr 0 00:06:39, Sys 0 00:00:13  -  Run Remote Usage
		Usr 0 00:00:00, Sys 0 00:00:00  -  Run Local Usage
		Usr 0 00:06:39, Sys 0 00:00:13  -  Total Remote Usage
		Usr 0 00:00:00, Sys 0 00:00:00  -  Total Local Usage
	20787020  -  Run Bytes Sent By Job
	18597866  -  Run Bytes Received By Job
	20787020  -  Total Bytes Sent By Job
	18597866  -  Total Bytes Received By Job
	Partitionable Resources :    Usage  Request          
	   Cpus                 :                 1          
	   Disk (KB)            :    38487    38487          
	   Memory (MB)          :      798      798          
...
