000 (556439.000.000) 08/12 14:10:57 Job submitted from host: <18.12.1.74:48322>
...
001 (556439.000.000) 08/12 14:45:52 Job executing on host: <18.12.9.43:40073>
...
006 (556439.000.000) 08/12 14:46:00 Image size of job updated: 2
	3  -  MemoryUsage of job (MB)
	2356  -  ResidentSetSize of job (KB)
...
006 (556439.000.000) 08/12 14:51:00 Image size of job updated: 231024
	96  -  MemoryUsage of job (MB)
	97916  -  ResidentSetSize of job (KB)
...
006 (556439.000.000) 08/12 14:56:00 Image size of job updated: 231024
	99  -  MemoryUsage of job (MB)
	101252  -  ResidentSetSize of job (KB)
...
006 (556439.000.000) 08/12 15:01:01 Image size of job updated: 231024
	101  -  MemoryUsage of job (MB)
	103000  -  ResidentSetSize of job (KB)
...
005 (556439.000.000) 08/12 15:07:16 Job terminated.
	(1) Normal termination (return value 0)
		Usr 0 00:02:00, Sys 0 00:00:05  -  Run Remote Usage
		Usr 0 00:00:00, Sys 0 00:00:00  -  Run Local Usage
		Usr 0 00:02:00, Sys 0 00:00:05  -  Total Remote Usage
		Usr 0 00:00:00, Sys 0 00:00:00  -  Total Local Usage
	586599  -  Run Bytes Sent By Job
	62715  -  Run Bytes Received By Job
	586599  -  Total Bytes Sent By Job
	62715  -  Total Bytes Received By Job
	Partitionable Resources :    Usage  Request          
	   Cpus                 :                 1          
	   Disk (KB)            :      659      659          
	   Memory (MB)          :      101      101          
...
000 (557699.000.000) 08/13 11:57:33 Job submitted from host: <18.12.1.74:48322>
...
001 (557699.000.000) 08/13 12:39:01 Job executing on host: <18.12.9.47:41168>
...
006 (557699.000.000) 08/13 12:39:10 Image size of job updated: 193764
	78  -  MemoryUsage of job (MB)
	79624  -  ResidentSetSize of job (KB)
...
006 (557699.000.000) 08/13 12:42:15 Image size of job updated: 230544
	78  -  MemoryUsage of job (MB)
	79624  -  ResidentSetSize of job (KB)
...
005 (557699.000.000) 08/13 12:42:15 Job terminated.
	(1) Normal termination (return value 0)
		Usr 0 00:01:42, Sys 0 00:00:02  -  Run Remote Usage
		Usr 0 00:00:00, Sys 0 00:00:00  -  Run Local Usage
		Usr 0 00:01:42, Sys 0 00:00:02  -  Total Remote Usage
		Usr 0 00:00:00, Sys 0 00:00:00  -  Total Local Usage
	586317  -  Run Bytes Sent By Job
	62715  -  Run Bytes Received By Job
	586317  -  Total Bytes Sent By Job
	62715  -  Total Bytes Received By Job
	Partitionable Resources :    Usage  Request          
	   Cpus                 :                 1          
	   Disk (KB)            :      659      659          
	   Memory (MB)          :       78       78          
...
000 (558215.000.000) 08/13 14:31:15 Job submitted from host: <18.12.1.74:48322>
...
001 (558215.000.000) 08/13 15:06:44 Job executing on host: <18.12.9.51:45549>
...
006 (558215.000.000) 08/13 15:06:52 Image size of job updated: 193040
	78  -  MemoryUsage of job (MB)
	78860  -  ResidentSetSize of job (KB)
...
006 (558215.000.000) 08/13 15:09:49 Image size of job updated: 230548
	78  -  MemoryUsage of job (MB)
	78860  -  ResidentSetSize of job (KB)
...
005 (558215.000.000) 08/13 15:09:49 Job terminated.
	(1) Normal termination (return value 0)
		Usr 0 00:01:47, Sys 0 00:00:02  -  Run Remote Usage
		Usr 0 00:00:00, Sys 0 00:00:00  -  Run Local Usage
		Usr 0 00:01:47, Sys 0 00:00:02  -  Total Remote Usage
		Usr 0 00:00:00, Sys 0 00:00:00  -  Total Local Usage
	586319  -  Run Bytes Sent By Job
	62714  -  Run Bytes Received By Job
	586319  -  Total Bytes Sent By Job
	62714  -  Total Bytes Received By Job
	Partitionable Resources :    Usage  Request          
	   Cpus                 :                 1          
	   Disk (KB)            :      659      659          
	   Memory (MB)          :       78       78          
...
000 (565552.000.000) 08/20 12:56:58 Job submitted from host: <18.12.1.74:48322>
...
001 (565552.000.000) 08/20 12:58:07 Job executing on host: <18.12.9.34:48906>
...
006 (565552.000.000) 08/20 12:58:16 Image size of job updated: 193764
	78  -  MemoryUsage of job (MB)
	79564  -  ResidentSetSize of job (KB)
...
006 (565552.000.000) 08/20 13:03:15 Image size of job updated: 230544
	78  -  MemoryUsage of job (MB)
	79564  -  ResidentSetSize of job (KB)
...
005 (565552.000.000) 08/20 13:10:07 Job terminated.
	(1) Normal termination (return value 0)
		Usr 0 00:01:48, Sys 0 00:00:02  -  Run Remote Usage
		Usr 0 00:00:00, Sys 0 00:00:00  -  Run Local Usage
		Usr 0 00:01:48, Sys 0 00:00:02  -  Total Remote Usage
		Usr 0 00:00:00, Sys 0 00:00:00  -  Total Local Usage
	586508  -  Run Bytes Sent By Job
	62731  -  Run Bytes Received By Job
	586508  -  Total Bytes Sent By Job
	62731  -  Total Bytes Received By Job
	Partitionable Resources :    Usage  Request          
	   Cpus                 :                 1          
	   Disk (KB)            :      659      659          
	   Memory (MB)          :       78       78          
...
000 (783045.000.000) 10/02 11:07:06 Job submitted from host: <18.12.1.74:41314>
...
001 (783045.000.000) 10/02 11:14:03 Job executing on host: <18.12.8.221:45767>
...
006 (783045.000.000) 10/02 11:14:03 Image size of job updated: 93588
	0  -  MemoryUsage of job (MB)
	0  -  ResidentSetSize of job (KB)
...
005 (783045.000.000) 10/02 11:19:20 Job terminated.
	(1) Normal termination (return value 0)
		Usr 0 00:00:00, Sys 0 00:00:00  -  Run Remote Usage
		Usr 0 00:00:00, Sys 0 00:00:00  -  Run Local Usage
		Usr 0 00:00:00, Sys 0 00:00:00  -  Total Remote Usage
		Usr 0 00:00:00, Sys 0 00:00:00  -  Total Local Usage
	585566  -  Run Bytes Sent By Job
	62733  -  Run Bytes Received By Job
	585566  -  Total Bytes Sent By Job
	62733  -  Total Bytes Received By Job
	Partitionable Resources :    Usage  Request          
	   Cpus                 :                 1          
	   Disk (KB)            :      658      658          
	   Memory (MB)          :        0        0          
...
000 (783226.000.000) 10/02 16:13:29 Job submitted from host: <18.12.1.74:45913>
...
001 (783226.000.000) 10/02 16:14:26 Job executing on host: <18.12.9.18:40292>
...
006 (783226.000.000) 10/02 16:14:28 Image size of job updated: 2
	0  -  MemoryUsage of job (MB)
	0  -  ResidentSetSize of job (KB)
...
005 (783226.000.000) 10/02 16:14:28 Job terminated.
	(1) Normal termination (return value 0)
		Usr 0 00:00:00, Sys 0 00:00:00  -  Run Remote Usage
		Usr 0 00:00:00, Sys 0 00:00:00  -  Run Local Usage
		Usr 0 00:00:00, Sys 0 00:00:00  -  Total Remote Usage
		Usr 0 00:00:00, Sys 0 00:00:00  -  Total Local Usage
	585339  -  Run Bytes Sent By Job
	62733  -  Run Bytes Received By Job
	585339  -  Total Bytes Sent By Job
	62733  -  Total Bytes Received By Job
	Partitionable Resources :    Usage  Request          
	   Cpus                 :                 1          
	   Disk (KB)            :      658      658          
	   Memory (MB)          :        0        0          
...
000 (783407.000.000) 10/02 16:48:53 Job submitted from host: <18.12.1.74:45913>
...
001 (783407.000.000) 10/02 16:48:56 Job executing on host: <18.12.9.62:46132>
...
006 (783407.000.000) 10/02 16:48:57 Image size of job updated: 93600
	0  -  MemoryUsage of job (MB)
	0  -  ResidentSetSize of job (KB)
...
005 (783407.000.000) 10/02 16:48:57 Job terminated.
	(1) Normal termination (return value 0)
		Usr 0 00:00:00, Sys 0 00:00:00  -  Run Remote Usage
		Usr 0 00:00:00, Sys 0 00:00:00  -  Run Local Usage
		Usr 0 00:00:00, Sys 0 00:00:00  -  Total Remote Usage
		Usr 0 00:00:00, Sys 0 00:00:00  -  Total Local Usage
	585974  -  Run Bytes Sent By Job
	62733  -  Run Bytes Received By Job
	585974  -  Total Bytes Sent By Job
	62733  -  Total Bytes Received By Job
	Partitionable Resources :    Usage  Request          
	   Cpus                 :                 1          
	   Disk (KB)            :      659      659          
	   Memory (MB)          :        0        0          
...
000 (783590.000.000) 10/05 09:25:51 Job submitted from host: <18.12.1.74:45913>
...
001 (783590.000.000) 10/05 09:26:12 Job executing on host: <18.12.12.9:43139>
...
006 (783590.000.000) 10/05 09:26:13 Image size of job updated: 2
	0  -  MemoryUsage of job (MB)
	0  -  ResidentSetSize of job (KB)
...
005 (783590.000.000) 10/05 09:26:15 Job terminated.
	(1) Normal termination (return value 0)
		Usr 0 00:00:00, Sys 0 00:00:00  -  Run Remote Usage
		Usr 0 00:00:00, Sys 0 00:00:00  -  Run Local Usage
		Usr 0 00:00:00, Sys 0 00:00:00  -  Total Remote Usage
		Usr 0 00:00:00, Sys 0 00:00:00  -  Total Local Usage
	585554  -  Run Bytes Sent By Job
	62732  -  Run Bytes Received By Job
	585554  -  Total Bytes Sent By Job
	62732  -  Total Bytes Received By Job
	Partitionable Resources :    Usage  Request          
	   Cpus                 :                 1          
	   Disk (KB)            :      658      658          
	   Memory (MB)          :        0        0          
...
000 (783771.000.000) 10/05 10:00:27 Job submitted from host: <18.12.1.74:45913>
...
001 (783771.000.000) 10/05 10:01:07 Job executing on host: <18.12.8.207:46716>
...
006 (783771.000.000) 10/05 10:01:21 Image size of job updated: 97912
	3  -  MemoryUsage of job (MB)
	2456  -  ResidentSetSize of job (KB)
...
005 (783771.000.000) 10/05 10:01:37 Job terminated.
	(1) Normal termination (return value 0)
		Usr 0 00:00:00, Sys 0 00:00:00  -  Run Remote Usage
		Usr 0 00:00:00, Sys 0 00:00:00  -  Run Local Usage
		Usr 0 00:00:00, Sys 0 00:00:00  -  Total Remote Usage
		Usr 0 00:00:00, Sys 0 00:00:00  -  Total Local Usage
	585481  -  Run Bytes Sent By Job
	62731  -  Run Bytes Received By Job
	585481  -  Total Bytes Sent By Job
	62731  -  Total Bytes Received By Job
	Partitionable Resources :    Usage  Request          
	   Cpus                 :                 1          
	   Disk (KB)            :      658      658          
	   Memory (MB)          :        3        3          
...
000 (783953.000.000) 10/05 12:25:30 Job submitted from host: <18.12.1.74:45913>
...
001 (783953.000.000) 10/05 12:25:32 Job executing on host: <18.12.9.50:45037>
...
006 (783953.000.000) 10/05 12:25:32 Image size of job updated: 2
	0  -  MemoryUsage of job (MB)
	0  -  ResidentSetSize of job (KB)
...
005 (783953.000.000) 10/05 12:25:32 Job terminated.
	(1) Normal termination (return value 0)
		Usr 0 00:00:00, Sys 0 00:00:00  -  Run Remote Usage
		Usr 0 00:00:00, Sys 0 00:00:00  -  Run Local Usage
		Usr 0 00:00:00, Sys 0 00:00:00  -  Total Remote Usage
		Usr 0 00:00:00, Sys 0 00:00:00  -  Total Local Usage
	585808  -  Run Bytes Sent By Job
	62732  -  Run Bytes Received By Job
	585808  -  Total Bytes Sent By Job
	62732  -  Total Bytes Received By Job
	Partitionable Resources :    Usage  Request          
	   Cpus                 :                 1          
	   Disk (KB)            :      659      659          
	   Memory (MB)          :        0        0          
...
000 (784134.000.000) 10/05 12:28:51 Job submitted from host: <18.12.1.74:45913>
...
001 (784134.000.000) 10/05 12:29:21 Job executing on host: <18.12.9.60:42847>
...
006 (784134.000.000) 10/05 12:29:29 Image size of job updated: 230544
	97  -  MemoryUsage of job (MB)
	98308  -  ResidentSetSize of job (KB)
...
005 (784134.000.000) 10/05 12:31:25 Job terminated.
	(1) Normal termination (return value 0)
		Usr 0 00:01:20, Sys 0 00:00:01  -  Run Remote Usage
		Usr 0 00:00:00, Sys 0 00:00:00  -  Run Local Usage
		Usr 0 00:01:20, Sys 0 00:00:01  -  Total Remote Usage
		Usr 0 00:00:00, Sys 0 00:00:00  -  Total Local Usage
	587022  -  Run Bytes Sent By Job
	62733  -  Run Bytes Received By Job
	587022  -  Total Bytes Sent By Job
	62733  -  Total Bytes Received By Job
	Partitionable Resources :    Usage  Request          
	   Cpus                 :                 1          
	   Disk (KB)            :      660      660          
	   Memory (MB)          :       97       97          
...
000 (786203.000.000) 10/05 14:34:47 Job submitted from host: <18.12.1.74:45913>
...
001 (786203.000.000) 10/05 14:35:50 Job executing on host: <18.12.9.43:44818>
...
006 (786203.000.000) 10/05 14:35:59 Image size of job updated: 67532
	14  -  MemoryUsage of job (MB)
	14084  -  ResidentSetSize of job (KB)
...
006 (786203.000.000) 10/05 14:41:00 Image size of job updated: 231016
	102  -  MemoryUsage of job (MB)
	104292  -  ResidentSetSize of job (KB)
...
006 (786203.000.000) 10/05 14:46:01 Image size of job updated: 231016
	106  -  MemoryUsage of job (MB)
	107576  -  ResidentSetSize of job (KB)
...
005 (786203.000.000) 10/05 14:48:36 Job terminated.
	(1) Normal termination (return value 0)
		Usr 0 00:01:45, Sys 0 00:00:02  -  Run Remote Usage
		Usr 0 00:00:00, Sys 0 00:00:00  -  Run Local Usage
		Usr 0 00:01:45, Sys 0 00:00:02  -  Total Remote Usage
		Usr 0 00:00:00, Sys 0 00:00:00  -  Total Local Usage
	586729  -  Run Bytes Sent By Job
	62729  -  Run Bytes Received By Job
	586729  -  Total Bytes Sent By Job
	62729  -  Total Bytes Received By Job
	Partitionable Resources :    Usage  Request          
	   Cpus                 :                 1          
	   Disk (KB)            :      659      659          
	   Memory (MB)          :      106      106          
...
000 (788042.000.000) 10/08 16:10:22 Job submitted from host: <18.12.1.74:45913>
...
001 (788042.000.000) 10/08 16:23:18 Job executing on host: <18.12.12.10:46132>
...
006 (788042.000.000) 10/08 16:23:27 Image size of job updated: 2
	3  -  MemoryUsage of job (MB)
	2348  -  ResidentSetSize of job (KB)
...
006 (788042.000.000) 10/08 16:26:44 Image size of job updated: 230528
	3  -  MemoryUsage of job (MB)
	2348  -  ResidentSetSize of job (KB)
...
005 (788042.000.000) 10/08 16:26:45 Job terminated.
	(1) Normal termination (return value 0)
		Usr 0 00:02:04, Sys 0 00:00:03  -  Run Remote Usage
		Usr 0 00:00:00, Sys 0 00:00:00  -  Run Local Usage
		Usr 0 00:02:04, Sys 0 00:00:03  -  Total Remote Usage
		Usr 0 00:00:00, Sys 0 00:00:00  -  Total Local Usage
	585418  -  Run Bytes Sent By Job
	62697  -  Run Bytes Received By Job
	585418  -  Total Bytes Sent By Job
	62697  -  Total Bytes Received By Job
	Partitionable Resources :    Usage  Request          
	   Cpus                 :                 1          
	   Disk (KB)            :      658      658          
	   Memory (MB)          :        3        3          
...
000 (788405.000.000) 10/09 10:00:36 Job submitted from host: <18.12.1.74:45913>
...
001 (788405.000.000) 10/09 10:10:49 Job executing on host: <18.12.8.199:41314>
...
006 (788405.000.000) 10/09 10:10:58 Image size of job updated: 9248
	2  -  MemoryUsage of job (MB)
	1272  -  ResidentSetSize of job (KB)
...
006 (788405.000.000) 10/09 10:15:59 Image size of job updated: 230528
	111  -  MemoryUsage of job (MB)
	112880  -  ResidentSetSize of job (KB)
...
006 (788405.000.000) 10/09 10:19:56 Image size of job updated: 230660
	111  -  MemoryUsage of job (MB)
	112880  -  ResidentSetSize of job (KB)
...
005 (788405.000.000) 10/09 10:19:56 Job terminated.
	(1) Normal termination (return value 0)
		Usr 0 00:02:03, Sys 0 00:00:01  -  Run Remote Usage
		Usr 0 00:00:00, Sys 0 00:00:00  -  Run Local Usage
		Usr 0 00:02:03, Sys 0 00:00:01  -  Total Remote Usage
		Usr 0 00:00:00, Sys 0 00:00:00  -  Total Local Usage
	585274  -  Run Bytes Sent By Job
	62694  -  Run Bytes Received By Job
	585274  -  Total Bytes Sent By Job
	62694  -  Total Bytes Received By Job
	Partitionable Resources :    Usage  Request          
	   Cpus                 :                 1          
	   Disk (KB)            :      658      658          
	   Memory (MB)          :      111      111          
...
000 (788952.000.000) 10/12 11:22:16 Job submitted from host: <18.12.1.74:45913>
...
001 (788952.000.000) 10/12 11:36:49 Job executing on host: <18.12.8.222:40584>
...
006 (788952.000.000) 10/12 11:36:58 Image size of job updated: 2
	3  -  MemoryUsage of job (MB)
	2352  -  ResidentSetSize of job (KB)
...
006 (788952.000.000) 10/12 11:41:59 Image size of job updated: 230528
	99  -  MemoryUsage of job (MB)
	100532  -  ResidentSetSize of job (KB)
...
006 (788952.000.000) 10/12 11:42:21 Image size of job updated: 230660
	99  -  MemoryUsage of job (MB)
	100532  -  ResidentSetSize of job (KB)
...
005 (788952.000.000) 10/12 11:42:21 Job terminated.
	(1) Normal termination (return value 0)
		Usr 0 00:02:04, Sys 0 00:00:02  -  Run Remote Usage
		Usr 0 00:00:00, Sys 0 00:00:00  -  Run Local Usage
		Usr 0 00:02:04, Sys 0 00:00:02  -  Total Remote Usage
		Usr 0 00:00:00, Sys 0 00:00:00  -  Total Local Usage
	585426  -  Run Bytes Sent By Job
	62702  -  Run Bytes Received By Job
	585426  -  Total Bytes Sent By Job
	62702  -  Total Bytes Received By Job
	Partitionable Resources :    Usage  Request          
	   Cpus                 :                 1          
	   Disk (KB)            :      658      658          
	   Memory (MB)          :       99       99          
...
