000 (554347.000.000) 08/11 09:09:23 Job submitted from host: <18.12.1.74:48322>
...
001 (554347.000.000) 08/11 09:09:55 Job executing on host: <18.12.9.10:46716>
...
006 (554347.000.000) 08/11 09:10:03 Image size of job updated: 2
	3  -  MemoryUsage of job (MB)
	2344  -  ResidentSetSize of job (KB)
...
006 (554347.000.000) 08/11 09:11:43 Image size of job updated: 230424
	3  -  MemoryUsage of job (MB)
	2344  -  ResidentSetSize of job (KB)
...
005 (554347.000.000) 08/11 09:11:43 Job terminated.
	(1) Normal termination (return value 0)
		Usr 0 00:01:06, Sys 0 00:00:00  -  Run Remote Usage
		Usr 0 00:00:00, Sys 0 00:00:00  -  Run Local Usage
		Usr 0 00:01:06, Sys 0 00:00:00  -  Total Remote Usage
		Usr 0 00:00:00, Sys 0 00:00:00  -  Total Local Usage
	586184  -  Run Bytes Sent By Job
	62717  -  Run Bytes Received By Job
	586184  -  Total Bytes Sent By Job
	62717  -  Total Bytes Received By Job
	Partitionable Resources :    Usage  Request          
	   Cpus                 :                 1          
	   Disk (KB)            :      659      659          
	   Memory (MB)          :        3        3          
...
000 (558062.000.000) 08/13 13:34:29 Job submitted from host: <18.12.1.74:48322>
...
001 (558062.000.000) 08/13 14:09:28 Job executing on host: <18.12.9.50:43066>
...
006 (558062.000.000) 08/13 14:09:37 Image size of job updated: 230424
	96  -  MemoryUsage of job (MB)
	97876  -  ResidentSetSize of job (KB)
...
005 (558062.000.000) 08/13 14:11:36 Job terminated.
	(1) Normal termination (return value 0)
		Usr 0 00:01:19, Sys 0 00:00:01  -  Run Remote Usage
		Usr 0 00:00:00, Sys 0 00:00:00  -  Run Local Usage
		Usr 0 00:01:19, Sys 0 00:00:01  -  Total Remote Usage
		Usr 0 00:00:00, Sys 0 00:00:00  -  Total Local Usage
	586235  -  Run Bytes Sent By Job
	62720  -  Run Bytes Received By Job
	586235  -  Total Bytes Sent By Job
	62720  -  Total Bytes Received By Job
	Partitionable Resources :    Usage  Request          
	   Cpus                 :                 1          
	   Disk (KB)            :      659      659          
	   Memory (MB)          :       96       96          
...
000 (566353.000.000) 08/20 20:29:45 Job submitted from host: <18.12.1.74:48322>
...
001 (566353.000.000) 08/20 20:30:09 Job executing on host: <18.12.9.42:46351>
...
006 (566353.000.000) 08/20 20:30:18 Image size of job updated: 188168
	75  -  MemoryUsage of job (MB)
	75816  -  ResidentSetSize of job (KB)
...
006 (566353.000.000) 08/20 20:35:18 Image size of job updated: 230424
	98  -  MemoryUsage of job (MB)
	99524  -  ResidentSetSize of job (KB)
...
006 (566353.000.000) 08/20 20:35:55 Image size of job updated: 238472
	98  -  MemoryUsage of job (MB)
	99524  -  ResidentSetSize of job (KB)
...
005 (566353.000.000) 08/20 20:42:12 Job terminated.
	(1) Normal termination (return value 0)
		Usr 0 00:01:27, Sys 0 00:00:02  -  Run Remote Usage
		Usr 0 00:00:00, Sys 0 00:00:00  -  Run Local Usage
		Usr 0 00:01:27, Sys 0 00:00:02  -  Total Remote Usage
		Usr 0 00:00:00, Sys 0 00:00:00  -  Total Local Usage
	586570  -  Run Bytes Sent By Job
	62732  -  Run Bytes Received By Job
	586570  -  Total Bytes Sent By Job
	62732  -  Total Bytes Received By Job
	Partitionable Resources :    Usage  Request          
	   Cpus                 :                 1          
	   Disk (KB)            :      659      659          
	   Memory (MB)          :       98       98          
...
000 (782901.000.000) 10/01 15:59:59 Job submitted from host: <18.12.1.74:47665>
...
001 (782901.000.000) 10/01 16:00:55 Job executing on host: <18.12.8.144:48614>
...
006 (782901.000.000) 10/01 16:01:05 Image size of job updated: 2
	3  -  MemoryUsage of job (MB)
	2348  -  ResidentSetSize of job (KB)
...
006 (782901.000.000) 10/01 16:05:46 Image size of job updated: 230428
	3  -  MemoryUsage of job (MB)
	2348  -  ResidentSetSize of job (KB)
...
005 (782901.000.000) 10/01 16:10:54 Job terminated.
	(1) Normal termination (return value 0)
		Usr 0 00:01:01, Sys 0 00:00:02  -  Run Remote Usage
		Usr 0 00:00:00, Sys 0 00:00:00  -  Run Local Usage
		Usr 0 00:01:01, Sys 0 00:00:02  -  Total Remote Usage
		Usr 0 00:00:00, Sys 0 00:00:00  -  Total Local Usage
	586090  -  Run Bytes Sent By Job
	62734  -  Run Bytes Received By Job
	586090  -  Total Bytes Sent By Job
	62734  -  Total Bytes Received By Job
	Partitionable Resources :    Usage  Request          
	   Cpus                 :                 1          
	   Disk (KB)            :      659      659          
	   Memory (MB)          :        3        3          
...
000 (786059.000.000) 10/05 14:19:19 Job submitted from host: <18.12.1.74:45913>
...
001 (786059.000.000) 10/05 14:20:17 Job executing on host: <18.12.8.46:44088>
...
006 (786059.000.000) 10/05 14:20:26 Image size of job updated: 193804
	78  -  MemoryUsage of job (MB)
	79556  -  ResidentSetSize of job (KB)
...
006 (786059.000.000) 10/05 14:25:25 Image size of job updated: 230424
	78  -  MemoryUsage of job (MB)
	79556  -  ResidentSetSize of job (KB)
...
005 (786059.000.000) 10/05 14:25:25 Job terminated.
	(1) Normal termination (return value 0)
		Usr 0 00:01:30, Sys 0 00:00:02  -  Run Remote Usage
		Usr 0 00:00:00, Sys 0 00:00:00  -  Run Local Usage
		Usr 0 00:01:30, Sys 0 00:00:02  -  Total Remote Usage
		Usr 0 00:00:00, Sys 0 00:00:00  -  Total Local Usage
	586215  -  Run Bytes Sent By Job
	62732  -  Run Bytes Received By Job
	586215  -  Total Bytes Sent By Job
	62732  -  Total Bytes Received By Job
	Partitionable Resources :    Usage  Request          
	   Cpus                 :                 1          
	   Disk (KB)            :      659      659          
	   Memory (MB)          :       78       78          
...
000 (786425.000.000) 10/07 09:51:30 Job submitted from host: <18.12.1.74:45913>
...
001 (786425.000.000) 10/07 09:54:59 Job executing on host: <18.12.12.11:44964>
...
006 (786425.000.000) 10/07 09:55:07 Image size of job updated: 230424
	88  -  MemoryUsage of job (MB)
	90112  -  ResidentSetSize of job (KB)
...
006 (786425.000.000) 10/07 09:57:30 Image size of job updated: 238472
	88  -  MemoryUsage of job (MB)
	90112  -  ResidentSetSize of job (KB)
...
005 (786425.000.000) 10/07 09:57:30 Job terminated.
	(1) Normal termination (return value 0)
		Usr 0 00:01:34, Sys 0 00:00:03  -  Run Remote Usage
		Usr 0 00:00:00, Sys 0 00:00:00  -  Run Local Usage
		Usr 0 00:01:34, Sys 0 00:00:03  -  Total Remote Usage
		Usr 0 00:00:00, Sys 0 00:00:00  -  Total Local Usage
	586246  -  Run Bytes Sent By Job
	62734  -  Run Bytes Received By Job
	586246  -  Total Bytes Sent By Job
	62734  -  Total Bytes Received By Job
	Partitionable Resources :    Usage  Request          
	   Cpus                 :                 1          
	   Disk (KB)            :      659      659          
	   Memory (MB)          :       88       88          
...
000 (786606.000.000) 10/07 11:13:02 Job submitted from host: <18.12.1.74:45913>
...
001 (786606.000.000) 10/07 11:23:08 Job executing on host: <18.12.9.39:40292>
...
006 (786606.000.000) 10/07 11:23:16 Image size of job updated: 91408
	19  -  MemoryUsage of job (MB)
	18744  -  ResidentSetSize of job (KB)
...
006 (786606.000.000) 10/07 11:28:16 Image size of job updated: 230412
	108  -  MemoryUsage of job (MB)
	110540  -  ResidentSetSize of job (KB)
...
005 (786606.000.000) 10/07 11:28:31 Job terminated.
	(1) Normal termination (return value 0)
		Usr 0 00:01:12, Sys 0 00:00:01  -  Run Remote Usage
		Usr 0 00:00:00, Sys 0 00:00:00  -  Run Local Usage
		Usr 0 00:01:12, Sys 0 00:00:01  -  Total Remote Usage
		Usr 0 00:00:00, Sys 0 00:00:00  -  Total Local Usage
	585681  -  Run Bytes Sent By Job
	62746  -  Run Bytes Received By Job
	585681  -  Total Bytes Sent By Job
	62746  -  Total Bytes Received By Job
	Partitionable Resources :    Usage  Request          
	   Cpus                 :                 1          
	   Disk (KB)            :      659      659          
	   Memory (MB)          :      108      108          
...
000 (787533.000.000) 10/08 12:42:47 Job submitted from host: <18.12.1.74:45913>
...
001 (787533.000.000) 10/08 12:48:22 Job executing on host: <18.12.9.21:46351>
...
006 (787533.000.000) 10/08 12:48:30 Image size of job updated: 2
	3  -  MemoryUsage of job (MB)
	2348  -  ResidentSetSize of job (KB)
...
006 (787533.000.000) 10/08 12:50:10 Image size of job updated: 230408
	3  -  MemoryUsage of job (MB)
	2348  -  ResidentSetSize of job (KB)
...
005 (787533.000.000) 10/08 12:50:10 Job terminated.
	(1) Normal termination (return value 0)
		Usr 0 00:01:16, Sys 0 00:00:00  -  Run Remote Usage
		Usr 0 00:00:00, Sys 0 00:00:00  -  Run Local Usage
		Usr 0 00:01:16, Sys 0 00:00:00  -  Total Remote Usage
		Usr 0 00:00:00, Sys 0 00:00:00  -  Total Local Usage
	585131  -  Run Bytes Sent By Job
	62749  -  Run Bytes Received By Job
	585131  -  Total Bytes Sent By Job
	62749  -  Total Bytes Received By Job
	Partitionable Resources :    Usage  Request          
	   Cpus                 :                 1          
	   Disk (KB)            :      658      658          
	   Memory (MB)          :        3        3          
...
000 (787715.000.000) 10/08 14:27:19 Job submitted from host: <18.12.1.74:45913>
...
001 (787715.000.000) 10/08 14:41:45 Job executing on host: <18.12.8.150:43577>
...
006 (787715.000.000) 10/08 14:41:54 Image size of job updated: 2
	3  -  MemoryUsage of job (MB)
	2340  -  ResidentSetSize of job (KB)
...
006 (787715.000.000) 10/08 14:44:12 Image size of job updated: 230408
	3  -  MemoryUsage of job (MB)
	2340  -  ResidentSetSize of job (KB)
...
005 (787715.000.000) 10/08 14:44:12 Job terminated.
	(1) Normal termination (return value 0)
		Usr 0 00:01:30, Sys 0 00:00:01  -  Run Remote Usage
		Usr 0 00:00:00, Sys 0 00:00:00  -  Run Local Usage
		Usr 0 00:01:30, Sys 0 00:00:01  -  Total Remote Usage
		Usr 0 00:00:00, Sys 0 00:00:00  -  Total Local Usage
	585335  -  Run Bytes Sent By Job
	62691  -  Run Bytes Received By Job
	585335  -  Total Bytes Sent By Job
	62691  -  Total Bytes Received By Job
	Partitionable Resources :    Usage  Request          
	   Cpus                 :                 1          
	   Disk (KB)            :      658      658          
	   Memory (MB)          :        3        3          
...
000 (787898.000.000) 10/08 15:16:39 Job submitted from host: <18.12.1.74:45913>
...
001 (787898.000.000) 10/08 15:26:10 Job executing on host: <18.12.9.62:46132>
...
006 (787898.000.000) 10/08 15:26:18 Image size of job updated: 230276
	95  -  MemoryUsage of job (MB)
	96708  -  ResidentSetSize of job (KB)
...
006 (787898.000.000) 10/08 15:28:05 Image size of job updated: 230408
	95  -  MemoryUsage of job (MB)
	96708  -  ResidentSetSize of job (KB)
...
005 (787898.000.000) 10/08 15:28:05 Job terminated.
	(1) Normal termination (return value 0)
		Usr 0 00:01:08, Sys 0 00:00:01  -  Run Remote Usage
		Usr 0 00:00:00, Sys 0 00:00:00  -  Run Local Usage
		Usr 0 00:01:08, Sys 0 00:00:01  -  Total Remote Usage
		Usr 0 00:00:00, Sys 0 00:00:00  -  Total Local Usage
	585390  -  Run Bytes Sent By Job
	62696  -  Run Bytes Received By Job
	585390  -  Total Bytes Sent By Job
	62696  -  Total Bytes Received By Job
	Partitionable Resources :    Usage  Request          
	   Cpus                 :                 1          
	   Disk (KB)            :      658      658          
	   Memory (MB)          :       95       95          
...
000 (788808.000.000) 10/12 10:42:46 Job submitted from host: <18.12.1.74:45913>
...
001 (788808.000.000) 10/12 10:54:38 Job executing on host: <18.12.12.14:46132>
...
006 (788808.000.000) 10/12 10:54:46 Image size of job updated: 230412
	96  -  MemoryUsage of job (MB)
	97612  -  ResidentSetSize of job (KB)
...
005 (788808.000.000) 10/12 10:58:51 Job terminated.
	(1) Normal termination (return value 0)
		Usr 0 00:01:31, Sys 0 00:00:01  -  Run Remote Usage
		Usr 0 00:00:00, Sys 0 00:00:00  -  Run Local Usage
		Usr 0 00:01:31, Sys 0 00:00:01  -  Total Remote Usage
		Usr 0 00:00:00, Sys 0 00:00:00  -  Total Local Usage
	585216  -  Run Bytes Sent By Job
	62704  -  Run Bytes Received By Job
	585216  -  Total Bytes Sent By Job
	62704  -  Total Bytes Received By Job
	Partitionable Resources :    Usage  Request          
	   Cpus                 :                 1          
	   Disk (KB)            :      658      658          
	   Memory (MB)          :       96       96          
...
