000 (556016.000.000) 08/12 11:33:36 Job submitted from host: <18.12.1.74:48322>
...
001 (556016.000.000) 08/12 11:41:35 Job executing on host: <18.12.9.80:43650>
...
006 (556016.000.000) 08/12 11:41:44 Image size of job updated: 191020
	74  -  MemoryUsage of job (MB)
	75680  -  ResidentSetSize of job (KB)
...
006 (556016.000.000) 08/12 11:44:35 Image size of job updated: 230056
	74  -  MemoryUsage of job (MB)
	75680  -  ResidentSetSize of job (KB)
...
005 (556016.000.000) 08/12 11:44:35 Job terminated.
	(1) Normal termination (return value 0)
		Usr 0 00:00:26, Sys 0 00:00:01  -  Run Remote Usage
		Usr 0 00:00:00, Sys 0 00:00:00  -  Run Local Usage
		Usr 0 00:00:26, Sys 0 00:00:01  -  Total Remote Usage
		Usr 0 00:00:00, Sys 0 00:00:00  -  Total Local Usage
	586108  -  Run Bytes Sent By Job
	62715  -  Run Bytes Received By Job
	586108  -  Total Bytes Sent By Job
	62715  -  Total Bytes Received By Job
	Partitionable Resources :    Usage  Request          
	   Cpus                 :                 1          
	   Disk (KB)            :      659      659          
	   Memory (MB)          :       74       74          
...
000 (566385.000.000) 08/20 21:00:32 Job submitted from host: <18.12.1.74:48322>
...
007 (566385.000.000) 08/20 21:00:36 Shadow exception!
	Error from slot19@t2bat0331.cmsaf.mit.edu: Failed to transfer files
	0  -  Run Bytes Sent By Job
	0  -  Run Bytes Received By Job
...
007 (566385.000.000) 08/20 21:00:40 Shadow exception!
	Error from slot7@t2bat0197.cmsaf.mit.edu: Failed to transfer files
	0  -  Run Bytes Sent By Job
	0  -  Run Bytes Received By Job
...
001 (566385.000.000) 08/20 21:01:13 Job executing on host: <18.12.9.30:44672>
...
006 (566385.000.000) 08/20 21:01:23 Image size of job updated: 188236
	72  -  MemoryUsage of job (MB)
	73444  -  ResidentSetSize of job (KB)
...
006 (566385.000.000) 08/20 21:03:14 Image size of job updated: 230060
	72  -  MemoryUsage of job (MB)
	73444  -  ResidentSetSize of job (KB)
...
005 (566385.000.000) 08/20 21:09:33 Job terminated.
	(1) Normal termination (return value 0)
		Usr 0 00:00:29, Sys 0 00:00:00  -  Run Remote Usage
		Usr 0 00:00:00, Sys 0 00:00:00  -  Run Local Usage
		Usr 0 00:00:29, Sys 0 00:00:00  -  Total Remote Usage
		Usr 0 00:00:00, Sys 0 00:00:00  -  Total Local Usage
	586298  -  Run Bytes Sent By Job
	62731  -  Run Bytes Received By Job
	586298  -  Total Bytes Sent By Job
	62731  -  Total Bytes Received By Job
	Partitionable Resources :    Usage  Request          
	   Cpus                 :                 1          
	   Disk (KB)            :      659      659          
	   Memory (MB)          :       72       72          
...
