
----------------------------------------------------
Job started on Thu Aug 20 20:20:06 EDT 2015 at WN: t2bat0340.cmsaf.mit.edu 
Job is running on Linux t2bat0340.cmsaf.mit.edu 2.6.32-358.el6.x86_64 #1 SMP Fri Feb 22 20:37:17 CST 2013 x86_64 x86_64 x86_64 GNU/Linux
Filesystem            Size  Used Avail Use% Mounted on
/dev/sda3              20G  4.0G   15G  21% /
tmpfs                  32G     0   32G   0% /dev/shm
/dev/sda1              97M   32M   61M  35% /boot
/dev/sda4             416G  108G  308G  26% /export/data1
/dev/sdb1             3.6T  3.3T  342G  91% /export/00b
/dev/sdc1             3.6T  3.3T  350G  91% /export/00c
/dev/sdd1             3.6T  3.3T  364G  91% /export/00d
/dev/sde1             3.6T  3.3T  341G  91% /export/00e
/dev/sdh1             3.6T  3.3T  384G  90% /export/00f
/dev/sdf1             3.6T  3.3T  370G  90% /export/00g
/dev/sdg1             3.6T  3.3T  355G  91% /export/00h
/dev/sdj1             3.6T  3.3T  340G  91% /export/00i
/dev/sdi1             3.6T  3.3T  371G  90% /export/00j
/dev/sdk1             3.6T  3.3T  373G  90% /export/00k
/dev/sdl1             3.6T  3.3T  376G  90% /export/00l
fuse_dfs              4.9P  4.6P  324T  94% /mnt/hadoop
t2srv0004:/export/db  135G  187M  135G   1% /net/t2srv0004/db
cvmfs2                 98G   76G   23G  78% /cvmfs/cms.cern.ch
cvmfs2                 98G   76G   23G  78% /cvmfs/cvmfs.cmsaf.mit.edu
cvmfs2                 98G   76G   23G  78% /cvmfs/oasis.opensciencegrid.org
cvmfs2                 98G   76G   23G  78% /cvmfs/cdfcfs.fnal.gov
gcc (GCC) 4.4.7 20120313 (Red Hat 4.4.7-3)
Copyright (C) 2010 Free Software Foundation, Inc.
This is free software; see the source for copying conditions.  There is NO
warranty; not even for MERCHANTABILITY or FITNESS FOR A PARTICULAR PURPOSE.

Processing...
0/55089
10000/55089
20000/55089
30000/55089
40000/55089
50000/55089
Macro finished: 
CPU time (min)  = 0.521667
Real time (min) = 0.76219
total 1.6M
-rw-r--r--  1 obaron obaron  94K Aug 20 13:21 jetRAA_PbPb_data_akPu2_select.txt
-rw-r--r--  1 obaron obaron  94K Aug 20 13:21 jetRAA_PbPb_data_akPu4_select.txt
-rw-r--r--  1 obaron obaron 108K Aug 20 13:22 jetRAA_PbPb_data_forest.txt
-rw-r--r--  1 obaron obaron  94K Aug 20 13:22 jetRAA_PbPb_data_akPu3_select.txt
-rw-r--r--  1 obaron obaron  70K Aug 20 20:03 RAA_read_data_pbpb.C
-rw-r--r--  1 obaron obaron  11K Aug 20 20:04 RAA_read_data_pbpb_C.d
-rwxr-xr-x  1 obaron obaron 101K Aug 20 20:05 RAA_read_data_pbpb_C.so
-rw-rw-r--  1 obaron obaron  61K Aug 20 20:20 jetRAA_run_PbPb_Data.tar
-rwxr-xr-x  1 obaron obaron 1.2K Aug 20 20:20 condor_exec.exe
drwxr-xr-x 34 condor root   4.0K Aug 20 20:20 ..
-rw-r--r--  1 condor condor  20K Aug 20 20:20 .job.ad
-rw-r--r--  1 condor condor 5.5K Aug 20 20:20 .machine.ad
-rwx------  1 obaron obaron   49 Aug 20 20:20 .chirp.config
drwx------  2 obaron obaron 4.0K Aug 20 20:20 .
-rw-r--r--  1 obaron obaron  678 Aug 20 20:20 _condor_stderr
-rw-r--r--  1 obaron obaron 1.9K Aug 20 20:20 _condor_stdout
-rw-r--r--  1 obaron obaron 888K Aug 20 20:20 PbPb_Data_histograms_FromForest_pileupCutFIX_ZDCmCut_akPu3_20_eta_20_75.root
Done!
Copied output files to hadoop rootfiles/JetRAA/June29
