000 (554203.000.000) 08/11 09:09:02 Job submitted from host: <18.12.1.74:48322>
...
001 (554203.000.000) 08/11 09:09:14 Job executing on host: <18.12.8.212:45621>
...
006 (554203.000.000) 08/11 09:09:22 Image size of job updated: 2
	3  -  MemoryUsage of job (MB)
	2352  -  ResidentSetSize of job (KB)
...
006 (554203.000.000) 08/11 09:10:05 Image size of job updated: 230096
	3  -  MemoryUsage of job (MB)
	2352  -  ResidentSetSize of job (KB)
...
005 (554203.000.000) 08/11 09:10:05 Job terminated.
	(1) Normal termination (return value 0)
		Usr 0 00:00:21, Sys 0 00:00:00  -  Run Remote Usage
		Usr 0 00:00:00, Sys 0 00:00:00  -  Run Local Usage
		Usr 0 00:00:21, Sys 0 00:00:00  -  Total Remote Usage
		Usr 0 00:00:00, Sys 0 00:00:00  -  Total Local Usage
	585838  -  Run Bytes Sent By Job
	62717  -  Run Bytes Received By Job
	585838  -  Total Bytes Sent By Job
	62717  -  Total Bytes Received By Job
	Partitionable Resources :    Usage  Request          
	   Cpus                 :                 1          
	   Disk (KB)            :      658      658          
	   Memory (MB)          :        3        3          
...
000 (557918.000.000) 08/13 13:34:15 Job submitted from host: <18.12.1.74:48322>
...
001 (557918.000.000) 08/13 13:43:57 Job executing on host: <18.12.9.41:47519>
...
006 (557918.000.000) 08/13 13:44:06 Image size of job updated: 69172
	13  -  MemoryUsage of job (MB)
	13312  -  ResidentSetSize of job (KB)
...
006 (557918.000.000) 08/13 13:46:47 Image size of job updated: 238200
	13  -  MemoryUsage of job (MB)
	13312  -  ResidentSetSize of job (KB)
...
005 (557918.000.000) 08/13 13:46:47 Job terminated.
	(1) Normal termination (return value 0)
		Usr 0 00:00:32, Sys 0 00:00:01  -  Run Remote Usage
		Usr 0 00:00:00, Sys 0 00:00:00  -  Run Local Usage
		Usr 0 00:00:32, Sys 0 00:00:01  -  Total Remote Usage
		Usr 0 00:00:00, Sys 0 00:00:00  -  Total Local Usage
	586388  -  Run Bytes Sent By Job
	62720  -  Run Bytes Received By Job
	586388  -  Total Bytes Sent By Job
	62720  -  Total Bytes Received By Job
	Partitionable Resources :    Usage  Request          
	   Cpus                 :                 1          
	   Disk (KB)            :      659      659          
	   Memory (MB)          :       13       13          
...
000 (566209.000.000) 08/20 20:20:06 Job submitted from host: <18.12.1.74:48322>
...
001 (566209.000.000) 08/20 20:21:00 Job executing on host: <18.12.9.28:40000>
...
006 (566209.000.000) 08/20 20:21:11 Image size of job updated: 71812
	20  -  MemoryUsage of job (MB)
	19844  -  ResidentSetSize of job (KB)
...
006 (566209.000.000) 08/20 20:23:07 Image size of job updated: 230096
	20  -  MemoryUsage of job (MB)
	19844  -  ResidentSetSize of job (KB)
...
005 (566209.000.000) 08/20 20:29:38 Job terminated.
	(1) Normal termination (return value 0)
		Usr 0 00:00:29, Sys 0 00:00:01  -  Run Remote Usage
		Usr 0 00:00:00, Sys 0 00:00:00  -  Run Local Usage
		Usr 0 00:00:29, Sys 0 00:00:01  -  Total Remote Usage
		Usr 0 00:00:00, Sys 0 00:00:00  -  Total Local Usage
	586441  -  Run Bytes Sent By Job
	62732  -  Run Bytes Received By Job
	586441  -  Total Bytes Sent By Job
	62732  -  Total Bytes Received By Job
	Partitionable Resources :    Usage  Request          
	   Cpus                 :                 1          
	   Disk (KB)            :      659      659          
	   Memory (MB)          :       20       20          
...
000 (782757.000.000) 10/01 15:55:34 Job submitted from host: <18.12.1.74:47665>
...
007 (782757.000.000) 10/01 15:55:47 Shadow exception!
	Error from slot12@t2bat0237.cmsaf.mit.edu: Failed to transfer files
	0  -  Run Bytes Sent By Job
	0  -  Run Bytes Received By Job
...
007 (782757.000.000) 10/01 15:55:50 Shadow exception!
	Error from slot13@t2bat0203.cmsaf.mit.edu: Failed to transfer files
	0  -  Run Bytes Sent By Job
	0  -  Run Bytes Received By Job
...
001 (782757.000.000) 10/01 16:00:17 Job executing on host: <18.12.9.1:43212>
...
006 (782757.000.000) 10/01 16:00:26 Image size of job updated: 2
	3  -  MemoryUsage of job (MB)
	2348  -  ResidentSetSize of job (KB)
...
006 (782757.000.000) 10/01 16:05:27 Image size of job updated: 224964
	77  -  MemoryUsage of job (MB)
	78392  -  ResidentSetSize of job (KB)
...
006 (782757.000.000) 10/01 16:07:32 Image size of job updated: 230096
	77  -  MemoryUsage of job (MB)
	78392  -  ResidentSetSize of job (KB)
...
005 (782757.000.000) 10/01 16:15:16 Job terminated.
	(1) Normal termination (return value 0)
		Usr 0 00:00:20, Sys 0 00:00:00  -  Run Remote Usage
		Usr 0 00:00:00, Sys 0 00:00:00  -  Run Local Usage
		Usr 0 00:00:20, Sys 0 00:00:00  -  Total Remote Usage
		Usr 0 00:00:00, Sys 0 00:00:00  -  Total Local Usage
	585963  -  Run Bytes Sent By Job
	62734  -  Run Bytes Received By Job
	585963  -  Total Bytes Sent By Job
	62734  -  Total Bytes Received By Job
	Partitionable Resources :    Usage  Request          
	   Cpus                 :                 1          
	   Disk (KB)            :      659      659          
	   Memory (MB)          :       77       77          
...
022 (782757.000.000) 10/01 16:30:14 Job disconnected, attempting to reconnect
    Local schedd and job shadow died, schedd now running again
    Trying to reconnect to slot17@t2bat0257.cmsaf.mit.edu <18.12.9.1:43212>
...
005 (782757.000.000) 10/01 16:31:01 Job terminated.
	(1) Normal termination (return value 0)
		Usr 0 00:00:20, Sys 0 00:00:00  -  Run Remote Usage
		Usr 0 00:00:00, Sys 0 00:00:00  -  Run Local Usage
		Usr 0 00:00:20, Sys 0 00:00:00  -  Total Remote Usage
		Usr 0 00:00:00, Sys 0 00:00:00  -  Total Local Usage
	62734  -  Run Bytes Sent By Job
	585963  -  Run Bytes Received By Job
	62734  -  Total Bytes Sent By Job
	585963  -  Total Bytes Received By Job
...
000 (785915.000.000) 10/05 14:19:00 Job submitted from host: <18.12.1.74:45913>
...
001 (785915.000.000) 10/05 14:19:22 Job executing on host: <18.12.8.191:46716>
...
006 (785915.000.000) 10/05 14:19:30 Image size of job updated: 230100
	97  -  MemoryUsage of job (MB)
	98756  -  ResidentSetSize of job (KB)
...
005 (785915.000.000) 10/05 14:20:05 Job terminated.
	(1) Normal termination (return value 0)
		Usr 0 00:00:27, Sys 0 00:00:00  -  Run Remote Usage
		Usr 0 00:00:00, Sys 0 00:00:00  -  Run Local Usage
		Usr 0 00:00:27, Sys 0 00:00:00  -  Total Remote Usage
		Usr 0 00:00:00, Sys 0 00:00:00  -  Total Local Usage
	586183  -  Run Bytes Sent By Job
	62732  -  Run Bytes Received By Job
	586183  -  Total Bytes Sent By Job
	62732  -  Total Bytes Received By Job
	Partitionable Resources :    Usage  Request          
	   Cpus                 :                 1          
	   Disk (KB)            :      659      659          
	   Memory (MB)          :       97       97          
...
000 (786281.000.000) 10/07 09:51:15 Job submitted from host: <18.12.1.74:45913>
...
001 (786281.000.000) 10/07 09:55:51 Job executing on host: <18.12.8.190:41095>
...
006 (786281.000.000) 10/07 09:56:00 Image size of job updated: 229964
	93  -  MemoryUsage of job (MB)
	94864  -  ResidentSetSize of job (KB)
...
006 (786281.000.000) 10/07 09:56:47 Image size of job updated: 230096
	93  -  MemoryUsage of job (MB)
	94864  -  ResidentSetSize of job (KB)
...
005 (786281.000.000) 10/07 09:56:47 Job terminated.
	(1) Normal termination (return value 0)
		Usr 0 00:00:32, Sys 0 00:00:00  -  Run Remote Usage
		Usr 0 00:00:00, Sys 0 00:00:00  -  Run Local Usage
		Usr 0 00:00:32, Sys 0 00:00:00  -  Total Remote Usage
		Usr 0 00:00:00, Sys 0 00:00:00  -  Total Local Usage
	586264  -  Run Bytes Sent By Job
	62734  -  Run Bytes Received By Job
	586264  -  Total Bytes Sent By Job
	62734  -  Total Bytes Received By Job
	Partitionable Resources :    Usage  Request          
	   Cpus                 :                 1          
	   Disk (KB)            :      659      659          
	   Memory (MB)          :       93       93          
...
000 (786462.000.000) 10/07 11:12:46 Job submitted from host: <18.12.1.74:45913>
...
001 (786462.000.000) 10/07 11:13:33 Job executing on host: <18.12.9.60:42847>
...
006 (786462.000.000) 10/07 11:13:44 Image size of job updated: 230084
	97  -  MemoryUsage of job (MB)
	98476  -  ResidentSetSize of job (KB)
...
006 (786462.000.000) 10/07 11:14:29 Image size of job updated: 238184
	97  -  MemoryUsage of job (MB)
	98476  -  ResidentSetSize of job (KB)
...
005 (786462.000.000) 10/07 11:14:29 Job terminated.
	(1) Normal termination (return value 0)
		Usr 0 00:00:27, Sys 0 00:00:00  -  Run Remote Usage
		Usr 0 00:00:00, Sys 0 00:00:00  -  Run Local Usage
		Usr 0 00:00:27, Sys 0 00:00:00  -  Total Remote Usage
		Usr 0 00:00:00, Sys 0 00:00:00  -  Total Local Usage
	585312  -  Run Bytes Sent By Job
	62746  -  Run Bytes Received By Job
	585312  -  Total Bytes Sent By Job
	62746  -  Total Bytes Received By Job
	Partitionable Resources :    Usage  Request          
	   Cpus                 :                 1          
	   Disk (KB)            :      658      658          
	   Memory (MB)          :       97       97          
...
000 (787389.000.000) 10/08 12:42:33 Job submitted from host: <18.12.1.74:45913>
...
001 (787389.000.000) 10/08 12:46:01 Job executing on host: <18.12.8.253:47957>
...
006 (787389.000.000) 10/08 12:46:10 Image size of job updated: 2
	3  -  MemoryUsage of job (MB)
	2348  -  ResidentSetSize of job (KB)
...
006 (787389.000.000) 10/08 12:46:45 Image size of job updated: 230084
	3  -  MemoryUsage of job (MB)
	2348  -  ResidentSetSize of job (KB)
...
005 (787389.000.000) 10/08 12:46:45 Job terminated.
	(1) Normal termination (return value 0)
		Usr 0 00:00:29, Sys 0 00:00:00  -  Run Remote Usage
		Usr 0 00:00:00, Sys 0 00:00:00  -  Run Local Usage
		Usr 0 00:00:29, Sys 0 00:00:00  -  Total Remote Usage
		Usr 0 00:00:00, Sys 0 00:00:00  -  Total Local Usage
	585056  -  Run Bytes Sent By Job
	62749  -  Run Bytes Received By Job
	585056  -  Total Bytes Sent By Job
	62749  -  Total Bytes Received By Job
	Partitionable Resources :    Usage  Request          
	   Cpus                 :                 1          
	   Disk (KB)            :      658      658          
	   Memory (MB)          :        3        3          
...
000 (787571.000.000) 10/08 14:27:05 Job submitted from host: <18.12.1.74:45913>
...
001 (787571.000.000) 10/08 14:36:34 Job executing on host: <18.12.9.74:45110>
...
006 (787571.000.000) 10/08 14:36:42 Image size of job updated: 230080
	82  -  MemoryUsage of job (MB)
	83824  -  ResidentSetSize of job (KB)
...
005 (787571.000.000) 10/08 14:37:14 Job terminated.
	(1) Normal termination (return value 0)
		Usr 0 00:00:23, Sys 0 00:00:00  -  Run Remote Usage
		Usr 0 00:00:00, Sys 0 00:00:00  -  Run Local Usage
		Usr 0 00:00:23, Sys 0 00:00:00  -  Total Remote Usage
		Usr 0 00:00:00, Sys 0 00:00:00  -  Total Local Usage
	585265  -  Run Bytes Sent By Job
	62691  -  Run Bytes Received By Job
	585265  -  Total Bytes Sent By Job
	62691  -  Total Bytes Received By Job
	Partitionable Resources :    Usage  Request          
	   Cpus                 :                 1          
	   Disk (KB)            :      658      658          
	   Memory (MB)          :       82       82          
...
000 (787754.000.000) 10/08 15:16:26 Job submitted from host: <18.12.1.74:45913>
...
001 (787754.000.000) 10/08 15:17:08 Job executing on host: <18.12.9.50:45037>
...
006 (787754.000.000) 10/08 15:17:16 Image size of job updated: 230080
	93  -  MemoryUsage of job (MB)
	95032  -  ResidentSetSize of job (KB)
...
005 (787754.000.000) 10/08 15:17:49 Job terminated.
	(1) Normal termination (return value 0)
		Usr 0 00:00:25, Sys 0 00:00:00  -  Run Remote Usage
		Usr 0 00:00:00, Sys 0 00:00:00  -  Run Local Usage
		Usr 0 00:00:25, Sys 0 00:00:00  -  Total Remote Usage
		Usr 0 00:00:00, Sys 0 00:00:00  -  Total Local Usage
	585176  -  Run Bytes Sent By Job
	62696  -  Run Bytes Received By Job
	585176  -  Total Bytes Sent By Job
	62696  -  Total Bytes Received By Job
	Partitionable Resources :    Usage  Request          
	   Cpus                 :                 1          
	   Disk (KB)            :      658      658          
	   Memory (MB)          :       93       93          
...
000 (788664.000.000) 10/12 10:42:27 Job submitted from host: <18.12.1.74:45913>
...
001 (788664.000.000) 10/12 10:44:12 Job executing on host: <18.12.9.16:40657>
...
006 (788664.000.000) 10/12 10:44:21 Image size of job updated: 230080
	93  -  MemoryUsage of job (MB)
	95048  -  ResidentSetSize of job (KB)
...
005 (788664.000.000) 10/12 10:45:14 Job terminated.
	(1) Normal termination (return value 0)
		Usr 0 00:00:28, Sys 0 00:00:00  -  Run Remote Usage
		Usr 0 00:00:00, Sys 0 00:00:00  -  Run Local Usage
		Usr 0 00:00:28, Sys 0 00:00:00  -  Total Remote Usage
		Usr 0 00:00:00, Sys 0 00:00:00  -  Total Local Usage
	585214  -  Run Bytes Sent By Job
	62704  -  Run Bytes Received By Job
	585214  -  Total Bytes Sent By Job
	62704  -  Total Bytes Received By Job
	Partitionable Resources :    Usage  Request          
	   Cpus                 :                 1          
	   Disk (KB)            :      658      658          
	   Memory (MB)          :       93       93          
...
