
----------------------------------------------------
Job started on Mon Oct 12 11:24:47 EDT 2015 at WN: t2bat0031.cmsaf.mit.edu 
Job is running on Linux t2bat0031.cmsaf.mit.edu 2.6.32-358.el6.x86_64 #1 SMP Fri Feb 22 20:37:17 CST 2013 x86_64 x86_64 x86_64 GNU/Linux
Filesystem            Size  Used Avail Use% Mounted on
/dev/sda3              20G  3.0G   16G  16% /
tmpfs                 7.8G     0  7.8G   0% /dev/shm
/dev/sda1              97M   33M   60M  36% /boot
/dev/sda4             415G   95G  320G  23% /export/data1
/dev/sdb1             1.8T  1.5T  375G  80% /export/00b
/dev/sdc1             1.8T  1.5T  397G  79% /export/00c
/dev/sdd1             1.8T  1.5T  365G  81% /export/00d
/dev/sde1             1.8T  1.5T  379G  80% /export/00e
/dev/sdf1             1.8T  1.5T  400G  79% /export/00f
fuse_dfs              5.0P  4.0P  1.1P  80% /mnt/hadoop
cvmfs2                 98G   94G  4.5G  96% /cvmfs/cms.cern.ch
t2srv0004:/export/db  135G  187M  135G   1% /net/t2srv0004/db
cvmfs2                 98G   94G  4.5G  96% /cvmfs/cvmfs.cmsaf.mit.edu
cvmfs2                 98G   94G  4.5G  96% /cvmfs/oasis.opensciencegrid.org
cvmfs2                 98G   94G  4.5G  96% /cvmfs/cdfcfs.fnal.gov
gcc (GCC) 4.4.7 20120313 (Red Hat 4.4.7-3)
Copyright (C) 2010 Free Software Foundation, Inc.
This is free software; see the source for copying conditions.  There is NO
warranty; not even for MERCHANTABILITY or FITNESS FOR A PARTICULAR PURPOSE.

Processing...
0/85234
10000/85234
20000/85234
30000/85234
40000/85234
50000/85234
60000/85234
70000/85234
80000/85234
Macro finished: 
CPU time (min)  = 1.0925
Real time (min) = 1.44313
total 1.6M
-rw-r--r--  1 obaron obaron 108K Oct 12 11:01 jetRAA_PbPb_data_forest.txt
-rw-r--r--  1 obaron obaron  94K Oct 12 11:01 jetRAA_PbPb_data_akPu4_select.txt
-rw-r--r--  1 obaron obaron  94K Oct 12 11:01 jetRAA_PbPb_data_akPu3_select.txt
-rw-r--r--  1 obaron obaron  94K Oct 12 11:01 jetRAA_PbPb_data_akPu2_select.txt
-rw-r--r--  1 obaron obaron  70K Oct 12 11:21 RAA_read_data_pbpb.C
-rw-r--r--  1 obaron obaron  11K Oct 12 11:21 RAA_read_data_pbpb_C.d
-rwxr-xr-x  1 obaron obaron 101K Oct 12 11:21 RAA_read_data_pbpb_C.so
-rw-rw-r--  1 obaron obaron  61K Oct 12 11:24 jetRAA_run_PbPb_Data.tar
-rwxr-xr-x  1 obaron obaron 1.2K Oct 12 11:24 condor_exec.exe
-rw-r--r--  1 condor condor  20K Oct 12 11:24 .job.ad
drwxr-xr-x 10 condor root   4.0K Oct 12 11:24 ..
-rw-r--r--  1 condor condor 5.4K Oct 12 11:24 .machine.ad
-rwx------  1 obaron obaron   49 Oct 12 11:24 .chirp.config
-rw-r--r--  1 obaron obaron    0 Oct 12 11:24 _condor_stderr
drwx------  2 obaron obaron 4.0K Oct 12 11:24 .
-rw-r--r--  1 obaron obaron 1.6K Oct 12 11:26 _condor_stdout
-rw-r--r--  1 obaron obaron 889K Oct 12 11:26 PbPb_Data_histograms_FromForest_pileupCutFIX_ZDCmCut_30GeVcut_akPu4_20_eta_20_155.root
Done!
Copied output files to hadoop rootfiles/JetRAA/June29
