000 (554334.000.000) 08/11 09:09:21 Job submitted from host: <18.12.1.74:48322>
...
001 (554334.000.000) 08/11 09:09:55 Job executing on host: <18.12.9.3:47519>
...
006 (554334.000.000) 08/11 09:10:03 Image size of job updated: 128768
	18  -  MemoryUsage of job (MB)
	17696  -  ResidentSetSize of job (KB)
...
006 (554334.000.000) 08/11 09:11:59 Image size of job updated: 230592
	18  -  MemoryUsage of job (MB)
	17696  -  ResidentSetSize of job (KB)
...
005 (554334.000.000) 08/11 09:11:59 Job terminated.
	(1) Normal termination (return value 0)
		Usr 0 00:01:21, Sys 0 00:00:01  -  Run Remote Usage
		Usr 0 00:00:00, Sys 0 00:00:00  -  Run Local Usage
		Usr 0 00:01:21, Sys 0 00:00:01  -  Total Remote Usage
		Usr 0 00:00:00, Sys 0 00:00:00  -  Total Local Usage
	586022  -  Run Bytes Sent By Job
	62717  -  Run Bytes Received By Job
	586022  -  Total Bytes Sent By Job
	62717  -  Total Bytes Received By Job
	Partitionable Resources :    Usage  Request          
	   Cpus                 :                 1          
	   Disk (KB)            :      659      659          
	   Memory (MB)          :       18       18          
...
000 (558049.000.000) 08/13 13:34:28 Job submitted from host: <18.12.1.74:48322>
...
001 (558049.000.000) 08/13 14:05:20 Job executing on host: <18.12.9.80:43650>
...
006 (558049.000.000) 08/13 14:05:29 Image size of job updated: 192448
	77  -  MemoryUsage of job (MB)
	78244  -  ResidentSetSize of job (KB)
...
006 (558049.000.000) 08/13 14:09:26 Image size of job updated: 230600
	77  -  MemoryUsage of job (MB)
	78244  -  ResidentSetSize of job (KB)
...
005 (558049.000.000) 08/13 14:09:26 Job terminated.
	(1) Normal termination (return value 0)
		Usr 0 00:01:34, Sys 0 00:00:02  -  Run Remote Usage
		Usr 0 00:00:00, Sys 0 00:00:00  -  Run Local Usage
		Usr 0 00:01:34, Sys 0 00:00:02  -  Total Remote Usage
		Usr 0 00:00:00, Sys 0 00:00:00  -  Total Local Usage
	586294  -  Run Bytes Sent By Job
	62720  -  Run Bytes Received By Job
	586294  -  Total Bytes Sent By Job
	62720  -  Total Bytes Received By Job
	Partitionable Resources :    Usage  Request          
	   Cpus                 :                 1          
	   Disk (KB)            :      659      659          
	   Memory (MB)          :       77       77          
...
000 (566340.000.000) 08/20 20:29:05 Job submitted from host: <18.12.1.74:48322>
...
001 (566340.000.000) 08/20 20:29:16 Job executing on host: <18.12.8.12:45037>
...
006 (566340.000.000) 08/20 20:29:24 Image size of job updated: 9524
	2  -  MemoryUsage of job (MB)
	1420  -  ResidentSetSize of job (KB)
...
006 (566340.000.000) 08/20 20:34:24 Image size of job updated: 230464
	100  -  MemoryUsage of job (MB)
	102152  -  ResidentSetSize of job (KB)
...
006 (566340.000.000) 08/20 20:35:40 Image size of job updated: 230600
	100  -  MemoryUsage of job (MB)
	102152  -  ResidentSetSize of job (KB)
...
005 (566340.000.000) 08/20 20:41:53 Job terminated.
	(1) Normal termination (return value 0)
		Usr 0 00:01:39, Sys 0 00:00:02  -  Run Remote Usage
		Usr 0 00:00:00, Sys 0 00:00:00  -  Run Local Usage
		Usr 0 00:01:39, Sys 0 00:00:02  -  Total Remote Usage
		Usr 0 00:00:00, Sys 0 00:00:00  -  Total Local Usage
	586629  -  Run Bytes Sent By Job
	62732  -  Run Bytes Received By Job
	586629  -  Total Bytes Sent By Job
	62732  -  Total Bytes Received By Job
	Partitionable Resources :    Usage  Request          
	   Cpus                 :                 1          
	   Disk (KB)            :      659      659          
	   Memory (MB)          :      100      100          
...
000 (782888.000.000) 10/01 15:59:51 Job submitted from host: <18.12.1.74:47665>
...
001 (782888.000.000) 10/01 16:00:51 Job executing on host: <18.12.8.91:45256>
...
006 (782888.000.000) 10/01 16:01:01 Image size of job updated: 2
	3  -  MemoryUsage of job (MB)
	2344  -  ResidentSetSize of job (KB)
...
006 (782888.000.000) 10/01 16:06:01 Image size of job updated: 230464
	113  -  MemoryUsage of job (MB)
	114772  -  ResidentSetSize of job (KB)
...
006 (782888.000.000) 10/01 16:07:14 Image size of job updated: 230596
	113  -  MemoryUsage of job (MB)
	114772  -  ResidentSetSize of job (KB)
...
005 (782888.000.000) 10/01 16:12:11 Job terminated.
	(1) Normal termination (return value 0)
		Usr 0 00:01:12, Sys 0 00:00:02  -  Run Remote Usage
		Usr 0 00:00:00, Sys 0 00:00:00  -  Run Local Usage
		Usr 0 00:01:12, Sys 0 00:00:02  -  Total Remote Usage
		Usr 0 00:00:00, Sys 0 00:00:00  -  Total Local Usage
	586147  -  Run Bytes Sent By Job
	62734  -  Run Bytes Received By Job
	586147  -  Total Bytes Sent By Job
	62734  -  Total Bytes Received By Job
	Partitionable Resources :    Usage  Request          
	   Cpus                 :                 1          
	   Disk (KB)            :      659      659          
	   Memory (MB)          :      113      113          
...
000 (786046.000.000) 10/05 14:19:15 Job submitted from host: <18.12.1.74:45913>
...
001 (786046.000.000) 10/05 14:20:15 Job executing on host: <18.12.8.54:41971>
...
006 (786046.000.000) 10/05 14:20:23 Image size of job updated: 2
	3  -  MemoryUsage of job (MB)
	2356  -  ResidentSetSize of job (KB)
...
006 (786046.000.000) 10/05 14:22:41 Image size of job updated: 230604
	3  -  MemoryUsage of job (MB)
	2356  -  ResidentSetSize of job (KB)
...
005 (786046.000.000) 10/05 14:22:41 Job terminated.
	(1) Normal termination (return value 0)
		Usr 0 00:01:47, Sys 0 00:00:03  -  Run Remote Usage
		Usr 0 00:00:00, Sys 0 00:00:00  -  Run Local Usage
		Usr 0 00:01:47, Sys 0 00:00:03  -  Total Remote Usage
		Usr 0 00:00:00, Sys 0 00:00:00  -  Total Local Usage
	586496  -  Run Bytes Sent By Job
	62732  -  Run Bytes Received By Job
	586496  -  Total Bytes Sent By Job
	62732  -  Total Bytes Received By Job
	Partitionable Resources :    Usage  Request          
	   Cpus                 :                 1          
	   Disk (KB)            :      659      659          
	   Memory (MB)          :        3        3          
...
000 (786412.000.000) 10/07 09:51:29 Job submitted from host: <18.12.1.74:45913>
...
001 (786412.000.000) 10/07 09:53:36 Job executing on host: <18.12.12.6:43066>
...
006 (786412.000.000) 10/07 09:53:45 Image size of job updated: 2
	3  -  MemoryUsage of job (MB)
	2348  -  ResidentSetSize of job (KB)
...
006 (786412.000.000) 10/07 09:56:51 Image size of job updated: 230628
	3  -  MemoryUsage of job (MB)
	2348  -  ResidentSetSize of job (KB)
...
005 (786412.000.000) 10/07 09:56:52 Job terminated.
	(1) Normal termination (return value 0)
		Usr 0 00:01:50, Sys 0 00:00:04  -  Run Remote Usage
		Usr 0 00:00:00, Sys 0 00:00:00  -  Run Local Usage
		Usr 0 00:01:50, Sys 0 00:00:04  -  Total Remote Usage
		Usr 0 00:00:00, Sys 0 00:00:00  -  Total Local Usage
	586303  -  Run Bytes Sent By Job
	62734  -  Run Bytes Received By Job
	586303  -  Total Bytes Sent By Job
	62734  -  Total Bytes Received By Job
	Partitionable Resources :    Usage  Request          
	   Cpus                 :                 1          
	   Disk (KB)            :      659      659          
	   Memory (MB)          :        3        3          
...
000 (786593.000.000) 10/07 11:13:00 Job submitted from host: <18.12.1.74:45913>
...
001 (786593.000.000) 10/07 11:25:31 Job executing on host: <18.12.8.196:42117>
...
006 (786593.000.000) 10/07 11:25:40 Image size of job updated: 2
	3  -  MemoryUsage of job (MB)
	2352  -  ResidentSetSize of job (KB)
...
006 (786593.000.000) 10/07 11:28:48 Image size of job updated: 230580
	3  -  MemoryUsage of job (MB)
	2352  -  ResidentSetSize of job (KB)
...
005 (786593.000.000) 10/07 11:28:49 Job terminated.
	(1) Normal termination (return value 0)
		Usr 0 00:01:42, Sys 0 00:00:01  -  Run Remote Usage
		Usr 0 00:00:00, Sys 0 00:00:00  -  Run Local Usage
		Usr 0 00:01:42, Sys 0 00:00:01  -  Total Remote Usage
		Usr 0 00:00:00, Sys 0 00:00:00  -  Total Local Usage
	585369  -  Run Bytes Sent By Job
	62746  -  Run Bytes Received By Job
	585369  -  Total Bytes Sent By Job
	62746  -  Total Bytes Received By Job
	Partitionable Resources :    Usage  Request          
	   Cpus                 :                 1          
	   Disk (KB)            :      658      658          
	   Memory (MB)          :        3        3          
...
000 (787520.000.000) 10/08 12:42:46 Job submitted from host: <18.12.1.74:45913>
...
001 (787520.000.000) 10/08 12:48:06 Job executing on host: <18.12.8.228:40365>
...
006 (787520.000.000) 10/08 12:48:15 Image size of job updated: 192468
	77  -  MemoryUsage of job (MB)
	78220  -  ResidentSetSize of job (KB)
...
006 (787520.000.000) 10/08 12:50:09 Image size of job updated: 230572
	77  -  MemoryUsage of job (MB)
	78220  -  ResidentSetSize of job (KB)
...
005 (787520.000.000) 10/08 12:50:09 Job terminated.
	(1) Normal termination (return value 0)
		Usr 0 00:01:10, Sys 0 00:00:01  -  Run Remote Usage
		Usr 0 00:00:00, Sys 0 00:00:00  -  Run Local Usage
		Usr 0 00:01:10, Sys 0 00:00:01  -  Total Remote Usage
		Usr 0 00:00:00, Sys 0 00:00:00  -  Total Local Usage
	585369  -  Run Bytes Sent By Job
	62749  -  Run Bytes Received By Job
	585369  -  Total Bytes Sent By Job
	62749  -  Total Bytes Received By Job
	Partitionable Resources :    Usage  Request          
	   Cpus                 :                 1          
	   Disk (KB)            :      658      658          
	   Memory (MB)          :       77       77          
...
000 (787702.000.000) 10/08 14:27:18 Job submitted from host: <18.12.1.74:45913>
...
001 (787702.000.000) 10/08 14:42:46 Job executing on host: <18.12.9.33:44307>
...
006 (787702.000.000) 10/08 14:42:55 Image size of job updated: 2
	3  -  MemoryUsage of job (MB)
	2348  -  ResidentSetSize of job (KB)
...
006 (787702.000.000) 10/08 14:47:56 Image size of job updated: 230448
	107  -  MemoryUsage of job (MB)
	108812  -  ResidentSetSize of job (KB)
...
006 (787702.000.000) 10/08 14:50:17 Image size of job updated: 230580
	107  -  MemoryUsage of job (MB)
	108812  -  ResidentSetSize of job (KB)
...
005 (787702.000.000) 10/08 14:50:17 Job terminated.
	(1) Normal termination (return value 0)
		Usr 0 00:01:32, Sys 0 00:00:01  -  Run Remote Usage
		Usr 0 00:00:00, Sys 0 00:00:00  -  Run Local Usage
		Usr 0 00:01:32, Sys 0 00:00:01  -  Total Remote Usage
		Usr 0 00:00:00, Sys 0 00:00:00  -  Total Local Usage
	585711  -  Run Bytes Sent By Job
	62691  -  Run Bytes Received By Job
	585711  -  Total Bytes Sent By Job
	62691  -  Total Bytes Received By Job
	Partitionable Resources :    Usage  Request          
	   Cpus                 :                 1          
	   Disk (KB)            :      658      658          
	   Memory (MB)          :      107      107          
...
000 (787885.000.000) 10/08 15:16:38 Job submitted from host: <18.12.1.74:45913>
...
001 (787885.000.000) 10/08 15:25:21 Job executing on host: <18.12.8.50:46570>
...
006 (787885.000.000) 10/08 15:25:29 Image size of job updated: 2
	3  -  MemoryUsage of job (MB)
	2352  -  ResidentSetSize of job (KB)
...
006 (787885.000.000) 10/08 15:28:27 Image size of job updated: 230584
	3  -  MemoryUsage of job (MB)
	2352  -  ResidentSetSize of job (KB)
...
005 (787885.000.000) 10/08 15:28:27 Job terminated.
	(1) Normal termination (return value 0)
		Usr 0 00:02:10, Sys 0 00:00:04  -  Run Remote Usage
		Usr 0 00:00:00, Sys 0 00:00:00  -  Run Local Usage
		Usr 0 00:02:10, Sys 0 00:00:04  -  Total Remote Usage
		Usr 0 00:00:00, Sys 0 00:00:00  -  Total Local Usage
	585376  -  Run Bytes Sent By Job
	62696  -  Run Bytes Received By Job
	585376  -  Total Bytes Sent By Job
	62696  -  Total Bytes Received By Job
	Partitionable Resources :    Usage  Request          
	   Cpus                 :                 1          
	   Disk (KB)            :      658      658          
	   Memory (MB)          :        3        3          
...
000 (788795.000.000) 10/12 10:42:43 Job submitted from host: <18.12.1.74:45913>
...
001 (788795.000.000) 10/12 10:55:10 Job executing on host: <18.12.6.90:49563>
...
006 (788795.000.000) 10/12 10:55:18 Image size of job updated: 230340
	96  -  MemoryUsage of job (MB)
	97596  -  ResidentSetSize of job (KB)
...
006 (788795.000.000) 10/12 10:57:34 Image size of job updated: 230604
	96  -  MemoryUsage of job (MB)
	97596  -  ResidentSetSize of job (KB)
...
005 (788795.000.000) 10/12 10:57:35 Job terminated.
	(1) Normal termination (return value 0)
		Usr 0 00:01:45, Sys 0 00:00:01  -  Run Remote Usage
		Usr 0 00:00:00, Sys 0 00:00:00  -  Run Local Usage
		Usr 0 00:01:45, Sys 0 00:00:01  -  Total Remote Usage
		Usr 0 00:00:00, Sys 0 00:00:00  -  Total Local Usage
	585282  -  Run Bytes Sent By Job
	62704  -  Run Bytes Received By Job
	585282  -  Total Bytes Sent By Job
	62704  -  Total Bytes Received By Job
	Partitionable Resources :    Usage  Request          
	   Cpus                 :                 1          
	   Disk (KB)            :      658      658          
	   Memory (MB)          :       96       96          
...
