
----------------------------------------------------
Job started on Thu Aug 20 12:59:47 EDT 2015 at WN: t2bat0305.cmsaf.mit.edu 
Job is running on Linux t2bat0305.cmsaf.mit.edu 2.6.32-358.el6.x86_64 #1 SMP Fri Feb 22 20:37:17 CST 2013 x86_64 x86_64 x86_64 GNU/Linux
Filesystem            Size  Used Avail Use% Mounted on
/dev/sda3              20G  3.9G   15G  21% /
tmpfs                  32G     0   32G   0% /dev/shm
/dev/sda1              97M   32M   61M  35% /boot
/dev/sda4             416G  102G  314G  25% /export/data1
fuse_dfs              4.9P  4.6P  328T  94% /mnt/hadoop
/dev/sdb1             3.6T  3.4T  204G  95% /export/00b
/dev/sdc1             3.6T  3.4T  231G  94% /export/00c
/dev/sdd1             3.6T  3.4T  253G  94% /export/00d
/dev/sde1             3.6T  3.4T  278G  93% /export/00e
/dev/sdf1             3.6T  3.4T  265G  93% /export/00f
/dev/sdg1             3.6T  3.3T  311G  92% /export/00g
t2srv0004:/export/db  135G  187M  135G   1% /net/t2srv0004/db
cvmfs2                 98G   79G   19G  81% /cvmfs/cms.cern.ch
cvmfs2                 98G   79G   19G  81% /cvmfs/cvmfs.cmsaf.mit.edu
gcc (GCC) 4.4.7 20120313 (Red Hat 4.4.7-3)
Copyright (C) 2010 Free Software Foundation, Inc.
This is free software; see the source for copying conditions.  There is NO
warranty; not even for MERCHANTABILITY or FITNESS FOR A PARTICULAR PURPOSE.

Processing...
0/245738
10000/245738
20000/245738
30000/245738
40000/245738
50000/245738
60000/245738
70000/245738
80000/245738
90000/245738
100000/245738
110000/245738
120000/245738
130000/245738
140000/245738
150000/245738
160000/245738
170000/245738
180000/245738
190000/245738
200000/245738
210000/245738
220000/245738
230000/245738
240000/245738
Macro finished: 
CPU time (min)  = 2.21983
Real time (min) = 4.18167
total 1.8M
-rw-r--r--  1 obaron obaron 108K Aug 13 15:28 jetRAA_PbPb_data_forest.txt
-rw-r--r--  1 obaron obaron  94K Aug 13 15:28 jetRAA_PbPb_data_akPu4_select.txt
-rw-r--r--  1 obaron obaron  94K Aug 13 15:28 jetRAA_PbPb_data_akPu3_select.txt
-rw-r--r--  1 obaron obaron  94K Aug 13 15:28 jetRAA_PbPb_data_akPu2_select.txt
-rw-r--r--  1 obaron obaron  70K Aug 20 12:29 RAA_read_data_pbpb.C
-rw-r--r--  1 obaron obaron  11K Aug 20 12:30 RAA_read_data_pbpb_C.d
-rwxr-xr-x  1 obaron obaron 101K Aug 20 12:30 RAA_read_data_pbpb_C.so
drwxr-xr-x 32 condor root   4.0K Aug 20 12:59 ..
-rw-r--r--  1 condor condor 5.5K Aug 20 12:59 .machine.ad
-rw-r--r--  1 condor condor  20K Aug 20 12:59 .job.ad
-rwx------  1 obaron obaron   49 Aug 20 12:59 .chirp.config
-rw-rw-r--  1 obaron obaron  61K Aug 20 12:59 jetRAA_run_PbPb_Data.tar
-rwxr-xr-x  1 obaron obaron 1.2K Aug 20 12:59 condor_exec.exe
drwx------  2 obaron obaron 4.0K Aug 20 12:59 .
-rw-r--r--  1 obaron obaron  678 Aug 20 12:59 _condor_stderr
-rw-r--r--  1 obaron obaron 1.8K Aug 20 13:03 _condor_stdout
-rw-r--r--  1 obaron obaron 1.1M Aug 20 13:03 PbPb_Data_histograms_FromForest_pileupCutFIX_ZDCmCut_akPu4_20_eta_20_775.root
Done!
Copied output files to hadoop rootfiles/JetRAA/June29
