000 (556034.000.000) 08/12 11:33:37 Job submitted from host: <18.12.1.74:48322>
...
001 (556034.000.000) 08/12 11:45:52 Job executing on host: <18.12.8.163:40511>
...
006 (556034.000.000) 08/12 11:46:00 Image size of job updated: 2
	3  -  MemoryUsage of job (MB)
	2344  -  ResidentSetSize of job (KB)
...
006 (556034.000.000) 08/12 11:49:00 Image size of job updated: 230016
	3  -  MemoryUsage of job (MB)
	2344  -  ResidentSetSize of job (KB)
...
005 (556034.000.000) 08/12 11:49:00 Job terminated.
	(1) Normal termination (return value 0)
		Usr 0 00:00:28, Sys 0 00:00:00  -  Run Remote Usage
		Usr 0 00:00:00, Sys 0 00:00:00  -  Run Local Usage
		Usr 0 00:00:28, Sys 0 00:00:00  -  Total Remote Usage
		Usr 0 00:00:00, Sys 0 00:00:00  -  Total Local Usage
	586064  -  Run Bytes Sent By Job
	62715  -  Run Bytes Received By Job
	586064  -  Total Bytes Sent By Job
	62715  -  Total Bytes Received By Job
	Partitionable Resources :    Usage  Request          
	   Cpus                 :                 1          
	   Disk (KB)            :      659      659          
	   Memory (MB)          :        3        3          
...
000 (566403.000.000) 08/20 21:01:34 Job submitted from host: <18.12.1.74:48322>
...
007 (566403.000.000) 08/20 21:02:04 Shadow exception!
	Error from slot13@t2bat0300.cmsaf.mit.edu: Failed to transfer files
	0  -  Run Bytes Sent By Job
	0  -  Run Bytes Received By Job
...
001 (566403.000.000) 08/20 21:02:57 Job executing on host: <18.12.9.64:48395>
...
006 (566403.000.000) 08/20 21:03:06 Image size of job updated: 2
	3  -  MemoryUsage of job (MB)
	2348  -  ResidentSetSize of job (KB)
...
006 (566403.000.000) 08/20 21:04:53 Image size of job updated: 230012
	3  -  MemoryUsage of job (MB)
	2348  -  ResidentSetSize of job (KB)
...
005 (566403.000.000) 08/20 21:11:19 Job terminated.
	(1) Normal termination (return value 0)
		Usr 0 00:00:30, Sys 0 00:00:00  -  Run Remote Usage
		Usr 0 00:00:00, Sys 0 00:00:00  -  Run Local Usage
		Usr 0 00:00:30, Sys 0 00:00:00  -  Total Remote Usage
		Usr 0 00:00:00, Sys 0 00:00:00  -  Total Local Usage
	586311  -  Run Bytes Sent By Job
	62731  -  Run Bytes Received By Job
	586311  -  Total Bytes Sent By Job
	62731  -  Total Bytes Received By Job
	Partitionable Resources :    Usage  Request          
	   Cpus                 :                 1          
	   Disk (KB)            :      659      659          
	   Memory (MB)          :        3        3          
...
000 (782408.000.000) 10/01 13:04:23 Job submitted from host: <18.12.1.74:47665>
...
001 (782408.000.000) 10/01 13:13:14 Job executing on host: <18.12.9.37:40511>
...
006 (782408.000.000) 10/01 13:13:23 Image size of job updated: 49268
	3  -  MemoryUsage of job (MB)
	2748  -  ResidentSetSize of job (KB)
...
006 (782408.000.000) 10/01 13:18:14 Image size of job updated: 230012
	3  -  MemoryUsage of job (MB)
	2748  -  ResidentSetSize of job (KB)
...
005 (782408.000.000) 10/01 13:18:19 Job terminated.
	(1) Normal termination (return value 0)
		Usr 0 00:00:34, Sys 0 00:00:01  -  Run Remote Usage
		Usr 0 00:00:00, Sys 0 00:00:00  -  Run Local Usage
		Usr 0 00:00:34, Sys 0 00:00:01  -  Total Remote Usage
		Usr 0 00:00:00, Sys 0 00:00:00  -  Total Local Usage
	586308  -  Run Bytes Sent By Job
	62730  -  Run Bytes Received By Job
	586308  -  Total Bytes Sent By Job
	62730  -  Total Bytes Received By Job
	Partitionable Resources :    Usage  Request          
	   Cpus                 :                 1          
	   Disk (KB)            :      659      659          
	   Memory (MB)          :        3        3          
...
000 (782589.000.000) 10/01 14:30:50 Job submitted from host: <18.12.1.74:47665>
...
001 (782589.000.000) 10/01 14:33:11 Job executing on host: <18.12.9.52:44526>
...
006 (782589.000.000) 10/01 14:33:20 Image size of job updated: 2
	3  -  MemoryUsage of job (MB)
	2340  -  ResidentSetSize of job (KB)
...
006 (782589.000.000) 10/01 14:38:21 Image size of job updated: 227156
	96  -  MemoryUsage of job (MB)
	98300  -  ResidentSetSize of job (KB)
...
005 (782589.000.000) 10/01 14:43:47 Job terminated.
	(1) Normal termination (return value 0)
		Usr 0 00:00:12, Sys 0 00:00:00  -  Run Remote Usage
		Usr 0 00:00:00, Sys 0 00:00:00  -  Run Local Usage
		Usr 0 00:00:12, Sys 0 00:00:00  -  Total Remote Usage
		Usr 0 00:00:00, Sys 0 00:00:00  -  Total Local Usage
	1919618  -  Run Bytes Sent By Job
	62736  -  Run Bytes Received By Job
	1919618  -  Total Bytes Sent By Job
	62736  -  Total Bytes Received By Job
	Partitionable Resources :    Usage  Request          
	   Cpus                 :                 1          
	   Disk (KB)            :     1961     1961          
	   Memory (MB)          :       96       96          
...
000 (788130.000.000) 10/09 09:23:36 Job submitted from host: <18.12.1.74:45913>
...
001 (788130.000.000) 10/09 09:24:06 Job executing on host: <18.12.8.232:43796>
...
006 (788130.000.000) 10/09 09:24:15 Image size of job updated: 1196
	1  -  MemoryUsage of job (MB)
	156  -  ResidentSetSize of job (KB)
...
006 (788130.000.000) 10/09 09:25:37 Image size of job updated: 230004
	1  -  MemoryUsage of job (MB)
	156  -  ResidentSetSize of job (KB)
...
005 (788130.000.000) 10/09 09:25:38 Job terminated.
	(1) Normal termination (return value 0)
		Usr 0 00:00:37, Sys 0 00:00:01  -  Run Remote Usage
		Usr 0 00:00:00, Sys 0 00:00:00  -  Run Local Usage
		Usr 0 00:00:37, Sys 0 00:00:01  -  Total Remote Usage
		Usr 0 00:00:00, Sys 0 00:00:00  -  Total Local Usage
	585219  -  Run Bytes Sent By Job
	62698  -  Run Bytes Received By Job
	585219  -  Total Bytes Sent By Job
	62698  -  Total Bytes Received By Job
	Partitionable Resources :    Usage  Request          
	   Cpus                 :                 1          
	   Disk (KB)            :      658      658          
	   Memory (MB)          :        1        1          
...
000 (788495.000.000) 10/12 09:47:58 Job submitted from host: <18.12.1.74:45913>
...
001 (788495.000.000) 10/12 09:51:49 Job executing on host: <18.12.12.67:45621>
...
006 (788495.000.000) 10/12 09:51:58 Image size of job updated: 143816
	29  -  MemoryUsage of job (MB)
	28832  -  ResidentSetSize of job (KB)
...
006 (788495.000.000) 10/12 09:52:51 Image size of job updated: 238196
	29  -  MemoryUsage of job (MB)
	28832  -  ResidentSetSize of job (KB)
...
005 (788495.000.000) 10/12 09:52:51 Job terminated.
	(1) Normal termination (return value 0)
		Usr 0 00:00:43, Sys 0 00:00:01  -  Run Remote Usage
		Usr 0 00:00:00, Sys 0 00:00:00  -  Run Local Usage
		Usr 0 00:00:43, Sys 0 00:00:01  -  Total Remote Usage
		Usr 0 00:00:00, Sys 0 00:00:00  -  Total Local Usage
	585014  -  Run Bytes Sent By Job
	62703  -  Run Bytes Received By Job
	585014  -  Total Bytes Sent By Job
	62703  -  Total Bytes Received By Job
	Partitionable Resources :    Usage  Request          
	   Cpus                 :                 1          
	   Disk (KB)            :      658      658          
	   Memory (MB)          :       29       29          
...
