000 (556353.000.000) 08/12 14:10:48 Job submitted from host: <18.12.1.74:48322>
...
001 (556353.000.000) 08/12 14:26:40 Job executing on host: <18.12.8.213:47300>
...
006 (556353.000.000) 08/12 14:26:48 Image size of job updated: 2
	3  -  MemoryUsage of job (MB)
	2360  -  ResidentSetSize of job (KB)
...
006 (556353.000.000) 08/12 14:28:07 Image size of job updated: 238236
	3  -  MemoryUsage of job (MB)
	2360  -  ResidentSetSize of job (KB)
...
005 (556353.000.000) 08/12 14:28:08 Job terminated.
	(1) Normal termination (return value 0)
		Usr 0 00:00:33, Sys 0 00:00:00  -  Run Remote Usage
		Usr 0 00:00:00, Sys 0 00:00:00  -  Run Local Usage
		Usr 0 00:00:33, Sys 0 00:00:00  -  Total Remote Usage
		Usr 0 00:00:00, Sys 0 00:00:00  -  Total Local Usage
	586061  -  Run Bytes Sent By Job
	62715  -  Run Bytes Received By Job
	586061  -  Total Bytes Sent By Job
	62715  -  Total Bytes Received By Job
	Partitionable Resources :    Usage  Request          
	   Cpus                 :                 1          
	   Disk (KB)            :      659      659          
	   Memory (MB)          :        3        3          
...
000 (557613.000.000) 08/13 11:57:23 Job submitted from host: <18.12.1.74:48322>
...
001 (557613.000.000) 08/13 12:18:29 Job executing on host: <18.12.6.31:42701>
...
006 (557613.000.000) 08/13 12:18:37 Image size of job updated: 228232
	91  -  MemoryUsage of job (MB)
	92844  -  ResidentSetSize of job (KB)
...
006 (557613.000.000) 08/13 12:19:32 Image size of job updated: 230028
	91  -  MemoryUsage of job (MB)
	92844  -  ResidentSetSize of job (KB)
...
005 (557613.000.000) 08/13 12:19:32 Job terminated.
	(1) Normal termination (return value 0)
		Usr 0 00:00:25, Sys 0 00:00:00  -  Run Remote Usage
		Usr 0 00:00:00, Sys 0 00:00:00  -  Run Local Usage
		Usr 0 00:00:25, Sys 0 00:00:00  -  Total Remote Usage
		Usr 0 00:00:00, Sys 0 00:00:00  -  Total Local Usage
	586065  -  Run Bytes Sent By Job
	62715  -  Run Bytes Received By Job
	586065  -  Total Bytes Sent By Job
	62715  -  Total Bytes Received By Job
	Partitionable Resources :    Usage  Request          
	   Cpus                 :                 1          
	   Disk (KB)            :      659      659          
	   Memory (MB)          :       91       91          
...
000 (558129.000.000) 08/13 14:31:07 Job submitted from host: <18.12.1.74:48322>
...
001 (558129.000.000) 08/13 14:51:05 Job executing on host: <18.12.9.80:43650>
...
006 (558129.000.000) 08/13 14:51:14 Image size of job updated: 189824
	74  -  MemoryUsage of job (MB)
	75676  -  ResidentSetSize of job (KB)
...
006 (558129.000.000) 08/13 14:52:18 Image size of job updated: 230032
	74  -  MemoryUsage of job (MB)
	75676  -  ResidentSetSize of job (KB)
...
005 (558129.000.000) 08/13 14:52:19 Job terminated.
	(1) Normal termination (return value 0)
		Usr 0 00:00:28, Sys 0 00:00:01  -  Run Remote Usage
		Usr 0 00:00:00, Sys 0 00:00:00  -  Run Local Usage
		Usr 0 00:00:28, Sys 0 00:00:01  -  Total Remote Usage
		Usr 0 00:00:00, Sys 0 00:00:00  -  Total Local Usage
	586117  -  Run Bytes Sent By Job
	62714  -  Run Bytes Received By Job
	586117  -  Total Bytes Sent By Job
	62714  -  Total Bytes Received By Job
	Partitionable Resources :    Usage  Request          
	   Cpus                 :                 1          
	   Disk (KB)            :      659      659          
	   Memory (MB)          :       74       74          
...
000 (565466.000.000) 08/20 12:42:37 Job submitted from host: <18.12.1.74:48322>
...
001 (565466.000.000) 08/20 12:45:23 Job executing on host: <18.12.8.137:47738>
...
006 (565466.000.000) 08/20 12:45:32 Image size of job updated: 76020
	17  -  MemoryUsage of job (MB)
	17200  -  ResidentSetSize of job (KB)
...
006 (565466.000.000) 08/20 12:46:12 Image size of job updated: 230028
	17  -  MemoryUsage of job (MB)
	17200  -  ResidentSetSize of job (KB)
...
005 (565466.000.000) 08/20 12:54:34 Job terminated.
	(1) Normal termination (return value 0)
		Usr 0 00:00:17, Sys 0 00:00:00  -  Run Remote Usage
		Usr 0 00:00:00, Sys 0 00:00:00  -  Run Local Usage
		Usr 0 00:00:17, Sys 0 00:00:00  -  Total Remote Usage
		Usr 0 00:00:00, Sys 0 00:00:00  -  Total Local Usage
	585888  -  Run Bytes Sent By Job
	62731  -  Run Bytes Received By Job
	585888  -  Total Bytes Sent By Job
	62731  -  Total Bytes Received By Job
	Partitionable Resources :    Usage  Request          
	   Cpus                 :                 1          
	   Disk (KB)            :      658      658          
	   Memory (MB)          :       17       17          
...
