000 (556430.000.000) 08/12 14:10:56 Job submitted from host: <18.12.1.74:48322>
...
001 (556430.000.000) 08/12 14:43:56 Job executing on host: <18.12.8.13:49782>
...
006 (556430.000.000) 08/12 14:44:04 Image size of job updated: 2
	3  -  MemoryUsage of job (MB)
	2352  -  ResidentSetSize of job (KB)
...
006 (556430.000.000) 08/12 14:49:04 Image size of job updated: 230100
	100  -  MemoryUsage of job (MB)
	101576  -  ResidentSetSize of job (KB)
...
006 (556430.000.000) 08/12 14:54:04 Image size of job updated: 230232
	111  -  MemoryUsage of job (MB)
	113324  -  ResidentSetSize of job (KB)
...
005 (556430.000.000) 08/12 14:58:18 Job terminated.
	(1) Normal termination (return value 0)
		Usr 0 00:01:00, Sys 0 00:00:02  -  Run Remote Usage
		Usr 0 00:00:00, Sys 0 00:00:00  -  Run Local Usage
		Usr 0 00:01:00, Sys 0 00:00:02  -  Total Remote Usage
		Usr 0 00:00:00, Sys 0 00:00:00  -  Total Local Usage
	586459  -  Run Bytes Sent By Job
	62715  -  Run Bytes Received By Job
	586459  -  Total Bytes Sent By Job
	62715  -  Total Bytes Received By Job
	Partitionable Resources :    Usage  Request          
	   Cpus                 :                 1          
	   Disk (KB)            :      659      659          
	   Memory (MB)          :      111      111          
...
000 (557690.000.000) 08/13 11:57:32 Job submitted from host: <18.12.1.74:48322>
...
001 (557690.000.000) 08/13 12:37:47 Job executing on host: <18.12.9.80:43650>
...
006 (557690.000.000) 08/13 12:37:55 Image size of job updated: 193796
	80  -  MemoryUsage of job (MB)
	81040  -  ResidentSetSize of job (KB)
...
006 (557690.000.000) 08/13 12:39:15 Image size of job updated: 230236
	80  -  MemoryUsage of job (MB)
	81040  -  ResidentSetSize of job (KB)
...
005 (557690.000.000) 08/13 12:39:16 Job terminated.
	(1) Normal termination (return value 0)
		Usr 0 00:00:48, Sys 0 00:00:01  -  Run Remote Usage
		Usr 0 00:00:00, Sys 0 00:00:00  -  Run Local Usage
		Usr 0 00:00:48, Sys 0 00:00:01  -  Total Remote Usage
		Usr 0 00:00:00, Sys 0 00:00:00  -  Total Local Usage
	586178  -  Run Bytes Sent By Job
	62715  -  Run Bytes Received By Job
	586178  -  Total Bytes Sent By Job
	62715  -  Total Bytes Received By Job
	Partitionable Resources :    Usage  Request          
	   Cpus                 :                 1          
	   Disk (KB)            :      659      659          
	   Memory (MB)          :       80       80          
...
000 (558206.000.000) 08/13 14:31:14 Job submitted from host: <18.12.1.74:48322>
...
001 (558206.000.000) 08/13 15:05:16 Job executing on host: <18.12.9.50:43066>
...
006 (558206.000.000) 08/13 15:05:25 Image size of job updated: 230104
	94  -  MemoryUsage of job (MB)
	96020  -  ResidentSetSize of job (KB)
...
006 (558206.000.000) 08/13 15:07:08 Image size of job updated: 230236
	94  -  MemoryUsage of job (MB)
	96020  -  ResidentSetSize of job (KB)
...
005 (558206.000.000) 08/13 15:07:09 Job terminated.
	(1) Normal termination (return value 0)
		Usr 0 00:00:48, Sys 0 00:00:01  -  Run Remote Usage
		Usr 0 00:00:00, Sys 0 00:00:00  -  Run Local Usage
		Usr 0 00:00:48, Sys 0 00:00:01  -  Total Remote Usage
		Usr 0 00:00:00, Sys 0 00:00:00  -  Total Local Usage
	586179  -  Run Bytes Sent By Job
	62714  -  Run Bytes Received By Job
	586179  -  Total Bytes Sent By Job
	62714  -  Total Bytes Received By Job
	Partitionable Resources :    Usage  Request          
	   Cpus                 :                 1          
	   Disk (KB)            :      659      659          
	   Memory (MB)          :       94       94          
...
000 (565543.000.000) 08/20 12:56:02 Job submitted from host: <18.12.1.74:48322>
...
001 (565543.000.000) 08/20 12:57:23 Job executing on host: <18.12.8.232:41095>
...
006 (565543.000.000) 08/20 12:57:31 Image size of job updated: 187644
	71  -  MemoryUsage of job (MB)
	72592  -  ResidentSetSize of job (KB)
...
006 (565543.000.000) 08/20 12:59:38 Image size of job updated: 230232
	71  -  MemoryUsage of job (MB)
	72592  -  ResidentSetSize of job (KB)
...
005 (565543.000.000) 08/20 13:06:09 Job terminated.
	(1) Normal termination (return value 0)
		Usr 0 00:00:57, Sys 0 00:00:00  -  Run Remote Usage
		Usr 0 00:00:00, Sys 0 00:00:00  -  Run Local Usage
		Usr 0 00:00:57, Sys 0 00:00:00  -  Total Remote Usage
		Usr 0 00:00:00, Sys 0 00:00:00  -  Total Local Usage
	586032  -  Run Bytes Sent By Job
	62731  -  Run Bytes Received By Job
	586032  -  Total Bytes Sent By Job
	62731  -  Total Bytes Received By Job
	Partitionable Resources :    Usage  Request          
	   Cpus                 :                 1          
	   Disk (KB)            :      659      659          
	   Memory (MB)          :       71       71          
...
000 (783036.000.000) 10/02 11:06:55 Job submitted from host: <18.12.1.74:41314>
...
001 (783036.000.000) 10/02 11:14:02 Job executing on host: <18.12.9.45:43577>
...
006 (783036.000.000) 10/02 11:14:02 Image size of job updated: 2
	0  -  MemoryUsage of job (MB)
	0  -  ResidentSetSize of job (KB)
...
005 (783036.000.000) 10/02 11:19:13 Job terminated.
	(1) Normal termination (return value 0)
		Usr 0 00:00:00, Sys 0 00:00:00  -  Run Remote Usage
		Usr 0 00:00:00, Sys 0 00:00:00  -  Run Local Usage
		Usr 0 00:00:00, Sys 0 00:00:00  -  Total Remote Usage
		Usr 0 00:00:00, Sys 0 00:00:00  -  Total Local Usage
	585746  -  Run Bytes Sent By Job
	62733  -  Run Bytes Received By Job
	585746  -  Total Bytes Sent By Job
	62733  -  Total Bytes Received By Job
	Partitionable Resources :    Usage  Request          
	   Cpus                 :                 1          
	   Disk (KB)            :      659      659          
	   Memory (MB)          :        0        0          
...
000 (783217.000.000) 10/02 16:13:28 Job submitted from host: <18.12.1.74:45913>
...
001 (783217.000.000) 10/02 16:14:16 Job executing on host: <18.12.8.192:49344>
...
006 (783217.000.000) 10/02 16:14:17 Image size of job updated: 2
	0  -  MemoryUsage of job (MB)
	0  -  ResidentSetSize of job (KB)
...
005 (783217.000.000) 10/02 16:14:18 Job terminated.
	(1) Normal termination (return value 0)
		Usr 0 00:00:00, Sys 0 00:00:00  -  Run Remote Usage
		Usr 0 00:00:00, Sys 0 00:00:00  -  Run Local Usage
		Usr 0 00:00:00, Sys 0 00:00:00  -  Total Remote Usage
		Usr 0 00:00:00, Sys 0 00:00:00  -  Total Local Usage
	585554  -  Run Bytes Sent By Job
	62733  -  Run Bytes Received By Job
	585554  -  Total Bytes Sent By Job
	62733  -  Total Bytes Received By Job
	Partitionable Resources :    Usage  Request          
	   Cpus                 :                 1          
	   Disk (KB)            :      658      658          
	   Memory (MB)          :        0        0          
...
000 (783398.000.000) 10/02 16:48:49 Job submitted from host: <18.12.1.74:45913>
...
001 (783398.000.000) 10/02 16:48:54 Job executing on host: <18.12.9.74:45110>
...
006 (783398.000.000) 10/02 16:48:54 Image size of job updated: 2
	0  -  MemoryUsage of job (MB)
	0  -  ResidentSetSize of job (KB)
...
005 (783398.000.000) 10/02 16:48:55 Job terminated.
	(1) Normal termination (return value 0)
		Usr 0 00:00:00, Sys 0 00:00:00  -  Run Remote Usage
		Usr 0 00:00:00, Sys 0 00:00:00  -  Run Local Usage
		Usr 0 00:00:00, Sys 0 00:00:00  -  Total Remote Usage
		Usr 0 00:00:00, Sys 0 00:00:00  -  Total Local Usage
	585830  -  Run Bytes Sent By Job
	62733  -  Run Bytes Received By Job
	585830  -  Total Bytes Sent By Job
	62733  -  Total Bytes Received By Job
	Partitionable Resources :    Usage  Request          
	   Cpus                 :                 1          
	   Disk (KB)            :      659      659          
	   Memory (MB)          :        0        0          
...
000 (783581.000.000) 10/05 09:25:50 Job submitted from host: <18.12.1.74:45913>
...
001 (783581.000.000) 10/05 09:26:11 Job executing on host: <18.12.6.94:47738>
...
006 (783581.000.000) 10/05 09:26:13 Image size of job updated: 2
	0  -  MemoryUsage of job (MB)
	0  -  ResidentSetSize of job (KB)
...
005 (783581.000.000) 10/05 09:26:14 Job terminated.
	(1) Normal termination (return value 0)
		Usr 0 00:00:00, Sys 0 00:00:00  -  Run Remote Usage
		Usr 0 00:00:00, Sys 0 00:00:00  -  Run Local Usage
		Usr 0 00:00:00, Sys 0 00:00:00  -  Total Remote Usage
		Usr 0 00:00:00, Sys 0 00:00:00  -  Total Local Usage
	585650  -  Run Bytes Sent By Job
	62732  -  Run Bytes Received By Job
	585650  -  Total Bytes Sent By Job
	62732  -  Total Bytes Received By Job
	Partitionable Resources :    Usage  Request          
	   Cpus                 :                 1          
	   Disk (KB)            :      658      658          
	   Memory (MB)          :        0        0          
...
000 (783762.000.000) 10/05 10:00:26 Job submitted from host: <18.12.1.74:45913>
...
001 (783762.000.000) 10/05 10:01:09 Job executing on host: <18.12.8.233:46570>
...
006 (783762.000.000) 10/05 10:01:26 Image size of job updated: 13384
	2  -  MemoryUsage of job (MB)
	1980  -  ResidentSetSize of job (KB)
...
005 (783762.000.000) 10/05 10:01:38 Job terminated.
	(1) Normal termination (return value 0)
		Usr 0 00:00:00, Sys 0 00:00:00  -  Run Remote Usage
		Usr 0 00:00:00, Sys 0 00:00:00  -  Run Local Usage
		Usr 0 00:00:00, Sys 0 00:00:00  -  Total Remote Usage
		Usr 0 00:00:00, Sys 0 00:00:00  -  Total Local Usage
	585408  -  Run Bytes Sent By Job
	62731  -  Run Bytes Received By Job
	585408  -  Total Bytes Sent By Job
	62731  -  Total Bytes Received By Job
	Partitionable Resources :    Usage  Request          
	   Cpus                 :                 1          
	   Disk (KB)            :      658      658          
	   Memory (MB)          :        2        2          
...
000 (783944.000.000) 10/05 12:25:17 Job submitted from host: <18.12.1.74:45913>
...
001 (783944.000.000) 10/05 12:25:29 Job executing on host: <18.12.9.58:43723>
...
006 (783944.000.000) 10/05 12:25:29 Image size of job updated: 2
	0  -  MemoryUsage of job (MB)
	0  -  ResidentSetSize of job (KB)
...
005 (783944.000.000) 10/05 12:25:31 Job terminated.
	(1) Normal termination (return value 0)
		Usr 0 00:00:00, Sys 0 00:00:00  -  Run Remote Usage
		Usr 0 00:00:00, Sys 0 00:00:00  -  Run Local Usage
		Usr 0 00:00:00, Sys 0 00:00:00  -  Total Remote Usage
		Usr 0 00:00:00, Sys 0 00:00:00  -  Total Local Usage
	585808  -  Run Bytes Sent By Job
	62732  -  Run Bytes Received By Job
	585808  -  Total Bytes Sent By Job
	62732  -  Total Bytes Received By Job
	Partitionable Resources :    Usage  Request          
	   Cpus                 :                 1          
	   Disk (KB)            :      659      659          
	   Memory (MB)          :        0        0          
...
000 (784125.000.000) 10/05 12:28:50 Job submitted from host: <18.12.1.74:45913>
...
001 (784125.000.000) 10/05 12:29:24 Job executing on host: <18.12.9.44:46716>
...
006 (784125.000.000) 10/05 12:29:33 Image size of job updated: 2
	3  -  MemoryUsage of job (MB)
	2344  -  ResidentSetSize of job (KB)
...
006 (784125.000.000) 10/05 12:31:57 Image size of job updated: 230232
	3  -  MemoryUsage of job (MB)
	2344  -  ResidentSetSize of job (KB)
...
005 (784125.000.000) 10/05 12:31:57 Job terminated.
	(1) Normal termination (return value 0)
		Usr 0 00:00:50, Sys 0 00:00:01  -  Run Remote Usage
		Usr 0 00:00:00, Sys 0 00:00:00  -  Run Local Usage
		Usr 0 00:00:50, Sys 0 00:00:01  -  Total Remote Usage
		Usr 0 00:00:00, Sys 0 00:00:00  -  Total Local Usage
	586963  -  Run Bytes Sent By Job
	62733  -  Run Bytes Received By Job
	586963  -  Total Bytes Sent By Job
	62733  -  Total Bytes Received By Job
	Partitionable Resources :    Usage  Request          
	   Cpus                 :                 1          
	   Disk (KB)            :      660      660          
	   Memory (MB)          :        3        3          
...
000 (786194.000.000) 10/05 14:34:46 Job submitted from host: <18.12.1.74:45913>
...
001 (786194.000.000) 10/05 14:35:38 Job executing on host: <18.12.8.94:44307>
...
006 (786194.000.000) 10/05 14:35:47 Image size of job updated: 1196
	1  -  MemoryUsage of job (MB)
	156  -  ResidentSetSize of job (KB)
...
006 (786194.000.000) 10/05 14:37:21 Image size of job updated: 230232
	1  -  MemoryUsage of job (MB)
	156  -  ResidentSetSize of job (KB)
...
005 (786194.000.000) 10/05 14:37:21 Job terminated.
	(1) Normal termination (return value 0)
		Usr 0 00:00:40, Sys 0 00:00:01  -  Run Remote Usage
		Usr 0 00:00:00, Sys 0 00:00:00  -  Run Local Usage
		Usr 0 00:00:40, Sys 0 00:00:01  -  Total Remote Usage
		Usr 0 00:00:00, Sys 0 00:00:00  -  Total Local Usage
	586159  -  Run Bytes Sent By Job
	62729  -  Run Bytes Received By Job
	586159  -  Total Bytes Sent By Job
	62729  -  Total Bytes Received By Job
	Partitionable Resources :    Usage  Request          
	   Cpus                 :                 1          
	   Disk (KB)            :      659      659          
	   Memory (MB)          :        1        1          
...
000 (788033.000.000) 10/08 16:10:17 Job submitted from host: <18.12.1.74:45913>
...
001 (788033.000.000) 10/08 16:25:53 Job executing on host: <18.12.8.237:43650>
...
006 (788033.000.000) 10/08 16:26:01 Image size of job updated: 230088
	94  -  MemoryUsage of job (MB)
	95988  -  ResidentSetSize of job (KB)
...
006 (788033.000.000) 10/08 16:27:57 Image size of job updated: 230220
	94  -  MemoryUsage of job (MB)
	95988  -  ResidentSetSize of job (KB)
...
005 (788033.000.000) 10/08 16:27:57 Job terminated.
	(1) Normal termination (return value 0)
		Usr 0 00:00:57, Sys 0 00:00:01  -  Run Remote Usage
		Usr 0 00:00:00, Sys 0 00:00:00  -  Run Local Usage
		Usr 0 00:00:57, Sys 0 00:00:01  -  Total Remote Usage
		Usr 0 00:00:00, Sys 0 00:00:00  -  Total Local Usage
	585208  -  Run Bytes Sent By Job
	62697  -  Run Bytes Received By Job
	585208  -  Total Bytes Sent By Job
	62697  -  Total Bytes Received By Job
	Partitionable Resources :    Usage  Request          
	   Cpus                 :                 1          
	   Disk (KB)            :      658      658          
	   Memory (MB)          :       94       94          
...
000 (788396.000.000) 10/09 10:00:35 Job submitted from host: <18.12.1.74:45913>
...
001 (788396.000.000) 10/09 10:10:31 Job executing on host: <18.12.9.59:43869>
...
006 (788396.000.000) 10/09 10:10:40 Image size of job updated: 229960
	94  -  MemoryUsage of job (MB)
	95584  -  ResidentSetSize of job (KB)
...
006 (788396.000.000) 10/09 10:11:49 Image size of job updated: 235760
	94  -  MemoryUsage of job (MB)
	95584  -  ResidentSetSize of job (KB)
...
005 (788396.000.000) 10/09 10:11:50 Job terminated.
	(1) Normal termination (return value 0)
		Usr 0 00:00:53, Sys 0 00:00:01  -  Run Remote Usage
		Usr 0 00:00:00, Sys 0 00:00:00  -  Run Local Usage
		Usr 0 00:00:53, Sys 0 00:00:01  -  Total Remote Usage
		Usr 0 00:00:00, Sys 0 00:00:00  -  Total Local Usage
	585247  -  Run Bytes Sent By Job
	62694  -  Run Bytes Received By Job
	585247  -  Total Bytes Sent By Job
	62694  -  Total Bytes Received By Job
	Partitionable Resources :    Usage  Request          
	   Cpus                 :                 1          
	   Disk (KB)            :      658      658          
	   Memory (MB)          :       94       94          
...
000 (788943.000.000) 10/12 11:22:15 Job submitted from host: <18.12.1.74:45913>
...
001 (788943.000.000) 10/12 11:36:45 Job executing on host: <18.12.8.245:42920>
...
006 (788943.000.000) 10/12 11:36:54 Image size of job updated: 228896
	96  -  MemoryUsage of job (MB)
	97892  -  ResidentSetSize of job (KB)
...
006 (788943.000.000) 10/12 11:38:38 Image size of job updated: 236112
	96  -  MemoryUsage of job (MB)
	97892  -  ResidentSetSize of job (KB)
...
005 (788943.000.000) 10/12 11:38:38 Job terminated.
	(1) Normal termination (return value 0)
		Usr 0 00:01:06, Sys 0 00:00:01  -  Run Remote Usage
		Usr 0 00:00:00, Sys 0 00:00:00  -  Run Local Usage
		Usr 0 00:01:06, Sys 0 00:00:01  -  Total Remote Usage
		Usr 0 00:00:00, Sys 0 00:00:00  -  Total Local Usage
	585287  -  Run Bytes Sent By Job
	62702  -  Run Bytes Received By Job
	585287  -  Total Bytes Sent By Job
	62702  -  Total Bytes Received By Job
	Partitionable Resources :    Usage  Request          
	   Cpus                 :                 1          
	   Disk (KB)            :      658      658          
	   Memory (MB)          :       96       96          
...
