000 (556458.000.000) 08/12 14:10:59 Job submitted from host: <18.12.1.74:48322>
...
001 (556458.000.000) 08/12 14:48:52 Job executing on host: <18.12.9.82:48979>
...
006 (556458.000.000) 08/12 14:49:00 Image size of job updated: 229952
	81  -  MemoryUsage of job (MB)
	82520  -  ResidentSetSize of job (KB)
...
006 (556458.000.000) 08/12 14:54:00 Image size of job updated: 230512
	100  -  MemoryUsage of job (MB)
	101652  -  ResidentSetSize of job (KB)
...
005 (556458.000.000) 08/12 14:58:59 Job terminated.
	(1) Normal termination (return value 0)
		Usr 0 00:01:00, Sys 0 00:00:03  -  Run Remote Usage
		Usr 0 00:00:00, Sys 0 00:00:00  -  Run Local Usage
		Usr 0 00:01:00, Sys 0 00:00:03  -  Total Remote Usage
		Usr 0 00:00:00, Sys 0 00:00:00  -  Total Local Usage
	585995  -  Run Bytes Sent By Job
	62715  -  Run Bytes Received By Job
	585995  -  Total Bytes Sent By Job
	62715  -  Total Bytes Received By Job
	Partitionable Resources :    Usage  Request          
	   Cpus                 :                 1          
	   Disk (KB)            :      659      659          
	   Memory (MB)          :      100      100          
...
000 (557718.000.000) 08/13 11:57:34 Job submitted from host: <18.12.1.74:48322>
...
001 (557718.000.000) 08/13 12:42:31 Job executing on host: <18.12.12.4:43066>
...
006 (557718.000.000) 08/13 12:42:40 Image size of job updated: 229956
	93  -  MemoryUsage of job (MB)
	95148  -  ResidentSetSize of job (KB)
...
006 (557718.000.000) 08/13 12:44:28 Image size of job updated: 230516
	93  -  MemoryUsage of job (MB)
	95148  -  ResidentSetSize of job (KB)
...
005 (557718.000.000) 08/13 12:44:28 Job terminated.
	(1) Normal termination (return value 0)
		Usr 0 00:01:13, Sys 0 00:00:01  -  Run Remote Usage
		Usr 0 00:00:00, Sys 0 00:00:00  -  Run Local Usage
		Usr 0 00:01:13, Sys 0 00:00:01  -  Total Remote Usage
		Usr 0 00:00:00, Sys 0 00:00:00  -  Total Local Usage
	586154  -  Run Bytes Sent By Job
	62715  -  Run Bytes Received By Job
	586154  -  Total Bytes Sent By Job
	62715  -  Total Bytes Received By Job
	Partitionable Resources :    Usage  Request          
	   Cpus                 :                 1          
	   Disk (KB)            :      659      659          
	   Memory (MB)          :       93       93          
...
000 (558234.000.000) 08/13 14:31:17 Job submitted from host: <18.12.1.74:48322>
...
001 (558234.000.000) 08/13 15:09:30 Job executing on host: <18.12.9.56:42482>
...
006 (558234.000.000) 08/13 15:09:39 Image size of job updated: 2
	3  -  MemoryUsage of job (MB)
	2352  -  ResidentSetSize of job (KB)
...
006 (558234.000.000) 08/13 15:12:48 Image size of job updated: 230516
	3  -  MemoryUsage of job (MB)
	2352  -  ResidentSetSize of job (KB)
...
005 (558234.000.000) 08/13 15:12:48 Job terminated.
	(1) Normal termination (return value 0)
		Usr 0 00:00:57, Sys 0 00:00:01  -  Run Remote Usage
		Usr 0 00:00:00, Sys 0 00:00:00  -  Run Local Usage
		Usr 0 00:00:57, Sys 0 00:00:01  -  Total Remote Usage
		Usr 0 00:00:00, Sys 0 00:00:00  -  Total Local Usage
	585996  -  Run Bytes Sent By Job
	62714  -  Run Bytes Received By Job
	585996  -  Total Bytes Sent By Job
	62714  -  Total Bytes Received By Job
	Partitionable Resources :    Usage  Request          
	   Cpus                 :                 1          
	   Disk (KB)            :      659      659          
	   Memory (MB)          :        3        3          
...
000 (565571.000.000) 08/20 12:58:14 Job submitted from host: <18.12.1.74:48322>
...
001 (565571.000.000) 08/20 12:59:52 Job executing on host: <18.12.9.78:42044>
...
006 (565571.000.000) 08/20 13:00:01 Image size of job updated: 224228
	88  -  MemoryUsage of job (MB)
	89712  -  ResidentSetSize of job (KB)
...
006 (565571.000.000) 08/20 13:02:08 Image size of job updated: 230524
	88  -  MemoryUsage of job (MB)
	89712  -  ResidentSetSize of job (KB)
...
005 (565571.000.000) 08/20 13:08:33 Job terminated.
	(1) Normal termination (return value 0)
		Usr 0 00:00:53, Sys 0 00:00:01  -  Run Remote Usage
		Usr 0 00:00:00, Sys 0 00:00:00  -  Run Local Usage
		Usr 0 00:00:53, Sys 0 00:00:01  -  Total Remote Usage
		Usr 0 00:00:00, Sys 0 00:00:00  -  Total Local Usage
	586263  -  Run Bytes Sent By Job
	62731  -  Run Bytes Received By Job
	586263  -  Total Bytes Sent By Job
	62731  -  Total Bytes Received By Job
	Partitionable Resources :    Usage  Request          
	   Cpus                 :                 1          
	   Disk (KB)            :      659      659          
	   Memory (MB)          :       88       88          
...
