000 (556427.000.000) 08/12 14:10:56 Job submitted from host: <18.12.1.74:48322>
...
001 (556427.000.000) 08/12 14:43:12 Job executing on host: <18.12.9.43:40073>
...
006 (556427.000.000) 08/12 14:43:20 Image size of job updated: 2
	3  -  MemoryUsage of job (MB)
	2356  -  ResidentSetSize of job (KB)
...
006 (556427.000.000) 08/12 14:47:53 Image size of job updated: 230456
	3  -  MemoryUsage of job (MB)
	2356  -  ResidentSetSize of job (KB)
...
005 (556427.000.000) 08/12 14:47:53 Job terminated.
	(1) Normal termination (return value 0)
		Usr 0 00:00:43, Sys 0 00:00:01  -  Run Remote Usage
		Usr 0 00:00:00, Sys 0 00:00:00  -  Run Local Usage
		Usr 0 00:00:43, Sys 0 00:00:01  -  Total Remote Usage
		Usr 0 00:00:00, Sys 0 00:00:00  -  Total Local Usage
	586412  -  Run Bytes Sent By Job
	62715  -  Run Bytes Received By Job
	586412  -  Total Bytes Sent By Job
	62715  -  Total Bytes Received By Job
	Partitionable Resources :    Usage  Request          
	   Cpus                 :                 1          
	   Disk (KB)            :      659      659          
	   Memory (MB)          :        3        3          
...
000 (557687.000.000) 08/13 11:57:31 Job submitted from host: <18.12.1.74:48322>
...
001 (557687.000.000) 08/13 12:37:36 Job executing on host: <18.12.8.12:45037>
...
006 (557687.000.000) 08/13 12:37:45 Image size of job updated: 91404
	16  -  MemoryUsage of job (MB)
	16292  -  ResidentSetSize of job (KB)
...
006 (557687.000.000) 08/13 12:41:07 Image size of job updated: 229984
	16  -  MemoryUsage of job (MB)
	16292  -  ResidentSetSize of job (KB)
...
005 (557687.000.000) 08/13 12:41:07 Job terminated.
	(1) Normal termination (return value 0)
		Usr 0 00:00:39, Sys 0 00:00:01  -  Run Remote Usage
		Usr 0 00:00:00, Sys 0 00:00:00  -  Run Local Usage
		Usr 0 00:00:39, Sys 0 00:00:01  -  Total Remote Usage
		Usr 0 00:00:00, Sys 0 00:00:00  -  Total Local Usage
	586410  -  Run Bytes Sent By Job
	62715  -  Run Bytes Received By Job
	586410  -  Total Bytes Sent By Job
	62715  -  Total Bytes Received By Job
	Partitionable Resources :    Usage  Request          
	   Cpus                 :                 1          
	   Disk (KB)            :      659      659          
	   Memory (MB)          :       16       16          
...
000 (558203.000.000) 08/13 14:31:14 Job submitted from host: <18.12.1.74:48322>
...
001 (558203.000.000) 08/13 15:04:58 Job executing on host: <18.12.9.63:42190>
...
006 (558203.000.000) 08/13 15:05:07 Image size of job updated: 229044
	94  -  MemoryUsage of job (MB)
	95848  -  ResidentSetSize of job (KB)
...
006 (558203.000.000) 08/13 15:10:08 Image size of job updated: 229984
	96  -  MemoryUsage of job (MB)
	97748  -  ResidentSetSize of job (KB)
...
005 (558203.000.000) 08/13 15:11:13 Job terminated.
	(1) Normal termination (return value 0)
		Usr 0 00:00:36, Sys 0 00:00:00  -  Run Remote Usage
		Usr 0 00:00:00, Sys 0 00:00:00  -  Run Local Usage
		Usr 0 00:00:36, Sys 0 00:00:00  -  Total Remote Usage
		Usr 0 00:00:00, Sys 0 00:00:00  -  Total Local Usage
	585917  -  Run Bytes Sent By Job
	62714  -  Run Bytes Received By Job
	585917  -  Total Bytes Sent By Job
	62714  -  Total Bytes Received By Job
	Partitionable Resources :    Usage  Request          
	   Cpus                 :                 1          
	   Disk (KB)            :      659      659          
	   Memory (MB)          :       96       96          
...
000 (565540.000.000) 08/20 12:55:50 Job submitted from host: <18.12.1.74:48322>
...
001 (565540.000.000) 08/20 12:56:01 Job executing on host: <18.12.9.35:44891>
...
006 (565540.000.000) 08/20 12:56:09 Image size of job updated: 91140
	16  -  MemoryUsage of job (MB)
	15824  -  ResidentSetSize of job (KB)
...
006 (565540.000.000) 08/20 12:58:24 Image size of job updated: 229984
	16  -  MemoryUsage of job (MB)
	15824  -  ResidentSetSize of job (KB)
...
005 (565540.000.000) 08/20 13:05:58 Job terminated.
	(1) Normal termination (return value 0)
		Usr 0 00:00:38, Sys 0 00:00:02  -  Run Remote Usage
		Usr 0 00:00:00, Sys 0 00:00:00  -  Run Local Usage
		Usr 0 00:00:38, Sys 0 00:00:02  -  Total Remote Usage
		Usr 0 00:00:00, Sys 0 00:00:00  -  Total Local Usage
	586318  -  Run Bytes Sent By Job
	62731  -  Run Bytes Received By Job
	586318  -  Total Bytes Sent By Job
	62731  -  Total Bytes Received By Job
	Partitionable Resources :    Usage  Request          
	   Cpus                 :                 1          
	   Disk (KB)            :      659      659          
	   Memory (MB)          :       16       16          
...
