
----------------------------------------------------
Job started on Thu Aug 20 21:00:38 EDT 2015 at WN: t2bat0309.cmsaf.mit.edu 
Job is running on Linux t2bat0309.cmsaf.mit.edu 2.6.32-358.el6.x86_64 #1 SMP Fri Feb 22 20:37:17 CST 2013 x86_64 x86_64 x86_64 GNU/Linux
Filesystem            Size  Used Avail Use% Mounted on
/dev/sda3              20G  4.4G   15G  24% /
tmpfs                  32G     0   32G   0% /dev/shm
/dev/sda1              97M   32M   61M  35% /boot
/dev/sda4             416G   56G  360G  14% /export/data1
/dev/sdb1             3.6T  3.3T  339G  91% /export/00b
/dev/sdc1             3.6T  3.3T  388G  90% /export/00c
/dev/sdd1             3.6T  3.3T  348G  91% /export/00d
/dev/sde1             3.6T  3.3T  363G  91% /export/00e
/dev/sdf1             3.6T  3.2T  396G  90% /export/00f
/dev/sdg1             3.6T  3.3T  385G  90% /export/00g
fuse_dfs              4.9P  4.6P  323T  94% /mnt/hadoop
cvmfs2                 98G   33G   65G  34% /cvmfs/cms.cern.ch
t2srv0004:/export/db  135G  187M  135G   1% /net/t2srv0004/db
hisrv0001:/export/home
                      2.0T  1.7T  187G  91% /net/hisrv0001/home
cvmfs2                 98G   33G   65G  34% /cvmfs/cvmfs.cmsaf.mit.edu
gcc (GCC) 4.4.7 20120313 (Red Hat 4.4.7-3)
Copyright (C) 2010 Free Software Foundation, Inc.
This is free software; see the source for copying conditions.  There is NO
warranty; not even for MERCHANTABILITY or FITNESS FOR A PARTICULAR PURPOSE.

Processing...
0/71743
10000/71743
20000/71743
30000/71743
40000/71743
50000/71743
60000/71743
70000/71743
Macro finished: 
CPU time (min)  = 0.485
Real time (min) = 0.783874
total 1.6M
-rw-r--r--  1 obaron obaron  94K Aug 20 20:49 jetRAA_PbPb_data_akPu3_select.txt
-rw-r--r--  1 obaron obaron  70K Aug 20 20:49 RAA_read_data_pbpb.C
-rw-r--r--  1 obaron obaron 108K Aug 20 20:49 jetRAA_PbPb_data_forest.txt
-rw-r--r--  1 obaron obaron  94K Aug 20 20:49 jetRAA_PbPb_data_akPu2_select.txt
-rw-r--r--  1 obaron obaron  94K Aug 20 20:50 jetRAA_PbPb_data_akPu4_select.txt
-rw-rw-r--  1 obaron obaron  61K Aug 20 20:57 jetRAA_run_PbPb_Data.tar
-rwxr-xr-x  1 obaron obaron 1.2K Aug 20 20:57 condor_exec.exe
-rw-r--r--  1 obaron obaron  11K Aug 20 20:57 RAA_read_data_pbpb_C.d
-rwxr-xr-x  1 obaron obaron 101K Aug 20 20:58 RAA_read_data_pbpb_C.so
drwxr-xr-x 18 condor root   4.0K Aug 20 21:00 ..
-rw-r--r--  1 condor condor 5.2K Aug 20 21:00 .machine.ad
-rw-r--r--  1 condor condor  20K Aug 20 21:00 .job.ad
drwxr-xr-x  2 obaron obaron 4.0K Aug 20 21:00 .
-rw-r--r--  1 obaron obaron  678 Aug 20 21:00 _condor_stderr
-rw-r--r--  1 obaron obaron 1.6K Aug 20 21:01 _condor_stdout
-rw-r--r--  1 obaron obaron 862K Aug 20 21:01 PbPb_Data_histograms_FromForest_pileupCutFIX_ZDCmCut_akPu2_20_eta_20_55.root
Done!
Copied output files to hadoop rootfiles/JetRAA/June29
