000 (554314.000.000) 08/11 09:09:19 Job submitted from host: <18.12.1.74:48322>
...
001 (554314.000.000) 08/11 09:09:52 Job executing on host: <18.12.12.10:42701>
...
006 (554314.000.000) 08/11 09:10:00 Image size of job updated: 2
	3  -  MemoryUsage of job (MB)
	2340  -  ResidentSetSize of job (KB)
...
006 (554314.000.000) 08/11 09:12:02 Image size of job updated: 230376
	3  -  MemoryUsage of job (MB)
	2340  -  ResidentSetSize of job (KB)
...
005 (554314.000.000) 08/11 09:12:02 Job terminated.
	(1) Normal termination (return value 0)
		Usr 0 00:01:07, Sys 0 00:00:02  -  Run Remote Usage
		Usr 0 00:00:00, Sys 0 00:00:00  -  Run Local Usage
		Usr 0 00:01:07, Sys 0 00:00:02  -  Total Remote Usage
		Usr 0 00:00:00, Sys 0 00:00:00  -  Total Local Usage
	585964  -  Run Bytes Sent By Job
	62717  -  Run Bytes Received By Job
	585964  -  Total Bytes Sent By Job
	62717  -  Total Bytes Received By Job
	Partitionable Resources :    Usage  Request          
	   Cpus                 :                 1          
	   Disk (KB)            :      658      658          
	   Memory (MB)          :        3        3          
...
000 (558029.000.000) 08/13 13:34:26 Job submitted from host: <18.12.1.74:48322>
...
001 (558029.000.000) 08/13 14:02:17 Job executing on host: <18.12.9.65:41971>
...
006 (558029.000.000) 08/13 14:02:26 Image size of job updated: 2
	3  -  MemoryUsage of job (MB)
	2356  -  ResidentSetSize of job (KB)
...
006 (558029.000.000) 08/13 14:04:38 Image size of job updated: 230404
	3  -  MemoryUsage of job (MB)
	2356  -  ResidentSetSize of job (KB)
...
005 (558029.000.000) 08/13 14:04:38 Job terminated.
	(1) Normal termination (return value 0)
		Usr 0 00:01:08, Sys 0 00:00:01  -  Run Remote Usage
		Usr 0 00:00:00, Sys 0 00:00:00  -  Run Local Usage
		Usr 0 00:01:08, Sys 0 00:00:01  -  Total Remote Usage
		Usr 0 00:00:00, Sys 0 00:00:00  -  Total Local Usage
	586019  -  Run Bytes Sent By Job
	62720  -  Run Bytes Received By Job
	586019  -  Total Bytes Sent By Job
	62720  -  Total Bytes Received By Job
	Partitionable Resources :    Usage  Request          
	   Cpus                 :                 1          
	   Disk (KB)            :      659      659          
	   Memory (MB)          :        3        3          
...
000 (566320.000.000) 08/20 20:27:54 Job submitted from host: <18.12.1.74:48322>
...
007 (566320.000.000) 08/20 20:28:05 Shadow exception!
	Error from slot6@t2bat0024.cmsaf.mit.edu: Failed to transfer files
	0  -  Run Bytes Sent By Job
	0  -  Run Bytes Received By Job
...
007 (566320.000.000) 08/20 20:28:08 Shadow exception!
	Error from slot6@t2bat0024.cmsaf.mit.edu: Failed to transfer files
	0  -  Run Bytes Sent By Job
	0  -  Run Bytes Received By Job
...
001 (566320.000.000) 08/20 20:28:11 Job executing on host: <18.12.8.24:49782>
...
006 (566320.000.000) 08/20 20:28:20 Image size of job updated: 192484
	77  -  MemoryUsage of job (MB)
	78212  -  ResidentSetSize of job (KB)
...
006 (566320.000.000) 08/20 20:31:07 Image size of job updated: 230404
	77  -  MemoryUsage of job (MB)
	78212  -  ResidentSetSize of job (KB)
...
005 (566320.000.000) 08/20 20:37:43 Job terminated.
	(1) Normal termination (return value 0)
		Usr 0 00:02:03, Sys 0 00:00:05  -  Run Remote Usage
		Usr 0 00:00:00, Sys 0 00:00:00  -  Run Local Usage
		Usr 0 00:02:03, Sys 0 00:00:05  -  Total Remote Usage
		Usr 0 00:00:00, Sys 0 00:00:00  -  Total Local Usage
	586234  -  Run Bytes Sent By Job
	62732  -  Run Bytes Received By Job
	586234  -  Total Bytes Sent By Job
	62732  -  Total Bytes Received By Job
	Partitionable Resources :    Usage  Request          
	   Cpus                 :                 1          
	   Disk (KB)            :      659      659          
	   Memory (MB)          :       77       77          
...
000 (782868.000.000) 10/01 15:58:54 Job submitted from host: <18.12.1.74:47665>
...
001 (782868.000.000) 10/01 16:11:10 Job executing on host: <18.12.9.34:44088>
...
006 (782868.000.000) 10/01 16:11:19 Image size of job updated: 2
	3  -  MemoryUsage of job (MB)
	2352  -  ResidentSetSize of job (KB)
...
006 (782868.000.000) 10/01 16:16:20 Image size of job updated: 230376
	110  -  MemoryUsage of job (MB)
	111836  -  ResidentSetSize of job (KB)
...
022 (782868.000.000) 10/01 16:30:21 Job disconnected, attempting to reconnect
    Local schedd and job shadow died, schedd now running again
    Trying to reconnect to slot9@t2bat0290.cmsaf.mit.edu <18.12.9.34:44088>
...
024 (782868.000.000) 10/01 16:33:00 Job reconnection failed
    Job disconnected too long: JobLeaseDuration (1200 seconds) expired
    Can not reconnect to slot9@t2bat0290.cmsaf.mit.edu, rescheduling job
...
001 (782868.000.000) 10/01 16:34:56 Job executing on host: <18.12.8.180:43431>
...
006 (782868.000.000) 10/01 16:35:05 Image size of job updated: 146264
	31  -  MemoryUsage of job (MB)
	30976  -  ResidentSetSize of job (KB)
...
006 (782868.000.000) 10/01 16:40:06 Image size of job updated: 230408
	97  -  MemoryUsage of job (MB)
	99188  -  ResidentSetSize of job (KB)
...
005 (782868.000.000) 10/01 16:41:45 Job terminated.
	(1) Normal termination (return value 0)
		Usr 0 00:01:05, Sys 0 00:00:01  -  Run Remote Usage
		Usr 0 00:00:00, Sys 0 00:00:00  -  Run Local Usage
		Usr 0 00:01:05, Sys 0 00:00:01  -  Total Remote Usage
		Usr 0 00:00:00, Sys 0 00:00:00  -  Total Local Usage
	586234  -  Run Bytes Sent By Job
	62734  -  Run Bytes Received By Job
	586234  -  Total Bytes Sent By Job
	62734  -  Total Bytes Received By Job
	Partitionable Resources :    Usage  Request          
	   Cpus                 :                 1          
	   Disk (KB)            :      659      659          
	   Memory (MB)          :       97       97          
...
000 (786026.000.000) 10/05 14:19:11 Job submitted from host: <18.12.1.74:45913>
...
001 (786026.000.000) 10/05 14:20:08 Job executing on host: <18.12.8.44:40438>
...
006 (786026.000.000) 10/05 14:20:17 Image size of job updated: 1196
	1  -  MemoryUsage of job (MB)
	152  -  ResidentSetSize of job (KB)
...
006 (786026.000.000) 10/05 14:22:21 Image size of job updated: 230452
	1  -  MemoryUsage of job (MB)
	152  -  ResidentSetSize of job (KB)
...
005 (786026.000.000) 10/05 14:22:21 Job terminated.
	(1) Normal termination (return value 0)
		Usr 0 00:01:28, Sys 0 00:00:02  -  Run Remote Usage
		Usr 0 00:00:00, Sys 0 00:00:00  -  Run Local Usage
		Usr 0 00:01:28, Sys 0 00:00:02  -  Total Remote Usage
		Usr 0 00:00:00, Sys 0 00:00:00  -  Total Local Usage
	586465  -  Run Bytes Sent By Job
	62732  -  Run Bytes Received By Job
	586465  -  Total Bytes Sent By Job
	62732  -  Total Bytes Received By Job
	Partitionable Resources :    Usage  Request          
	   Cpus                 :                 1          
	   Disk (KB)            :      659      659          
	   Memory (MB)          :        1        1          
...
000 (786392.000.000) 10/07 09:51:27 Job submitted from host: <18.12.1.74:45913>
...
001 (786392.000.000) 10/07 09:53:22 Job executing on host: <18.12.12.16:44234>
...
006 (786392.000.000) 10/07 09:53:30 Image size of job updated: 230140
	95  -  MemoryUsage of job (MB)
	97104  -  ResidentSetSize of job (KB)
...
006 (786392.000.000) 10/07 09:55:53 Image size of job updated: 230404
	95  -  MemoryUsage of job (MB)
	97104  -  ResidentSetSize of job (KB)
...
005 (786392.000.000) 10/07 09:55:53 Job terminated.
	(1) Normal termination (return value 0)
		Usr 0 00:01:26, Sys 0 00:00:02  -  Run Remote Usage
		Usr 0 00:00:00, Sys 0 00:00:00  -  Run Local Usage
		Usr 0 00:01:26, Sys 0 00:00:02  -  Total Remote Usage
		Usr 0 00:00:00, Sys 0 00:00:00  -  Total Local Usage
	586246  -  Run Bytes Sent By Job
	62734  -  Run Bytes Received By Job
	586246  -  Total Bytes Sent By Job
	62734  -  Total Bytes Received By Job
	Partitionable Resources :    Usage  Request          
	   Cpus                 :                 1          
	   Disk (KB)            :      659      659          
	   Memory (MB)          :       95       95          
...
000 (786573.000.000) 10/07 11:12:58 Job submitted from host: <18.12.1.74:45913>
...
001 (786573.000.000) 10/07 11:21:41 Job executing on host: <18.12.8.188:41533>
...
006 (786573.000.000) 10/07 11:21:50 Image size of job updated: 230232
	95  -  MemoryUsage of job (MB)
	97076  -  ResidentSetSize of job (KB)
...
006 (786573.000.000) 10/07 11:23:46 Image size of job updated: 230364
	95  -  MemoryUsage of job (MB)
	97076  -  ResidentSetSize of job (KB)
...
005 (786573.000.000) 10/07 11:23:46 Job terminated.
	(1) Normal termination (return value 0)
		Usr 0 00:01:21, Sys 0 00:00:01  -  Run Remote Usage
		Usr 0 00:00:00, Sys 0 00:00:00  -  Run Local Usage
		Usr 0 00:01:21, Sys 0 00:00:01  -  Total Remote Usage
		Usr 0 00:00:00, Sys 0 00:00:00  -  Total Local Usage
	585345  -  Run Bytes Sent By Job
	62746  -  Run Bytes Received By Job
	585345  -  Total Bytes Sent By Job
	62746  -  Total Bytes Received By Job
	Partitionable Resources :    Usage  Request          
	   Cpus                 :                 1          
	   Disk (KB)            :      658      658          
	   Memory (MB)          :       95       95          
...
000 (787500.000.000) 10/08 12:42:44 Job submitted from host: <18.12.1.74:45913>
...
001 (787500.000.000) 10/08 12:47:41 Job executing on host: <18.12.9.65:49271>
...
006 (787500.000.000) 10/08 12:47:50 Image size of job updated: 193780
	79  -  MemoryUsage of job (MB)
	80156  -  ResidentSetSize of job (KB)
...
006 (787500.000.000) 10/08 12:49:10 Image size of job updated: 230360
	79  -  MemoryUsage of job (MB)
	80156  -  ResidentSetSize of job (KB)
...
005 (787500.000.000) 10/08 12:49:10 Job terminated.
	(1) Normal termination (return value 0)
		Usr 0 00:00:54, Sys 0 00:00:00  -  Run Remote Usage
		Usr 0 00:00:00, Sys 0 00:00:00  -  Run Local Usage
		Usr 0 00:00:54, Sys 0 00:00:00  -  Total Remote Usage
		Usr 0 00:00:00, Sys 0 00:00:00  -  Total Local Usage
	585187  -  Run Bytes Sent By Job
	62749  -  Run Bytes Received By Job
	585187  -  Total Bytes Sent By Job
	62749  -  Total Bytes Received By Job
	Partitionable Resources :    Usage  Request          
	   Cpus                 :                 1          
	   Disk (KB)            :      658      658          
	   Memory (MB)          :       79       79          
...
000 (787682.000.000) 10/08 14:27:16 Job submitted from host: <18.12.1.74:45913>
...
001 (787682.000.000) 10/08 14:42:44 Job executing on host: <18.12.9.62:46132>
...
006 (787682.000.000) 10/08 14:42:53 Image size of job updated: 2
	3  -  MemoryUsage of job (MB)
	2348  -  ResidentSetSize of job (KB)
...
006 (787682.000.000) 10/08 14:44:20 Image size of job updated: 230360
	3  -  MemoryUsage of job (MB)
	2348  -  ResidentSetSize of job (KB)
...
005 (787682.000.000) 10/08 14:44:20 Job terminated.
	(1) Normal termination (return value 0)
		Usr 0 00:01:02, Sys 0 00:00:01  -  Run Remote Usage
		Usr 0 00:00:00, Sys 0 00:00:00  -  Run Local Usage
		Usr 0 00:01:02, Sys 0 00:00:01  -  Total Remote Usage
		Usr 0 00:00:00, Sys 0 00:00:00  -  Total Local Usage
	585389  -  Run Bytes Sent By Job
	62691  -  Run Bytes Received By Job
	585389  -  Total Bytes Sent By Job
	62691  -  Total Bytes Received By Job
	Partitionable Resources :    Usage  Request          
	   Cpus                 :                 1          
	   Disk (KB)            :      658      658          
	   Memory (MB)          :        3        3          
...
000 (787865.000.000) 10/08 15:16:36 Job submitted from host: <18.12.1.74:45913>
...
001 (787865.000.000) 10/08 15:24:34 Job executing on host: <18.12.9.77:44015>
...
006 (787865.000.000) 10/08 15:24:42 Image size of job updated: 230228
	95  -  MemoryUsage of job (MB)
	97068  -  ResidentSetSize of job (KB)
...
006 (787865.000.000) 10/08 15:26:22 Image size of job updated: 230360
	95  -  MemoryUsage of job (MB)
	97068  -  ResidentSetSize of job (KB)
...
005 (787865.000.000) 10/08 15:26:22 Job terminated.
	(1) Normal termination (return value 0)
		Usr 0 00:01:08, Sys 0 00:00:01  -  Run Remote Usage
		Usr 0 00:00:00, Sys 0 00:00:00  -  Run Local Usage
		Usr 0 00:01:08, Sys 0 00:00:01  -  Total Remote Usage
		Usr 0 00:00:00, Sys 0 00:00:00  -  Total Local Usage
	585390  -  Run Bytes Sent By Job
	62696  -  Run Bytes Received By Job
	585390  -  Total Bytes Sent By Job
	62696  -  Total Bytes Received By Job
	Partitionable Resources :    Usage  Request          
	   Cpus                 :                 1          
	   Disk (KB)            :      658      658          
	   Memory (MB)          :       95       95          
...
000 (788775.000.000) 10/12 10:42:39 Job submitted from host: <18.12.1.74:45913>
...
001 (788775.000.000) 10/12 10:51:24 Job executing on host: <18.12.8.165:47811>
...
006 (788775.000.000) 10/12 10:51:33 Image size of job updated: 230228
	95  -  MemoryUsage of job (MB)
	97080  -  ResidentSetSize of job (KB)
...
006 (788775.000.000) 10/12 10:53:38 Image size of job updated: 230360
	95  -  MemoryUsage of job (MB)
	97080  -  ResidentSetSize of job (KB)
...
005 (788775.000.000) 10/12 10:53:38 Job terminated.
	(1) Normal termination (return value 0)
		Usr 0 00:01:36, Sys 0 00:00:01  -  Run Remote Usage
		Usr 0 00:00:00, Sys 0 00:00:00  -  Run Local Usage
		Usr 0 00:01:36, Sys 0 00:00:01  -  Total Remote Usage
		Usr 0 00:00:00, Sys 0 00:00:00  -  Total Local Usage
	585143  -  Run Bytes Sent By Job
	62704  -  Run Bytes Received By Job
	585143  -  Total Bytes Sent By Job
	62704  -  Total Bytes Received By Job
	Partitionable Resources :    Usage  Request          
	   Cpus                 :                 1          
	   Disk (KB)            :      658      658          
	   Memory (MB)          :       95       95          
...
