
----------------------------------------------------
Job started on Thu Aug 20 12:54:28 EDT 2015 at WN: hibat0025.cmsaf.mit.edu 
Job is running on Linux hibat0025.cmsaf.mit.edu 2.6.32-358.el6.x86_64 #1 SMP Fri Feb 22 20:37:17 CST 2013 x86_64 x86_64 x86_64 GNU/Linux
Filesystem            Size  Used Avail Use% Mounted on
/dev/sda3              20G  4.1G   15G  22% /
tmpfs                  24G     0   24G   0% /dev/shm
/dev/sda1              97M   32M   61M  35% /boot
/dev/sda4             1.8T   92G  1.7T   6% /export/data1
/dev/sdb1             1.8T  1.8T   26G  99% /export/00b
/dev/sdc1             1.8T  1.7T  165G  92% /export/00c
/dev/sdd1             1.8T  1.7T  159G  92% /export/00d
/dev/sde1             1.8T  1.7T  169G  91% /export/00e
/dev/sdf1             1.8T  1.7T  168G  91% /export/00f
fuse_dfs              4.9P  4.6P  328T  94% /mnt/hadoop
t2srv0004:/export/db  135G  187M  135G   1% /net/t2srv0004/db
cvmfs2                 98G   86G   12G  88% /cvmfs/cms.cern.ch
cvmfs2                 98G   86G   12G  88% /cvmfs/cvmfs.cmsaf.mit.edu
gcc (GCC) 4.4.7 20120313 (Red Hat 4.4.7-3)
Copyright (C) 2010 Free Software Foundation, Inc.
This is free software; see the source for copying conditions.  There is NO
warranty; not even for MERCHANTABILITY or FITNESS FOR A PARTICULAR PURPOSE.

Processing...
0/154984
10000/154984
20000/154984
30000/154984
40000/154984
50000/154984
60000/154984
70000/154984
80000/154984
90000/154984
100000/154984
110000/154984
120000/154984
130000/154984
140000/154984
150000/154984
Macro finished: 
CPU time (min)  = 1.60667
Real time (min) = 10.9058
total 1.8M
-rw-r--r--  1 obaron obaron 108K Aug 13 15:28 jetRAA_PbPb_data_forest.txt
-rw-r--r--  1 obaron obaron  94K Aug 13 15:28 jetRAA_PbPb_data_akPu4_select.txt
-rw-r--r--  1 obaron obaron  94K Aug 13 15:28 jetRAA_PbPb_data_akPu3_select.txt
-rw-r--r--  1 obaron obaron  94K Aug 13 15:28 jetRAA_PbPb_data_akPu2_select.txt
-rw-r--r--  1 obaron obaron  70K Aug 20 12:29 RAA_read_data_pbpb.C
-rw-r--r--  1 obaron obaron  11K Aug 20 12:30 RAA_read_data_pbpb_C.d
-rwxr-xr-x  1 obaron obaron 101K Aug 20 12:30 RAA_read_data_pbpb_C.so
-rw-rw-r--  1 obaron obaron  61K Aug 20 12:54 jetRAA_run_PbPb_Data.tar
-rwxr-xr-x  1 obaron obaron 1.2K Aug 20 12:54 condor_exec.exe
-rw-r--r--  1 condor condor 5.6K Aug 20 12:54 .machine.ad
-rw-r--r--  1 condor condor  20K Aug 20 12:54 .job.ad
-rwx------  1 obaron obaron   49 Aug 20 12:54 .chirp.config
drwx------  2 obaron obaron 4.0K Aug 20 12:54 .
-rw-r--r--  1 obaron obaron  678 Aug 20 12:54 _condor_stderr
drwxr-xr-x 13 condor root   4.0K Aug 20 12:58 ..
-rw-r--r--  1 obaron obaron 1.6K Aug 20 13:05 _condor_stdout
-rw-r--r--  1 obaron obaron 1.1M Aug 20 13:05 PbPb_Data_histograms_FromForest_pileupCutFIX_ZDCmCut_akPu4_20_eta_20_530.root
Done!
Copied output files to hadoop rootfiles/JetRAA/June29
