
----------------------------------------------------
Job started on Thu Aug 20 20:23:52 EDT 2015 at WN: t2bat0227.cmsaf.mit.edu 
Job is running on Linux t2bat0227.cmsaf.mit.edu 2.6.32-358.el6.x86_64 #1 SMP Fri Feb 22 20:37:17 CST 2013 x86_64 x86_64 x86_64 GNU/Linux
Filesystem            Size  Used Avail Use% Mounted on
/dev/sda3              20G  3.9G   15G  21% /
tmpfs                  12G     0   12G   0% /dev/shm
/dev/sda1              97M   32M   61M  35% /boot
/dev/sda4             874G   68G  806G   8% /export/data1
/dev/sdb1             1.8T  1.7T  139G  93% /export/00b
/dev/sdc1             1.8T  1.7T  120G  94% /export/00c
/dev/sdd1             1.8T  1.7T  133G  93% /export/00d
/dev/sde1             1.8T  1.7T  126G  94% /export/00e
/dev/sdf1             1.8T  1.7T  121G  94% /export/00f
fuse_dfs              4.9P  4.6P  323T  94% /mnt/hadoop
t2srv0004:/export/db  135G  187M  135G   1% /net/t2srv0004/db
cvmfs2                 98G   51G   47G  52% /cvmfs/cms.cern.ch
cvmfs2                 98G   51G   47G  52% /cvmfs/cvmfs.cmsaf.mit.edu
cvmfs2                 98G   51G   47G  52% /cvmfs/oasis.opensciencegrid.org
cvmfs2                 98G   51G   47G  52% /cvmfs/cdfcfs.fnal.gov
gcc (GCC) 4.4.7 20120313 (Red Hat 4.4.7-3)
Copyright (C) 2010 Free Software Foundation, Inc.
This is free software; see the source for copying conditions.  There is NO
warranty; not even for MERCHANTABILITY or FITNESS FOR A PARTICULAR PURPOSE.

Processing...
0/194686
10000/194686
20000/194686
30000/194686
40000/194686
50000/194686
60000/194686
70000/194686
80000/194686
90000/194686
100000/194686
110000/194686
120000/194686
130000/194686
140000/194686
150000/194686
160000/194686
170000/194686
180000/194686
190000/194686
Macro finished: 
CPU time (min)  = 2.01317
Real time (min) = 2.70379
total 1.7M
-rw-r--r--  1 obaron obaron  94K Aug 20 13:21 jetRAA_PbPb_data_akPu2_select.txt
-rw-r--r--  1 obaron obaron  94K Aug 20 13:21 jetRAA_PbPb_data_akPu4_select.txt
-rw-r--r--  1 obaron obaron 108K Aug 20 13:22 jetRAA_PbPb_data_forest.txt
-rw-r--r--  1 obaron obaron  94K Aug 20 13:22 jetRAA_PbPb_data_akPu3_select.txt
-rw-r--r--  1 obaron obaron  70K Aug 20 20:03 RAA_read_data_pbpb.C
-rw-r--r--  1 obaron obaron  11K Aug 20 20:04 RAA_read_data_pbpb_C.d
-rwxr-xr-x  1 obaron obaron 101K Aug 20 20:05 RAA_read_data_pbpb_C.so
-rw-rw-r--  1 obaron obaron  61K Aug 20 20:23 jetRAA_run_PbPb_Data.tar
-rwxr-xr-x  1 obaron obaron 1.2K Aug 20 20:23 condor_exec.exe
-rw-r--r--  1 condor condor 5.5K Aug 20 20:23 .machine.ad
-rw-r--r--  1 condor condor  20K Aug 20 20:23 .job.ad
drwxr-xr-x 19 condor root   4.0K Aug 20 20:23 ..
-rwx------  1 obaron obaron   50 Aug 20 20:23 .chirp.config
drwx------  2 obaron obaron 4.0K Aug 20 20:23 .
-rw-r--r--  1 obaron obaron  678 Aug 20 20:23 _condor_stderr
-rw-r--r--  1 obaron obaron 1.8K Aug 20 20:26 _condor_stdout
-rw-r--r--  1 obaron obaron 1.1M Aug 20 20:26 PbPb_Data_histograms_FromForest_pileupCutFIX_ZDCmCut_akPu3_20_eta_20_345.root
Done!
Copied output files to hadoop rootfiles/JetRAA/June29
