000 (556055.000.000) 08/12 11:33:40 Job submitted from host: <18.12.1.74:48322>
...
001 (556055.000.000) 08/12 11:50:04 Job executing on host: <18.12.8.181:40584>
...
006 (556055.000.000) 08/12 11:50:12 Image size of job updated: 2
	3  -  MemoryUsage of job (MB)
	2348  -  ResidentSetSize of job (KB)
...
006 (556055.000.000) 08/12 11:55:12 Image size of job updated: 230476
	108  -  MemoryUsage of job (MB)
	109956  -  ResidentSetSize of job (KB)
...
005 (556055.000.000) 08/12 11:55:32 Job terminated.
	(1) Normal termination (return value 0)
		Usr 0 00:01:21, Sys 0 00:00:01  -  Run Remote Usage
		Usr 0 00:00:00, Sys 0 00:00:00  -  Run Local Usage
		Usr 0 00:01:21, Sys 0 00:00:01  -  Total Remote Usage
		Usr 0 00:00:00, Sys 0 00:00:00  -  Total Local Usage
	586236  -  Run Bytes Sent By Job
	62715  -  Run Bytes Received By Job
	586236  -  Total Bytes Sent By Job
	62715  -  Total Bytes Received By Job
	Partitionable Resources :    Usage  Request          
	   Cpus                 :                 1          
	   Disk (KB)            :      659      659          
	   Memory (MB)          :      108      108          
...
000 (566424.000.000) 08/20 21:02:37 Job submitted from host: <18.12.1.74:48322>
...
001 (566424.000.000) 08/20 21:03:00 Job executing on host: <18.12.8.242:48249>
...
006 (566424.000.000) 08/20 21:03:09 Image size of job updated: 225384
	92  -  MemoryUsage of job (MB)
	93284  -  ResidentSetSize of job (KB)
...
006 (566424.000.000) 08/20 21:05:55 Image size of job updated: 230476
	92  -  MemoryUsage of job (MB)
	93284  -  ResidentSetSize of job (KB)
...
022 (566424.000.000) 08/20 21:05:56 Job disconnected, attempting to reconnect
    Socket between submit and execute hosts closed unexpectedly
    Trying to reconnect to slot14@t2bat0242.cmsaf.mit.edu <18.12.8.242:48249>
...
023 (566424.000.000) 08/20 21:05:56 Job reconnected to slot14@t2bat0242.cmsaf.mit.edu
    startd address: <18.12.8.242:48249>
    starter address: <18.12.8.242:44161>
...
022 (566424.000.000) 08/20 21:05:56 Job disconnected, attempting to reconnect
    Socket between submit and execute hosts closed unexpectedly
    Trying to reconnect to slot14@t2bat0242.cmsaf.mit.edu <18.12.8.242:48249>
...
023 (566424.000.000) 08/20 21:05:57 Job reconnected to slot14@t2bat0242.cmsaf.mit.edu
    startd address: <18.12.8.242:48249>
    starter address: <18.12.8.242:44161>
...
022 (566424.000.000) 08/20 21:05:58 Job disconnected, attempting to reconnect
    Socket between submit and execute hosts closed unexpectedly
    Trying to reconnect to slot14@t2bat0242.cmsaf.mit.edu <18.12.8.242:48249>
...
023 (566424.000.000) 08/20 21:05:58 Job reconnected to slot14@t2bat0242.cmsaf.mit.edu
    startd address: <18.12.8.242:48249>
    starter address: <18.12.8.242:44161>
...
022 (566424.000.000) 08/20 21:05:59 Job disconnected, attempting to reconnect
    Socket between submit and execute hosts closed unexpectedly
    Trying to reconnect to slot14@t2bat0242.cmsaf.mit.edu <18.12.8.242:48249>
...
023 (566424.000.000) 08/20 21:06:00 Job reconnected to slot14@t2bat0242.cmsaf.mit.edu
    startd address: <18.12.8.242:48249>
    starter address: <18.12.8.242:44161>
...
007 (566424.000.000) 08/20 21:06:03 Shadow exception!
	Error from slot14@t2bat0242.cmsaf.mit.edu: Repeated attempts to transfer output failed for unknown reasons
	0  -  Run Bytes Sent By Job
	62731  -  Run Bytes Received By Job
...
007 (566424.000.000) 08/20 21:06:20 Shadow exception!
	Error from slot21@t2bat0283.cmsaf.mit.edu: Failed to transfer files
	0  -  Run Bytes Sent By Job
	0  -  Run Bytes Received By Job
...
001 (566424.000.000) 08/20 21:06:26 Job executing on host: <18.12.9.27:43942>
...
006 (566424.000.000) 08/20 21:11:36 Image size of job updated: 250000
	101  -  MemoryUsage of job (MB)
	102940  -  ResidentSetSize of job (KB)
...
005 (566424.000.000) 08/20 21:19:07 Job terminated.
	(1) Normal termination (return value 0)
		Usr 0 00:01:31, Sys 0 00:00:02  -  Run Remote Usage
		Usr 0 00:00:00, Sys 0 00:00:00  -  Run Local Usage
		Usr 0 00:01:31, Sys 0 00:00:02  -  Total Remote Usage
		Usr 0 00:00:00, Sys 0 00:00:00  -  Total Local Usage
	586484  -  Run Bytes Sent By Job
	62731  -  Run Bytes Received By Job
	586484  -  Total Bytes Sent By Job
	125462  -  Total Bytes Received By Job
	Partitionable Resources :    Usage  Request          
	   Cpus                 :                 1          
	   Disk (KB)            :      750      750          
	   Memory (MB)          :      101      101          
...
