000 (556080.000.000) 08/12 11:33:42 Job submitted from host: <18.12.1.74:48322>
...
001 (556080.000.000) 08/12 11:53:21 Job executing on host: <18.12.6.95:44818>
...
006 (556080.000.000) 08/12 11:53:29 Image size of job updated: 193804
	78  -  MemoryUsage of job (MB)
	79564  -  ResidentSetSize of job (KB)
...
006 (556080.000.000) 08/12 11:58:18 Image size of job updated: 230588
	78  -  MemoryUsage of job (MB)
	79564  -  ResidentSetSize of job (KB)
...
005 (556080.000.000) 08/12 11:58:18 Job terminated.
	(1) Normal termination (return value 0)
		Usr 0 00:01:04, Sys 0 00:00:02  -  Run Remote Usage
		Usr 0 00:00:00, Sys 0 00:00:00  -  Run Local Usage
		Usr 0 00:01:04, Sys 0 00:00:02  -  Total Remote Usage
		Usr 0 00:00:00, Sys 0 00:00:00  -  Total Local Usage
	586020  -  Run Bytes Sent By Job
	62715  -  Run Bytes Received By Job
	586020  -  Total Bytes Sent By Job
	62715  -  Total Bytes Received By Job
	Partitionable Resources :    Usage  Request          
	   Cpus                 :                 1          
	   Disk (KB)            :      659      659          
	   Memory (MB)          :       78       78          
...
000 (566449.000.000) 08/20 21:04:28 Job submitted from host: <18.12.1.74:48322>
...
007 (566449.000.000) 08/20 21:05:24 Shadow exception!
	Error from slot25@t2bat0317.cmsaf.mit.edu: Failed to transfer files
	0  -  Run Bytes Sent By Job
	0  -  Run Bytes Received By Job
...
007 (566449.000.000) 08/20 21:05:29 Shadow exception!
	Error from slot23@t2bat0013.cmsaf.mit.edu: Failed to transfer files
	0  -  Run Bytes Sent By Job
	0  -  Run Bytes Received By Job
...
001 (566449.000.000) 08/20 21:05:42 Job executing on host: <18.12.9.46:48906>
...
006 (566449.000.000) 08/20 21:05:52 Image size of job updated: 230064
	95  -  MemoryUsage of job (MB)
	96588  -  ResidentSetSize of job (KB)
...
006 (566449.000.000) 08/20 21:07:53 Image size of job updated: 230592
	95  -  MemoryUsage of job (MB)
	96588  -  ResidentSetSize of job (KB)
...
005 (566449.000.000) 08/20 21:14:17 Job terminated.
	(1) Normal termination (return value 0)
		Usr 0 00:00:50, Sys 0 00:00:00  -  Run Remote Usage
		Usr 0 00:00:00, Sys 0 00:00:00  -  Run Local Usage
		Usr 0 00:00:50, Sys 0 00:00:00  -  Total Remote Usage
		Usr 0 00:00:00, Sys 0 00:00:00  -  Total Local Usage
	586371  -  Run Bytes Sent By Job
	62731  -  Run Bytes Received By Job
	586371  -  Total Bytes Sent By Job
	62731  -  Total Bytes Received By Job
	Partitionable Resources :    Usage  Request          
	   Cpus                 :                 1          
	   Disk (KB)            :      659      659          
	   Memory (MB)          :       95       95          
...
000 (782454.000.000) 10/01 13:04:28 Job submitted from host: <18.12.1.74:47665>
...
001 (782454.000.000) 10/01 13:14:18 Job executing on host: <18.12.8.57:49344>
...
006 (782454.000.000) 10/01 13:14:26 Image size of job updated: 68260
	13  -  MemoryUsage of job (MB)
	12348  -  ResidentSetSize of job (KB)
...
006 (782454.000.000) 10/01 13:19:26 Image size of job updated: 230564
	99  -  MemoryUsage of job (MB)
	101224  -  ResidentSetSize of job (KB)
...
005 (782454.000.000) 10/01 13:23:26 Job terminated.
	(1) Normal termination (return value 0)
		Usr 0 00:00:58, Sys 0 00:00:02  -  Run Remote Usage
		Usr 0 00:00:00, Sys 0 00:00:00  -  Run Local Usage
		Usr 0 00:00:58, Sys 0 00:00:02  -  Total Remote Usage
		Usr 0 00:00:00, Sys 0 00:00:00  -  Total Local Usage
	586034  -  Run Bytes Sent By Job
	62730  -  Run Bytes Received By Job
	586034  -  Total Bytes Sent By Job
	62730  -  Total Bytes Received By Job
	Partitionable Resources :    Usage  Request          
	   Cpus                 :                 1          
	   Disk (KB)            :      658      658          
	   Memory (MB)          :       99       99          
...
000 (782635.000.000) 10/01 14:31:28 Job submitted from host: <18.12.1.74:47665>
...
001 (782635.000.000) 10/01 14:33:12 Job executing on host: <18.12.8.148:41095>
...
006 (782635.000.000) 10/01 14:33:20 Image size of job updated: 2
	2  -  MemoryUsage of job (MB)
	1716  -  ResidentSetSize of job (KB)
...
006 (782635.000.000) 10/01 14:38:21 Image size of job updated: 227568
	103  -  MemoryUsage of job (MB)
	105348  -  ResidentSetSize of job (KB)
...
005 (782635.000.000) 10/01 14:44:30 Job terminated.
	(1) Normal termination (return value 0)
		Usr 0 00:00:30, Sys 0 00:00:01  -  Run Remote Usage
		Usr 0 00:00:00, Sys 0 00:00:00  -  Run Local Usage
		Usr 0 00:00:30, Sys 0 00:00:01  -  Total Remote Usage
		Usr 0 00:00:00, Sys 0 00:00:00  -  Total Local Usage
	2767104  -  Run Bytes Sent By Job
	62736  -  Run Bytes Received By Job
	2767104  -  Total Bytes Sent By Job
	62736  -  Total Bytes Received By Job
	Partitionable Resources :    Usage  Request          
	   Cpus                 :                 1          
	   Disk (KB)            :     2788     2788          
	   Memory (MB)          :      103      103          
...
000 (788176.000.000) 10/09 09:23:41 Job submitted from host: <18.12.1.74:45913>
...
001 (788176.000.000) 10/09 09:24:07 Job executing on host: <18.12.8.232:43796>
...
006 (788176.000.000) 10/09 09:24:16 Image size of job updated: 13384
	2  -  MemoryUsage of job (MB)
	1980  -  ResidentSetSize of job (KB)
...
006 (788176.000.000) 10/09 09:26:17 Image size of job updated: 230556
	2  -  MemoryUsage of job (MB)
	1980  -  ResidentSetSize of job (KB)
...
005 (788176.000.000) 10/09 09:26:17 Job terminated.
	(1) Normal termination (return value 0)
		Usr 0 00:00:59, Sys 0 00:00:01  -  Run Remote Usage
		Usr 0 00:00:00, Sys 0 00:00:00  -  Run Local Usage
		Usr 0 00:00:59, Sys 0 00:00:01  -  Total Remote Usage
		Usr 0 00:00:00, Sys 0 00:00:00  -  Total Local Usage
	585276  -  Run Bytes Sent By Job
	62698  -  Run Bytes Received By Job
	585276  -  Total Bytes Sent By Job
	62698  -  Total Bytes Received By Job
	Partitionable Resources :    Usage  Request          
	   Cpus                 :                 1          
	   Disk (KB)            :      658      658          
	   Memory (MB)          :        2        2          
...
000 (788541.000.000) 10/12 09:48:02 Job submitted from host: <18.12.1.74:45913>
...
001 (788541.000.000) 10/12 09:56:36 Job executing on host: <18.12.12.3:48541>
...
006 (788541.000.000) 10/12 09:56:45 Image size of job updated: 2
	3  -  MemoryUsage of job (MB)
	2344  -  ResidentSetSize of job (KB)
...
006 (788541.000.000) 10/12 09:58:25 Image size of job updated: 230560
	3  -  MemoryUsage of job (MB)
	2344  -  ResidentSetSize of job (KB)
...
005 (788541.000.000) 10/12 09:58:25 Job terminated.
	(1) Normal termination (return value 0)
		Usr 0 00:01:07, Sys 0 00:00:01  -  Run Remote Usage
		Usr 0 00:00:00, Sys 0 00:00:00  -  Run Local Usage
		Usr 0 00:01:07, Sys 0 00:00:01  -  Total Remote Usage
		Usr 0 00:00:00, Sys 0 00:00:00  -  Total Local Usage
	585089  -  Run Bytes Sent By Job
	62703  -  Run Bytes Received By Job
	585089  -  Total Bytes Sent By Job
	62703  -  Total Bytes Received By Job
	Partitionable Resources :    Usage  Request          
	   Cpus                 :                 1          
	   Disk (KB)            :      658      658          
	   Memory (MB)          :        3        3          
...
