
----------------------------------------------------
Job started on Thu Aug 20 21:07:06 EDT 2015 at WN: t2bat0339.cmsaf.mit.edu 
Job is running on Linux t2bat0339.cmsaf.mit.edu 2.6.32-358.el6.x86_64 #1 SMP Fri Feb 22 20:37:17 CST 2013 x86_64 x86_64 x86_64 GNU/Linux
Filesystem            Size  Used Avail Use% Mounted on
/dev/sda3              20G  3.6G   16G  20% /
tmpfs                  32G     0   32G   0% /dev/shm
/dev/sda1              97M   32M   61M  35% /boot
/dev/sda4             416G  112G  304G  27% /export/data1
fuse_dfs              4.9P  4.6P  323T  94% /mnt/hadoop
/dev/sdb1             3.6T  3.4T  239G  94% /export/00b
/dev/sdc1             3.6T  3.4T  280G  93% /export/00c
/dev/sdd1             3.6T  3.4T  268G  93% /export/00d
/dev/sde1             3.6T  3.4T  238G  94% /export/00e
/dev/sdf1             3.6T  3.3T  293G  93% /export/00f
/dev/sdg1             3.6T  3.4T  225G  94% /export/00g
t2srv0004:/export/db  135G  187M  135G   1% /net/t2srv0004/db
cvmfs2                 98G   78G   21G  80% /cvmfs/cms.cern.ch
cvmfs2                 98G   78G   21G  80% /cvmfs/cvmfs.cmsaf.mit.edu
gcc (GCC) 4.4.7 20120313 (Red Hat 4.4.7-3)
Copyright (C) 2010 Free Software Foundation, Inc.
This is free software; see the source for copying conditions.  There is NO
warranty; not even for MERCHANTABILITY or FITNESS FOR A PARTICULAR PURPOSE.

Processing...
0/154984
10000/154984
20000/154984
30000/154984
40000/154984
50000/154984
60000/154984
70000/154984
80000/154984
90000/154984
100000/154984
110000/154984
120000/154984
130000/154984
140000/154984
150000/154984
Macro finished: 
CPU time (min)  = 1.2795
Real time (min) = 3.45836
total 1.8M
-rw-r--r--  1 obaron obaron  94K Aug 20 20:49 jetRAA_PbPb_data_akPu3_select.txt
-rw-r--r--  1 obaron obaron  70K Aug 20 20:49 RAA_read_data_pbpb.C
-rw-r--r--  1 obaron obaron 108K Aug 20 20:49 jetRAA_PbPb_data_forest.txt
-rw-r--r--  1 obaron obaron  94K Aug 20 20:49 jetRAA_PbPb_data_akPu2_select.txt
-rw-r--r--  1 obaron obaron  94K Aug 20 20:50 jetRAA_PbPb_data_akPu4_select.txt
-rw-r--r--  1 obaron obaron  11K Aug 20 20:57 RAA_read_data_pbpb_C.d
-rwxr-xr-x  1 obaron obaron 101K Aug 20 20:58 RAA_read_data_pbpb_C.so
-rw-r--r--  1 condor condor 5.5K Aug 20 21:07 .machine.ad
-rw-r--r--  1 condor condor  20K Aug 20 21:07 .job.ad
-rwx------  1 obaron obaron   49 Aug 20 21:07 .chirp.config
-rw-rw-r--  1 obaron obaron  61K Aug 20 21:07 jetRAA_run_PbPb_Data.tar
-rwxr-xr-x  1 obaron obaron 1.2K Aug 20 21:07 condor_exec.exe
drwx------  2 obaron obaron 4.0K Aug 20 21:07 .
-rw-r--r--  1 obaron obaron  678 Aug 20 21:07 _condor_stderr
drwxr-xr-x 34 condor root   4.0K Aug 20 21:09 ..
-rw-r--r--  1 obaron obaron 1.7K Aug 20 21:10 _condor_stdout
-rw-r--r--  1 obaron obaron 1.1M Aug 20 21:10 PbPb_Data_histograms_FromForest_pileupCutFIX_ZDCmCut_akPu2_20_eta_20_530.root
Done!
Copied output files to hadoop rootfiles/JetRAA/June29
