000 (554271.000.000) 08/11 09:09:12 Job submitted from host: <18.12.1.74:48322>
...
001 (554271.000.000) 08/11 09:09:20 Job executing on host: <18.12.8.155:42555>
...
006 (554271.000.000) 08/11 09:09:29 Image size of job updated: 229456
	94  -  MemoryUsage of job (MB)
	96096  -  ResidentSetSize of job (KB)
...
006 (554271.000.000) 08/11 09:10:43 Image size of job updated: 233952
	94  -  MemoryUsage of job (MB)
	96096  -  ResidentSetSize of job (KB)
...
005 (554271.000.000) 08/11 09:10:43 Job terminated.
	(1) Normal termination (return value 0)
		Usr 0 00:00:51, Sys 0 00:00:00  -  Run Remote Usage
		Usr 0 00:00:00, Sys 0 00:00:00  -  Run Local Usage
		Usr 0 00:00:51, Sys 0 00:00:00  -  Total Remote Usage
		Usr 0 00:00:00, Sys 0 00:00:00  -  Total Local Usage
	585941  -  Run Bytes Sent By Job
	62717  -  Run Bytes Received By Job
	585941  -  Total Bytes Sent By Job
	62717  -  Total Bytes Received By Job
	Partitionable Resources :    Usage  Request          
	   Cpus                 :                 1          
	   Disk (KB)            :      658      658          
	   Memory (MB)          :       94       94          
...
000 (557986.000.000) 08/13 13:34:21 Job submitted from host: <18.12.1.74:48322>
...
001 (557986.000.000) 08/13 13:56:21 Job executing on host: <18.12.8.12:45037>
...
006 (557986.000.000) 08/13 13:56:30 Image size of job updated: 2
	3  -  MemoryUsage of job (MB)
	2356  -  ResidentSetSize of job (KB)
...
006 (557986.000.000) 08/13 14:00:59 Image size of job updated: 230292
	3  -  MemoryUsage of job (MB)
	2356  -  ResidentSetSize of job (KB)
...
005 (557986.000.000) 08/13 14:00:59 Job terminated.
	(1) Normal termination (return value 0)
		Usr 0 00:00:52, Sys 0 00:00:02  -  Run Remote Usage
		Usr 0 00:00:00, Sys 0 00:00:00  -  Run Local Usage
		Usr 0 00:00:52, Sys 0 00:00:02  -  Total Remote Usage
		Usr 0 00:00:00, Sys 0 00:00:00  -  Total Local Usage
	586219  -  Run Bytes Sent By Job
	62720  -  Run Bytes Received By Job
	586219  -  Total Bytes Sent By Job
	62720  -  Total Bytes Received By Job
	Partitionable Resources :    Usage  Request          
	   Cpus                 :                 1          
	   Disk (KB)            :      659      659          
	   Memory (MB)          :        3        3          
...
000 (566277.000.000) 08/20 20:25:10 Job submitted from host: <18.12.1.74:48322>
...
001 (566277.000.000) 08/20 20:25:35 Job executing on host: <18.12.9.40:47592>
...
006 (566277.000.000) 08/20 20:25:43 Image size of job updated: 2
	3  -  MemoryUsage of job (MB)
	2348  -  ResidentSetSize of job (KB)
...
006 (566277.000.000) 08/20 20:29:40 Image size of job updated: 230316
	3  -  MemoryUsage of job (MB)
	2348  -  ResidentSetSize of job (KB)
...
005 (566277.000.000) 08/20 20:35:57 Job terminated.
	(1) Normal termination (return value 0)
		Usr 0 00:00:56, Sys 0 00:00:01  -  Run Remote Usage
		Usr 0 00:00:00, Sys 0 00:00:00  -  Run Local Usage
		Usr 0 00:00:56, Sys 0 00:00:01  -  Total Remote Usage
		Usr 0 00:00:00, Sys 0 00:00:00  -  Total Local Usage
	586489  -  Run Bytes Sent By Job
	62732  -  Run Bytes Received By Job
	586489  -  Total Bytes Sent By Job
	62732  -  Total Bytes Received By Job
	Partitionable Resources :    Usage  Request          
	   Cpus                 :                 1          
	   Disk (KB)            :      659      659          
	   Memory (MB)          :        3        3          
...
