000 (554217.000.000) 08/11 09:09:03 Job submitted from host: <18.12.1.74:48322>
...
001 (554217.000.000) 08/11 09:09:17 Job executing on host: <18.12.8.141:41825>
...
006 (554217.000.000) 08/11 09:09:26 Image size of job updated: 139412
	18  -  MemoryUsage of job (MB)
	17720  -  ResidentSetSize of job (KB)
...
006 (554217.000.000) 08/11 09:10:17 Image size of job updated: 229984
	18  -  MemoryUsage of job (MB)
	17720  -  ResidentSetSize of job (KB)
...
005 (554217.000.000) 08/11 09:10:17 Job terminated.
	(1) Normal termination (return value 0)
		Usr 0 00:00:26, Sys 0 00:00:01  -  Run Remote Usage
		Usr 0 00:00:00, Sys 0 00:00:00  -  Run Local Usage
		Usr 0 00:00:26, Sys 0 00:00:01  -  Total Remote Usage
		Usr 0 00:00:00, Sys 0 00:00:00  -  Total Local Usage
	585915  -  Run Bytes Sent By Job
	62717  -  Run Bytes Received By Job
	585915  -  Total Bytes Sent By Job
	62717  -  Total Bytes Received By Job
	Partitionable Resources :    Usage  Request          
	   Cpus                 :                 1          
	   Disk (KB)            :      658      658          
	   Memory (MB)          :       18       18          
...
000 (557932.000.000) 08/13 13:34:16 Job submitted from host: <18.12.1.74:48322>
...
001 (557932.000.000) 08/13 13:46:28 Job executing on host: <18.12.9.27:43942>
...
006 (557932.000.000) 08/13 13:46:36 Image size of job updated: 20760
	2  -  MemoryUsage of job (MB)
	1556  -  ResidentSetSize of job (KB)
...
006 (557932.000.000) 08/13 13:49:24 Image size of job updated: 229988
	2  -  MemoryUsage of job (MB)
	1556  -  ResidentSetSize of job (KB)
...
005 (557932.000.000) 08/13 13:49:25 Job terminated.
	(1) Normal termination (return value 0)
		Usr 0 00:00:31, Sys 0 00:00:01  -  Run Remote Usage
		Usr 0 00:00:00, Sys 0 00:00:00  -  Run Local Usage
		Usr 0 00:00:31, Sys 0 00:00:01  -  Total Remote Usage
		Usr 0 00:00:00, Sys 0 00:00:00  -  Total Local Usage
	586385  -  Run Bytes Sent By Job
	62720  -  Run Bytes Received By Job
	586385  -  Total Bytes Sent By Job
	62720  -  Total Bytes Received By Job
	Partitionable Resources :    Usage  Request          
	   Cpus                 :                 1          
	   Disk (KB)            :      659      659          
	   Memory (MB)          :        2        2          
...
000 (566223.000.000) 08/20 20:20:52 Job submitted from host: <18.12.1.74:48322>
...
001 (566223.000.000) 08/20 20:21:11 Job executing on host: <18.12.9.32:41679>
...
006 (566223.000.000) 08/20 20:21:20 Image size of job updated: 73540
	19  -  MemoryUsage of job (MB)
	19364  -  ResidentSetSize of job (KB)
...
006 (566223.000.000) 08/20 20:24:04 Image size of job updated: 229984
	19  -  MemoryUsage of job (MB)
	19364  -  ResidentSetSize of job (KB)
...
005 (566223.000.000) 08/20 20:30:46 Job terminated.
	(1) Normal termination (return value 0)
		Usr 0 00:00:33, Sys 0 00:00:01  -  Run Remote Usage
		Usr 0 00:00:00, Sys 0 00:00:00  -  Run Local Usage
		Usr 0 00:00:33, Sys 0 00:00:01  -  Total Remote Usage
		Usr 0 00:00:00, Sys 0 00:00:00  -  Total Local Usage
	586443  -  Run Bytes Sent By Job
	62732  -  Run Bytes Received By Job
	586443  -  Total Bytes Sent By Job
	62732  -  Total Bytes Received By Job
	Partitionable Resources :    Usage  Request          
	   Cpus                 :                 1          
	   Disk (KB)            :      659      659          
	   Memory (MB)          :       19       19          
...
000 (782771.000.000) 10/01 15:56:10 Job submitted from host: <18.12.1.74:47665>
...
007 (782771.000.000) 10/01 16:00:29 Shadow exception!
	Error from slot16@t2bat0203.cmsaf.mit.edu: Failed to transfer files
	0  -  Run Bytes Sent By Job
	0  -  Run Bytes Received By Job
...
007 (782771.000.000) 10/01 16:00:37 Shadow exception!
	Error from slot13@t2bat0247.cmsaf.mit.edu: Failed to transfer files
	0  -  Run Bytes Sent By Job
	0  -  Run Bytes Received By Job
...
001 (782771.000.000) 10/01 16:00:54 Job executing on host: <18.12.8.247:46716>
...
006 (782771.000.000) 10/01 16:01:03 Image size of job updated: 2
	3  -  MemoryUsage of job (MB)
	2348  -  ResidentSetSize of job (KB)
...
006 (782771.000.000) 10/01 16:06:04 Image size of job updated: 229976
	101  -  MemoryUsage of job (MB)
	102808  -  ResidentSetSize of job (KB)
...
022 (782771.000.000) 10/01 16:30:12 Job disconnected, attempting to reconnect
    Local schedd and job shadow died, schedd now running again
    Trying to reconnect to slot13@t2bat0247.cmsaf.mit.edu <18.12.8.247:46716>
...
024 (782771.000.000) 10/01 16:30:44 Job reconnection failed
    Job disconnected too long: JobLeaseDuration (1200 seconds) expired
    Can not reconnect to slot13@t2bat0247.cmsaf.mit.edu, rescheduling job
...
001 (782771.000.000) 10/01 16:34:54 Job executing on host: <18.12.8.245:42920>
...
006 (782771.000.000) 10/01 16:35:02 Image size of job updated: 2
	3  -  MemoryUsage of job (MB)
	2344  -  ResidentSetSize of job (KB)
...
006 (782771.000.000) 10/01 16:39:52 Image size of job updated: 229984
	3  -  MemoryUsage of job (MB)
	2344  -  ResidentSetSize of job (KB)
...
005 (782771.000.000) 10/01 16:40:37 Job terminated.
	(1) Normal termination (return value 0)
		Usr 0 00:00:30, Sys 0 00:00:00  -  Run Remote Usage
		Usr 0 00:00:00, Sys 0 00:00:00  -  Run Local Usage
		Usr 0 00:00:30, Sys 0 00:00:00  -  Total Remote Usage
		Usr 0 00:00:00, Sys 0 00:00:00  -  Total Local Usage
	586107  -  Run Bytes Sent By Job
	62734  -  Run Bytes Received By Job
	586107  -  Total Bytes Sent By Job
	62734  -  Total Bytes Received By Job
	Partitionable Resources :    Usage  Request          
	   Cpus                 :                 1          
	   Disk (KB)            :      659      659          
	   Memory (MB)          :        3        3          
...
000 (785929.000.000) 10/05 14:19:01 Job submitted from host: <18.12.1.74:45913>
...
001 (785929.000.000) 10/05 14:19:49 Job executing on host: <18.12.8.255:47227>
...
006 (785929.000.000) 10/05 14:19:58 Image size of job updated: 2
	3  -  MemoryUsage of job (MB)
	2360  -  ResidentSetSize of job (KB)
...
006 (785929.000.000) 10/05 14:20:41 Image size of job updated: 229984
	3  -  MemoryUsage of job (MB)
	2360  -  ResidentSetSize of job (KB)
...
005 (785929.000.000) 10/05 14:20:42 Job terminated.
	(1) Normal termination (return value 0)
		Usr 0 00:00:30, Sys 0 00:00:00  -  Run Remote Usage
		Usr 0 00:00:00, Sys 0 00:00:00  -  Run Local Usage
		Usr 0 00:00:30, Sys 0 00:00:00  -  Total Remote Usage
		Usr 0 00:00:00, Sys 0 00:00:00  -  Total Local Usage
	586182  -  Run Bytes Sent By Job
	62732  -  Run Bytes Received By Job
	586182  -  Total Bytes Sent By Job
	62732  -  Total Bytes Received By Job
	Partitionable Resources :    Usage  Request          
	   Cpus                 :                 1          
	   Disk (KB)            :      659      659          
	   Memory (MB)          :        3        3          
...
000 (786295.000.000) 10/07 09:51:16 Job submitted from host: <18.12.1.74:45913>
...
001 (786295.000.000) 10/07 09:52:04 Job executing on host: <18.12.8.232:43796>
...
006 (786295.000.000) 10/07 09:52:13 Image size of job updated: 1196
	1  -  MemoryUsage of job (MB)
	152  -  ResidentSetSize of job (KB)
...
006 (786295.000.000) 10/07 09:53:33 Image size of job updated: 229976
	1  -  MemoryUsage of job (MB)
	152  -  ResidentSetSize of job (KB)
...
005 (786295.000.000) 10/07 09:53:33 Job terminated.
	(1) Normal termination (return value 0)
		Usr 0 00:00:30, Sys 0 00:00:00  -  Run Remote Usage
		Usr 0 00:00:00, Sys 0 00:00:00  -  Run Local Usage
		Usr 0 00:00:30, Sys 0 00:00:00  -  Total Remote Usage
		Usr 0 00:00:00, Sys 0 00:00:00  -  Total Local Usage
	586040  -  Run Bytes Sent By Job
	62734  -  Run Bytes Received By Job
	586040  -  Total Bytes Sent By Job
	62734  -  Total Bytes Received By Job
	Partitionable Resources :    Usage  Request          
	   Cpus                 :                 1          
	   Disk (KB)            :      659      659          
	   Memory (MB)          :        1        1          
...
000 (786476.000.000) 10/07 11:12:48 Job submitted from host: <18.12.1.74:45913>
...
001 (786476.000.000) 10/07 11:16:36 Job executing on host: <18.12.6.22:42482>
...
006 (786476.000.000) 10/07 11:16:44 Image size of job updated: 88928
	21  -  MemoryUsage of job (MB)
	20740  -  ResidentSetSize of job (KB)
...
006 (786476.000.000) 10/07 11:17:34 Image size of job updated: 229964
	21  -  MemoryUsage of job (MB)
	20740  -  ResidentSetSize of job (KB)
...
005 (786476.000.000) 10/07 11:17:34 Job terminated.
	(1) Normal termination (return value 0)
		Usr 0 00:00:31, Sys 0 00:00:00  -  Run Remote Usage
		Usr 0 00:00:00, Sys 0 00:00:00  -  Run Local Usage
		Usr 0 00:00:31, Sys 0 00:00:00  -  Total Remote Usage
		Usr 0 00:00:00, Sys 0 00:00:00  -  Total Local Usage
	585202  -  Run Bytes Sent By Job
	62746  -  Run Bytes Received By Job
	585202  -  Total Bytes Sent By Job
	62746  -  Total Bytes Received By Job
	Partitionable Resources :    Usage  Request          
	   Cpus                 :                 1          
	   Disk (KB)            :      658      658          
	   Memory (MB)          :       21       21          
...
000 (787403.000.000) 10/08 12:42:35 Job submitted from host: <18.12.1.74:45913>
...
001 (787403.000.000) 10/08 12:44:18 Job executing on host: <18.12.9.78:43066>
...
006 (787403.000.000) 10/08 12:44:27 Image size of job updated: 229960
	93  -  MemoryUsage of job (MB)
	94544  -  ResidentSetSize of job (KB)
...
005 (787403.000.000) 10/08 12:45:01 Job terminated.
	(1) Normal termination (return value 0)
		Usr 0 00:00:19, Sys 0 00:00:00  -  Run Remote Usage
		Usr 0 00:00:00, Sys 0 00:00:00  -  Run Local Usage
		Usr 0 00:00:19, Sys 0 00:00:00  -  Total Remote Usage
		Usr 0 00:00:00, Sys 0 00:00:00  -  Total Local Usage
	585044  -  Run Bytes Sent By Job
	62749  -  Run Bytes Received By Job
	585044  -  Total Bytes Sent By Job
	62749  -  Total Bytes Received By Job
	Partitionable Resources :    Usage  Request          
	   Cpus                 :                 1          
	   Disk (KB)            :      658      658          
	   Memory (MB)          :       93       93          
...
000 (787585.000.000) 10/08 14:27:06 Job submitted from host: <18.12.1.74:45913>
...
001 (787585.000.000) 10/08 14:29:50 Job executing on host: <18.12.9.8:49125>
...
006 (787585.000.000) 10/08 14:29:59 Image size of job updated: 229964
	93  -  MemoryUsage of job (MB)
	94484  -  ResidentSetSize of job (KB)
...
005 (787585.000.000) 10/08 14:30:44 Job terminated.
	(1) Normal termination (return value 0)
		Usr 0 00:00:32, Sys 0 00:00:00  -  Run Remote Usage
		Usr 0 00:00:00, Sys 0 00:00:00  -  Run Local Usage
		Usr 0 00:00:32, Sys 0 00:00:00  -  Total Remote Usage
		Usr 0 00:00:00, Sys 0 00:00:00  -  Total Local Usage
	585206  -  Run Bytes Sent By Job
	62691  -  Run Bytes Received By Job
	585206  -  Total Bytes Sent By Job
	62691  -  Total Bytes Received By Job
	Partitionable Resources :    Usage  Request          
	   Cpus                 :                 1          
	   Disk (KB)            :      658      658          
	   Memory (MB)          :       93       93          
...
000 (787768.000.000) 10/08 15:16:27 Job submitted from host: <18.12.1.74:45913>
...
001 (787768.000.000) 10/08 15:18:07 Job executing on host: <18.12.9.64:42336>
...
006 (787768.000.000) 10/08 15:18:16 Image size of job updated: 2
	3  -  MemoryUsage of job (MB)
	2344  -  ResidentSetSize of job (KB)
...
006 (787768.000.000) 10/08 15:18:53 Image size of job updated: 230008
	3  -  MemoryUsage of job (MB)
	2344  -  ResidentSetSize of job (KB)
...
005 (787768.000.000) 10/08 15:18:53 Job terminated.
	(1) Normal termination (return value 0)
		Usr 0 00:00:26, Sys 0 00:00:00  -  Run Remote Usage
		Usr 0 00:00:00, Sys 0 00:00:00  -  Run Local Usage
		Usr 0 00:00:26, Sys 0 00:00:00  -  Total Remote Usage
		Usr 0 00:00:00, Sys 0 00:00:00  -  Total Local Usage
	585631  -  Run Bytes Sent By Job
	62696  -  Run Bytes Received By Job
	585631  -  Total Bytes Sent By Job
	62696  -  Total Bytes Received By Job
	Partitionable Resources :    Usage  Request          
	   Cpus                 :                 1          
	   Disk (KB)            :      658      658          
	   Memory (MB)          :        3        3          
...
000 (788678.000.000) 10/12 10:42:29 Job submitted from host: <18.12.1.74:45913>
...
001 (788678.000.000) 10/12 10:44:13 Job executing on host: <18.12.9.11:40949>
...
006 (788678.000.000) 10/12 10:44:22 Image size of job updated: 229968
	93  -  MemoryUsage of job (MB)
	94516  -  ResidentSetSize of job (KB)
...
005 (788678.000.000) 10/12 10:45:08 Job terminated.
	(1) Normal termination (return value 0)
		Usr 0 00:00:32, Sys 0 00:00:00  -  Run Remote Usage
		Usr 0 00:00:00, Sys 0 00:00:00  -  Run Local Usage
		Usr 0 00:00:32, Sys 0 00:00:00  -  Total Remote Usage
		Usr 0 00:00:00, Sys 0 00:00:00  -  Total Local Usage
	585214  -  Run Bytes Sent By Job
	62704  -  Run Bytes Received By Job
	585214  -  Total Bytes Sent By Job
	62704  -  Total Bytes Received By Job
	Partitionable Resources :    Usage  Request          
	   Cpus                 :                 1          
	   Disk (KB)            :      658      658          
	   Memory (MB)          :       93       93          
...
