
----------------------------------------------------
Job started on Thu Aug 20 21:05:28 EDT 2015 at WN: t2bat0310.cmsaf.mit.edu 
Job is running on Linux t2bat0310.cmsaf.mit.edu 2.6.32-358.el6.x86_64 #1 SMP Fri Feb 22 20:37:17 CST 2013 x86_64 x86_64 x86_64 GNU/Linux
Filesystem            Size  Used Avail Use% Mounted on
/dev/sda3              20G  4.2G   15G  23% /
tmpfs                  32G     0   32G   0% /dev/shm
/dev/sda1              97M   32M   61M  35% /boot
/dev/sda4             416G  125G  291G  31% /export/data1
fuse_dfs              4.9P  4.6P  323T  94% /mnt/hadoop
/dev/sdb1             3.6T  3.4T  271G  93% /export/00b
/dev/sdc1             3.6T  3.4T  267G  93% /export/00c
/dev/sdd1             3.6T  3.4T  281G  93% /export/00d
/dev/sde1             3.6T  3.4T  273G  93% /export/00e
/dev/sdf1             3.6T  3.4T  267G  93% /export/00f
/dev/sdg1             3.6T  3.4T  287G  93% /export/00g
cvmfs2                 98G   87G   11G  89% /cvmfs/cms.cern.ch
t2srv0004:/export/db  135G  187M  135G   1% /net/t2srv0004/db
cvmfs2                 98G   87G   11G  89% /cvmfs/cvmfs.cmsaf.mit.edu
gcc (GCC) 4.4.7 20120313 (Red Hat 4.4.7-3)
Copyright (C) 2010 Free Software Foundation, Inc.
This is free software; see the source for copying conditions.  There is NO
warranty; not even for MERCHANTABILITY or FITNESS FOR A PARTICULAR PURPOSE.

Processing...
0/185634
10000/185634
20000/185634
30000/185634
40000/185634
50000/185634
60000/185634
70000/185634
80000/185634
90000/185634
100000/185634
110000/185634
120000/185634
130000/185634
140000/185634
150000/185634
160000/185634
170000/185634
180000/185634
Macro finished: 
CPU time (min)  = 1.3925
Real time (min) = 4.62897
total 2.0M
-rw-r--r--  1 obaron obaron  94K Aug 20 20:49 jetRAA_PbPb_data_akPu3_select.txt
-rw-r--r--  1 obaron obaron  70K Aug 20 20:49 RAA_read_data_pbpb.C
-rw-r--r--  1 obaron obaron 108K Aug 20 20:49 jetRAA_PbPb_data_forest.txt
-rw-r--r--  1 obaron obaron  94K Aug 20 20:49 jetRAA_PbPb_data_akPu2_select.txt
-rw-r--r--  1 obaron obaron  94K Aug 20 20:50 jetRAA_PbPb_data_akPu4_select.txt
-rw-r--r--  1 obaron obaron  11K Aug 20 20:57 RAA_read_data_pbpb_C.d
-rwxr-xr-x  1 obaron obaron 101K Aug 20 20:58 RAA_read_data_pbpb_C.so
-rw-r--r--  1 condor condor 5.5K Aug 20 21:05 .machine.ad
-rw-r--r--  1 condor condor  20K Aug 20 21:05 .job.ad
drwxr-xr-x 34 condor root   4.0K Aug 20 21:05 ..
-rwx------  1 obaron obaron   49 Aug 20 21:05 .chirp.config
-rw-rw-r--  1 obaron obaron  61K Aug 20 21:05 jetRAA_run_PbPb_Data.tar
-rwxr-xr-x  1 obaron obaron 1.2K Aug 20 21:05 condor_exec.exe
drwx------  2 obaron obaron 4.0K Aug 20 21:05 .
-rw-r--r--  1 obaron obaron  678 Aug 20 21:05 _condor_stderr
-rw-r--r--  1 obaron obaron 1.7K Aug 20 21:10 _condor_stdout
-rw-r--r--  1 obaron obaron 1.3M Aug 20 21:10 PbPb_Data_histograms_FromForest_pileupCutFIX_ZDCmCut_akPu2_20_eta_20_370.root
Done!
Copied output files to hadoop rootfiles/JetRAA/June29
