000 (556338.000.000) 08/12 14:10:46 Job submitted from host: <18.12.1.74:48322>
...
001 (556338.000.000) 08/12 14:23:25 Job executing on host: <18.12.9.72:40730>
...
006 (556338.000.000) 08/12 14:23:34 Image size of job updated: 193756
	78  -  MemoryUsage of job (MB)
	79588  -  ResidentSetSize of job (KB)
...
006 (556338.000.000) 08/12 14:26:57 Image size of job updated: 230052
	78  -  MemoryUsage of job (MB)
	79588  -  ResidentSetSize of job (KB)
...
005 (556338.000.000) 08/12 14:26:58 Job terminated.
	(1) Normal termination (return value 0)
		Usr 0 00:00:28, Sys 0 00:00:01  -  Run Remote Usage
		Usr 0 00:00:00, Sys 0 00:00:00  -  Run Local Usage
		Usr 0 00:00:28, Sys 0 00:00:01  -  Total Remote Usage
		Usr 0 00:00:00, Sys 0 00:00:00  -  Total Local Usage
	586108  -  Run Bytes Sent By Job
	62715  -  Run Bytes Received By Job
	586108  -  Total Bytes Sent By Job
	62715  -  Total Bytes Received By Job
	Partitionable Resources :    Usage  Request          
	   Cpus                 :                 1          
	   Disk (KB)            :      659      659          
	   Memory (MB)          :       78       78          
...
000 (557598.000.000) 08/13 11:57:22 Job submitted from host: <18.12.1.74:48322>
...
001 (557598.000.000) 08/13 12:13:19 Job executing on host: <18.12.9.80:43650>
...
006 (557598.000.000) 08/13 12:13:29 Image size of job updated: 224908
	89  -  MemoryUsage of job (MB)
	90872  -  ResidentSetSize of job (KB)
...
006 (557598.000.000) 08/13 12:15:11 Image size of job updated: 230060
	89  -  MemoryUsage of job (MB)
	90872  -  ResidentSetSize of job (KB)
...
005 (557598.000.000) 08/13 12:15:11 Job terminated.
	(1) Normal termination (return value 0)
		Usr 0 00:00:30, Sys 0 00:00:00  -  Run Remote Usage
		Usr 0 00:00:00, Sys 0 00:00:00  -  Run Local Usage
		Usr 0 00:00:30, Sys 0 00:00:00  -  Total Remote Usage
		Usr 0 00:00:00, Sys 0 00:00:00  -  Total Local Usage
	585893  -  Run Bytes Sent By Job
	62715  -  Run Bytes Received By Job
	585893  -  Total Bytes Sent By Job
	62715  -  Total Bytes Received By Job
	Partitionable Resources :    Usage  Request          
	   Cpus                 :                 1          
	   Disk (KB)            :      659      659          
	   Memory (MB)          :       89       89          
...
000 (558114.000.000) 08/13 14:31:05 Job submitted from host: <18.12.1.74:48322>
...
001 (558114.000.000) 08/13 14:46:53 Job executing on host: <18.12.9.50:43066>
...
006 (558114.000.000) 08/13 14:47:02 Image size of job updated: 229932
	93  -  MemoryUsage of job (MB)
	94412  -  ResidentSetSize of job (KB)
...
006 (558114.000.000) 08/13 14:48:01 Image size of job updated: 238180
	93  -  MemoryUsage of job (MB)
	94412  -  ResidentSetSize of job (KB)
...
005 (558114.000.000) 08/13 14:48:01 Job terminated.
	(1) Normal termination (return value 0)
		Usr 0 00:00:31, Sys 0 00:00:01  -  Run Remote Usage
		Usr 0 00:00:00, Sys 0 00:00:00  -  Run Local Usage
		Usr 0 00:00:31, Sys 0 00:00:01  -  Total Remote Usage
		Usr 0 00:00:00, Sys 0 00:00:00  -  Total Local Usage
	586106  -  Run Bytes Sent By Job
	62714  -  Run Bytes Received By Job
	586106  -  Total Bytes Sent By Job
	62714  -  Total Bytes Received By Job
	Partitionable Resources :    Usage  Request          
	   Cpus                 :                 1          
	   Disk (KB)            :      659      659          
	   Memory (MB)          :       93       93          
...
000 (565451.000.000) 08/20 12:38:39 Job submitted from host: <18.12.1.74:48322>
...
001 (565451.000.000) 08/20 12:44:56 Job executing on host: <18.12.12.3:48030>
...
006 (565451.000.000) 08/20 12:45:05 Image size of job updated: 229936
	94  -  MemoryUsage of job (MB)
	95960  -  ResidentSetSize of job (KB)
...
006 (565451.000.000) 08/20 12:45:54 Image size of job updated: 230092
	94  -  MemoryUsage of job (MB)
	95960  -  ResidentSetSize of job (KB)
...
005 (565451.000.000) 08/20 12:54:20 Job terminated.
	(1) Normal termination (return value 0)
		Usr 0 00:00:38, Sys 0 00:00:00  -  Run Remote Usage
		Usr 0 00:00:00, Sys 0 00:00:00  -  Run Local Usage
		Usr 0 00:00:38, Sys 0 00:00:00  -  Total Remote Usage
		Usr 0 00:00:00, Sys 0 00:00:00  -  Total Local Usage
	586108  -  Run Bytes Sent By Job
	62731  -  Run Bytes Received By Job
	586108  -  Total Bytes Sent By Job
	62731  -  Total Bytes Received By Job
	Partitionable Resources :    Usage  Request          
	   Cpus                 :                 1          
	   Disk (KB)            :      659      659          
	   Memory (MB)          :       94       94          
...
