000 (556071.000.000) 08/12 11:33:41 Job submitted from host: <18.12.1.74:48322>
...
001 (556071.000.000) 08/12 11:52:19 Job executing on host: <18.12.8.171:40365>
...
006 (556071.000.000) 08/12 11:52:28 Image size of job updated: 13384
	2  -  MemoryUsage of job (MB)
	1984  -  ResidentSetSize of job (KB)
...
006 (556071.000.000) 08/12 11:57:29 Image size of job updated: 230632
	108  -  MemoryUsage of job (MB)
	110376  -  ResidentSetSize of job (KB)
...
005 (556071.000.000) 08/12 12:26:25 Job terminated.
	(1) Normal termination (return value 0)
		Usr 0 00:01:13, Sys 0 00:00:01  -  Run Remote Usage
		Usr 0 00:00:00, Sys 0 00:00:00  -  Run Local Usage
		Usr 0 00:01:13, Sys 0 00:00:01  -  Total Remote Usage
		Usr 0 00:00:00, Sys 0 00:00:00  -  Total Local Usage
	585992  -  Run Bytes Sent By Job
	62715  -  Run Bytes Received By Job
	585992  -  Total Bytes Sent By Job
	62715  -  Total Bytes Received By Job
	Partitionable Resources :    Usage  Request          
	   Cpus                 :                 1          
	   Disk (KB)            :      659      659          
	   Memory (MB)          :      108      108          
...
000 (566440.000.000) 08/20 21:03:32 Job submitted from host: <18.12.1.74:48322>
...
001 (566440.000.000) 08/20 21:04:09 Job executing on host: <18.12.9.74:40365>
...
006 (566440.000.000) 08/20 21:04:20 Image size of job updated: 2
	3  -  MemoryUsage of job (MB)
	2340  -  ResidentSetSize of job (KB)
...
006 (566440.000.000) 08/20 21:08:36 Image size of job updated: 230636
	3  -  MemoryUsage of job (MB)
	2340  -  ResidentSetSize of job (KB)
...
005 (566440.000.000) 08/20 21:15:06 Job terminated.
	(1) Normal termination (return value 0)
		Usr 0 00:01:17, Sys 0 00:00:01  -  Run Remote Usage
		Usr 0 00:00:00, Sys 0 00:00:00  -  Run Local Usage
		Usr 0 00:01:17, Sys 0 00:00:01  -  Total Remote Usage
		Usr 0 00:00:00, Sys 0 00:00:00  -  Total Local Usage
	586318  -  Run Bytes Sent By Job
	62731  -  Run Bytes Received By Job
	586318  -  Total Bytes Sent By Job
	62731  -  Total Bytes Received By Job
	Partitionable Resources :    Usage  Request          
	   Cpus                 :                 1          
	   Disk (KB)            :      659      659          
	   Memory (MB)          :        3        3          
...
000 (782445.000.000) 10/01 13:04:27 Job submitted from host: <18.12.1.74:47665>
...
001 (782445.000.000) 10/01 13:14:11 Job executing on host: <18.12.9.1:43212>
...
006 (782445.000.000) 10/01 13:14:21 Image size of job updated: 146260
	31  -  MemoryUsage of job (MB)
	30988  -  ResidentSetSize of job (KB)
...
006 (782445.000.000) 10/01 13:19:14 Image size of job updated: 238684
	31  -  MemoryUsage of job (MB)
	30988  -  ResidentSetSize of job (KB)
...
005 (782445.000.000) 10/01 13:19:14 Job terminated.
	(1) Normal termination (return value 0)
		Usr 0 00:01:19, Sys 0 00:00:01  -  Run Remote Usage
		Usr 0 00:00:00, Sys 0 00:00:00  -  Run Local Usage
		Usr 0 00:01:19, Sys 0 00:00:01  -  Total Remote Usage
		Usr 0 00:00:00, Sys 0 00:00:00  -  Total Local Usage
	586261  -  Run Bytes Sent By Job
	62730  -  Run Bytes Received By Job
	586261  -  Total Bytes Sent By Job
	62730  -  Total Bytes Received By Job
	Partitionable Resources :    Usage  Request          
	   Cpus                 :                 1          
	   Disk (KB)            :      659      659          
	   Memory (MB)          :       31       31          
...
000 (782626.000.000) 10/01 14:31:26 Job submitted from host: <18.12.1.74:47665>
...
001 (782626.000.000) 10/01 14:33:36 Job executing on host: <18.12.8.222:40584>
...
006 (782626.000.000) 10/01 14:33:44 Image size of job updated: 190428
	78  -  MemoryUsage of job (MB)
	79744  -  ResidentSetSize of job (KB)
...
006 (782626.000.000) 10/01 14:37:21 Image size of job updated: 227520
	78  -  MemoryUsage of job (MB)
	79744  -  ResidentSetSize of job (KB)
...
005 (782626.000.000) 10/01 14:40:20 Job terminated.
	(1) Normal termination (return value 0)
		Usr 0 00:00:41, Sys 0 00:00:01  -  Run Remote Usage
		Usr 0 00:00:00, Sys 0 00:00:00  -  Run Local Usage
		Usr 0 00:00:41, Sys 0 00:00:01  -  Total Remote Usage
		Usr 0 00:00:00, Sys 0 00:00:00  -  Total Local Usage
	4031611  -  Run Bytes Sent By Job
	62736  -  Run Bytes Received By Job
	4031611  -  Total Bytes Sent By Job
	62736  -  Total Bytes Received By Job
	Partitionable Resources :    Usage  Request          
	   Cpus                 :                 1          
	   Disk (KB)            :     4023     4023          
	   Memory (MB)          :       78       78          
...
000 (788167.000.000) 10/09 09:23:41 Job submitted from host: <18.12.1.74:45913>
...
001 (788167.000.000) 10/09 09:24:09 Job executing on host: <18.12.8.231:45694>
...
006 (788167.000.000) 10/09 09:24:17 Image size of job updated: 13384
	2  -  MemoryUsage of job (MB)
	1984  -  ResidentSetSize of job (KB)
...
006 (788167.000.000) 10/09 09:26:34 Image size of job updated: 230688
	2  -  MemoryUsage of job (MB)
	1984  -  ResidentSetSize of job (KB)
...
005 (788167.000.000) 10/09 09:26:34 Job terminated.
	(1) Normal termination (return value 0)
		Usr 0 00:01:33, Sys 0 00:00:01  -  Run Remote Usage
		Usr 0 00:00:00, Sys 0 00:00:00  -  Run Local Usage
		Usr 0 00:01:33, Sys 0 00:00:01  -  Total Remote Usage
		Usr 0 00:00:00, Sys 0 00:00:00  -  Total Local Usage
	585437  -  Run Bytes Sent By Job
	62698  -  Run Bytes Received By Job
	585437  -  Total Bytes Sent By Job
	62698  -  Total Bytes Received By Job
	Partitionable Resources :    Usage  Request          
	   Cpus                 :                 1          
	   Disk (KB)            :      658      658          
	   Memory (MB)          :        2        2          
...
000 (788532.000.000) 10/12 09:48:01 Job submitted from host: <18.12.1.74:45913>
...
001 (788532.000.000) 10/12 09:54:54 Job executing on host: <18.12.9.54:49928>
...
006 (788532.000.000) 10/12 09:55:02 Image size of job updated: 2
	3  -  MemoryUsage of job (MB)
	2352  -  ResidentSetSize of job (KB)
...
006 (788532.000.000) 10/12 09:57:00 Image size of job updated: 230688
	3  -  MemoryUsage of job (MB)
	2352  -  ResidentSetSize of job (KB)
...
005 (788532.000.000) 10/12 09:57:01 Job terminated.
	(1) Normal termination (return value 0)
		Usr 0 00:01:22, Sys 0 00:00:02  -  Run Remote Usage
		Usr 0 00:00:00, Sys 0 00:00:00  -  Run Local Usage
		Usr 0 00:01:22, Sys 0 00:00:02  -  Total Remote Usage
		Usr 0 00:00:00, Sys 0 00:00:00  -  Total Local Usage
	585283  -  Run Bytes Sent By Job
	62703  -  Run Bytes Received By Job
	585283  -  Total Bytes Sent By Job
	62703  -  Total Bytes Received By Job
	Partitionable Resources :    Usage  Request          
	   Cpus                 :                 1          
	   Disk (KB)            :      658      658          
	   Memory (MB)          :        3        3          
...
