
----------------------------------------------------
Job started on Mon Oct 12 09:59:21 EDT 2015 at WN: t2bat0320.cmsaf.mit.edu 
Job is running on Linux t2bat0320.cmsaf.mit.edu 2.6.32-358.el6.x86_64 #1 SMP Fri Feb 22 20:37:17 CST 2013 x86_64 x86_64 x86_64 GNU/Linux
Filesystem            Size  Used Avail Use% Mounted on
/dev/sda3              20G  2.6G   17G  14% /
tmpfs                  32G     0   32G   0% /dev/shm
/dev/sda1              97M   32M   61M  35% /boot
/dev/sda4             416G   79G  337G  19% /export/data1
/dev/sdb1             3.6T  2.9T  758G  80% /export/00b
/dev/sdc1             3.6T  2.9T  735G  80% /export/00c
/dev/sdd1             3.6T  2.9T  736G  80% /export/00d
/dev/sde1             3.6T  2.9T  751G  80% /export/00e
/dev/sdk1             3.6T  2.9T  731G  81% /export/00f
/dev/sdf1             3.6T  2.9T  721G  81% /export/00g
/dev/sdg1             3.6T  2.9T  729G  81% /export/00h
/dev/sdh1             3.6T  2.9T  746G  80% /export/00i
/dev/sdi1             3.6T  2.9T  790G  79% /export/00j
/dev/sdj1             3.6T  2.9T  720G  81% /export/00k
/dev/sdl1             3.6T  2.9T  770G  80% /export/00l
fuse_dfs              5.0P  4.0P  1.1P  80% /mnt/hadoop
cvmfs2                 98G   73G   26G  74% /cvmfs/cms.cern.ch
t2srv0004:/export/db  135G  187M  135G   1% /net/t2srv0004/db
hisrv0001:/export/home
                      2.0T  1.6T  302G  85% /net/hisrv0001/home
gcc (GCC) 4.4.7 20120313 (Red Hat 4.4.7-3)
Copyright (C) 2010 Free Software Foundation, Inc.
This is free software; see the source for copying conditions.  There is NO
warranty; not even for MERCHANTABILITY or FITNESS FOR A PARTICULAR PURPOSE.

Processing...
0/189330
10000/189330
20000/189330
30000/189330
40000/189330
50000/189330
60000/189330
70000/189330
80000/189330
90000/189330
100000/189330
110000/189330
120000/189330
130000/189330
140000/189330
150000/189330
160000/189330
170000/189330
180000/189330
Macro finished: 
CPU time (min)  = 1.539
Real time (min) = 1.9793
total 1.7M
-rw-r--r--  1 obaron obaron 108K Oct  9 10:24 jetRAA_PbPb_data_forest.txt
-rw-r--r--  1 obaron obaron  94K Oct  9 10:24 jetRAA_PbPb_data_akPu4_select.txt
-rw-r--r--  1 obaron obaron  94K Oct  9 10:24 jetRAA_PbPb_data_akPu3_select.txt
-rw-r--r--  1 obaron obaron  94K Oct  9 10:24 jetRAA_PbPb_data_akPu2_select.txt
-rw-r--r--  1 obaron obaron  70K Oct 12 09:36 RAA_read_data_pbpb.C
-rw-r--r--  1 obaron obaron  11K Oct 12 09:36 RAA_read_data_pbpb_C.d
-rwxr-xr-x  1 obaron obaron 101K Oct 12 09:36 RAA_read_data_pbpb_C.so
-rw-rw-r--  1 obaron obaron  61K Oct 12 09:59 jetRAA_run_PbPb_Data.tar
-rwxr-xr-x  1 obaron obaron 1.2K Oct 12 09:59 condor_exec.exe
drwxr-xr-x 35 condor root   4.0K Oct 12 09:59 ..
-rw-r--r--  1 condor condor 5.6K Oct 12 09:59 .machine.ad
-rw-r--r--  1 condor condor  20K Oct 12 09:59 .job.ad
-rwx------  1 obaron obaron   49 Oct 12 09:59 .chirp.config
-rw-r--r--  1 obaron obaron    0 Oct 12 09:59 _condor_stderr
drwx------  2 obaron obaron 4.0K Oct 12 09:59 .
-rw-r--r--  1 obaron obaron 2.0K Oct 12 10:01 _condor_stdout
-rw-r--r--  1 obaron obaron 993K Oct 12 10:01 PbPb_Data_histograms_FromForest_pileupCutFIX_ZDCmCut_30GeVcut_akPu2_20_eta_20_400.root
Done!
Copied output files to hadoop rootfiles/JetRAA/June29
