000 (556400.000.000) 08/12 14:10:53 Job submitted from host: <18.12.1.74:48322>
...
001 (556400.000.000) 08/12 14:36:56 Job executing on host: <18.12.6.93:48103>
...
006 (556400.000.000) 08/12 14:37:05 Image size of job updated: 191784
	75  -  MemoryUsage of job (MB)
	76512  -  ResidentSetSize of job (KB)
...
006 (556400.000.000) 08/12 14:42:06 Image size of job updated: 230300
	106  -  MemoryUsage of job (MB)
	107544  -  ResidentSetSize of job (KB)
...
005 (556400.000.000) 08/12 14:43:36 Job terminated.
	(1) Normal termination (return value 0)
		Usr 0 00:01:06, Sys 0 00:00:01  -  Run Remote Usage
		Usr 0 00:00:00, Sys 0 00:00:00  -  Run Local Usage
		Usr 0 00:01:06, Sys 0 00:00:01  -  Total Remote Usage
		Usr 0 00:00:00, Sys 0 00:00:00  -  Total Local Usage
	586210  -  Run Bytes Sent By Job
	62715  -  Run Bytes Received By Job
	586210  -  Total Bytes Sent By Job
	62715  -  Total Bytes Received By Job
	Partitionable Resources :    Usage  Request          
	   Cpus                 :                 1          
	   Disk (KB)            :      659      659          
	   Memory (MB)          :      106      106          
...
000 (557660.000.000) 08/13 11:57:29 Job submitted from host: <18.12.1.74:48322>
...
001 (557660.000.000) 08/13 12:29:36 Job executing on host: <18.12.9.57:41971>
...
006 (557660.000.000) 08/13 12:29:44 Image size of job updated: 187644
	71  -  MemoryUsage of job (MB)
	72596  -  ResidentSetSize of job (KB)
...
006 (557660.000.000) 08/13 12:32:06 Image size of job updated: 230304
	71  -  MemoryUsage of job (MB)
	72596  -  ResidentSetSize of job (KB)
...
005 (557660.000.000) 08/13 12:32:06 Job terminated.
	(1) Normal termination (return value 0)
		Usr 0 00:00:48, Sys 0 00:00:01  -  Run Remote Usage
		Usr 0 00:00:00, Sys 0 00:00:00  -  Run Local Usage
		Usr 0 00:00:48, Sys 0 00:00:01  -  Total Remote Usage
		Usr 0 00:00:00, Sys 0 00:00:00  -  Total Local Usage
	586043  -  Run Bytes Sent By Job
	62715  -  Run Bytes Received By Job
	586043  -  Total Bytes Sent By Job
	62715  -  Total Bytes Received By Job
	Partitionable Resources :    Usage  Request          
	   Cpus                 :                 1          
	   Disk (KB)            :      659      659          
	   Memory (MB)          :       71       71          
...
000 (558176.000.000) 08/13 14:31:11 Job submitted from host: <18.12.1.74:48322>
...
001 (558176.000.000) 08/13 15:01:43 Job executing on host: <18.12.9.80:43650>
...
006 (558176.000.000) 08/13 15:01:51 Image size of job updated: 2
	3  -  MemoryUsage of job (MB)
	2352  -  ResidentSetSize of job (KB)
...
006 (558176.000.000) 08/13 15:03:47 Image size of job updated: 230304
	3  -  MemoryUsage of job (MB)
	2352  -  ResidentSetSize of job (KB)
...
005 (558176.000.000) 08/13 15:03:47 Job terminated.
	(1) Normal termination (return value 0)
		Usr 0 00:00:54, Sys 0 00:00:01  -  Run Remote Usage
		Usr 0 00:00:00, Sys 0 00:00:00  -  Run Local Usage
		Usr 0 00:00:54, Sys 0 00:00:01  -  Total Remote Usage
		Usr 0 00:00:00, Sys 0 00:00:00  -  Total Local Usage
	586153  -  Run Bytes Sent By Job
	62714  -  Run Bytes Received By Job
	586153  -  Total Bytes Sent By Job
	62714  -  Total Bytes Received By Job
	Partitionable Resources :    Usage  Request          
	   Cpus                 :                 1          
	   Disk (KB)            :      659      659          
	   Memory (MB)          :        3        3          
...
000 (565513.000.000) 08/20 12:52:52 Job submitted from host: <18.12.1.74:48322>
...
001 (565513.000.000) 08/20 12:53:29 Job executing on host: <18.12.9.60:48833>
...
006 (565513.000.000) 08/20 12:53:38 Image size of job updated: 191984
	76  -  MemoryUsage of job (MB)
	77780  -  ResidentSetSize of job (KB)
...
006 (565513.000.000) 08/20 12:55:00 Image size of job updated: 230304
	76  -  MemoryUsage of job (MB)
	77780  -  ResidentSetSize of job (KB)
...
005 (565513.000.000) 08/20 13:03:16 Job terminated.
	(1) Normal termination (return value 0)
		Usr 0 00:00:46, Sys 0 00:00:01  -  Run Remote Usage
		Usr 0 00:00:00, Sys 0 00:00:00  -  Run Local Usage
		Usr 0 00:00:46, Sys 0 00:00:01  -  Total Remote Usage
		Usr 0 00:00:00, Sys 0 00:00:00  -  Total Local Usage
	586067  -  Run Bytes Sent By Job
	62731  -  Run Bytes Received By Job
	586067  -  Total Bytes Sent By Job
	62731  -  Total Bytes Received By Job
	Partitionable Resources :    Usage  Request          
	   Cpus                 :                 1          
	   Disk (KB)            :      659      659          
	   Memory (MB)          :       76       76          
...
000 (783006.000.000) 10/02 11:05:36 Job submitted from host: <18.12.1.74:41314>
...
001 (783006.000.000) 10/02 11:13:56 Job executing on host: <18.12.12.5:49271>
...
006 (783006.000.000) 10/02 11:13:57 Image size of job updated: 2
	0  -  MemoryUsage of job (MB)
	0  -  ResidentSetSize of job (KB)
...
005 (783006.000.000) 10/02 11:19:11 Job terminated.
	(1) Normal termination (return value 0)
		Usr 0 00:00:00, Sys 0 00:00:00  -  Run Remote Usage
		Usr 0 00:00:00, Sys 0 00:00:00  -  Run Local Usage
		Usr 0 00:00:00, Sys 0 00:00:00  -  Total Remote Usage
		Usr 0 00:00:00, Sys 0 00:00:00  -  Total Local Usage
	585566  -  Run Bytes Sent By Job
	62733  -  Run Bytes Received By Job
	585566  -  Total Bytes Sent By Job
	62733  -  Total Bytes Received By Job
	Partitionable Resources :    Usage  Request          
	   Cpus                 :                 1          
	   Disk (KB)            :      658      658          
	   Memory (MB)          :        0        0          
...
000 (783187.000.000) 10/02 16:13:25 Job submitted from host: <18.12.1.74:45913>
...
001 (783187.000.000) 10/02 16:14:13 Job executing on host: <18.12.9.7:49709>
...
006 (783187.000.000) 10/02 16:14:16 Image size of job updated: 144872
	0  -  MemoryUsage of job (MB)
	0  -  ResidentSetSize of job (KB)
...
005 (783187.000.000) 10/02 16:14:16 Job terminated.
	(1) Normal termination (return value 0)
		Usr 0 00:00:00, Sys 0 00:00:00  -  Run Remote Usage
		Usr 0 00:00:00, Sys 0 00:00:00  -  Run Local Usage
		Usr 0 00:00:00, Sys 0 00:00:00  -  Total Remote Usage
		Usr 0 00:00:00, Sys 0 00:00:00  -  Total Local Usage
	585410  -  Run Bytes Sent By Job
	62733  -  Run Bytes Received By Job
	585410  -  Total Bytes Sent By Job
	62733  -  Total Bytes Received By Job
	Partitionable Resources :    Usage  Request          
	   Cpus                 :                 1          
	   Disk (KB)            :      658      658          
	   Memory (MB)          :        0        0          
...
000 (783368.000.000) 10/02 16:48:38 Job submitted from host: <18.12.1.74:45913>
...
001 (783368.000.000) 10/02 16:49:00 Job executing on host: <18.12.8.122:42482>
...
006 (783368.000.000) 10/02 16:49:02 Image size of job updated: 2
	0  -  MemoryUsage of job (MB)
	0  -  ResidentSetSize of job (KB)
...
005 (783368.000.000) 10/02 16:49:03 Job terminated.
	(1) Normal termination (return value 0)
		Usr 0 00:00:00, Sys 0 00:00:00  -  Run Remote Usage
		Usr 0 00:00:00, Sys 0 00:00:00  -  Run Local Usage
		Usr 0 00:00:00, Sys 0 00:00:00  -  Total Remote Usage
		Usr 0 00:00:00, Sys 0 00:00:00  -  Total Local Usage
	585720  -  Run Bytes Sent By Job
	62733  -  Run Bytes Received By Job
	585720  -  Total Bytes Sent By Job
	62733  -  Total Bytes Received By Job
	Partitionable Resources :    Usage  Request          
	   Cpus                 :                 1          
	   Disk (KB)            :      658      658          
	   Memory (MB)          :        0        0          
...
000 (783551.000.000) 10/05 09:25:43 Job submitted from host: <18.12.1.74:45913>
...
001 (783551.000.000) 10/05 09:26:03 Job executing on host: <18.12.6.91:49052>
...
006 (783551.000.000) 10/05 09:26:03 Image size of job updated: 143840
	0  -  MemoryUsage of job (MB)
	0  -  ResidentSetSize of job (KB)
...
005 (783551.000.000) 10/05 09:26:07 Job terminated.
	(1) Normal termination (return value 0)
		Usr 0 00:00:00, Sys 0 00:00:00  -  Run Remote Usage
		Usr 0 00:00:00, Sys 0 00:00:00  -  Run Local Usage
		Usr 0 00:00:00, Sys 0 00:00:00  -  Total Remote Usage
		Usr 0 00:00:00, Sys 0 00:00:00  -  Total Local Usage
	585650  -  Run Bytes Sent By Job
	62732  -  Run Bytes Received By Job
	585650  -  Total Bytes Sent By Job
	62732  -  Total Bytes Received By Job
	Partitionable Resources :    Usage  Request          
	   Cpus                 :                 1          
	   Disk (KB)            :      658      658          
	   Memory (MB)          :        0        0          
...
000 (783732.000.000) 10/05 10:00:23 Job submitted from host: <18.12.1.74:45913>
...
001 (783732.000.000) 10/05 10:00:51 Job executing on host: <18.12.9.37:40511>
...
006 (783732.000.000) 10/05 10:01:05 Image size of job updated: 2
	3  -  MemoryUsage of job (MB)
	2348  -  ResidentSetSize of job (KB)
...
006 (783732.000.000) 10/05 10:01:37 Image size of job updated: 26048
	3  -  MemoryUsage of job (MB)
	2348  -  ResidentSetSize of job (KB)
...
005 (783732.000.000) 10/05 10:01:39 Job terminated.
	(1) Normal termination (return value 0)
		Usr 0 00:00:00, Sys 0 00:00:00  -  Run Remote Usage
		Usr 0 00:00:00, Sys 0 00:00:00  -  Run Local Usage
		Usr 0 00:00:00, Sys 0 00:00:00  -  Total Remote Usage
		Usr 0 00:00:00, Sys 0 00:00:00  -  Total Local Usage
	585888  -  Run Bytes Sent By Job
	62731  -  Run Bytes Received By Job
	585888  -  Total Bytes Sent By Job
	62731  -  Total Bytes Received By Job
	Partitionable Resources :    Usage  Request          
	   Cpus                 :                 1          
	   Disk (KB)            :      659      659          
	   Memory (MB)          :        3        3          
...
000 (783914.000.000) 10/05 12:25:10 Job submitted from host: <18.12.1.74:45913>
...
001 (783914.000.000) 10/05 12:25:18 Job executing on host: <18.12.6.40:43942>
...
006 (783914.000.000) 10/05 12:25:18 Image size of job updated: 2
	0  -  MemoryUsage of job (MB)
	0  -  ResidentSetSize of job (KB)
...
005 (783914.000.000) 10/05 12:25:24 Job terminated.
	(1) Normal termination (return value 0)
		Usr 0 00:00:00, Sys 0 00:00:00  -  Run Remote Usage
		Usr 0 00:00:00, Sys 0 00:00:00  -  Run Local Usage
		Usr 0 00:00:00, Sys 0 00:00:00  -  Total Remote Usage
		Usr 0 00:00:00, Sys 0 00:00:00  -  Total Local Usage
	585536  -  Run Bytes Sent By Job
	62732  -  Run Bytes Received By Job
	585536  -  Total Bytes Sent By Job
	62732  -  Total Bytes Received By Job
	Partitionable Resources :    Usage  Request          
	   Cpus                 :                 1          
	   Disk (KB)            :      658      658          
	   Memory (MB)          :        0        0          
...
000 (784095.000.000) 10/05 12:28:45 Job submitted from host: <18.12.1.74:45913>
...
001 (784095.000.000) 10/05 12:29:18 Job executing on host: <18.12.9.32:47227>
...
006 (784095.000.000) 10/05 12:29:27 Image size of job updated: 187720
	71  -  MemoryUsage of job (MB)
	72572  -  ResidentSetSize of job (KB)
...
006 (784095.000.000) 10/05 12:32:17 Image size of job updated: 230260
	71  -  MemoryUsage of job (MB)
	72572  -  ResidentSetSize of job (KB)
...
005 (784095.000.000) 10/05 12:32:17 Job terminated.
	(1) Normal termination (return value 0)
		Usr 0 00:00:54, Sys 0 00:00:01  -  Run Remote Usage
		Usr 0 00:00:00, Sys 0 00:00:00  -  Run Local Usage
		Usr 0 00:00:54, Sys 0 00:00:01  -  Total Remote Usage
		Usr 0 00:00:00, Sys 0 00:00:00  -  Total Local Usage
	587081  -  Run Bytes Sent By Job
	62733  -  Run Bytes Received By Job
	587081  -  Total Bytes Sent By Job
	62733  -  Total Bytes Received By Job
	Partitionable Resources :    Usage  Request          
	   Cpus                 :                 1          
	   Disk (KB)            :      660      660          
	   Memory (MB)          :       71       71          
...
000 (786164.000.000) 10/05 14:34:43 Job submitted from host: <18.12.1.74:45913>
...
001 (786164.000.000) 10/05 14:35:56 Job executing on host: <18.12.9.81:48833>
...
006 (786164.000.000) 10/05 14:36:05 Image size of job updated: 229452
	94  -  MemoryUsage of job (MB)
	96080  -  ResidentSetSize of job (KB)
...
006 (786164.000.000) 10/05 14:37:16 Image size of job updated: 237076
	94  -  MemoryUsage of job (MB)
	96080  -  ResidentSetSize of job (KB)
...
005 (786164.000.000) 10/05 14:37:16 Job terminated.
	(1) Normal termination (return value 0)
		Usr 0 00:00:47, Sys 0 00:00:00  -  Run Remote Usage
		Usr 0 00:00:00, Sys 0 00:00:00  -  Run Local Usage
		Usr 0 00:00:47, Sys 0 00:00:00  -  Total Remote Usage
		Usr 0 00:00:00, Sys 0 00:00:00  -  Total Local Usage
	586431  -  Run Bytes Sent By Job
	62729  -  Run Bytes Received By Job
	586431  -  Total Bytes Sent By Job
	62729  -  Total Bytes Received By Job
	Partitionable Resources :    Usage  Request          
	   Cpus                 :                 1          
	   Disk (KB)            :      659      659          
	   Memory (MB)          :       94       94          
...
000 (788003.000.000) 10/08 16:10:02 Job submitted from host: <18.12.1.74:45913>
...
001 (788003.000.000) 10/08 16:20:17 Job executing on host: <18.12.8.32:47738>
...
006 (788003.000.000) 10/08 16:20:26 Image size of job updated: 229568
	96  -  MemoryUsage of job (MB)
	97368  -  ResidentSetSize of job (KB)
...
006 (788003.000.000) 10/08 16:22:07 Image size of job updated: 230272
	96  -  MemoryUsage of job (MB)
	97368  -  ResidentSetSize of job (KB)
...
005 (788003.000.000) 10/08 16:22:09 Job terminated.
	(1) Normal termination (return value 0)
		Usr 0 00:01:06, Sys 0 00:00:01  -  Run Remote Usage
		Usr 0 00:00:00, Sys 0 00:00:00  -  Run Local Usage
		Usr 0 00:01:06, Sys 0 00:00:01  -  Total Remote Usage
		Usr 0 00:00:00, Sys 0 00:00:00  -  Total Local Usage
	585254  -  Run Bytes Sent By Job
	62697  -  Run Bytes Received By Job
	585254  -  Total Bytes Sent By Job
	62697  -  Total Bytes Received By Job
	Partitionable Resources :    Usage  Request          
	   Cpus                 :                 1          
	   Disk (KB)            :      658      658          
	   Memory (MB)          :       96       96          
...
000 (788366.000.000) 10/09 10:00:32 Job submitted from host: <18.12.1.74:45913>
...
001 (788366.000.000) 10/09 10:07:30 Job executing on host: <18.12.8.80:47008>
...
006 (788366.000.000) 10/09 10:07:39 Image size of job updated: 229572
	94  -  MemoryUsage of job (MB)
	96140  -  ResidentSetSize of job (KB)
...
006 (788366.000.000) 10/09 10:08:52 Image size of job updated: 230276
	94  -  MemoryUsage of job (MB)
	96140  -  ResidentSetSize of job (KB)
...
005 (788366.000.000) 10/09 10:08:53 Job terminated.
	(1) Normal termination (return value 0)
		Usr 0 00:00:56, Sys 0 00:00:01  -  Run Remote Usage
		Usr 0 00:00:00, Sys 0 00:00:00  -  Run Local Usage
		Usr 0 00:00:56, Sys 0 00:00:01  -  Total Remote Usage
		Usr 0 00:00:00, Sys 0 00:00:00  -  Total Local Usage
	585111  -  Run Bytes Sent By Job
	62694  -  Run Bytes Received By Job
	585111  -  Total Bytes Sent By Job
	62694  -  Total Bytes Received By Job
	Partitionable Resources :    Usage  Request          
	   Cpus                 :                 1          
	   Disk (KB)            :      658      658          
	   Memory (MB)          :       94       94          
...
000 (788913.000.000) 10/12 11:22:11 Job submitted from host: <18.12.1.74:45913>
...
001 (788913.000.000) 10/12 11:34:04 Job executing on host: <18.12.8.142:42628>
...
006 (788913.000.000) 10/12 11:34:13 Image size of job updated: 2
	3  -  MemoryUsage of job (MB)
	2364  -  ResidentSetSize of job (KB)
...
006 (788913.000.000) 10/12 11:35:14 Image size of job updated: 230288
	3  -  MemoryUsage of job (MB)
	2364  -  ResidentSetSize of job (KB)
...
005 (788913.000.000) 10/12 11:35:14 Job terminated.
	(1) Normal termination (return value 0)
		Usr 0 00:00:34, Sys 0 00:00:01  -  Run Remote Usage
		Usr 0 00:00:00, Sys 0 00:00:00  -  Run Local Usage
		Usr 0 00:00:34, Sys 0 00:00:01  -  Total Remote Usage
		Usr 0 00:00:00, Sys 0 00:00:00  -  Total Local Usage
	585264  -  Run Bytes Sent By Job
	62702  -  Run Bytes Received By Job
	585264  -  Total Bytes Sent By Job
	62702  -  Total Bytes Received By Job
	Partitionable Resources :    Usage  Request          
	   Cpus                 :                 1          
	   Disk (KB)            :      658      658          
	   Memory (MB)          :        3        3          
...
