000 (556136.000.000) 08/12 11:33:48 Job submitted from host: <18.12.1.74:48322>
...
001 (556136.000.000) 08/12 12:01:39 Job executing on host: <18.12.6.95:44818>
...
006 (556136.000.000) 08/12 12:01:47 Image size of job updated: 69172
	14  -  MemoryUsage of job (MB)
	13316  -  ResidentSetSize of job (KB)
...
006 (556136.000.000) 08/12 12:06:47 Image size of job updated: 230384
	111  -  MemoryUsage of job (MB)
	113048  -  ResidentSetSize of job (KB)
...
005 (556136.000.000) 08/12 12:07:54 Job terminated.
	(1) Normal termination (return value 0)
		Usr 0 00:01:35, Sys 0 00:00:03  -  Run Remote Usage
		Usr 0 00:00:00, Sys 0 00:00:00  -  Run Local Usage
		Usr 0 00:01:35, Sys 0 00:00:03  -  Total Remote Usage
		Usr 0 00:00:00, Sys 0 00:00:00  -  Total Local Usage
	586090  -  Run Bytes Sent By Job
	62715  -  Run Bytes Received By Job
	586090  -  Total Bytes Sent By Job
	62715  -  Total Bytes Received By Job
	Partitionable Resources :    Usage  Request          
	   Cpus                 :                 1          
	   Disk (KB)            :      659      659          
	   Memory (MB)          :      111      111          
...
000 (566505.000.000) 08/20 21:08:28 Job submitted from host: <18.12.1.74:48322>
...
001 (566505.000.000) 08/20 21:09:02 Job executing on host: <18.12.9.57:41971>
...
006 (566505.000.000) 08/20 21:09:11 Image size of job updated: 189708
	77  -  MemoryUsage of job (MB)
	78064  -  ResidentSetSize of job (KB)
...
006 (566505.000.000) 08/20 21:11:43 Image size of job updated: 230392
	77  -  MemoryUsage of job (MB)
	78064  -  ResidentSetSize of job (KB)
...
005 (566505.000.000) 08/20 21:18:04 Job terminated.
	(1) Normal termination (return value 0)
		Usr 0 00:01:13, Sys 0 00:00:02  -  Run Remote Usage
		Usr 0 00:00:00, Sys 0 00:00:00  -  Run Local Usage
		Usr 0 00:01:13, Sys 0 00:00:02  -  Total Remote Usage
		Usr 0 00:00:00, Sys 0 00:00:00  -  Total Local Usage
	586048  -  Run Bytes Sent By Job
	62731  -  Run Bytes Received By Job
	586048  -  Total Bytes Sent By Job
	62731  -  Total Bytes Received By Job
	Partitionable Resources :    Usage  Request          
	   Cpus                 :                 1          
	   Disk (KB)            :      659      659          
	   Memory (MB)          :       77       77          
...
000 (782510.000.000) 10/01 13:04:35 Job submitted from host: <18.12.1.74:47665>
...
001 (782510.000.000) 10/01 13:16:13 Job executing on host: <18.12.9.73:45329>
...
006 (782510.000.000) 10/01 13:16:21 Image size of job updated: 145256
	29  -  MemoryUsage of job (MB)
	29644  -  ResidentSetSize of job (KB)
...
006 (782510.000.000) 10/01 13:21:21 Image size of job updated: 230384
	109  -  MemoryUsage of job (MB)
	111092  -  ResidentSetSize of job (KB)
...
006 (782510.000.000) 10/01 13:27:23 Image size of job updated: 238500
	109  -  MemoryUsage of job (MB)
	111092  -  ResidentSetSize of job (KB)
...
005 (782510.000.000) 10/01 13:28:18 Job terminated.
	(1) Normal termination (return value 0)
		Usr 0 00:01:05, Sys 0 00:00:01  -  Run Remote Usage
		Usr 0 00:00:00, Sys 0 00:00:00  -  Run Local Usage
		Usr 0 00:01:05, Sys 0 00:00:01  -  Total Remote Usage
		Usr 0 00:00:00, Sys 0 00:00:00  -  Total Local Usage
	586089  -  Run Bytes Sent By Job
	62730  -  Run Bytes Received By Job
	586089  -  Total Bytes Sent By Job
	62730  -  Total Bytes Received By Job
	Partitionable Resources :    Usage  Request          
	   Cpus                 :                 1          
	   Disk (KB)            :      659      659          
	   Memory (MB)          :      109      109          
...
000 (782691.000.000) 10/01 14:32:16 Job submitted from host: <18.12.1.74:47665>
...
001 (782691.000.000) 10/01 14:34:13 Job executing on host: <18.12.8.251:49271>
...
006 (782691.000.000) 10/01 14:34:22 Image size of job updated: 187712
	72  -  MemoryUsage of job (MB)
	73112  -  ResidentSetSize of job (KB)
...
006 (782691.000.000) 10/01 14:37:21 Image size of job updated: 227436
	72  -  MemoryUsage of job (MB)
	73112  -  ResidentSetSize of job (KB)
...
005 (782691.000.000) 10/01 14:40:26 Job terminated.
	(1) Normal termination (return value 0)
		Usr 0 00:00:37, Sys 0 00:00:01  -  Run Remote Usage
		Usr 0 00:00:00, Sys 0 00:00:00  -  Run Local Usage
		Usr 0 00:00:37, Sys 0 00:00:01  -  Total Remote Usage
		Usr 0 00:00:00, Sys 0 00:00:00  -  Total Local Usage
	3676299  -  Run Bytes Sent By Job
	62736  -  Run Bytes Received By Job
	3676299  -  Total Bytes Sent By Job
	62736  -  Total Bytes Received By Job
	Partitionable Resources :    Usage  Request          
	   Cpus                 :                 1          
	   Disk (KB)            :     3676     3676          
	   Memory (MB)          :       72       72          
...
000 (788232.000.000) 10/09 09:23:47 Job submitted from host: <18.12.1.74:45913>
...
001 (788232.000.000) 10/09 09:24:16 Job executing on host: <18.12.6.98:42336>
...
006 (788232.000.000) 10/09 09:24:24 Image size of job updated: 2
	3  -  MemoryUsage of job (MB)
	2340  -  ResidentSetSize of job (KB)
...
006 (788232.000.000) 10/09 09:26:37 Image size of job updated: 230400
	3  -  MemoryUsage of job (MB)
	2340  -  ResidentSetSize of job (KB)
...
005 (788232.000.000) 10/09 09:26:37 Job terminated.
	(1) Normal termination (return value 0)
		Usr 0 00:01:35, Sys 0 00:00:01  -  Run Remote Usage
		Usr 0 00:00:00, Sys 0 00:00:00  -  Run Local Usage
		Usr 0 00:01:35, Sys 0 00:00:01  -  Total Remote Usage
		Usr 0 00:00:00, Sys 0 00:00:00  -  Total Local Usage
	585536  -  Run Bytes Sent By Job
	62698  -  Run Bytes Received By Job
	585536  -  Total Bytes Sent By Job
	62698  -  Total Bytes Received By Job
	Partitionable Resources :    Usage  Request          
	   Cpus                 :                 1          
	   Disk (KB)            :      658      658          
	   Memory (MB)          :        3        3          
...
000 (788597.000.000) 10/12 09:48:07 Job submitted from host: <18.12.1.74:45913>
...
001 (788597.000.000) 10/12 09:59:16 Job executing on host: <18.12.6.12:42482>
...
006 (788597.000.000) 10/12 09:59:25 Image size of job updated: 2
	3  -  MemoryUsage of job (MB)
	2372  -  ResidentSetSize of job (KB)
...
006 (788597.000.000) 10/12 10:01:19 Image size of job updated: 230364
	3  -  MemoryUsage of job (MB)
	2372  -  ResidentSetSize of job (KB)
...
005 (788597.000.000) 10/12 10:01:20 Job terminated.
	(1) Normal termination (return value 0)
		Usr 0 00:01:34, Sys 0 00:00:01  -  Run Remote Usage
		Usr 0 00:00:00, Sys 0 00:00:00  -  Run Local Usage
		Usr 0 00:01:34, Sys 0 00:00:01  -  Total Remote Usage
		Usr 0 00:00:00, Sys 0 00:00:00  -  Total Local Usage
	585159  -  Run Bytes Sent By Job
	62703  -  Run Bytes Received By Job
	585159  -  Total Bytes Sent By Job
	62703  -  Total Bytes Received By Job
	Partitionable Resources :    Usage  Request          
	   Cpus                 :                 1          
	   Disk (KB)            :      658      658          
	   Memory (MB)          :        3        3          
...
