000 (554216.000.000) 08/11 09:09:03 Job submitted from host: <18.12.1.74:48322>
...
001 (554216.000.000) 08/11 09:09:16 Job executing on host: <18.12.8.222:43723>
...
006 (554216.000.000) 08/11 09:09:24 Image size of job updated: 2
	3  -  MemoryUsage of job (MB)
	2352  -  ResidentSetSize of job (KB)
...
006 (554216.000.000) 08/11 09:10:22 Image size of job updated: 230036
	3  -  MemoryUsage of job (MB)
	2352  -  ResidentSetSize of job (KB)
...
005 (554216.000.000) 08/11 09:10:22 Job terminated.
	(1) Normal termination (return value 0)
		Usr 0 00:00:26, Sys 0 00:00:00  -  Run Remote Usage
		Usr 0 00:00:00, Sys 0 00:00:00  -  Run Local Usage
		Usr 0 00:00:26, Sys 0 00:00:00  -  Total Remote Usage
		Usr 0 00:00:00, Sys 0 00:00:00  -  Total Local Usage
	585832  -  Run Bytes Sent By Job
	62717  -  Run Bytes Received By Job
	585832  -  Total Bytes Sent By Job
	62717  -  Total Bytes Received By Job
	Partitionable Resources :    Usage  Request          
	   Cpus                 :                 1          
	   Disk (KB)            :      658      658          
	   Memory (MB)          :        3        3          
...
000 (557931.000.000) 08/13 13:34:16 Job submitted from host: <18.12.1.74:48322>
...
001 (557931.000.000) 08/13 13:46:11 Job executing on host: <18.12.9.50:43066>
...
006 (557931.000.000) 08/13 13:46:20 Image size of job updated: 2
	3  -  MemoryUsage of job (MB)
	2356  -  ResidentSetSize of job (KB)
...
006 (557931.000.000) 08/13 13:47:25 Image size of job updated: 230036
	3  -  MemoryUsage of job (MB)
	2356  -  ResidentSetSize of job (KB)
...
005 (557931.000.000) 08/13 13:47:26 Job terminated.
	(1) Normal termination (return value 0)
		Usr 0 00:00:27, Sys 0 00:00:00  -  Run Remote Usage
		Usr 0 00:00:00, Sys 0 00:00:00  -  Run Local Usage
		Usr 0 00:00:27, Sys 0 00:00:00  -  Total Remote Usage
		Usr 0 00:00:00, Sys 0 00:00:00  -  Total Local Usage
	586117  -  Run Bytes Sent By Job
	62720  -  Run Bytes Received By Job
	586117  -  Total Bytes Sent By Job
	62720  -  Total Bytes Received By Job
	Partitionable Resources :    Usage  Request          
	   Cpus                 :                 1          
	   Disk (KB)            :      659      659          
	   Memory (MB)          :        3        3          
...
000 (566222.000.000) 08/20 20:20:52 Job submitted from host: <18.12.1.74:48322>
...
001 (566222.000.000) 08/20 20:21:04 Job executing on host: <18.12.9.37:49636>
...
006 (566222.000.000) 08/20 20:21:13 Image size of job updated: 228212
	94  -  MemoryUsage of job (MB)
	95908  -  ResidentSetSize of job (KB)
...
006 (566222.000.000) 08/20 20:24:00 Image size of job updated: 230036
	94  -  MemoryUsage of job (MB)
	95908  -  ResidentSetSize of job (KB)
...
005 (566222.000.000) 08/20 20:30:41 Job terminated.
	(1) Normal termination (return value 0)
		Usr 0 00:00:35, Sys 0 00:00:01  -  Run Remote Usage
		Usr 0 00:00:00, Sys 0 00:00:00  -  Run Local Usage
		Usr 0 00:00:35, Sys 0 00:00:01  -  Total Remote Usage
		Usr 0 00:00:00, Sys 0 00:00:00  -  Total Local Usage
	586452  -  Run Bytes Sent By Job
	62732  -  Run Bytes Received By Job
	586452  -  Total Bytes Sent By Job
	62732  -  Total Bytes Received By Job
	Partitionable Resources :    Usage  Request          
	   Cpus                 :                 1          
	   Disk (KB)            :      659      659          
	   Memory (MB)          :       94       94          
...
