000 (556154.000.000) 08/12 11:33:50 Job submitted from host: <18.12.1.74:48322>
...
001 (556154.000.000) 08/12 12:03:20 Job executing on host: <18.12.8.4:43942>
...
006 (556154.000.000) 08/12 12:03:28 Image size of job updated: 17152
	2  -  MemoryUsage of job (MB)
	1500  -  ResidentSetSize of job (KB)
...
006 (556154.000.000) 08/12 12:08:28 Image size of job updated: 230312
	92  -  MemoryUsage of job (MB)
	93260  -  ResidentSetSize of job (KB)
...
005 (556154.000.000) 08/12 12:09:52 Job terminated.
	(1) Normal termination (return value 0)
		Usr 0 00:01:03, Sys 0 00:00:01  -  Run Remote Usage
		Usr 0 00:00:00, Sys 0 00:00:00  -  Run Local Usage
		Usr 0 00:01:03, Sys 0 00:00:01  -  Total Remote Usage
		Usr 0 00:00:00, Sys 0 00:00:00  -  Total Local Usage
	585950  -  Run Bytes Sent By Job
	62715  -  Run Bytes Received By Job
	585950  -  Total Bytes Sent By Job
	62715  -  Total Bytes Received By Job
	Partitionable Resources :    Usage  Request          
	   Cpus                 :                 1          
	   Disk (KB)            :      658      658          
	   Memory (MB)          :       92       92          
...
000 (566523.000.000) 08/20 21:09:35 Job submitted from host: <18.12.1.74:48322>
...
001 (566523.000.000) 08/20 21:09:52 Job executing on host: <18.12.8.212:45621>
...
006 (566523.000.000) 08/20 21:10:01 Image size of job updated: 2
	3  -  MemoryUsage of job (MB)
	2356  -  ResidentSetSize of job (KB)
...
006 (566523.000.000) 08/20 21:11:33 Image size of job updated: 230312
	3  -  MemoryUsage of job (MB)
	2356  -  ResidentSetSize of job (KB)
...
022 (566523.000.000) 08/20 21:11:33 Job disconnected, attempting to reconnect
    Socket between submit and execute hosts closed unexpectedly
    Trying to reconnect to slot9@t2bat0212.cmsaf.mit.edu <18.12.8.212:45621>
...
023 (566523.000.000) 08/20 21:11:33 Job reconnected to slot9@t2bat0212.cmsaf.mit.edu
    startd address: <18.12.8.212:45621>
    starter address: <18.12.8.212:43139>
...
022 (566523.000.000) 08/20 21:11:33 Job disconnected, attempting to reconnect
    Socket between submit and execute hosts closed unexpectedly
    Trying to reconnect to slot9@t2bat0212.cmsaf.mit.edu <18.12.8.212:45621>
...
023 (566523.000.000) 08/20 21:11:33 Job reconnected to slot9@t2bat0212.cmsaf.mit.edu
    startd address: <18.12.8.212:45621>
    starter address: <18.12.8.212:43139>
...
022 (566523.000.000) 08/20 21:11:33 Job disconnected, attempting to reconnect
    Socket between submit and execute hosts closed unexpectedly
    Trying to reconnect to slot9@t2bat0212.cmsaf.mit.edu <18.12.8.212:45621>
...
023 (566523.000.000) 08/20 21:11:34 Job reconnected to slot9@t2bat0212.cmsaf.mit.edu
    startd address: <18.12.8.212:45621>
    starter address: <18.12.8.212:43139>
...
022 (566523.000.000) 08/20 21:11:34 Job disconnected, attempting to reconnect
    Socket between submit and execute hosts closed unexpectedly
    Trying to reconnect to slot9@t2bat0212.cmsaf.mit.edu <18.12.8.212:45621>
...
023 (566523.000.000) 08/20 21:11:34 Job reconnected to slot9@t2bat0212.cmsaf.mit.edu
    startd address: <18.12.8.212:45621>
    starter address: <18.12.8.212:43139>
...
007 (566523.000.000) 08/20 21:11:34 Shadow exception!
	Error from slot9@t2bat0212.cmsaf.mit.edu: Repeated attempts to transfer output failed for unknown reasons
	0  -  Run Bytes Sent By Job
	62731  -  Run Bytes Received By Job
...
007 (566523.000.000) 08/20 21:11:46 Shadow exception!
	Error from slot29@t2bat0323.cmsaf.mit.edu: Failed to transfer files
	0  -  Run Bytes Sent By Job
	0  -  Run Bytes Received By Job
...
007 (566523.000.000) 08/20 21:11:48 Shadow exception!
	Error from slot16@t2bat0299.cmsaf.mit.edu: Failed to transfer files
	0  -  Run Bytes Sent By Job
	0  -  Run Bytes Received By Job
...
001 (566523.000.000) 08/20 21:11:52 Job executing on host: <18.12.9.43:40073>
...
006 (566523.000.000) 08/20 21:12:01 Image size of job updated: 250000
	27  -  MemoryUsage of job (MB)
	26748  -  ResidentSetSize of job (KB)
...
005 (566523.000.000) 08/20 21:23:26 Job terminated.
	(1) Normal termination (return value 0)
		Usr 0 00:01:11, Sys 0 00:00:02  -  Run Remote Usage
		Usr 0 00:00:00, Sys 0 00:00:00  -  Run Local Usage
		Usr 0 00:01:11, Sys 0 00:00:02  -  Total Remote Usage
		Usr 0 00:00:00, Sys 0 00:00:00  -  Total Local Usage
	586410  -  Run Bytes Sent By Job
	62731  -  Run Bytes Received By Job
	586410  -  Total Bytes Sent By Job
	125462  -  Total Bytes Received By Job
	Partitionable Resources :    Usage  Request          
	   Cpus                 :                 1          
	   Disk (KB)            :      750      750          
	   Memory (MB)          :       27       27          
...
