000 (556413.000.000) 08/12 14:10:54 Job submitted from host: <18.12.1.74:48322>
...
001 (556413.000.000) 08/12 14:40:55 Job executing on host: <18.12.9.80:43650>
...
006 (556413.000.000) 08/12 14:41:04 Image size of job updated: 192484
	77  -  MemoryUsage of job (MB)
	78252  -  ResidentSetSize of job (KB)
...
006 (556413.000.000) 08/12 14:46:05 Image size of job updated: 230472
	86  -  MemoryUsage of job (MB)
	87124  -  ResidentSetSize of job (KB)
...
006 (556413.000.000) 08/12 14:51:05 Image size of job updated: 230472
	95  -  MemoryUsage of job (MB)
	97228  -  ResidentSetSize of job (KB)
...
005 (556413.000.000) 08/12 14:51:26 Job terminated.
	(1) Normal termination (return value 0)
		Usr 0 00:00:54, Sys 0 00:00:03  -  Run Remote Usage
		Usr 0 00:00:00, Sys 0 00:00:00  -  Run Local Usage
		Usr 0 00:00:54, Sys 0 00:00:03  -  Total Remote Usage
		Usr 0 00:00:00, Sys 0 00:00:00  -  Total Local Usage
	586156  -  Run Bytes Sent By Job
	62715  -  Run Bytes Received By Job
	586156  -  Total Bytes Sent By Job
	62715  -  Total Bytes Received By Job
	Partitionable Resources :    Usage  Request          
	   Cpus                 :                 1          
	   Disk (KB)            :      659      659          
	   Memory (MB)          :       95       95          
...
000 (557673.000.000) 08/13 11:57:30 Job submitted from host: <18.12.1.74:48322>
...
001 (557673.000.000) 08/13 12:34:36 Job executing on host: <18.12.8.172:49417>
...
006 (557673.000.000) 08/13 12:34:45 Image size of job updated: 192452
	77  -  MemoryUsage of job (MB)
	78244  -  ResidentSetSize of job (KB)
...
006 (557673.000.000) 08/13 12:37:33 Image size of job updated: 230468
	77  -  MemoryUsage of job (MB)
	78244  -  ResidentSetSize of job (KB)
...
005 (557673.000.000) 08/13 12:37:33 Job terminated.
	(1) Normal termination (return value 0)
		Usr 0 00:00:46, Sys 0 00:00:01  -  Run Remote Usage
		Usr 0 00:00:00, Sys 0 00:00:00  -  Run Local Usage
		Usr 0 00:00:46, Sys 0 00:00:01  -  Total Remote Usage
		Usr 0 00:00:00, Sys 0 00:00:00  -  Total Local Usage
	586100  -  Run Bytes Sent By Job
	62715  -  Run Bytes Received By Job
	586100  -  Total Bytes Sent By Job
	62715  -  Total Bytes Received By Job
	Partitionable Resources :    Usage  Request          
	   Cpus                 :                 1          
	   Disk (KB)            :      659      659          
	   Memory (MB)          :       77       77          
...
000 (558189.000.000) 08/13 14:31:12 Job submitted from host: <18.12.1.74:48322>
...
001 (558189.000.000) 08/13 15:03:29 Job executing on host: <18.12.9.50:43066>
...
006 (558189.000.000) 08/13 15:03:37 Image size of job updated: 2
	3  -  MemoryUsage of job (MB)
	2356  -  ResidentSetSize of job (KB)
...
006 (558189.000.000) 08/13 15:05:14 Image size of job updated: 230468
	3  -  MemoryUsage of job (MB)
	2356  -  ResidentSetSize of job (KB)
...
005 (558189.000.000) 08/13 15:05:14 Job terminated.
	(1) Normal termination (return value 0)
		Usr 0 00:00:48, Sys 0 00:00:01  -  Run Remote Usage
		Usr 0 00:00:00, Sys 0 00:00:00  -  Run Local Usage
		Usr 0 00:00:48, Sys 0 00:00:01  -  Total Remote Usage
		Usr 0 00:00:00, Sys 0 00:00:00  -  Total Local Usage
	586153  -  Run Bytes Sent By Job
	62714  -  Run Bytes Received By Job
	586153  -  Total Bytes Sent By Job
	62714  -  Total Bytes Received By Job
	Partitionable Resources :    Usage  Request          
	   Cpus                 :                 1          
	   Disk (KB)            :      659      659          
	   Memory (MB)          :        3        3          
...
000 (565526.000.000) 08/20 12:54:41 Job submitted from host: <18.12.1.74:48322>
...
001 (565526.000.000) 08/20 12:54:49 Job executing on host: <18.12.8.138:40803>
...
006 (565526.000.000) 08/20 12:54:58 Image size of job updated: 2
	3  -  MemoryUsage of job (MB)
	2344  -  ResidentSetSize of job (KB)
...
006 (565526.000.000) 08/20 12:59:34 Image size of job updated: 230476
	3  -  MemoryUsage of job (MB)
	2344  -  ResidentSetSize of job (KB)
...
005 (565526.000.000) 08/20 13:06:09 Job terminated.
	(1) Normal termination (return value 0)
		Usr 0 00:00:35, Sys 0 00:00:01  -  Run Remote Usage
		Usr 0 00:00:00, Sys 0 00:00:00  -  Run Local Usage
		Usr 0 00:00:35, Sys 0 00:00:01  -  Total Remote Usage
		Usr 0 00:00:00, Sys 0 00:00:00  -  Total Local Usage
	585923  -  Run Bytes Sent By Job
	62731  -  Run Bytes Received By Job
	585923  -  Total Bytes Sent By Job
	62731  -  Total Bytes Received By Job
	Partitionable Resources :    Usage  Request          
	   Cpus                 :                 1          
	   Disk (KB)            :      659      659          
	   Memory (MB)          :        3        3          
...
000 (783019.000.000) 10/02 11:06:12 Job submitted from host: <18.12.1.74:41314>
...
001 (783019.000.000) 10/02 11:12:49 Job executing on host: <18.12.9.67:41533>
...
006 (783019.000.000) 10/02 11:12:50 Image size of job updated: 2
	0  -  MemoryUsage of job (MB)
	0  -  ResidentSetSize of job (KB)
...
005 (783019.000.000) 10/02 11:17:34 Job terminated.
	(1) Normal termination (return value 0)
		Usr 0 00:00:00, Sys 0 00:00:00  -  Run Remote Usage
		Usr 0 00:00:00, Sys 0 00:00:00  -  Run Local Usage
		Usr 0 00:00:00, Sys 0 00:00:00  -  Total Remote Usage
		Usr 0 00:00:00, Sys 0 00:00:00  -  Total Local Usage
	585466  -  Run Bytes Sent By Job
	62733  -  Run Bytes Received By Job
	585466  -  Total Bytes Sent By Job
	62733  -  Total Bytes Received By Job
	Partitionable Resources :    Usage  Request          
	   Cpus                 :                 1          
	   Disk (KB)            :      658      658          
	   Memory (MB)          :        0        0          
...
000 (783200.000.000) 10/02 16:13:26 Job submitted from host: <18.12.1.74:45913>
...
001 (783200.000.000) 10/02 16:13:57 Job executing on host: <18.12.9.67:41533>
...
006 (783200.000.000) 10/02 16:14:03 Image size of job updated: 72344
	0  -  MemoryUsage of job (MB)
	0  -  ResidentSetSize of job (KB)
...
005 (783200.000.000) 10/02 16:14:04 Job terminated.
	(1) Normal termination (return value 0)
		Usr 0 00:00:00, Sys 0 00:00:00  -  Run Remote Usage
		Usr 0 00:00:00, Sys 0 00:00:00  -  Run Local Usage
		Usr 0 00:00:00, Sys 0 00:00:00  -  Total Remote Usage
		Usr 0 00:00:00, Sys 0 00:00:00  -  Total Local Usage
	585472  -  Run Bytes Sent By Job
	62733  -  Run Bytes Received By Job
	585472  -  Total Bytes Sent By Job
	62733  -  Total Bytes Received By Job
	Partitionable Resources :    Usage  Request          
	   Cpus                 :                 1          
	   Disk (KB)            :      658      658          
	   Memory (MB)          :        0        0          
...
000 (783381.000.000) 10/02 16:48:41 Job submitted from host: <18.12.1.74:45913>
...
001 (783381.000.000) 10/02 16:48:51 Job executing on host: <18.12.9.26:44234>
...
006 (783381.000.000) 10/02 16:48:54 Image size of job updated: 2
	0  -  MemoryUsage of job (MB)
	0  -  ResidentSetSize of job (KB)
...
005 (783381.000.000) 10/02 16:48:54 Job terminated.
	(1) Normal termination (return value 0)
		Usr 0 00:00:00, Sys 0 00:00:00  -  Run Remote Usage
		Usr 0 00:00:00, Sys 0 00:00:00  -  Run Local Usage
		Usr 0 00:00:00, Sys 0 00:00:00  -  Total Remote Usage
		Usr 0 00:00:00, Sys 0 00:00:00  -  Total Local Usage
	586034  -  Run Bytes Sent By Job
	62733  -  Run Bytes Received By Job
	586034  -  Total Bytes Sent By Job
	62733  -  Total Bytes Received By Job
	Partitionable Resources :    Usage  Request          
	   Cpus                 :                 1          
	   Disk (KB)            :      659      659          
	   Memory (MB)          :        0        0          
...
000 (783564.000.000) 10/05 09:25:47 Job submitted from host: <18.12.1.74:45913>
...
001 (783564.000.000) 10/05 09:26:07 Job executing on host: <18.12.6.92:42482>
...
006 (783564.000.000) 10/05 09:26:13 Image size of job updated: 26048
	0  -  MemoryUsage of job (MB)
	0  -  ResidentSetSize of job (KB)
...
005 (783564.000.000) 10/05 09:26:14 Job terminated.
	(1) Normal termination (return value 0)
		Usr 0 00:00:00, Sys 0 00:00:00  -  Run Remote Usage
		Usr 0 00:00:00, Sys 0 00:00:00  -  Run Local Usage
		Usr 0 00:00:00, Sys 0 00:00:00  -  Total Remote Usage
		Usr 0 00:00:00, Sys 0 00:00:00  -  Total Local Usage
	585650  -  Run Bytes Sent By Job
	62732  -  Run Bytes Received By Job
	585650  -  Total Bytes Sent By Job
	62732  -  Total Bytes Received By Job
	Partitionable Resources :    Usage  Request          
	   Cpus                 :                 1          
	   Disk (KB)            :      658      658          
	   Memory (MB)          :        0        0          
...
000 (783745.000.000) 10/05 10:00:25 Job submitted from host: <18.12.1.74:45913>
...
001 (783745.000.000) 10/05 10:01:05 Job executing on host: <18.12.12.5:49271>
...
006 (783745.000.000) 10/05 10:01:18 Image size of job updated: 1196
	1  -  MemoryUsage of job (MB)
	152  -  ResidentSetSize of job (KB)
...
006 (783745.000.000) 10/05 10:01:41 Image size of job updated: 13384
	1  -  MemoryUsage of job (MB)
	152  -  ResidentSetSize of job (KB)
...
005 (783745.000.000) 10/05 10:01:41 Job terminated.
	(1) Normal termination (return value 0)
		Usr 0 00:00:00, Sys 0 00:00:00  -  Run Remote Usage
		Usr 0 00:00:00, Sys 0 00:00:00  -  Run Local Usage
		Usr 0 00:00:00, Sys 0 00:00:00  -  Total Remote Usage
		Usr 0 00:00:00, Sys 0 00:00:00  -  Total Local Usage
	585408  -  Run Bytes Sent By Job
	62731  -  Run Bytes Received By Job
	585408  -  Total Bytes Sent By Job
	62731  -  Total Bytes Received By Job
	Partitionable Resources :    Usage  Request          
	   Cpus                 :                 1          
	   Disk (KB)            :      658      658          
	   Memory (MB)          :        1        1          
...
000 (783927.000.000) 10/05 12:25:13 Job submitted from host: <18.12.1.74:45913>
...
001 (783927.000.000) 10/05 12:25:25 Job executing on host: <18.12.9.50:45037>
...
006 (783927.000.000) 10/05 12:25:26 Image size of job updated: 9248
	0  -  MemoryUsage of job (MB)
	0  -  ResidentSetSize of job (KB)
...
005 (783927.000.000) 10/05 12:25:28 Job terminated.
	(1) Normal termination (return value 0)
		Usr 0 00:00:00, Sys 0 00:00:00  -  Run Remote Usage
		Usr 0 00:00:00, Sys 0 00:00:00  -  Run Local Usage
		Usr 0 00:00:00, Sys 0 00:00:00  -  Total Remote Usage
		Usr 0 00:00:00, Sys 0 00:00:00  -  Total Local Usage
	585808  -  Run Bytes Sent By Job
	62732  -  Run Bytes Received By Job
	585808  -  Total Bytes Sent By Job
	62732  -  Total Bytes Received By Job
	Partitionable Resources :    Usage  Request          
	   Cpus                 :                 1          
	   Disk (KB)            :      659      659          
	   Memory (MB)          :        0        0          
...
000 (784108.000.000) 10/05 12:28:47 Job submitted from host: <18.12.1.74:45913>
...
001 (784108.000.000) 10/05 12:29:19 Job executing on host: <18.12.9.43:44818>
...
006 (784108.000.000) 10/05 12:29:28 Image size of job updated: 75608
	16  -  MemoryUsage of job (MB)
	16368  -  ResidentSetSize of job (KB)
...
006 (784108.000.000) 10/05 12:32:30 Image size of job updated: 230936
	16  -  MemoryUsage of job (MB)
	16368  -  ResidentSetSize of job (KB)
...
005 (784108.000.000) 10/05 12:32:30 Job terminated.
	(1) Normal termination (return value 0)
		Usr 0 00:00:45, Sys 0 00:00:01  -  Run Remote Usage
		Usr 0 00:00:00, Sys 0 00:00:00  -  Run Local Usage
		Usr 0 00:00:45, Sys 0 00:00:01  -  Total Remote Usage
		Usr 0 00:00:00, Sys 0 00:00:00  -  Total Local Usage
	587080  -  Run Bytes Sent By Job
	62733  -  Run Bytes Received By Job
	587080  -  Total Bytes Sent By Job
	62733  -  Total Bytes Received By Job
	Partitionable Resources :    Usage  Request          
	   Cpus                 :                 1          
	   Disk (KB)            :      660      660          
	   Memory (MB)          :       16       16          
...
000 (786177.000.000) 10/05 14:34:45 Job submitted from host: <18.12.1.74:45913>
...
001 (786177.000.000) 10/05 14:35:53 Job executing on host: <18.12.8.84:40584>
...
006 (786177.000.000) 10/05 14:36:02 Image size of job updated: 2
	3  -  MemoryUsage of job (MB)
	2360  -  ResidentSetSize of job (KB)
...
006 (786177.000.000) 10/05 14:37:31 Image size of job updated: 230456
	3  -  MemoryUsage of job (MB)
	2360  -  ResidentSetSize of job (KB)
...
005 (786177.000.000) 10/05 14:37:31 Job terminated.
	(1) Normal termination (return value 0)
		Usr 0 00:00:50, Sys 0 00:00:01  -  Run Remote Usage
		Usr 0 00:00:00, Sys 0 00:00:00  -  Run Local Usage
		Usr 0 00:00:50, Sys 0 00:00:01  -  Total Remote Usage
		Usr 0 00:00:00, Sys 0 00:00:00  -  Total Local Usage
	586138  -  Run Bytes Sent By Job
	62729  -  Run Bytes Received By Job
	586138  -  Total Bytes Sent By Job
	62729  -  Total Bytes Received By Job
	Partitionable Resources :    Usage  Request          
	   Cpus                 :                 1          
	   Disk (KB)            :      659      659          
	   Memory (MB)          :        3        3          
...
000 (788016.000.000) 10/08 16:10:08 Job submitted from host: <18.12.1.74:45913>
...
001 (788016.000.000) 10/08 16:21:32 Job executing on host: <18.12.12.10:46132>
...
006 (788016.000.000) 10/08 16:21:41 Image size of job updated: 2
	3  -  MemoryUsage of job (MB)
	2348  -  ResidentSetSize of job (KB)
...
006 (788016.000.000) 10/08 16:23:15 Image size of job updated: 230452
	3  -  MemoryUsage of job (MB)
	2348  -  ResidentSetSize of job (KB)
...
005 (788016.000.000) 10/08 16:23:16 Job terminated.
	(1) Normal termination (return value 0)
		Usr 0 00:01:02, Sys 0 00:00:01  -  Run Remote Usage
		Usr 0 00:00:00, Sys 0 00:00:00  -  Run Local Usage
		Usr 0 00:01:02, Sys 0 00:00:01  -  Total Remote Usage
		Usr 0 00:00:00, Sys 0 00:00:00  -  Total Local Usage
	585254  -  Run Bytes Sent By Job
	62697  -  Run Bytes Received By Job
	585254  -  Total Bytes Sent By Job
	62697  -  Total Bytes Received By Job
	Partitionable Resources :    Usage  Request          
	   Cpus                 :                 1          
	   Disk (KB)            :      658      658          
	   Memory (MB)          :        3        3          
...
000 (788379.000.000) 10/09 10:00:34 Job submitted from host: <18.12.1.74:45913>
...
001 (788379.000.000) 10/09 10:19:06 Job executing on host: <18.12.9.55:45694>
...
006 (788379.000.000) 10/09 10:19:14 Image size of job updated: 2
	3  -  MemoryUsage of job (MB)
	2348  -  ResidentSetSize of job (KB)
...
006 (788379.000.000) 10/09 10:20:25 Image size of job updated: 230488
	3  -  MemoryUsage of job (MB)
	2348  -  ResidentSetSize of job (KB)
...
005 (788379.000.000) 10/09 10:20:25 Job terminated.
	(1) Normal termination (return value 0)
		Usr 0 00:00:48, Sys 0 00:00:01  -  Run Remote Usage
		Usr 0 00:00:00, Sys 0 00:00:00  -  Run Local Usage
		Usr 0 00:00:48, Sys 0 00:00:01  -  Total Remote Usage
		Usr 0 00:00:00, Sys 0 00:00:00  -  Total Local Usage
	585310  -  Run Bytes Sent By Job
	62694  -  Run Bytes Received By Job
	585310  -  Total Bytes Sent By Job
	62694  -  Total Bytes Received By Job
	Partitionable Resources :    Usage  Request          
	   Cpus                 :                 1          
	   Disk (KB)            :      658      658          
	   Memory (MB)          :        3        3          
...
000 (788926.000.000) 10/12 11:22:13 Job submitted from host: <18.12.1.74:45913>
...
001 (788926.000.000) 10/12 11:35:15 Job executing on host: <18.12.6.61:47227>
...
006 (788926.000.000) 10/12 11:35:24 Image size of job updated: 230444
	96  -  MemoryUsage of job (MB)
	98136  -  ResidentSetSize of job (KB)
...
005 (788926.000.000) 10/12 11:36:46 Job terminated.
	(1) Normal termination (return value 0)
		Usr 0 00:01:01, Sys 0 00:00:00  -  Run Remote Usage
		Usr 0 00:00:00, Sys 0 00:00:00  -  Run Local Usage
		Usr 0 00:01:01, Sys 0 00:00:00  -  Total Remote Usage
		Usr 0 00:00:00, Sys 0 00:00:00  -  Total Local Usage
	585391  -  Run Bytes Sent By Job
	62702  -  Run Bytes Received By Job
	585391  -  Total Bytes Sent By Job
	62702  -  Total Bytes Received By Job
	Partitionable Resources :    Usage  Request          
	   Cpus                 :                 1          
	   Disk (KB)            :      658      658          
	   Memory (MB)          :       96       96          
...
