000 (556472.000.000) 08/12 14:11:00 Job submitted from host: <18.12.1.74:48322>
...
001 (556472.000.000) 08/12 14:50:52 Job executing on host: <18.12.8.40:44599>
...
006 (556472.000.000) 08/12 14:51:01 Image size of job updated: 2
	3  -  MemoryUsage of job (MB)
	2348  -  ResidentSetSize of job (KB)
...
006 (556472.000.000) 08/12 14:54:10 Image size of job updated: 230648
	3  -  MemoryUsage of job (MB)
	2348  -  ResidentSetSize of job (KB)
...
005 (556472.000.000) 08/12 14:54:10 Job terminated.
	(1) Normal termination (return value 0)
		Usr 0 00:02:31, Sys 0 00:00:06  -  Run Remote Usage
		Usr 0 00:00:00, Sys 0 00:00:00  -  Run Local Usage
		Usr 0 00:02:31, Sys 0 00:00:06  -  Total Remote Usage
		Usr 0 00:00:00, Sys 0 00:00:00  -  Total Local Usage
	586019  -  Run Bytes Sent By Job
	62715  -  Run Bytes Received By Job
	586019  -  Total Bytes Sent By Job
	62715  -  Total Bytes Received By Job
	Partitionable Resources :    Usage  Request          
	   Cpus                 :                 1          
	   Disk (KB)            :      659      659          
	   Memory (MB)          :        3        3          
...
000 (557732.000.000) 08/13 11:57:36 Job submitted from host: <18.12.1.74:48322>
...
001 (557732.000.000) 08/13 12:45:41 Job executing on host: <18.12.8.172:49417>
...
006 (557732.000.000) 08/13 12:45:50 Image size of job updated: 193768
	78  -  MemoryUsage of job (MB)
	79620  -  ResidentSetSize of job (KB)
...
006 (557732.000.000) 08/13 12:48:56 Image size of job updated: 230648
	78  -  MemoryUsage of job (MB)
	79620  -  ResidentSetSize of job (KB)
...
005 (557732.000.000) 08/13 12:48:56 Job terminated.
	(1) Normal termination (return value 0)
		Usr 0 00:01:26, Sys 0 00:00:02  -  Run Remote Usage
		Usr 0 00:00:00, Sys 0 00:00:00  -  Run Local Usage
		Usr 0 00:01:26, Sys 0 00:00:02  -  Total Remote Usage
		Usr 0 00:00:00, Sys 0 00:00:00  -  Total Local Usage
	586235  -  Run Bytes Sent By Job
	62715  -  Run Bytes Received By Job
	586235  -  Total Bytes Sent By Job
	62715  -  Total Bytes Received By Job
	Partitionable Resources :    Usage  Request          
	   Cpus                 :                 1          
	   Disk (KB)            :      659      659          
	   Memory (MB)          :       78       78          
...
000 (558248.000.000) 08/13 14:31:18 Job submitted from host: <18.12.1.74:48322>
...
001 (558248.000.000) 08/13 15:12:03 Job executing on host: <18.12.8.199:40730>
...
006 (558248.000.000) 08/13 15:12:12 Image size of job updated: 2
	3  -  MemoryUsage of job (MB)
	2340  -  ResidentSetSize of job (KB)
...
006 (558248.000.000) 08/13 15:14:47 Image size of job updated: 230648
	3  -  MemoryUsage of job (MB)
	2340  -  ResidentSetSize of job (KB)
...
005 (558248.000.000) 08/13 15:14:47 Job terminated.
	(1) Normal termination (return value 0)
		Usr 0 00:01:43, Sys 0 00:00:01  -  Run Remote Usage
		Usr 0 00:00:00, Sys 0 00:00:00  -  Run Local Usage
		Usr 0 00:01:43, Sys 0 00:00:01  -  Total Remote Usage
		Usr 0 00:00:00, Sys 0 00:00:00  -  Total Local Usage
	586020  -  Run Bytes Sent By Job
	62714  -  Run Bytes Received By Job
	586020  -  Total Bytes Sent By Job
	62714  -  Total Bytes Received By Job
	Partitionable Resources :    Usage  Request          
	   Cpus                 :                 1          
	   Disk (KB)            :      659      659          
	   Memory (MB)          :        3        3          
...
000 (565585.000.000) 08/20 12:59:53 Job submitted from host: <18.12.1.74:48322>
...
001 (565585.000.000) 08/20 13:01:05 Job executing on host: <18.12.9.48:43358>
...
006 (565585.000.000) 08/20 13:01:14 Image size of job updated: 225500
	92  -  MemoryUsage of job (MB)
	93576  -  ResidentSetSize of job (KB)
...
006 (565585.000.000) 08/20 13:03:29 Image size of job updated: 230648
	92  -  MemoryUsage of job (MB)
	93576  -  ResidentSetSize of job (KB)
...
005 (565585.000.000) 08/20 13:10:07 Job terminated.
	(1) Normal termination (return value 0)
		Usr 0 00:01:30, Sys 0 00:00:01  -  Run Remote Usage
		Usr 0 00:00:00, Sys 0 00:00:00  -  Run Local Usage
		Usr 0 00:01:30, Sys 0 00:00:01  -  Total Remote Usage
		Usr 0 00:00:00, Sys 0 00:00:00  -  Total Local Usage
	586202  -  Run Bytes Sent By Job
	62731  -  Run Bytes Received By Job
	586202  -  Total Bytes Sent By Job
	62731  -  Total Bytes Received By Job
	Partitionable Resources :    Usage  Request          
	   Cpus                 :                 1          
	   Disk (KB)            :      659      659          
	   Memory (MB)          :       92       92          
...
000 (783078.000.000) 10/02 11:08:28 Job submitted from host: <18.12.1.74:41314>
...
001 (783078.000.000) 10/02 11:14:07 Job executing on host: <18.12.8.141:44891>
...
006 (783078.000.000) 10/02 11:14:09 Image size of job updated: 2
	0  -  MemoryUsage of job (MB)
	0  -  ResidentSetSize of job (KB)
...
005 (783078.000.000) 10/02 11:19:23 Job terminated.
	(1) Normal termination (return value 0)
		Usr 0 00:00:00, Sys 0 00:00:00  -  Run Remote Usage
		Usr 0 00:00:00, Sys 0 00:00:00  -  Run Local Usage
		Usr 0 00:00:00, Sys 0 00:00:00  -  Total Remote Usage
		Usr 0 00:00:00, Sys 0 00:00:00  -  Total Local Usage
	585643  -  Run Bytes Sent By Job
	62733  -  Run Bytes Received By Job
	585643  -  Total Bytes Sent By Job
	62733  -  Total Bytes Received By Job
	Partitionable Resources :    Usage  Request          
	   Cpus                 :                 1          
	   Disk (KB)            :      658      658          
	   Memory (MB)          :        0        0          
...
000 (783259.000.000) 10/02 16:13:32 Job submitted from host: <18.12.1.74:45913>
...
001 (783259.000.000) 10/02 16:14:04 Job executing on host: <18.12.8.227:43066>
...
006 (783259.000.000) 10/02 16:14:05 Image size of job updated: 66156
	0  -  MemoryUsage of job (MB)
	0  -  ResidentSetSize of job (KB)
...
005 (783259.000.000) 10/02 16:14:05 Job terminated.
	(1) Normal termination (return value 0)
		Usr 0 00:00:00, Sys 0 00:00:00  -  Run Remote Usage
		Usr 0 00:00:00, Sys 0 00:00:00  -  Run Local Usage
		Usr 0 00:00:00, Sys 0 00:00:00  -  Total Remote Usage
		Usr 0 00:00:00, Sys 0 00:00:00  -  Total Local Usage
	585416  -  Run Bytes Sent By Job
	62733  -  Run Bytes Received By Job
	585416  -  Total Bytes Sent By Job
	62733  -  Total Bytes Received By Job
	Partitionable Resources :    Usage  Request          
	   Cpus                 :                 1          
	   Disk (KB)            :      658      658          
	   Memory (MB)          :        0        0          
...
000 (783440.000.000) 10/02 16:49:05 Job submitted from host: <18.12.1.74:45913>
...
001 (783440.000.000) 10/02 16:49:07 Job executing on host: <18.12.8.155:43431>
...
006 (783440.000.000) 10/02 16:49:07 Image size of job updated: 2
	0  -  MemoryUsage of job (MB)
	0  -  ResidentSetSize of job (KB)
...
005 (783440.000.000) 10/02 16:49:08 Job terminated.
	(1) Normal termination (return value 0)
		Usr 0 00:00:00, Sys 0 00:00:00  -  Run Remote Usage
		Usr 0 00:00:00, Sys 0 00:00:00  -  Run Local Usage
		Usr 0 00:00:00, Sys 0 00:00:00  -  Total Remote Usage
		Usr 0 00:00:00, Sys 0 00:00:00  -  Total Local Usage
	585636  -  Run Bytes Sent By Job
	62733  -  Run Bytes Received By Job
	585636  -  Total Bytes Sent By Job
	62733  -  Total Bytes Received By Job
	Partitionable Resources :    Usage  Request          
	   Cpus                 :                 1          
	   Disk (KB)            :      658      658          
	   Memory (MB)          :        0        0          
...
000 (783623.000.000) 10/05 09:25:54 Job submitted from host: <18.12.1.74:45913>
...
001 (783623.000.000) 10/05 09:26:14 Job executing on host: <18.12.9.64:42336>
...
006 (783623.000.000) 10/05 09:26:14 Image size of job updated: 2
	0  -  MemoryUsage of job (MB)
	0  -  ResidentSetSize of job (KB)
...
005 (783623.000.000) 10/05 09:26:17 Job terminated.
	(1) Normal termination (return value 0)
		Usr 0 00:00:00, Sys 0 00:00:00  -  Run Remote Usage
		Usr 0 00:00:00, Sys 0 00:00:00  -  Run Local Usage
		Usr 0 00:00:00, Sys 0 00:00:00  -  Total Remote Usage
		Usr 0 00:00:00, Sys 0 00:00:00  -  Total Local Usage
	586197  -  Run Bytes Sent By Job
	62732  -  Run Bytes Received By Job
	586197  -  Total Bytes Sent By Job
	62732  -  Total Bytes Received By Job
	Partitionable Resources :    Usage  Request          
	   Cpus                 :                 1          
	   Disk (KB)            :      659      659          
	   Memory (MB)          :        0        0          
...
000 (783804.000.000) 10/05 10:00:30 Job submitted from host: <18.12.1.74:45913>
...
001 (783804.000.000) 10/05 10:00:57 Job executing on host: <18.12.8.1:41241>
...
006 (783804.000.000) 10/05 10:00:57 Image size of job updated: 2
	0  -  MemoryUsage of job (MB)
	0  -  ResidentSetSize of job (KB)
...
005 (783804.000.000) 10/05 10:00:58 Job terminated.
	(1) Normal termination (return value 0)
		Usr 0 00:00:00, Sys 0 00:00:00  -  Run Remote Usage
		Usr 0 00:00:00, Sys 0 00:00:00  -  Run Local Usage
		Usr 0 00:00:00, Sys 0 00:00:00  -  Total Remote Usage
		Usr 0 00:00:00, Sys 0 00:00:00  -  Total Local Usage
	585696  -  Run Bytes Sent By Job
	62731  -  Run Bytes Received By Job
	585696  -  Total Bytes Sent By Job
	62731  -  Total Bytes Received By Job
	Partitionable Resources :    Usage  Request          
	   Cpus                 :                 1          
	   Disk (KB)            :      659      659          
	   Memory (MB)          :        0        0          
...
000 (783986.000.000) 10/05 12:25:36 Job submitted from host: <18.12.1.74:45913>
...
001 (783986.000.000) 10/05 12:25:44 Job executing on host: <18.12.9.69:42336>
...
006 (783986.000.000) 10/05 12:25:45 Image size of job updated: 2
	0  -  MemoryUsage of job (MB)
	0  -  ResidentSetSize of job (KB)
...
005 (783986.000.000) 10/05 12:25:45 Job terminated.
	(1) Normal termination (return value 0)
		Usr 0 00:00:00, Sys 0 00:00:00  -  Run Remote Usage
		Usr 0 00:00:00, Sys 0 00:00:00  -  Run Local Usage
		Usr 0 00:00:00, Sys 0 00:00:00  -  Total Remote Usage
		Usr 0 00:00:00, Sys 0 00:00:00  -  Total Local Usage
	585752  -  Run Bytes Sent By Job
	62732  -  Run Bytes Received By Job
	585752  -  Total Bytes Sent By Job
	62732  -  Total Bytes Received By Job
	Partitionable Resources :    Usage  Request          
	   Cpus                 :                 1          
	   Disk (KB)            :      658      658          
	   Memory (MB)          :        0        0          
...
000 (784167.000.000) 10/05 12:28:54 Job submitted from host: <18.12.1.74:45913>
...
001 (784167.000.000) 10/05 12:29:23 Job executing on host: <18.12.9.59:43869>
...
006 (784167.000.000) 10/05 12:29:31 Image size of job updated: 193800
	78  -  MemoryUsage of job (MB)
	79580  -  ResidentSetSize of job (KB)
...
006 (784167.000.000) 10/05 12:31:16 Image size of job updated: 230644
	78  -  MemoryUsage of job (MB)
	79580  -  ResidentSetSize of job (KB)
...
005 (784167.000.000) 10/05 12:31:16 Job terminated.
	(1) Normal termination (return value 0)
		Usr 0 00:01:17, Sys 0 00:00:01  -  Run Remote Usage
		Usr 0 00:00:00, Sys 0 00:00:00  -  Run Local Usage
		Usr 0 00:01:17, Sys 0 00:00:01  -  Total Remote Usage
		Usr 0 00:00:00, Sys 0 00:00:00  -  Total Local Usage
	586994  -  Run Bytes Sent By Job
	62733  -  Run Bytes Received By Job
	586994  -  Total Bytes Sent By Job
	62733  -  Total Bytes Received By Job
	Partitionable Resources :    Usage  Request          
	   Cpus                 :                 1          
	   Disk (KB)            :      660      660          
	   Memory (MB)          :       78       78          
...
000 (786236.000.000) 10/05 14:34:50 Job submitted from host: <18.12.1.74:45913>
...
001 (786236.000.000) 10/05 14:36:05 Job executing on host: <18.12.8.110:42774>
...
006 (786236.000.000) 10/05 14:36:14 Image size of job updated: 230516
	96  -  MemoryUsage of job (MB)
	98284  -  ResidentSetSize of job (KB)
...
005 (786236.000.000) 10/05 14:37:55 Job terminated.
	(1) Normal termination (return value 0)
		Usr 0 00:01:11, Sys 0 00:00:02  -  Run Remote Usage
		Usr 0 00:00:00, Sys 0 00:00:00  -  Run Local Usage
		Usr 0 00:01:11, Sys 0 00:00:02  -  Total Remote Usage
		Usr 0 00:00:00, Sys 0 00:00:00  -  Total Local Usage
	586349  -  Run Bytes Sent By Job
	62729  -  Run Bytes Received By Job
	586349  -  Total Bytes Sent By Job
	62729  -  Total Bytes Received By Job
	Partitionable Resources :    Usage  Request          
	   Cpus                 :                 1          
	   Disk (KB)            :      659      659          
	   Memory (MB)          :       96       96          
...
000 (788075.000.000) 10/08 16:10:36 Job submitted from host: <18.12.1.74:45913>
...
001 (788075.000.000) 10/08 16:26:24 Job executing on host: <18.12.8.82:43650>
...
006 (788075.000.000) 10/08 16:26:32 Image size of job updated: 230500
	96  -  MemoryUsage of job (MB)
	98044  -  ResidentSetSize of job (KB)
...
006 (788075.000.000) 10/08 16:28:53 Image size of job updated: 230632
	96  -  MemoryUsage of job (MB)
	98044  -  ResidentSetSize of job (KB)
...
005 (788075.000.000) 10/08 16:28:53 Job terminated.
	(1) Normal termination (return value 0)
		Usr 0 00:01:39, Sys 0 00:00:02  -  Run Remote Usage
		Usr 0 00:00:00, Sys 0 00:00:00  -  Run Local Usage
		Usr 0 00:01:39, Sys 0 00:00:02  -  Total Remote Usage
		Usr 0 00:00:00, Sys 0 00:00:00  -  Total Local Usage
	585390  -  Run Bytes Sent By Job
	62697  -  Run Bytes Received By Job
	585390  -  Total Bytes Sent By Job
	62697  -  Total Bytes Received By Job
	Partitionable Resources :    Usage  Request          
	   Cpus                 :                 1          
	   Disk (KB)            :      658      658          
	   Memory (MB)          :       96       96          
...
000 (788438.000.000) 10/09 10:00:40 Job submitted from host: <18.12.1.74:45913>
...
001 (788438.000.000) 10/09 10:13:32 Job executing on host: <18.12.9.76:43139>
...
006 (788438.000.000) 10/09 10:13:40 Image size of job updated: 75688
	17  -  MemoryUsage of job (MB)
	17196  -  ResidentSetSize of job (KB)
...
006 (788438.000.000) 10/09 10:18:03 Image size of job updated: 230632
	17  -  MemoryUsage of job (MB)
	17196  -  ResidentSetSize of job (KB)
...
005 (788438.000.000) 10/09 10:18:03 Job terminated.
	(1) Normal termination (return value 0)
		Usr 0 00:01:28, Sys 0 00:00:02  -  Run Remote Usage
		Usr 0 00:00:00, Sys 0 00:00:00  -  Run Local Usage
		Usr 0 00:01:28, Sys 0 00:00:02  -  Total Remote Usage
		Usr 0 00:00:00, Sys 0 00:00:00  -  Total Local Usage
	585446  -  Run Bytes Sent By Job
	62694  -  Run Bytes Received By Job
	585446  -  Total Bytes Sent By Job
	62694  -  Total Bytes Received By Job
	Partitionable Resources :    Usage  Request          
	   Cpus                 :                 1          
	   Disk (KB)            :      658      658          
	   Memory (MB)          :       17       17          
...
000 (788985.000.000) 10/12 11:22:19 Job submitted from host: <18.12.1.74:45913>
...
001 (788985.000.000) 10/12 11:42:45 Job executing on host: <18.12.9.11:40949>
...
006 (788985.000.000) 10/12 11:42:54 Image size of job updated: 2
	3  -  MemoryUsage of job (MB)
	2340  -  ResidentSetSize of job (KB)
...
006 (788985.000.000) 10/12 11:44:59 Image size of job updated: 230636
	3  -  MemoryUsage of job (MB)
	2340  -  ResidentSetSize of job (KB)
...
005 (788985.000.000) 10/12 11:44:59 Job terminated.
	(1) Normal termination (return value 0)
		Usr 0 00:01:32, Sys 0 00:00:01  -  Run Remote Usage
		Usr 0 00:00:00, Sys 0 00:00:00  -  Run Local Usage
		Usr 0 00:01:32, Sys 0 00:00:01  -  Total Remote Usage
		Usr 0 00:00:00, Sys 0 00:00:00  -  Total Local Usage
	585398  -  Run Bytes Sent By Job
	62702  -  Run Bytes Received By Job
	585398  -  Total Bytes Sent By Job
	62702  -  Total Bytes Received By Job
	Partitionable Resources :    Usage  Request          
	   Cpus                 :                 1          
	   Disk (KB)            :      658      658          
	   Memory (MB)          :        3        3          
...
