000 (552836.000.000) 08/10 16:18:53 Job submitted from host: <18.12.1.74:48322>
...
001 (552836.000.000) 08/10 16:19:23 Job executing on host: <18.12.9.52:43066>
...
006 (552836.000.000) 08/10 16:19:31 Image size of job updated: 187636
	71  -  MemoryUsage of job (MB)
	72584  -  ResidentSetSize of job (KB)
...
005 (552836.000.000) 08/10 16:19:31 Job terminated.
	(1) Normal termination (return value 0)
		Usr 0 00:00:00, Sys 0 00:00:00  -  Run Remote Usage
		Usr 0 00:00:00, Sys 0 00:00:00  -  Run Local Usage
		Usr 0 00:00:00, Sys 0 00:00:00  -  Total Remote Usage
		Usr 0 00:00:00, Sys 0 00:00:00  -  Total Local Usage
	586042  -  Run Bytes Sent By Job
	62719  -  Run Bytes Received By Job
	586042  -  Total Bytes Sent By Job
	62719  -  Total Bytes Received By Job
	Partitionable Resources :    Usage  Request          
	   Cpus                 :                 1          
	   Disk (KB)            :      659      659          
	   Memory (MB)          :       71       71          
...
000 (556305.000.000) 08/12 14:10:43 Job submitted from host: <18.12.1.74:48322>
...
001 (556305.000.000) 08/12 14:10:54 Job executing on host: <18.12.9.43:40073>
...
006 (556305.000.000) 08/12 14:11:03 Image size of job updated: 188128
	71  -  MemoryUsage of job (MB)
	72576  -  ResidentSetSize of job (KB)
...
006 (556305.000.000) 08/12 14:11:59 Image size of job updated: 229636
	71  -  MemoryUsage of job (MB)
	72576  -  ResidentSetSize of job (KB)
...
005 (556305.000.000) 08/12 14:11:59 Job terminated.
	(1) Normal termination (return value 0)
		Usr 0 00:00:01, Sys 0 00:00:00  -  Run Remote Usage
		Usr 0 00:00:00, Sys 0 00:00:00  -  Run Local Usage
		Usr 0 00:00:01, Sys 0 00:00:00  -  Total Remote Usage
		Usr 0 00:00:00, Sys 0 00:00:00  -  Total Local Usage
	586112  -  Run Bytes Sent By Job
	62715  -  Run Bytes Received By Job
	586112  -  Total Bytes Sent By Job
	62715  -  Total Bytes Received By Job
	Partitionable Resources :    Usage  Request          
	   Cpus                 :                 1          
	   Disk (KB)            :      659      659          
	   Memory (MB)          :       71       71          
...
000 (557565.000.000) 08/13 11:57:19 Job submitted from host: <18.12.1.74:48322>
...
001 (557565.000.000) 08/13 11:57:28 Job executing on host: <18.12.6.31:42701>
...
006 (557565.000.000) 08/13 11:57:37 Image size of job updated: 2
	3  -  MemoryUsage of job (MB)
	2344  -  ResidentSetSize of job (KB)
...
006 (557565.000.000) 08/13 11:57:52 Image size of job updated: 229156
	3  -  MemoryUsage of job (MB)
	2344  -  ResidentSetSize of job (KB)
...
005 (557565.000.000) 08/13 11:57:52 Job terminated.
	(1) Normal termination (return value 0)
		Usr 0 00:00:01, Sys 0 00:00:00  -  Run Remote Usage
		Usr 0 00:00:00, Sys 0 00:00:00  -  Run Local Usage
		Usr 0 00:00:01, Sys 0 00:00:00  -  Total Remote Usage
		Usr 0 00:00:00, Sys 0 00:00:00  -  Total Local Usage
	585773  -  Run Bytes Sent By Job
	62715  -  Run Bytes Received By Job
	585773  -  Total Bytes Sent By Job
	62715  -  Total Bytes Received By Job
	Partitionable Resources :    Usage  Request          
	   Cpus                 :                 1          
	   Disk (KB)            :      658      658          
	   Memory (MB)          :        3        3          
...
000 (565418.000.000) 08/20 12:33:05 Job submitted from host: <18.12.1.74:48322>
...
001 (565418.000.000) 08/20 12:37:18 Job executing on host: <18.12.9.40:47592>
...
006 (565418.000.000) 08/20 12:37:27 Image size of job updated: 2
	3  -  MemoryUsage of job (MB)
	2340  -  ResidentSetSize of job (KB)
...
006 (565418.000.000) 08/20 12:37:34 Image size of job updated: 229160
	3  -  MemoryUsage of job (MB)
	2340  -  ResidentSetSize of job (KB)
...
005 (565418.000.000) 08/20 12:45:48 Job terminated.
	(1) Normal termination (return value 0)
		Usr 0 00:00:01, Sys 0 00:00:00  -  Run Remote Usage
		Usr 0 00:00:00, Sys 0 00:00:00  -  Run Local Usage
		Usr 0 00:00:01, Sys 0 00:00:00  -  Total Remote Usage
		Usr 0 00:00:00, Sys 0 00:00:00  -  Total Local Usage
	586382  -  Run Bytes Sent By Job
	62731  -  Run Bytes Received By Job
	586382  -  Total Bytes Sent By Job
	62731  -  Total Bytes Received By Job
	Partitionable Resources :    Usage  Request          
	   Cpus                 :                 1          
	   Disk (KB)            :      659      659          
	   Memory (MB)          :        3        3          
...
000 (782911.000.000) 10/02 11:02:16 Job submitted from host: <18.12.1.74:41314>
...
007 (782911.000.000) 10/02 11:11:56 Shadow exception!
	Error from slot5@t2bat0023.cmsaf.mit.edu: Failed to transfer files
	0  -  Run Bytes Sent By Job
	0  -  Run Bytes Received By Job
...
007 (782911.000.000) 10/02 11:12:00 Shadow exception!
	Error from slot6@t2bat0320.cmsaf.mit.edu: Failed to transfer files
	0  -  Run Bytes Sent By Job
	0  -  Run Bytes Received By Job
...
007 (782911.000.000) 10/02 11:12:06 Shadow exception!
	Error from slot6@t2bat0320.cmsaf.mit.edu: Failed to transfer files
	0  -  Run Bytes Sent By Job
	0  -  Run Bytes Received By Job
...
007 (782911.000.000) 10/02 11:12:07 Shadow exception!
	Error from slot6@t2bat0320.cmsaf.mit.edu: Failed to transfer files
	0  -  Run Bytes Sent By Job
	0  -  Run Bytes Received By Job
...
001 (782911.000.000) 10/02 11:12:13 Job executing on host: <18.12.9.76:43139>
...
006 (782911.000.000) 10/02 11:12:14 Image size of job updated: 2
	0  -  MemoryUsage of job (MB)
	0  -  ResidentSetSize of job (KB)
...
022 (782911.000.000) 10/02 11:12:14 Job disconnected, attempting to reconnect
    Socket between submit and execute hosts closed unexpectedly
    Trying to reconnect to slot2@t2bat0332.cmsaf.mit.edu <18.12.9.76:43139>
...
023 (782911.000.000) 10/02 11:12:14 Job reconnected to slot2@t2bat0332.cmsaf.mit.edu
    startd address: <18.12.9.76:43139>
    starter address: <18.12.9.76:47884>
...
022 (782911.000.000) 10/02 11:12:15 Job disconnected, attempting to reconnect
    Socket between submit and execute hosts closed unexpectedly
    Trying to reconnect to slot2@t2bat0332.cmsaf.mit.edu <18.12.9.76:43139>
...
023 (782911.000.000) 10/02 11:12:15 Job reconnected to slot2@t2bat0332.cmsaf.mit.edu
    startd address: <18.12.9.76:43139>
    starter address: <18.12.9.76:47884>
...
022 (782911.000.000) 10/02 11:12:15 Job disconnected, attempting to reconnect
    Socket between submit and execute hosts closed unexpectedly
    Trying to reconnect to slot2@t2bat0332.cmsaf.mit.edu <18.12.9.76:43139>
...
023 (782911.000.000) 10/02 11:12:15 Job reconnected to slot2@t2bat0332.cmsaf.mit.edu
    startd address: <18.12.9.76:43139>
    starter address: <18.12.9.76:47884>
...
005 (782911.000.000) 10/02 11:16:13 Job terminated.
	(1) Normal termination (return value 0)
		Usr 0 00:00:00, Sys 0 00:00:00  -  Run Remote Usage
		Usr 0 00:00:00, Sys 0 00:00:00  -  Run Local Usage
		Usr 0 00:00:00, Sys 0 00:00:00  -  Total Remote Usage
		Usr 0 00:00:00, Sys 0 00:00:00  -  Total Local Usage
	585460  -  Run Bytes Sent By Job
	62733  -  Run Bytes Received By Job
	585460  -  Total Bytes Sent By Job
	62733  -  Total Bytes Received By Job
	Partitionable Resources :    Usage  Request          
	   Cpus                 :                 1          
	   Disk (KB)            :      658      658          
	   Memory (MB)          :        0        0          
...
000 (783092.000.000) 10/02 16:13:15 Job submitted from host: <18.12.1.74:45913>
...
001 (783092.000.000) 10/02 16:13:52 Job executing on host: <18.12.8.13:48541>
...
006 (783092.000.000) 10/02 16:13:59 Image size of job updated: 2
	0  -  MemoryUsage of job (MB)
	0  -  ResidentSetSize of job (KB)
...
005 (783092.000.000) 10/02 16:14:00 Job terminated.
	(1) Normal termination (return value 0)
		Usr 0 00:00:00, Sys 0 00:00:00  -  Run Remote Usage
		Usr 0 00:00:00, Sys 0 00:00:00  -  Run Local Usage
		Usr 0 00:00:00, Sys 0 00:00:00  -  Total Remote Usage
		Usr 0 00:00:00, Sys 0 00:00:00  -  Total Local Usage
	585884  -  Run Bytes Sent By Job
	62733  -  Run Bytes Received By Job
	585884  -  Total Bytes Sent By Job
	62733  -  Total Bytes Received By Job
	Partitionable Resources :    Usage  Request          
	   Cpus                 :                 1          
	   Disk (KB)            :      658      658          
	   Memory (MB)          :        0        0          
...
000 (783456.000.000) 10/05 09:25:28 Job submitted from host: <18.12.1.74:45913>
...
001 (783456.000.000) 10/05 09:25:44 Job executing on host: <18.12.9.44:46716>
...
006 (783456.000.000) 10/05 09:25:52 Image size of job updated: 2
	3  -  MemoryUsage of job (MB)
	2344  -  ResidentSetSize of job (KB)
...
006 (783456.000.000) 10/05 09:26:00 Image size of job updated: 26048
	3  -  MemoryUsage of job (MB)
	2344  -  ResidentSetSize of job (KB)
...
005 (783456.000.000) 10/05 09:26:00 Job terminated.
	(1) Normal termination (return value 0)
		Usr 0 00:00:00, Sys 0 00:00:00  -  Run Remote Usage
		Usr 0 00:00:00, Sys 0 00:00:00  -  Run Local Usage
		Usr 0 00:00:00, Sys 0 00:00:00  -  Total Remote Usage
		Usr 0 00:00:00, Sys 0 00:00:00  -  Total Local Usage
	586040  -  Run Bytes Sent By Job
	62732  -  Run Bytes Received By Job
	586040  -  Total Bytes Sent By Job
	62732  -  Total Bytes Received By Job
	Partitionable Resources :    Usage  Request          
	   Cpus                 :                 1          
	   Disk (KB)            :      659      659          
	   Memory (MB)          :        3        3          
...
