
----------------------------------------------------
Job started on Thu Aug 20 12:58:11 EDT 2015 at WN: t2bat0299.cmsaf.mit.edu 
Job is running on Linux t2bat0299.cmsaf.mit.edu 2.6.32-358.el6.x86_64 #1 SMP Fri Feb 22 20:37:17 CST 2013 x86_64 x86_64 x86_64 GNU/Linux
Filesystem            Size  Used Avail Use% Mounted on
/dev/sda3              20G  4.2G   15G  23% /
tmpfs                  32G     0   32G   0% /dev/shm
/dev/sda1              97M   32M   61M  35% /boot
/dev/sda4             416G   43G  373G  11% /export/data1
fuse_dfs              4.9P  4.6P  328T  94% /mnt/hadoop
/dev/sdb1             2.7T  2.5T  259G  91% /export/00b
/dev/sdc1             2.7T  2.5T  237G  92% /export/00c
/dev/sdd1             2.7T  2.5T  258G  91% /export/00d
/dev/sde1             2.7T  2.5T  248G  92% /export/00e
/dev/sdf1             2.7T  2.5T  239G  92% /export/00f
/dev/sdg1             2.7T  2.5T  255G  91% /export/00g
/dev/sdh1             2.7T  2.5T  233G  92% /export/00h
/dev/sdi1             2.7T  2.5T  250G  91% /export/00i
/dev/sdj1             2.7T  2.5T  240G  92% /export/00j
/dev/sdk1             2.7T  2.5T  246G  92% /export/00k
/dev/sdl1             2.7T  2.5T  256G  91% /export/00l
cvmfs2                 98G   31G   68G  32% /cvmfs/cms.cern.ch
t2srv0004:/export/db  135G  187M  135G   1% /net/t2srv0004/db
cvmfs2                 98G   31G   68G  32% /cvmfs/cvmfs.cmsaf.mit.edu
gcc (GCC) 4.4.7 20120313 (Red Hat 4.4.7-3)
Copyright (C) 2010 Free Software Foundation, Inc.
This is free software; see the source for copying conditions.  There is NO
warranty; not even for MERCHANTABILITY or FITNESS FOR A PARTICULAR PURPOSE.

Processing...
0/149080
10000/149080
20000/149080
30000/149080
40000/149080
50000/149080
60000/149080
70000/149080
80000/149080
90000/149080
100000/149080
110000/149080
120000/149080
130000/149080
140000/149080
Macro finished: 
CPU time (min)  = 1.36017
Real time (min) = 8.19015
total 1.8M
-rw-r--r--  1 obaron obaron 108K Aug 13 15:28 jetRAA_PbPb_data_forest.txt
-rw-r--r--  1 obaron obaron  94K Aug 13 15:28 jetRAA_PbPb_data_akPu4_select.txt
-rw-r--r--  1 obaron obaron  94K Aug 13 15:28 jetRAA_PbPb_data_akPu3_select.txt
-rw-r--r--  1 obaron obaron  94K Aug 13 15:28 jetRAA_PbPb_data_akPu2_select.txt
-rw-r--r--  1 obaron obaron  70K Aug 20 12:29 RAA_read_data_pbpb.C
-rw-r--r--  1 obaron obaron  11K Aug 20 12:30 RAA_read_data_pbpb_C.d
-rwxr-xr-x  1 obaron obaron 101K Aug 20 12:30 RAA_read_data_pbpb_C.so
-rw-rw-r--  1 obaron obaron  61K Aug 20 12:58 jetRAA_run_PbPb_Data.tar
-rw-r--r--  1 condor condor 5.5K Aug 20 12:58 .machine.ad
-rw-r--r--  1 condor condor  20K Aug 20 12:58 .job.ad
-rwx------  1 obaron obaron   49 Aug 20 12:58 .chirp.config
-rwxr-xr-x  1 obaron obaron 1.2K Aug 20 12:58 condor_exec.exe
drwx------  2 obaron obaron 4.0K Aug 20 12:58 .
-rw-r--r--  1 obaron obaron  678 Aug 20 12:58 _condor_stderr
drwxr-xr-x 30 condor root   4.0K Aug 20 13:06 ..
-rw-r--r--  1 obaron obaron 1.9K Aug 20 13:06 _condor_stdout
-rw-r--r--  1 obaron obaron 1.1M Aug 20 13:06 PbPb_Data_histograms_FromForest_pileupCutFIX_ZDCmCut_akPu4_20_eta_20_690.root
Done!
Copied output files to hadoop rootfiles/JetRAA/June29
