000 (554310.000.000) 08/11 09:09:19 Job submitted from host: <18.12.1.74:48322>
...
001 (554310.000.000) 08/11 09:09:52 Job executing on host: <18.12.8.189:43577>
...
006 (554310.000.000) 08/11 09:10:00 Image size of job updated: 2
	3  -  MemoryUsage of job (MB)
	2344  -  ResidentSetSize of job (KB)
...
006 (554310.000.000) 08/11 09:12:18 Image size of job updated: 230848
	3  -  MemoryUsage of job (MB)
	2344  -  ResidentSetSize of job (KB)
...
005 (554310.000.000) 08/11 09:12:18 Job terminated.
	(1) Normal termination (return value 0)
		Usr 0 00:01:26, Sys 0 00:00:01  -  Run Remote Usage
		Usr 0 00:00:00, Sys 0 00:00:00  -  Run Local Usage
		Usr 0 00:01:26, Sys 0 00:00:01  -  Total Remote Usage
		Usr 0 00:00:00, Sys 0 00:00:00  -  Total Local Usage
	586031  -  Run Bytes Sent By Job
	62717  -  Run Bytes Received By Job
	586031  -  Total Bytes Sent By Job
	62717  -  Total Bytes Received By Job
	Partitionable Resources :    Usage  Request          
	   Cpus                 :                 1          
	   Disk (KB)            :      659      659          
	   Memory (MB)          :        3        3          
...
000 (558025.000.000) 08/13 13:34:25 Job submitted from host: <18.12.1.74:48322>
...
001 (558025.000.000) 08/13 14:01:31 Job executing on host: <18.12.9.80:43650>
...
006 (558025.000.000) 08/13 14:01:40 Image size of job updated: 230568
	96  -  MemoryUsage of job (MB)
	98264  -  ResidentSetSize of job (KB)
...
005 (558025.000.000) 08/13 14:05:19 Job terminated.
	(1) Normal termination (return value 0)
		Usr 0 00:01:40, Sys 0 00:00:02  -  Run Remote Usage
		Usr 0 00:00:00, Sys 0 00:00:00  -  Run Local Usage
		Usr 0 00:01:40, Sys 0 00:00:02  -  Total Remote Usage
		Usr 0 00:00:00, Sys 0 00:00:00  -  Total Local Usage
	586319  -  Run Bytes Sent By Job
	62720  -  Run Bytes Received By Job
	586319  -  Total Bytes Sent By Job
	62720  -  Total Bytes Received By Job
	Partitionable Resources :    Usage  Request          
	   Cpus                 :                 1          
	   Disk (KB)            :      659      659          
	   Memory (MB)          :       96       96          
...
000 (566316.000.000) 08/20 20:27:32 Job submitted from host: <18.12.1.74:48322>
...
001 (566316.000.000) 08/20 20:27:52 Job executing on host: <18.12.9.56:42482>
...
006 (566316.000.000) 08/20 20:28:02 Image size of job updated: 230564
	99  -  MemoryUsage of job (MB)
	100724  -  ResidentSetSize of job (KB)
...
005 (566316.000.000) 08/20 20:37:42 Job terminated.
	(1) Normal termination (return value 0)
		Usr 0 00:01:31, Sys 0 00:00:01  -  Run Remote Usage
		Usr 0 00:00:00, Sys 0 00:00:00  -  Run Local Usage
		Usr 0 00:01:31, Sys 0 00:00:01  -  Total Remote Usage
		Usr 0 00:00:00, Sys 0 00:00:00  -  Total Local Usage
	586374  -  Run Bytes Sent By Job
	62732  -  Run Bytes Received By Job
	586374  -  Total Bytes Sent By Job
	62732  -  Total Bytes Received By Job
	Partitionable Resources :    Usage  Request          
	   Cpus                 :                 1          
	   Disk (KB)            :      659      659          
	   Memory (MB)          :       99       99          
...
