000 (556406.000.000) 08/12 14:10:54 Job submitted from host: <18.12.1.74:48322>
...
001 (556406.000.000) 08/12 14:38:21 Job executing on host: <18.12.8.149:40949>
...
006 (556406.000.000) 08/12 14:38:30 Image size of job updated: 224896
	88  -  MemoryUsage of job (MB)
	89808  -  ResidentSetSize of job (KB)
...
006 (556406.000.000) 08/12 14:43:32 Image size of job updated: 230480
	100  -  MemoryUsage of job (MB)
	102092  -  ResidentSetSize of job (KB)
...
005 (556406.000.000) 08/12 14:45:00 Job terminated.
	(1) Normal termination (return value 0)
		Usr 0 00:01:02, Sys 0 00:00:02  -  Run Remote Usage
		Usr 0 00:00:00, Sys 0 00:00:00  -  Run Local Usage
		Usr 0 00:01:02, Sys 0 00:00:02  -  Total Remote Usage
		Usr 0 00:00:00, Sys 0 00:00:00  -  Total Local Usage
	585963  -  Run Bytes Sent By Job
	62715  -  Run Bytes Received By Job
	585963  -  Total Bytes Sent By Job
	62715  -  Total Bytes Received By Job
	Partitionable Resources :    Usage  Request          
	   Cpus                 :                 1          
	   Disk (KB)            :      658      658          
	   Memory (MB)          :      100      100          
...
000 (557666.000.000) 08/13 11:57:29 Job submitted from host: <18.12.1.74:48322>
...
001 (557666.000.000) 08/13 12:31:39 Job executing on host: <18.12.9.80:43650>
...
006 (557666.000.000) 08/13 12:31:47 Image size of job updated: 229908
	93  -  MemoryUsage of job (MB)
	94616  -  ResidentSetSize of job (KB)
...
006 (557666.000.000) 08/13 12:34:52 Image size of job updated: 230448
	93  -  MemoryUsage of job (MB)
	94616  -  ResidentSetSize of job (KB)
...
005 (557666.000.000) 08/13 12:34:52 Job terminated.
	(1) Normal termination (return value 0)
		Usr 0 00:01:08, Sys 0 00:00:01  -  Run Remote Usage
		Usr 0 00:00:00, Sys 0 00:00:00  -  Run Local Usage
		Usr 0 00:01:08, Sys 0 00:00:01  -  Total Remote Usage
		Usr 0 00:00:00, Sys 0 00:00:00  -  Total Local Usage
	586207  -  Run Bytes Sent By Job
	62715  -  Run Bytes Received By Job
	586207  -  Total Bytes Sent By Job
	62715  -  Total Bytes Received By Job
	Partitionable Resources :    Usage  Request          
	   Cpus                 :                 1          
	   Disk (KB)            :      659      659          
	   Memory (MB)          :       93       93          
...
000 (558182.000.000) 08/13 14:31:12 Job submitted from host: <18.12.1.74:48322>
...
001 (558182.000.000) 08/13 15:02:06 Job executing on host: <18.12.9.65:41971>
...
006 (558182.000.000) 08/13 15:02:15 Image size of job updated: 229892
	93  -  MemoryUsage of job (MB)
	94580  -  ResidentSetSize of job (KB)
...
006 (558182.000.000) 08/13 15:04:19 Image size of job updated: 230440
	93  -  MemoryUsage of job (MB)
	94580  -  ResidentSetSize of job (KB)
...
005 (558182.000.000) 08/13 15:04:19 Job terminated.
	(1) Normal termination (return value 0)
		Usr 0 00:01:02, Sys 0 00:00:01  -  Run Remote Usage
		Usr 0 00:00:00, Sys 0 00:00:00  -  Run Local Usage
		Usr 0 00:01:02, Sys 0 00:00:01  -  Total Remote Usage
		Usr 0 00:00:00, Sys 0 00:00:00  -  Total Local Usage
	585992  -  Run Bytes Sent By Job
	62714  -  Run Bytes Received By Job
	585992  -  Total Bytes Sent By Job
	62714  -  Total Bytes Received By Job
	Partitionable Resources :    Usage  Request          
	   Cpus                 :                 1          
	   Disk (KB)            :      659      659          
	   Memory (MB)          :       93       93          
...
000 (565519.000.000) 08/20 12:53:45 Job submitted from host: <18.12.1.74:48322>
...
001 (565519.000.000) 08/20 12:53:50 Job executing on host: <18.12.8.179:40219>
...
006 (565519.000.000) 08/20 12:54:01 Image size of job updated: 2
	3  -  MemoryUsage of job (MB)
	2344  -  ResidentSetSize of job (KB)
...
006 (565519.000.000) 08/20 12:56:27 Image size of job updated: 230444
	3  -  MemoryUsage of job (MB)
	2344  -  ResidentSetSize of job (KB)
...
005 (565519.000.000) 08/20 13:04:45 Job terminated.
	(1) Normal termination (return value 0)
		Usr 0 00:00:59, Sys 0 00:00:01  -  Run Remote Usage
		Usr 0 00:00:00, Sys 0 00:00:00  -  Run Local Usage
		Usr 0 00:00:59, Sys 0 00:00:01  -  Total Remote Usage
		Usr 0 00:00:00, Sys 0 00:00:00  -  Total Local Usage
	586206  -  Run Bytes Sent By Job
	62731  -  Run Bytes Received By Job
	586206  -  Total Bytes Sent By Job
	62731  -  Total Bytes Received By Job
	Partitionable Resources :    Usage  Request          
	   Cpus                 :                 1          
	   Disk (KB)            :      659      659          
	   Memory (MB)          :        3        3          
...
000 (783012.000.000) 10/02 11:05:37 Job submitted from host: <18.12.1.74:41314>
...
001 (783012.000.000) 10/02 11:08:46 Job executing on host: <18.12.9.74:45110>
...
006 (783012.000.000) 10/02 11:08:51 Image size of job updated: 2
	0  -  MemoryUsage of job (MB)
	0  -  ResidentSetSize of job (KB)
...
005 (783012.000.000) 10/02 11:13:50 Job terminated.
	(1) Normal termination (return value 0)
		Usr 0 00:00:00, Sys 0 00:00:00  -  Run Remote Usage
		Usr 0 00:00:00, Sys 0 00:00:00  -  Run Local Usage
		Usr 0 00:00:00, Sys 0 00:00:00  -  Total Remote Usage
		Usr 0 00:00:00, Sys 0 00:00:00  -  Total Local Usage
	585466  -  Run Bytes Sent By Job
	62733  -  Run Bytes Received By Job
	585466  -  Total Bytes Sent By Job
	62733  -  Total Bytes Received By Job
	Partitionable Resources :    Usage  Request          
	   Cpus                 :                 1          
	   Disk (KB)            :      658      658          
	   Memory (MB)          :        0        0          
...
000 (783193.000.000) 10/02 16:13:25 Job submitted from host: <18.12.1.74:45913>
...
001 (783193.000.000) 10/02 16:13:57 Job executing on host: <18.12.9.54:49928>
...
006 (783193.000.000) 10/02 16:13:57 Image size of job updated: 143816
	0  -  MemoryUsage of job (MB)
	0  -  ResidentSetSize of job (KB)
...
005 (783193.000.000) 10/02 16:13:58 Job terminated.
	(1) Normal termination (return value 0)
		Usr 0 00:00:00, Sys 0 00:00:00  -  Run Remote Usage
		Usr 0 00:00:00, Sys 0 00:00:00  -  Run Local Usage
		Usr 0 00:00:00, Sys 0 00:00:00  -  Total Remote Usage
		Usr 0 00:00:00, Sys 0 00:00:00  -  Total Local Usage
	585666  -  Run Bytes Sent By Job
	62733  -  Run Bytes Received By Job
	585666  -  Total Bytes Sent By Job
	62733  -  Total Bytes Received By Job
	Partitionable Resources :    Usage  Request          
	   Cpus                 :                 1          
	   Disk (KB)            :      658      658          
	   Memory (MB)          :        0        0          
...
000 (783374.000.000) 10/02 16:48:39 Job submitted from host: <18.12.1.74:45913>
...
001 (783374.000.000) 10/02 16:48:50 Job executing on host: <18.12.9.76:43139>
...
006 (783374.000.000) 10/02 16:48:50 Image size of job updated: 2
	0  -  MemoryUsage of job (MB)
	0  -  ResidentSetSize of job (KB)
...
005 (783374.000.000) 10/02 16:48:50 Job terminated.
	(1) Normal termination (return value 0)
		Usr 0 00:00:00, Sys 0 00:00:00  -  Run Remote Usage
		Usr 0 00:00:00, Sys 0 00:00:00  -  Run Local Usage
		Usr 0 00:00:00, Sys 0 00:00:00  -  Total Remote Usage
		Usr 0 00:00:00, Sys 0 00:00:00  -  Total Local Usage
	585830  -  Run Bytes Sent By Job
	62733  -  Run Bytes Received By Job
	585830  -  Total Bytes Sent By Job
	62733  -  Total Bytes Received By Job
	Partitionable Resources :    Usage  Request          
	   Cpus                 :                 1          
	   Disk (KB)            :      659      659          
	   Memory (MB)          :        0        0          
...
000 (783557.000.000) 10/05 09:25:45 Job submitted from host: <18.12.1.74:45913>
...
001 (783557.000.000) 10/05 09:26:05 Job executing on host: <18.12.8.210:46789>
...
006 (783557.000.000) 10/05 09:26:05 Image size of job updated: 2
	0  -  MemoryUsage of job (MB)
	0  -  ResidentSetSize of job (KB)
...
005 (783557.000.000) 10/05 09:26:10 Job terminated.
	(1) Normal termination (return value 0)
		Usr 0 00:00:00, Sys 0 00:00:00  -  Run Remote Usage
		Usr 0 00:00:00, Sys 0 00:00:00  -  Run Local Usage
		Usr 0 00:00:00, Sys 0 00:00:00  -  Total Remote Usage
		Usr 0 00:00:00, Sys 0 00:00:00  -  Total Local Usage
	585415  -  Run Bytes Sent By Job
	62732  -  Run Bytes Received By Job
	585415  -  Total Bytes Sent By Job
	62732  -  Total Bytes Received By Job
	Partitionable Resources :    Usage  Request          
	   Cpus                 :                 1          
	   Disk (KB)            :      658      658          
	   Memory (MB)          :        0        0          
...
000 (783738.000.000) 10/05 10:00:24 Job submitted from host: <18.12.1.74:45913>
...
001 (783738.000.000) 10/05 10:01:01 Job executing on host: <18.12.6.23:46716>
...
006 (783738.000.000) 10/05 10:01:09 Image size of job updated: 13384
	2  -  MemoryUsage of job (MB)
	1984  -  ResidentSetSize of job (KB)
...
005 (783738.000.000) 10/05 10:01:38 Job terminated.
	(1) Normal termination (return value 0)
		Usr 0 00:00:00, Sys 0 00:00:00  -  Run Remote Usage
		Usr 0 00:00:00, Sys 0 00:00:00  -  Run Local Usage
		Usr 0 00:00:00, Sys 0 00:00:00  -  Total Remote Usage
		Usr 0 00:00:00, Sys 0 00:00:00  -  Total Local Usage
	585316  -  Run Bytes Sent By Job
	62731  -  Run Bytes Received By Job
	585316  -  Total Bytes Sent By Job
	62731  -  Total Bytes Received By Job
	Partitionable Resources :    Usage  Request          
	   Cpus                 :                 1          
	   Disk (KB)            :      658      658          
	   Memory (MB)          :        2        2          
...
000 (783920.000.000) 10/05 12:25:11 Job submitted from host: <18.12.1.74:45913>
...
001 (783920.000.000) 10/05 12:25:19 Job executing on host: <18.12.9.63:46716>
...
006 (783920.000.000) 10/05 12:25:19 Image size of job updated: 9248
	0  -  MemoryUsage of job (MB)
	0  -  ResidentSetSize of job (KB)
...
005 (783920.000.000) 10/05 12:25:25 Job terminated.
	(1) Normal termination (return value 0)
		Usr 0 00:00:00, Sys 0 00:00:00  -  Run Remote Usage
		Usr 0 00:00:00, Sys 0 00:00:00  -  Run Local Usage
		Usr 0 00:00:00, Sys 0 00:00:00  -  Total Remote Usage
		Usr 0 00:00:00, Sys 0 00:00:00  -  Total Local Usage
	586026  -  Run Bytes Sent By Job
	62732  -  Run Bytes Received By Job
	586026  -  Total Bytes Sent By Job
	62732  -  Total Bytes Received By Job
	Partitionable Resources :    Usage  Request          
	   Cpus                 :                 1          
	   Disk (KB)            :      659      659          
	   Memory (MB)          :        0        0          
...
000 (784101.000.000) 10/05 12:28:46 Job submitted from host: <18.12.1.74:45913>
...
001 (784101.000.000) 10/05 12:29:19 Job executing on host: <18.12.9.73:45329>
...
006 (784101.000.000) 10/05 12:29:27 Image size of job updated: 229904
	79  -  MemoryUsage of job (MB)
	80044  -  ResidentSetSize of job (KB)
...
006 (784101.000.000) 10/05 12:30:49 Image size of job updated: 230444
	79  -  MemoryUsage of job (MB)
	80044  -  ResidentSetSize of job (KB)
...
005 (784101.000.000) 10/05 12:30:49 Job terminated.
	(1) Normal termination (return value 0)
		Usr 0 00:00:54, Sys 0 00:00:01  -  Run Remote Usage
		Usr 0 00:00:00, Sys 0 00:00:00  -  Run Local Usage
		Usr 0 00:00:54, Sys 0 00:00:01  -  Total Remote Usage
		Usr 0 00:00:00, Sys 0 00:00:00  -  Total Local Usage
	587128  -  Run Bytes Sent By Job
	62733  -  Run Bytes Received By Job
	587128  -  Total Bytes Sent By Job
	62733  -  Total Bytes Received By Job
	Partitionable Resources :    Usage  Request          
	   Cpus                 :                 1          
	   Disk (KB)            :      660      660          
	   Memory (MB)          :       79       79          
...
000 (786170.000.000) 10/05 14:34:44 Job submitted from host: <18.12.1.74:45913>
...
001 (786170.000.000) 10/05 14:35:49 Job executing on host: <18.12.8.75:42409>
...
006 (786170.000.000) 10/05 14:35:58 Image size of job updated: 9244
	2  -  MemoryUsage of job (MB)
	1176  -  ResidentSetSize of job (KB)
...
006 (786170.000.000) 10/05 14:37:37 Image size of job updated: 230440
	2  -  MemoryUsage of job (MB)
	1176  -  ResidentSetSize of job (KB)
...
005 (786170.000.000) 10/05 14:37:38 Job terminated.
	(1) Normal termination (return value 0)
		Usr 0 00:01:07, Sys 0 00:00:02  -  Run Remote Usage
		Usr 0 00:00:00, Sys 0 00:00:00  -  Run Local Usage
		Usr 0 00:01:07, Sys 0 00:00:02  -  Total Remote Usage
		Usr 0 00:00:00, Sys 0 00:00:00  -  Total Local Usage
	586186  -  Run Bytes Sent By Job
	62729  -  Run Bytes Received By Job
	586186  -  Total Bytes Sent By Job
	62729  -  Total Bytes Received By Job
	Partitionable Resources :    Usage  Request          
	   Cpus                 :                 1          
	   Disk (KB)            :      659      659          
	   Memory (MB)          :        2        2          
...
000 (788009.000.000) 10/08 16:10:05 Job submitted from host: <18.12.1.74:45913>
...
001 (788009.000.000) 10/08 16:28:41 Job executing on host: <18.12.9.70:43504>
...
006 (788009.000.000) 10/08 16:28:49 Image size of job updated: 229880
	93  -  MemoryUsage of job (MB)
	94612  -  ResidentSetSize of job (KB)
...
006 (788009.000.000) 10/08 16:30:07 Image size of job updated: 230428
	93  -  MemoryUsage of job (MB)
	94612  -  ResidentSetSize of job (KB)
...
005 (788009.000.000) 10/08 16:30:08 Job terminated.
	(1) Normal termination (return value 0)
		Usr 0 00:00:50, Sys 0 00:00:00  -  Run Remote Usage
		Usr 0 00:00:00, Sys 0 00:00:00  -  Run Local Usage
		Usr 0 00:00:50, Sys 0 00:00:00  -  Total Remote Usage
		Usr 0 00:00:00, Sys 0 00:00:00  -  Total Local Usage
	585360  -  Run Bytes Sent By Job
	62697  -  Run Bytes Received By Job
	585360  -  Total Bytes Sent By Job
	62697  -  Total Bytes Received By Job
	Partitionable Resources :    Usage  Request          
	   Cpus                 :                 1          
	   Disk (KB)            :      658      658          
	   Memory (MB)          :       93       93          
...
000 (788372.000.000) 10/09 10:00:33 Job submitted from host: <18.12.1.74:45913>
...
001 (788372.000.000) 10/09 10:08:25 Job executing on host: <18.12.8.253:47957>
...
006 (788372.000.000) 10/09 10:08:38 Image size of job updated: 2
	3  -  MemoryUsage of job (MB)
	2364  -  ResidentSetSize of job (KB)
...
006 (788372.000.000) 10/09 10:10:39 Image size of job updated: 230436
	3  -  MemoryUsage of job (MB)
	2364  -  ResidentSetSize of job (KB)
...
005 (788372.000.000) 10/09 10:10:39 Job terminated.
	(1) Normal termination (return value 0)
		Usr 0 00:01:07, Sys 0 00:00:01  -  Run Remote Usage
		Usr 0 00:00:00, Sys 0 00:00:00  -  Run Local Usage
		Usr 0 00:01:07, Sys 0 00:00:01  -  Total Remote Usage
		Usr 0 00:00:00, Sys 0 00:00:00  -  Total Local Usage
	585162  -  Run Bytes Sent By Job
	62694  -  Run Bytes Received By Job
	585162  -  Total Bytes Sent By Job
	62694  -  Total Bytes Received By Job
	Partitionable Resources :    Usage  Request          
	   Cpus                 :                 1          
	   Disk (KB)            :      658      658          
	   Memory (MB)          :        3        3          
...
000 (788919.000.000) 10/12 11:22:12 Job submitted from host: <18.12.1.74:45913>
...
001 (788919.000.000) 10/12 11:34:21 Job executing on host: <18.12.8.29:45110>
...
006 (788919.000.000) 10/12 11:34:30 Image size of job updated: 193788
	78  -  MemoryUsage of job (MB)
	79512  -  ResidentSetSize of job (KB)
...
006 (788919.000.000) 10/12 11:36:36 Image size of job updated: 230436
	78  -  MemoryUsage of job (MB)
	79512  -  ResidentSetSize of job (KB)
...
005 (788919.000.000) 10/12 11:36:37 Job terminated.
	(1) Normal termination (return value 0)
		Usr 0 00:01:31, Sys 0 00:00:02  -  Run Remote Usage
		Usr 0 00:00:00, Sys 0 00:00:00  -  Run Local Usage
		Usr 0 00:01:31, Sys 0 00:00:02  -  Total Remote Usage
		Usr 0 00:00:00, Sys 0 00:00:00  -  Total Local Usage
	585315  -  Run Bytes Sent By Job
	62702  -  Run Bytes Received By Job
	585315  -  Total Bytes Sent By Job
	62702  -  Total Bytes Received By Job
	Partitionable Resources :    Usage  Request          
	   Cpus                 :                 1          
	   Disk (KB)            :      658      658          
	   Memory (MB)          :       78       78          
...
