000 (556045.000.000) 08/12 11:33:39 Job submitted from host: <18.12.1.74:48322>
...
001 (556045.000.000) 08/12 11:47:57 Job executing on host: <18.12.9.80:43650>
...
006 (556045.000.000) 08/12 11:48:06 Image size of job updated: 2
	3  -  MemoryUsage of job (MB)
	2352  -  ResidentSetSize of job (KB)
...
006 (556045.000.000) 08/12 11:51:01 Image size of job updated: 230060
	3  -  MemoryUsage of job (MB)
	2352  -  ResidentSetSize of job (KB)
...
005 (556045.000.000) 08/12 11:51:01 Job terminated.
	(1) Normal termination (return value 0)
		Usr 0 00:00:31, Sys 0 00:00:01  -  Run Remote Usage
		Usr 0 00:00:00, Sys 0 00:00:00  -  Run Local Usage
		Usr 0 00:00:31, Sys 0 00:00:01  -  Total Remote Usage
		Usr 0 00:00:00, Sys 0 00:00:00  -  Total Local Usage
	586132  -  Run Bytes Sent By Job
	62715  -  Run Bytes Received By Job
	586132  -  Total Bytes Sent By Job
	62715  -  Total Bytes Received By Job
	Partitionable Resources :    Usage  Request          
	   Cpus                 :                 1          
	   Disk (KB)            :      659      659          
	   Memory (MB)          :        3        3          
...
000 (566414.000.000) 08/20 21:02:06 Job submitted from host: <18.12.1.74:48322>
...
001 (566414.000.000) 08/20 21:02:57 Job executing on host: <18.12.9.67:40730>
...
006 (566414.000.000) 08/20 21:03:06 Image size of job updated: 143808
	24  -  MemoryUsage of job (MB)
	24132  -  ResidentSetSize of job (KB)
...
006 (566414.000.000) 08/20 21:05:47 Image size of job updated: 230068
	24  -  MemoryUsage of job (MB)
	24132  -  ResidentSetSize of job (KB)
...
005 (566414.000.000) 08/20 21:12:15 Job terminated.
	(1) Normal termination (return value 0)
		Usr 0 00:00:28, Sys 0 00:00:00  -  Run Remote Usage
		Usr 0 00:00:00, Sys 0 00:00:00  -  Run Local Usage
		Usr 0 00:00:28, Sys 0 00:00:00  -  Total Remote Usage
		Usr 0 00:00:00, Sys 0 00:00:00  -  Total Local Usage
	586043  -  Run Bytes Sent By Job
	62731  -  Run Bytes Received By Job
	586043  -  Total Bytes Sent By Job
	62731  -  Total Bytes Received By Job
	Partitionable Resources :    Usage  Request          
	   Cpus                 :                 1          
	   Disk (KB)            :      659      659          
	   Memory (MB)          :       24       24          
...
