000 (554333.000.000) 08/11 09:09:21 Job submitted from host: <18.12.1.74:48322>
...
001 (554333.000.000) 08/11 09:09:54 Job executing on host: <18.12.9.7:43650>
...
006 (554333.000.000) 08/11 09:10:03 Image size of job updated: 192452
	77  -  MemoryUsage of job (MB)
	78804  -  ResidentSetSize of job (KB)
...
006 (554333.000.000) 08/11 09:12:09 Image size of job updated: 230572
	77  -  MemoryUsage of job (MB)
	78804  -  ResidentSetSize of job (KB)
...
005 (554333.000.000) 08/11 09:12:10 Job terminated.
	(1) Normal termination (return value 0)
		Usr 0 00:01:14, Sys 0 00:00:00  -  Run Remote Usage
		Usr 0 00:00:00, Sys 0 00:00:00  -  Run Local Usage
		Usr 0 00:01:14, Sys 0 00:00:00  -  Total Remote Usage
		Usr 0 00:00:00, Sys 0 00:00:00  -  Total Local Usage
	586019  -  Run Bytes Sent By Job
	62717  -  Run Bytes Received By Job
	586019  -  Total Bytes Sent By Job
	62717  -  Total Bytes Received By Job
	Partitionable Resources :    Usage  Request          
	   Cpus                 :                 1          
	   Disk (KB)            :      659      659          
	   Memory (MB)          :       77       77          
...
000 (558048.000.000) 08/13 13:34:27 Job submitted from host: <18.12.1.74:48322>
...
001 (558048.000.000) 08/13 14:05:17 Job executing on host: <18.12.9.63:42190>
...
006 (558048.000.000) 08/13 14:05:26 Image size of job updated: 2
	3  -  MemoryUsage of job (MB)
	2352  -  ResidentSetSize of job (KB)
...
006 (558048.000.000) 08/13 14:09:12 Image size of job updated: 230572
	3  -  MemoryUsage of job (MB)
	2352  -  ResidentSetSize of job (KB)
...
005 (558048.000.000) 08/13 14:09:12 Job terminated.
	(1) Normal termination (return value 0)
		Usr 0 00:01:37, Sys 0 00:00:02  -  Run Remote Usage
		Usr 0 00:00:00, Sys 0 00:00:00  -  Run Local Usage
		Usr 0 00:01:37, Sys 0 00:00:02  -  Total Remote Usage
		Usr 0 00:00:00, Sys 0 00:00:00  -  Total Local Usage
	586289  -  Run Bytes Sent By Job
	62720  -  Run Bytes Received By Job
	586289  -  Total Bytes Sent By Job
	62720  -  Total Bytes Received By Job
	Partitionable Resources :    Usage  Request          
	   Cpus                 :                 1          
	   Disk (KB)            :      659      659          
	   Memory (MB)          :        3        3          
...
000 (566339.000.000) 08/20 20:29:03 Job submitted from host: <18.12.1.74:48322>
...
001 (566339.000.000) 08/20 20:29:18 Job executing on host: <18.12.8.248:47884>
...
006 (566339.000.000) 08/20 20:29:27 Image size of job updated: 2
	3  -  MemoryUsage of job (MB)
	2340  -  ResidentSetSize of job (KB)
...
006 (566339.000.000) 08/20 20:34:28 Image size of job updated: 230576
	113  -  MemoryUsage of job (MB)
	114952  -  ResidentSetSize of job (KB)
...
005 (566339.000.000) 08/20 20:42:54 Job terminated.
	(1) Normal termination (return value 0)
		Usr 0 00:01:53, Sys 0 00:00:02  -  Run Remote Usage
		Usr 0 00:00:00, Sys 0 00:00:00  -  Run Local Usage
		Usr 0 00:01:53, Sys 0 00:00:02  -  Total Remote Usage
		Usr 0 00:00:00, Sys 0 00:00:00  -  Total Local Usage
	586288  -  Run Bytes Sent By Job
	62732  -  Run Bytes Received By Job
	586288  -  Total Bytes Sent By Job
	62732  -  Total Bytes Received By Job
	Partitionable Resources :    Usage  Request          
	   Cpus                 :                 1          
	   Disk (KB)            :      659      659          
	   Memory (MB)          :      113      113          
...
000 (782887.000.000) 10/01 15:59:51 Job submitted from host: <18.12.1.74:47665>
...
001 (782887.000.000) 10/01 16:00:48 Job executing on host: <18.12.9.25:43869>
...
006 (782887.000.000) 10/01 16:00:57 Image size of job updated: 13384
	2  -  MemoryUsage of job (MB)
	1988  -  ResidentSetSize of job (KB)
...
006 (782887.000.000) 10/01 16:04:49 Image size of job updated: 230572
	2  -  MemoryUsage of job (MB)
	1988  -  ResidentSetSize of job (KB)
...
005 (782887.000.000) 10/01 16:10:08 Job terminated.
	(1) Normal termination (return value 0)
		Usr 0 00:01:24, Sys 0 00:00:02  -  Run Remote Usage
		Usr 0 00:00:00, Sys 0 00:00:00  -  Run Local Usage
		Usr 0 00:01:24, Sys 0 00:00:02  -  Total Remote Usage
		Usr 0 00:00:00, Sys 0 00:00:00  -  Total Local Usage
	586481  -  Run Bytes Sent By Job
	62734  -  Run Bytes Received By Job
	586481  -  Total Bytes Sent By Job
	62734  -  Total Bytes Received By Job
	Partitionable Resources :    Usage  Request          
	   Cpus                 :                 1          
	   Disk (KB)            :      659      659          
	   Memory (MB)          :        2        2          
...
000 (786045.000.000) 10/05 14:19:15 Job submitted from host: <18.12.1.74:45913>
...
001 (786045.000.000) 10/05 14:20:15 Job executing on host: <18.12.8.72:48103>
...
006 (786045.000.000) 10/05 14:20:23 Image size of job updated: 2
	3  -  MemoryUsage of job (MB)
	2364  -  ResidentSetSize of job (KB)
...
006 (786045.000.000) 10/05 14:22:24 Image size of job updated: 230564
	3  -  MemoryUsage of job (MB)
	2364  -  ResidentSetSize of job (KB)
...
005 (786045.000.000) 10/05 14:22:24 Job terminated.
	(1) Normal termination (return value 0)
		Usr 0 00:01:30, Sys 0 00:00:02  -  Run Remote Usage
		Usr 0 00:00:00, Sys 0 00:00:00  -  Run Local Usage
		Usr 0 00:01:30, Sys 0 00:00:02  -  Total Remote Usage
		Usr 0 00:00:00, Sys 0 00:00:00  -  Total Local Usage
	586492  -  Run Bytes Sent By Job
	62732  -  Run Bytes Received By Job
	586492  -  Total Bytes Sent By Job
	62732  -  Total Bytes Received By Job
	Partitionable Resources :    Usage  Request          
	   Cpus                 :                 1          
	   Disk (KB)            :      659      659          
	   Memory (MB)          :        3        3          
...
000 (786411.000.000) 10/07 09:51:29 Job submitted from host: <18.12.1.74:45913>
...
001 (786411.000.000) 10/07 09:53:37 Job executing on host: <18.12.8.187:45548>
...
006 (786411.000.000) 10/07 09:53:46 Image size of job updated: 2
	3  -  MemoryUsage of job (MB)
	2352  -  ResidentSetSize of job (KB)
...
006 (786411.000.000) 10/07 09:56:05 Image size of job updated: 230576
	3  -  MemoryUsage of job (MB)
	2352  -  ResidentSetSize of job (KB)
...
005 (786411.000.000) 10/07 09:56:05 Job terminated.
	(1) Normal termination (return value 0)
		Usr 0 00:01:42, Sys 0 00:00:01  -  Run Remote Usage
		Usr 0 00:00:00, Sys 0 00:00:00  -  Run Local Usage
		Usr 0 00:01:42, Sys 0 00:00:01  -  Total Remote Usage
		Usr 0 00:00:00, Sys 0 00:00:00  -  Total Local Usage
	586300  -  Run Bytes Sent By Job
	62734  -  Run Bytes Received By Job
	586300  -  Total Bytes Sent By Job
	62734  -  Total Bytes Received By Job
	Partitionable Resources :    Usage  Request          
	   Cpus                 :                 1          
	   Disk (KB)            :      659      659          
	   Memory (MB)          :        3        3          
...
000 (786592.000.000) 10/07 11:13:00 Job submitted from host: <18.12.1.74:45913>
...
001 (786592.000.000) 10/07 11:24:35 Job executing on host: <18.12.9.60:42847>
...
006 (786592.000.000) 10/07 11:24:43 Image size of job updated: 2
	3  -  MemoryUsage of job (MB)
	2344  -  ResidentSetSize of job (KB)
...
006 (786592.000.000) 10/07 11:26:55 Image size of job updated: 230556
	3  -  MemoryUsage of job (MB)
	2344  -  ResidentSetSize of job (KB)
...
005 (786592.000.000) 10/07 11:26:56 Job terminated.
	(1) Normal termination (return value 0)
		Usr 0 00:01:23, Sys 0 00:00:01  -  Run Remote Usage
		Usr 0 00:00:00, Sys 0 00:00:00  -  Run Local Usage
		Usr 0 00:01:23, Sys 0 00:00:01  -  Total Remote Usage
		Usr 0 00:00:00, Sys 0 00:00:00  -  Total Local Usage
	585496  -  Run Bytes Sent By Job
	62746  -  Run Bytes Received By Job
	585496  -  Total Bytes Sent By Job
	62746  -  Total Bytes Received By Job
	Partitionable Resources :    Usage  Request          
	   Cpus                 :                 1          
	   Disk (KB)            :      658      658          
	   Memory (MB)          :        3        3          
...
000 (787519.000.000) 10/08 12:42:46 Job submitted from host: <18.12.1.74:45913>
...
001 (787519.000.000) 10/08 12:49:06 Job executing on host: <18.12.6.88:46132>
...
006 (787519.000.000) 10/08 12:49:14 Image size of job updated: 230580
	96  -  MemoryUsage of job (MB)
	98260  -  ResidentSetSize of job (KB)
...
005 (787519.000.000) 10/08 12:51:22 Job terminated.
	(1) Normal termination (return value 0)
		Usr 0 00:01:29, Sys 0 00:00:01  -  Run Remote Usage
		Usr 0 00:00:00, Sys 0 00:00:00  -  Run Local Usage
		Usr 0 00:01:29, Sys 0 00:00:01  -  Total Remote Usage
		Usr 0 00:00:00, Sys 0 00:00:00  -  Total Local Usage
	585282  -  Run Bytes Sent By Job
	62749  -  Run Bytes Received By Job
	585282  -  Total Bytes Sent By Job
	62749  -  Total Bytes Received By Job
	Partitionable Resources :    Usage  Request          
	   Cpus                 :                 1          
	   Disk (KB)            :      658      658          
	   Memory (MB)          :       96       96          
...
000 (787701.000.000) 10/08 14:27:18 Job submitted from host: <18.12.1.74:45913>
...
001 (787701.000.000) 10/08 14:38:46 Job executing on host: <18.12.9.0:45621>
...
006 (787701.000.000) 10/08 14:38:55 Image size of job updated: 230288
	96  -  MemoryUsage of job (MB)
	97912  -  ResidentSetSize of job (KB)
...
006 (787701.000.000) 10/08 14:41:13 Image size of job updated: 230560
	96  -  MemoryUsage of job (MB)
	97912  -  ResidentSetSize of job (KB)
...
005 (787701.000.000) 10/08 14:41:13 Job terminated.
	(1) Normal termination (return value 0)
		Usr 0 00:01:43, Sys 0 00:00:01  -  Run Remote Usage
		Usr 0 00:00:00, Sys 0 00:00:00  -  Run Local Usage
		Usr 0 00:01:43, Sys 0 00:00:01  -  Total Remote Usage
		Usr 0 00:00:00, Sys 0 00:00:00  -  Total Local Usage
	585390  -  Run Bytes Sent By Job
	62691  -  Run Bytes Received By Job
	585390  -  Total Bytes Sent By Job
	62691  -  Total Bytes Received By Job
	Partitionable Resources :    Usage  Request          
	   Cpus                 :                 1          
	   Disk (KB)            :      658      658          
	   Memory (MB)          :       96       96          
...
000 (787884.000.000) 10/08 15:16:38 Job submitted from host: <18.12.1.74:45913>
...
001 (787884.000.000) 10/08 15:25:10 Job executing on host: <18.12.6.40:43942>
...
006 (787884.000.000) 10/08 15:25:18 Image size of job updated: 193752
	79  -  MemoryUsage of job (MB)
	80860  -  ResidentSetSize of job (KB)
...
006 (787884.000.000) 10/08 15:27:40 Image size of job updated: 230556
	79  -  MemoryUsage of job (MB)
	80860  -  ResidentSetSize of job (KB)
...
005 (787884.000.000) 10/08 15:27:40 Job terminated.
	(1) Normal termination (return value 0)
		Usr 0 00:01:53, Sys 0 00:00:01  -  Run Remote Usage
		Usr 0 00:00:00, Sys 0 00:00:00  -  Run Local Usage
		Usr 0 00:01:53, Sys 0 00:00:01  -  Total Remote Usage
		Usr 0 00:00:00, Sys 0 00:00:00  -  Total Local Usage
	585390  -  Run Bytes Sent By Job
	62696  -  Run Bytes Received By Job
	585390  -  Total Bytes Sent By Job
	62696  -  Total Bytes Received By Job
	Partitionable Resources :    Usage  Request          
	   Cpus                 :                 1          
	   Disk (KB)            :      658      658          
	   Memory (MB)          :       79       79          
...
000 (788794.000.000) 10/12 10:42:43 Job submitted from host: <18.12.1.74:45913>
...
001 (788794.000.000) 10/12 10:55:05 Job executing on host: <18.12.9.23:44307>
...
006 (788794.000.000) 10/12 10:55:13 Image size of job updated: 2
	2  -  MemoryUsage of job (MB)
	1728  -  ResidentSetSize of job (KB)
...
006 (788794.000.000) 10/12 10:57:27 Image size of job updated: 230552
	2  -  MemoryUsage of job (MB)
	1728  -  ResidentSetSize of job (KB)
...
005 (788794.000.000) 10/12 10:57:27 Job terminated.
	(1) Normal termination (return value 0)
		Usr 0 00:01:45, Sys 0 00:00:01  -  Run Remote Usage
		Usr 0 00:00:00, Sys 0 00:00:00  -  Run Local Usage
		Usr 0 00:01:45, Sys 0 00:00:01  -  Total Remote Usage
		Usr 0 00:00:00, Sys 0 00:00:00  -  Total Local Usage
	585124  -  Run Bytes Sent By Job
	62704  -  Run Bytes Received By Job
	585124  -  Total Bytes Sent By Job
	62704  -  Total Bytes Received By Job
	Partitionable Resources :    Usage  Request          
	   Cpus                 :                 1          
	   Disk (KB)            :      657      657          
	   Memory (MB)          :        2        2          
...
