000 (556062.000.000) 08/12 11:33:40 Job submitted from host: <18.12.1.74:48322>
...
001 (556062.000.000) 08/12 11:51:03 Job executing on host: <18.12.9.80:43650>
...
006 (556062.000.000) 08/12 11:51:11 Image size of job updated: 229024
	95  -  MemoryUsage of job (MB)
	96588  -  ResidentSetSize of job (KB)
...
006 (556062.000.000) 08/12 11:56:11 Image size of job updated: 230568
	95  -  MemoryUsage of job (MB)
	96588  -  ResidentSetSize of job (KB)
...
005 (556062.000.000) 08/12 12:00:55 Job terminated.
	(1) Normal termination (return value 0)
		Usr 0 00:01:29, Sys 0 00:00:02  -  Run Remote Usage
		Usr 0 00:00:00, Sys 0 00:00:00  -  Run Local Usage
		Usr 0 00:01:29, Sys 0 00:00:02  -  Total Remote Usage
		Usr 0 00:00:00, Sys 0 00:00:00  -  Total Local Usage
	586304  -  Run Bytes Sent By Job
	62715  -  Run Bytes Received By Job
	586304  -  Total Bytes Sent By Job
	62715  -  Total Bytes Received By Job
	Partitionable Resources :    Usage  Request          
	   Cpus                 :                 1          
	   Disk (KB)            :      659      659          
	   Memory (MB)          :       95       95          
...
000 (566431.000.000) 08/20 21:02:58 Job submitted from host: <18.12.1.74:48322>
...
007 (566431.000.000) 08/20 21:04:04 Shadow exception!
	Error from slot27@t2bat0303.cmsaf.mit.edu: Failed to transfer files
	0  -  Run Bytes Sent By Job
	0  -  Run Bytes Received By Job
...
001 (566431.000.000) 08/20 21:04:14 Job executing on host: <18.12.8.212:45621>
...
006 (566431.000.000) 08/20 21:04:23 Image size of job updated: 230440
	96  -  MemoryUsage of job (MB)
	98160  -  ResidentSetSize of job (KB)
...
006 (566431.000.000) 08/20 21:09:24 Image size of job updated: 230572
	113  -  MemoryUsage of job (MB)
	115364  -  ResidentSetSize of job (KB)
...
005 (566431.000.000) 08/20 21:18:30 Job terminated.
	(1) Normal termination (return value 0)
		Usr 0 00:01:50, Sys 0 00:00:01  -  Run Remote Usage
		Usr 0 00:00:00, Sys 0 00:00:00  -  Run Local Usage
		Usr 0 00:01:50, Sys 0 00:00:01  -  Total Remote Usage
		Usr 0 00:00:00, Sys 0 00:00:00  -  Total Local Usage
	586159  -  Run Bytes Sent By Job
	62731  -  Run Bytes Received By Job
	586159  -  Total Bytes Sent By Job
	62731  -  Total Bytes Received By Job
	Partitionable Resources :    Usage  Request          
	   Cpus                 :                 1          
	   Disk (KB)            :      659      659          
	   Memory (MB)          :      113      113          
...
