000 (556122.000.000) 08/12 11:33:46 Job submitted from host: <18.12.1.74:48322>
...
001 (556122.000.000) 08/12 12:00:20 Job executing on host: <18.12.9.26:46862>
...
006 (556122.000.000) 08/12 12:00:29 Image size of job updated: 193856
	80  -  MemoryUsage of job (MB)
	81168  -  ResidentSetSize of job (KB)
...
006 (556122.000.000) 08/12 12:05:30 Image size of job updated: 230672
	98  -  MemoryUsage of job (MB)
	99932  -  ResidentSetSize of job (KB)
...
006 (556122.000.000) 08/12 12:15:31 Image size of job updated: 230672
	101  -  MemoryUsage of job (MB)
	102716  -  ResidentSetSize of job (KB)
...
005 (556122.000.000) 08/12 12:32:43 Job terminated.
	(1) Normal termination (return value 0)
		Usr 0 00:01:58, Sys 0 00:00:04  -  Run Remote Usage
		Usr 0 00:00:00, Sys 0 00:00:00  -  Run Local Usage
		Usr 0 00:01:58, Sys 0 00:00:04  -  Total Remote Usage
		Usr 0 00:00:00, Sys 0 00:00:00  -  Total Local Usage
	586613  -  Run Bytes Sent By Job
	62715  -  Run Bytes Received By Job
	586613  -  Total Bytes Sent By Job
	62715  -  Total Bytes Received By Job
	Partitionable Resources :    Usage  Request          
	   Cpus                 :                 1          
	   Disk (KB)            :      659      659          
	   Memory (MB)          :      101      101          
...
000 (566491.000.000) 08/20 21:07:37 Job submitted from host: <18.12.1.74:48322>
...
001 (566491.000.000) 08/20 21:08:04 Job executing on host: <18.12.9.66:48687>
...
006 (566491.000.000) 08/20 21:08:13 Image size of job updated: 230540
	96  -  MemoryUsage of job (MB)
	98228  -  ResidentSetSize of job (KB)
...
006 (566491.000.000) 08/20 21:11:59 Image size of job updated: 230676
	96  -  MemoryUsage of job (MB)
	98228  -  ResidentSetSize of job (KB)
...
005 (566491.000.000) 08/20 21:18:19 Job terminated.
	(1) Normal termination (return value 0)
		Usr 0 00:01:42, Sys 0 00:00:01  -  Run Remote Usage
		Usr 0 00:00:00, Sys 0 00:00:00  -  Run Local Usage
		Usr 0 00:01:42, Sys 0 00:00:01  -  Total Remote Usage
		Usr 0 00:00:00, Sys 0 00:00:00  -  Total Local Usage
	586244  -  Run Bytes Sent By Job
	62731  -  Run Bytes Received By Job
	586244  -  Total Bytes Sent By Job
	62731  -  Total Bytes Received By Job
	Partitionable Resources :    Usage  Request          
	   Cpus                 :                 1          
	   Disk (KB)            :      659      659          
	   Memory (MB)          :       96       96          
...
000 (782496.000.000) 10/01 13:04:34 Job submitted from host: <18.12.1.74:47665>
...
001 (782496.000.000) 10/01 13:15:23 Job executing on host: <18.12.8.116:45183>
...
006 (782496.000.000) 10/01 13:15:32 Image size of job updated: 2
	3  -  MemoryUsage of job (MB)
	2348  -  ResidentSetSize of job (KB)
...
006 (782496.000.000) 10/01 13:20:33 Image size of job updated: 230672
	112  -  MemoryUsage of job (MB)
	114528  -  ResidentSetSize of job (KB)
...
005 (782496.000.000) 10/01 13:21:50 Job terminated.
	(1) Normal termination (return value 0)
		Usr 0 00:01:30, Sys 0 00:00:02  -  Run Remote Usage
		Usr 0 00:00:00, Sys 0 00:00:00  -  Run Local Usage
		Usr 0 00:01:30, Sys 0 00:00:02  -  Total Remote Usage
		Usr 0 00:00:00, Sys 0 00:00:00  -  Total Local Usage
	586188  -  Run Bytes Sent By Job
	62730  -  Run Bytes Received By Job
	586188  -  Total Bytes Sent By Job
	62730  -  Total Bytes Received By Job
	Partitionable Resources :    Usage  Request          
	   Cpus                 :                 1          
	   Disk (KB)            :      659      659          
	   Memory (MB)          :      112      112          
...
000 (782677.000.000) 10/01 14:32:07 Job submitted from host: <18.12.1.74:47665>
...
001 (782677.000.000) 10/01 14:34:42 Job executing on host: <18.12.8.119:40292>
...
006 (782677.000.000) 10/01 14:34:51 Image size of job updated: 2
	3  -  MemoryUsage of job (MB)
	2344  -  ResidentSetSize of job (KB)
...
006 (782677.000.000) 10/01 14:36:44 Image size of job updated: 233504
	3  -  MemoryUsage of job (MB)
	2344  -  ResidentSetSize of job (KB)
...
005 (782677.000.000) 10/01 14:39:20 Job terminated.
	(1) Normal termination (return value 0)
		Usr 0 00:00:53, Sys 0 00:00:02  -  Run Remote Usage
		Usr 0 00:00:00, Sys 0 00:00:00  -  Run Local Usage
		Usr 0 00:00:53, Sys 0 00:00:02  -  Total Remote Usage
		Usr 0 00:00:00, Sys 0 00:00:00  -  Total Local Usage
	4967492  -  Run Bytes Sent By Job
	62736  -  Run Bytes Received By Job
	4967492  -  Total Bytes Sent By Job
	62736  -  Total Bytes Received By Job
	Partitionable Resources :    Usage  Request          
	   Cpus                 :                 1          
	   Disk (KB)            :     4937     4937          
	   Memory (MB)          :        3        3          
...
000 (788218.000.000) 10/09 09:23:46 Job submitted from host: <18.12.1.74:45913>
...
001 (788218.000.000) 10/09 09:24:14 Job executing on host: <18.12.8.236:48030>
...
006 (788218.000.000) 10/09 09:24:22 Image size of job updated: 93584
	2  -  MemoryUsage of job (MB)
	1988  -  ResidentSetSize of job (KB)
...
006 (788218.000.000) 10/09 09:27:05 Image size of job updated: 230652
	2  -  MemoryUsage of job (MB)
	1988  -  ResidentSetSize of job (KB)
...
005 (788218.000.000) 10/09 09:27:05 Job terminated.
	(1) Normal termination (return value 0)
		Usr 0 00:02:01, Sys 0 00:00:02  -  Run Remote Usage
		Usr 0 00:00:00, Sys 0 00:00:00  -  Run Local Usage
		Usr 0 00:02:01, Sys 0 00:00:02  -  Total Remote Usage
		Usr 0 00:00:00, Sys 0 00:00:00  -  Total Local Usage
	585588  -  Run Bytes Sent By Job
	62698  -  Run Bytes Received By Job
	585588  -  Total Bytes Sent By Job
	62698  -  Total Bytes Received By Job
	Partitionable Resources :    Usage  Request          
	   Cpus                 :                 1          
	   Disk (KB)            :      658      658          
	   Memory (MB)          :        2        2          
...
000 (788583.000.000) 10/12 09:48:06 Job submitted from host: <18.12.1.74:45913>
...
001 (788583.000.000) 10/12 10:02:32 Job executing on host: <18.12.8.178:45110>
...
006 (788583.000.000) 10/12 10:02:41 Image size of job updated: 2
	3  -  MemoryUsage of job (MB)
	2348  -  ResidentSetSize of job (KB)
...
006 (788583.000.000) 10/12 10:06:38 Image size of job updated: 230656
	3  -  MemoryUsage of job (MB)
	2348  -  ResidentSetSize of job (KB)
...
005 (788583.000.000) 10/12 10:06:38 Job terminated.
	(1) Normal termination (return value 0)
		Usr 0 00:01:38, Sys 0 00:00:01  -  Run Remote Usage
		Usr 0 00:00:00, Sys 0 00:00:00  -  Run Local Usage
		Usr 0 00:01:38, Sys 0 00:00:01  -  Total Remote Usage
		Usr 0 00:00:00, Sys 0 00:00:00  -  Total Local Usage
	585243  -  Run Bytes Sent By Job
	62703  -  Run Bytes Received By Job
	585243  -  Total Bytes Sent By Job
	62703  -  Total Bytes Received By Job
	Partitionable Resources :    Usage  Request          
	   Cpus                 :                 1          
	   Disk (KB)            :      658      658          
	   Memory (MB)          :        3        3          
...
