000 (556445.000.000) 08/12 14:10:58 Job submitted from host: <18.12.1.74:48322>
...
001 (556445.000.000) 08/12 14:45:55 Job executing on host: <18.12.9.31:49271>
...
006 (556445.000.000) 08/12 14:46:04 Image size of job updated: 85136
	17  -  MemoryUsage of job (MB)
	17268  -  ResidentSetSize of job (KB)
...
006 (556445.000.000) 08/12 14:51:05 Image size of job updated: 230716
	97  -  MemoryUsage of job (MB)
	98516  -  ResidentSetSize of job (KB)
...
006 (556445.000.000) 08/12 15:01:05 Image size of job updated: 230716
	109  -  MemoryUsage of job (MB)
	111128  -  ResidentSetSize of job (KB)
...
005 (556445.000.000) 08/12 15:18:19 Job terminated.
	(1) Normal termination (return value 0)
		Usr 0 00:02:12, Sys 0 00:00:05  -  Run Remote Usage
		Usr 0 00:00:00, Sys 0 00:00:00  -  Run Local Usage
		Usr 0 00:02:12, Sys 0 00:00:05  -  Total Remote Usage
		Usr 0 00:00:00, Sys 0 00:00:00  -  Total Local Usage
	586412  -  Run Bytes Sent By Job
	62715  -  Run Bytes Received By Job
	586412  -  Total Bytes Sent By Job
	62715  -  Total Bytes Received By Job
	Partitionable Resources :    Usage  Request          
	   Cpus                 :                 1          
	   Disk (KB)            :      659      659          
	   Memory (MB)          :      109      109          
...
000 (557705.000.000) 08/13 11:57:33 Job submitted from host: <18.12.1.74:48322>
...
001 (557705.000.000) 08/13 12:39:39 Job executing on host: <18.12.6.29:49782>
...
006 (557705.000.000) 08/13 12:39:49 Image size of job updated: 2
	3  -  MemoryUsage of job (MB)
	2344  -  ResidentSetSize of job (KB)
...
006 (557705.000.000) 08/13 12:44:49 Image size of job updated: 230708
	100  -  MemoryUsage of job (MB)
	101888  -  ResidentSetSize of job (KB)
...
006 (557705.000.000) 08/13 12:49:49 Image size of job updated: 230708
	100  -  MemoryUsage of job (MB)
	101928  -  ResidentSetSize of job (KB)
...
006 (557705.000.000) 08/13 12:54:51 Image size of job updated: 230708
	113  -  MemoryUsage of job (MB)
	115528  -  ResidentSetSize of job (KB)
...
006 (557705.000.000) 08/13 12:59:51 Image size of job updated: 230708
	113  -  MemoryUsage of job (MB)
	115532  -  ResidentSetSize of job (KB)
...
006 (557705.000.000) 08/13 13:04:51 Image size of job updated: 230708
	115  -  MemoryUsage of job (MB)
	116988  -  ResidentSetSize of job (KB)
...
006 (557705.000.000) 08/13 13:09:52 Image size of job updated: 230708
	116  -  MemoryUsage of job (MB)
	118088  -  ResidentSetSize of job (KB)
...
006 (557705.000.000) 08/13 13:19:53 Image size of job updated: 230708
	116  -  MemoryUsage of job (MB)
	118452  -  ResidentSetSize of job (KB)
...
005 (557705.000.000) 08/13 13:20:09 Job terminated.
	(1) Normal termination (return value 0)
		Usr 0 00:02:00, Sys 0 00:00:02  -  Run Remote Usage
		Usr 0 00:00:00, Sys 0 00:00:00  -  Run Local Usage
		Usr 0 00:02:00, Sys 0 00:00:02  -  Total Remote Usage
		Usr 0 00:00:00, Sys 0 00:00:00  -  Total Local Usage
	586076  -  Run Bytes Sent By Job
	62715  -  Run Bytes Received By Job
	586076  -  Total Bytes Sent By Job
	62715  -  Total Bytes Received By Job
	Partitionable Resources :    Usage  Request          
	   Cpus                 :                 1          
	   Disk (KB)            :      659      659          
	   Memory (MB)          :      116      116          
...
000 (558221.000.000) 08/13 14:31:16 Job submitted from host: <18.12.1.74:48322>
...
001 (558221.000.000) 08/13 15:07:11 Job executing on host: <18.12.9.50:43066>
...
006 (558221.000.000) 08/13 15:07:19 Image size of job updated: 2
	3  -  MemoryUsage of job (MB)
	2356  -  ResidentSetSize of job (KB)
...
006 (558221.000.000) 08/13 15:10:44 Image size of job updated: 230724
	3  -  MemoryUsage of job (MB)
	2356  -  ResidentSetSize of job (KB)
...
005 (558221.000.000) 08/13 15:10:45 Job terminated.
	(1) Normal termination (return value 0)
		Usr 0 00:01:51, Sys 0 00:00:02  -  Run Remote Usage
		Usr 0 00:00:00, Sys 0 00:00:00  -  Run Local Usage
		Usr 0 00:01:51, Sys 0 00:00:02  -  Total Remote Usage
		Usr 0 00:00:00, Sys 0 00:00:00  -  Total Local Usage
	586347  -  Run Bytes Sent By Job
	62714  -  Run Bytes Received By Job
	586347  -  Total Bytes Sent By Job
	62714  -  Total Bytes Received By Job
	Partitionable Resources :    Usage  Request          
	   Cpus                 :                 1          
	   Disk (KB)            :      659      659          
	   Memory (MB)          :        3        3          
...
000 (565558.000.000) 08/20 12:57:27 Job submitted from host: <18.12.1.74:48322>
...
001 (565558.000.000) 08/20 12:58:11 Job executing on host: <18.12.9.55:44599>
...
006 (565558.000.000) 08/20 12:58:21 Image size of job updated: 2
	3  -  MemoryUsage of job (MB)
	2344  -  ResidentSetSize of job (KB)
...
006 (565558.000.000) 08/20 13:01:35 Image size of job updated: 230724
	3  -  MemoryUsage of job (MB)
	2344  -  ResidentSetSize of job (KB)
...
005 (565558.000.000) 08/20 13:08:09 Job terminated.
	(1) Normal termination (return value 0)
		Usr 0 00:02:00, Sys 0 00:00:03  -  Run Remote Usage
		Usr 0 00:00:00, Sys 0 00:00:00  -  Run Local Usage
		Usr 0 00:02:00, Sys 0 00:00:03  -  Total Remote Usage
		Usr 0 00:00:00, Sys 0 00:00:00  -  Total Local Usage
	586402  -  Run Bytes Sent By Job
	62731  -  Run Bytes Received By Job
	586402  -  Total Bytes Sent By Job
	62731  -  Total Bytes Received By Job
	Partitionable Resources :    Usage  Request          
	   Cpus                 :                 1          
	   Disk (KB)            :      659      659          
	   Memory (MB)          :        3        3          
...
000 (783051.000.000) 10/02 11:07:10 Job submitted from host: <18.12.1.74:41314>
...
001 (783051.000.000) 10/02 11:14:04 Job executing on host: <18.12.6.17:41022>
...
006 (783051.000.000) 10/02 11:14:05 Image size of job updated: 2
	0  -  MemoryUsage of job (MB)
	0  -  ResidentSetSize of job (KB)
...
005 (783051.000.000) 10/02 11:19:21 Job terminated.
	(1) Normal termination (return value 0)
		Usr 0 00:00:00, Sys 0 00:00:00  -  Run Remote Usage
		Usr 0 00:00:00, Sys 0 00:00:00  -  Run Local Usage
		Usr 0 00:00:00, Sys 0 00:00:00  -  Total Remote Usage
		Usr 0 00:00:00, Sys 0 00:00:00  -  Total Local Usage
	585631  -  Run Bytes Sent By Job
	62733  -  Run Bytes Received By Job
	585631  -  Total Bytes Sent By Job
	62733  -  Total Bytes Received By Job
	Partitionable Resources :    Usage  Request          
	   Cpus                 :                 1          
	   Disk (KB)            :      658      658          
	   Memory (MB)          :        0        0          
...
000 (783232.000.000) 10/02 16:13:30 Job submitted from host: <18.12.1.74:45913>
...
001 (783232.000.000) 10/02 16:14:01 Job executing on host: <18.12.9.78:43066>
...
006 (783232.000.000) 10/02 16:14:01 Image size of job updated: 2
	0  -  MemoryUsage of job (MB)
	0  -  ResidentSetSize of job (KB)
...
005 (783232.000.000) 10/02 16:14:02 Job terminated.
	(1) Normal termination (return value 0)
		Usr 0 00:00:00, Sys 0 00:00:00  -  Run Remote Usage
		Usr 0 00:00:00, Sys 0 00:00:00  -  Run Local Usage
		Usr 0 00:00:00, Sys 0 00:00:00  -  Total Remote Usage
		Usr 0 00:00:00, Sys 0 00:00:00  -  Total Local Usage
	585539  -  Run Bytes Sent By Job
	62733  -  Run Bytes Received By Job
	585539  -  Total Bytes Sent By Job
	62733  -  Total Bytes Received By Job
	Partitionable Resources :    Usage  Request          
	   Cpus                 :                 1          
	   Disk (KB)            :      658      658          
	   Memory (MB)          :        0        0          
...
000 (783413.000.000) 10/02 16:48:56 Job submitted from host: <18.12.1.74:45913>
...
001 (783413.000.000) 10/02 16:48:58 Job executing on host: <18.12.8.225:47957>
...
006 (783413.000.000) 10/02 16:48:58 Image size of job updated: 2
	0  -  MemoryUsage of job (MB)
	0  -  ResidentSetSize of job (KB)
...
005 (783413.000.000) 10/02 16:48:58 Job terminated.
	(1) Normal termination (return value 0)
		Usr 0 00:00:00, Sys 0 00:00:00  -  Run Remote Usage
		Usr 0 00:00:00, Sys 0 00:00:00  -  Run Local Usage
		Usr 0 00:00:00, Sys 0 00:00:00  -  Total Remote Usage
		Usr 0 00:00:00, Sys 0 00:00:00  -  Total Local Usage
	585560  -  Run Bytes Sent By Job
	62733  -  Run Bytes Received By Job
	585560  -  Total Bytes Sent By Job
	62733  -  Total Bytes Received By Job
	Partitionable Resources :    Usage  Request          
	   Cpus                 :                 1          
	   Disk (KB)            :      658      658          
	   Memory (MB)          :        0        0          
...
000 (783596.000.000) 10/05 09:25:51 Job submitted from host: <18.12.1.74:45913>
...
001 (783596.000.000) 10/05 09:26:13 Job executing on host: <18.12.8.218:47519>
...
006 (783596.000.000) 10/05 09:26:13 Image size of job updated: 2
	0  -  MemoryUsage of job (MB)
	0  -  ResidentSetSize of job (KB)
...
005 (783596.000.000) 10/05 09:26:15 Job terminated.
	(1) Normal termination (return value 0)
		Usr 0 00:00:00, Sys 0 00:00:00  -  Run Remote Usage
		Usr 0 00:00:00, Sys 0 00:00:00  -  Run Local Usage
		Usr 0 00:00:00, Sys 0 00:00:00  -  Total Remote Usage
		Usr 0 00:00:00, Sys 0 00:00:00  -  Total Local Usage
	585774  -  Run Bytes Sent By Job
	62732  -  Run Bytes Received By Job
	585774  -  Total Bytes Sent By Job
	62732  -  Total Bytes Received By Job
	Partitionable Resources :    Usage  Request          
	   Cpus                 :                 1          
	   Disk (KB)            :      659      659          
	   Memory (MB)          :        0        0          
...
000 (783777.000.000) 10/05 10:00:28 Job submitted from host: <18.12.1.74:45913>
...
001 (783777.000.000) 10/05 10:01:03 Job executing on host: <18.12.6.85:41679>
...
006 (783777.000.000) 10/05 10:01:12 Image size of job updated: 2
	3  -  MemoryUsage of job (MB)
	2340  -  ResidentSetSize of job (KB)
...
006 (783777.000.000) 10/05 10:01:36 Image size of job updated: 13384
	3  -  MemoryUsage of job (MB)
	2340  -  ResidentSetSize of job (KB)
...
005 (783777.000.000) 10/05 10:01:37 Job terminated.
	(1) Normal termination (return value 0)
		Usr 0 00:00:00, Sys 0 00:00:00  -  Run Remote Usage
		Usr 0 00:00:00, Sys 0 00:00:00  -  Run Local Usage
		Usr 0 00:00:00, Sys 0 00:00:00  -  Total Remote Usage
		Usr 0 00:00:00, Sys 0 00:00:00  -  Total Local Usage
	585428  -  Run Bytes Sent By Job
	62731  -  Run Bytes Received By Job
	585428  -  Total Bytes Sent By Job
	62731  -  Total Bytes Received By Job
	Partitionable Resources :    Usage  Request          
	   Cpus                 :                 1          
	   Disk (KB)            :      658      658          
	   Memory (MB)          :        3        3          
...
000 (783959.000.000) 10/05 12:25:33 Job submitted from host: <18.12.1.74:45913>
...
001 (783959.000.000) 10/05 12:25:34 Job executing on host: <18.12.9.45:43577>
...
006 (783959.000.000) 10/05 12:25:35 Image size of job updated: 2
	0  -  MemoryUsage of job (MB)
	0  -  ResidentSetSize of job (KB)
...
005 (783959.000.000) 10/05 12:25:35 Job terminated.
	(1) Normal termination (return value 0)
		Usr 0 00:00:00, Sys 0 00:00:00  -  Run Remote Usage
		Usr 0 00:00:00, Sys 0 00:00:00  -  Run Local Usage
		Usr 0 00:00:00, Sys 0 00:00:00  -  Total Remote Usage
		Usr 0 00:00:00, Sys 0 00:00:00  -  Total Local Usage
	586032  -  Run Bytes Sent By Job
	62732  -  Run Bytes Received By Job
	586032  -  Total Bytes Sent By Job
	62732  -  Total Bytes Received By Job
	Partitionable Resources :    Usage  Request          
	   Cpus                 :                 1          
	   Disk (KB)            :      659      659          
	   Memory (MB)          :        0        0          
...
000 (784140.000.000) 10/05 12:28:52 Job submitted from host: <18.12.1.74:45913>
...
001 (784140.000.000) 10/05 12:29:25 Job executing on host: <18.12.9.21:46351>
...
006 (784140.000.000) 10/05 12:29:33 Image size of job updated: 93588
	3  -  MemoryUsage of job (MB)
	2420  -  ResidentSetSize of job (KB)
...
006 (784140.000.000) 10/05 12:31:42 Image size of job updated: 230708
	3  -  MemoryUsage of job (MB)
	2420  -  ResidentSetSize of job (KB)
...
005 (784140.000.000) 10/05 12:31:42 Job terminated.
	(1) Normal termination (return value 0)
		Usr 0 00:01:41, Sys 0 00:00:01  -  Run Remote Usage
		Usr 0 00:00:00, Sys 0 00:00:00  -  Run Local Usage
		Usr 0 00:01:41, Sys 0 00:00:01  -  Total Remote Usage
		Usr 0 00:00:00, Sys 0 00:00:00  -  Total Local Usage
	586922  -  Run Bytes Sent By Job
	62733  -  Run Bytes Received By Job
	586922  -  Total Bytes Sent By Job
	62733  -  Total Bytes Received By Job
	Partitionable Resources :    Usage  Request          
	   Cpus                 :                 1          
	   Disk (KB)            :      660      660          
	   Memory (MB)          :        3        3          
...
000 (786209.000.000) 10/05 14:34:48 Job submitted from host: <18.12.1.74:45913>
...
001 (786209.000.000) 10/05 14:35:58 Job executing on host: <18.12.8.78:49563>
...
006 (786209.000.000) 10/05 14:36:07 Image size of job updated: 1196
	1  -  MemoryUsage of job (MB)
	152  -  ResidentSetSize of job (KB)
...
006 (786209.000.000) 10/05 14:39:03 Image size of job updated: 230716
	1  -  MemoryUsage of job (MB)
	152  -  ResidentSetSize of job (KB)
...
005 (786209.000.000) 10/05 14:39:04 Job terminated.
	(1) Normal termination (return value 0)
		Usr 0 00:02:22, Sys 0 00:00:03  -  Run Remote Usage
		Usr 0 00:00:00, Sys 0 00:00:00  -  Run Local Usage
		Usr 0 00:02:22, Sys 0 00:00:03  -  Total Remote Usage
		Usr 0 00:00:00, Sys 0 00:00:00  -  Total Local Usage
	586329  -  Run Bytes Sent By Job
	62729  -  Run Bytes Received By Job
	586329  -  Total Bytes Sent By Job
	62729  -  Total Bytes Received By Job
	Partitionable Resources :    Usage  Request          
	   Cpus                 :                 1          
	   Disk (KB)            :      659      659          
	   Memory (MB)          :        1        1          
...
000 (788048.000.000) 10/08 16:10:25 Job submitted from host: <18.12.1.74:45913>
...
001 (788048.000.000) 10/08 16:30:52 Job executing on host: <18.12.9.57:41971>
...
006 (788048.000.000) 10/08 16:31:01 Image size of job updated: 230612
	96  -  MemoryUsage of job (MB)
	98248  -  ResidentSetSize of job (KB)
...
006 (788048.000.000) 10/08 16:33:35 Image size of job updated: 230744
	96  -  MemoryUsage of job (MB)
	98248  -  ResidentSetSize of job (KB)
...
005 (788048.000.000) 10/08 16:33:37 Job terminated.
	(1) Normal termination (return value 0)
		Usr 0 00:01:47, Sys 0 00:00:01  -  Run Remote Usage
		Usr 0 00:00:00, Sys 0 00:00:00  -  Run Local Usage
		Usr 0 00:01:47, Sys 0 00:00:01  -  Total Remote Usage
		Usr 0 00:00:00, Sys 0 00:00:00  -  Total Local Usage
	585502  -  Run Bytes Sent By Job
	62697  -  Run Bytes Received By Job
	585502  -  Total Bytes Sent By Job
	62697  -  Total Bytes Received By Job
	Partitionable Resources :    Usage  Request          
	   Cpus                 :                 1          
	   Disk (KB)            :      658      658          
	   Memory (MB)          :       96       96          
...
000 (788411.000.000) 10/09 10:00:37 Job submitted from host: <18.12.1.74:45913>
...
001 (788411.000.000) 10/09 10:11:24 Job executing on host: <18.12.8.43:49271>
...
006 (788411.000.000) 10/09 10:11:32 Image size of job updated: 2
	3  -  MemoryUsage of job (MB)
	2348  -  ResidentSetSize of job (KB)
...
006 (788411.000.000) 10/09 10:16:32 Image size of job updated: 230740
	112  -  MemoryUsage of job (MB)
	114384  -  ResidentSetSize of job (KB)
...
005 (788411.000.000) 10/09 10:18:07 Job terminated.
	(1) Normal termination (return value 0)
		Usr 0 00:02:47, Sys 0 00:00:03  -  Run Remote Usage
		Usr 0 00:00:00, Sys 0 00:00:00  -  Run Local Usage
		Usr 0 00:02:47, Sys 0 00:00:03  -  Total Remote Usage
		Usr 0 00:00:00, Sys 0 00:00:00  -  Total Local Usage
	585302  -  Run Bytes Sent By Job
	62694  -  Run Bytes Received By Job
	585302  -  Total Bytes Sent By Job
	62694  -  Total Bytes Received By Job
	Partitionable Resources :    Usage  Request          
	   Cpus                 :                 1          
	   Disk (KB)            :      658      658          
	   Memory (MB)          :      112      112          
...
000 (788958.000.000) 10/12 11:22:16 Job submitted from host: <18.12.1.74:45913>
...
001 (788958.000.000) 10/12 11:37:27 Job executing on host: <18.12.8.245:42920>
...
006 (788958.000.000) 10/12 11:37:35 Image size of job updated: 224432
	94  -  MemoryUsage of job (MB)
	96044  -  ResidentSetSize of job (KB)
...
006 (788958.000.000) 10/12 11:41:25 Image size of job updated: 230712
	94  -  MemoryUsage of job (MB)
	96044  -  ResidentSetSize of job (KB)
...
005 (788958.000.000) 10/12 11:41:25 Job terminated.
	(1) Normal termination (return value 0)
		Usr 0 00:02:23, Sys 0 00:00:03  -  Run Remote Usage
		Usr 0 00:00:00, Sys 0 00:00:00  -  Run Local Usage
		Usr 0 00:02:23, Sys 0 00:00:03  -  Total Remote Usage
		Usr 0 00:00:00, Sys 0 00:00:00  -  Total Local Usage
	585455  -  Run Bytes Sent By Job
	62702  -  Run Bytes Received By Job
	585455  -  Total Bytes Sent By Job
	62702  -  Total Bytes Received By Job
	Partitionable Resources :    Usage  Request          
	   Cpus                 :                 1          
	   Disk (KB)            :      658      658          
	   Memory (MB)          :       94       94          
...
