
----------------------------------------------------
Job started on Thu Aug 20 21:03:02 EDT 2015 at WN: hibat0034.cmsaf.mit.edu 
Job is running on Linux hibat0034.cmsaf.mit.edu 2.6.32-358.el6.x86_64 #1 SMP Fri Feb 22 20:37:17 CST 2013 x86_64 x86_64 x86_64 GNU/Linux
Filesystem            Size  Used Avail Use% Mounted on
/dev/sda3              20G  4.2G   15G  23% /
tmpfs                  24G     0   24G   0% /dev/shm
/dev/sda1              97M   32M   61M  35% /boot
/dev/sda4             874G   84G  791G  10% /export/data1
/dev/sdb1             1.8T  1.7T  127G  94% /export/00b
/dev/sdc1             1.8T  1.7T  117G  94% /export/00c
/dev/sdd1             1.8T  1.7T  133G  93% /export/00d
/dev/sde1             1.8T  1.7T  130G  93% /export/00e
/dev/sdf1             1.8T  1.7T  127G  94% /export/00f
fuse_dfs              4.9P  4.6P  323T  94% /mnt/hadoop
cvmfs2                 98G   77G   22G  79% /cvmfs/cms.cern.ch
t2srv0004:/export/db  135G  187M  135G   1% /net/t2srv0004/db
cvmfs2                 98G   77G   22G  79% /cvmfs/cvmfs.cmsaf.mit.edu
gcc (GCC) 4.4.7 20120313 (Red Hat 4.4.7-3)
Copyright (C) 2010 Free Software Foundation, Inc.
This is free software; see the source for copying conditions.  There is NO
warranty; not even for MERCHANTABILITY or FITNESS FOR A PARTICULAR PURPOSE.

Processing...
0/190276
10000/190276
20000/190276
30000/190276
40000/190276
50000/190276
60000/190276
70000/190276
80000/190276
90000/190276
100000/190276
110000/190276
120000/190276
130000/190276
140000/190276
150000/190276
160000/190276
170000/190276
180000/190276
190000/190276
Macro finished: 
CPU time (min)  = 1.784
Real time (min) = 3.24601
total 1.7M
-rw-r--r--  1 obaron obaron  94K Aug 20 20:49 jetRAA_PbPb_data_akPu3_select.txt
-rw-r--r--  1 obaron obaron  70K Aug 20 20:49 RAA_read_data_pbpb.C
-rw-r--r--  1 obaron obaron 108K Aug 20 20:49 jetRAA_PbPb_data_forest.txt
-rw-r--r--  1 obaron obaron  94K Aug 20 20:49 jetRAA_PbPb_data_akPu2_select.txt
-rw-r--r--  1 obaron obaron  94K Aug 20 20:50 jetRAA_PbPb_data_akPu4_select.txt
-rw-r--r--  1 obaron obaron  11K Aug 20 20:57 RAA_read_data_pbpb_C.d
-rwxr-xr-x  1 obaron obaron 101K Aug 20 20:58 RAA_read_data_pbpb_C.so
-rw-rw-r--  1 obaron obaron  61K Aug 20 21:03 jetRAA_run_PbPb_Data.tar
-rwxr-xr-x  1 obaron obaron 1.2K Aug 20 21:03 condor_exec.exe
drwxr-xr-x 14 condor root   4.0K Aug 20 21:03 ..
-rw-r--r--  1 condor condor 5.6K Aug 20 21:03 .machine.ad
-rw-r--r--  1 condor condor  20K Aug 20 21:03 .job.ad
-rwx------  1 obaron obaron   49 Aug 20 21:03 .chirp.config
drwx------  2 obaron obaron 4.0K Aug 20 21:03 .
-rw-r--r--  1 obaron obaron  678 Aug 20 21:03 _condor_stderr
-rw-r--r--  1 obaron obaron 1.7K Aug 20 21:06 _condor_stdout
-rw-r--r--  1 obaron obaron 1.1M Aug 20 21:06 PbPb_Data_histograms_FromForest_pileupCutFIX_ZDCmCut_akPu2_20_eta_20_305.root
Done!
Copied output files to hadoop rootfiles/JetRAA/June29
