000 (556027.000.000) 08/12 11:33:37 Job submitted from host: <18.12.1.74:48322>
...
001 (556027.000.000) 08/12 11:44:34 Job executing on host: <18.12.6.36:48103>
...
006 (556027.000.000) 08/12 11:44:43 Image size of job updated: 229936
	96  -  MemoryUsage of job (MB)
	98084  -  ResidentSetSize of job (KB)
...
006 (556027.000.000) 08/12 11:45:51 Image size of job updated: 230072
	96  -  MemoryUsage of job (MB)
	98084  -  ResidentSetSize of job (KB)
...
005 (556027.000.000) 08/12 11:45:51 Job terminated.
	(1) Normal termination (return value 0)
		Usr 0 00:00:27, Sys 0 00:00:00  -  Run Remote Usage
		Usr 0 00:00:00, Sys 0 00:00:00  -  Run Local Usage
		Usr 0 00:00:27, Sys 0 00:00:00  -  Total Remote Usage
		Usr 0 00:00:00, Sys 0 00:00:00  -  Total Local Usage
	585837  -  Run Bytes Sent By Job
	62715  -  Run Bytes Received By Job
	585837  -  Total Bytes Sent By Job
	62715  -  Total Bytes Received By Job
	Partitionable Resources :    Usage  Request          
	   Cpus                 :                 1          
	   Disk (KB)            :      659      659          
	   Memory (MB)          :       96       96          
...
000 (566396.000.000) 08/20 21:01:09 Job submitted from host: <18.12.1.74:48322>
...
001 (566396.000.000) 08/20 21:01:16 Job executing on host: <18.12.8.95:45110>
...
006 (566396.000.000) 08/20 21:01:25 Image size of job updated: 229932
	93  -  MemoryUsage of job (MB)
	94264  -  ResidentSetSize of job (KB)
...
006 (566396.000.000) 08/20 21:01:59 Image size of job updated: 230068
	93  -  MemoryUsage of job (MB)
	94264  -  ResidentSetSize of job (KB)
...
022 (566396.000.000) 08/20 21:01:59 Job disconnected, attempting to reconnect
    Socket between submit and execute hosts closed unexpectedly
    Trying to reconnect to slot8@t2bat0095.cmsaf.mit.edu <18.12.8.95:45110>
...
023 (566396.000.000) 08/20 21:01:59 Job reconnected to slot8@t2bat0095.cmsaf.mit.edu
    startd address: <18.12.8.95:45110>
    starter address: <18.12.8.95:43870>
...
022 (566396.000.000) 08/20 21:02:01 Job disconnected, attempting to reconnect
    Socket between submit and execute hosts closed unexpectedly
    Trying to reconnect to slot8@t2bat0095.cmsaf.mit.edu <18.12.8.95:45110>
...
023 (566396.000.000) 08/20 21:02:01 Job reconnected to slot8@t2bat0095.cmsaf.mit.edu
    startd address: <18.12.8.95:45110>
    starter address: <18.12.8.95:43870>
...
005 (566396.000.000) 08/20 21:08:23 Job terminated.
	(1) Normal termination (return value 0)
		Usr 0 00:00:19, Sys 0 00:00:00  -  Run Remote Usage
		Usr 0 00:00:00, Sys 0 00:00:00  -  Run Local Usage
		Usr 0 00:00:19, Sys 0 00:00:00  -  Total Remote Usage
		Usr 0 00:00:00, Sys 0 00:00:00  -  Total Local Usage
	585946  -  Run Bytes Sent By Job
	62731  -  Run Bytes Received By Job
	585946  -  Total Bytes Sent By Job
	62731  -  Total Bytes Received By Job
	Partitionable Resources :    Usage  Request          
	   Cpus                 :                 1          
	   Disk (KB)            :      659      659          
	   Memory (MB)          :       93       93          
...
