000 (554236.000.000) 08/11 09:09:05 Job submitted from host: <18.12.1.74:48322>
...
001 (554236.000.000) 08/11 09:09:19 Job executing on host: <18.12.6.29:49782>
...
006 (554236.000.000) 08/11 09:09:27 Image size of job updated: 13384
	2  -  MemoryUsage of job (MB)
	1984  -  ResidentSetSize of job (KB)
...
006 (554236.000.000) 08/11 09:14:15 Image size of job updated: 230660
	2  -  MemoryUsage of job (MB)
	1984  -  ResidentSetSize of job (KB)
...
005 (554236.000.000) 08/11 09:14:15 Job terminated.
	(1) Normal termination (return value 0)
		Usr 0 00:01:27, Sys 0 00:00:00  -  Run Remote Usage
		Usr 0 00:00:00, Sys 0 00:00:00  -  Run Local Usage
		Usr 0 00:01:27, Sys 0 00:00:00  -  Total Remote Usage
		Usr 0 00:00:00, Sys 0 00:00:00  -  Total Local Usage
	586017  -  Run Bytes Sent By Job
	62717  -  Run Bytes Received By Job
	586017  -  Total Bytes Sent By Job
	62717  -  Total Bytes Received By Job
	Partitionable Resources :    Usage  Request          
	   Cpus                 :                 1          
	   Disk (KB)            :      658      658          
	   Memory (MB)          :        2        2          
...
000 (557951.000.000) 08/13 13:34:18 Job submitted from host: <18.12.1.74:48322>
...
001 (557951.000.000) 08/13 13:49:27 Job executing on host: <18.12.9.27:43942>
...
006 (557951.000.000) 08/13 13:49:35 Image size of job updated: 187684
	71  -  MemoryUsage of job (MB)
	72584  -  ResidentSetSize of job (KB)
...
006 (557951.000.000) 08/13 13:54:35 Image size of job updated: 230656
	114  -  MemoryUsage of job (MB)
	116396  -  ResidentSetSize of job (KB)
...
006 (557951.000.000) 08/13 13:59:36 Image size of job updated: 230656
	114  -  MemoryUsage of job (MB)
	116640  -  ResidentSetSize of job (KB)
...
005 (557951.000.000) 08/13 14:01:23 Job terminated.
	(1) Normal termination (return value 0)
		Usr 0 00:01:47, Sys 0 00:00:03  -  Run Remote Usage
		Usr 0 00:00:00, Sys 0 00:00:00  -  Run Local Usage
		Usr 0 00:01:47, Sys 0 00:00:03  -  Total Remote Usage
		Usr 0 00:00:00, Sys 0 00:00:00  -  Total Local Usage
	586585  -  Run Bytes Sent By Job
	62720  -  Run Bytes Received By Job
	586585  -  Total Bytes Sent By Job
	62720  -  Total Bytes Received By Job
	Partitionable Resources :    Usage  Request          
	   Cpus                 :                 1          
	   Disk (KB)            :      659      659          
	   Memory (MB)          :      114      114          
...
000 (566242.000.000) 08/20 20:22:30 Job submitted from host: <18.12.1.74:48322>
...
001 (566242.000.000) 08/20 20:23:30 Job executing on host: <18.12.9.33:40000>
...
006 (566242.000.000) 08/20 20:23:39 Image size of job updated: 66156
	6  -  MemoryUsage of job (MB)
	5240  -  ResidentSetSize of job (KB)
...
006 (566242.000.000) 08/20 20:28:40 Image size of job updated: 230656
	114  -  MemoryUsage of job (MB)
	116352  -  ResidentSetSize of job (KB)
...
005 (566242.000.000) 08/20 20:38:11 Job terminated.
	(1) Normal termination (return value 0)
		Usr 0 00:01:50, Sys 0 00:00:02  -  Run Remote Usage
		Usr 0 00:00:00, Sys 0 00:00:00  -  Run Local Usage
		Usr 0 00:01:50, Sys 0 00:00:02  -  Total Remote Usage
		Usr 0 00:00:00, Sys 0 00:00:00  -  Total Local Usage
	586640  -  Run Bytes Sent By Job
	62732  -  Run Bytes Received By Job
	586640  -  Total Bytes Sent By Job
	62732  -  Total Bytes Received By Job
	Partitionable Resources :    Usage  Request          
	   Cpus                 :                 1          
	   Disk (KB)            :      659      659          
	   Memory (MB)          :      114      114          
...
