000 (554212.000.000) 08/11 09:09:03 Job submitted from host: <18.12.1.74:48322>
...
001 (554212.000.000) 08/11 09:09:14 Job executing on host: <18.12.8.231:41022>
...
006 (554212.000.000) 08/11 09:09:23 Image size of job updated: 228748
	92  -  MemoryUsage of job (MB)
	93436  -  ResidentSetSize of job (KB)
...
006 (554212.000.000) 08/11 09:10:17 Image size of job updated: 230060
	92  -  MemoryUsage of job (MB)
	93436  -  ResidentSetSize of job (KB)
...
005 (554212.000.000) 08/11 09:10:17 Job terminated.
	(1) Normal termination (return value 0)
		Usr 0 00:00:24, Sys 0 00:00:00  -  Run Remote Usage
		Usr 0 00:00:00, Sys 0 00:00:00  -  Run Local Usage
		Usr 0 00:00:24, Sys 0 00:00:00  -  Total Remote Usage
		Usr 0 00:00:00, Sys 0 00:00:00  -  Total Local Usage
	585833  -  Run Bytes Sent By Job
	62717  -  Run Bytes Received By Job
	585833  -  Total Bytes Sent By Job
	62717  -  Total Bytes Received By Job
	Partitionable Resources :    Usage  Request          
	   Cpus                 :                 1          
	   Disk (KB)            :      658      658          
	   Memory (MB)          :       92       92          
...
000 (557927.000.000) 08/13 13:34:16 Job submitted from host: <18.12.1.74:48322>
...
001 (557927.000.000) 08/13 13:45:56 Job executing on host: <18.12.9.26:46862>
...
006 (557927.000.000) 08/13 13:46:04 Image size of job updated: 193800
	80  -  MemoryUsage of job (MB)
	81148  -  ResidentSetSize of job (KB)
...
006 (557927.000.000) 08/13 13:49:04 Image size of job updated: 230068
	80  -  MemoryUsage of job (MB)
	81148  -  ResidentSetSize of job (KB)
...
005 (557927.000.000) 08/13 13:49:04 Job terminated.
	(1) Normal termination (return value 0)
		Usr 0 00:00:33, Sys 0 00:00:01  -  Run Remote Usage
		Usr 0 00:00:00, Sys 0 00:00:00  -  Run Local Usage
		Usr 0 00:00:33, Sys 0 00:00:01  -  Total Remote Usage
		Usr 0 00:00:00, Sys 0 00:00:00  -  Total Local Usage
	586185  -  Run Bytes Sent By Job
	62720  -  Run Bytes Received By Job
	586185  -  Total Bytes Sent By Job
	62720  -  Total Bytes Received By Job
	Partitionable Resources :    Usage  Request          
	   Cpus                 :                 1          
	   Disk (KB)            :      659      659          
	   Memory (MB)          :       80       80          
...
000 (566218.000.000) 08/20 20:20:39 Job submitted from host: <18.12.1.74:48322>
...
001 (566218.000.000) 08/20 20:21:04 Job executing on host: <18.12.9.55:44599>
...
006 (566218.000.000) 08/20 20:21:13 Image size of job updated: 229936
	93  -  MemoryUsage of job (MB)
	95084  -  ResidentSetSize of job (KB)
...
006 (566218.000.000) 08/20 20:22:02 Image size of job updated: 230068
	93  -  MemoryUsage of job (MB)
	95084  -  ResidentSetSize of job (KB)
...
005 (566218.000.000) 08/20 20:28:39 Job terminated.
	(1) Normal termination (return value 0)
		Usr 0 00:00:31, Sys 0 00:00:01  -  Run Remote Usage
		Usr 0 00:00:00, Sys 0 00:00:00  -  Run Local Usage
		Usr 0 00:00:31, Sys 0 00:00:01  -  Total Remote Usage
		Usr 0 00:00:00, Sys 0 00:00:00  -  Total Local Usage
	586173  -  Run Bytes Sent By Job
	62732  -  Run Bytes Received By Job
	586173  -  Total Bytes Sent By Job
	62732  -  Total Bytes Received By Job
	Partitionable Resources :    Usage  Request          
	   Cpus                 :                 1          
	   Disk (KB)            :      659      659          
	   Memory (MB)          :       93       93          
...
000 (782766.000.000) 10/01 15:55:55 Job submitted from host: <18.12.1.74:47665>
...
001 (782766.000.000) 10/01 16:00:19 Job executing on host: <18.12.8.253:47957>
...
006 (782766.000.000) 10/01 16:00:28 Image size of job updated: 224424
	88  -  MemoryUsage of job (MB)
	89252  -  ResidentSetSize of job (KB)
...
006 (782766.000.000) 10/01 16:05:29 Image size of job updated: 230064
	88  -  MemoryUsage of job (MB)
	89252  -  ResidentSetSize of job (KB)
...
005 (782766.000.000) 10/01 16:10:21 Job terminated.
	(1) Normal termination (return value 0)
		Usr 0 00:00:29, Sys 0 00:00:00  -  Run Remote Usage
		Usr 0 00:00:00, Sys 0 00:00:00  -  Run Local Usage
		Usr 0 00:00:29, Sys 0 00:00:00  -  Total Remote Usage
		Usr 0 00:00:00, Sys 0 00:00:00  -  Total Local Usage
	585975  -  Run Bytes Sent By Job
	62734  -  Run Bytes Received By Job
	585975  -  Total Bytes Sent By Job
	62734  -  Total Bytes Received By Job
	Partitionable Resources :    Usage  Request          
	   Cpus                 :                 1          
	   Disk (KB)            :     1561     1561          
	   Memory (MB)          :       88       88          
...
000 (785924.000.000) 10/05 14:19:00 Job submitted from host: <18.12.1.74:45913>
...
001 (785924.000.000) 10/05 14:19:40 Job executing on host: <18.12.8.218:47519>
...
006 (785924.000.000) 10/05 14:19:49 Image size of job updated: 2
	3  -  MemoryUsage of job (MB)
	2368  -  ResidentSetSize of job (KB)
...
006 (785924.000.000) 10/05 14:20:32 Image size of job updated: 230064
	3  -  MemoryUsage of job (MB)
	2368  -  ResidentSetSize of job (KB)
...
005 (785924.000.000) 10/05 14:20:32 Job terminated.
	(1) Normal termination (return value 0)
		Usr 0 00:00:23, Sys 0 00:00:00  -  Run Remote Usage
		Usr 0 00:00:00, Sys 0 00:00:00  -  Run Local Usage
		Usr 0 00:00:23, Sys 0 00:00:00  -  Total Remote Usage
		Usr 0 00:00:00, Sys 0 00:00:00  -  Total Local Usage
	586196  -  Run Bytes Sent By Job
	62732  -  Run Bytes Received By Job
	586196  -  Total Bytes Sent By Job
	62732  -  Total Bytes Received By Job
	Partitionable Resources :    Usage  Request          
	   Cpus                 :                 1          
	   Disk (KB)            :      659      659          
	   Memory (MB)          :        3        3          
...
000 (786290.000.000) 10/07 09:51:16 Job submitted from host: <18.12.1.74:45913>
...
001 (786290.000.000) 10/07 09:52:01 Job executing on host: <18.12.8.122:42482>
...
006 (786290.000.000) 10/07 09:52:09 Image size of job updated: 2
	2  -  MemoryUsage of job (MB)
	1716  -  ResidentSetSize of job (KB)
...
006 (786290.000.000) 10/07 09:53:49 Image size of job updated: 230060
	2  -  MemoryUsage of job (MB)
	1716  -  ResidentSetSize of job (KB)
...
005 (786290.000.000) 10/07 09:53:49 Job terminated.
	(1) Normal termination (return value 0)
		Usr 0 00:00:26, Sys 0 00:00:00  -  Run Remote Usage
		Usr 0 00:00:00, Sys 0 00:00:00  -  Run Local Usage
		Usr 0 00:00:26, Sys 0 00:00:00  -  Total Remote Usage
		Usr 0 00:00:00, Sys 0 00:00:00  -  Total Local Usage
	585991  -  Run Bytes Sent By Job
	62734  -  Run Bytes Received By Job
	585991  -  Total Bytes Sent By Job
	62734  -  Total Bytes Received By Job
	Partitionable Resources :    Usage  Request          
	   Cpus                 :                 1          
	   Disk (KB)            :      658      658          
	   Memory (MB)          :        2        2          
...
000 (786471.000.000) 10/07 11:12:47 Job submitted from host: <18.12.1.74:45913>
...
001 (786471.000.000) 10/07 11:15:56 Job executing on host: <18.12.9.22:47957>
...
006 (786471.000.000) 10/07 11:16:05 Image size of job updated: 2
	3  -  MemoryUsage of job (MB)
	2348  -  ResidentSetSize of job (KB)
...
006 (786471.000.000) 10/07 11:16:52 Image size of job updated: 230052
	3  -  MemoryUsage of job (MB)
	2348  -  ResidentSetSize of job (KB)
...
005 (786471.000.000) 10/07 11:16:52 Job terminated.
	(1) Normal termination (return value 0)
		Usr 0 00:00:27, Sys 0 00:00:00  -  Run Remote Usage
		Usr 0 00:00:00, Sys 0 00:00:00  -  Run Local Usage
		Usr 0 00:00:27, Sys 0 00:00:00  -  Total Remote Usage
		Usr 0 00:00:00, Sys 0 00:00:00  -  Total Local Usage
	584999  -  Run Bytes Sent By Job
	62746  -  Run Bytes Received By Job
	584999  -  Total Bytes Sent By Job
	62746  -  Total Bytes Received By Job
	Partitionable Resources :    Usage  Request          
	   Cpus                 :                 1          
	   Disk (KB)            :      658      658          
	   Memory (MB)          :        3        3          
...
000 (787398.000.000) 10/08 12:42:34 Job submitted from host: <18.12.1.74:45913>
...
001 (787398.000.000) 10/08 12:46:06 Job executing on host: <18.12.9.56:45329>
...
006 (787398.000.000) 10/08 12:46:14 Image size of job updated: 229924
	93  -  MemoryUsage of job (MB)
	95056  -  ResidentSetSize of job (KB)
...
006 (787398.000.000) 10/08 12:46:49 Image size of job updated: 230056
	93  -  MemoryUsage of job (MB)
	95056  -  ResidentSetSize of job (KB)
...
005 (787398.000.000) 10/08 12:46:49 Job terminated.
	(1) Normal termination (return value 0)
		Usr 0 00:00:21, Sys 0 00:00:00  -  Run Remote Usage
		Usr 0 00:00:00, Sys 0 00:00:00  -  Run Local Usage
		Usr 0 00:00:21, Sys 0 00:00:00  -  Total Remote Usage
		Usr 0 00:00:00, Sys 0 00:00:00  -  Total Local Usage
	585325  -  Run Bytes Sent By Job
	62749  -  Run Bytes Received By Job
	585325  -  Total Bytes Sent By Job
	62749  -  Total Bytes Received By Job
	Partitionable Resources :    Usage  Request          
	   Cpus                 :                 1          
	   Disk (KB)            :      658      658          
	   Memory (MB)          :       93       93          
...
000 (787580.000.000) 10/08 14:27:06 Job submitted from host: <18.12.1.74:45913>
...
001 (787580.000.000) 10/08 14:30:46 Job executing on host: <18.12.8.237:43650>
...
006 (787580.000.000) 10/08 14:30:55 Image size of job updated: 14212
	2  -  MemoryUsage of job (MB)
	1408  -  ResidentSetSize of job (KB)
...
006 (787580.000.000) 10/08 14:32:02 Image size of job updated: 230052
	2  -  MemoryUsage of job (MB)
	1408  -  ResidentSetSize of job (KB)
...
005 (787580.000.000) 10/08 14:32:02 Job terminated.
	(1) Normal termination (return value 0)
		Usr 0 00:00:28, Sys 0 00:00:00  -  Run Remote Usage
		Usr 0 00:00:00, Sys 0 00:00:00  -  Run Local Usage
		Usr 0 00:00:28, Sys 0 00:00:00  -  Total Remote Usage
		Usr 0 00:00:00, Sys 0 00:00:00  -  Total Local Usage
	585151  -  Run Bytes Sent By Job
	62691  -  Run Bytes Received By Job
	585151  -  Total Bytes Sent By Job
	62691  -  Total Bytes Received By Job
	Partitionable Resources :    Usage  Request          
	   Cpus                 :                 1          
	   Disk (KB)            :      658      658          
	   Memory (MB)          :        2        2          
...
000 (787763.000.000) 10/08 15:16:26 Job submitted from host: <18.12.1.74:45913>
...
001 (787763.000.000) 10/08 15:18:12 Job executing on host: <18.12.8.70:46935>
...
006 (787763.000.000) 10/08 15:18:20 Image size of job updated: 2
	3  -  MemoryUsage of job (MB)
	2356  -  ResidentSetSize of job (KB)
...
006 (787763.000.000) 10/08 15:19:39 Image size of job updated: 230056
	3  -  MemoryUsage of job (MB)
	2356  -  ResidentSetSize of job (KB)
...
005 (787763.000.000) 10/08 15:19:39 Job terminated.
	(1) Normal termination (return value 0)
		Usr 0 00:00:23, Sys 0 00:00:00  -  Run Remote Usage
		Usr 0 00:00:00, Sys 0 00:00:00  -  Run Local Usage
		Usr 0 00:00:23, Sys 0 00:00:00  -  Total Remote Usage
		Usr 0 00:00:00, Sys 0 00:00:00  -  Total Local Usage
	585219  -  Run Bytes Sent By Job
	62696  -  Run Bytes Received By Job
	585219  -  Total Bytes Sent By Job
	62696  -  Total Bytes Received By Job
	Partitionable Resources :    Usage  Request          
	   Cpus                 :                 1          
	   Disk (KB)            :      658      658          
	   Memory (MB)          :        3        3          
...
000 (788673.000.000) 10/12 10:42:28 Job submitted from host: <18.12.1.74:45913>
...
001 (788673.000.000) 10/12 10:51:03 Job executing on host: <18.12.9.36:44380>
...
006 (788673.000.000) 10/12 10:51:11 Image size of job updated: 2
	3  -  MemoryUsage of job (MB)
	2356  -  ResidentSetSize of job (KB)
...
006 (788673.000.000) 10/12 10:54:16 Image size of job updated: 230052
	3  -  MemoryUsage of job (MB)
	2356  -  ResidentSetSize of job (KB)
...
005 (788673.000.000) 10/12 10:54:16 Job terminated.
	(1) Normal termination (return value 0)
		Usr 0 00:00:31, Sys 0 00:00:00  -  Run Remote Usage
		Usr 0 00:00:00, Sys 0 00:00:00  -  Run Local Usage
		Usr 0 00:00:31, Sys 0 00:00:00  -  Total Remote Usage
		Usr 0 00:00:00, Sys 0 00:00:00  -  Total Local Usage
	585349  -  Run Bytes Sent By Job
	62704  -  Run Bytes Received By Job
	585349  -  Total Bytes Sent By Job
	62704  -  Total Bytes Received By Job
	Partitionable Resources :    Usage  Request          
	   Cpus                 :                 1          
	   Disk (KB)            :      658      658          
	   Memory (MB)          :        3        3          
...
