
----------------------------------------------------
Job started on Thu Aug 20 12:53:30 EDT 2015 at WN: t2bat0316.cmsaf.mit.edu 
Job is running on Linux t2bat0316.cmsaf.mit.edu 2.6.32-358.el6.x86_64 #1 SMP Fri Feb 22 20:37:17 CST 2013 x86_64 x86_64 x86_64 GNU/Linux
Filesystem            Size  Used Avail Use% Mounted on
/dev/sda3              20G  4.0G   15G  22% /
tmpfs                  32G     0   32G   0% /dev/shm
/dev/sda1              97M   32M   61M  35% /boot
/dev/sda4             416G   81G  335G  20% /export/data1
fuse_dfs              4.9P  4.6P  328T  94% /mnt/hadoop
/dev/sdb1             3.6T  3.4T  287G  93% /export/00b
/dev/sdc1             3.6T  3.4T  273G  93% /export/00c
/dev/sdd1             3.6T  3.4T  270G  93% /export/00d
/dev/sde1             3.6T  3.4T  288G  93% /export/00e
/dev/sdf1             3.6T  3.4T  281G  93% /export/00f
/dev/sdg1             3.6T  3.4T  268G  93% /export/00g
t2srv0004:/export/db  135G  187M  135G   1% /net/t2srv0004/db
cvmfs2                 98G   56G   42G  58% /cvmfs/cms.cern.ch
cvmfs2                 98G   56G   42G  58% /cvmfs/cvmfs.cmsaf.mit.edu
gcc (GCC) 4.4.7 20120313 (Red Hat 4.4.7-3)
Copyright (C) 2010 Free Software Foundation, Inc.
This is free software; see the source for copying conditions.  There is NO
warranty; not even for MERCHANTABILITY or FITNESS FOR A PARTICULAR PURPOSE.

Processing...
0/98138
10000/98138
20000/98138
30000/98138
40000/98138
50000/98138
60000/98138
70000/98138
80000/98138
90000/98138
Macro finished: 
CPU time (min)  = 0.909667
Real time (min) = 1.48749
total 1.7M
-rw-r--r--  1 obaron obaron 108K Aug 13 15:28 jetRAA_PbPb_data_forest.txt
-rw-r--r--  1 obaron obaron  94K Aug 13 15:28 jetRAA_PbPb_data_akPu4_select.txt
-rw-r--r--  1 obaron obaron  94K Aug 13 15:28 jetRAA_PbPb_data_akPu3_select.txt
-rw-r--r--  1 obaron obaron  94K Aug 13 15:28 jetRAA_PbPb_data_akPu2_select.txt
-rw-r--r--  1 obaron obaron  70K Aug 20 12:29 RAA_read_data_pbpb.C
-rw-r--r--  1 obaron obaron  11K Aug 20 12:30 RAA_read_data_pbpb_C.d
-rwxr-xr-x  1 obaron obaron 101K Aug 20 12:30 RAA_read_data_pbpb_C.so
drwxr-xr-x 33 condor root   4.0K Aug 20 12:53 ..
-rw-r--r--  1 condor condor 5.5K Aug 20 12:53 .machine.ad
-rw-r--r--  1 condor condor  20K Aug 20 12:53 .job.ad
-rwx------  1 obaron obaron   49 Aug 20 12:53 .chirp.config
-rw-rw-r--  1 obaron obaron  61K Aug 20 12:53 jetRAA_run_PbPb_Data.tar
-rwxr-xr-x  1 obaron obaron 1.2K Aug 20 12:53 condor_exec.exe
drwx------  2 obaron obaron 4.0K Aug 20 12:53 .
-rw-r--r--  1 obaron obaron  678 Aug 20 12:53 _condor_stderr
-rw-r--r--  1 obaron obaron 1.6K Aug 20 12:55 _condor_stdout
-rw-r--r--  1 obaron obaron 1.1M Aug 20 12:55 PbPb_Data_histograms_FromForest_pileupCutFIX_ZDCmCut_akPu4_20_eta_20_480.root
Done!
Copied output files to hadoop rootfiles/JetRAA/June29
