000 (556060.000.000) 08/12 11:33:40 Job submitted from host: <18.12.1.74:48322>
...
001 (556060.000.000) 08/12 11:50:46 Job executing on host: <18.12.8.255:47738>
...
006 (556060.000.000) 08/12 11:50:54 Image size of job updated: 193800
	78  -  MemoryUsage of job (MB)
	79616  -  ResidentSetSize of job (KB)
...
006 (556060.000.000) 08/12 11:55:54 Image size of job updated: 230660
	98  -  MemoryUsage of job (MB)
	99880  -  ResidentSetSize of job (KB)
...
005 (556060.000.000) 08/12 11:56:39 Job terminated.
	(1) Normal termination (return value 0)
		Usr 0 00:01:22, Sys 0 00:00:01  -  Run Remote Usage
		Usr 0 00:00:00, Sys 0 00:00:00  -  Run Local Usage
		Usr 0 00:01:22, Sys 0 00:00:01  -  Total Remote Usage
		Usr 0 00:00:00, Sys 0 00:00:00  -  Total Local Usage
	586001  -  Run Bytes Sent By Job
	62715  -  Run Bytes Received By Job
	586001  -  Total Bytes Sent By Job
	62715  -  Total Bytes Received By Job
	Partitionable Resources :    Usage  Request          
	   Cpus                 :                 1          
	   Disk (KB)            :      659      659          
	   Memory (MB)          :       98       98          
...
000 (566429.000.000) 08/20 21:02:53 Job submitted from host: <18.12.1.74:48322>
...
007 (566429.000.000) 08/20 21:04:28 Shadow exception!
	Error from slot30@t2bat0328.cmsaf.mit.edu: Failed to transfer files
	0  -  Run Bytes Sent By Job
	0  -  Run Bytes Received By Job
...
001 (566429.000.000) 08/20 21:04:35 Job executing on host: <18.12.9.72:40730>
...
006 (566429.000.000) 08/20 21:04:46 Image size of job updated: 187692
	75  -  MemoryUsage of job (MB)
	76048  -  ResidentSetSize of job (KB)
...
006 (566429.000.000) 08/20 21:06:43 Image size of job updated: 230552
	75  -  MemoryUsage of job (MB)
	76048  -  ResidentSetSize of job (KB)
...
005 (566429.000.000) 08/20 21:13:11 Job terminated.
	(1) Normal termination (return value 0)
		Usr 0 00:01:18, Sys 0 00:00:01  -  Run Remote Usage
		Usr 0 00:00:00, Sys 0 00:00:00  -  Run Local Usage
		Usr 0 00:01:18, Sys 0 00:00:01  -  Total Remote Usage
		Usr 0 00:00:00, Sys 0 00:00:00  -  Total Local Usage
	586332  -  Run Bytes Sent By Job
	62731  -  Run Bytes Received By Job
	586332  -  Total Bytes Sent By Job
	62731  -  Total Bytes Received By Job
	Partitionable Resources :    Usage  Request          
	   Cpus                 :                 1          
	   Disk (KB)            :      659      659          
	   Memory (MB)          :       75       75          
...
000 (782434.000.000) 10/01 13:04:26 Job submitted from host: <18.12.1.74:47665>
...
001 (782434.000.000) 10/01 13:13:16 Job executing on host: <18.12.9.15:49198>
...
006 (782434.000.000) 10/01 13:13:25 Image size of job updated: 187688
	71  -  MemoryUsage of job (MB)
	72588  -  ResidentSetSize of job (KB)
...
006 (782434.000.000) 10/01 13:18:26 Image size of job updated: 230392
	97  -  MemoryUsage of job (MB)
	98716  -  ResidentSetSize of job (KB)
...
006 (782434.000.000) 10/01 13:19:43 Image size of job updated: 230548
	97  -  MemoryUsage of job (MB)
	98716  -  ResidentSetSize of job (KB)
...
005 (782434.000.000) 10/01 13:19:46 Job terminated.
	(1) Normal termination (return value 0)
		Usr 0 00:01:33, Sys 0 00:00:01  -  Run Remote Usage
		Usr 0 00:00:00, Sys 0 00:00:00  -  Run Local Usage
		Usr 0 00:01:33, Sys 0 00:00:01  -  Total Remote Usage
		Usr 0 00:00:00, Sys 0 00:00:00  -  Total Local Usage
	586132  -  Run Bytes Sent By Job
	62730  -  Run Bytes Received By Job
	586132  -  Total Bytes Sent By Job
	62730  -  Total Bytes Received By Job
	Partitionable Resources :    Usage  Request          
	   Cpus                 :                 1          
	   Disk (KB)            :      659      659          
	   Memory (MB)          :       97       97          
...
000 (782615.000.000) 10/01 14:31:16 Job submitted from host: <18.12.1.74:47665>
...
001 (782615.000.000) 10/01 14:33:12 Job executing on host: <18.12.8.253:47957>
...
006 (782615.000.000) 10/01 14:33:21 Image size of job updated: 2
	3  -  MemoryUsage of job (MB)
	2340  -  ResidentSetSize of job (KB)
...
006 (782615.000.000) 10/01 14:36:41 Image size of job updated: 227488
	3  -  MemoryUsage of job (MB)
	2340  -  ResidentSetSize of job (KB)
...
005 (782615.000.000) 10/01 14:39:20 Job terminated.
	(1) Normal termination (return value 0)
		Usr 0 00:00:41, Sys 0 00:00:01  -  Run Remote Usage
		Usr 0 00:00:00, Sys 0 00:00:00  -  Run Local Usage
		Usr 0 00:00:41, Sys 0 00:00:01  -  Total Remote Usage
		Usr 0 00:00:00, Sys 0 00:00:00  -  Total Local Usage
	4178167  -  Run Bytes Sent By Job
	62736  -  Run Bytes Received By Job
	4178167  -  Total Bytes Sent By Job
	62736  -  Total Bytes Received By Job
	Partitionable Resources :    Usage  Request          
	   Cpus                 :                 1          
	   Disk (KB)            :     4167     4167          
	   Memory (MB)          :        3        3          
...
000 (788156.000.000) 10/09 09:23:39 Job submitted from host: <18.12.1.74:45913>
...
001 (788156.000.000) 10/09 09:24:06 Job executing on host: <18.12.6.93:44745>
...
006 (788156.000.000) 10/09 09:24:15 Image size of job updated: 13384
	2  -  MemoryUsage of job (MB)
	1984  -  ResidentSetSize of job (KB)
...
006 (788156.000.000) 10/09 09:26:46 Image size of job updated: 230700
	2  -  MemoryUsage of job (MB)
	1984  -  ResidentSetSize of job (KB)
...
005 (788156.000.000) 10/09 09:26:46 Job terminated.
	(1) Normal termination (return value 0)
		Usr 0 00:01:41, Sys 0 00:00:01  -  Run Remote Usage
		Usr 0 00:00:00, Sys 0 00:00:00  -  Run Local Usage
		Usr 0 00:01:41, Sys 0 00:00:01  -  Total Remote Usage
		Usr 0 00:00:00, Sys 0 00:00:00  -  Total Local Usage
	585708  -  Run Bytes Sent By Job
	62698  -  Run Bytes Received By Job
	585708  -  Total Bytes Sent By Job
	62698  -  Total Bytes Received By Job
	Partitionable Resources :    Usage  Request          
	   Cpus                 :                 1          
	   Disk (KB)            :      658      658          
	   Memory (MB)          :        2        2          
...
000 (788521.000.000) 10/12 09:48:00 Job submitted from host: <18.12.1.74:45913>
...
001 (788521.000.000) 10/12 09:54:01 Job executing on host: <18.12.8.140:44453>
...
006 (788521.000.000) 10/12 09:54:09 Image size of job updated: 75612
	17  -  MemoryUsage of job (MB)
	17172  -  ResidentSetSize of job (KB)
...
006 (788521.000.000) 10/12 09:57:36 Image size of job updated: 230540
	17  -  MemoryUsage of job (MB)
	17172  -  ResidentSetSize of job (KB)
...
005 (788521.000.000) 10/12 09:57:36 Job terminated.
	(1) Normal termination (return value 0)
		Usr 0 00:01:22, Sys 0 00:00:01  -  Run Remote Usage
		Usr 0 00:00:00, Sys 0 00:00:00  -  Run Local Usage
		Usr 0 00:01:22, Sys 0 00:00:01  -  Total Remote Usage
		Usr 0 00:00:00, Sys 0 00:00:00  -  Total Local Usage
	585168  -  Run Bytes Sent By Job
	62703  -  Run Bytes Received By Job
	585168  -  Total Bytes Sent By Job
	62703  -  Total Bytes Received By Job
	Partitionable Resources :    Usage  Request          
	   Cpus                 :                 1          
	   Disk (KB)            :      658      658          
	   Memory (MB)          :       17       17          
...
