000 (556174.000.000) 08/12 11:33:52 Job submitted from host: <18.12.1.74:48322>
...
001 (556174.000.000) 08/12 12:05:52 Job executing on host: <18.12.9.80:43650>
...
006 (556174.000.000) 08/12 12:06:00 Image size of job updated: 224480
	89  -  MemoryUsage of job (MB)
	90668  -  ResidentSetSize of job (KB)
...
006 (556174.000.000) 08/12 12:08:00 Image size of job updated: 230004
	89  -  MemoryUsage of job (MB)
	90668  -  ResidentSetSize of job (KB)
...
005 (556174.000.000) 08/12 12:08:00 Job terminated.
	(1) Normal termination (return value 0)
		Usr 0 00:00:12, Sys 0 00:00:00  -  Run Remote Usage
		Usr 0 00:00:00, Sys 0 00:00:00  -  Run Local Usage
		Usr 0 00:00:12, Sys 0 00:00:00  -  Total Remote Usage
		Usr 0 00:00:00, Sys 0 00:00:00  -  Total Local Usage
	586071  -  Run Bytes Sent By Job
	62715  -  Run Bytes Received By Job
	586071  -  Total Bytes Sent By Job
	62715  -  Total Bytes Received By Job
	Partitionable Resources :    Usage  Request          
	   Cpus                 :                 1          
	   Disk (KB)            :      659      659          
	   Memory (MB)          :       89       89          
...
000 (566543.000.000) 08/20 21:10:54 Job submitted from host: <18.12.1.74:48322>
...
001 (566543.000.000) 08/20 21:11:00 Job executing on host: <18.12.9.46:48906>
...
006 (566543.000.000) 08/20 21:11:08 Image size of job updated: 230004
	94  -  MemoryUsage of job (MB)
	96032  -  ResidentSetSize of job (KB)
...
005 (566543.000.000) 08/20 21:17:36 Job terminated.
	(1) Normal termination (return value 0)
		Usr 0 00:00:11, Sys 0 00:00:00  -  Run Remote Usage
		Usr 0 00:00:00, Sys 0 00:00:00  -  Run Local Usage
		Usr 0 00:00:11, Sys 0 00:00:00  -  Total Remote Usage
		Usr 0 00:00:00, Sys 0 00:00:00  -  Total Local Usage
	586261  -  Run Bytes Sent By Job
	62731  -  Run Bytes Received By Job
	586261  -  Total Bytes Sent By Job
	62731  -  Total Bytes Received By Job
	Partitionable Resources :    Usage  Request          
	   Cpus                 :                 1          
	   Disk (KB)            :      659      659          
	   Memory (MB)          :       94       94          
...
000 (782548.000.000) 10/01 13:04:40 Job submitted from host: <18.12.1.74:47665>
...
001 (782548.000.000) 10/01 13:17:58 Job executing on host: <18.12.9.47:49782>
...
006 (782548.000.000) 10/01 13:18:23 Image size of job updated: 67060
	11  -  MemoryUsage of job (MB)
	10272  -  ResidentSetSize of job (KB)
...
006 (782548.000.000) 10/01 13:21:00 Image size of job updated: 230008
	11  -  MemoryUsage of job (MB)
	10272  -  ResidentSetSize of job (KB)
...
005 (782548.000.000) 10/01 13:21:01 Job terminated.
	(1) Normal termination (return value 0)
		Usr 0 00:00:04, Sys 0 00:00:00  -  Run Remote Usage
		Usr 0 00:00:00, Sys 0 00:00:00  -  Run Local Usage
		Usr 0 00:00:04, Sys 0 00:00:00  -  Total Remote Usage
		Usr 0 00:00:00, Sys 0 00:00:00  -  Total Local Usage
	586025  -  Run Bytes Sent By Job
	62730  -  Run Bytes Received By Job
	586025  -  Total Bytes Sent By Job
	62730  -  Total Bytes Received By Job
	Partitionable Resources :    Usage  Request          
	   Cpus                 :                 1          
	   Disk (KB)            :      659      659          
	   Memory (MB)          :       11       11          
...
000 (782729.000.000) 10/01 14:32:43 Job submitted from host: <18.12.1.74:47665>
...
001 (782729.000.000) 10/01 14:35:00 Job executing on host: <18.12.9.15:49198>
...
006 (782729.000.000) 10/01 14:35:10 Image size of job updated: 2
	3  -  MemoryUsage of job (MB)
	2348  -  ResidentSetSize of job (KB)
...
006 (782729.000.000) 10/01 14:36:17 Image size of job updated: 227268
	3  -  MemoryUsage of job (MB)
	2348  -  ResidentSetSize of job (KB)
...
005 (782729.000.000) 10/01 14:39:18 Job terminated.
	(1) Normal termination (return value 0)
		Usr 0 00:00:08, Sys 0 00:00:00  -  Run Remote Usage
		Usr 0 00:00:00, Sys 0 00:00:00  -  Run Local Usage
		Usr 0 00:00:08, Sys 0 00:00:00  -  Total Remote Usage
		Usr 0 00:00:00, Sys 0 00:00:00  -  Total Local Usage
	1172831  -  Run Bytes Sent By Job
	62736  -  Run Bytes Received By Job
	1172831  -  Total Bytes Sent By Job
	62736  -  Total Bytes Received By Job
	Partitionable Resources :    Usage  Request          
	   Cpus                 :                 1          
	   Disk (KB)            :     1232     1232          
	   Memory (MB)          :        3        3          
...
000 (788270.000.000) 10/09 09:23:51 Job submitted from host: <18.12.1.74:45913>
...
001 (788270.000.000) 10/09 09:24:19 Job executing on host: <18.12.8.188:45256>
...
006 (788270.000.000) 10/09 09:24:28 Image size of job updated: 2
	3  -  MemoryUsage of job (MB)
	2340  -  ResidentSetSize of job (KB)
...
006 (788270.000.000) 10/09 09:24:59 Image size of job updated: 229988
	3  -  MemoryUsage of job (MB)
	2340  -  ResidentSetSize of job (KB)
...
005 (788270.000.000) 10/09 09:24:59 Job terminated.
	(1) Normal termination (return value 0)
		Usr 0 00:00:11, Sys 0 00:00:00  -  Run Remote Usage
		Usr 0 00:00:00, Sys 0 00:00:00  -  Run Local Usage
		Usr 0 00:00:11, Sys 0 00:00:00  -  Total Remote Usage
		Usr 0 00:00:00, Sys 0 00:00:00  -  Total Local Usage
	585181  -  Run Bytes Sent By Job
	62698  -  Run Bytes Received By Job
	585181  -  Total Bytes Sent By Job
	62698  -  Total Bytes Received By Job
	Partitionable Resources :    Usage  Request          
	   Cpus                 :                 1          
	   Disk (KB)            :      658      658          
	   Memory (MB)          :        3        3          
...
000 (788635.000.000) 10/12 09:48:11 Job submitted from host: <18.12.1.74:45913>
...
001 (788635.000.000) 10/12 10:01:36 Job executing on host: <18.12.8.91:45256>
...
006 (788635.000.000) 10/12 10:01:45 Image size of job updated: 2
	3  -  MemoryUsage of job (MB)
	2340  -  ResidentSetSize of job (KB)
...
006 (788635.000.000) 10/12 10:02:01 Image size of job updated: 230000
	3  -  MemoryUsage of job (MB)
	2340  -  ResidentSetSize of job (KB)
...
005 (788635.000.000) 10/12 10:02:01 Job terminated.
	(1) Normal termination (return value 0)
		Usr 0 00:00:05, Sys 0 00:00:00  -  Run Remote Usage
		Usr 0 00:00:00, Sys 0 00:00:00  -  Run Local Usage
		Usr 0 00:00:05, Sys 0 00:00:00  -  Total Remote Usage
		Usr 0 00:00:00, Sys 0 00:00:00  -  Total Local Usage
	584964  -  Run Bytes Sent By Job
	62703  -  Run Bytes Received By Job
	584964  -  Total Bytes Sent By Job
	62703  -  Total Bytes Received By Job
	Partitionable Resources :    Usage  Request          
	   Cpus                 :                 1          
	   Disk (KB)            :      658      658          
	   Memory (MB)          :        3        3          
...
