000 (556156.000.000) 08/12 11:33:50 Job submitted from host: <18.12.1.74:48322>
...
001 (556156.000.000) 08/12 12:03:20 Job executing on host: <18.12.8.206:41022>
...
006 (556156.000.000) 08/12 12:03:28 Image size of job updated: 2
	3  -  MemoryUsage of job (MB)
	2344  -  ResidentSetSize of job (KB)
...
006 (556156.000.000) 08/12 12:08:28 Image size of job updated: 230508
	96  -  MemoryUsage of job (MB)
	97672  -  ResidentSetSize of job (KB)
...
006 (556156.000.000) 08/12 12:13:28 Image size of job updated: 230508
	98  -  MemoryUsage of job (MB)
	100156  -  ResidentSetSize of job (KB)
...
005 (556156.000.000) 08/12 12:13:35 Job terminated.
	(1) Normal termination (return value 0)
		Usr 0 00:01:31, Sys 0 00:00:01  -  Run Remote Usage
		Usr 0 00:00:00, Sys 0 00:00:00  -  Run Local Usage
		Usr 0 00:01:31, Sys 0 00:00:01  -  Total Remote Usage
		Usr 0 00:00:00, Sys 0 00:00:00  -  Total Local Usage
	586034  -  Run Bytes Sent By Job
	62715  -  Run Bytes Received By Job
	586034  -  Total Bytes Sent By Job
	62715  -  Total Bytes Received By Job
	Partitionable Resources :    Usage  Request          
	   Cpus                 :                 1          
	   Disk (KB)            :     1467     1467          
	   Memory (MB)          :       98       98          
...
000 (566525.000.000) 08/20 21:09:46 Job submitted from host: <18.12.1.74:48322>
...
001 (566525.000.000) 08/20 21:09:57 Job executing on host: <18.12.9.41:47519>
...
006 (566525.000.000) 08/20 21:10:07 Image size of job updated: 193852
	78  -  MemoryUsage of job (MB)
	79672  -  ResidentSetSize of job (KB)
...
006 (566525.000.000) 08/20 21:15:08 Image size of job updated: 230500
	100  -  MemoryUsage of job (MB)
	101904  -  ResidentSetSize of job (KB)
...
005 (566525.000.000) 08/20 21:22:14 Job terminated.
	(1) Normal termination (return value 0)
		Usr 0 00:01:37, Sys 0 00:00:02  -  Run Remote Usage
		Usr 0 00:00:00, Sys 0 00:00:00  -  Run Local Usage
		Usr 0 00:01:37, Sys 0 00:00:02  -  Total Remote Usage
		Usr 0 00:00:00, Sys 0 00:00:00  -  Total Local Usage
	586496  -  Run Bytes Sent By Job
	62731  -  Run Bytes Received By Job
	586496  -  Total Bytes Sent By Job
	62731  -  Total Bytes Received By Job
	Partitionable Resources :    Usage  Request          
	   Cpus                 :                 1          
	   Disk (KB)            :      659      659          
	   Memory (MB)          :      100      100          
...
000 (782530.000.000) 10/01 13:04:38 Job submitted from host: <18.12.1.74:47665>
...
001 (782530.000.000) 10/01 13:16:19 Job executing on host: <18.12.8.189:40000>
...
006 (782530.000.000) 10/01 13:16:28 Image size of job updated: 2
	3  -  MemoryUsage of job (MB)
	2364  -  ResidentSetSize of job (KB)
...
006 (782530.000.000) 10/01 13:21:13 Image size of job updated: 230504
	3  -  MemoryUsage of job (MB)
	2364  -  ResidentSetSize of job (KB)
...
005 (782530.000.000) 10/01 13:21:13 Job terminated.
	(1) Normal termination (return value 0)
		Usr 0 00:01:39, Sys 0 00:00:01  -  Run Remote Usage
		Usr 0 00:00:00, Sys 0 00:00:00  -  Run Local Usage
		Usr 0 00:01:39, Sys 0 00:00:01  -  Total Remote Usage
		Usr 0 00:00:00, Sys 0 00:00:00  -  Total Local Usage
	586303  -  Run Bytes Sent By Job
	62730  -  Run Bytes Received By Job
	586303  -  Total Bytes Sent By Job
	62730  -  Total Bytes Received By Job
	Partitionable Resources :    Usage  Request          
	   Cpus                 :                 1          
	   Disk (KB)            :      659      659          
	   Memory (MB)          :        3        3          
...
000 (782711.000.000) 10/01 14:32:32 Job submitted from host: <18.12.1.74:47665>
...
001 (782711.000.000) 10/01 14:34:15 Job executing on host: <18.12.8.229:44380>
...
006 (782711.000.000) 10/01 14:34:23 Image size of job updated: 224872
	91  -  MemoryUsage of job (MB)
	92904  -  ResidentSetSize of job (KB)
...
006 (782711.000.000) 10/01 14:37:12 Image size of job updated: 227448
	91  -  MemoryUsage of job (MB)
	92904  -  ResidentSetSize of job (KB)
...
005 (782711.000.000) 10/01 14:40:16 Job terminated.
	(1) Normal termination (return value 0)
		Usr 0 00:00:57, Sys 0 00:00:01  -  Run Remote Usage
		Usr 0 00:00:00, Sys 0 00:00:00  -  Run Local Usage
		Usr 0 00:00:57, Sys 0 00:00:01  -  Total Remote Usage
		Usr 0 00:00:00, Sys 0 00:00:00  -  Total Local Usage
	4530447  -  Run Bytes Sent By Job
	62736  -  Run Bytes Received By Job
	4530447  -  Total Bytes Sent By Job
	62736  -  Total Bytes Received By Job
	Partitionable Resources :    Usage  Request          
	   Cpus                 :                 1          
	   Disk (KB)            :     4511     4511          
	   Memory (MB)          :       91       91          
...
000 (788252.000.000) 10/09 09:23:49 Job submitted from host: <18.12.1.74:45913>
...
001 (788252.000.000) 10/09 09:24:18 Job executing on host: <18.12.8.159:46059>
...
006 (788252.000.000) 10/09 09:24:26 Image size of job updated: 13384
	2  -  MemoryUsage of job (MB)
	1980  -  ResidentSetSize of job (KB)
...
006 (788252.000.000) 10/09 09:28:08 Image size of job updated: 230488
	2  -  MemoryUsage of job (MB)
	1980  -  ResidentSetSize of job (KB)
...
005 (788252.000.000) 10/09 09:28:08 Job terminated.
	(1) Normal termination (return value 0)
		Usr 0 00:01:28, Sys 0 00:00:01  -  Run Remote Usage
		Usr 0 00:00:00, Sys 0 00:00:00  -  Run Local Usage
		Usr 0 00:01:28, Sys 0 00:00:01  -  Total Remote Usage
		Usr 0 00:00:00, Sys 0 00:00:00  -  Total Local Usage
	585265  -  Run Bytes Sent By Job
	62698  -  Run Bytes Received By Job
	585265  -  Total Bytes Sent By Job
	62698  -  Total Bytes Received By Job
	Partitionable Resources :    Usage  Request          
	   Cpus                 :                 1          
	   Disk (KB)            :      658      658          
	   Memory (MB)          :        2        2          
...
000 (788617.000.000) 10/12 09:48:09 Job submitted from host: <18.12.1.74:45913>
...
001 (788617.000.000) 10/12 10:00:14 Job executing on host: <18.12.8.202:46935>
...
006 (788617.000.000) 10/12 10:00:23 Image size of job updated: 225460
	92  -  MemoryUsage of job (MB)
	93448  -  ResidentSetSize of job (KB)
...
006 (788617.000.000) 10/12 10:03:04 Image size of job updated: 230492
	92  -  MemoryUsage of job (MB)
	93448  -  ResidentSetSize of job (KB)
...
005 (788617.000.000) 10/12 10:03:04 Job terminated.
	(1) Normal termination (return value 0)
		Usr 0 00:01:46, Sys 0 00:00:01  -  Run Remote Usage
		Usr 0 00:00:00, Sys 0 00:00:00  -  Run Local Usage
		Usr 0 00:01:46, Sys 0 00:00:01  -  Total Remote Usage
		Usr 0 00:00:00, Sys 0 00:00:00  -  Total Local Usage
	585198  -  Run Bytes Sent By Job
	62703  -  Run Bytes Received By Job
	585198  -  Total Bytes Sent By Job
	62703  -  Total Bytes Received By Job
	Partitionable Resources :    Usage  Request          
	   Cpus                 :                 1          
	   Disk (KB)            :      658      658          
	   Memory (MB)          :       92       92          
...
