000 (556121.000.000) 08/12 11:33:46 Job submitted from host: <18.12.1.74:48322>
...
001 (556121.000.000) 08/12 12:00:21 Job executing on host: <18.12.8.224:41971>
...
006 (556121.000.000) 08/12 12:00:29 Image size of job updated: 2
	3  -  MemoryUsage of job (MB)
	2352  -  ResidentSetSize of job (KB)
...
006 (556121.000.000) 08/12 12:05:29 Image size of job updated: 230656
	100  -  MemoryUsage of job (MB)
	101708  -  ResidentSetSize of job (KB)
...
006 (556121.000.000) 08/12 12:10:29 Image size of job updated: 230656
	100  -  MemoryUsage of job (MB)
	102280  -  ResidentSetSize of job (KB)
...
005 (556121.000.000) 08/12 12:11:21 Job terminated.
	(1) Normal termination (return value 0)
		Usr 0 00:01:43, Sys 0 00:00:02  -  Run Remote Usage
		Usr 0 00:00:00, Sys 0 00:00:00  -  Run Local Usage
		Usr 0 00:01:43, Sys 0 00:00:02  -  Total Remote Usage
		Usr 0 00:00:00, Sys 0 00:00:00  -  Total Local Usage
	586277  -  Run Bytes Sent By Job
	62715  -  Run Bytes Received By Job
	586277  -  Total Bytes Sent By Job
	62715  -  Total Bytes Received By Job
	Partitionable Resources :    Usage  Request          
	   Cpus                 :                 1          
	   Disk (KB)            :      659      659          
	   Memory (MB)          :      100      100          
...
000 (566490.000.000) 08/20 21:07:34 Job submitted from host: <18.12.1.74:48322>
...
001 (566490.000.000) 08/20 21:08:04 Job executing on host: <18.12.9.83:48833>
...
006 (566490.000.000) 08/20 21:08:13 Image size of job updated: 230236
	96  -  MemoryUsage of job (MB)
	97488  -  ResidentSetSize of job (KB)
...
006 (566490.000.000) 08/20 21:11:35 Image size of job updated: 230656
	96  -  MemoryUsage of job (MB)
	97488  -  ResidentSetSize of job (KB)
...
022 (566490.000.000) 08/20 21:11:35 Job disconnected, attempting to reconnect
    Socket between submit and execute hosts closed unexpectedly
    Trying to reconnect to slot29@t2bat0339.cmsaf.mit.edu <18.12.9.83:48833>
...
023 (566490.000.000) 08/20 21:11:35 Job reconnected to slot29@t2bat0339.cmsaf.mit.edu
    startd address: <18.12.9.83:48833>
    starter address: <18.12.9.83:45548>
...
022 (566490.000.000) 08/20 21:11:35 Job disconnected, attempting to reconnect
    Socket between submit and execute hosts closed unexpectedly
    Trying to reconnect to slot29@t2bat0339.cmsaf.mit.edu <18.12.9.83:48833>
...
023 (566490.000.000) 08/20 21:11:35 Job reconnected to slot29@t2bat0339.cmsaf.mit.edu
    startd address: <18.12.9.83:48833>
    starter address: <18.12.9.83:45548>
...
022 (566490.000.000) 08/20 21:11:35 Job disconnected, attempting to reconnect
    Socket between submit and execute hosts closed unexpectedly
    Trying to reconnect to slot29@t2bat0339.cmsaf.mit.edu <18.12.9.83:48833>
...
023 (566490.000.000) 08/20 21:11:35 Job reconnected to slot29@t2bat0339.cmsaf.mit.edu
    startd address: <18.12.9.83:48833>
    starter address: <18.12.9.83:45548>
...
022 (566490.000.000) 08/20 21:11:35 Job disconnected, attempting to reconnect
    Socket between submit and execute hosts closed unexpectedly
    Trying to reconnect to slot29@t2bat0339.cmsaf.mit.edu <18.12.9.83:48833>
...
023 (566490.000.000) 08/20 21:11:36 Job reconnected to slot29@t2bat0339.cmsaf.mit.edu
    startd address: <18.12.9.83:48833>
    starter address: <18.12.9.83:45548>
...
007 (566490.000.000) 08/20 21:11:36 Shadow exception!
	Error from slot29@t2bat0339.cmsaf.mit.edu: Repeated attempts to transfer output failed for unknown reasons
	0  -  Run Bytes Sent By Job
	62731  -  Run Bytes Received By Job
...
007 (566490.000.000) 08/20 21:11:45 Shadow exception!
	Error from slot29@t2bat0323.cmsaf.mit.edu: Failed to transfer files
	0  -  Run Bytes Sent By Job
	0  -  Run Bytes Received By Job
...
007 (566490.000.000) 08/20 21:11:47 Shadow exception!
	Error from slot29@t2bat0323.cmsaf.mit.edu: Failed to transfer files
	0  -  Run Bytes Sent By Job
	0  -  Run Bytes Received By Job
...
007 (566490.000.000) 08/20 21:11:49 Shadow exception!
	Error from slot29@t2bat0323.cmsaf.mit.edu: Failed to transfer files
	0  -  Run Bytes Sent By Job
	0  -  Run Bytes Received By Job
...
007 (566490.000.000) 08/20 21:11:50 Shadow exception!
	Error from slot29@t2bat0323.cmsaf.mit.edu: Failed to transfer files
	0  -  Run Bytes Sent By Job
	0  -  Run Bytes Received By Job
...
001 (566490.000.000) 08/20 21:12:09 Job executing on host: <18.12.9.36:47227>
...
006 (566490.000.000) 08/20 21:17:18 Image size of job updated: 250000
	111  -  MemoryUsage of job (MB)
	113288  -  ResidentSetSize of job (KB)
...
005 (566490.000.000) 08/20 21:26:37 Job terminated.
	(1) Normal termination (return value 0)
		Usr 0 00:01:53, Sys 0 00:00:03  -  Run Remote Usage
		Usr 0 00:00:00, Sys 0 00:00:00  -  Run Local Usage
		Usr 0 00:01:53, Sys 0 00:00:03  -  Total Remote Usage
		Usr 0 00:00:00, Sys 0 00:00:00  -  Total Local Usage
	586524  -  Run Bytes Sent By Job
	62731  -  Run Bytes Received By Job
	586524  -  Total Bytes Sent By Job
	125462  -  Total Bytes Received By Job
	Partitionable Resources :    Usage  Request          
	   Cpus                 :                 1          
	   Disk (KB)            :      750      750          
	   Memory (MB)          :      111      111          
...
000 (782495.000.000) 10/01 13:04:33 Job submitted from host: <18.12.1.74:47665>
...
001 (782495.000.000) 10/01 13:15:14 Job executing on host: <18.12.8.229:44380>
...
006 (782495.000.000) 10/01 13:15:23 Image size of job updated: 143812
	18  -  MemoryUsage of job (MB)
	18340  -  ResidentSetSize of job (KB)
...
006 (782495.000.000) 10/01 13:20:24 Image size of job updated: 230656
	101  -  MemoryUsage of job (MB)
	102896  -  ResidentSetSize of job (KB)
...
005 (782495.000.000) 10/01 13:25:18 Job terminated.
	(1) Normal termination (return value 0)
		Usr 0 00:01:42, Sys 0 00:00:01  -  Run Remote Usage
		Usr 0 00:00:00, Sys 0 00:00:00  -  Run Local Usage
		Usr 0 00:01:42, Sys 0 00:00:01  -  Total Remote Usage
		Usr 0 00:00:00, Sys 0 00:00:00  -  Total Local Usage
	586332  -  Run Bytes Sent By Job
	62730  -  Run Bytes Received By Job
	586332  -  Total Bytes Sent By Job
	62730  -  Total Bytes Received By Job
	Partitionable Resources :    Usage  Request          
	   Cpus                 :                 1          
	   Disk (KB)            :      659      659          
	   Memory (MB)          :      101      101          
...
000 (782676.000.000) 10/01 14:32:06 Job submitted from host: <18.12.1.74:47665>
...
001 (782676.000.000) 10/01 14:35:56 Job executing on host: <18.12.8.242:46205>
...
006 (782676.000.000) 10/01 14:36:05 Image size of job updated: 193796
	78  -  MemoryUsage of job (MB)
	79628  -  ResidentSetSize of job (KB)
...
006 (782676.000.000) 10/01 14:41:01 Image size of job updated: 227548
	78  -  MemoryUsage of job (MB)
	79628  -  ResidentSetSize of job (KB)
...
005 (782676.000.000) 10/01 14:44:31 Job terminated.
	(1) Normal termination (return value 0)
		Usr 0 00:01:00, Sys 0 00:00:01  -  Run Remote Usage
		Usr 0 00:00:00, Sys 0 00:00:00  -  Run Local Usage
		Usr 0 00:01:00, Sys 0 00:00:01  -  Total Remote Usage
		Usr 0 00:00:00, Sys 0 00:00:00  -  Total Local Usage
	5007366  -  Run Bytes Sent By Job
	62736  -  Run Bytes Received By Job
	5007366  -  Total Bytes Sent By Job
	62736  -  Total Bytes Received By Job
	Partitionable Resources :    Usage  Request          
	   Cpus                 :                 1          
	   Disk (KB)            :     4976     4976          
	   Memory (MB)          :       78       78          
...
000 (788217.000.000) 10/09 09:23:46 Job submitted from host: <18.12.1.74:45913>
...
001 (788217.000.000) 10/09 09:24:16 Job executing on host: <18.12.8.147:46570>
...
006 (788217.000.000) 10/09 09:24:24 Image size of job updated: 31152
	3  -  MemoryUsage of job (MB)
	2688  -  ResidentSetSize of job (KB)
...
006 (788217.000.000) 10/09 09:29:24 Image size of job updated: 230672
	112  -  MemoryUsage of job (MB)
	114172  -  ResidentSetSize of job (KB)
...
005 (788217.000.000) 10/09 09:30:17 Job terminated.
	(1) Normal termination (return value 0)
		Usr 0 00:01:42, Sys 0 00:00:01  -  Run Remote Usage
		Usr 0 00:00:00, Sys 0 00:00:00  -  Run Local Usage
		Usr 0 00:01:42, Sys 0 00:00:01  -  Total Remote Usage
		Usr 0 00:00:00, Sys 0 00:00:00  -  Total Local Usage
	585429  -  Run Bytes Sent By Job
	62698  -  Run Bytes Received By Job
	585429  -  Total Bytes Sent By Job
	62698  -  Total Bytes Received By Job
	Partitionable Resources :    Usage  Request          
	   Cpus                 :                 1          
	   Disk (KB)            :      670      670          
	   Memory (MB)          :      112      112          
...
000 (788582.000.000) 10/12 09:48:06 Job submitted from host: <18.12.1.74:45913>
...
001 (788582.000.000) 10/12 09:58:35 Job executing on host: <18.12.8.181:45402>
...
006 (788582.000.000) 10/12 09:58:45 Image size of job updated: 2
	3  -  MemoryUsage of job (MB)
	2344  -  ResidentSetSize of job (KB)
...
006 (788582.000.000) 10/12 10:03:23 Image size of job updated: 238652
	3  -  MemoryUsage of job (MB)
	2344  -  ResidentSetSize of job (KB)
...
005 (788582.000.000) 10/12 10:03:23 Job terminated.
	(1) Normal termination (return value 0)
		Usr 0 00:01:39, Sys 0 00:00:01  -  Run Remote Usage
		Usr 0 00:00:00, Sys 0 00:00:00  -  Run Local Usage
		Usr 0 00:01:39, Sys 0 00:00:01  -  Total Remote Usage
		Usr 0 00:00:00, Sys 0 00:00:00  -  Total Local Usage
	585225  -  Run Bytes Sent By Job
	62703  -  Run Bytes Received By Job
	585225  -  Total Bytes Sent By Job
	62703  -  Total Bytes Received By Job
	Partitionable Resources :    Usage  Request          
	   Cpus                 :                 1          
	   Disk (KB)            :      658      658          
	   Memory (MB)          :        3        3          
...
