
----------------------------------------------------
Job started on Mon Oct 12 10:49:05 EDT 2015 at WN: t2bat0336.cmsaf.mit.edu 
Job is running on Linux t2bat0336.cmsaf.mit.edu 2.6.32-358.el6.x86_64 #1 SMP Fri Feb 22 20:37:17 CST 2013 x86_64 x86_64 x86_64 GNU/Linux
Filesystem            Size  Used Avail Use% Mounted on
/dev/sda3              20G  2.4G   17G  13% /
tmpfs                  32G     0   32G   0% /dev/shm
/dev/sda1              97M   32M   61M  35% /boot
/dev/sda4             416G   71G  345G  18% /export/data1
fuse_dfs              5.0P  4.0P  1.1P  80% /mnt/hadoop
/dev/sdb1             3.6T  2.9T  775G  79% /export/00b
/dev/sdc1             3.6T  2.9T  734G  81% /export/00c
/dev/sdd1             3.6T  2.9T  730G  81% /export/00d
/dev/sde1             3.6T  2.9T  756G  80% /export/00e
/dev/sdf1             3.6T  2.9T  751G  80% /export/00f
/dev/sdg1             3.6T  2.9T  752G  80% /export/00g
cvmfs2                 98G   65G   34G  67% /cvmfs/cms.cern.ch
t2srv0004:/export/db  135G  187M  135G   1% /net/t2srv0004/db
cvmfs2                 98G   65G   34G  67% /cvmfs/cvmfs.cmsaf.mit.edu
gcc (GCC) 4.4.7 20120313 (Red Hat 4.4.7-3)
Copyright (C) 2010 Free Software Foundation, Inc.
This is free software; see the source for copying conditions.  There is NO
warranty; not even for MERCHANTABILITY or FITNESS FOR A PARTICULAR PURPOSE.

Processing...
0/80358
10000/80358
20000/80358
30000/80358
40000/80358
50000/80358
60000/80358
70000/80358
80000/80358
Macro finished: 
CPU time (min)  = 0.688333
Real time (min) = 1.31287
total 1.6M
-rw-r--r--  1 obaron obaron 108K Oct 12 10:08 jetRAA_PbPb_data_forest.txt
-rw-r--r--  1 obaron obaron  94K Oct 12 10:08 jetRAA_PbPb_data_akPu4_select.txt
-rw-r--r--  1 obaron obaron  94K Oct 12 10:08 jetRAA_PbPb_data_akPu3_select.txt
-rw-r--r--  1 obaron obaron  94K Oct 12 10:08 jetRAA_PbPb_data_akPu2_select.txt
-rw-r--r--  1 obaron obaron  70K Oct 12 10:40 RAA_read_data_pbpb.C
-rw-r--r--  1 obaron obaron  11K Oct 12 10:40 RAA_read_data_pbpb_C.d
-rwxr-xr-x  1 obaron obaron 101K Oct 12 10:40 RAA_read_data_pbpb_C.so
-rw-rw-r--  1 obaron obaron  61K Oct 12 10:49 jetRAA_run_PbPb_Data.tar
-rwxr-xr-x  1 obaron obaron 1.2K Oct 12 10:49 condor_exec.exe
-rw-r--r--  1 condor condor 5.6K Oct 12 10:49 .machine.ad
-rw-r--r--  1 condor condor  20K Oct 12 10:49 .job.ad
drwxr-xr-x 35 condor root   4.0K Oct 12 10:49 ..
-rwx------  1 obaron obaron   49 Oct 12 10:49 .chirp.config
-rw-r--r--  1 obaron obaron    0 Oct 12 10:49 _condor_stderr
drwx------  2 obaron obaron 4.0K Oct 12 10:49 .
-rw-r--r--  1 obaron obaron 1.6K Oct 12 10:50 _condor_stdout
-rw-r--r--  1 obaron obaron 862K Oct 12 10:50 PbPb_Data_histograms_FromForest_pileupCutFIX_ZDCmCut_30GeVcut_akPu3_20_eta_20_150.root
Done!
Copied output files to hadoop rootfiles/JetRAA/June29
