000 (552973.000.000) 08/10 16:57:19 Job submitted from host: <18.12.1.74:48322>
...
001 (552973.000.000) 08/10 16:57:41 Job executing on host: <18.12.9.47:41168>
...
006 (552973.000.000) 08/10 16:57:49 Image size of job updated: 2
	3  -  MemoryUsage of job (MB)
	2340  -  ResidentSetSize of job (KB)
...
006 (552973.000.000) 08/10 16:59:37 Image size of job updated: 229116
	3  -  MemoryUsage of job (MB)
	2340  -  ResidentSetSize of job (KB)
...
005 (552973.000.000) 08/10 16:59:38 Job terminated.
	(1) Normal termination (return value 0)
		Usr 0 00:00:00, Sys 0 00:00:00  -  Run Remote Usage
		Usr 0 00:00:00, Sys 0 00:00:00  -  Run Local Usage
		Usr 0 00:00:00, Sys 0 00:00:00  -  Total Remote Usage
		Usr 0 00:00:00, Sys 0 00:00:00  -  Total Local Usage
	586045  -  Run Bytes Sent By Job
	62719  -  Run Bytes Received By Job
	586045  -  Total Bytes Sent By Job
	62719  -  Total Bytes Received By Job
	Partitionable Resources :    Usage  Request          
	   Cpus                 :                 1          
	   Disk (KB)            :      659      659          
	   Memory (MB)          :        3        3          
...
