000 (554201.000.000) 08/11 09:09:02 Job submitted from host: <18.12.1.74:48322>
...
001 (554201.000.000) 08/11 09:09:13 Job executing on host: <18.12.8.230:41387>
...
006 (554201.000.000) 08/11 09:09:21 Image size of job updated: 2
	3  -  MemoryUsage of job (MB)
	2348  -  ResidentSetSize of job (KB)
...
006 (554201.000.000) 08/11 09:10:53 Image size of job updated: 230100
	3  -  MemoryUsage of job (MB)
	2348  -  ResidentSetSize of job (KB)
...
005 (554201.000.000) 08/11 09:10:53 Job terminated.
	(1) Normal termination (return value 0)
		Usr 0 00:00:30, Sys 0 00:00:00  -  Run Remote Usage
		Usr 0 00:00:00, Sys 0 00:00:00  -  Run Local Usage
		Usr 0 00:00:30, Sys 0 00:00:00  -  Total Remote Usage
		Usr 0 00:00:00, Sys 0 00:00:00  -  Total Local Usage
	585856  -  Run Bytes Sent By Job
	62717  -  Run Bytes Received By Job
	585856  -  Total Bytes Sent By Job
	62717  -  Total Bytes Received By Job
	Partitionable Resources :    Usage  Request          
	   Cpus                 :                 1          
	   Disk (KB)            :      658      658          
	   Memory (MB)          :        3        3          
...
000 (557916.000.000) 08/13 13:34:14 Job submitted from host: <18.12.1.74:48322>
...
001 (557916.000.000) 08/13 13:43:56 Job executing on host: <18.12.9.39:46205>
...
006 (557916.000.000) 08/13 13:44:04 Image size of job updated: 2
	3  -  MemoryUsage of job (MB)
	2352  -  ResidentSetSize of job (KB)
...
006 (557916.000.000) 08/13 13:49:04 Image size of job updated: 230104
	94  -  MemoryUsage of job (MB)
	95668  -  ResidentSetSize of job (KB)
...
005 (557916.000.000) 08/13 13:51:49 Job terminated.
	(1) Normal termination (return value 0)
		Usr 0 00:00:49, Sys 0 00:00:02  -  Run Remote Usage
		Usr 0 00:00:00, Sys 0 00:00:00  -  Run Local Usage
		Usr 0 00:00:49, Sys 0 00:00:02  -  Total Remote Usage
		Usr 0 00:00:00, Sys 0 00:00:00  -  Total Local Usage
	586423  -  Run Bytes Sent By Job
	62720  -  Run Bytes Received By Job
	586423  -  Total Bytes Sent By Job
	62720  -  Total Bytes Received By Job
	Partitionable Resources :    Usage  Request          
	   Cpus                 :                 1          
	   Disk (KB)            :      659      659          
	   Memory (MB)          :       94       94          
...
000 (566207.000.000) 08/20 20:20:00 Job submitted from host: <18.12.1.74:48322>
...
001 (566207.000.000) 08/20 20:21:06 Job executing on host: <18.12.9.41:47519>
...
006 (566207.000.000) 08/20 20:21:14 Image size of job updated: 69048
	17  -  MemoryUsage of job (MB)
	17000  -  ResidentSetSize of job (KB)
...
006 (566207.000.000) 08/20 20:24:53 Image size of job updated: 230104
	17  -  MemoryUsage of job (MB)
	17000  -  ResidentSetSize of job (KB)
...
005 (566207.000.000) 08/20 20:31:46 Job terminated.
	(1) Normal termination (return value 0)
		Usr 0 00:00:49, Sys 0 00:00:01  -  Run Remote Usage
		Usr 0 00:00:00, Sys 0 00:00:00  -  Run Local Usage
		Usr 0 00:00:49, Sys 0 00:00:01  -  Total Remote Usage
		Usr 0 00:00:00, Sys 0 00:00:00  -  Total Local Usage
	586478  -  Run Bytes Sent By Job
	62732  -  Run Bytes Received By Job
	586478  -  Total Bytes Sent By Job
	62732  -  Total Bytes Received By Job
	Partitionable Resources :    Usage  Request          
	   Cpus                 :                 1          
	   Disk (KB)            :      659      659          
	   Memory (MB)          :       17       17          
...
