000 (556023.000.000) 08/12 11:33:36 Job submitted from host: <18.12.1.74:48322>
...
001 (556023.000.000) 08/12 11:43:20 Job executing on host: <18.12.6.36:48103>
...
006 (556023.000.000) 08/12 11:43:28 Image size of job updated: 230020
	95  -  MemoryUsage of job (MB)
	97064  -  ResidentSetSize of job (KB)
...
006 (556023.000.000) 08/12 11:44:33 Image size of job updated: 230152
	95  -  MemoryUsage of job (MB)
	97064  -  ResidentSetSize of job (KB)
...
005 (556023.000.000) 08/12 11:44:33 Job terminated.
	(1) Normal termination (return value 0)
		Usr 0 00:00:41, Sys 0 00:00:00  -  Run Remote Usage
		Usr 0 00:00:00, Sys 0 00:00:00  -  Run Local Usage
		Usr 0 00:00:41, Sys 0 00:00:00  -  Total Remote Usage
		Usr 0 00:00:00, Sys 0 00:00:00  -  Total Local Usage
	585873  -  Run Bytes Sent By Job
	62715  -  Run Bytes Received By Job
	585873  -  Total Bytes Sent By Job
	62715  -  Total Bytes Received By Job
	Partitionable Resources :    Usage  Request          
	   Cpus                 :                 1          
	   Disk (KB)            :      658      658          
	   Memory (MB)          :       95       95          
...
000 (566392.000.000) 08/20 21:00:57 Job submitted from host: <18.12.1.74:48322>
...
007 (566392.000.000) 08/20 21:01:12 Shadow exception!
	Error from slot10@t2bat0003.cmsaf.mit.edu: Failed to transfer files
	0  -  Run Bytes Sent By Job
	0  -  Run Bytes Received By Job
...
007 (566392.000.000) 08/20 21:01:59 Shadow exception!
	Error from slot25@t2bat0296.cmsaf.mit.edu: Failed to transfer files
	0  -  Run Bytes Sent By Job
	0  -  Run Bytes Received By Job
...
001 (566392.000.000) 08/20 21:02:04 Job executing on host: <18.12.9.40:47592>
...
006 (566392.000.000) 08/20 21:02:12 Image size of job updated: 230020
	93  -  MemoryUsage of job (MB)
	94512  -  ResidentSetSize of job (KB)
...
006 (566392.000.000) 08/20 21:04:57 Image size of job updated: 230152
	93  -  MemoryUsage of job (MB)
	94512  -  ResidentSetSize of job (KB)
...
005 (566392.000.000) 08/20 21:11:27 Job terminated.
	(1) Normal termination (return value 0)
		Usr 0 00:00:41, Sys 0 00:00:01  -  Run Remote Usage
		Usr 0 00:00:00, Sys 0 00:00:00  -  Run Local Usage
		Usr 0 00:00:41, Sys 0 00:00:01  -  Total Remote Usage
		Usr 0 00:00:00, Sys 0 00:00:00  -  Total Local Usage
	586334  -  Run Bytes Sent By Job
	62731  -  Run Bytes Received By Job
	586334  -  Total Bytes Sent By Job
	62731  -  Total Bytes Received By Job
	Partitionable Resources :    Usage  Request          
	   Cpus                 :                 1          
	   Disk (KB)            :      659      659          
	   Memory (MB)          :       93       93          
...
