000 (554332.000.000) 08/11 09:09:21 Job submitted from host: <18.12.1.74:48322>
...
001 (554332.000.000) 08/11 09:09:54 Job executing on host: <18.12.9.5:43869>
...
006 (554332.000.000) 08/11 09:10:03 Image size of job updated: 192508
	77  -  MemoryUsage of job (MB)
	78260  -  ResidentSetSize of job (KB)
...
006 (554332.000.000) 08/11 09:12:14 Image size of job updated: 230672
	77  -  MemoryUsage of job (MB)
	78260  -  ResidentSetSize of job (KB)
...
005 (554332.000.000) 08/11 09:12:14 Job terminated.
	(1) Normal termination (return value 0)
		Usr 0 00:01:20, Sys 0 00:00:01  -  Run Remote Usage
		Usr 0 00:00:00, Sys 0 00:00:00  -  Run Local Usage
		Usr 0 00:01:20, Sys 0 00:00:01  -  Total Remote Usage
		Usr 0 00:00:00, Sys 0 00:00:00  -  Total Local Usage
	586248  -  Run Bytes Sent By Job
	62717  -  Run Bytes Received By Job
	586248  -  Total Bytes Sent By Job
	62717  -  Total Bytes Received By Job
	Partitionable Resources :    Usage  Request          
	   Cpus                 :                 1          
	   Disk (KB)            :      659      659          
	   Memory (MB)          :       77       77          
...
000 (558047.000.000) 08/13 13:34:27 Job submitted from host: <18.12.1.74:48322>
...
001 (558047.000.000) 08/13 14:05:05 Job executing on host: <18.12.9.80:43650>
...
006 (558047.000.000) 08/13 14:05:13 Image size of job updated: 230540
	96  -  MemoryUsage of job (MB)
	98236  -  ResidentSetSize of job (KB)
...
006 (558047.000.000) 08/13 14:07:42 Image size of job updated: 230676
	96  -  MemoryUsage of job (MB)
	98236  -  ResidentSetSize of job (KB)
...
005 (558047.000.000) 08/13 14:07:42 Job terminated.
	(1) Normal termination (return value 0)
		Usr 0 00:01:38, Sys 0 00:00:02  -  Run Remote Usage
		Usr 0 00:00:00, Sys 0 00:00:00  -  Run Local Usage
		Usr 0 00:01:38, Sys 0 00:00:02  -  Total Remote Usage
		Usr 0 00:00:00, Sys 0 00:00:00  -  Total Local Usage
	586305  -  Run Bytes Sent By Job
	62720  -  Run Bytes Received By Job
	586305  -  Total Bytes Sent By Job
	62720  -  Total Bytes Received By Job
	Partitionable Resources :    Usage  Request          
	   Cpus                 :                 1          
	   Disk (KB)            :      659      659          
	   Memory (MB)          :       96       96          
...
000 (566338.000.000) 08/20 20:28:58 Job submitted from host: <18.12.1.74:48322>
...
001 (566338.000.000) 08/20 20:29:16 Job executing on host: <18.12.8.198:48395>
...
006 (566338.000.000) 08/20 20:29:24 Image size of job updated: 2
	3  -  MemoryUsage of job (MB)
	2340  -  ResidentSetSize of job (KB)
...
006 (566338.000.000) 08/20 20:31:54 Image size of job updated: 230676
	3  -  MemoryUsage of job (MB)
	2340  -  ResidentSetSize of job (KB)
...
005 (566338.000.000) 08/20 20:38:28 Job terminated.
	(1) Normal termination (return value 0)
		Usr 0 00:01:44, Sys 0 00:00:01  -  Run Remote Usage
		Usr 0 00:00:00, Sys 0 00:00:00  -  Run Local Usage
		Usr 0 00:01:44, Sys 0 00:00:01  -  Total Remote Usage
		Usr 0 00:00:00, Sys 0 00:00:00  -  Total Local Usage
	586304  -  Run Bytes Sent By Job
	62732  -  Run Bytes Received By Job
	586304  -  Total Bytes Sent By Job
	62732  -  Total Bytes Received By Job
	Partitionable Resources :    Usage  Request          
	   Cpus                 :                 1          
	   Disk (KB)            :      659      659          
	   Memory (MB)          :        3        3          
...
000 (782886.000.000) 10/01 15:59:51 Job submitted from host: <18.12.1.74:47665>
...
001 (782886.000.000) 10/01 16:00:51 Job executing on host: <18.12.8.53:49125>
...
006 (782886.000.000) 10/01 16:01:01 Image size of job updated: 2
	3  -  MemoryUsage of job (MB)
	2348  -  ResidentSetSize of job (KB)
...
006 (782886.000.000) 10/01 16:06:01 Image size of job updated: 230540
	92  -  MemoryUsage of job (MB)
	93540  -  ResidentSetSize of job (KB)
...
006 (782886.000.000) 10/01 16:08:46 Image size of job updated: 230672
	92  -  MemoryUsage of job (MB)
	93540  -  ResidentSetSize of job (KB)
...
001 (782886.000.000) 10/01 16:34:07 Job executing on host: <18.12.9.77:44015>
...
006 (782886.000.000) 10/01 16:34:16 Image size of job updated: 2
	3  -  MemoryUsage of job (MB)
	2364  -  ResidentSetSize of job (KB)
...
006 (782886.000.000) 10/01 16:39:16 Image size of job updated: 230544
	92  -  MemoryUsage of job (MB)
	93984  -  ResidentSetSize of job (KB)
...
006 (782886.000.000) 10/01 16:44:17 Image size of job updated: 230676
	103  -  MemoryUsage of job (MB)
	104836  -  ResidentSetSize of job (KB)
...
005 (782886.000.000) 10/01 16:47:42 Job terminated.
	(1) Normal termination (return value 0)
		Usr 0 00:01:29, Sys 0 00:00:01  -  Run Remote Usage
		Usr 0 00:00:00, Sys 0 00:00:00  -  Run Local Usage
		Usr 0 00:01:29, Sys 0 00:00:01  -  Total Remote Usage
		Usr 0 00:00:00, Sys 0 00:00:00  -  Total Local Usage
	586359  -  Run Bytes Sent By Job
	62734  -  Run Bytes Received By Job
	586359  -  Total Bytes Sent By Job
	62734  -  Total Bytes Received By Job
	Partitionable Resources :    Usage  Request          
	   Cpus                 :                 1          
	   Disk (KB)            :      659      659          
	   Memory (MB)          :      103      103          
...
000 (786044.000.000) 10/05 14:19:15 Job submitted from host: <18.12.1.74:45913>
...
001 (786044.000.000) 10/05 14:20:15 Job executing on host: <18.12.9.11:40949>
...
006 (786044.000.000) 10/05 14:20:23 Image size of job updated: 2
	3  -  MemoryUsage of job (MB)
	2356  -  ResidentSetSize of job (KB)
...
006 (786044.000.000) 10/05 14:22:32 Image size of job updated: 230672
	3  -  MemoryUsage of job (MB)
	2356  -  ResidentSetSize of job (KB)
...
005 (786044.000.000) 10/05 14:22:32 Job terminated.
	(1) Normal termination (return value 0)
		Usr 0 00:01:38, Sys 0 00:00:01  -  Run Remote Usage
		Usr 0 00:00:00, Sys 0 00:00:00  -  Run Local Usage
		Usr 0 00:01:38, Sys 0 00:00:01  -  Total Remote Usage
		Usr 0 00:00:00, Sys 0 00:00:00  -  Total Local Usage
	586524  -  Run Bytes Sent By Job
	62732  -  Run Bytes Received By Job
	586524  -  Total Bytes Sent By Job
	62732  -  Total Bytes Received By Job
	Partitionable Resources :    Usage  Request          
	   Cpus                 :                 1          
	   Disk (KB)            :      659      659          
	   Memory (MB)          :        3        3          
...
000 (786410.000.000) 10/07 09:51:29 Job submitted from host: <18.12.1.74:45913>
...
001 (786410.000.000) 10/07 09:53:36 Job executing on host: <18.12.12.17:49928>
...
006 (786410.000.000) 10/07 09:53:45 Image size of job updated: 192508
	78  -  MemoryUsage of job (MB)
	79396  -  ResidentSetSize of job (KB)
...
006 (786410.000.000) 10/07 09:56:31 Image size of job updated: 230672
	78  -  MemoryUsage of job (MB)
	79396  -  ResidentSetSize of job (KB)
...
005 (786410.000.000) 10/07 09:56:31 Job terminated.
	(1) Normal termination (return value 0)
		Usr 0 00:01:57, Sys 0 00:00:03  -  Run Remote Usage
		Usr 0 00:00:00, Sys 0 00:00:00  -  Run Local Usage
		Usr 0 00:01:57, Sys 0 00:00:03  -  Total Remote Usage
		Usr 0 00:00:00, Sys 0 00:00:00  -  Total Local Usage
	586459  -  Run Bytes Sent By Job
	62734  -  Run Bytes Received By Job
	586459  -  Total Bytes Sent By Job
	62734  -  Total Bytes Received By Job
	Partitionable Resources :    Usage  Request          
	   Cpus                 :                 1          
	   Disk (KB)            :      659      659          
	   Memory (MB)          :       78       78          
...
000 (786591.000.000) 10/07 11:13:00 Job submitted from host: <18.12.1.74:45913>
...
001 (786591.000.000) 10/07 11:25:31 Job executing on host: <18.12.9.23:44307>
...
006 (786591.000.000) 10/07 11:25:40 Image size of job updated: 2
	2  -  MemoryUsage of job (MB)
	1748  -  ResidentSetSize of job (KB)
...
006 (786591.000.000) 10/07 11:27:55 Image size of job updated: 230656
	2  -  MemoryUsage of job (MB)
	1748  -  ResidentSetSize of job (KB)
...
005 (786591.000.000) 10/07 11:27:55 Job terminated.
	(1) Normal termination (return value 0)
		Usr 0 00:01:44, Sys 0 00:00:01  -  Run Remote Usage
		Usr 0 00:00:00, Sys 0 00:00:00  -  Run Local Usage
		Usr 0 00:01:44, Sys 0 00:00:01  -  Total Remote Usage
		Usr 0 00:00:00, Sys 0 00:00:00  -  Total Local Usage
	585208  -  Run Bytes Sent By Job
	62746  -  Run Bytes Received By Job
	585208  -  Total Bytes Sent By Job
	62746  -  Total Bytes Received By Job
	Partitionable Resources :    Usage  Request          
	   Cpus                 :                 1          
	   Disk (KB)            :      658      658          
	   Memory (MB)          :        2        2          
...
000 (787518.000.000) 10/08 12:42:46 Job submitted from host: <18.12.1.74:45913>
...
001 (787518.000.000) 10/08 12:48:06 Job executing on host: <18.12.8.66:49052>
...
006 (787518.000.000) 10/08 12:48:14 Image size of job updated: 225500
	92  -  MemoryUsage of job (MB)
	93528  -  ResidentSetSize of job (KB)
...
006 (787518.000.000) 10/08 12:50:34 Image size of job updated: 230660
	92  -  MemoryUsage of job (MB)
	93528  -  ResidentSetSize of job (KB)
...
005 (787518.000.000) 10/08 12:50:34 Job terminated.
	(1) Normal termination (return value 0)
		Usr 0 00:01:44, Sys 0 00:00:03  -  Run Remote Usage
		Usr 0 00:00:00, Sys 0 00:00:00  -  Run Local Usage
		Usr 0 00:01:44, Sys 0 00:00:03  -  Total Remote Usage
		Usr 0 00:00:00, Sys 0 00:00:00  -  Total Local Usage
	585184  -  Run Bytes Sent By Job
	62749  -  Run Bytes Received By Job
	585184  -  Total Bytes Sent By Job
	62749  -  Total Bytes Received By Job
	Partitionable Resources :    Usage  Request          
	   Cpus                 :                 1          
	   Disk (KB)            :      658      658          
	   Memory (MB)          :       92       92          
...
000 (787700.000.000) 10/08 14:27:17 Job submitted from host: <18.12.1.74:45913>
...
001 (787700.000.000) 10/08 14:42:46 Job executing on host: <18.12.9.55:45694>
...
006 (787700.000.000) 10/08 14:42:55 Image size of job updated: 187740
	71  -  MemoryUsage of job (MB)
	72584  -  ResidentSetSize of job (KB)
...
006 (787700.000.000) 10/08 14:45:09 Image size of job updated: 230704
	71  -  MemoryUsage of job (MB)
	72584  -  ResidentSetSize of job (KB)
...
005 (787700.000.000) 10/08 14:45:09 Job terminated.
	(1) Normal termination (return value 0)
		Usr 0 00:01:33, Sys 0 00:00:01  -  Run Remote Usage
		Usr 0 00:00:00, Sys 0 00:00:00  -  Run Local Usage
		Usr 0 00:01:33, Sys 0 00:00:01  -  Total Remote Usage
		Usr 0 00:00:00, Sys 0 00:00:00  -  Total Local Usage
	585460  -  Run Bytes Sent By Job
	62691  -  Run Bytes Received By Job
	585460  -  Total Bytes Sent By Job
	62691  -  Total Bytes Received By Job
	Partitionable Resources :    Usage  Request          
	   Cpus                 :                 1          
	   Disk (KB)            :      658      658          
	   Memory (MB)          :       71       71          
...
000 (787883.000.000) 10/08 15:16:38 Job submitted from host: <18.12.1.74:45913>
...
001 (787883.000.000) 10/08 15:25:09 Job executing on host: <18.12.8.236:48030>
...
006 (787883.000.000) 10/08 15:25:17 Image size of job updated: 225500
	92  -  MemoryUsage of job (MB)
	93568  -  ResidentSetSize of job (KB)
...
006 (787883.000.000) 10/08 15:27:44 Image size of job updated: 230660
	92  -  MemoryUsage of job (MB)
	93568  -  ResidentSetSize of job (KB)
...
005 (787883.000.000) 10/08 15:27:44 Job terminated.
	(1) Normal termination (return value 0)
		Usr 0 00:01:49, Sys 0 00:00:01  -  Run Remote Usage
		Usr 0 00:00:00, Sys 0 00:00:00  -  Run Local Usage
		Usr 0 00:01:49, Sys 0 00:00:01  -  Total Remote Usage
		Usr 0 00:00:00, Sys 0 00:00:00  -  Total Local Usage
	585403  -  Run Bytes Sent By Job
	62696  -  Run Bytes Received By Job
	585403  -  Total Bytes Sent By Job
	62696  -  Total Bytes Received By Job
	Partitionable Resources :    Usage  Request          
	   Cpus                 :                 1          
	   Disk (KB)            :      658      658          
	   Memory (MB)          :       92       92          
...
000 (788793.000.000) 10/12 10:42:43 Job submitted from host: <18.12.1.74:45913>
...
001 (788793.000.000) 10/12 10:55:05 Job executing on host: <18.12.8.212:44234>
...
006 (788793.000.000) 10/12 10:55:13 Image size of job updated: 230524
	96  -  MemoryUsage of job (MB)
	98264  -  ResidentSetSize of job (KB)
...
006 (788793.000.000) 10/12 10:57:34 Image size of job updated: 230656
	96  -  MemoryUsage of job (MB)
	98264  -  ResidentSetSize of job (KB)
...
005 (788793.000.000) 10/12 10:57:35 Job terminated.
	(1) Normal termination (return value 0)
		Usr 0 00:01:49, Sys 0 00:00:01  -  Run Remote Usage
		Usr 0 00:00:00, Sys 0 00:00:00  -  Run Local Usage
		Usr 0 00:01:49, Sys 0 00:00:01  -  Total Remote Usage
		Usr 0 00:00:00, Sys 0 00:00:00  -  Total Local Usage
	585215  -  Run Bytes Sent By Job
	62704  -  Run Bytes Received By Job
	585215  -  Total Bytes Sent By Job
	62704  -  Total Bytes Received By Job
	Partitionable Resources :    Usage  Request          
	   Cpus                 :                 1          
	   Disk (KB)            :      658      658          
	   Memory (MB)          :       96       96          
...
