
----------------------------------------------------
Job started on Thu Aug 20 12:53:52 EDT 2015 at WN: t2bat0179.cmsaf.mit.edu 
Job is running on Linux t2bat0179.cmsaf.mit.edu 2.6.32-358.el6.x86_64 #1 SMP Fri Feb 22 20:37:17 CST 2013 x86_64 x86_64 x86_64 GNU/Linux
Filesystem            Size  Used Avail Use% Mounted on
/dev/sda3              20G  3.6G   16G  19% /
tmpfs                  12G     0   12G   0% /dev/shm
/dev/sda1              97M   32M   61M  35% /boot
/dev/sda4             874G   28G  847G   4% /export/data1
/dev/sdb1             1.8T  1.7T  150G  92% /export/00b
/dev/sdc1             1.8T  1.7T  120G  94% /export/00c
/dev/sdd1             1.8T  1.7T  138G  93% /export/00d
/dev/sde1             1.8T  1.7T  133G  93% /export/00e
/dev/sdf1             1.8T  1.7T  143G  93% /export/00f
fuse_dfs              4.9P  4.6P  328T  94% /mnt/hadoop
cvmfs2                 98G   21G   78G  21% /cvmfs/cms.cern.ch
t2srv0004:/export/db  135G  187M  135G   1% /net/t2srv0004/db
cvmfs2                 98G   21G   78G  21% /cvmfs/cvmfs.cmsaf.mit.edu
cvmfs2                 98G   21G   78G  21% /cvmfs/oasis.opensciencegrid.org
cvmfs2                 98G   21G   78G  21% /cvmfs/cdfcfs.fnal.gov
gcc (GCC) 4.4.7 20120313 (Red Hat 4.4.7-3)
Copyright (C) 2010 Free Software Foundation, Inc.
This is free software; see the source for copying conditions.  There is NO
warranty; not even for MERCHANTABILITY or FITNESS FOR A PARTICULAR PURPOSE.

Processing...
0/128477
10000/128477
20000/128477
30000/128477
40000/128477
50000/128477
60000/128477
70000/128477
80000/128477
90000/128477
100000/128477
110000/128477
120000/128477
Macro finished: 
CPU time (min)  = 1.06017
Real time (min) = 2.55762
total 1.8M
-rw-r--r--  1 obaron obaron 108K Aug 13 15:28 jetRAA_PbPb_data_forest.txt
-rw-r--r--  1 obaron obaron  94K Aug 13 15:28 jetRAA_PbPb_data_akPu4_select.txt
-rw-r--r--  1 obaron obaron  94K Aug 13 15:28 jetRAA_PbPb_data_akPu3_select.txt
-rw-r--r--  1 obaron obaron  94K Aug 13 15:28 jetRAA_PbPb_data_akPu2_select.txt
-rw-r--r--  1 obaron obaron  70K Aug 20 12:29 RAA_read_data_pbpb.C
-rw-r--r--  1 obaron obaron  11K Aug 20 12:30 RAA_read_data_pbpb_C.d
-rwxr-xr-x  1 obaron obaron 101K Aug 20 12:30 RAA_read_data_pbpb_C.so
-rw-rw-r--  1 obaron obaron  61K Aug 20 12:53 jetRAA_run_PbPb_Data.tar
-rwxr-xr-x  1 obaron obaron 1.2K Aug 20 12:53 condor_exec.exe
drwxr-xr-x 14 condor root   4.0K Aug 20 12:53 ..
-rw-r--r--  1 condor condor 5.6K Aug 20 12:53 .machine.ad
-rw-r--r--  1 condor condor  20K Aug 20 12:53 .job.ad
-rwx------  1 obaron obaron   50 Aug 20 12:53 .chirp.config
drwx------  2 obaron obaron 4.0K Aug 20 12:53 .
-rw-r--r--  1 obaron obaron  678 Aug 20 12:53 _condor_stderr
-rw-r--r--  1 obaron obaron 1.7K Aug 20 12:56 _condor_stdout
-rw-r--r--  1 obaron obaron 1.1M Aug 20 12:56 PbPb_Data_histograms_FromForest_pileupCutFIX_ZDCmCut_akPu4_20_eta_20_510.root
Done!
Copied output files to hadoop rootfiles/JetRAA/June29
