000 (554195.000.000) 08/11 09:09:01 Job submitted from host: <18.12.1.74:48322>
...
001 (554195.000.000) 08/11 09:09:12 Job executing on host: <18.12.6.35:44453>
...
006 (554195.000.000) 08/11 09:09:21 Image size of job updated: 2
	3  -  MemoryUsage of job (MB)
	2340  -  ResidentSetSize of job (KB)
...
006 (554195.000.000) 08/11 09:10:44 Image size of job updated: 230224
	3  -  MemoryUsage of job (MB)
	2340  -  ResidentSetSize of job (KB)
...
005 (554195.000.000) 08/11 09:10:44 Job terminated.
	(1) Normal termination (return value 0)
		Usr 0 00:00:47, Sys 0 00:00:00  -  Run Remote Usage
		Usr 0 00:00:00, Sys 0 00:00:00  -  Run Local Usage
		Usr 0 00:00:47, Sys 0 00:00:00  -  Total Remote Usage
		Usr 0 00:00:00, Sys 0 00:00:00  -  Total Local Usage
	585890  -  Run Bytes Sent By Job
	62717  -  Run Bytes Received By Job
	585890  -  Total Bytes Sent By Job
	62717  -  Total Bytes Received By Job
	Partitionable Resources :    Usage  Request          
	   Cpus                 :                 1          
	   Disk (KB)            :      658      658          
	   Memory (MB)          :        3        3          
...
000 (557910.000.000) 08/13 13:34:14 Job submitted from host: <18.12.1.74:48322>
...
001 (557910.000.000) 08/13 13:42:05 Job executing on host: <18.12.6.31:42701>
...
006 (557910.000.000) 08/13 13:42:14 Image size of job updated: 193760
	80  -  MemoryUsage of job (MB)
	81220  -  ResidentSetSize of job (KB)
...
006 (557910.000.000) 08/13 13:44:38 Image size of job updated: 238068
	80  -  MemoryUsage of job (MB)
	81220  -  ResidentSetSize of job (KB)
...
005 (557910.000.000) 08/13 13:44:38 Job terminated.
	(1) Normal termination (return value 0)
		Usr 0 00:01:01, Sys 0 00:00:01  -  Run Remote Usage
		Usr 0 00:00:00, Sys 0 00:00:00  -  Run Local Usage
		Usr 0 00:01:01, Sys 0 00:00:01  -  Total Remote Usage
		Usr 0 00:00:00, Sys 0 00:00:00  -  Total Local Usage
	586120  -  Run Bytes Sent By Job
	62720  -  Run Bytes Received By Job
	586120  -  Total Bytes Sent By Job
	62720  -  Total Bytes Received By Job
	Partitionable Resources :    Usage  Request          
	   Cpus                 :                 1          
	   Disk (KB)            :      659      659          
	   Memory (MB)          :       80       80          
...
000 (566201.000.000) 08/20 20:19:41 Job submitted from host: <18.12.1.74:48322>
...
001 (566201.000.000) 08/20 20:20:07 Job executing on host: <18.12.6.42:45840>
...
006 (566201.000.000) 08/20 20:20:16 Image size of job updated: 102732
	19  -  MemoryUsage of job (MB)
	19128  -  ResidentSetSize of job (KB)
...
006 (566201.000.000) 08/20 20:21:48 Image size of job updated: 230228
	19  -  MemoryUsage of job (MB)
	19128  -  ResidentSetSize of job (KB)
...
005 (566201.000.000) 08/20 20:28:17 Job terminated.
	(1) Normal termination (return value 0)
		Usr 0 00:01:01, Sys 0 00:00:01  -  Run Remote Usage
		Usr 0 00:00:00, Sys 0 00:00:00  -  Run Local Usage
		Usr 0 00:01:01, Sys 0 00:00:01  -  Total Remote Usage
		Usr 0 00:00:00, Sys 0 00:00:00  -  Total Local Usage
	586178  -  Run Bytes Sent By Job
	62732  -  Run Bytes Received By Job
	586178  -  Total Bytes Sent By Job
	62732  -  Total Bytes Received By Job
	Partitionable Resources :    Usage  Request          
	   Cpus                 :                 1          
	   Disk (KB)            :      659      659          
	   Memory (MB)          :       19       19          
...
000 (782749.000.000) 10/01 15:55:32 Job submitted from host: <18.12.1.74:47665>
...
007 (782749.000.000) 10/01 15:55:45 Shadow exception!
	Error from slot13@t2bat0203.cmsaf.mit.edu: Failed to transfer files
	0  -  Run Bytes Sent By Job
	0  -  Run Bytes Received By Job
...
007 (782749.000.000) 10/01 15:55:48 Shadow exception!
	Error from slot14@t2bat0233.cmsaf.mit.edu: Failed to transfer files
	0  -  Run Bytes Sent By Job
	0  -  Run Bytes Received By Job
...
001 (782749.000.000) 10/01 15:55:58 Job executing on host: <18.12.8.122:42482>
...
006 (782749.000.000) 10/01 15:56:06 Image size of job updated: 90696
	17  -  MemoryUsage of job (MB)
	17308  -  ResidentSetSize of job (KB)
...
006 (782749.000.000) 10/01 16:01:12 Image size of job updated: 230224
	86  -  MemoryUsage of job (MB)
	87424  -  ResidentSetSize of job (KB)
...
006 (782749.000.000) 10/01 16:06:07 Image size of job updated: 230224
	97  -  MemoryUsage of job (MB)
	98680  -  ResidentSetSize of job (KB)
...
022 (782749.000.000) 10/01 16:11:24 Job disconnected, attempting to reconnect
    Socket between submit and execute hosts closed unexpectedly
    Trying to reconnect to slot13@t2bat0122.cmsaf.mit.edu <18.12.8.122:42482>
...
023 (782749.000.000) 10/01 16:11:24 Job reconnected to slot13@t2bat0122.cmsaf.mit.edu
    startd address: <18.12.8.122:42482>
    starter address: <18.12.8.122:45767>
...
001 (782749.000.000) 10/01 16:34:10 Job executing on host: <18.12.9.44:46716>
...
005 (782749.000.000) 10/01 16:47:07 Job terminated.
	(1) Normal termination (return value 0)
		Usr 0 00:00:59, Sys 0 00:00:02  -  Run Remote Usage
		Usr 0 00:00:00, Sys 0 00:00:00  -  Run Local Usage
		Usr 0 00:00:59, Sys 0 00:00:02  -  Total Remote Usage
		Usr 0 00:00:00, Sys 0 00:00:00  -  Total Local Usage
	586513  -  Run Bytes Sent By Job
	62734  -  Run Bytes Received By Job
	586513  -  Total Bytes Sent By Job
	62734  -  Total Bytes Received By Job
	Partitionable Resources :    Usage  Request          
	   Cpus                 :                 1          
	   Disk (KB)            :     1562     1562          
	   Memory (MB)          :       98       98          
...
000 (785907.000.000) 10/05 14:18:59 Job submitted from host: <18.12.1.74:45913>
...
001 (785907.000.000) 10/05 14:19:51 Job executing on host: <18.12.8.154:45110>
...
006 (785907.000.000) 10/05 14:20:00 Image size of job updated: 230092
	95  -  MemoryUsage of job (MB)
	96904  -  ResidentSetSize of job (KB)
...
006 (785907.000.000) 10/05 14:21:09 Image size of job updated: 230224
	95  -  MemoryUsage of job (MB)
	96904  -  ResidentSetSize of job (KB)
...
005 (785907.000.000) 10/05 14:21:09 Job terminated.
	(1) Normal termination (return value 0)
		Usr 0 00:00:41, Sys 0 00:00:00  -  Run Remote Usage
		Usr 0 00:00:00, Sys 0 00:00:00  -  Run Local Usage
		Usr 0 00:00:41, Sys 0 00:00:00  -  Total Remote Usage
		Usr 0 00:00:00, Sys 0 00:00:00  -  Total Local Usage
	586238  -  Run Bytes Sent By Job
	62732  -  Run Bytes Received By Job
	586238  -  Total Bytes Sent By Job
	62732  -  Total Bytes Received By Job
	Partitionable Resources :    Usage  Request          
	   Cpus                 :                 1          
	   Disk (KB)            :      659      659          
	   Memory (MB)          :       95       95          
...
000 (786273.000.000) 10/07 09:51:14 Job submitted from host: <18.12.1.74:45913>
...
001 (786273.000.000) 10/07 09:55:03 Job executing on host: <18.12.9.57:41971>
...
006 (786273.000.000) 10/07 09:55:12 Image size of job updated: 186648
	72  -  MemoryUsage of job (MB)
	72992  -  ResidentSetSize of job (KB)
...
006 (786273.000.000) 10/07 09:56:40 Image size of job updated: 230224
	72  -  MemoryUsage of job (MB)
	72992  -  ResidentSetSize of job (KB)
...
005 (786273.000.000) 10/07 09:56:41 Job terminated.
	(1) Normal termination (return value 0)
		Usr 0 00:00:46, Sys 0 00:00:01  -  Run Remote Usage
		Usr 0 00:00:00, Sys 0 00:00:00  -  Run Local Usage
		Usr 0 00:00:46, Sys 0 00:00:01  -  Total Remote Usage
		Usr 0 00:00:00, Sys 0 00:00:00  -  Total Local Usage
	586237  -  Run Bytes Sent By Job
	62734  -  Run Bytes Received By Job
	586237  -  Total Bytes Sent By Job
	62734  -  Total Bytes Received By Job
	Partitionable Resources :    Usage  Request          
	   Cpus                 :                 1          
	   Disk (KB)            :      659      659          
	   Memory (MB)          :       72       72          
...
000 (786454.000.000) 10/07 11:12:46 Job submitted from host: <18.12.1.74:45913>
...
001 (786454.000.000) 10/07 11:16:35 Job executing on host: <18.12.8.188:41533>
...
006 (786454.000.000) 10/07 11:16:44 Image size of job updated: 2
	3  -  MemoryUsage of job (MB)
	2340  -  ResidentSetSize of job (KB)
...
006 (786454.000.000) 10/07 11:18:16 Image size of job updated: 230204
	3  -  MemoryUsage of job (MB)
	2340  -  ResidentSetSize of job (KB)
...
005 (786454.000.000) 10/07 11:18:16 Job terminated.
	(1) Normal termination (return value 0)
		Usr 0 00:01:04, Sys 0 00:00:00  -  Run Remote Usage
		Usr 0 00:00:00, Sys 0 00:00:00  -  Run Local Usage
		Usr 0 00:01:04, Sys 0 00:00:00  -  Total Remote Usage
		Usr 0 00:00:00, Sys 0 00:00:00  -  Total Local Usage
	585272  -  Run Bytes Sent By Job
	62746  -  Run Bytes Received By Job
	585272  -  Total Bytes Sent By Job
	62746  -  Total Bytes Received By Job
	Partitionable Resources :    Usage  Request          
	   Cpus                 :                 1          
	   Disk (KB)            :      658      658          
	   Memory (MB)          :        3        3          
...
000 (787381.000.000) 10/08 12:42:33 Job submitted from host: <18.12.1.74:45913>
...
001 (787381.000.000) 10/08 12:45:51 Job executing on host: <18.12.9.65:49271>
...
006 (787381.000.000) 10/08 12:46:00 Image size of job updated: 230208
	95  -  MemoryUsage of job (MB)
	96344  -  ResidentSetSize of job (KB)
...
005 (787381.000.000) 10/08 12:46:59 Job terminated.
	(1) Normal termination (return value 0)
		Usr 0 00:00:37, Sys 0 00:00:01  -  Run Remote Usage
		Usr 0 00:00:00, Sys 0 00:00:00  -  Run Local Usage
		Usr 0 00:00:37, Sys 0 00:00:01  -  Total Remote Usage
		Usr 0 00:00:00, Sys 0 00:00:00  -  Total Local Usage
	585114  -  Run Bytes Sent By Job
	62749  -  Run Bytes Received By Job
	585114  -  Total Bytes Sent By Job
	62749  -  Total Bytes Received By Job
	Partitionable Resources :    Usage  Request          
	   Cpus                 :                 1          
	   Disk (KB)            :      658      658          
	   Memory (MB)          :       95       95          
...
000 (787563.000.000) 10/08 14:27:04 Job submitted from host: <18.12.1.74:45913>
...
001 (787563.000.000) 10/08 14:27:15 Job executing on host: <18.12.8.227:43066>
...
006 (787563.000.000) 10/08 14:27:24 Image size of job updated: 230204
	94  -  MemoryUsage of job (MB)
	96104  -  ResidentSetSize of job (KB)
...
005 (787563.000.000) 10/08 14:28:59 Job terminated.
	(1) Normal termination (return value 0)
		Usr 0 00:00:59, Sys 0 00:00:01  -  Run Remote Usage
		Usr 0 00:00:00, Sys 0 00:00:00  -  Run Local Usage
		Usr 0 00:00:59, Sys 0 00:00:01  -  Total Remote Usage
		Usr 0 00:00:00, Sys 0 00:00:00  -  Total Local Usage
	585279  -  Run Bytes Sent By Job
	62691  -  Run Bytes Received By Job
	585279  -  Total Bytes Sent By Job
	62691  -  Total Bytes Received By Job
	Partitionable Resources :    Usage  Request          
	   Cpus                 :                 1          
	   Disk (KB)            :      658      658          
	   Memory (MB)          :       94       94          
...
000 (787746.000.000) 10/08 15:16:25 Job submitted from host: <18.12.1.74:45913>
...
001 (787746.000.000) 10/08 15:16:35 Job executing on host: <18.12.8.25:40949>
...
006 (787746.000.000) 10/08 15:16:44 Image size of job updated: 2
	3  -  MemoryUsage of job (MB)
	2336  -  ResidentSetSize of job (KB)
...
006 (787746.000.000) 10/08 15:18:25 Image size of job updated: 230208
	3  -  MemoryUsage of job (MB)
	2336  -  ResidentSetSize of job (KB)
...
005 (787746.000.000) 10/08 15:18:25 Job terminated.
	(1) Normal termination (return value 0)
		Usr 0 00:01:18, Sys 0 00:00:02  -  Run Remote Usage
		Usr 0 00:00:00, Sys 0 00:00:00  -  Run Local Usage
		Usr 0 00:01:18, Sys 0 00:00:02  -  Total Remote Usage
		Usr 0 00:00:00, Sys 0 00:00:00  -  Total Local Usage
	585063  -  Run Bytes Sent By Job
	62696  -  Run Bytes Received By Job
	585063  -  Total Bytes Sent By Job
	62696  -  Total Bytes Received By Job
	Partitionable Resources :    Usage  Request          
	   Cpus                 :                 1          
	   Disk (KB)            :      658      658          
	   Memory (MB)          :        3        3          
...
000 (788656.000.000) 10/12 10:42:25 Job submitted from host: <18.12.1.74:45913>
...
001 (788656.000.000) 10/12 10:44:14 Job executing on host: <18.12.12.14:46132>
...
006 (788656.000.000) 10/12 10:44:22 Image size of job updated: 2
	3  -  MemoryUsage of job (MB)
	2340  -  ResidentSetSize of job (KB)
...
006 (788656.000.000) 10/12 10:46:53 Image size of job updated: 230212
	3  -  MemoryUsage of job (MB)
	2340  -  ResidentSetSize of job (KB)
...
005 (788656.000.000) 10/12 10:46:53 Job terminated.
	(1) Normal termination (return value 0)
		Usr 0 00:01:05, Sys 0 00:00:03  -  Run Remote Usage
		Usr 0 00:00:00, Sys 0 00:00:00  -  Run Local Usage
		Usr 0 00:01:05, Sys 0 00:00:03  -  Total Remote Usage
		Usr 0 00:00:00, Sys 0 00:00:00  -  Total Local Usage
	585142  -  Run Bytes Sent By Job
	62704  -  Run Bytes Received By Job
	585142  -  Total Bytes Sent By Job
	62704  -  Total Bytes Received By Job
	Partitionable Resources :    Usage  Request          
	   Cpus                 :                 1          
	   Disk (KB)            :      658      658          
	   Memory (MB)          :        3        3          
...
