000 (554227.000.000) 08/11 09:09:04 Job submitted from host: <18.12.1.74:48322>
...
001 (554227.000.000) 08/11 09:09:18 Job executing on host: <18.12.8.232:41095>
...
006 (554227.000.000) 08/11 09:09:27 Image size of job updated: 2
	3  -  MemoryUsage of job (MB)
	2344  -  ResidentSetSize of job (KB)
...
006 (554227.000.000) 08/11 09:10:35 Image size of job updated: 230148
	3  -  MemoryUsage of job (MB)
	2344  -  ResidentSetSize of job (KB)
...
005 (554227.000.000) 08/11 09:10:35 Job terminated.
	(1) Normal termination (return value 0)
		Usr 0 00:00:35, Sys 0 00:00:00  -  Run Remote Usage
		Usr 0 00:00:00, Sys 0 00:00:00  -  Run Local Usage
		Usr 0 00:00:35, Sys 0 00:00:00  -  Total Remote Usage
		Usr 0 00:00:00, Sys 0 00:00:00  -  Total Local Usage
	586074  -  Run Bytes Sent By Job
	62717  -  Run Bytes Received By Job
	586074  -  Total Bytes Sent By Job
	62717  -  Total Bytes Received By Job
	Partitionable Resources :    Usage  Request          
	   Cpus                 :                 1          
	   Disk (KB)            :      659      659          
	   Memory (MB)          :        3        3          
...
000 (557942.000.000) 08/13 13:34:17 Job submitted from host: <18.12.1.74:48322>
...
001 (557942.000.000) 08/13 13:47:56 Job executing on host: <18.12.9.39:46205>
...
006 (557942.000.000) 08/13 13:48:05 Image size of job updated: 2
	3  -  MemoryUsage of job (MB)
	2352  -  ResidentSetSize of job (KB)
...
006 (557942.000.000) 08/13 13:51:45 Image size of job updated: 230152
	3  -  MemoryUsage of job (MB)
	2352  -  ResidentSetSize of job (KB)
...
005 (557942.000.000) 08/13 13:51:45 Job terminated.
	(1) Normal termination (return value 0)
		Usr 0 00:00:42, Sys 0 00:00:02  -  Run Remote Usage
		Usr 0 00:00:00, Sys 0 00:00:00  -  Run Local Usage
		Usr 0 00:00:42, Sys 0 00:00:02  -  Total Remote Usage
		Usr 0 00:00:00, Sys 0 00:00:00  -  Total Local Usage
	586409  -  Run Bytes Sent By Job
	62720  -  Run Bytes Received By Job
	586409  -  Total Bytes Sent By Job
	62720  -  Total Bytes Received By Job
	Partitionable Resources :    Usage  Request          
	   Cpus                 :                 1          
	   Disk (KB)            :      659      659          
	   Memory (MB)          :        3        3          
...
000 (566233.000.000) 08/20 20:21:52 Job submitted from host: <18.12.1.74:48322>
...
001 (566233.000.000) 08/20 20:22:20 Job executing on host: <18.12.8.239:42847>
...
006 (566233.000.000) 08/20 20:22:28 Image size of job updated: 230020
	96  -  MemoryUsage of job (MB)
	98180  -  ResidentSetSize of job (KB)
...
006 (566233.000.000) 08/20 20:23:33 Image size of job updated: 230152
	96  -  MemoryUsage of job (MB)
	98180  -  ResidentSetSize of job (KB)
...
005 (566233.000.000) 08/20 20:30:14 Job terminated.
	(1) Normal termination (return value 0)
		Usr 0 00:00:45, Sys 0 00:00:01  -  Run Remote Usage
		Usr 0 00:00:00, Sys 0 00:00:00  -  Run Local Usage
		Usr 0 00:00:45, Sys 0 00:00:01  -  Total Remote Usage
		Usr 0 00:00:00, Sys 0 00:00:00  -  Total Local Usage
	586129  -  Run Bytes Sent By Job
	62732  -  Run Bytes Received By Job
	586129  -  Total Bytes Sent By Job
	62732  -  Total Bytes Received By Job
	Partitionable Resources :    Usage  Request          
	   Cpus                 :                 1          
	   Disk (KB)            :      659      659          
	   Memory (MB)          :       96       96          
...
000 (782781.000.000) 10/01 15:56:27 Job submitted from host: <18.12.1.74:47665>
...
001 (782781.000.000) 10/01 16:00:23 Job executing on host: <18.12.8.184:40730>
...
006 (782781.000.000) 10/01 16:00:33 Image size of job updated: 146260
	31  -  MemoryUsage of job (MB)
	30968  -  ResidentSetSize of job (KB)
...
006 (782781.000.000) 10/01 16:05:32 Image size of job updated: 230152
	31  -  MemoryUsage of job (MB)
	30968  -  ResidentSetSize of job (KB)
...
005 (782781.000.000) 10/01 16:10:21 Job terminated.
	(1) Normal termination (return value 0)
		Usr 0 00:00:39, Sys 0 00:00:00  -  Run Remote Usage
		Usr 0 00:00:00, Sys 0 00:00:00  -  Run Local Usage
		Usr 0 00:00:39, Sys 0 00:00:00  -  Total Remote Usage
		Usr 0 00:00:00, Sys 0 00:00:00  -  Total Local Usage
	586261  -  Run Bytes Sent By Job
	62734  -  Run Bytes Received By Job
	586261  -  Total Bytes Sent By Job
	62734  -  Total Bytes Received By Job
	Partitionable Resources :    Usage  Request          
	   Cpus                 :                 1          
	   Disk (KB)            :     1584     1584          
	   Memory (MB)          :       31       31          
...
000 (785939.000.000) 10/05 14:19:02 Job submitted from host: <18.12.1.74:45913>
...
001 (785939.000.000) 10/05 14:19:35 Job executing on host: <18.12.8.148:41095>
...
006 (785939.000.000) 10/05 14:19:44 Image size of job updated: 2
	2  -  MemoryUsage of job (MB)
	1740  -  ResidentSetSize of job (KB)
...
006 (785939.000.000) 10/05 14:20:31 Image size of job updated: 238304
	2  -  MemoryUsage of job (MB)
	1740  -  ResidentSetSize of job (KB)
...
005 (785939.000.000) 10/05 14:20:31 Job terminated.
	(1) Normal termination (return value 0)
		Usr 0 00:00:37, Sys 0 00:00:00  -  Run Remote Usage
		Usr 0 00:00:00, Sys 0 00:00:00  -  Run Local Usage
		Usr 0 00:00:37, Sys 0 00:00:00  -  Total Remote Usage
		Usr 0 00:00:00, Sys 0 00:00:00  -  Total Local Usage
	586219  -  Run Bytes Sent By Job
	62732  -  Run Bytes Received By Job
	586219  -  Total Bytes Sent By Job
	62732  -  Total Bytes Received By Job
	Partitionable Resources :    Usage  Request          
	   Cpus                 :                 1          
	   Disk (KB)            :      658      658          
	   Memory (MB)          :        2        2          
...
000 (786305.000.000) 10/07 09:51:17 Job submitted from host: <18.12.1.74:45913>
...
001 (786305.000.000) 10/07 09:52:32 Job executing on host: <18.12.8.206:46789>
...
006 (786305.000.000) 10/07 09:52:40 Image size of job updated: 230020
	93  -  MemoryUsage of job (MB)
	94740  -  ResidentSetSize of job (KB)
...
006 (786305.000.000) 10/07 09:53:58 Image size of job updated: 230152
	93  -  MemoryUsage of job (MB)
	94740  -  ResidentSetSize of job (KB)
...
005 (786305.000.000) 10/07 09:53:58 Job terminated.
	(1) Normal termination (return value 0)
		Usr 0 00:00:40, Sys 0 00:00:01  -  Run Remote Usage
		Usr 0 00:00:00, Sys 0 00:00:00  -  Run Local Usage
		Usr 0 00:00:40, Sys 0 00:00:01  -  Total Remote Usage
		Usr 0 00:00:00, Sys 0 00:00:00  -  Total Local Usage
	585992  -  Run Bytes Sent By Job
	62734  -  Run Bytes Received By Job
	585992  -  Total Bytes Sent By Job
	62734  -  Total Bytes Received By Job
	Partitionable Resources :    Usage  Request          
	   Cpus                 :                 1          
	   Disk (KB)            :      659      659          
	   Memory (MB)          :       93       93          
...
000 (786486.000.000) 10/07 11:12:49 Job submitted from host: <18.12.1.74:45913>
...
001 (786486.000.000) 10/07 11:18:34 Job executing on host: <18.12.9.83:43431>
...
006 (786486.000.000) 10/07 11:18:43 Image size of job updated: 229880
	93  -  MemoryUsage of job (MB)
	94500  -  ResidentSetSize of job (KB)
...
006 (786486.000.000) 10/07 11:19:38 Image size of job updated: 230144
	93  -  MemoryUsage of job (MB)
	94500  -  ResidentSetSize of job (KB)
...
005 (786486.000.000) 10/07 11:19:38 Job terminated.
	(1) Normal termination (return value 0)
		Usr 0 00:00:32, Sys 0 00:00:00  -  Run Remote Usage
		Usr 0 00:00:00, Sys 0 00:00:00  -  Run Local Usage
		Usr 0 00:00:32, Sys 0 00:00:00  -  Total Remote Usage
		Usr 0 00:00:00, Sys 0 00:00:00  -  Total Local Usage
	585344  -  Run Bytes Sent By Job
	62746  -  Run Bytes Received By Job
	585344  -  Total Bytes Sent By Job
	62746  -  Total Bytes Received By Job
	Partitionable Resources :    Usage  Request          
	   Cpus                 :                 1          
	   Disk (KB)            :      658      658          
	   Memory (MB)          :       93       93          
...
000 (787413.000.000) 10/08 12:42:36 Job submitted from host: <18.12.1.74:45913>
...
001 (787413.000.000) 10/08 12:45:06 Job executing on host: <18.12.8.233:46570>
...
006 (787413.000.000) 10/08 12:45:14 Image size of job updated: 102820
	21  -  MemoryUsage of job (MB)
	20884  -  ResidentSetSize of job (KB)
...
006 (787413.000.000) 10/08 12:46:03 Image size of job updated: 230140
	21  -  MemoryUsage of job (MB)
	20884  -  ResidentSetSize of job (KB)
...
005 (787413.000.000) 10/08 12:46:04 Job terminated.
	(1) Normal termination (return value 0)
		Usr 0 00:00:28, Sys 0 00:00:00  -  Run Remote Usage
		Usr 0 00:00:00, Sys 0 00:00:00  -  Run Local Usage
		Usr 0 00:00:28, Sys 0 00:00:00  -  Total Remote Usage
		Usr 0 00:00:00, Sys 0 00:00:00  -  Total Local Usage
	585012  -  Run Bytes Sent By Job
	62749  -  Run Bytes Received By Job
	585012  -  Total Bytes Sent By Job
	62749  -  Total Bytes Received By Job
	Partitionable Resources :    Usage  Request          
	   Cpus                 :                 1          
	   Disk (KB)            :      658      658          
	   Memory (MB)          :       21       21          
...
000 (787595.000.000) 10/08 14:27:07 Job submitted from host: <18.12.1.74:45913>
...
001 (787595.000.000) 10/08 14:31:47 Job executing on host: <18.12.9.19:46570>
...
006 (787595.000.000) 10/08 14:31:55 Image size of job updated: 69180
	17  -  MemoryUsage of job (MB)
	17048  -  ResidentSetSize of job (KB)
...
006 (787595.000.000) 10/08 14:33:03 Image size of job updated: 230144
	17  -  MemoryUsage of job (MB)
	17048  -  ResidentSetSize of job (KB)
...
005 (787595.000.000) 10/08 14:33:03 Job terminated.
	(1) Normal termination (return value 0)
		Usr 0 00:00:37, Sys 0 00:00:00  -  Run Remote Usage
		Usr 0 00:00:00, Sys 0 00:00:00  -  Run Local Usage
		Usr 0 00:00:37, Sys 0 00:00:00  -  Total Remote Usage
		Usr 0 00:00:00, Sys 0 00:00:00  -  Total Local Usage
	585232  -  Run Bytes Sent By Job
	62691  -  Run Bytes Received By Job
	585232  -  Total Bytes Sent By Job
	62691  -  Total Bytes Received By Job
	Partitionable Resources :    Usage  Request          
	   Cpus                 :                 1          
	   Disk (KB)            :      658      658          
	   Memory (MB)          :       17       17          
...
000 (787778.000.000) 10/08 15:16:28 Job submitted from host: <18.12.1.74:45913>
...
001 (787778.000.000) 10/08 15:21:06 Job executing on host: <18.12.9.68:47957>
...
006 (787778.000.000) 10/08 15:21:15 Image size of job updated: 2
	3  -  MemoryUsage of job (MB)
	2344  -  ResidentSetSize of job (KB)
...
006 (787778.000.000) 10/08 15:22:14 Image size of job updated: 230148
	3  -  MemoryUsage of job (MB)
	2344  -  ResidentSetSize of job (KB)
...
005 (787778.000.000) 10/08 15:22:14 Job terminated.
	(1) Normal termination (return value 0)
		Usr 0 00:00:36, Sys 0 00:00:00  -  Run Remote Usage
		Usr 0 00:00:00, Sys 0 00:00:00  -  Run Local Usage
		Usr 0 00:00:36, Sys 0 00:00:00  -  Total Remote Usage
		Usr 0 00:00:00, Sys 0 00:00:00  -  Total Local Usage
	585284  -  Run Bytes Sent By Job
	62696  -  Run Bytes Received By Job
	585284  -  Total Bytes Sent By Job
	62696  -  Total Bytes Received By Job
	Partitionable Resources :    Usage  Request          
	   Cpus                 :                 1          
	   Disk (KB)            :      658      658          
	   Memory (MB)          :        3        3          
...
000 (788688.000.000) 10/12 10:42:30 Job submitted from host: <18.12.1.74:45913>
...
001 (788688.000.000) 10/12 10:45:13 Job executing on host: <18.12.9.23:44307>
...
006 (788688.000.000) 10/12 10:45:22 Image size of job updated: 229068
	92  -  MemoryUsage of job (MB)
	94048  -  ResidentSetSize of job (KB)
...
006 (788688.000.000) 10/12 10:46:38 Image size of job updated: 230140
	92  -  MemoryUsage of job (MB)
	94048  -  ResidentSetSize of job (KB)
...
005 (788688.000.000) 10/12 10:46:39 Job terminated.
	(1) Normal termination (return value 0)
		Usr 0 00:00:46, Sys 0 00:00:00  -  Run Remote Usage
		Usr 0 00:00:00, Sys 0 00:00:00  -  Run Local Usage
		Usr 0 00:00:46, Sys 0 00:00:00  -  Total Remote Usage
		Usr 0 00:00:00, Sys 0 00:00:00  -  Total Local Usage
	584965  -  Run Bytes Sent By Job
	62704  -  Run Bytes Received By Job
	584965  -  Total Bytes Sent By Job
	62704  -  Total Bytes Received By Job
	Partitionable Resources :    Usage  Request          
	   Cpus                 :                 1          
	   Disk (KB)            :      657      657          
	   Memory (MB)          :       92       92          
...
