
----------------------------------------------------
Job started on Mon Oct 12 09:54:14 EDT 2015 at WN: t2bat0221.cmsaf.mit.edu 
Job is running on Linux t2bat0221.cmsaf.mit.edu 2.6.32-358.el6.x86_64 #1 SMP Fri Feb 22 20:37:17 CST 2013 x86_64 x86_64 x86_64 GNU/Linux
Filesystem            Size  Used Avail Use% Mounted on
/dev/sda3              20G  3.0G   16G  16% /
tmpfs                  12G     0   12G   0% /dev/shm
/dev/sda1              97M   32M   61M  35% /boot
/dev/sda4             874G   88G  787G  10% /export/data1
/dev/sdb1             1.8T  1.5T  387G  79% /export/00b
/dev/sdc1             1.8T  1.5T  392G  79% /export/00c
/dev/sdd1             1.8T  1.5T  368G  80% /export/00d
/dev/sde1             1.8T  1.5T  378G  80% /export/00e
/dev/sdf1             1.8T  1.5T  383G  80% /export/00f
fuse_dfs              5.0P  4.0P  1.1P  80% /mnt/hadoop
t2srv0004:/export/db  135G  187M  135G   1% /net/t2srv0004/db
cvmfs2                 98G   84G   15G  86% /cvmfs/cms.cern.ch
gcc (GCC) 4.4.7 20120313 (Red Hat 4.4.7-3)
Copyright (C) 2010 Free Software Foundation, Inc.
This is free software; see the source for copying conditions.  There is NO
warranty; not even for MERCHANTABILITY or FITNESS FOR A PARTICULAR PURPOSE.

Processing...
0/194686
10000/194686
20000/194686
30000/194686
40000/194686
50000/194686
60000/194686
70000/194686
80000/194686
90000/194686
100000/194686
110000/194686
120000/194686
130000/194686
140000/194686
150000/194686
160000/194686
170000/194686
180000/194686
190000/194686
Macro finished: 
CPU time (min)  = 1.98333
Real time (min) = 3.33346
total 1.7M
-rw-r--r--  1 obaron obaron 108K Oct  9 10:24 jetRAA_PbPb_data_forest.txt
-rw-r--r--  1 obaron obaron  94K Oct  9 10:24 jetRAA_PbPb_data_akPu4_select.txt
-rw-r--r--  1 obaron obaron  94K Oct  9 10:24 jetRAA_PbPb_data_akPu3_select.txt
-rw-r--r--  1 obaron obaron  94K Oct  9 10:24 jetRAA_PbPb_data_akPu2_select.txt
-rw-r--r--  1 obaron obaron  70K Oct 12 09:36 RAA_read_data_pbpb.C
-rw-r--r--  1 obaron obaron  11K Oct 12 09:36 RAA_read_data_pbpb_C.d
-rwxr-xr-x  1 obaron obaron 101K Oct 12 09:36 RAA_read_data_pbpb_C.so
-rw-rw-r--  1 obaron obaron  61K Oct 12 09:54 jetRAA_run_PbPb_Data.tar
-rwxr-xr-x  1 obaron obaron 1.2K Oct 12 09:54 condor_exec.exe
drwxr-xr-x 19 condor root   4.0K Oct 12 09:54 ..
-rw-r--r--  1 condor condor 5.6K Oct 12 09:54 .machine.ad
-rw-r--r--  1 condor condor  20K Oct 12 09:54 .job.ad
-rwx------  1 obaron obaron   50 Oct 12 09:54 .chirp.config
-rw-r--r--  1 obaron obaron    0 Oct 12 09:54 _condor_stderr
drwx------  2 obaron obaron 4.0K Oct 12 09:54 .
-rw-r--r--  1 obaron obaron 1.6K Oct 12 09:57 _condor_stdout
-rw-r--r--  1 obaron obaron 979K Oct 12 09:57 PbPb_Data_histograms_FromForest_pileupCutFIX_ZDCmCut_30GeVcut_akPu2_20_eta_20_345.root
Done!
Copied output files to hadoop rootfiles/JetRAA/June29
