000 (556440.000.000) 08/12 14:10:57 Job submitted from host: <18.12.1.74:48322>
...
001 (556440.000.000) 08/12 14:45:54 Job executing on host: <18.12.9.82:48979>
...
006 (556440.000.000) 08/12 14:46:03 Image size of job updated: 192496
	77  -  MemoryUsage of job (MB)
	78256  -  ResidentSetSize of job (KB)
...
006 (556440.000.000) 08/12 14:51:04 Image size of job updated: 230592
	96  -  MemoryUsage of job (MB)
	97540  -  ResidentSetSize of job (KB)
...
006 (556440.000.000) 08/12 14:56:04 Image size of job updated: 230592
	98  -  MemoryUsage of job (MB)
	99820  -  ResidentSetSize of job (KB)
...
006 (556440.000.000) 08/12 15:01:04 Image size of job updated: 230592
	98  -  MemoryUsage of job (MB)
	100284  -  ResidentSetSize of job (KB)
...
005 (556440.000.000) 08/12 15:04:43 Job terminated.
	(1) Normal termination (return value 0)
		Usr 0 00:01:39, Sys 0 00:00:04  -  Run Remote Usage
		Usr 0 00:00:00, Sys 0 00:00:00  -  Run Local Usage
		Usr 0 00:01:39, Sys 0 00:00:04  -  Total Remote Usage
		Usr 0 00:00:00, Sys 0 00:00:00  -  Total Local Usage
	586074  -  Run Bytes Sent By Job
	62715  -  Run Bytes Received By Job
	586074  -  Total Bytes Sent By Job
	62715  -  Total Bytes Received By Job
	Partitionable Resources :    Usage  Request          
	   Cpus                 :                 1          
	   Disk (KB)            :      659      659          
	   Memory (MB)          :       98       98          
...
000 (557700.000.000) 08/13 11:57:33 Job submitted from host: <18.12.1.74:48322>
...
001 (557700.000.000) 08/13 12:39:01 Job executing on host: <18.12.8.218:43942>
...
006 (557700.000.000) 08/13 12:39:10 Image size of job updated: 69180
	14  -  MemoryUsage of job (MB)
	13328  -  ResidentSetSize of job (KB)
...
006 (557700.000.000) 08/13 12:43:23 Image size of job updated: 230596
	14  -  MemoryUsage of job (MB)
	13328  -  ResidentSetSize of job (KB)
...
005 (557700.000.000) 08/13 12:43:23 Job terminated.
	(1) Normal termination (return value 0)
		Usr 0 00:01:51, Sys 0 00:00:02  -  Run Remote Usage
		Usr 0 00:00:00, Sys 0 00:00:00  -  Run Local Usage
		Usr 0 00:01:51, Sys 0 00:00:02  -  Total Remote Usage
		Usr 0 00:00:00, Sys 0 00:00:00  -  Total Local Usage
	586235  -  Run Bytes Sent By Job
	62715  -  Run Bytes Received By Job
	586235  -  Total Bytes Sent By Job
	62715  -  Total Bytes Received By Job
	Partitionable Resources :    Usage  Request          
	   Cpus                 :                 1          
	   Disk (KB)            :      659      659          
	   Memory (MB)          :       14       14          
...
000 (558216.000.000) 08/13 14:31:15 Job submitted from host: <18.12.1.74:48322>
...
001 (558216.000.000) 08/13 15:06:43 Job executing on host: <18.12.9.56:42482>
...
006 (558216.000.000) 08/13 15:06:52 Image size of job updated: 2
	3  -  MemoryUsage of job (MB)
	2348  -  ResidentSetSize of job (KB)
...
006 (558216.000.000) 08/13 15:11:53 Image size of job updated: 230592
	101  -  MemoryUsage of job (MB)
	102872  -  ResidentSetSize of job (KB)
...
005 (558216.000.000) 08/13 15:12:08 Job terminated.
	(1) Normal termination (return value 0)
		Usr 0 00:01:37, Sys 0 00:00:02  -  Run Remote Usage
		Usr 0 00:00:00, Sys 0 00:00:00  -  Run Local Usage
		Usr 0 00:01:37, Sys 0 00:00:02  -  Total Remote Usage
		Usr 0 00:00:00, Sys 0 00:00:00  -  Total Local Usage
	586076  -  Run Bytes Sent By Job
	62714  -  Run Bytes Received By Job
	586076  -  Total Bytes Sent By Job
	62714  -  Total Bytes Received By Job
	Partitionable Resources :    Usage  Request          
	   Cpus                 :                 1          
	   Disk (KB)            :      659      659          
	   Memory (MB)          :      101      101          
...
000 (565553.000.000) 08/20 12:56:59 Job submitted from host: <18.12.1.74:48322>
...
001 (565553.000.000) 08/20 12:58:09 Job executing on host: <18.12.9.77:46279>
...
006 (565553.000.000) 08/20 12:58:19 Image size of job updated: 2
	3  -  MemoryUsage of job (MB)
	2344  -  ResidentSetSize of job (KB)
...
006 (565553.000.000) 08/20 13:01:07 Image size of job updated: 230596
	3  -  MemoryUsage of job (MB)
	2344  -  ResidentSetSize of job (KB)
...
005 (565553.000.000) 08/20 13:07:59 Job terminated.
	(1) Normal termination (return value 0)
		Usr 0 00:01:29, Sys 0 00:00:01  -  Run Remote Usage
		Usr 0 00:00:00, Sys 0 00:00:00  -  Run Local Usage
		Usr 0 00:01:29, Sys 0 00:00:01  -  Total Remote Usage
		Usr 0 00:00:00, Sys 0 00:00:00  -  Total Local Usage
	586201  -  Run Bytes Sent By Job
	62731  -  Run Bytes Received By Job
	586201  -  Total Bytes Sent By Job
	62731  -  Total Bytes Received By Job
	Partitionable Resources :    Usage  Request          
	   Cpus                 :                 1          
	   Disk (KB)            :      659      659          
	   Memory (MB)          :        3        3          
...
