000 (556381.000.000) 08/12 14:10:51 Job submitted from host: <18.12.1.74:48322>
...
001 (556381.000.000) 08/12 14:30:48 Job executing on host: <18.12.9.74:40365>
...
006 (556381.000.000) 08/12 14:30:57 Image size of job updated: 2
	3  -  MemoryUsage of job (MB)
	2352  -  ResidentSetSize of job (KB)
...
006 (556381.000.000) 08/12 14:35:58 Image size of job updated: 230436
	105  -  MemoryUsage of job (MB)
	106708  -  ResidentSetSize of job (KB)
...
006 (556381.000.000) 08/12 14:40:58 Image size of job updated: 230436
	108  -  MemoryUsage of job (MB)
	110016  -  ResidentSetSize of job (KB)
...
005 (556381.000.000) 08/12 14:44:57 Job terminated.
	(1) Normal termination (return value 0)
		Usr 0 00:01:23, Sys 0 00:00:04  -  Run Remote Usage
		Usr 0 00:00:00, Sys 0 00:00:00  -  Run Local Usage
		Usr 0 00:01:23, Sys 0 00:00:04  -  Total Remote Usage
		Usr 0 00:00:00, Sys 0 00:00:00  -  Total Local Usage
	586249  -  Run Bytes Sent By Job
	62715  -  Run Bytes Received By Job
	586249  -  Total Bytes Sent By Job
	62715  -  Total Bytes Received By Job
	Partitionable Resources :    Usage  Request          
	   Cpus                 :                 1          
	   Disk (KB)            :      659      659          
	   Memory (MB)          :      108      108          
...
000 (557641.000.000) 08/13 11:57:27 Job submitted from host: <18.12.1.74:48322>
...
001 (557641.000.000) 08/13 12:23:20 Job executing on host: <18.12.9.80:43650>
...
006 (557641.000.000) 08/13 12:23:28 Image size of job updated: 230304
	98  -  MemoryUsage of job (MB)
	100260  -  ResidentSetSize of job (KB)
...
006 (557641.000.000) 08/13 12:26:48 Image size of job updated: 230436
	98  -  MemoryUsage of job (MB)
	100260  -  ResidentSetSize of job (KB)
...
005 (557641.000.000) 08/13 12:26:48 Job terminated.
	(1) Normal termination (return value 0)
		Usr 0 00:01:23, Sys 0 00:00:01  -  Run Remote Usage
		Usr 0 00:00:00, Sys 0 00:00:00  -  Run Local Usage
		Usr 0 00:01:23, Sys 0 00:00:01  -  Total Remote Usage
		Usr 0 00:00:00, Sys 0 00:00:00  -  Total Local Usage
	586247  -  Run Bytes Sent By Job
	62715  -  Run Bytes Received By Job
	586247  -  Total Bytes Sent By Job
	62715  -  Total Bytes Received By Job
	Partitionable Resources :    Usage  Request          
	   Cpus                 :                 1          
	   Disk (KB)            :      659      659          
	   Memory (MB)          :       98       98          
...
000 (558157.000.000) 08/13 14:31:09 Job submitted from host: <18.12.1.74:48322>
...
001 (558157.000.000) 08/13 14:57:45 Job executing on host: <18.12.9.51:45549>
...
006 (558157.000.000) 08/13 14:57:53 Image size of job updated: 2
	3  -  MemoryUsage of job (MB)
	2344  -  ResidentSetSize of job (KB)
...
006 (558157.000.000) 08/13 15:00:24 Image size of job updated: 230436
	3  -  MemoryUsage of job (MB)
	2344  -  ResidentSetSize of job (KB)
...
005 (558157.000.000) 08/13 15:00:24 Job terminated.
	(1) Normal termination (return value 0)
		Usr 0 00:01:21, Sys 0 00:00:01  -  Run Remote Usage
		Usr 0 00:00:00, Sys 0 00:00:00  -  Run Local Usage
		Usr 0 00:01:21, Sys 0 00:00:01  -  Total Remote Usage
		Usr 0 00:00:00, Sys 0 00:00:00  -  Total Local Usage
	586249  -  Run Bytes Sent By Job
	62714  -  Run Bytes Received By Job
	586249  -  Total Bytes Sent By Job
	62714  -  Total Bytes Received By Job
	Partitionable Resources :    Usage  Request          
	   Cpus                 :                 1          
	   Disk (KB)            :      659      659          
	   Memory (MB)          :        3        3          
...
000 (565494.000.000) 08/20 12:48:16 Job submitted from host: <18.12.1.74:48322>
...
001 (565494.000.000) 08/20 12:49:32 Job executing on host: <18.12.8.12:45037>
...
006 (565494.000.000) 08/20 12:49:42 Image size of job updated: 113324
	16  -  MemoryUsage of job (MB)
	15416  -  ResidentSetSize of job (KB)
...
006 (565494.000.000) 08/20 12:54:17 Image size of job updated: 230432
	16  -  MemoryUsage of job (MB)
	15416  -  ResidentSetSize of job (KB)
...
005 (565494.000.000) 08/20 13:02:51 Job terminated.
	(1) Normal termination (return value 0)
		Usr 0 00:01:26, Sys 0 00:00:02  -  Run Remote Usage
		Usr 0 00:00:00, Sys 0 00:00:00  -  Run Local Usage
		Usr 0 00:01:26, Sys 0 00:00:02  -  Total Remote Usage
		Usr 0 00:00:00, Sys 0 00:00:00  -  Total Local Usage
	586584  -  Run Bytes Sent By Job
	62731  -  Run Bytes Received By Job
	586584  -  Total Bytes Sent By Job
	62731  -  Total Bytes Received By Job
	Partitionable Resources :    Usage  Request          
	   Cpus                 :                 1          
	   Disk (KB)            :      659      659          
	   Memory (MB)          :       16       16          
...
000 (782987.000.000) 10/02 11:05:21 Job submitted from host: <18.12.1.74:41314>
...
001 (782987.000.000) 10/02 11:11:43 Job executing on host: <18.12.8.14:40730>
...
006 (782987.000.000) 10/02 11:11:43 Image size of job updated: 145688
	0  -  MemoryUsage of job (MB)
	0  -  ResidentSetSize of job (KB)
...
005 (782987.000.000) 10/02 11:15:30 Job terminated.
	(1) Normal termination (return value 0)
		Usr 0 00:00:00, Sys 0 00:00:00  -  Run Remote Usage
		Usr 0 00:00:00, Sys 0 00:00:00  -  Run Local Usage
		Usr 0 00:00:00, Sys 0 00:00:00  -  Total Remote Usage
		Usr 0 00:00:00, Sys 0 00:00:00  -  Total Local Usage
	585746  -  Run Bytes Sent By Job
	62733  -  Run Bytes Received By Job
	585746  -  Total Bytes Sent By Job
	62733  -  Total Bytes Received By Job
	Partitionable Resources :    Usage  Request          
	   Cpus                 :                 1          
	   Disk (KB)            :      658      658          
	   Memory (MB)          :        0        0          
...
000 (783168.000.000) 10/02 16:13:23 Job submitted from host: <18.12.1.74:45913>
...
001 (783168.000.000) 10/02 16:14:14 Job executing on host: <18.12.9.79:40219>
...
006 (783168.000.000) 10/02 16:14:22 Image size of job updated: 75784
	17  -  MemoryUsage of job (MB)
	17028  -  ResidentSetSize of job (KB)
...
005 (783168.000.000) 10/02 16:14:27 Job terminated.
	(1) Normal termination (return value 0)
		Usr 0 00:00:00, Sys 0 00:00:00  -  Run Remote Usage
		Usr 0 00:00:00, Sys 0 00:00:00  -  Run Local Usage
		Usr 0 00:00:00, Sys 0 00:00:00  -  Total Remote Usage
		Usr 0 00:00:00, Sys 0 00:00:00  -  Total Local Usage
	585884  -  Run Bytes Sent By Job
	62733  -  Run Bytes Received By Job
	585884  -  Total Bytes Sent By Job
	62733  -  Total Bytes Received By Job
	Partitionable Resources :    Usage  Request          
	   Cpus                 :                 1          
	   Disk (KB)            :      658      658          
	   Memory (MB)          :       17       17          
...
000 (783349.000.000) 10/02 16:48:35 Job submitted from host: <18.12.1.74:45913>
...
001 (783349.000.000) 10/02 16:48:47 Job executing on host: <18.12.9.30:45767>
...
006 (783349.000.000) 10/02 16:48:47 Image size of job updated: 143812
	0  -  MemoryUsage of job (MB)
	0  -  ResidentSetSize of job (KB)
...
005 (783349.000.000) 10/02 16:48:48 Job terminated.
	(1) Normal termination (return value 0)
		Usr 0 00:00:00, Sys 0 00:00:00  -  Run Remote Usage
		Usr 0 00:00:00, Sys 0 00:00:00  -  Run Local Usage
		Usr 0 00:00:00, Sys 0 00:00:00  -  Total Remote Usage
		Usr 0 00:00:00, Sys 0 00:00:00  -  Total Local Usage
	586110  -  Run Bytes Sent By Job
	62733  -  Run Bytes Received By Job
	586110  -  Total Bytes Sent By Job
	62733  -  Total Bytes Received By Job
	Partitionable Resources :    Usage  Request          
	   Cpus                 :                 1          
	   Disk (KB)            :      659      659          
	   Memory (MB)          :        0        0          
...
000 (783532.000.000) 10/05 09:25:35 Job submitted from host: <18.12.1.74:45913>
...
001 (783532.000.000) 10/05 09:25:56 Job executing on host: <18.12.12.67:45621>
...
006 (783532.000.000) 10/05 09:26:05 Image size of job updated: 2
	3  -  MemoryUsage of job (MB)
	2372  -  ResidentSetSize of job (KB)
...
005 (783532.000.000) 10/05 09:26:11 Job terminated.
	(1) Normal termination (return value 0)
		Usr 0 00:00:00, Sys 0 00:00:00  -  Run Remote Usage
		Usr 0 00:00:00, Sys 0 00:00:00  -  Run Local Usage
		Usr 0 00:00:00, Sys 0 00:00:00  -  Total Remote Usage
		Usr 0 00:00:00, Sys 0 00:00:00  -  Total Local Usage
	585399  -  Run Bytes Sent By Job
	62732  -  Run Bytes Received By Job
	585399  -  Total Bytes Sent By Job
	62732  -  Total Bytes Received By Job
	Partitionable Resources :    Usage  Request          
	   Cpus                 :                 1          
	   Disk (KB)            :      658      658          
	   Memory (MB)          :        3        3          
...
000 (783713.000.000) 10/05 10:00:22 Job submitted from host: <18.12.1.74:45913>
...
001 (783713.000.000) 10/05 10:00:58 Job executing on host: <18.12.9.51:47446>
...
006 (783713.000.000) 10/05 10:01:11 Image size of job updated: 13384
	2  -  MemoryUsage of job (MB)
	1984  -  ResidentSetSize of job (KB)
...
005 (783713.000.000) 10/05 10:01:36 Job terminated.
	(1) Normal termination (return value 0)
		Usr 0 00:00:00, Sys 0 00:00:00  -  Run Remote Usage
		Usr 0 00:00:00, Sys 0 00:00:00  -  Run Local Usage
		Usr 0 00:00:00, Sys 0 00:00:00  -  Total Remote Usage
		Usr 0 00:00:00, Sys 0 00:00:00  -  Total Local Usage
	585449  -  Run Bytes Sent By Job
	62731  -  Run Bytes Received By Job
	585449  -  Total Bytes Sent By Job
	62731  -  Total Bytes Received By Job
	Partitionable Resources :    Usage  Request          
	   Cpus                 :                 1          
	   Disk (KB)            :      658      658          
	   Memory (MB)          :        2        2          
...
000 (783895.000.000) 10/05 12:25:07 Job submitted from host: <18.12.1.74:45913>
...
001 (783895.000.000) 10/05 12:25:25 Job executing on host: <18.12.9.68:47957>
...
006 (783895.000.000) 10/05 12:25:26 Image size of job updated: 2
	0  -  MemoryUsage of job (MB)
	0  -  ResidentSetSize of job (KB)
...
005 (783895.000.000) 10/05 12:25:29 Job terminated.
	(1) Normal termination (return value 0)
		Usr 0 00:00:00, Sys 0 00:00:00  -  Run Remote Usage
		Usr 0 00:00:00, Sys 0 00:00:00  -  Run Local Usage
		Usr 0 00:00:00, Sys 0 00:00:00  -  Total Remote Usage
		Usr 0 00:00:00, Sys 0 00:00:00  -  Total Local Usage
	585752  -  Run Bytes Sent By Job
	62732  -  Run Bytes Received By Job
	585752  -  Total Bytes Sent By Job
	62732  -  Total Bytes Received By Job
	Partitionable Resources :    Usage  Request          
	   Cpus                 :                 1          
	   Disk (KB)            :      658      658          
	   Memory (MB)          :        0        0          
...
000 (784076.000.000) 10/05 12:28:41 Job submitted from host: <18.12.1.74:45913>
...
001 (784076.000.000) 10/05 12:28:50 Job executing on host: <18.12.9.63:46716>
...
006 (784076.000.000) 10/05 12:28:58 Image size of job updated: 2
	3  -  MemoryUsage of job (MB)
	2348  -  ResidentSetSize of job (KB)
...
006 (784076.000.000) 10/05 12:30:18 Image size of job updated: 230428
	3  -  MemoryUsage of job (MB)
	2348  -  ResidentSetSize of job (KB)
...
005 (784076.000.000) 10/05 12:30:18 Job terminated.
	(1) Normal termination (return value 0)
		Usr 0 00:00:54, Sys 0 00:00:01  -  Run Remote Usage
		Usr 0 00:00:00, Sys 0 00:00:00  -  Run Local Usage
		Usr 0 00:00:54, Sys 0 00:00:01  -  Total Remote Usage
		Usr 0 00:00:00, Sys 0 00:00:00  -  Total Local Usage
	587170  -  Run Bytes Sent By Job
	62733  -  Run Bytes Received By Job
	587170  -  Total Bytes Sent By Job
	62733  -  Total Bytes Received By Job
	Partitionable Resources :    Usage  Request          
	   Cpus                 :                 1          
	   Disk (KB)            :      660      660          
	   Memory (MB)          :        3        3          
...
000 (786145.000.000) 10/05 14:34:41 Job submitted from host: <18.12.1.74:45913>
...
001 (786145.000.000) 10/05 14:35:35 Job executing on host: <18.12.9.26:44234>
...
006 (786145.000.000) 10/05 14:35:43 Image size of job updated: 2
	3  -  MemoryUsage of job (MB)
	2368  -  ResidentSetSize of job (KB)
...
006 (786145.000.000) 10/05 14:40:43 Image size of job updated: 230432
	101  -  MemoryUsage of job (MB)
	102952  -  ResidentSetSize of job (KB)
...
005 (786145.000.000) 10/05 14:41:27 Job terminated.
	(1) Normal termination (return value 0)
		Usr 0 00:01:18, Sys 0 00:00:01  -  Run Remote Usage
		Usr 0 00:00:00, Sys 0 00:00:00  -  Run Local Usage
		Usr 0 00:01:18, Sys 0 00:00:01  -  Total Remote Usage
		Usr 0 00:00:00, Sys 0 00:00:00  -  Total Local Usage
	586740  -  Run Bytes Sent By Job
	62729  -  Run Bytes Received By Job
	586740  -  Total Bytes Sent By Job
	62729  -  Total Bytes Received By Job
	Partitionable Resources :    Usage  Request          
	   Cpus                 :                 1          
	   Disk (KB)            :      659      659          
	   Memory (MB)          :      101      101          
...
000 (787984.000.000) 10/08 16:09:53 Job submitted from host: <18.12.1.74:45913>
...
001 (787984.000.000) 10/08 16:17:39 Job executing on host: <18.12.9.70:43504>
...
006 (787984.000.000) 10/08 16:17:47 Image size of job updated: 193652
	71  -  MemoryUsage of job (MB)
	72528  -  ResidentSetSize of job (KB)
...
006 (787984.000.000) 10/08 16:19:36 Image size of job updated: 230420
	71  -  MemoryUsage of job (MB)
	72528  -  ResidentSetSize of job (KB)
...
005 (787984.000.000) 10/08 16:19:36 Job terminated.
	(1) Normal termination (return value 0)
		Usr 0 00:01:14, Sys 0 00:00:01  -  Run Remote Usage
		Usr 0 00:00:00, Sys 0 00:00:00  -  Run Local Usage
		Usr 0 00:01:14, Sys 0 00:00:01  -  Total Remote Usage
		Usr 0 00:00:00, Sys 0 00:00:00  -  Total Local Usage
	585259  -  Run Bytes Sent By Job
	62697  -  Run Bytes Received By Job
	585259  -  Total Bytes Sent By Job
	62697  -  Total Bytes Received By Job
	Partitionable Resources :    Usage  Request          
	   Cpus                 :                 1          
	   Disk (KB)            :      658      658          
	   Memory (MB)          :       71       71          
...
000 (788347.000.000) 10/09 10:00:30 Job submitted from host: <18.12.1.74:45913>
...
001 (788347.000.000) 10/09 10:08:08 Job executing on host: <18.12.8.156:46935>
...
006 (788347.000.000) 10/09 10:08:16 Image size of job updated: 2
	3  -  MemoryUsage of job (MB)
	2340  -  ResidentSetSize of job (KB)
...
006 (788347.000.000) 10/09 10:11:24 Image size of job updated: 230424
	3  -  MemoryUsage of job (MB)
	2340  -  ResidentSetSize of job (KB)
...
005 (788347.000.000) 10/09 10:11:24 Job terminated.
	(1) Normal termination (return value 0)
		Usr 0 00:01:14, Sys 0 00:00:00  -  Run Remote Usage
		Usr 0 00:00:00, Sys 0 00:00:00  -  Run Local Usage
		Usr 0 00:01:14, Sys 0 00:00:00  -  Total Remote Usage
		Usr 0 00:00:00, Sys 0 00:00:00  -  Total Local Usage
	585204  -  Run Bytes Sent By Job
	62694  -  Run Bytes Received By Job
	585204  -  Total Bytes Sent By Job
	62694  -  Total Bytes Received By Job
	Partitionable Resources :    Usage  Request          
	   Cpus                 :                 1          
	   Disk (KB)            :      658      658          
	   Memory (MB)          :        3        3          
...
000 (788894.000.000) 10/12 11:22:09 Job submitted from host: <18.12.1.74:45913>
...
001 (788894.000.000) 10/12 11:31:11 Job executing on host: <18.12.8.176:40511>
...
006 (788894.000.000) 10/12 11:31:20 Image size of job updated: 104272
	20  -  MemoryUsage of job (MB)
	19816  -  ResidentSetSize of job (KB)
...
006 (788894.000.000) 10/12 11:34:18 Image size of job updated: 230420
	20  -  MemoryUsage of job (MB)
	19816  -  ResidentSetSize of job (KB)
...
005 (788894.000.000) 10/12 11:34:18 Job terminated.
	(1) Normal termination (return value 0)
		Usr 0 00:01:08, Sys 0 00:00:00  -  Run Remote Usage
		Usr 0 00:00:00, Sys 0 00:00:00  -  Run Local Usage
		Usr 0 00:01:08, Sys 0 00:00:00  -  Total Remote Usage
		Usr 0 00:00:00, Sys 0 00:00:00  -  Total Local Usage
	585357  -  Run Bytes Sent By Job
	62702  -  Run Bytes Received By Job
	585357  -  Total Bytes Sent By Job
	62702  -  Total Bytes Received By Job
	Partitionable Resources :    Usage  Request          
	   Cpus                 :                 1          
	   Disk (KB)            :      658      658          
	   Memory (MB)          :       20       20          
...
