000 (556105.000.000) 08/12 11:33:44 Job submitted from host: <18.12.1.74:48322>
...
001 (556105.000.000) 08/12 11:58:20 Job executing on host: <18.12.6.95:44818>
...
006 (556105.000.000) 08/12 11:58:29 Image size of job updated: 227996
	92  -  MemoryUsage of job (MB)
	94000  -  ResidentSetSize of job (KB)
...
006 (556105.000.000) 08/12 12:01:36 Image size of job updated: 230096
	92  -  MemoryUsage of job (MB)
	94000  -  ResidentSetSize of job (KB)
...
005 (556105.000.000) 08/12 12:01:37 Job terminated.
	(1) Normal termination (return value 0)
		Usr 0 00:00:51, Sys 0 00:00:01  -  Run Remote Usage
		Usr 0 00:00:00, Sys 0 00:00:00  -  Run Local Usage
		Usr 0 00:00:51, Sys 0 00:00:01  -  Total Remote Usage
		Usr 0 00:00:00, Sys 0 00:00:00  -  Total Local Usage
	585985  -  Run Bytes Sent By Job
	62715  -  Run Bytes Received By Job
	585985  -  Total Bytes Sent By Job
	62715  -  Total Bytes Received By Job
	Partitionable Resources :    Usage  Request          
	   Cpus                 :                 1          
	   Disk (KB)            :      659      659          
	   Memory (MB)          :       92       92          
...
000 (566474.000.000) 08/20 21:06:34 Job submitted from host: <18.12.1.74:48322>
...
001 (566474.000.000) 08/20 21:07:07 Job executing on host: <18.12.8.185:41752>
...
006 (566474.000.000) 08/20 21:07:19 Image size of job updated: 2
	3  -  MemoryUsage of job (MB)
	2340  -  ResidentSetSize of job (KB)
...
006 (566474.000.000) 08/20 21:08:20 Image size of job updated: 230068
	3  -  MemoryUsage of job (MB)
	2340  -  ResidentSetSize of job (KB)
...
005 (566474.000.000) 08/20 21:14:42 Job terminated.
	(1) Normal termination (return value 0)
		Usr 0 00:00:53, Sys 0 00:00:01  -  Run Remote Usage
		Usr 0 00:00:00, Sys 0 00:00:00  -  Run Local Usage
		Usr 0 00:00:53, Sys 0 00:00:01  -  Total Remote Usage
		Usr 0 00:00:00, Sys 0 00:00:00  -  Total Local Usage
	585999  -  Run Bytes Sent By Job
	62731  -  Run Bytes Received By Job
	585999  -  Total Bytes Sent By Job
	62731  -  Total Bytes Received By Job
	Partitionable Resources :    Usage  Request          
	   Cpus                 :                 1          
	   Disk (KB)            :      659      659          
	   Memory (MB)          :        3        3          
...
000 (782479.000.000) 10/01 13:04:31 Job submitted from host: <18.12.1.74:47665>
...
001 (782479.000.000) 10/01 13:15:11 Job executing on host: <18.12.6.20:48176>
...
006 (782479.000.000) 10/01 13:15:19 Image size of job updated: 144200
	27  -  MemoryUsage of job (MB)
	27024  -  ResidentSetSize of job (KB)
...
006 (782479.000.000) 10/01 13:17:29 Image size of job updated: 230104
	27  -  MemoryUsage of job (MB)
	27024  -  ResidentSetSize of job (KB)
...
005 (782479.000.000) 10/01 13:17:29 Job terminated.
	(1) Normal termination (return value 0)
		Usr 0 00:00:40, Sys 0 00:00:00  -  Run Remote Usage
		Usr 0 00:00:00, Sys 0 00:00:00  -  Run Local Usage
		Usr 0 00:00:40, Sys 0 00:00:00  -  Total Remote Usage
		Usr 0 00:00:00, Sys 0 00:00:00  -  Total Local Usage
	586026  -  Run Bytes Sent By Job
	62730  -  Run Bytes Received By Job
	586026  -  Total Bytes Sent By Job
	62730  -  Total Bytes Received By Job
	Partitionable Resources :    Usage  Request          
	   Cpus                 :                 1          
	   Disk (KB)            :      658      658          
	   Memory (MB)          :       27       27          
...
000 (782660.000.000) 10/01 14:31:45 Job submitted from host: <18.12.1.74:47665>
...
001 (782660.000.000) 10/01 14:33:25 Job executing on host: <18.12.8.207:46716>
...
006 (782660.000.000) 10/01 14:33:35 Image size of job updated: 2
	3  -  MemoryUsage of job (MB)
	2348  -  ResidentSetSize of job (KB)
...
006 (782660.000.000) 10/01 14:36:32 Image size of job updated: 227172
	3  -  MemoryUsage of job (MB)
	2348  -  ResidentSetSize of job (KB)
...
005 (782660.000.000) 10/01 14:39:24 Job terminated.
	(1) Normal termination (return value 0)
		Usr 0 00:00:21, Sys 0 00:00:00  -  Run Remote Usage
		Usr 0 00:00:00, Sys 0 00:00:00  -  Run Local Usage
		Usr 0 00:00:21, Sys 0 00:00:00  -  Total Remote Usage
		Usr 0 00:00:00, Sys 0 00:00:00  -  Total Local Usage
	2280973  -  Run Bytes Sent By Job
	62736  -  Run Bytes Received By Job
	2280973  -  Total Bytes Sent By Job
	62736  -  Total Bytes Received By Job
	Partitionable Resources :    Usage  Request          
	   Cpus                 :                 1          
	   Disk (KB)            :     2314     2314          
	   Memory (MB)          :        3        3          
...
000 (788201.000.000) 10/09 09:23:44 Job submitted from host: <18.12.1.74:45913>
...
001 (788201.000.000) 10/09 09:24:13 Job executing on host: <18.12.8.227:43066>
...
006 (788201.000.000) 10/09 09:24:22 Image size of job updated: 93588
	3  -  MemoryUsage of job (MB)
	2428  -  ResidentSetSize of job (KB)
...
006 (788201.000.000) 10/09 09:26:08 Image size of job updated: 230080
	3  -  MemoryUsage of job (MB)
	2428  -  ResidentSetSize of job (KB)
...
005 (788201.000.000) 10/09 09:26:08 Job terminated.
	(1) Normal termination (return value 0)
		Usr 0 00:00:47, Sys 0 00:00:01  -  Run Remote Usage
		Usr 0 00:00:00, Sys 0 00:00:00  -  Run Local Usage
		Usr 0 00:00:47, Sys 0 00:00:01  -  Total Remote Usage
		Usr 0 00:00:00, Sys 0 00:00:00  -  Total Local Usage
	585243  -  Run Bytes Sent By Job
	62698  -  Run Bytes Received By Job
	585243  -  Total Bytes Sent By Job
	62698  -  Total Bytes Received By Job
	Partitionable Resources :    Usage  Request          
	   Cpus                 :                 1          
	   Disk (KB)            :      658      658          
	   Memory (MB)          :        3        3          
...
000 (788566.000.000) 10/12 09:48:05 Job submitted from host: <18.12.1.74:45913>
...
001 (788566.000.000) 10/12 09:57:50 Job executing on host: <18.12.8.102:47373>
...
006 (788566.000.000) 10/12 09:57:58 Image size of job updated: 2
	2  -  MemoryUsage of job (MB)
	1728  -  ResidentSetSize of job (KB)
...
006 (788566.000.000) 10/12 09:59:47 Image size of job updated: 230100
	2  -  MemoryUsage of job (MB)
	1728  -  ResidentSetSize of job (KB)
...
005 (788566.000.000) 10/12 09:59:47 Job terminated.
	(1) Normal termination (return value 0)
		Usr 0 00:00:32, Sys 0 00:00:01  -  Run Remote Usage
		Usr 0 00:00:00, Sys 0 00:00:00  -  Run Local Usage
		Usr 0 00:00:32, Sys 0 00:00:01  -  Total Remote Usage
		Usr 0 00:00:00, Sys 0 00:00:00  -  Total Local Usage
	585064  -  Run Bytes Sent By Job
	62703  -  Run Bytes Received By Job
	585064  -  Total Bytes Sent By Job
	62703  -  Total Bytes Received By Job
	Partitionable Resources :    Usage  Request          
	   Cpus                 :                 1          
	   Disk (KB)            :      657      657          
	   Memory (MB)          :        2        2          
...
