000 (552838.000.000) 08/10 16:18:53 Job submitted from host: <18.12.1.74:48322>
...
001 (552838.000.000) 08/10 16:19:23 Job executing on host: <18.12.1.29:41898>
...
006 (552838.000.000) 08/10 16:19:32 Image size of job updated: 69172
	17  -  MemoryUsage of job (MB)
	16924  -  ResidentSetSize of job (KB)
...
006 (552838.000.000) 08/10 16:19:56 Image size of job updated: 229180
	17  -  MemoryUsage of job (MB)
	16924  -  ResidentSetSize of job (KB)
...
005 (552838.000.000) 08/10 16:19:56 Job terminated.
	(1) Normal termination (return value 0)
		Usr 0 00:00:01, Sys 0 00:00:00  -  Run Remote Usage
		Usr 0 00:00:00, Sys 0 00:00:00  -  Run Local Usage
		Usr 0 00:00:01, Sys 0 00:00:00  -  Total Remote Usage
		Usr 0 00:00:00, Sys 0 00:00:00  -  Total Local Usage
	586273  -  Run Bytes Sent By Job
	62719  -  Run Bytes Received By Job
	586273  -  Total Bytes Sent By Job
	62719  -  Total Bytes Received By Job
	Partitionable Resources :    Usage  Request          
	   Cpus                 :                 1          
	   Disk (KB)            :      659      659          
	   Memory (MB)          :       17       17          
...
000 (552959.000.000) 08/10 16:52:31 Job submitted from host: <18.12.1.74:48322>
...
001 (552959.000.000) 08/10 16:52:42 Job executing on host: <18.12.9.49:41460>
...
006 (552959.000.000) 08/10 16:52:48 Image size of job updated: 26048
	0  -  MemoryUsage of job (MB)
	0  -  ResidentSetSize of job (KB)
...
005 (552959.000.000) 08/10 16:52:48 Job terminated.
	(1) Normal termination (return value 0)
		Usr 0 00:00:00, Sys 0 00:00:00  -  Run Remote Usage
		Usr 0 00:00:00, Sys 0 00:00:00  -  Run Local Usage
		Usr 0 00:00:00, Sys 0 00:00:00  -  Total Remote Usage
		Usr 0 00:00:00, Sys 0 00:00:00  -  Total Local Usage
	585833  -  Run Bytes Sent By Job
	62719  -  Run Bytes Received By Job
	585833  -  Total Bytes Sent By Job
	62719  -  Total Bytes Received By Job
	Partitionable Resources :    Usage  Request          
	   Cpus                 :                 1          
	   Disk (KB)            :      658      658          
	   Memory (MB)          :        0        0          
...
