000 (556123.000.000) 08/12 11:33:46 Job submitted from host: <18.12.1.74:48322>
...
001 (556123.000.000) 08/12 12:00:27 Job executing on host: <18.12.8.163:40511>
...
006 (556123.000.000) 08/12 12:00:35 Image size of job updated: 2
	3  -  MemoryUsage of job (MB)
	2348  -  ResidentSetSize of job (KB)
...
006 (556123.000.000) 08/12 12:04:27 Image size of job updated: 230584
	3  -  MemoryUsage of job (MB)
	2348  -  ResidentSetSize of job (KB)
...
005 (556123.000.000) 08/12 12:04:27 Job terminated.
	(1) Normal termination (return value 0)
		Usr 0 00:01:28, Sys 0 00:00:01  -  Run Remote Usage
		Usr 0 00:00:00, Sys 0 00:00:00  -  Run Local Usage
		Usr 0 00:01:28, Sys 0 00:00:01  -  Total Remote Usage
		Usr 0 00:00:00, Sys 0 00:00:00  -  Total Local Usage
	586235  -  Run Bytes Sent By Job
	62715  -  Run Bytes Received By Job
	586235  -  Total Bytes Sent By Job
	62715  -  Total Bytes Received By Job
	Partitionable Resources :    Usage  Request          
	   Cpus                 :                 1          
	   Disk (KB)            :      659      659          
	   Memory (MB)          :        3        3          
...
000 (566492.000.000) 08/20 21:07:43 Job submitted from host: <18.12.1.74:48322>
...
001 (566492.000.000) 08/20 21:08:06 Job executing on host: <18.12.9.48:43358>
...
006 (566492.000.000) 08/20 21:08:15 Image size of job updated: 230452
	100  -  MemoryUsage of job (MB)
	101660  -  ResidentSetSize of job (KB)
...
006 (566492.000.000) 08/20 21:10:50 Image size of job updated: 230584
	100  -  MemoryUsage of job (MB)
	101660  -  ResidentSetSize of job (KB)
...
005 (566492.000.000) 08/20 21:17:06 Job terminated.
	(1) Normal termination (return value 0)
		Usr 0 00:01:26, Sys 0 00:00:01  -  Run Remote Usage
		Usr 0 00:00:00, Sys 0 00:00:00  -  Run Local Usage
		Usr 0 00:01:26, Sys 0 00:00:01  -  Total Remote Usage
		Usr 0 00:00:00, Sys 0 00:00:00  -  Total Local Usage
	586201  -  Run Bytes Sent By Job
	62731  -  Run Bytes Received By Job
	586201  -  Total Bytes Sent By Job
	62731  -  Total Bytes Received By Job
	Partitionable Resources :    Usage  Request          
	   Cpus                 :                 1          
	   Disk (KB)            :      659      659          
	   Memory (MB)          :      100      100          
...
