000 (556083.000.000) 08/12 11:33:42 Job submitted from host: <18.12.1.74:48322>
...
001 (556083.000.000) 08/12 11:54:19 Job executing on host: <18.12.9.0:46935>
...
006 (556083.000.000) 08/12 11:54:28 Image size of job updated: 2
	3  -  MemoryUsage of job (MB)
	2340  -  ResidentSetSize of job (KB)
...
006 (556083.000.000) 08/12 11:56:55 Image size of job updated: 230268
	3  -  MemoryUsage of job (MB)
	2340  -  ResidentSetSize of job (KB)
...
005 (556083.000.000) 08/12 11:56:55 Job terminated.
	(1) Normal termination (return value 0)
		Usr 0 00:00:50, Sys 0 00:00:01  -  Run Remote Usage
		Usr 0 00:00:00, Sys 0 00:00:00  -  Run Local Usage
		Usr 0 00:00:50, Sys 0 00:00:01  -  Total Remote Usage
		Usr 0 00:00:00, Sys 0 00:00:00  -  Total Local Usage
	585908  -  Run Bytes Sent By Job
	62715  -  Run Bytes Received By Job
	585908  -  Total Bytes Sent By Job
	62715  -  Total Bytes Received By Job
	Partitionable Resources :    Usage  Request          
	   Cpus                 :                 1          
	   Disk (KB)            :      658      658          
	   Memory (MB)          :        3        3          
...
000 (566452.000.000) 08/20 21:04:50 Job submitted from host: <18.12.1.74:48322>
...
007 (566452.000.000) 08/20 21:05:25 Shadow exception!
	Error from slot23@t2bat0013.cmsaf.mit.edu: Failed to transfer files
	0  -  Run Bytes Sent By Job
	0  -  Run Bytes Received By Job
...
001 (566452.000.000) 08/20 21:05:35 Job executing on host: <18.12.9.76:41314>
...
006 (566452.000.000) 08/20 21:05:44 Image size of job updated: 2
	3  -  MemoryUsage of job (MB)
	2348  -  ResidentSetSize of job (KB)
...
006 (566452.000.000) 08/20 21:07:15 Image size of job updated: 230268
	3  -  MemoryUsage of job (MB)
	2348  -  ResidentSetSize of job (KB)
...
005 (566452.000.000) 08/20 21:13:37 Job terminated.
	(1) Normal termination (return value 0)
		Usr 0 00:00:38, Sys 0 00:00:00  -  Run Remote Usage
		Usr 0 00:00:00, Sys 0 00:00:00  -  Run Local Usage
		Usr 0 00:00:38, Sys 0 00:00:00  -  Total Remote Usage
		Usr 0 00:00:00, Sys 0 00:00:00  -  Total Local Usage
	586088  -  Run Bytes Sent By Job
	62731  -  Run Bytes Received By Job
	586088  -  Total Bytes Sent By Job
	62731  -  Total Bytes Received By Job
	Partitionable Resources :    Usage  Request          
	   Cpus                 :                 1          
	   Disk (KB)            :      659      659          
	   Memory (MB)          :        3        3          
...
000 (782457.000.000) 10/01 13:04:29 Job submitted from host: <18.12.1.74:47665>
...
001 (782457.000.000) 10/01 13:14:18 Job executing on host: <18.12.8.99:40657>
...
006 (782457.000.000) 10/01 13:14:27 Image size of job updated: 193804
	78  -  MemoryUsage of job (MB)
	79548  -  ResidentSetSize of job (KB)
...
006 (782457.000.000) 10/01 13:17:59 Image size of job updated: 230268
	78  -  MemoryUsage of job (MB)
	79548  -  ResidentSetSize of job (KB)
...
005 (782457.000.000) 10/01 13:18:00 Job terminated.
	(1) Normal termination (return value 0)
		Usr 0 00:00:43, Sys 0 00:00:01  -  Run Remote Usage
		Usr 0 00:00:00, Sys 0 00:00:00  -  Run Local Usage
		Usr 0 00:00:43, Sys 0 00:00:01  -  Total Remote Usage
		Usr 0 00:00:00, Sys 0 00:00:00  -  Total Local Usage
	586179  -  Run Bytes Sent By Job
	62730  -  Run Bytes Received By Job
	586179  -  Total Bytes Sent By Job
	62730  -  Total Bytes Received By Job
	Partitionable Resources :    Usage  Request          
	   Cpus                 :                 1          
	   Disk (KB)            :      659      659          
	   Memory (MB)          :       78       78          
...
000 (782638.000.000) 10/01 14:31:31 Job submitted from host: <18.12.1.74:47665>
...
001 (782638.000.000) 10/01 14:33:15 Job executing on host: <18.12.8.205:47811>
...
006 (782638.000.000) 10/01 14:33:25 Image size of job updated: 2
	3  -  MemoryUsage of job (MB)
	2348  -  ResidentSetSize of job (KB)
...
006 (782638.000.000) 10/01 14:34:59 Image size of job updated: 227236
	3  -  MemoryUsage of job (MB)
	2348  -  ResidentSetSize of job (KB)
...
005 (782638.000.000) 10/01 14:37:54 Job terminated.
	(1) Normal termination (return value 0)
		Usr 0 00:00:17, Sys 0 00:00:00  -  Run Remote Usage
		Usr 0 00:00:00, Sys 0 00:00:00  -  Run Local Usage
		Usr 0 00:00:17, Sys 0 00:00:00  -  Total Remote Usage
		Usr 0 00:00:00, Sys 0 00:00:00  -  Total Local Usage
	2615977  -  Run Bytes Sent By Job
	62736  -  Run Bytes Received By Job
	2615977  -  Total Bytes Sent By Job
	62736  -  Total Bytes Received By Job
	Partitionable Resources :    Usage  Request          
	   Cpus                 :                 1          
	   Disk (KB)            :     2641     2641          
	   Memory (MB)          :        3        3          
...
000 (788179.000.000) 10/09 09:23:42 Job submitted from host: <18.12.1.74:45913>
...
001 (788179.000.000) 10/09 09:24:12 Job executing on host: <18.12.8.217:42555>
...
006 (788179.000.000) 10/09 09:24:20 Image size of job updated: 93592
	2  -  MemoryUsage of job (MB)
	1980  -  ResidentSetSize of job (KB)
...
006 (788179.000.000) 10/09 09:26:18 Image size of job updated: 230252
	2  -  MemoryUsage of job (MB)
	1980  -  ResidentSetSize of job (KB)
...
005 (788179.000.000) 10/09 09:26:19 Job terminated.
	(1) Normal termination (return value 0)
		Usr 0 00:00:58, Sys 0 00:00:01  -  Run Remote Usage
		Usr 0 00:00:00, Sys 0 00:00:00  -  Run Local Usage
		Usr 0 00:00:58, Sys 0 00:00:01  -  Total Remote Usage
		Usr 0 00:00:00, Sys 0 00:00:00  -  Total Local Usage
	585353  -  Run Bytes Sent By Job
	62698  -  Run Bytes Received By Job
	585353  -  Total Bytes Sent By Job
	62698  -  Total Bytes Received By Job
	Partitionable Resources :    Usage  Request          
	   Cpus                 :                 1          
	   Disk (KB)            :      658      658          
	   Memory (MB)          :        2        2          
...
000 (788544.000.000) 10/12 09:48:02 Job submitted from host: <18.12.1.74:45913>
...
001 (788544.000.000) 10/12 10:00:27 Job executing on host: <18.12.9.54:49928>
...
006 (788544.000.000) 10/12 10:00:36 Image size of job updated: 2
	3  -  MemoryUsage of job (MB)
	2356  -  ResidentSetSize of job (KB)
...
006 (788544.000.000) 10/12 10:01:57 Image size of job updated: 230256
	3  -  MemoryUsage of job (MB)
	2356  -  ResidentSetSize of job (KB)
...
005 (788544.000.000) 10/12 10:01:57 Job terminated.
	(1) Normal termination (return value 0)
		Usr 0 00:00:43, Sys 0 00:00:01  -  Run Remote Usage
		Usr 0 00:00:00, Sys 0 00:00:00  -  Run Local Usage
		Usr 0 00:00:43, Sys 0 00:00:01  -  Total Remote Usage
		Usr 0 00:00:00, Sys 0 00:00:00  -  Total Local Usage
	585182  -  Run Bytes Sent By Job
	62703  -  Run Bytes Received By Job
	585182  -  Total Bytes Sent By Job
	62703  -  Total Bytes Received By Job
	Partitionable Resources :    Usage  Request          
	   Cpus                 :                 1          
	   Disk (KB)            :      658      658          
	   Memory (MB)          :        3        3          
...
