000 (556046.000.000) 08/12 11:33:39 Job submitted from host: <18.12.1.74:48322>
...
001 (556046.000.000) 08/12 11:48:10 Job executing on host: <18.12.8.178:42190>
...
006 (556046.000.000) 08/12 11:48:18 Image size of job updated: 2
	3  -  MemoryUsage of job (MB)
	2348  -  ResidentSetSize of job (KB)
...
006 (556046.000.000) 08/12 11:49:56 Image size of job updated: 230060
	3  -  MemoryUsage of job (MB)
	2348  -  ResidentSetSize of job (KB)
...
005 (556046.000.000) 08/12 11:49:56 Job terminated.
	(1) Normal termination (return value 0)
		Usr 0 00:00:26, Sys 0 00:00:00  -  Run Remote Usage
		Usr 0 00:00:00, Sys 0 00:00:00  -  Run Local Usage
		Usr 0 00:00:26, Sys 0 00:00:00  -  Total Remote Usage
		Usr 0 00:00:00, Sys 0 00:00:00  -  Total Local Usage
	586064  -  Run Bytes Sent By Job
	62715  -  Run Bytes Received By Job
	586064  -  Total Bytes Sent By Job
	62715  -  Total Bytes Received By Job
	Partitionable Resources :    Usage  Request          
	   Cpus                 :                 1          
	   Disk (KB)            :      659      659          
	   Memory (MB)          :        3        3          
...
000 (566415.000.000) 08/20 21:02:10 Job submitted from host: <18.12.1.74:48322>
...
001 (566415.000.000) 08/20 21:02:59 Job executing on host: <18.12.9.38:45329>
...
006 (566415.000.000) 08/20 21:03:08 Image size of job updated: 69176
	13  -  MemoryUsage of job (MB)
	13308  -  ResidentSetSize of job (KB)
...
006 (566415.000.000) 08/20 21:05:33 Image size of job updated: 230068
	13  -  MemoryUsage of job (MB)
	13308  -  ResidentSetSize of job (KB)
...
005 (566415.000.000) 08/20 21:12:10 Job terminated.
	(1) Normal termination (return value 0)
		Usr 0 00:00:31, Sys 0 00:00:00  -  Run Remote Usage
		Usr 0 00:00:00, Sys 0 00:00:00  -  Run Local Usage
		Usr 0 00:00:31, Sys 0 00:00:00  -  Total Remote Usage
		Usr 0 00:00:00, Sys 0 00:00:00  -  Total Local Usage
	586455  -  Run Bytes Sent By Job
	62731  -  Run Bytes Received By Job
	586455  -  Total Bytes Sent By Job
	62731  -  Total Bytes Received By Job
	Partitionable Resources :    Usage  Request          
	   Cpus                 :                 1          
	   Disk (KB)            :      659      659          
	   Memory (MB)          :       13       13          
...
000 (782420.000.000) 10/01 13:04:25 Job submitted from host: <18.12.1.74:47665>
...
001 (782420.000.000) 10/01 13:13:15 Job executing on host: <18.12.8.147:46570>
...
006 (782420.000.000) 10/01 13:13:23 Image size of job updated: 2
	3  -  MemoryUsage of job (MB)
	2340  -  ResidentSetSize of job (KB)
...
006 (782420.000.000) 10/01 13:16:56 Image size of job updated: 230060
	3  -  MemoryUsage of job (MB)
	2340  -  ResidentSetSize of job (KB)
...
005 (782420.000.000) 10/01 13:16:57 Job terminated.
	(1) Normal termination (return value 0)
		Usr 0 00:00:25, Sys 0 00:00:00  -  Run Remote Usage
		Usr 0 00:00:00, Sys 0 00:00:00  -  Run Local Usage
		Usr 0 00:00:25, Sys 0 00:00:00  -  Total Remote Usage
		Usr 0 00:00:00, Sys 0 00:00:00  -  Total Local Usage
	586119  -  Run Bytes Sent By Job
	62730  -  Run Bytes Received By Job
	586119  -  Total Bytes Sent By Job
	62730  -  Total Bytes Received By Job
	Partitionable Resources :    Usage  Request          
	   Cpus                 :                 1          
	   Disk (KB)            :      659      659          
	   Memory (MB)          :        3        3          
...
000 (782601.000.000) 10/01 14:30:52 Job submitted from host: <18.12.1.74:47665>
...
001 (782601.000.000) 10/01 14:31:43 Job executing on host: <18.12.8.169:42044>
...
006 (782601.000.000) 10/01 14:31:51 Image size of job updated: 2
	3  -  MemoryUsage of job (MB)
	2336  -  ResidentSetSize of job (KB)
...
006 (782601.000.000) 10/01 14:33:54 Image size of job updated: 227196
	3  -  MemoryUsage of job (MB)
	2336  -  ResidentSetSize of job (KB)
...
005 (782601.000.000) 10/01 14:36:09 Job terminated.
	(1) Normal termination (return value 0)
		Usr 0 00:00:14, Sys 0 00:00:00  -  Run Remote Usage
		Usr 0 00:00:00, Sys 0 00:00:00  -  Run Local Usage
		Usr 0 00:00:14, Sys 0 00:00:00  -  Total Remote Usage
		Usr 0 00:00:00, Sys 0 00:00:00  -  Total Local Usage
	1882963  -  Run Bytes Sent By Job
	62736  -  Run Bytes Received By Job
	1882963  -  Total Bytes Sent By Job
	62736  -  Total Bytes Received By Job
	Partitionable Resources :    Usage  Request          
	   Cpus                 :                 1          
	   Disk (KB)            :     1925     1925          
	   Memory (MB)          :        3        3          
...
000 (788142.000.000) 10/09 09:23:38 Job submitted from host: <18.12.1.74:45913>
...
001 (788142.000.000) 10/09 09:24:07 Job executing on host: <18.12.6.39:41314>
...
006 (788142.000.000) 10/09 09:24:16 Image size of job updated: 13384
	2  -  MemoryUsage of job (MB)
	1980  -  ResidentSetSize of job (KB)
...
006 (788142.000.000) 10/09 09:25:17 Image size of job updated: 235576
	2  -  MemoryUsage of job (MB)
	1980  -  ResidentSetSize of job (KB)
...
005 (788142.000.000) 10/09 09:25:17 Job terminated.
	(1) Normal termination (return value 0)
		Usr 0 00:00:40, Sys 0 00:00:00  -  Run Remote Usage
		Usr 0 00:00:00, Sys 0 00:00:00  -  Run Local Usage
		Usr 0 00:00:40, Sys 0 00:00:00  -  Total Remote Usage
		Usr 0 00:00:00, Sys 0 00:00:00  -  Total Local Usage
	585294  -  Run Bytes Sent By Job
	62698  -  Run Bytes Received By Job
	585294  -  Total Bytes Sent By Job
	62698  -  Total Bytes Received By Job
	Partitionable Resources :    Usage  Request          
	   Cpus                 :                 1          
	   Disk (KB)            :      658      658          
	   Memory (MB)          :        2        2          
...
000 (788507.000.000) 10/12 09:47:59 Job submitted from host: <18.12.1.74:45913>
...
001 (788507.000.000) 10/12 09:52:35 Job executing on host: <18.12.9.54:49928>
...
006 (788507.000.000) 10/12 09:52:44 Image size of job updated: 224748
	88  -  MemoryUsage of job (MB)
	89956  -  ResidentSetSize of job (KB)
...
006 (788507.000.000) 10/12 09:53:27 Image size of job updated: 230048
	88  -  MemoryUsage of job (MB)
	89956  -  ResidentSetSize of job (KB)
...
005 (788507.000.000) 10/12 09:53:27 Job terminated.
	(1) Normal termination (return value 0)
		Usr 0 00:00:31, Sys 0 00:00:01  -  Run Remote Usage
		Usr 0 00:00:00, Sys 0 00:00:00  -  Run Local Usage
		Usr 0 00:00:31, Sys 0 00:00:01  -  Total Remote Usage
		Usr 0 00:00:00, Sys 0 00:00:00  -  Total Local Usage
	585126  -  Run Bytes Sent By Job
	62703  -  Run Bytes Received By Job
	585126  -  Total Bytes Sent By Job
	62703  -  Total Bytes Received By Job
	Partitionable Resources :    Usage  Request          
	   Cpus                 :                 1          
	   Disk (KB)            :      658      658          
	   Memory (MB)          :       88       88          
...
