000 (556037.000.000) 08/12 11:33:38 Job submitted from host: <18.12.1.74:48322>
...
001 (556037.000.000) 08/12 11:46:26 Job executing on host: <18.12.8.35:49344>
...
006 (556037.000.000) 08/12 11:46:34 Image size of job updated: 191280
	79  -  MemoryUsage of job (MB)
	80472  -  ResidentSetSize of job (KB)
...
006 (556037.000.000) 08/12 11:48:30 Image size of job updated: 230068
	79  -  MemoryUsage of job (MB)
	80472  -  ResidentSetSize of job (KB)
...
005 (556037.000.000) 08/12 11:48:30 Job terminated.
	(1) Normal termination (return value 0)
		Usr 0 00:01:07, Sys 0 00:00:03  -  Run Remote Usage
		Usr 0 00:00:00, Sys 0 00:00:00  -  Run Local Usage
		Usr 0 00:01:07, Sys 0 00:00:03  -  Total Remote Usage
		Usr 0 00:00:00, Sys 0 00:00:00  -  Total Local Usage
	586087  -  Run Bytes Sent By Job
	62715  -  Run Bytes Received By Job
	586087  -  Total Bytes Sent By Job
	62715  -  Total Bytes Received By Job
	Partitionable Resources :    Usage  Request          
	   Cpus                 :                 1          
	   Disk (KB)            :      659      659          
	   Memory (MB)          :       79       79          
...
000 (566406.000.000) 08/20 21:01:43 Job submitted from host: <18.12.1.74:48322>
...
007 (566406.000.000) 08/20 21:02:01 Shadow exception!
	Error from slot11@t2bat0204.cmsaf.mit.edu: Failed to transfer files
	0  -  Run Bytes Sent By Job
	0  -  Run Bytes Received By Job
...
001 (566406.000.000) 08/20 21:02:58 Job executing on host: <18.12.9.66:48687>
...
006 (566406.000.000) 08/20 21:03:06 Image size of job updated: 2
	3  -  MemoryUsage of job (MB)
	2348  -  ResidentSetSize of job (KB)
...
006 (566406.000.000) 08/20 21:04:26 Image size of job updated: 230072
	3  -  MemoryUsage of job (MB)
	2348  -  ResidentSetSize of job (KB)
...
005 (566406.000.000) 08/20 21:10:51 Job terminated.
	(1) Normal termination (return value 0)
		Usr 0 00:00:34, Sys 0 00:00:00  -  Run Remote Usage
		Usr 0 00:00:00, Sys 0 00:00:00  -  Run Local Usage
		Usr 0 00:00:34, Sys 0 00:00:00  -  Total Remote Usage
		Usr 0 00:00:00, Sys 0 00:00:00  -  Total Local Usage
	586055  -  Run Bytes Sent By Job
	62731  -  Run Bytes Received By Job
	586055  -  Total Bytes Sent By Job
	62731  -  Total Bytes Received By Job
	Partitionable Resources :    Usage  Request          
	   Cpus                 :                 1          
	   Disk (KB)            :      659      659          
	   Memory (MB)          :        3        3          
...
000 (782411.000.000) 10/01 13:04:24 Job submitted from host: <18.12.1.74:47665>
...
001 (782411.000.000) 10/01 13:13:12 Job executing on host: <18.12.9.35:48906>
...
006 (782411.000.000) 10/01 13:13:20 Image size of job updated: 2
	3  -  MemoryUsage of job (MB)
	2352  -  ResidentSetSize of job (KB)
...
006 (782411.000.000) 10/01 13:17:15 Image size of job updated: 230068
	3  -  MemoryUsage of job (MB)
	2352  -  ResidentSetSize of job (KB)
...
005 (782411.000.000) 10/01 13:17:15 Job terminated.
	(1) Normal termination (return value 0)
		Usr 0 00:00:43, Sys 0 00:00:01  -  Run Remote Usage
		Usr 0 00:00:00, Sys 0 00:00:00  -  Run Local Usage
		Usr 0 00:00:43, Sys 0 00:00:01  -  Total Remote Usage
		Usr 0 00:00:00, Sys 0 00:00:00  -  Total Local Usage
	586335  -  Run Bytes Sent By Job
	62730  -  Run Bytes Received By Job
	586335  -  Total Bytes Sent By Job
	62730  -  Total Bytes Received By Job
	Partitionable Resources :    Usage  Request          
	   Cpus                 :                 1          
	   Disk (KB)            :      659      659          
	   Memory (MB)          :        3        3          
...
000 (782592.000.000) 10/01 14:30:51 Job submitted from host: <18.12.1.74:47665>
...
001 (782592.000.000) 10/01 14:31:40 Job executing on host: <18.12.9.15:49198>
...
006 (782592.000.000) 10/01 14:31:49 Image size of job updated: 193800
	77  -  MemoryUsage of job (MB)
	78640  -  ResidentSetSize of job (KB)
...
006 (782592.000.000) 10/01 14:32:54 Image size of job updated: 227192
	77  -  MemoryUsage of job (MB)
	78640  -  ResidentSetSize of job (KB)
...
005 (782592.000.000) 10/01 14:34:57 Job terminated.
	(1) Normal termination (return value 0)
		Usr 0 00:00:22, Sys 0 00:00:00  -  Run Remote Usage
		Usr 0 00:00:00, Sys 0 00:00:00  -  Run Local Usage
		Usr 0 00:00:22, Sys 0 00:00:00  -  Total Remote Usage
		Usr 0 00:00:00, Sys 0 00:00:00  -  Total Local Usage
	2217331  -  Run Bytes Sent By Job
	62736  -  Run Bytes Received By Job
	2217331  -  Total Bytes Sent By Job
	62736  -  Total Bytes Received By Job
	Partitionable Resources :    Usage  Request          
	   Cpus                 :                 1          
	   Disk (KB)            :     2252     2252          
	   Memory (MB)          :       77       77          
...
000 (788133.000.000) 10/09 09:23:37 Job submitted from host: <18.12.1.74:45913>
...
001 (788133.000.000) 10/09 09:24:08 Job executing on host: <18.12.8.233:46570>
...
006 (788133.000.000) 10/09 09:24:17 Image size of job updated: 9248
	2  -  MemoryUsage of job (MB)
	1268  -  ResidentSetSize of job (KB)
...
006 (788133.000.000) 10/09 09:25:24 Image size of job updated: 230060
	2  -  MemoryUsage of job (MB)
	1268  -  ResidentSetSize of job (KB)
...
005 (788133.000.000) 10/09 09:25:24 Job terminated.
	(1) Normal termination (return value 0)
		Usr 0 00:00:43, Sys 0 00:00:00  -  Run Remote Usage
		Usr 0 00:00:00, Sys 0 00:00:00  -  Run Local Usage
		Usr 0 00:00:43, Sys 0 00:00:00  -  Total Remote Usage
		Usr 0 00:00:00, Sys 0 00:00:00  -  Total Local Usage
	585243  -  Run Bytes Sent By Job
	62698  -  Run Bytes Received By Job
	585243  -  Total Bytes Sent By Job
	62698  -  Total Bytes Received By Job
	Partitionable Resources :    Usage  Request          
	   Cpus                 :                 1          
	   Disk (KB)            :      658      658          
	   Memory (MB)          :        2        2          
...
000 (788498.000.000) 10/12 09:47:58 Job submitted from host: <18.12.1.74:45913>
...
001 (788498.000.000) 10/12 09:54:37 Job executing on host: <18.12.6.12:42482>
...
006 (788498.000.000) 10/12 09:54:45 Image size of job updated: 227392
	91  -  MemoryUsage of job (MB)
	92844  -  ResidentSetSize of job (KB)
...
006 (788498.000.000) 10/12 09:56:05 Image size of job updated: 230056
	91  -  MemoryUsage of job (MB)
	92844  -  ResidentSetSize of job (KB)
...
005 (788498.000.000) 10/12 09:56:05 Job terminated.
	(1) Normal termination (return value 0)
		Usr 0 00:00:48, Sys 0 00:00:01  -  Run Remote Usage
		Usr 0 00:00:00, Sys 0 00:00:00  -  Run Local Usage
		Usr 0 00:00:48, Sys 0 00:00:01  -  Total Remote Usage
		Usr 0 00:00:00, Sys 0 00:00:00  -  Total Local Usage
	585033  -  Run Bytes Sent By Job
	62703  -  Run Bytes Received By Job
	585033  -  Total Bytes Sent By Job
	62703  -  Total Bytes Received By Job
	Partitionable Resources :    Usage  Request          
	   Cpus                 :                 1          
	   Disk (KB)            :      658      658          
	   Memory (MB)          :       91       91          
...
