000 (556041.000.000) 08/12 11:33:38 Job submitted from host: <18.12.1.74:48322>
...
001 (556041.000.000) 08/12 11:47:20 Job executing on host: <18.12.9.80:43650>
...
006 (556041.000.000) 08/12 11:47:28 Image size of job updated: 229936
	92  -  MemoryUsage of job (MB)
	94108  -  ResidentSetSize of job (KB)
...
006 (556041.000.000) 08/12 11:49:09 Image size of job updated: 230068
	92  -  MemoryUsage of job (MB)
	94108  -  ResidentSetSize of job (KB)
...
005 (556041.000.000) 08/12 11:49:09 Job terminated.
	(1) Normal termination (return value 0)
		Usr 0 00:00:23, Sys 0 00:00:01  -  Run Remote Usage
		Usr 0 00:00:00, Sys 0 00:00:00  -  Run Local Usage
		Usr 0 00:00:23, Sys 0 00:00:01  -  Total Remote Usage
		Usr 0 00:00:00, Sys 0 00:00:00  -  Total Local Usage
	586108  -  Run Bytes Sent By Job
	62715  -  Run Bytes Received By Job
	586108  -  Total Bytes Sent By Job
	62715  -  Total Bytes Received By Job
	Partitionable Resources :    Usage  Request          
	   Cpus                 :                 1          
	   Disk (KB)            :      659      659          
	   Memory (MB)          :       92       92          
...
000 (566410.000.000) 08/20 21:01:53 Job submitted from host: <18.12.1.74:48322>
...
001 (566410.000.000) 08/20 21:02:04 Job executing on host: <18.12.8.191:44672>
...
006 (566410.000.000) 08/20 21:02:12 Image size of job updated: 228340
	91  -  MemoryUsage of job (MB)
	93052  -  ResidentSetSize of job (KB)
...
006 (566410.000.000) 08/20 21:03:03 Image size of job updated: 230076
	91  -  MemoryUsage of job (MB)
	93052  -  ResidentSetSize of job (KB)
...
005 (566410.000.000) 08/20 21:09:31 Job terminated.
	(1) Normal termination (return value 0)
		Usr 0 00:00:31, Sys 0 00:00:00  -  Run Remote Usage
		Usr 0 00:00:00, Sys 0 00:00:00  -  Run Local Usage
		Usr 0 00:00:31, Sys 0 00:00:00  -  Total Remote Usage
		Usr 0 00:00:00, Sys 0 00:00:00  -  Total Local Usage
	585961  -  Run Bytes Sent By Job
	62731  -  Run Bytes Received By Job
	585961  -  Total Bytes Sent By Job
	62731  -  Total Bytes Received By Job
	Partitionable Resources :    Usage  Request          
	   Cpus                 :                 1          
	   Disk (KB)            :      659      659          
	   Memory (MB)          :       91       91          
...
000 (782415.000.000) 10/01 13:04:24 Job submitted from host: <18.12.1.74:47665>
...
001 (782415.000.000) 10/01 13:13:14 Job executing on host: <18.12.9.37:40511>
...
006 (782415.000.000) 10/01 13:13:23 Image size of job updated: 93592
	3  -  MemoryUsage of job (MB)
	2744  -  ResidentSetSize of job (KB)
...
006 (782415.000.000) 10/01 13:18:14 Image size of job updated: 230064
	3  -  MemoryUsage of job (MB)
	2744  -  ResidentSetSize of job (KB)
...
005 (782415.000.000) 10/01 13:18:19 Job terminated.
	(1) Normal termination (return value 0)
		Usr 0 00:00:30, Sys 0 00:00:02  -  Run Remote Usage
		Usr 0 00:00:00, Sys 0 00:00:00  -  Run Local Usage
		Usr 0 00:00:30, Sys 0 00:00:02  -  Total Remote Usage
		Usr 0 00:00:00, Sys 0 00:00:00  -  Total Local Usage
	586299  -  Run Bytes Sent By Job
	62730  -  Run Bytes Received By Job
	586299  -  Total Bytes Sent By Job
	62730  -  Total Bytes Received By Job
	Partitionable Resources :    Usage  Request          
	   Cpus                 :                 1          
	   Disk (KB)            :      659      659          
	   Memory (MB)          :        3        3          
...
000 (782596.000.000) 10/01 14:30:51 Job submitted from host: <18.12.1.74:47665>
...
001 (782596.000.000) 10/01 14:31:44 Job executing on host: <18.12.6.65:44380>
...
006 (782596.000.000) 10/01 14:31:53 Image size of job updated: 143816
	18  -  MemoryUsage of job (MB)
	18204  -  ResidentSetSize of job (KB)
...
006 (782596.000.000) 10/01 14:36:49 Image size of job updated: 227152
	18  -  MemoryUsage of job (MB)
	18204  -  ResidentSetSize of job (KB)
...
005 (782596.000.000) 10/01 14:40:02 Job terminated.
	(1) Normal termination (return value 0)
		Usr 0 00:00:14, Sys 0 00:00:00  -  Run Remote Usage
		Usr 0 00:00:00, Sys 0 00:00:00  -  Run Local Usage
		Usr 0 00:00:14, Sys 0 00:00:00  -  Total Remote Usage
		Usr 0 00:00:00, Sys 0 00:00:00  -  Total Local Usage
	1730480  -  Run Bytes Sent By Job
	62736  -  Run Bytes Received By Job
	1730480  -  Total Bytes Sent By Job
	62736  -  Total Bytes Received By Job
	Partitionable Resources :    Usage  Request          
	   Cpus                 :                 1          
	   Disk (KB)            :     1776     1776          
	   Memory (MB)          :       18       18          
...
000 (788137.000.000) 10/09 09:23:37 Job submitted from host: <18.12.1.74:45913>
...
001 (788137.000.000) 10/09 09:24:02 Job executing on host: <18.12.6.74:46935>
...
006 (788137.000.000) 10/09 09:24:10 Image size of job updated: 2
	3  -  MemoryUsage of job (MB)
	2340  -  ResidentSetSize of job (KB)
...
006 (788137.000.000) 10/09 09:25:06 Image size of job updated: 230048
	3  -  MemoryUsage of job (MB)
	2340  -  ResidentSetSize of job (KB)
...
005 (788137.000.000) 10/09 09:25:06 Job terminated.
	(1) Normal termination (return value 0)
		Usr 0 00:00:26, Sys 0 00:00:00  -  Run Remote Usage
		Usr 0 00:00:00, Sys 0 00:00:00  -  Run Local Usage
		Usr 0 00:00:26, Sys 0 00:00:00  -  Total Remote Usage
		Usr 0 00:00:00, Sys 0 00:00:00  -  Total Local Usage
	585358  -  Run Bytes Sent By Job
	62698  -  Run Bytes Received By Job
	585358  -  Total Bytes Sent By Job
	62698  -  Total Bytes Received By Job
	Partitionable Resources :    Usage  Request          
	   Cpus                 :                 1          
	   Disk (KB)            :      658      658          
	   Memory (MB)          :        3        3          
...
000 (788502.000.000) 10/12 09:47:58 Job submitted from host: <18.12.1.74:45913>
...
001 (788502.000.000) 10/12 09:52:34 Job executing on host: <18.12.8.26:45110>
...
006 (788502.000.000) 10/12 09:52:43 Image size of job updated: 229920
	92  -  MemoryUsage of job (MB)
	94176  -  ResidentSetSize of job (KB)
...
006 (788502.000.000) 10/12 09:53:48 Image size of job updated: 230052
	92  -  MemoryUsage of job (MB)
	94176  -  ResidentSetSize of job (KB)
...
005 (788502.000.000) 10/12 09:53:49 Job terminated.
	(1) Normal termination (return value 0)
		Usr 0 00:00:45, Sys 0 00:00:02  -  Run Remote Usage
		Usr 0 00:00:00, Sys 0 00:00:00  -  Run Local Usage
		Usr 0 00:00:45, Sys 0 00:00:02  -  Total Remote Usage
		Usr 0 00:00:00, Sys 0 00:00:00  -  Total Local Usage
	585001  -  Run Bytes Sent By Job
	62703  -  Run Bytes Received By Job
	585001  -  Total Bytes Sent By Job
	62703  -  Total Bytes Received By Job
	Partitionable Resources :    Usage  Request          
	   Cpus                 :                 1          
	   Disk (KB)            :      658      658          
	   Memory (MB)          :       92       92          
...
