000 (556013.000.000) 08/12 11:33:35 Job submitted from host: <18.12.1.74:48322>
...
001 (556013.000.000) 08/12 11:41:02 Job executing on host: <18.12.8.155:42555>
...
006 (556013.000.000) 08/12 11:41:11 Image size of job updated: 2
	3  -  MemoryUsage of job (MB)
	2344  -  ResidentSetSize of job (KB)
...
006 (556013.000.000) 08/12 11:46:12 Image size of job updated: 230296
	90  -  MemoryUsage of job (MB)
	91632  -  ResidentSetSize of job (KB)
...
006 (556013.000.000) 08/12 11:51:12 Image size of job updated: 230296
	95  -  MemoryUsage of job (MB)
	96532  -  ResidentSetSize of job (KB)
...
005 (556013.000.000) 08/12 11:52:04 Job terminated.
	(1) Normal termination (return value 0)
		Usr 0 00:01:09, Sys 0 00:00:01  -  Run Remote Usage
		Usr 0 00:00:00, Sys 0 00:00:00  -  Run Local Usage
		Usr 0 00:01:09, Sys 0 00:00:01  -  Total Remote Usage
		Usr 0 00:00:00, Sys 0 00:00:00  -  Total Local Usage
	586121  -  Run Bytes Sent By Job
	62715  -  Run Bytes Received By Job
	586121  -  Total Bytes Sent By Job
	62715  -  Total Bytes Received By Job
	Partitionable Resources :    Usage  Request          
	   Cpus                 :                 1          
	   Disk (KB)            :      659      659          
	   Memory (MB)          :       95       95          
...
000 (566382.000.000) 08/20 21:00:23 Job submitted from host: <18.12.1.74:48322>
...
007 (566382.000.000) 08/20 21:00:34 Shadow exception!
	Error from slot7@t2bat0197.cmsaf.mit.edu: Failed to transfer files
	0  -  Run Bytes Sent By Job
	0  -  Run Bytes Received By Job
...
007 (566382.000.000) 08/20 21:00:38 Shadow exception!
	Error from slot8@t2bat0292.cmsaf.mit.edu: Failed to transfer files
	0  -  Run Bytes Sent By Job
	0  -  Run Bytes Received By Job
...
001 (566382.000.000) 08/20 21:01:18 Job executing on host: <18.12.9.26:46862>
...
006 (566382.000.000) 08/20 21:01:27 Image size of job updated: 68912
	13  -  MemoryUsage of job (MB)
	13100  -  ResidentSetSize of job (KB)
...
006 (566382.000.000) 08/20 21:05:47 Image size of job updated: 230300
	13  -  MemoryUsage of job (MB)
	13100  -  ResidentSetSize of job (KB)
...
022 (566382.000.000) 08/20 21:05:47 Job disconnected, attempting to reconnect
    Socket between submit and execute hosts closed unexpectedly
    Trying to reconnect to slot29@t2bat0282.cmsaf.mit.edu <18.12.9.26:46862>
...
023 (566382.000.000) 08/20 21:05:47 Job reconnected to slot29@t2bat0282.cmsaf.mit.edu
    startd address: <18.12.9.26:46862>
    starter address: <18.12.9.26:48690>
...
022 (566382.000.000) 08/20 21:05:51 Job disconnected, attempting to reconnect
    Socket between submit and execute hosts closed unexpectedly
    Trying to reconnect to slot29@t2bat0282.cmsaf.mit.edu <18.12.9.26:46862>
...
023 (566382.000.000) 08/20 21:05:51 Job reconnected to slot29@t2bat0282.cmsaf.mit.edu
    startd address: <18.12.9.26:46862>
    starter address: <18.12.9.26:48690>
...
022 (566382.000.000) 08/20 21:05:52 Job disconnected, attempting to reconnect
    Socket between submit and execute hosts closed unexpectedly
    Trying to reconnect to slot29@t2bat0282.cmsaf.mit.edu <18.12.9.26:46862>
...
023 (566382.000.000) 08/20 21:05:52 Job reconnected to slot29@t2bat0282.cmsaf.mit.edu
    startd address: <18.12.9.26:46862>
    starter address: <18.12.9.26:48690>
...
005 (566382.000.000) 08/20 21:12:17 Job terminated.
	(1) Normal termination (return value 0)
		Usr 0 00:00:56, Sys 0 00:00:01  -  Run Remote Usage
		Usr 0 00:00:00, Sys 0 00:00:00  -  Run Local Usage
		Usr 0 00:00:56, Sys 0 00:00:01  -  Total Remote Usage
		Usr 0 00:00:00, Sys 0 00:00:00  -  Total Local Usage
	586370  -  Run Bytes Sent By Job
	62731  -  Run Bytes Received By Job
	586370  -  Total Bytes Sent By Job
	62731  -  Total Bytes Received By Job
	Partitionable Resources :    Usage  Request          
	   Cpus                 :                 1          
	   Disk (KB)            :      659      659          
	   Memory (MB)          :       13       13          
...
