000 (556485.000.000) 08/12 14:11:02 Job submitted from host: <18.12.1.74:48322>
...
001 (556485.000.000) 08/12 14:51:55 Job executing on host: <18.12.9.80:43650>
...
006 (556485.000.000) 08/12 14:52:04 Image size of job updated: 2
	3  -  MemoryUsage of job (MB)
	2348  -  ResidentSetSize of job (KB)
...
006 (556485.000.000) 08/12 14:55:49 Image size of job updated: 230104
	3  -  MemoryUsage of job (MB)
	2348  -  ResidentSetSize of job (KB)
...
005 (556485.000.000) 08/12 14:55:49 Job terminated.
	(1) Normal termination (return value 0)
		Usr 0 00:00:17, Sys 0 00:00:01  -  Run Remote Usage
		Usr 0 00:00:00, Sys 0 00:00:00  -  Run Local Usage
		Usr 0 00:00:17, Sys 0 00:00:01  -  Total Remote Usage
		Usr 0 00:00:00, Sys 0 00:00:00  -  Total Local Usage
	586071  -  Run Bytes Sent By Job
	62715  -  Run Bytes Received By Job
	586071  -  Total Bytes Sent By Job
	62715  -  Total Bytes Received By Job
	Partitionable Resources :    Usage  Request          
	   Cpus                 :                 1          
	   Disk (KB)            :      659      659          
	   Memory (MB)          :        3        3          
...
000 (557745.000.000) 08/13 11:57:37 Job submitted from host: <18.12.1.74:48322>
...
001 (557745.000.000) 08/13 12:48:58 Job executing on host: <18.12.8.172:49417>
...
006 (557745.000.000) 08/13 12:49:06 Image size of job updated: 229968
	94  -  MemoryUsage of job (MB)
	95648  -  ResidentSetSize of job (KB)
...
006 (557745.000.000) 08/13 12:49:38 Image size of job updated: 230100
	94  -  MemoryUsage of job (MB)
	95648  -  ResidentSetSize of job (KB)
...
005 (557745.000.000) 08/13 12:49:39 Job terminated.
	(1) Normal termination (return value 0)
		Usr 0 00:00:12, Sys 0 00:00:00  -  Run Remote Usage
		Usr 0 00:00:00, Sys 0 00:00:00  -  Run Local Usage
		Usr 0 00:00:12, Sys 0 00:00:00  -  Total Remote Usage
		Usr 0 00:00:00, Sys 0 00:00:00  -  Total Local Usage
	586014  -  Run Bytes Sent By Job
	62715  -  Run Bytes Received By Job
	586014  -  Total Bytes Sent By Job
	62715  -  Total Bytes Received By Job
	Partitionable Resources :    Usage  Request          
	   Cpus                 :                 1          
	   Disk (KB)            :      659      659          
	   Memory (MB)          :       94       94          
...
000 (558261.000.000) 08/13 14:31:19 Job submitted from host: <18.12.1.74:48322>
...
001 (558261.000.000) 08/13 15:14:15 Job executing on host: <18.12.9.30:44672>
...
006 (558261.000.000) 08/13 15:14:23 Image size of job updated: 2
	3  -  MemoryUsage of job (MB)
	2352  -  ResidentSetSize of job (KB)
...
006 (558261.000.000) 08/13 15:15:39 Image size of job updated: 230104
	3  -  MemoryUsage of job (MB)
	2352  -  ResidentSetSize of job (KB)
...
005 (558261.000.000) 08/13 15:15:39 Job terminated.
	(1) Normal termination (return value 0)
		Usr 0 00:00:15, Sys 0 00:00:00  -  Run Remote Usage
		Usr 0 00:00:00, Sys 0 00:00:00  -  Run Local Usage
		Usr 0 00:00:15, Sys 0 00:00:00  -  Total Remote Usage
		Usr 0 00:00:00, Sys 0 00:00:00  -  Total Local Usage
	586135  -  Run Bytes Sent By Job
	62714  -  Run Bytes Received By Job
	586135  -  Total Bytes Sent By Job
	62714  -  Total Bytes Received By Job
	Partitionable Resources :    Usage  Request          
	   Cpus                 :                 1          
	   Disk (KB)            :      659      659          
	   Memory (MB)          :        3        3          
...
000 (565598.000.000) 08/20 13:00:54 Job submitted from host: <18.12.1.74:48322>
...
001 (565598.000.000) 08/20 13:01:13 Job executing on host: <18.12.8.164:49125>
...
006 (565598.000.000) 08/20 13:01:22 Image size of job updated: 89580
	2  -  MemoryUsage of job (MB)
	1768  -  ResidentSetSize of job (KB)
...
006 (565598.000.000) 08/20 13:01:54 Image size of job updated: 230128
	2  -  MemoryUsage of job (MB)
	1768  -  ResidentSetSize of job (KB)
...
005 (565598.000.000) 08/20 13:08:28 Job terminated.
	(1) Normal termination (return value 0)
		Usr 0 00:00:17, Sys 0 00:00:00  -  Run Remote Usage
		Usr 0 00:00:00, Sys 0 00:00:00  -  Run Local Usage
		Usr 0 00:00:17, Sys 0 00:00:00  -  Total Remote Usage
		Usr 0 00:00:00, Sys 0 00:00:00  -  Total Local Usage
	586040  -  Run Bytes Sent By Job
	62731  -  Run Bytes Received By Job
	586040  -  Total Bytes Sent By Job
	62731  -  Total Bytes Received By Job
	Partitionable Resources :    Usage  Request          
	   Cpus                 :                 1          
	   Disk (KB)            :      658      658          
	   Memory (MB)          :        2        2          
...
