000 (554298.000.000) 08/11 09:09:18 Job submitted from host: <18.12.1.74:48322>
...
001 (554298.000.000) 08/11 09:09:53 Job executing on host: <18.12.8.177:46862>
...
006 (554298.000.000) 08/11 09:10:02 Image size of job updated: 225032
	91  -  MemoryUsage of job (MB)
	92356  -  ResidentSetSize of job (KB)
...
006 (554298.000.000) 08/11 09:10:51 Image size of job updated: 230124
	91  -  MemoryUsage of job (MB)
	92356  -  ResidentSetSize of job (KB)
...
005 (554298.000.000) 08/11 09:10:51 Job terminated.
	(1) Normal termination (return value 0)
		Usr 0 00:00:27, Sys 0 00:00:00  -  Run Remote Usage
		Usr 0 00:00:00, Sys 0 00:00:00  -  Run Local Usage
		Usr 0 00:00:27, Sys 0 00:00:00  -  Total Remote Usage
		Usr 0 00:00:00, Sys 0 00:00:00  -  Total Local Usage
	585845  -  Run Bytes Sent By Job
	62717  -  Run Bytes Received By Job
	585845  -  Total Bytes Sent By Job
	62717  -  Total Bytes Received By Job
	Partitionable Resources :    Usage  Request          
	   Cpus                 :                 1          
	   Disk (KB)            :      658      658          
	   Memory (MB)          :       91       91          
...
000 (558013.000.000) 08/13 13:34:24 Job submitted from host: <18.12.1.74:48322>
...
001 (558013.000.000) 08/13 14:00:11 Job executing on host: <18.12.6.31:42701>
...
006 (558013.000.000) 08/13 14:00:20 Image size of job updated: 192448
	80  -  MemoryUsage of job (MB)
	81688  -  ResidentSetSize of job (KB)
...
006 (558013.000.000) 08/13 14:03:44 Image size of job updated: 229992
	80  -  MemoryUsage of job (MB)
	81688  -  ResidentSetSize of job (KB)
...
005 (558013.000.000) 08/13 14:03:44 Job terminated.
	(1) Normal termination (return value 0)
		Usr 0 00:00:36, Sys 0 00:00:00  -  Run Remote Usage
		Usr 0 00:00:00, Sys 0 00:00:00  -  Run Local Usage
		Usr 0 00:00:36, Sys 0 00:00:00  -  Total Remote Usage
		Usr 0 00:00:00, Sys 0 00:00:00  -  Total Local Usage
	586074  -  Run Bytes Sent By Job
	62720  -  Run Bytes Received By Job
	586074  -  Total Bytes Sent By Job
	62720  -  Total Bytes Received By Job
	Partitionable Resources :    Usage  Request          
	   Cpus                 :                 1          
	   Disk (KB)            :      659      659          
	   Memory (MB)          :       80       80          
...
000 (566304.000.000) 08/20 20:26:42 Job submitted from host: <18.12.1.74:48322>
...
001 (566304.000.000) 08/20 20:26:53 Job executing on host: <18.12.8.20:43504>
...
006 (566304.000.000) 08/20 20:27:04 Image size of job updated: 2
	3  -  MemoryUsage of job (MB)
	2356  -  ResidentSetSize of job (KB)
...
006 (566304.000.000) 08/20 20:29:03 Image size of job updated: 229988
	3  -  MemoryUsage of job (MB)
	2356  -  ResidentSetSize of job (KB)
...
005 (566304.000.000) 08/20 20:35:27 Job terminated.
	(1) Normal termination (return value 0)
		Usr 0 00:00:34, Sys 0 00:00:00  -  Run Remote Usage
		Usr 0 00:00:00, Sys 0 00:00:00  -  Run Local Usage
		Usr 0 00:00:34, Sys 0 00:00:00  -  Total Remote Usage
		Usr 0 00:00:00, Sys 0 00:00:00  -  Total Local Usage
	586131  -  Run Bytes Sent By Job
	62732  -  Run Bytes Received By Job
	586131  -  Total Bytes Sent By Job
	62732  -  Total Bytes Received By Job
	Partitionable Resources :    Usage  Request          
	   Cpus                 :                 1          
	   Disk (KB)            :      659      659          
	   Memory (MB)          :        3        3          
...
