
----------------------------------------------------
Job started on Thu Oct  8 12:44:02 EDT 2015 at WN: t2bat0201.cmsaf.mit.edu 
Job is running on Linux t2bat0201.cmsaf.mit.edu 2.6.32-358.el6.x86_64 #1 SMP Fri Feb 22 20:37:17 CST 2013 x86_64 x86_64 x86_64 GNU/Linux
Filesystem            Size  Used Avail Use% Mounted on
/dev/sda3              20G  2.5G   17G  14% /
tmpfs                  12G     0   12G   0% /dev/shm
/dev/sda1              97M   32M   61M  35% /boot
/dev/sda4             874G   77G  798G   9% /export/data1
/dev/sdb1             1.8T  1.7T  189G  90% /export/00b
/dev/sdc1             1.8T  1.7T  192G  90% /export/00c
/dev/sdd1             1.8T  1.7T  194G  90% /export/00d
/dev/sde1             1.8T  1.6T  199G  90% /export/00e
/dev/sdf1             1.8T  1.7T  193G  90% /export/00f
fuse_dfs              5.0P  4.4P  536T  90% /mnt/hadoop
cvmfs2                 98G   75G   24G  77% /cvmfs/cvmfs.cmsaf.mit.edu
cvmfs2                 98G   75G   24G  77% /cvmfs/cms.cern.ch
t2srv0004:/export/db  135G  187M  135G   1% /net/t2srv0004/db
gcc (GCC) 4.4.7 20120313 (Red Hat 4.4.7-3)
Copyright (C) 2010 Free Software Foundation, Inc.
This is free software; see the source for copying conditions.  There is NO
warranty; not even for MERCHANTABILITY or FITNESS FOR A PARTICULAR PURPOSE.

Processing...
0/2600
Macro finished: 
CPU time (min)  = 0.0341667
Real time (min) = 0.117348
total 1.3M
-rw-r--r--  1 obaron obaron 108K Oct  7 11:36 jetRAA_PbPb_data_forest.txt
-rw-r--r--  1 obaron obaron  94K Oct  7 11:36 jetRAA_PbPb_data_akPu4_select.txt
-rw-r--r--  1 obaron obaron  94K Oct  7 11:36 jetRAA_PbPb_data_akPu3_select.txt
-rw-r--r--  1 obaron obaron  94K Oct  7 11:36 jetRAA_PbPb_data_akPu2_select.txt
-rw-r--r--  1 obaron obaron  70K Oct  8 11:20 RAA_read_data_pbpb.C
-rw-r--r--  1 obaron obaron  11K Oct  8 12:41 RAA_read_data_pbpb_C.d
-rwxr-xr-x  1 obaron obaron 101K Oct  8 12:42 RAA_read_data_pbpb_C.so
-rw-rw-r--  1 obaron obaron  61K Oct  8 12:44 jetRAA_run_PbPb_Data.tar
-rwxr-xr-x  1 obaron obaron 1.2K Oct  8 12:44 condor_exec.exe
-rw-r--r--  1 condor condor 5.6K Oct  8 12:44 .machine.ad
-rw-r--r--  1 condor condor  20K Oct  8 12:44 .job.ad
-rwx------  1 obaron obaron   50 Oct  8 12:44 .chirp.config
drwxr-xr-x 19 condor root   4.0K Oct  8 12:44 ..
-rw-r--r--  1 obaron obaron    0 Oct  8 12:44 _condor_stderr
drwx------  2 obaron obaron 4.0K Oct  8 12:44 .
-rw-r--r--  1 obaron obaron 1.4K Oct  8 12:44 _condor_stdout
-rw-r--r--  1 obaron obaron 601K Oct  8 12:44 PbPb_Data_histograms_FromForest_pileupCutFIX_ZDCmCut_akPu3_20_eta_20_5.root
Done!
Copied output files to hadoop rootfiles/JetRAA/June29
