
----------------------------------------------------
Job started on Thu Aug 20 12:58:08 EDT 2015 at WN: t2bat0290.cmsaf.mit.edu 
Job is running on Linux t2bat0290.cmsaf.mit.edu 2.6.32-358.el6.x86_64 #1 SMP Fri Feb 22 20:37:17 CST 2013 x86_64 x86_64 x86_64 GNU/Linux
Filesystem            Size  Used Avail Use% Mounted on
/dev/sda3              20G  4.2G   15G  22% /
tmpfs                  32G     0   32G   0% /dev/shm
/dev/sda1              97M   32M   61M  35% /boot
/dev/sda4             416G  108G  308G  26% /export/data1
/dev/sdb1             2.7T  2.5T  223G  92% /export/00b
/dev/sdc1             2.7T  2.5T  244G  92% /export/00c
/dev/sdd1             2.7T  2.5T  236G  92% /export/00d
/dev/sde1             2.7T  2.5T  214G  93% /export/00e
/dev/sdf1             2.7T  2.5T  228G  92% /export/00f
/dev/sdg1             2.7T  2.5T  250G  91% /export/00g
/dev/sdh1             2.7T  2.5T  235G  92% /export/00h
/dev/sdi1             2.7T  2.5T  240G  92% /export/00i
/dev/sdj1             2.7T  2.5T  249G  91% /export/00j
/dev/sdk1             2.7T  2.5T  235G  92% /export/00k
/dev/sdl1             2.7T  2.5T  243G  92% /export/00l
fuse_dfs              4.9P  4.6P  328T  94% /mnt/hadoop
cvmfs2                 98G   95G  3.7G  97% /cvmfs/cms.cern.ch
t2srv0004:/export/db  135G  187M  135G   1% /net/t2srv0004/db
cvmfs2                 98G   95G  3.7G  97% /cvmfs/cvmfs.cmsaf.mit.edu
gcc (GCC) 4.4.7 20120313 (Red Hat 4.4.7-3)
Copyright (C) 2010 Free Software Foundation, Inc.
This is free software; see the source for copying conditions.  There is NO
warranty; not even for MERCHANTABILITY or FITNESS FOR A PARTICULAR PURPOSE.

Processing...
0/200320
10000/200320
20000/200320
30000/200320
40000/200320
50000/200320
60000/200320
70000/200320
80000/200320
90000/200320
100000/200320
110000/200320
120000/200320
130000/200320
140000/200320
150000/200320
160000/200320
170000/200320
180000/200320
190000/200320
200000/200320
Macro finished: 
CPU time (min)  = 1.858
Real time (min) = 5.03397
total 1.8M
-rw-r--r--  1 obaron obaron 108K Aug 13 15:28 jetRAA_PbPb_data_forest.txt
-rw-r--r--  1 obaron obaron  94K Aug 13 15:28 jetRAA_PbPb_data_akPu4_select.txt
-rw-r--r--  1 obaron obaron  94K Aug 13 15:28 jetRAA_PbPb_data_akPu3_select.txt
-rw-r--r--  1 obaron obaron  94K Aug 13 15:28 jetRAA_PbPb_data_akPu2_select.txt
-rw-r--r--  1 obaron obaron  70K Aug 20 12:29 RAA_read_data_pbpb.C
-rw-r--r--  1 obaron obaron  11K Aug 20 12:30 RAA_read_data_pbpb_C.d
-rwxr-xr-x  1 obaron obaron 101K Aug 20 12:30 RAA_read_data_pbpb_C.so
-rw-rw-r--  1 obaron obaron  61K Aug 20 12:58 jetRAA_run_PbPb_Data.tar
-rwxr-xr-x  1 obaron obaron 1.2K Aug 20 12:58 condor_exec.exe
drwxr-xr-x 34 condor root   4.0K Aug 20 12:58 ..
-rw-r--r--  1 condor condor 5.5K Aug 20 12:58 .machine.ad
-rw-r--r--  1 condor condor  20K Aug 20 12:58 .job.ad
-rwx------  1 obaron obaron   49 Aug 20 12:58 .chirp.config
drwx------  2 obaron obaron 4.0K Aug 20 12:58 .
-rw-r--r--  1 obaron obaron  678 Aug 20 12:58 _condor_stderr
-rw-r--r--  1 obaron obaron 2.0K Aug 20 13:03 _condor_stdout
-rw-r--r--  1 obaron obaron 1.1M Aug 20 13:03 PbPb_Data_histograms_FromForest_pileupCutFIX_ZDCmCut_akPu4_20_eta_20_675.root
Done!
Copied output files to hadoop rootfiles/JetRAA/June29
