
----------------------------------------------------
Job started on Thu Aug 20 21:02:04 EDT 2015 at WN: t2bat0296.cmsaf.mit.edu 
Job is running on Linux t2bat0296.cmsaf.mit.edu 2.6.32-358.el6.x86_64 #1 SMP Fri Feb 22 20:37:17 CST 2013 x86_64 x86_64 x86_64 GNU/Linux
Filesystem            Size  Used Avail Use% Mounted on
/dev/sda3              20G  4.5G   15G  25% /
tmpfs                  32G     0   32G   0% /dev/shm
/dev/sda1              97M   32M   61M  35% /boot
/dev/sda4             416G   38G  378G  10% /export/data1
fuse_dfs              4.9P  4.6P  323T  94% /mnt/hadoop
/dev/sdb1             2.7T  2.5T  244G  92% /export/00b
/dev/sdc1             2.7T  2.5T  242G  92% /export/00c
/dev/sdd1             2.7T  2.5T  242G  92% /export/00d
/dev/sde1             2.7T  2.5T  236G  92% /export/00e
/dev/sdf1             2.7T  2.5T  227G  92% /export/00f
/dev/sdg1             2.7T  2.5T  254G  91% /export/00g
/dev/sdh1             2.7T  2.5T  254G  91% /export/00h
/dev/sdi1             2.7T  2.5T  240G  92% /export/00i
/dev/sdj1             2.7T  2.5T  233G  92% /export/00j
/dev/sdk1             2.7T  2.5T  225G  92% /export/00k
/dev/sdl1             2.7T  2.5T  258G  91% /export/00l
cvmfs2                 98G   19G   80G  19% /cvmfs/cms.cern.ch
t2srv0004:/export/db  135G  187M  135G   1% /net/t2srv0004/db
cvmfs2                 98G   19G   80G  19% /cvmfs/cvmfs.cmsaf.mit.edu
gcc (GCC) 4.4.7 20120313 (Red Hat 4.4.7-3)
Copyright (C) 2010 Free Software Foundation, Inc.
This is free software; see the source for copying conditions.  There is NO
warranty; not even for MERCHANTABILITY or FITNESS FOR A PARTICULAR PURPOSE.

Processing...
0/80358
10000/80358
20000/80358
30000/80358
40000/80358
50000/80358
60000/80358
70000/80358
80000/80358
Macro finished: 
CPU time (min)  = 0.767667
Real time (min) = 2.7957
total 1.6M
-rw-r--r--  1 obaron obaron  94K Aug 20 20:49 jetRAA_PbPb_data_akPu3_select.txt
-rw-r--r--  1 obaron obaron  70K Aug 20 20:49 RAA_read_data_pbpb.C
-rw-r--r--  1 obaron obaron 108K Aug 20 20:49 jetRAA_PbPb_data_forest.txt
-rw-r--r--  1 obaron obaron  94K Aug 20 20:49 jetRAA_PbPb_data_akPu2_select.txt
-rw-r--r--  1 obaron obaron  94K Aug 20 20:50 jetRAA_PbPb_data_akPu4_select.txt
-rw-r--r--  1 obaron obaron  11K Aug 20 20:57 RAA_read_data_pbpb_C.d
-rwxr-xr-x  1 obaron obaron 101K Aug 20 20:58 RAA_read_data_pbpb_C.so
-rw-r--r--  1 condor condor 5.6K Aug 20 21:02 .machine.ad
-rw-r--r--  1 condor condor  20K Aug 20 21:02 .job.ad
-rwx------  1 obaron obaron   49 Aug 20 21:02 .chirp.config
-rw-rw-r--  1 obaron obaron  61K Aug 20 21:02 jetRAA_run_PbPb_Data.tar
-rwxr-xr-x  1 obaron obaron 1.2K Aug 20 21:02 condor_exec.exe
drwx------  2 obaron obaron 4.0K Aug 20 21:02 .
-rw-r--r--  1 obaron obaron  678 Aug 20 21:02 _condor_stderr
drwxr-xr-x 34 condor root   4.0K Aug 20 21:04 ..
-rw-r--r--  1 obaron obaron 1.8K Aug 20 21:04 _condor_stdout
-rw-r--r--  1 obaron obaron 894K Aug 20 21:04 PbPb_Data_histograms_FromForest_pileupCutFIX_ZDCmCut_akPu2_20_eta_20_150.root
Done!
Copied output files to hadoop rootfiles/JetRAA/June29
