
----------------------------------------------------
Job started on Mon Oct 12 10:51:13 EDT 2015 at WN: t2bat0297.cmsaf.mit.edu 
Job is running on Linux t2bat0297.cmsaf.mit.edu 2.6.32-358.el6.x86_64 #1 SMP Fri Feb 22 20:37:17 CST 2013 x86_64 x86_64 x86_64 GNU/Linux
Filesystem            Size  Used Avail Use% Mounted on
/dev/sda3              20G  3.9G   15G  21% /
tmpfs                  32G     0   32G   0% /dev/shm
/dev/sda1              97M   32M   61M  35% /boot
/dev/sda4             416G   30G  386G   8% /export/data1
fuse_dfs              5.0P  4.0P  1.1P  80% /mnt/hadoop
/dev/sdb1             2.7T  2.1T  631G  78% /export/00b
/dev/sdc1             2.7T  2.1T  616G  78% /export/00c
/dev/sdd1             2.7T  2.1T  625G  78% /export/00d
/dev/sde1             2.7T  2.1T  628G  78% /export/00e
/dev/sdf1             2.7T  2.1T  612G  78% /export/00f
/dev/sdg1             2.7T  2.1T  637G  77% /export/00g
/dev/sdh1             2.7T  2.1T  632G  78% /export/00h
/dev/sdi1             2.7T  2.1T  628G  78% /export/00i
/dev/sdj1             2.7T  2.1T  605G  79% /export/00j
/dev/sdk1             2.7T  2.1T  615G  78% /export/00k
/dev/sdl1             2.7T  2.1T  619G  78% /export/00l
cvmfs2                 98G   22G   77G  22% /cvmfs/cms.cern.ch
t2srv0004:/export/db  135G  187M  135G   1% /net/t2srv0004/db
cvmfs2                 98G   22G   77G  22% /cvmfs/oasis.opensciencegrid.org
cvmfs2                 98G   22G   77G  22% /cvmfs/cdfcfs.fnal.gov
cvmfs2                 98G   22G   77G  22% /cvmfs/cvmfs.cmsaf.mit.edu
hisrv0001:/export/home
                      2.0T  1.6T  302G  85% /net/hisrv0001/home
gcc (GCC) 4.4.7 20120313 (Red Hat 4.4.7-3)
Copyright (C) 2010 Free Software Foundation, Inc.
This is free software; see the source for copying conditions.  There is NO
warranty; not even for MERCHANTABILITY or FITNESS FOR A PARTICULAR PURPOSE.

Processing...
0/155465
10000/155465
20000/155465
30000/155465
40000/155465
50000/155465
60000/155465
70000/155465
80000/155465
90000/155465
100000/155465
110000/155465
120000/155465
130000/155465
140000/155465
150000/155465
Macro finished: 
CPU time (min)  = 1.46167
Real time (min) = 7.01508
total 1.9M
-rw-r--r--  1 obaron obaron 108K Oct 12 10:08 jetRAA_PbPb_data_forest.txt
-rw-r--r--  1 obaron obaron  94K Oct 12 10:08 jetRAA_PbPb_data_akPu4_select.txt
-rw-r--r--  1 obaron obaron  94K Oct 12 10:08 jetRAA_PbPb_data_akPu3_select.txt
-rw-r--r--  1 obaron obaron  94K Oct 12 10:08 jetRAA_PbPb_data_akPu2_select.txt
-rw-r--r--  1 obaron obaron  70K Oct 12 10:40 RAA_read_data_pbpb.C
-rw-r--r--  1 obaron obaron  11K Oct 12 10:40 RAA_read_data_pbpb_C.d
-rwxr-xr-x  1 obaron obaron 101K Oct 12 10:40 RAA_read_data_pbpb_C.so
-rw-rw-r--  1 obaron obaron  61K Oct 12 10:51 jetRAA_run_PbPb_Data.tar
-rwxr-xr-x  1 obaron obaron 1.2K Oct 12 10:51 condor_exec.exe
-rw-r--r--  1 condor condor 5.4K Oct 12 10:51 .machine.ad
-rw-r--r--  1 condor condor  20K Oct 12 10:51 .job.ad
-rwx------  1 obaron obaron   49 Oct 12 10:51 .chirp.config
-rw-r--r--  1 obaron obaron    0 Oct 12 10:51 _condor_stderr
drwx------  2 obaron obaron 4.0K Oct 12 10:51 .
drwxr-xr-x 34 condor root   4.0K Oct 12 10:58 ..
-rw-r--r--  1 obaron obaron 2.2K Oct 12 10:58 _condor_stdout
-rw-r--r--  1 obaron obaron 1.2M Oct 12 10:58 PbPb_Data_histograms_FromForest_pileupCutFIX_ZDCmCut_30GeVcut_akPu3_20_eta_20_385.root
Done!
Copied output files to hadoop rootfiles/JetRAA/June29
