000 (556409.000.000) 08/12 14:10:54 Job submitted from host: <18.12.1.74:48322>
...
001 (556409.000.000) 08/12 14:39:15 Job executing on host: <18.12.9.72:40730>
...
006 (556409.000.000) 08/12 14:39:23 Image size of job updated: 69180
	13  -  MemoryUsage of job (MB)
	13312  -  ResidentSetSize of job (KB)
...
006 (556409.000.000) 08/12 14:44:23 Image size of job updated: 230368
	104  -  MemoryUsage of job (MB)
	106468  -  ResidentSetSize of job (KB)
...
006 (556409.000.000) 08/12 14:49:24 Image size of job updated: 230368
	109  -  MemoryUsage of job (MB)
	110948  -  ResidentSetSize of job (KB)
...
005 (556409.000.000) 08/12 14:53:33 Job terminated.
	(1) Normal termination (return value 0)
		Usr 0 00:01:09, Sys 0 00:00:03  -  Run Remote Usage
		Usr 0 00:00:00, Sys 0 00:00:00  -  Run Local Usage
		Usr 0 00:01:09, Sys 0 00:00:03  -  Total Remote Usage
		Usr 0 00:00:00, Sys 0 00:00:00  -  Total Local Usage
	586207  -  Run Bytes Sent By Job
	62715  -  Run Bytes Received By Job
	586207  -  Total Bytes Sent By Job
	62715  -  Total Bytes Received By Job
	Partitionable Resources :    Usage  Request          
	   Cpus                 :                 1          
	   Disk (KB)            :      659      659          
	   Memory (MB)          :      109      109          
...
000 (557669.000.000) 08/13 11:57:30 Job submitted from host: <18.12.1.74:48322>
...
001 (557669.000.000) 08/13 12:33:24 Job executing on host: <18.12.9.80:43650>
...
006 (557669.000.000) 08/13 12:33:33 Image size of job updated: 230368
	95  -  MemoryUsage of job (MB)
	96956  -  ResidentSetSize of job (KB)
...
006 (557669.000.000) 08/13 12:36:17 Image size of job updated: 236144
	95  -  MemoryUsage of job (MB)
	96956  -  ResidentSetSize of job (KB)
...
005 (557669.000.000) 08/13 12:36:17 Job terminated.
	(1) Normal termination (return value 0)
		Usr 0 00:01:10, Sys 0 00:00:01  -  Run Remote Usage
		Usr 0 00:00:00, Sys 0 00:00:00  -  Run Local Usage
		Usr 0 00:01:10, Sys 0 00:00:01  -  Total Remote Usage
		Usr 0 00:00:00, Sys 0 00:00:00  -  Total Local Usage
	586207  -  Run Bytes Sent By Job
	62715  -  Run Bytes Received By Job
	586207  -  Total Bytes Sent By Job
	62715  -  Total Bytes Received By Job
	Partitionable Resources :    Usage  Request          
	   Cpus                 :                 1          
	   Disk (KB)            :      659      659          
	   Memory (MB)          :       95       95          
...
000 (558185.000.000) 08/13 14:31:12 Job submitted from host: <18.12.1.74:48322>
...
001 (558185.000.000) 08/13 15:02:34 Job executing on host: <18.12.6.31:42701>
...
006 (558185.000.000) 08/13 15:02:43 Image size of job updated: 230104
	98  -  MemoryUsage of job (MB)
	100224  -  ResidentSetSize of job (KB)
...
006 (558185.000.000) 08/13 15:04:58 Image size of job updated: 230368
	98  -  MemoryUsage of job (MB)
	100224  -  ResidentSetSize of job (KB)
...
005 (558185.000.000) 08/13 15:04:58 Job terminated.
	(1) Normal termination (return value 0)
		Usr 0 00:01:12, Sys 0 00:00:01  -  Run Remote Usage
		Usr 0 00:00:00, Sys 0 00:00:00  -  Run Local Usage
		Usr 0 00:01:12, Sys 0 00:00:01  -  Total Remote Usage
		Usr 0 00:00:00, Sys 0 00:00:00  -  Total Local Usage
	585935  -  Run Bytes Sent By Job
	62714  -  Run Bytes Received By Job
	585935  -  Total Bytes Sent By Job
	62714  -  Total Bytes Received By Job
	Partitionable Resources :    Usage  Request          
	   Cpus                 :                 1          
	   Disk (KB)            :      659      659          
	   Memory (MB)          :       98       98          
...
000 (565522.000.000) 08/20 12:54:11 Job submitted from host: <18.12.1.74:48322>
...
001 (565522.000.000) 08/20 12:54:27 Job executing on host: <18.12.8.141:41825>
...
006 (565522.000.000) 08/20 12:54:37 Image size of job updated: 193764
	78  -  MemoryUsage of job (MB)
	79564  -  ResidentSetSize of job (KB)
...
006 (565522.000.000) 08/20 12:58:26 Image size of job updated: 230368
	78  -  MemoryUsage of job (MB)
	79564  -  ResidentSetSize of job (KB)
...
005 (565522.000.000) 08/20 13:06:10 Job terminated.
	(1) Normal termination (return value 0)
		Usr 0 00:01:02, Sys 0 00:00:01  -  Run Remote Usage
		Usr 0 00:00:00, Sys 0 00:00:00  -  Run Local Usage
		Usr 0 00:01:02, Sys 0 00:00:01  -  Total Remote Usage
		Usr 0 00:00:00, Sys 0 00:00:00  -  Total Local Usage
	586061  -  Run Bytes Sent By Job
	62731  -  Run Bytes Received By Job
	586061  -  Total Bytes Sent By Job
	62731  -  Total Bytes Received By Job
	Partitionable Resources :    Usage  Request          
	   Cpus                 :                 1          
	   Disk (KB)            :      659      659          
	   Memory (MB)          :       78       78          
...
