
----------------------------------------------------
Job started on Thu Aug 20 20:29:56 EDT 2015 at WN: hibat0019.cmsaf.mit.edu 
Job is running on Linux hibat0019.cmsaf.mit.edu 2.6.32-358.el6.x86_64 #1 SMP Fri Feb 22 20:37:17 CST 2013 x86_64 x86_64 x86_64 GNU/Linux
Filesystem            Size  Used Avail Use% Mounted on
/dev/sda3              20G  4.4G   15G  24% /
tmpfs                  24G     0   24G   0% /dev/shm
/dev/sda1              97M   32M   61M  35% /boot
/dev/sda4             1.8T   95G  1.7T   6% /export/data1
/dev/sdb1             1.8T  1.7T  129G  93% /export/00b
/dev/sdc1             1.8T  1.7T  128G  94% /export/00c
/dev/sdd1             1.8T  1.7T  130G  93% /export/00d
/dev/sde1             1.8T  1.7T  116G  94% /export/00e
/dev/sdf1             1.8T  1.7T  132G  93% /export/00f
fuse_dfs              4.9P  4.6P  323T  94% /mnt/hadoop
t2srv0004:/export/db  135G  187M  135G   1% /net/t2srv0004/db
cvmfs2                 98G   88G   11G  90% /cvmfs/cms.cern.ch
cvmfs2                 98G   88G   11G  90% /cvmfs/cvmfs.cmsaf.mit.edu
cvmfs2                 98G   88G   11G  90% /cvmfs/oasis.opensciencegrid.org
cvmfs2                 98G   88G   11G  90% /cvmfs/cdfcfs.fnal.gov
gcc (GCC) 4.4.7 20120313 (Red Hat 4.4.7-3)
Copyright (C) 2010 Free Software Foundation, Inc.
This is free software; see the source for copying conditions.  There is NO
warranty; not even for MERCHANTABILITY or FITNESS FOR A PARTICULAR PURPOSE.

Processing...
0/227714
10000/227714
20000/227714
30000/227714
40000/227714
50000/227714
60000/227714
70000/227714
80000/227714
90000/227714
100000/227714
110000/227714
120000/227714
130000/227714
140000/227714
150000/227714
160000/227714
170000/227714
180000/227714
190000/227714
200000/227714
210000/227714
220000/227714
Macro finished: 
CPU time (min)  = 2.6035
Real time (min) = 3.31449
total 2.0M
-rw-r--r--  1 obaron obaron  94K Aug 20 13:21 jetRAA_PbPb_data_akPu2_select.txt
-rw-r--r--  1 obaron obaron  94K Aug 20 13:21 jetRAA_PbPb_data_akPu4_select.txt
-rw-r--r--  1 obaron obaron 108K Aug 20 13:22 jetRAA_PbPb_data_forest.txt
-rw-r--r--  1 obaron obaron  94K Aug 20 13:22 jetRAA_PbPb_data_akPu3_select.txt
-rw-r--r--  1 obaron obaron  70K Aug 20 20:03 RAA_read_data_pbpb.C
-rw-r--r--  1 obaron obaron  11K Aug 20 20:04 RAA_read_data_pbpb_C.d
-rwxr-xr-x  1 obaron obaron 101K Aug 20 20:05 RAA_read_data_pbpb_C.so
-rw-rw-r--  1 obaron obaron  61K Aug 20 20:29 jetRAA_run_PbPb_Data.tar
-rw-r--r--  1 condor condor  20K Aug 20 20:29 .job.ad
drwxr-xr-x 14 condor root   4.0K Aug 20 20:29 ..
-rw-r--r--  1 condor condor 5.6K Aug 20 20:29 .machine.ad
-rwx------  1 obaron obaron   49 Aug 20 20:29 .chirp.config
-rwxr-xr-x  1 obaron obaron 1.2K Aug 20 20:29 condor_exec.exe
drwx------  2 obaron obaron 4.0K Aug 20 20:29 .
-rw-r--r--  1 obaron obaron  678 Aug 20 20:29 _condor_stderr
-rw-r--r--  1 obaron obaron 1.8K Aug 20 20:33 _condor_stdout
-rw-r--r--  1 obaron obaron 1.4M Aug 20 20:33 PbPb_Data_histograms_FromForest_pileupCutFIX_ZDCmCut_akPu3_20_eta_20_830.root
Done!
Copied output files to hadoop rootfiles/JetRAA/June29
