000 (556129.000.000) 08/12 11:33:47 Job submitted from host: <18.12.1.74:48322>
...
001 (556129.000.000) 08/12 12:01:19 Job executing on host: <18.12.9.82:48979>
...
006 (556129.000.000) 08/12 12:01:28 Image size of job updated: 230284
	96  -  MemoryUsage of job (MB)
	98032  -  ResidentSetSize of job (KB)
...
006 (556129.000.000) 08/12 12:05:26 Image size of job updated: 230552
	96  -  MemoryUsage of job (MB)
	98032  -  ResidentSetSize of job (KB)
...
005 (556129.000.000) 08/12 12:05:26 Job terminated.
	(1) Normal termination (return value 0)
		Usr 0 00:01:25, Sys 0 00:00:02  -  Run Remote Usage
		Usr 0 00:00:00, Sys 0 00:00:00  -  Run Local Usage
		Usr 0 00:01:25, Sys 0 00:00:02  -  Total Remote Usage
		Usr 0 00:00:00, Sys 0 00:00:00  -  Total Local Usage
	586307  -  Run Bytes Sent By Job
	62715  -  Run Bytes Received By Job
	586307  -  Total Bytes Sent By Job
	62715  -  Total Bytes Received By Job
	Partitionable Resources :    Usage  Request          
	   Cpus                 :                 1          
	   Disk (KB)            :      659      659          
	   Memory (MB)          :       96       96          
...
000 (566498.000.000) 08/20 21:08:02 Job submitted from host: <18.12.1.74:48322>
...
001 (566498.000.000) 08/20 21:08:26 Job executing on host: <18.12.8.197:42117>
...
006 (566498.000.000) 08/20 21:08:35 Image size of job updated: 230552
	96  -  MemoryUsage of job (MB)
	98228  -  ResidentSetSize of job (KB)
...
005 (566498.000.000) 08/20 21:17:11 Job terminated.
	(1) Normal termination (return value 0)
		Usr 0 00:01:51, Sys 0 00:00:01  -  Run Remote Usage
		Usr 0 00:00:00, Sys 0 00:00:00  -  Run Local Usage
		Usr 0 00:01:51, Sys 0 00:00:01  -  Total Remote Usage
		Usr 0 00:00:00, Sys 0 00:00:00  -  Total Local Usage
	586163  -  Run Bytes Sent By Job
	62731  -  Run Bytes Received By Job
	586163  -  Total Bytes Sent By Job
	62731  -  Total Bytes Received By Job
	Partitionable Resources :    Usage  Request          
	   Cpus                 :                 1          
	   Disk (KB)            :      659      659          
	   Memory (MB)          :       96       96          
...
