000 (556150.000.000) 08/12 11:33:49 Job submitted from host: <18.12.1.74:48322>
...
001 (556150.000.000) 08/12 12:02:45 Job executing on host: <18.12.6.96:41168>
...
006 (556150.000.000) 08/12 12:02:54 Image size of job updated: 193856
	78  -  MemoryUsage of job (MB)
	79616  -  ResidentSetSize of job (KB)
...
006 (556150.000.000) 08/12 12:07:55 Image size of job updated: 230608
	113  -  MemoryUsage of job (MB)
	115620  -  ResidentSetSize of job (KB)
...
005 (556150.000.000) 08/12 12:08:23 Job terminated.
	(1) Normal termination (return value 0)
		Usr 0 00:01:58, Sys 0 00:00:03  -  Run Remote Usage
		Usr 0 00:00:00, Sys 0 00:00:00  -  Run Local Usage
		Usr 0 00:01:58, Sys 0 00:00:03  -  Total Remote Usage
		Usr 0 00:00:00, Sys 0 00:00:00  -  Total Local Usage
	586144  -  Run Bytes Sent By Job
	62715  -  Run Bytes Received By Job
	586144  -  Total Bytes Sent By Job
	62715  -  Total Bytes Received By Job
	Partitionable Resources :    Usage  Request          
	   Cpus                 :                 1          
	   Disk (KB)            :      659      659          
	   Memory (MB)          :      113      113          
...
000 (566519.000.000) 08/20 21:09:28 Job submitted from host: <18.12.1.74:48322>
...
001 (566519.000.000) 08/20 21:09:35 Job executing on host: <18.12.9.50:43066>
...
006 (566519.000.000) 08/20 21:09:45 Image size of job updated: 2
	3  -  MemoryUsage of job (MB)
	2352  -  ResidentSetSize of job (KB)
...
006 (566519.000.000) 08/20 21:11:50 Image size of job updated: 230608
	3  -  MemoryUsage of job (MB)
	2352  -  ResidentSetSize of job (KB)
...
022 (566519.000.000) 08/20 21:11:51 Job disconnected, attempting to reconnect
    Socket between submit and execute hosts closed unexpectedly
    Trying to reconnect to slot24@t2bat0306.cmsaf.mit.edu <18.12.9.50:43066>
...
023 (566519.000.000) 08/20 21:11:51 Job reconnected to slot24@t2bat0306.cmsaf.mit.edu
    startd address: <18.12.9.50:43066>
    starter address: <18.12.9.50:41679>
...
022 (566519.000.000) 08/20 21:11:51 Job disconnected, attempting to reconnect
    Socket between submit and execute hosts closed unexpectedly
    Trying to reconnect to slot24@t2bat0306.cmsaf.mit.edu <18.12.9.50:43066>
...
023 (566519.000.000) 08/20 21:11:52 Job reconnected to slot24@t2bat0306.cmsaf.mit.edu
    startd address: <18.12.9.50:43066>
    starter address: <18.12.9.50:41679>
...
022 (566519.000.000) 08/20 21:11:52 Job disconnected, attempting to reconnect
    Socket between submit and execute hosts closed unexpectedly
    Trying to reconnect to slot24@t2bat0306.cmsaf.mit.edu <18.12.9.50:43066>
...
023 (566519.000.000) 08/20 21:11:52 Job reconnected to slot24@t2bat0306.cmsaf.mit.edu
    startd address: <18.12.9.50:43066>
    starter address: <18.12.9.50:41679>
...
022 (566519.000.000) 08/20 21:11:53 Job disconnected, attempting to reconnect
    Socket between submit and execute hosts closed unexpectedly
    Trying to reconnect to slot24@t2bat0306.cmsaf.mit.edu <18.12.9.50:43066>
...
023 (566519.000.000) 08/20 21:11:53 Job reconnected to slot24@t2bat0306.cmsaf.mit.edu
    startd address: <18.12.9.50:43066>
    starter address: <18.12.9.50:41679>
...
007 (566519.000.000) 08/20 21:11:53 Shadow exception!
	Error from slot24@t2bat0306.cmsaf.mit.edu: Repeated attempts to transfer output failed for unknown reasons
	0  -  Run Bytes Sent By Job
	62731  -  Run Bytes Received By Job
...
001 (566519.000.000) 08/20 21:12:17 Job executing on host: <18.12.9.67:40730>
...
005 (566519.000.000) 08/20 21:23:35 Job terminated.
	(1) Normal termination (return value 0)
		Usr 0 00:01:17, Sys 0 00:00:01  -  Run Remote Usage
		Usr 0 00:00:00, Sys 0 00:00:00  -  Run Local Usage
		Usr 0 00:01:17, Sys 0 00:00:01  -  Total Remote Usage
		Usr 0 00:00:00, Sys 0 00:00:00  -  Total Local Usage
	586360  -  Run Bytes Sent By Job
	62731  -  Run Bytes Received By Job
	586360  -  Total Bytes Sent By Job
	125462  -  Total Bytes Received By Job
	Partitionable Resources :    Usage  Request          
	   Cpus                 :                 1          
	   Disk (KB)            :      750      750          
	   Memory (MB)          :        3        3          
...
