000 (556443.000.000) 08/12 14:10:57 Job submitted from host: <18.12.1.74:48322>
...
001 (556443.000.000) 08/12 14:45:56 Job executing on host: <18.12.12.7:44599>
...
006 (556443.000.000) 08/12 14:46:04 Image size of job updated: 225480
	91  -  MemoryUsage of job (MB)
	92736  -  ResidentSetSize of job (KB)
...
006 (556443.000.000) 08/12 14:51:04 Image size of job updated: 230364
	97  -  MemoryUsage of job (MB)
	98460  -  ResidentSetSize of job (KB)
...
005 (556443.000.000) 08/12 14:51:53 Job terminated.
	(1) Normal termination (return value 0)
		Usr 0 00:01:21, Sys 0 00:00:02  -  Run Remote Usage
		Usr 0 00:00:00, Sys 0 00:00:00  -  Run Local Usage
		Usr 0 00:01:21, Sys 0 00:00:02  -  Total Remote Usage
		Usr 0 00:00:00, Sys 0 00:00:00  -  Total Local Usage
	586178  -  Run Bytes Sent By Job
	62715  -  Run Bytes Received By Job
	586178  -  Total Bytes Sent By Job
	62715  -  Total Bytes Received By Job
	Partitionable Resources :    Usage  Request          
	   Cpus                 :                 1          
	   Disk (KB)            :      659      659          
	   Memory (MB)          :       97       97          
...
000 (557703.000.000) 08/13 11:57:33 Job submitted from host: <18.12.1.74:48322>
...
001 (557703.000.000) 08/13 12:39:24 Job executing on host: <18.12.9.63:42190>
...
006 (557703.000.000) 08/13 12:39:32 Image size of job updated: 193768
	82  -  MemoryUsage of job (MB)
	83196  -  ResidentSetSize of job (KB)
...
006 (557703.000.000) 08/13 12:42:29 Image size of job updated: 230400
	82  -  MemoryUsage of job (MB)
	83196  -  ResidentSetSize of job (KB)
...
005 (557703.000.000) 08/13 12:42:30 Job terminated.
	(1) Normal termination (return value 0)
		Usr 0 00:01:14, Sys 0 00:00:02  -  Run Remote Usage
		Usr 0 00:00:00, Sys 0 00:00:00  -  Run Local Usage
		Usr 0 00:01:14, Sys 0 00:00:02  -  Total Remote Usage
		Usr 0 00:00:00, Sys 0 00:00:00  -  Total Local Usage
	586232  -  Run Bytes Sent By Job
	62715  -  Run Bytes Received By Job
	586232  -  Total Bytes Sent By Job
	62715  -  Total Bytes Received By Job
	Partitionable Resources :    Usage  Request          
	   Cpus                 :                 1          
	   Disk (KB)            :      659      659          
	   Memory (MB)          :       82       82          
...
000 (558219.000.000) 08/13 14:31:15 Job submitted from host: <18.12.1.74:48322>
...
001 (558219.000.000) 08/13 15:07:10 Job executing on host: <18.12.9.48:43358>
...
006 (558219.000.000) 08/13 15:07:18 Image size of job updated: 228892
	94  -  MemoryUsage of job (MB)
	95676  -  ResidentSetSize of job (KB)
...
006 (558219.000.000) 08/13 15:11:00 Image size of job updated: 230396
	94  -  MemoryUsage of job (MB)
	95676  -  ResidentSetSize of job (KB)
...
005 (558219.000.000) 08/13 15:11:00 Job terminated.
	(1) Normal termination (return value 0)
		Usr 0 00:01:16, Sys 0 00:00:01  -  Run Remote Usage
		Usr 0 00:00:00, Sys 0 00:00:00  -  Run Local Usage
		Usr 0 00:01:16, Sys 0 00:00:01  -  Total Remote Usage
		Usr 0 00:00:00, Sys 0 00:00:00  -  Total Local Usage
	586233  -  Run Bytes Sent By Job
	62714  -  Run Bytes Received By Job
	586233  -  Total Bytes Sent By Job
	62714  -  Total Bytes Received By Job
	Partitionable Resources :    Usage  Request          
	   Cpus                 :                 1          
	   Disk (KB)            :      659      659          
	   Memory (MB)          :       94       94          
...
000 (565556.000.000) 08/20 12:57:17 Job submitted from host: <18.12.1.74:48322>
...
001 (565556.000.000) 08/20 12:58:10 Job executing on host: <18.12.9.84:44818>
...
006 (565556.000.000) 08/20 12:58:19 Image size of job updated: 193800
	79  -  MemoryUsage of job (MB)
	80236  -  ResidentSetSize of job (KB)
...
006 (565556.000.000) 08/20 13:00:35 Image size of job updated: 230400
	79  -  MemoryUsage of job (MB)
	80236  -  ResidentSetSize of job (KB)
...
005 (565556.000.000) 08/20 13:07:13 Job terminated.
	(1) Normal termination (return value 0)
		Usr 0 00:01:09, Sys 0 00:00:01  -  Run Remote Usage
		Usr 0 00:00:00, Sys 0 00:00:00  -  Run Local Usage
		Usr 0 00:01:09, Sys 0 00:00:01  -  Total Remote Usage
		Usr 0 00:00:00, Sys 0 00:00:00  -  Total Local Usage
	586426  -  Run Bytes Sent By Job
	62731  -  Run Bytes Received By Job
	586426  -  Total Bytes Sent By Job
	62731  -  Total Bytes Received By Job
	Partitionable Resources :    Usage  Request          
	   Cpus                 :                 1          
	   Disk (KB)            :      659      659          
	   Memory (MB)          :       79       79          
...
