
----------------------------------------------------
Job started on Thu Aug 20 20:28:12 EDT 2015 at WN: t2bat0024.cmsaf.mit.edu 
Job is running on Linux t2bat0024.cmsaf.mit.edu 2.6.32-358.el6.x86_64 #1 SMP Fri Feb 22 20:37:17 CST 2013 x86_64 x86_64 x86_64 GNU/Linux
Filesystem            Size  Used Avail Use% Mounted on
/dev/sda3              20G  4.0G   15G  21% /
tmpfs                 7.8G     0  7.8G   0% /dev/shm
/dev/sda1              97M   33M   60M  36% /boot
/dev/sda4             415G  110G  306G  27% /export/data1
/dev/sdb1             1.8T  1.7T  120G  94% /export/00b
/dev/sdc1             1.8T  1.7T  126G  94% /export/00c
/dev/sdd1             1.8T  1.7T  119G  94% /export/00d
/dev/sde1             1.8T  1.7T  142G  93% /export/00e
/dev/sdf1             1.8T  1.7T  129G  93% /export/00f
fuse_dfs              4.9P  4.6P  323T  94% /mnt/hadoop
cvmfs2                 98G   95G  3.4G  97% /cvmfs/cms.cern.ch
t2srv0004:/export/db  135G  187M  135G   1% /net/t2srv0004/db
cvmfs2                 98G   95G  3.4G  97% /cvmfs/cvmfs.cmsaf.mit.edu
cvmfs2                 98G   95G  3.4G  97% /cvmfs/oasis.opensciencegrid.org
cvmfs2                 98G   95G  3.4G  97% /cvmfs/cdfcfs.fnal.gov
gcc (GCC) 4.4.7 20120313 (Red Hat 4.4.7-3)
Copyright (C) 2010 Free Software Foundation, Inc.
This is free software; see the source for copying conditions.  There is NO
warranty; not even for MERCHANTABILITY or FITNESS FOR A PARTICULAR PURPOSE.

Processing...
0/142373
10000/142373
20000/142373
30000/142373
40000/142373
50000/142373
60000/142373
70000/142373
80000/142373
90000/142373
100000/142373
110000/142373
120000/142373
130000/142373
140000/142373
Macro finished: 
CPU time (min)  = 2.21283
Real time (min) = 2.88897
total 1.8M
-rw-r--r--  1 obaron obaron  94K Aug 20 13:21 jetRAA_PbPb_data_akPu2_select.txt
-rw-r--r--  1 obaron obaron  94K Aug 20 13:21 jetRAA_PbPb_data_akPu4_select.txt
-rw-r--r--  1 obaron obaron 108K Aug 20 13:22 jetRAA_PbPb_data_forest.txt
-rw-r--r--  1 obaron obaron  94K Aug 20 13:22 jetRAA_PbPb_data_akPu3_select.txt
-rw-r--r--  1 obaron obaron  70K Aug 20 20:03 RAA_read_data_pbpb.C
-rw-r--r--  1 obaron obaron  11K Aug 20 20:04 RAA_read_data_pbpb_C.d
-rwxr-xr-x  1 obaron obaron 101K Aug 20 20:05 RAA_read_data_pbpb_C.so
-rw-rw-r--  1 obaron obaron  61K Aug 20 20:28 jetRAA_run_PbPb_Data.tar
-rwxr-xr-x  1 obaron obaron 1.2K Aug 20 20:28 condor_exec.exe
drwxr-xr-x 10 condor root   4.0K Aug 20 20:28 ..
-rw-r--r--  1 condor condor 5.5K Aug 20 20:28 .machine.ad
-rw-r--r--  1 condor condor  20K Aug 20 20:28 .job.ad
-rwx------  1 obaron obaron   49 Aug 20 20:28 .chirp.config
drwx------  2 obaron obaron 4.0K Aug 20 20:28 .
-rw-r--r--  1 obaron obaron  678 Aug 20 20:28 _condor_stderr
-rw-r--r--  1 obaron obaron 1.7K Aug 20 20:31 _condor_stdout
-rw-r--r--  1 obaron obaron 1.1M Aug 20 20:31 PbPb_Data_histograms_FromForest_pileupCutFIX_ZDCmCut_akPu3_20_eta_20_695.root
Done!
Copied output files to hadoop rootfiles/JetRAA/June29
