000 (554184.000.000) 08/11 09:09:00 Job submitted from host: <18.12.1.74:48322>
...
001 (554184.000.000) 08/11 09:09:10 Job executing on host: <18.12.6.15:40730>
...
006 (554184.000.000) 08/11 09:09:19 Image size of job updated: 13384
	2  -  MemoryUsage of job (MB)
	1984  -  ResidentSetSize of job (KB)
...
006 (554184.000.000) 08/11 09:10:28 Image size of job updated: 230080
	2  -  MemoryUsage of job (MB)
	1984  -  ResidentSetSize of job (KB)
...
005 (554184.000.000) 08/11 09:10:28 Job terminated.
	(1) Normal termination (return value 0)
		Usr 0 00:00:33, Sys 0 00:00:00  -  Run Remote Usage
		Usr 0 00:00:00, Sys 0 00:00:00  -  Run Local Usage
		Usr 0 00:00:33, Sys 0 00:00:00  -  Total Remote Usage
		Usr 0 00:00:00, Sys 0 00:00:00  -  Total Local Usage
	585851  -  Run Bytes Sent By Job
	62717  -  Run Bytes Received By Job
	585851  -  Total Bytes Sent By Job
	62717  -  Total Bytes Received By Job
	Partitionable Resources :    Usage  Request          
	   Cpus                 :                 1          
	   Disk (KB)            :      658      658          
	   Memory (MB)          :        2        2          
...
000 (557899.000.000) 08/13 13:34:13 Job submitted from host: <18.12.1.74:48322>
...
001 (557899.000.000) 08/13 13:37:55 Job executing on host: <18.12.9.27:43942>
...
006 (557899.000.000) 08/13 13:38:04 Image size of job updated: 68912
	13  -  MemoryUsage of job (MB)
	13028  -  ResidentSetSize of job (KB)
...
006 (557899.000.000) 08/13 13:41:59 Image size of job updated: 230084
	13  -  MemoryUsage of job (MB)
	13028  -  ResidentSetSize of job (KB)
...
005 (557899.000.000) 08/13 13:41:59 Job terminated.
	(1) Normal termination (return value 0)
		Usr 0 00:00:44, Sys 0 00:00:01  -  Run Remote Usage
		Usr 0 00:00:00, Sys 0 00:00:00  -  Run Local Usage
		Usr 0 00:00:44, Sys 0 00:00:01  -  Total Remote Usage
		Usr 0 00:00:00, Sys 0 00:00:00  -  Total Local Usage
	586423  -  Run Bytes Sent By Job
	62720  -  Run Bytes Received By Job
	586423  -  Total Bytes Sent By Job
	62720  -  Total Bytes Received By Job
	Partitionable Resources :    Usage  Request          
	   Cpus                 :                 1          
	   Disk (KB)            :      659      659          
	   Memory (MB)          :       13       13          
...
000 (566190.000.000) 08/20 20:18:52 Job submitted from host: <18.12.1.74:48322>
...
001 (566190.000.000) 08/20 20:19:11 Job executing on host: <18.12.9.59:41825>
...
006 (566190.000.000) 08/20 20:19:21 Image size of job updated: 187644
	71  -  MemoryUsage of job (MB)
	72144  -  ResidentSetSize of job (KB)
...
006 (566190.000.000) 08/20 20:20:27 Image size of job updated: 230084
	71  -  MemoryUsage of job (MB)
	72144  -  ResidentSetSize of job (KB)
...
005 (566190.000.000) 08/20 20:27:03 Job terminated.
	(1) Normal termination (return value 0)
		Usr 0 00:00:33, Sys 0 00:00:00  -  Run Remote Usage
		Usr 0 00:00:00, Sys 0 00:00:00  -  Run Local Usage
		Usr 0 00:00:33, Sys 0 00:00:00  -  Total Remote Usage
		Usr 0 00:00:00, Sys 0 00:00:00  -  Total Local Usage
	586197  -  Run Bytes Sent By Job
	62732  -  Run Bytes Received By Job
	586197  -  Total Bytes Sent By Job
	62732  -  Total Bytes Received By Job
	Partitionable Resources :    Usage  Request          
	   Cpus                 :                 1          
	   Disk (KB)            :      659      659          
	   Memory (MB)          :       71       71          
...
000 (782738.000.000) 10/01 15:55:17 Job submitted from host: <18.12.1.74:47665>
...
007 (782738.000.000) 10/01 15:55:43 Shadow exception!
	Error from slot15@t2bat0287.cmsaf.mit.edu: Failed to transfer files
	0  -  Run Bytes Sent By Job
	0  -  Run Bytes Received By Job
...
007 (782738.000.000) 10/01 15:55:44 Shadow exception!
	Error from slot15@t2bat0287.cmsaf.mit.edu: Failed to transfer files
	0  -  Run Bytes Sent By Job
	0  -  Run Bytes Received By Job
...
007 (782738.000.000) 10/01 15:55:47 Shadow exception!
	Error from slot15@t2bat0248.cmsaf.mit.edu: Failed to transfer files
	0  -  Run Bytes Sent By Job
	0  -  Run Bytes Received By Job
...
007 (782738.000.000) 10/01 15:55:51 Shadow exception!
	Error from slot14@t2bat0278.cmsaf.mit.edu: Failed to transfer files
	0  -  Run Bytes Sent By Job
	0  -  Run Bytes Received By Job
...
007 (782738.000.000) 10/01 15:56:04 Shadow exception!
	Error from slot12@t2bat0253.cmsaf.mit.edu: Failed to transfer files
	0  -  Run Bytes Sent By Job
	0  -  Run Bytes Received By Job
...
001 (782738.000.000) 10/01 16:00:25 Job executing on host: <18.12.9.83:43431>
...
006 (782738.000.000) 10/01 16:00:39 Image size of job updated: 13384
	2  -  MemoryUsage of job (MB)
	1988  -  ResidentSetSize of job (KB)
...
006 (782738.000.000) 10/01 16:05:48 Image size of job updated: 230080
	99  -  MemoryUsage of job (MB)
	100976  -  ResidentSetSize of job (KB)
...
001 (782738.000.000) 10/01 16:34:10 Job executing on host: <18.12.8.195:48979>
...
006 (782738.000.000) 10/01 16:34:23 Image size of job updated: 146264
	31  -  MemoryUsage of job (MB)
	30972  -  ResidentSetSize of job (KB)
...
006 (782738.000.000) 10/01 16:39:24 Image size of job updated: 230084
	88  -  MemoryUsage of job (MB)
	89096  -  ResidentSetSize of job (KB)
...
006 (782738.000.000) 10/01 16:44:25 Image size of job updated: 230084
	93  -  MemoryUsage of job (MB)
	95028  -  ResidentSetSize of job (KB)
...
005 (782738.000.000) 10/01 16:52:28 Job terminated.
	(1) Normal termination (return value 0)
		Usr 0 00:00:41, Sys 0 00:00:00  -  Run Remote Usage
		Usr 0 00:00:00, Sys 0 00:00:00  -  Run Local Usage
		Usr 0 00:00:41, Sys 0 00:00:00  -  Total Remote Usage
		Usr 0 00:00:00, Sys 0 00:00:00  -  Total Local Usage
	586140  -  Run Bytes Sent By Job
	62734  -  Run Bytes Received By Job
	586140  -  Total Bytes Sent By Job
	62734  -  Total Bytes Received By Job
	Partitionable Resources :    Usage  Request          
	   Cpus                 :                 1          
	   Disk (KB)            :      659      659          
	   Memory (MB)          :       93       93          
...
000 (785896.000.000) 10/05 14:18:58 Job submitted from host: <18.12.1.74:45913>
...
001 (785896.000.000) 10/05 14:19:20 Job executing on host: <18.12.8.145:40438>
...
006 (785896.000.000) 10/05 14:19:28 Image size of job updated: 2
	3  -  MemoryUsage of job (MB)
	2340  -  ResidentSetSize of job (KB)
...
006 (785896.000.000) 10/05 14:20:16 Image size of job updated: 230080
	3  -  MemoryUsage of job (MB)
	2340  -  ResidentSetSize of job (KB)
...
005 (785896.000.000) 10/05 14:20:16 Job terminated.
	(1) Normal termination (return value 0)
		Usr 0 00:00:35, Sys 0 00:00:01  -  Run Remote Usage
		Usr 0 00:00:00, Sys 0 00:00:00  -  Run Local Usage
		Usr 0 00:00:35, Sys 0 00:00:01  -  Total Remote Usage
		Usr 0 00:00:00, Sys 0 00:00:00  -  Total Local Usage
	586126  -  Run Bytes Sent By Job
	62732  -  Run Bytes Received By Job
	586126  -  Total Bytes Sent By Job
	62732  -  Total Bytes Received By Job
	Partitionable Resources :    Usage  Request          
	   Cpus                 :                 1          
	   Disk (KB)            :      659      659          
	   Memory (MB)          :        3        3          
...
000 (786262.000.000) 10/07 09:51:13 Job submitted from host: <18.12.1.74:45913>
...
001 (786262.000.000) 10/07 09:53:51 Job executing on host: <18.12.12.10:46132>
...
006 (786262.000.000) 10/07 09:54:00 Image size of job updated: 192748
	77  -  MemoryUsage of job (MB)
	78612  -  ResidentSetSize of job (KB)
...
006 (786262.000.000) 10/07 09:55:28 Image size of job updated: 230080
	77  -  MemoryUsage of job (MB)
	78612  -  ResidentSetSize of job (KB)
...
005 (786262.000.000) 10/07 09:55:29 Job terminated.
	(1) Normal termination (return value 0)
		Usr 0 00:00:48, Sys 0 00:00:01  -  Run Remote Usage
		Usr 0 00:00:00, Sys 0 00:00:00  -  Run Local Usage
		Usr 0 00:00:48, Sys 0 00:00:01  -  Total Remote Usage
		Usr 0 00:00:00, Sys 0 00:00:00  -  Total Local Usage
	586154  -  Run Bytes Sent By Job
	62734  -  Run Bytes Received By Job
	586154  -  Total Bytes Sent By Job
	62734  -  Total Bytes Received By Job
	Partitionable Resources :    Usage  Request          
	   Cpus                 :                 1          
	   Disk (KB)            :      659      659          
	   Memory (MB)          :       77       77          
...
000 (786443.000.000) 10/07 11:12:45 Job submitted from host: <18.12.1.74:45913>
...
001 (786443.000.000) 10/07 11:18:32 Job executing on host: <18.12.8.176:40511>
...
006 (786443.000.000) 10/07 11:18:40 Image size of job updated: 141476
	18  -  MemoryUsage of job (MB)
	17772  -  ResidentSetSize of job (KB)
...
006 (786443.000.000) 10/07 11:20:16 Image size of job updated: 230064
	18  -  MemoryUsage of job (MB)
	17772  -  ResidentSetSize of job (KB)
...
005 (786443.000.000) 10/07 11:20:16 Job terminated.
	(1) Normal termination (return value 0)
		Usr 0 00:00:37, Sys 0 00:00:00  -  Run Remote Usage
		Usr 0 00:00:00, Sys 0 00:00:00  -  Run Local Usage
		Usr 0 00:00:37, Sys 0 00:00:00  -  Total Remote Usage
		Usr 0 00:00:00, Sys 0 00:00:00  -  Total Local Usage
	585236  -  Run Bytes Sent By Job
	62746  -  Run Bytes Received By Job
	585236  -  Total Bytes Sent By Job
	62746  -  Total Bytes Received By Job
	Partitionable Resources :    Usage  Request          
	   Cpus                 :                 1          
	   Disk (KB)            :      658      658          
	   Memory (MB)          :       18       18          
...
000 (787370.000.000) 10/08 12:42:32 Job submitted from host: <18.12.1.74:45913>
...
001 (787370.000.000) 10/08 12:45:02 Job executing on host: <18.12.8.74:45840>
...
006 (787370.000.000) 10/08 12:45:10 Image size of job updated: 2
	3  -  MemoryUsage of job (MB)
	2348  -  ResidentSetSize of job (KB)
...
006 (787370.000.000) 10/08 12:46:08 Image size of job updated: 230068
	3  -  MemoryUsage of job (MB)
	2348  -  ResidentSetSize of job (KB)
...
005 (787370.000.000) 10/08 12:46:08 Job terminated.
	(1) Normal termination (return value 0)
		Usr 0 00:00:41, Sys 0 00:00:01  -  Run Remote Usage
		Usr 0 00:00:00, Sys 0 00:00:00  -  Run Local Usage
		Usr 0 00:00:41, Sys 0 00:00:01  -  Total Remote Usage
		Usr 0 00:00:00, Sys 0 00:00:00  -  Total Local Usage
	585020  -  Run Bytes Sent By Job
	62749  -  Run Bytes Received By Job
	585020  -  Total Bytes Sent By Job
	62749  -  Total Bytes Received By Job
	Partitionable Resources :    Usage  Request          
	   Cpus                 :                 1          
	   Disk (KB)            :      658      658          
	   Memory (MB)          :        3        3          
...
000 (787552.000.000) 10/08 14:27:03 Job submitted from host: <18.12.1.74:45913>
...
001 (787552.000.000) 10/08 14:32:38 Job executing on host: <18.12.8.227:43066>
...
006 (787552.000.000) 10/08 14:32:47 Image size of job updated: 225060
	89  -  MemoryUsage of job (MB)
	90824  -  ResidentSetSize of job (KB)
...
006 (787552.000.000) 10/08 14:34:15 Image size of job updated: 230064
	89  -  MemoryUsage of job (MB)
	90824  -  ResidentSetSize of job (KB)
...
005 (787552.000.000) 10/08 14:34:15 Job terminated.
	(1) Normal termination (return value 0)
		Usr 0 00:00:51, Sys 0 00:00:00  -  Run Remote Usage
		Usr 0 00:00:00, Sys 0 00:00:00  -  Run Local Usage
		Usr 0 00:00:51, Sys 0 00:00:00  -  Total Remote Usage
		Usr 0 00:00:00, Sys 0 00:00:00  -  Total Local Usage
	585243  -  Run Bytes Sent By Job
	62691  -  Run Bytes Received By Job
	585243  -  Total Bytes Sent By Job
	62691  -  Total Bytes Received By Job
	Partitionable Resources :    Usage  Request          
	   Cpus                 :                 1          
	   Disk (KB)            :      658      658          
	   Memory (MB)          :       89       89          
...
000 (787735.000.000) 10/08 15:16:24 Job submitted from host: <18.12.1.74:45913>
...
001 (787735.000.000) 10/08 15:17:55 Job executing on host: <18.12.8.97:47300>
...
006 (787735.000.000) 10/08 15:18:04 Image size of job updated: 230068
	94  -  MemoryUsage of job (MB)
	95576  -  ResidentSetSize of job (KB)
...
005 (787735.000.000) 10/08 15:18:55 Job terminated.
	(1) Normal termination (return value 0)
		Usr 0 00:00:31, Sys 0 00:00:01  -  Run Remote Usage
		Usr 0 00:00:00, Sys 0 00:00:00  -  Run Local Usage
		Usr 0 00:00:31, Sys 0 00:00:01  -  Total Remote Usage
		Usr 0 00:00:00, Sys 0 00:00:00  -  Total Local Usage
	585239  -  Run Bytes Sent By Job
	62696  -  Run Bytes Received By Job
	585239  -  Total Bytes Sent By Job
	62696  -  Total Bytes Received By Job
	Partitionable Resources :    Usage  Request          
	   Cpus                 :                 1          
	   Disk (KB)            :      658      658          
	   Memory (MB)          :       94       94          
...
000 (788645.000.000) 10/12 10:42:23 Job submitted from host: <18.12.1.74:45913>
...
001 (788645.000.000) 10/12 10:46:12 Job executing on host: <18.12.9.16:40657>
...
006 (788645.000.000) 10/12 10:46:21 Image size of job updated: 230064
	94  -  MemoryUsage of job (MB)
	95572  -  ResidentSetSize of job (KB)
...
005 (788645.000.000) 10/12 10:47:37 Job terminated.
	(1) Normal termination (return value 0)
		Usr 0 00:00:43, Sys 0 00:00:00  -  Run Remote Usage
		Usr 0 00:00:00, Sys 0 00:00:00  -  Run Local Usage
		Usr 0 00:00:43, Sys 0 00:00:00  -  Total Remote Usage
		Usr 0 00:00:00, Sys 0 00:00:00  -  Total Local Usage
	585250  -  Run Bytes Sent By Job
	62704  -  Run Bytes Received By Job
	585250  -  Total Bytes Sent By Job
	62704  -  Total Bytes Received By Job
	Partitionable Resources :    Usage  Request          
	   Cpus                 :                 1          
	   Disk (KB)            :      658      658          
	   Memory (MB)          :       94       94          
...
