000 (556058.000.000) 08/12 11:33:40 Job submitted from host: <18.12.1.74:48322>
...
001 (556058.000.000) 08/12 11:50:18 Job executing on host: <18.12.9.80:43650>
...
006 (556058.000.000) 08/12 11:50:27 Image size of job updated: 193808
	78  -  MemoryUsage of job (MB)
	79612  -  ResidentSetSize of job (KB)
...
006 (556058.000.000) 08/12 11:54:57 Image size of job updated: 235780
	78  -  MemoryUsage of job (MB)
	79612  -  ResidentSetSize of job (KB)
...
005 (556058.000.000) 08/12 11:54:57 Job terminated.
	(1) Normal termination (return value 0)
		Usr 0 00:00:59, Sys 0 00:00:01  -  Run Remote Usage
		Usr 0 00:00:00, Sys 0 00:00:00  -  Run Local Usage
		Usr 0 00:00:59, Sys 0 00:00:01  -  Total Remote Usage
		Usr 0 00:00:00, Sys 0 00:00:00  -  Total Local Usage
	586207  -  Run Bytes Sent By Job
	62715  -  Run Bytes Received By Job
	586207  -  Total Bytes Sent By Job
	62715  -  Total Bytes Received By Job
	Partitionable Resources :    Usage  Request          
	   Cpus                 :                 1          
	   Disk (KB)            :      659      659          
	   Memory (MB)          :       78       78          
...
000 (566427.000.000) 08/20 21:02:47 Job submitted from host: <18.12.1.74:48322>
...
007 (566427.000.000) 08/20 21:03:00 Shadow exception!
	Error from slot13@t2bat0240.cmsaf.mit.edu: Failed to transfer files
	0  -  Run Bytes Sent By Job
	0  -  Run Bytes Received By Job
...
007 (566427.000.000) 08/20 21:04:04 Shadow exception!
	Error from slot30@t2bat0286.cmsaf.mit.edu: Failed to transfer files
	0  -  Run Bytes Sent By Job
	0  -  Run Bytes Received By Job
...
001 (566427.000.000) 08/20 21:04:09 Job executing on host: <18.12.6.24:44745>
...
006 (566427.000.000) 08/20 21:04:20 Image size of job updated: 230204
	95  -  MemoryUsage of job (MB)
	97016  -  ResidentSetSize of job (KB)
...
006 (566427.000.000) 08/20 21:06:06 Image size of job updated: 230336
	95  -  MemoryUsage of job (MB)
	97016  -  ResidentSetSize of job (KB)
...
022 (566427.000.000) 08/20 21:06:09 Job disconnected, attempting to reconnect
    Socket between submit and execute hosts closed unexpectedly
    Trying to reconnect to slot14@hibat0024.cmsaf.mit.edu <18.12.6.24:44745>
...
023 (566427.000.000) 08/20 21:06:10 Job reconnected to slot14@hibat0024.cmsaf.mit.edu
    startd address: <18.12.6.24:44745>
    starter address: <18.12.6.24:49344>
...
022 (566427.000.000) 08/20 21:06:11 Job disconnected, attempting to reconnect
    Socket between submit and execute hosts closed unexpectedly
    Trying to reconnect to slot14@hibat0024.cmsaf.mit.edu <18.12.6.24:44745>
...
023 (566427.000.000) 08/20 21:06:12 Job reconnected to slot14@hibat0024.cmsaf.mit.edu
    startd address: <18.12.6.24:44745>
    starter address: <18.12.6.24:49344>
...
022 (566427.000.000) 08/20 21:06:12 Job disconnected, attempting to reconnect
    Socket between submit and execute hosts closed unexpectedly
    Trying to reconnect to slot14@hibat0024.cmsaf.mit.edu <18.12.6.24:44745>
...
023 (566427.000.000) 08/20 21:06:13 Job reconnected to slot14@hibat0024.cmsaf.mit.edu
    startd address: <18.12.6.24:44745>
    starter address: <18.12.6.24:49344>
...
022 (566427.000.000) 08/20 21:06:14 Job disconnected, attempting to reconnect
    Socket between submit and execute hosts closed unexpectedly
    Trying to reconnect to slot14@hibat0024.cmsaf.mit.edu <18.12.6.24:44745>
...
023 (566427.000.000) 08/20 21:06:15 Job reconnected to slot14@hibat0024.cmsaf.mit.edu
    startd address: <18.12.6.24:44745>
    starter address: <18.12.6.24:49344>
...
007 (566427.000.000) 08/20 21:06:17 Shadow exception!
	Error from slot14@hibat0024.cmsaf.mit.edu: Repeated attempts to transfer output failed for unknown reasons
	0  -  Run Bytes Sent By Job
	62731  -  Run Bytes Received By Job
...
001 (566427.000.000) 08/20 21:06:26 Job executing on host: <18.12.9.38:45329>
...
005 (566427.000.000) 08/20 21:17:13 Job terminated.
	(1) Normal termination (return value 0)
		Usr 0 00:01:09, Sys 0 00:00:02  -  Run Remote Usage
		Usr 0 00:00:00, Sys 0 00:00:00  -  Run Local Usage
		Usr 0 00:01:09, Sys 0 00:00:02  -  Total Remote Usage
		Usr 0 00:00:00, Sys 0 00:00:00  -  Total Local Usage
	586540  -  Run Bytes Sent By Job
	62731  -  Run Bytes Received By Job
	586540  -  Total Bytes Sent By Job
	125462  -  Total Bytes Received By Job
	Partitionable Resources :    Usage  Request          
	   Cpus                 :                 1          
	   Disk (KB)            :      750      750          
	   Memory (MB)          :       98       98          
...
