000 (554258.000.000) 08/11 09:09:09 Job submitted from host: <18.12.1.74:48322>
...
001 (554258.000.000) 08/11 09:09:28 Job executing on host: <18.12.8.154:41168>
...
006 (554258.000.000) 08/11 09:09:37 Image size of job updated: 2
	3  -  MemoryUsage of job (MB)
	2368  -  ResidentSetSize of job (KB)
...
006 (554258.000.000) 08/11 09:12:19 Image size of job updated: 230752
	3  -  MemoryUsage of job (MB)
	2368  -  ResidentSetSize of job (KB)
...
005 (554258.000.000) 08/11 09:12:19 Job terminated.
	(1) Normal termination (return value 0)
		Usr 0 00:01:55, Sys 0 00:00:01  -  Run Remote Usage
		Usr 0 00:00:00, Sys 0 00:00:00  -  Run Local Usage
		Usr 0 00:01:55, Sys 0 00:00:01  -  Total Remote Usage
		Usr 0 00:00:00, Sys 0 00:00:00  -  Total Local Usage
	586100  -  Run Bytes Sent By Job
	62717  -  Run Bytes Received By Job
	586100  -  Total Bytes Sent By Job
	62717  -  Total Bytes Received By Job
	Partitionable Resources :    Usage  Request          
	   Cpus                 :                 1          
	   Disk (KB)            :      659      659          
	   Memory (MB)          :        3        3          
...
000 (557973.000.000) 08/13 13:34:20 Job submitted from host: <18.12.1.74:48322>
...
001 (557973.000.000) 08/13 13:53:03 Job executing on host: <18.12.9.47:41168>
...
006 (557973.000.000) 08/13 13:53:12 Image size of job updated: 2
	3  -  MemoryUsage of job (MB)
	2352  -  ResidentSetSize of job (KB)
...
006 (557973.000.000) 08/13 13:56:22 Image size of job updated: 230756
	3  -  MemoryUsage of job (MB)
	2352  -  ResidentSetSize of job (KB)
...
005 (557973.000.000) 08/13 13:56:22 Job terminated.
	(1) Normal termination (return value 0)
		Usr 0 00:02:10, Sys 0 00:00:02  -  Run Remote Usage
		Usr 0 00:00:00, Sys 0 00:00:00  -  Run Local Usage
		Usr 0 00:02:10, Sys 0 00:00:02  -  Total Remote Usage
		Usr 0 00:00:00, Sys 0 00:00:00  -  Total Local Usage
	586389  -  Run Bytes Sent By Job
	62720  -  Run Bytes Received By Job
	586389  -  Total Bytes Sent By Job
	62720  -  Total Bytes Received By Job
	Partitionable Resources :    Usage  Request          
	   Cpus                 :                 1          
	   Disk (KB)            :      659      659          
	   Memory (MB)          :        3        3          
...
000 (566264.000.000) 08/20 20:24:10 Job submitted from host: <18.12.1.74:48322>
...
001 (566264.000.000) 08/20 20:24:29 Job executing on host: <18.12.9.48:43358>
...
006 (566264.000.000) 08/20 20:24:39 Image size of job updated: 230756
	98  -  MemoryUsage of job (MB)
	99744  -  ResidentSetSize of job (KB)
...
005 (566264.000.000) 08/20 20:34:23 Job terminated.
	(1) Normal termination (return value 0)
		Usr 0 00:02:10, Sys 0 00:00:03  -  Run Remote Usage
		Usr 0 00:00:00, Sys 0 00:00:00  -  Run Local Usage
		Usr 0 00:02:10, Sys 0 00:00:03  -  Total Remote Usage
		Usr 0 00:00:00, Sys 0 00:00:00  -  Total Local Usage
	586444  -  Run Bytes Sent By Job
	62732  -  Run Bytes Received By Job
	586444  -  Total Bytes Sent By Job
	62732  -  Total Bytes Received By Job
	Partitionable Resources :    Usage  Request          
	   Cpus                 :                 1          
	   Disk (KB)            :      659      659          
	   Memory (MB)          :       98       98          
...
000 (782812.000.000) 10/01 15:57:20 Job submitted from host: <18.12.1.74:47665>
...
007 (782812.000.000) 10/01 16:00:35 Shadow exception!
	Error from slot12@t2bat0210.cmsaf.mit.edu: Failed to transfer files
	0  -  Run Bytes Sent By Job
	0  -  Run Bytes Received By Job
...
001 (782812.000.000) 10/01 16:00:48 Job executing on host: <18.12.8.210:46789>
...
006 (782812.000.000) 10/01 16:00:56 Image size of job updated: 187644
	71  -  MemoryUsage of job (MB)
	72588  -  ResidentSetSize of job (KB)
...
006 (782812.000.000) 10/01 16:05:56 Image size of job updated: 230748
	93  -  MemoryUsage of job (MB)
	94948  -  ResidentSetSize of job (KB)
...
006 (782812.000.000) 10/01 16:10:57 Image size of job updated: 230748
	103  -  MemoryUsage of job (MB)
	104552  -  ResidentSetSize of job (KB)
...
022 (782812.000.000) 10/01 16:17:13 Job disconnected, attempting to reconnect
    Socket between submit and execute hosts closed unexpectedly
    Trying to reconnect to slot15@t2bat0210.cmsaf.mit.edu <18.12.8.210:46789>
...
023 (782812.000.000) 10/01 16:17:13 Job reconnected to slot15@t2bat0210.cmsaf.mit.edu
    startd address: <18.12.8.210:46789>
    starter address: <18.12.8.210:46716>
...
022 (782812.000.000) 10/01 16:30:15 Job disconnected, attempting to reconnect
    Local schedd and job shadow died, schedd now running again
    Trying to reconnect to slot15@t2bat0210.cmsaf.mit.edu <18.12.8.210:46789>
...
024 (782812.000.000) 10/01 16:31:23 Job reconnection failed
    Job disconnected too long: JobLeaseDuration (1200 seconds) expired
    Can not reconnect to slot15@t2bat0210.cmsaf.mit.edu, rescheduling job
...
001 (782812.000.000) 10/01 16:34:56 Job executing on host: <18.12.9.10:42847>
...
006 (782812.000.000) 10/01 16:35:09 Image size of job updated: 68388
	13  -  MemoryUsage of job (MB)
	12604  -  ResidentSetSize of job (KB)
...
006 (782812.000.000) 10/01 16:40:09 Image size of job updated: 230744
	97  -  MemoryUsage of job (MB)
	99000  -  ResidentSetSize of job (KB)
...
006 (782812.000.000) 10/01 16:44:20 Image size of job updated: 238668
	97  -  MemoryUsage of job (MB)
	99000  -  ResidentSetSize of job (KB)
...
005 (782812.000.000) 10/01 16:46:47 Job terminated.
	(1) Normal termination (return value 0)
		Usr 0 00:02:05, Sys 0 00:00:01  -  Run Remote Usage
		Usr 0 00:00:00, Sys 0 00:00:00  -  Run Local Usage
		Usr 0 00:02:05, Sys 0 00:00:01  -  Total Remote Usage
		Usr 0 00:00:00, Sys 0 00:00:00  -  Total Local Usage
	586386  -  Run Bytes Sent By Job
	62734  -  Run Bytes Received By Job
	586386  -  Total Bytes Sent By Job
	62734  -  Total Bytes Received By Job
	Partitionable Resources :    Usage  Request          
	   Cpus                 :                 1          
	   Disk (KB)            :      659      659          
	   Memory (MB)          :       97       97          
...
000 (785970.000.000) 10/05 14:19:05 Job submitted from host: <18.12.1.74:45913>
...
001 (785970.000.000) 10/05 14:19:53 Job executing on host: <18.12.8.179:42774>
...
006 (785970.000.000) 10/05 14:20:02 Image size of job updated: 28748
	2  -  MemoryUsage of job (MB)
	1628  -  ResidentSetSize of job (KB)
...
006 (785970.000.000) 10/05 14:22:18 Image size of job updated: 230756
	2  -  MemoryUsage of job (MB)
	1628  -  ResidentSetSize of job (KB)
...
005 (785970.000.000) 10/05 14:22:18 Job terminated.
	(1) Normal termination (return value 0)
		Usr 0 00:01:46, Sys 0 00:00:01  -  Run Remote Usage
		Usr 0 00:00:00, Sys 0 00:00:00  -  Run Local Usage
		Usr 0 00:01:46, Sys 0 00:00:01  -  Total Remote Usage
		Usr 0 00:00:00, Sys 0 00:00:00  -  Total Local Usage
	586371  -  Run Bytes Sent By Job
	62732  -  Run Bytes Received By Job
	586371  -  Total Bytes Sent By Job
	62732  -  Total Bytes Received By Job
	Partitionable Resources :    Usage  Request          
	   Cpus                 :                 1          
	   Disk (KB)            :      659      659          
	   Memory (MB)          :        2        2          
...
000 (786336.000.000) 10/07 09:51:21 Job submitted from host: <18.12.1.74:45913>
...
001 (786336.000.000) 10/07 09:52:33 Job executing on host: <18.12.8.209:41314>
...
006 (786336.000.000) 10/07 09:52:42 Image size of job updated: 230624
	100  -  MemoryUsage of job (MB)
	101800  -  ResidentSetSize of job (KB)
...
006 (786336.000.000) 10/07 09:56:05 Image size of job updated: 230760
	100  -  MemoryUsage of job (MB)
	101800  -  ResidentSetSize of job (KB)
...
005 (786336.000.000) 10/07 09:56:05 Job terminated.
	(1) Normal termination (return value 0)
		Usr 0 00:02:11, Sys 0 00:00:01  -  Run Remote Usage
		Usr 0 00:00:00, Sys 0 00:00:00  -  Run Local Usage
		Usr 0 00:02:11, Sys 0 00:00:01  -  Total Remote Usage
		Usr 0 00:00:00, Sys 0 00:00:00  -  Total Local Usage
	586326  -  Run Bytes Sent By Job
	62734  -  Run Bytes Received By Job
	586326  -  Total Bytes Sent By Job
	62734  -  Total Bytes Received By Job
	Partitionable Resources :    Usage  Request          
	   Cpus                 :                 1          
	   Disk (KB)            :      659      659          
	   Memory (MB)          :      100      100          
...
000 (786517.000.000) 10/07 11:12:52 Job submitted from host: <18.12.1.74:45913>
...
001 (786517.000.000) 10/07 11:18:51 Job executing on host: <18.12.12.15:48833>
...
006 (786517.000.000) 10/07 11:18:59 Image size of job updated: 230736
	97  -  MemoryUsage of job (MB)
	98456  -  ResidentSetSize of job (KB)
...
005 (786517.000.000) 10/07 11:22:13 Job terminated.
	(1) Normal termination (return value 0)
		Usr 0 00:02:25, Sys 0 00:00:02  -  Run Remote Usage
		Usr 0 00:00:00, Sys 0 00:00:00  -  Run Local Usage
		Usr 0 00:02:25, Sys 0 00:00:02  -  Total Remote Usage
		Usr 0 00:00:00, Sys 0 00:00:00  -  Total Local Usage
	585482  -  Run Bytes Sent By Job
	62746  -  Run Bytes Received By Job
	585482  -  Total Bytes Sent By Job
	62746  -  Total Bytes Received By Job
	Partitionable Resources :    Usage  Request          
	   Cpus                 :                 1          
	   Disk (KB)            :      658      658          
	   Memory (MB)          :       97       97          
...
000 (787444.000.000) 10/08 12:42:39 Job submitted from host: <18.12.1.74:45913>
...
001 (787444.000.000) 10/08 12:46:06 Job executing on host: <18.12.8.206:46789>
...
006 (787444.000.000) 10/08 12:46:15 Image size of job updated: 230736
	97  -  MemoryUsage of job (MB)
	98452  -  ResidentSetSize of job (KB)
...
005 (787444.000.000) 10/08 12:48:31 Job terminated.
	(1) Normal termination (return value 0)
		Usr 0 00:01:51, Sys 0 00:00:01  -  Run Remote Usage
		Usr 0 00:00:00, Sys 0 00:00:00  -  Run Local Usage
		Usr 0 00:01:51, Sys 0 00:00:01  -  Total Remote Usage
		Usr 0 00:00:00, Sys 0 00:00:00  -  Total Local Usage
	585268  -  Run Bytes Sent By Job
	62749  -  Run Bytes Received By Job
	585268  -  Total Bytes Sent By Job
	62749  -  Total Bytes Received By Job
	Partitionable Resources :    Usage  Request          
	   Cpus                 :                 1          
	   Disk (KB)            :      658      658          
	   Memory (MB)          :       97       97          
...
000 (787626.000.000) 10/08 14:27:10 Job submitted from host: <18.12.1.74:45913>
...
001 (787626.000.000) 10/08 14:34:46 Job executing on host: <18.12.9.66:47154>
...
006 (787626.000.000) 10/08 14:34:55 Image size of job updated: 2
	3  -  MemoryUsage of job (MB)
	2344  -  ResidentSetSize of job (KB)
...
006 (787626.000.000) 10/08 14:37:43 Image size of job updated: 230736
	3  -  MemoryUsage of job (MB)
	2344  -  ResidentSetSize of job (KB)
...
005 (787626.000.000) 10/08 14:37:43 Job terminated.
	(1) Normal termination (return value 0)
		Usr 0 00:02:00, Sys 0 00:00:03  -  Run Remote Usage
		Usr 0 00:00:00, Sys 0 00:00:00  -  Run Local Usage
		Usr 0 00:02:00, Sys 0 00:00:03  -  Total Remote Usage
		Usr 0 00:00:00, Sys 0 00:00:00  -  Total Local Usage
	585545  -  Run Bytes Sent By Job
	62691  -  Run Bytes Received By Job
	585545  -  Total Bytes Sent By Job
	62691  -  Total Bytes Received By Job
	Partitionable Resources :    Usage  Request          
	   Cpus                 :                 1          
	   Disk (KB)            :      658      658          
	   Memory (MB)          :        3        3          
...
000 (787809.000.000) 10/08 15:16:31 Job submitted from host: <18.12.1.74:45913>
...
001 (787809.000.000) 10/08 15:26:58 Job executing on host: <18.12.8.232:43796>
...
006 (787809.000.000) 10/08 15:27:07 Image size of job updated: 181916
	65  -  MemoryUsage of job (MB)
	66240  -  ResidentSetSize of job (KB)
...
006 (787809.000.000) 10/08 15:30:43 Image size of job updated: 230740
	65  -  MemoryUsage of job (MB)
	66240  -  ResidentSetSize of job (KB)
...
005 (787809.000.000) 10/08 15:30:44 Job terminated.
	(1) Normal termination (return value 0)
		Usr 0 00:02:26, Sys 0 00:00:02  -  Run Remote Usage
		Usr 0 00:00:00, Sys 0 00:00:00  -  Run Local Usage
		Usr 0 00:02:26, Sys 0 00:00:02  -  Total Remote Usage
		Usr 0 00:00:00, Sys 0 00:00:00  -  Total Local Usage
	585488  -  Run Bytes Sent By Job
	62696  -  Run Bytes Received By Job
	585488  -  Total Bytes Sent By Job
	62696  -  Total Bytes Received By Job
	Partitionable Resources :    Usage  Request          
	   Cpus                 :                 1          
	   Disk (KB)            :      658      658          
	   Memory (MB)          :       65       65          
...
000 (788719.000.000) 10/12 10:42:33 Job submitted from host: <18.12.1.74:45913>
...
001 (788719.000.000) 10/12 10:47:43 Job executing on host: <18.12.9.54:49928>
...
006 (788719.000.000) 10/12 10:47:52 Image size of job updated: 2
	3  -  MemoryUsage of job (MB)
	2352  -  ResidentSetSize of job (KB)
...
006 (788719.000.000) 10/12 10:51:07 Image size of job updated: 230740
	3  -  MemoryUsage of job (MB)
	2352  -  ResidentSetSize of job (KB)
...
005 (788719.000.000) 10/12 10:51:07 Job terminated.
	(1) Normal termination (return value 0)
		Usr 0 00:02:04, Sys 0 00:00:03  -  Run Remote Usage
		Usr 0 00:00:00, Sys 0 00:00:00  -  Run Local Usage
		Usr 0 00:02:04, Sys 0 00:00:03  -  Total Remote Usage
		Usr 0 00:00:00, Sys 0 00:00:00  -  Total Local Usage
	585465  -  Run Bytes Sent By Job
	62704  -  Run Bytes Received By Job
	585465  -  Total Bytes Sent By Job
	62704  -  Total Bytes Received By Job
	Partitionable Resources :    Usage  Request          
	   Cpus                 :                 1          
	   Disk (KB)            :      658      658          
	   Memory (MB)          :        3        3          
...
