000 (556375.000.000) 08/12 14:10:50 Job submitted from host: <18.12.1.74:48322>
...
001 (556375.000.000) 08/12 14:29:20 Job executing on host: <18.12.9.33:40000>
...
006 (556375.000.000) 08/12 14:29:28 Image size of job updated: 193764
	78  -  MemoryUsage of job (MB)
	79564  -  ResidentSetSize of job (KB)
...
006 (556375.000.000) 08/12 14:34:28 Image size of job updated: 230428
	113  -  MemoryUsage of job (MB)
	115048  -  ResidentSetSize of job (KB)
...
005 (556375.000.000) 08/12 14:44:24 Job terminated.
	(1) Normal termination (return value 0)
		Usr 0 00:01:23, Sys 0 00:00:03  -  Run Remote Usage
		Usr 0 00:00:00, Sys 0 00:00:00  -  Run Local Usage
		Usr 0 00:01:23, Sys 0 00:00:03  -  Total Remote Usage
		Usr 0 00:00:00, Sys 0 00:00:00  -  Total Local Usage
	586513  -  Run Bytes Sent By Job
	62715  -  Run Bytes Received By Job
	586513  -  Total Bytes Sent By Job
	62715  -  Total Bytes Received By Job
	Partitionable Resources :    Usage  Request          
	   Cpus                 :                 1          
	   Disk (KB)            :      659      659          
	   Memory (MB)          :      113      113          
...
000 (557635.000.000) 08/13 11:57:26 Job submitted from host: <18.12.1.74:48322>
...
001 (557635.000.000) 08/13 12:21:54 Job executing on host: <18.12.9.40:47592>
...
006 (557635.000.000) 08/13 12:22:03 Image size of job updated: 2
	3  -  MemoryUsage of job (MB)
	2348  -  ResidentSetSize of job (KB)
...
006 (557635.000.000) 08/13 12:27:04 Image size of job updated: 230428
	114  -  MemoryUsage of job (MB)
	116168  -  ResidentSetSize of job (KB)
...
005 (557635.000.000) 08/13 12:29:11 Job terminated.
	(1) Normal termination (return value 0)
		Usr 0 00:01:23, Sys 0 00:00:02  -  Run Remote Usage
		Usr 0 00:00:00, Sys 0 00:00:00  -  Run Local Usage
		Usr 0 00:01:23, Sys 0 00:00:02  -  Total Remote Usage
		Usr 0 00:00:00, Sys 0 00:00:00  -  Total Local Usage
	586513  -  Run Bytes Sent By Job
	62715  -  Run Bytes Received By Job
	586513  -  Total Bytes Sent By Job
	62715  -  Total Bytes Received By Job
	Partitionable Resources :    Usage  Request          
	   Cpus                 :                 1          
	   Disk (KB)            :      659      659          
	   Memory (MB)          :      114      114          
...
000 (558151.000.000) 08/13 14:31:09 Job submitted from host: <18.12.1.74:48322>
...
001 (558151.000.000) 08/13 14:55:45 Job executing on host: <18.12.8.199:40730>
...
006 (558151.000.000) 08/13 14:55:54 Image size of job updated: 2
	3  -  MemoryUsage of job (MB)
	2340  -  ResidentSetSize of job (KB)
...
006 (558151.000.000) 08/13 14:59:19 Image size of job updated: 230428
	3  -  MemoryUsage of job (MB)
	2340  -  ResidentSetSize of job (KB)
...
005 (558151.000.000) 08/13 14:59:19 Job terminated.
	(1) Normal termination (return value 0)
		Usr 0 00:01:33, Sys 0 00:00:02  -  Run Remote Usage
		Usr 0 00:00:00, Sys 0 00:00:00  -  Run Local Usage
		Usr 0 00:01:33, Sys 0 00:00:02  -  Total Remote Usage
		Usr 0 00:00:00, Sys 0 00:00:00  -  Total Local Usage
	585964  -  Run Bytes Sent By Job
	62714  -  Run Bytes Received By Job
	585964  -  Total Bytes Sent By Job
	62714  -  Total Bytes Received By Job
	Partitionable Resources :    Usage  Request          
	   Cpus                 :                 1          
	   Disk (KB)            :      658      658          
	   Memory (MB)          :        3        3          
...
000 (565488.000.000) 08/20 12:46:51 Job submitted from host: <18.12.1.74:48322>
...
001 (565488.000.000) 08/20 12:47:17 Job executing on host: <18.12.9.39:46205>
...
006 (565488.000.000) 08/20 12:47:29 Image size of job updated: 2
	3  -  MemoryUsage of job (MB)
	2344  -  ResidentSetSize of job (KB)
...
006 (565488.000.000) 08/20 12:51:19 Image size of job updated: 230428
	3  -  MemoryUsage of job (MB)
	2344  -  ResidentSetSize of job (KB)
...
005 (565488.000.000) 08/20 13:00:04 Job terminated.
	(1) Normal termination (return value 0)
		Usr 0 00:01:15, Sys 0 00:00:02  -  Run Remote Usage
		Usr 0 00:00:00, Sys 0 00:00:00  -  Run Local Usage
		Usr 0 00:01:15, Sys 0 00:00:02  -  Total Remote Usage
		Usr 0 00:00:00, Sys 0 00:00:00  -  Total Local Usage
	586425  -  Run Bytes Sent By Job
	62731  -  Run Bytes Received By Job
	586425  -  Total Bytes Sent By Job
	62731  -  Total Bytes Received By Job
	Partitionable Resources :    Usage  Request          
	   Cpus                 :                 1          
	   Disk (KB)            :      659      659          
	   Memory (MB)          :        3        3          
...
