000 (554342.000.000) 08/11 09:09:22 Job submitted from host: <18.12.1.74:48322>
...
001 (554342.000.000) 08/11 09:10:01 Job executing on host: <18.12.8.70:46643>
...
006 (554342.000.000) 08/11 09:10:09 Image size of job updated: 2
	3  -  MemoryUsage of job (MB)
	2364  -  ResidentSetSize of job (KB)
...
006 (554342.000.000) 08/11 09:14:09 Image size of job updated: 230760
	3  -  MemoryUsage of job (MB)
	2364  -  ResidentSetSize of job (KB)
...
005 (554342.000.000) 08/11 09:14:09 Job terminated.
	(1) Normal termination (return value 0)
		Usr 0 00:01:46, Sys 0 00:00:01  -  Run Remote Usage
		Usr 0 00:00:00, Sys 0 00:00:00  -  Run Local Usage
		Usr 0 00:01:46, Sys 0 00:00:01  -  Total Remote Usage
		Usr 0 00:00:00, Sys 0 00:00:00  -  Total Local Usage
	586306  -  Run Bytes Sent By Job
	62717  -  Run Bytes Received By Job
	586306  -  Total Bytes Sent By Job
	62717  -  Total Bytes Received By Job
	Partitionable Resources :    Usage  Request          
	   Cpus                 :                 1          
	   Disk (KB)            :      659      659          
	   Memory (MB)          :        3        3          
...
000 (558057.000.000) 08/13 13:34:28 Job submitted from host: <18.12.1.74:48322>
...
001 (558057.000.000) 08/13 14:07:46 Job executing on host: <18.12.9.80:43650>
...
006 (558057.000.000) 08/13 14:07:54 Image size of job updated: 230748
	97  -  MemoryUsage of job (MB)
	98400  -  ResidentSetSize of job (KB)
...
006 (558057.000.000) 08/13 14:12:54 Image size of job updated: 230748
	97  -  MemoryUsage of job (MB)
	98876  -  ResidentSetSize of job (KB)
...
005 (558057.000.000) 08/13 14:13:16 Job terminated.
	(1) Normal termination (return value 0)
		Usr 0 00:02:08, Sys 0 00:00:03  -  Run Remote Usage
		Usr 0 00:00:00, Sys 0 00:00:00  -  Run Local Usage
		Usr 0 00:02:08, Sys 0 00:00:03  -  Total Remote Usage
		Usr 0 00:00:00, Sys 0 00:00:00  -  Total Local Usage
	586374  -  Run Bytes Sent By Job
	62720  -  Run Bytes Received By Job
	586374  -  Total Bytes Sent By Job
	62720  -  Total Bytes Received By Job
	Partitionable Resources :    Usage  Request          
	   Cpus                 :                 1          
	   Disk (KB)            :      659      659          
	   Memory (MB)          :       97       97          
...
000 (566348.000.000) 08/20 20:29:32 Job submitted from host: <18.12.1.74:48322>
...
001 (566348.000.000) 08/20 20:30:00 Job executing on host: <18.12.9.67:40730>
...
006 (566348.000.000) 08/20 20:30:08 Image size of job updated: 230620
	97  -  MemoryUsage of job (MB)
	98380  -  ResidentSetSize of job (KB)
...
006 (566348.000.000) 08/20 20:32:57 Image size of job updated: 230752
	97  -  MemoryUsage of job (MB)
	98380  -  ResidentSetSize of job (KB)
...
022 (566348.000.000) 08/20 20:32:57 Job disconnected, attempting to reconnect
    Socket between submit and execute hosts closed unexpectedly
    Trying to reconnect to slot21@t2bat0323.cmsaf.mit.edu <18.12.9.67:40730>
...
023 (566348.000.000) 08/20 20:32:58 Job reconnected to slot21@t2bat0323.cmsaf.mit.edu
    startd address: <18.12.9.67:40730>
    starter address: <18.12.9.67:46790>
...
005 (566348.000.000) 08/20 20:39:35 Job terminated.
	(1) Normal termination (return value 0)
		Usr 0 00:01:48, Sys 0 00:00:01  -  Run Remote Usage
		Usr 0 00:00:00, Sys 0 00:00:00  -  Run Local Usage
		Usr 0 00:01:48, Sys 0 00:00:01  -  Total Remote Usage
		Usr 0 00:00:00, Sys 0 00:00:00  -  Total Local Usage
	586430  -  Run Bytes Sent By Job
	62732  -  Run Bytes Received By Job
	586430  -  Total Bytes Sent By Job
	62732  -  Total Bytes Received By Job
	Partitionable Resources :    Usage  Request          
	   Cpus                 :                 1          
	   Disk (KB)            :      659      659          
	   Memory (MB)          :       97       97          
...
000 (782896.000.000) 10/01 15:59:59 Job submitted from host: <18.12.1.74:47665>
...
001 (782896.000.000) 10/01 16:00:49 Job executing on host: <18.12.8.200:44672>
...
006 (782896.000.000) 10/01 16:00:59 Image size of job updated: 2
	2  -  MemoryUsage of job (MB)
	1728  -  ResidentSetSize of job (KB)
...
006 (782896.000.000) 10/01 16:06:00 Image size of job updated: 230800
	89  -  MemoryUsage of job (MB)
	90192  -  ResidentSetSize of job (KB)
...
006 (782896.000.000) 10/01 16:11:00 Image size of job updated: 230800
	96  -  MemoryUsage of job (MB)
	97756  -  ResidentSetSize of job (KB)
...
022 (782896.000.000) 10/01 16:30:18 Job disconnected, attempting to reconnect
    Local schedd and job shadow died, schedd now running again
    Trying to reconnect to slot8@t2bat0200.cmsaf.mit.edu <18.12.8.200:44672>
...
024 (782896.000.000) 10/01 16:32:15 Job reconnection failed
    Job disconnected too long: JobLeaseDuration (1200 seconds) expired
    Can not reconnect to slot8@t2bat0200.cmsaf.mit.edu, rescheduling job
...
001 (782896.000.000) 10/01 16:34:55 Job executing on host: <18.12.9.7:49709>
...
006 (782896.000.000) 10/01 16:35:05 Image size of job updated: 146260
	31  -  MemoryUsage of job (MB)
	30976  -  ResidentSetSize of job (KB)
...
006 (782896.000.000) 10/01 16:40:03 Image size of job updated: 230760
	87  -  MemoryUsage of job (MB)
	88780  -  ResidentSetSize of job (KB)
...
006 (782896.000.000) 10/01 16:45:03 Image size of job updated: 230760
	94  -  MemoryUsage of job (MB)
	95424  -  ResidentSetSize of job (KB)
...
005 (782896.000.000) 10/01 16:55:36 Job terminated.
	(1) Normal termination (return value 0)
		Usr 0 00:01:54, Sys 0 00:00:01  -  Run Remote Usage
		Usr 0 00:00:00, Sys 0 00:00:00  -  Run Local Usage
		Usr 0 00:01:54, Sys 0 00:00:01  -  Total Remote Usage
		Usr 0 00:00:00, Sys 0 00:00:00  -  Total Local Usage
	586372  -  Run Bytes Sent By Job
	62734  -  Run Bytes Received By Job
	586372  -  Total Bytes Sent By Job
	62734  -  Total Bytes Received By Job
	Partitionable Resources :    Usage  Request          
	   Cpus                 :                 1          
	   Disk (KB)            :      659      659          
	   Memory (MB)          :       94       94          
...
000 (786054.000.000) 10/05 14:19:18 Job submitted from host: <18.12.1.74:45913>
...
001 (786054.000.000) 10/05 14:20:13 Job executing on host: <18.12.9.16:40657>
...
006 (786054.000.000) 10/05 14:20:22 Image size of job updated: 230752
	100  -  MemoryUsage of job (MB)
	102236  -  ResidentSetSize of job (KB)
...
005 (786054.000.000) 10/05 14:22:57 Job terminated.
	(1) Normal termination (return value 0)
		Usr 0 00:02:07, Sys 0 00:00:01  -  Run Remote Usage
		Usr 0 00:00:00, Sys 0 00:00:00  -  Run Local Usage
		Usr 0 00:02:07, Sys 0 00:00:01  -  Total Remote Usage
		Usr 0 00:00:00, Sys 0 00:00:00  -  Total Local Usage
	586374  -  Run Bytes Sent By Job
	62732  -  Run Bytes Received By Job
	586374  -  Total Bytes Sent By Job
	62732  -  Total Bytes Received By Job
	Partitionable Resources :    Usage  Request          
	   Cpus                 :                 1          
	   Disk (KB)            :      659      659          
	   Memory (MB)          :      100      100          
...
000 (786420.000.000) 10/07 09:51:30 Job submitted from host: <18.12.1.74:45913>
...
001 (786420.000.000) 10/07 09:53:41 Job executing on host: <18.12.8.228:40365>
...
006 (786420.000.000) 10/07 09:53:50 Image size of job updated: 225724
	95  -  MemoryUsage of job (MB)
	97212  -  ResidentSetSize of job (KB)
...
006 (786420.000.000) 10/07 09:56:53 Image size of job updated: 230748
	95  -  MemoryUsage of job (MB)
	97212  -  ResidentSetSize of job (KB)
...
005 (786420.000.000) 10/07 09:56:53 Job terminated.
	(1) Normal termination (return value 0)
		Usr 0 00:02:25, Sys 0 00:00:01  -  Run Remote Usage
		Usr 0 00:00:00, Sys 0 00:00:00  -  Run Local Usage
		Usr 0 00:02:25, Sys 0 00:00:01  -  Total Remote Usage
		Usr 0 00:00:00, Sys 0 00:00:00  -  Total Local Usage
	586315  -  Run Bytes Sent By Job
	62734  -  Run Bytes Received By Job
	586315  -  Total Bytes Sent By Job
	62734  -  Total Bytes Received By Job
	Partitionable Resources :    Usage  Request          
	   Cpus                 :                 1          
	   Disk (KB)            :      659      659          
	   Memory (MB)          :       95       95          
...
000 (786601.000.000) 10/07 11:13:01 Job submitted from host: <18.12.1.74:45913>
...
001 (786601.000.000) 10/07 11:22:44 Job executing on host: <18.12.9.49:46643>
...
006 (786601.000.000) 10/07 11:22:53 Image size of job updated: 230612
	97  -  MemoryUsage of job (MB)
	98352  -  ResidentSetSize of job (KB)
...
006 (786601.000.000) 10/07 11:25:45 Image size of job updated: 230744
	97  -  MemoryUsage of job (MB)
	98352  -  ResidentSetSize of job (KB)
...
005 (786601.000.000) 10/07 11:25:45 Job terminated.
	(1) Normal termination (return value 0)
		Usr 0 00:02:01, Sys 0 00:00:04  -  Run Remote Usage
		Usr 0 00:00:00, Sys 0 00:00:00  -  Run Local Usage
		Usr 0 00:02:01, Sys 0 00:00:04  -  Total Remote Usage
		Usr 0 00:00:00, Sys 0 00:00:00  -  Total Local Usage
	585580  -  Run Bytes Sent By Job
	62746  -  Run Bytes Received By Job
	585580  -  Total Bytes Sent By Job
	62746  -  Total Bytes Received By Job
	Partitionable Resources :    Usage  Request          
	   Cpus                 :                 1          
	   Disk (KB)            :      658      658          
	   Memory (MB)          :       97       97          
...
000 (787528.000.000) 10/08 12:42:46 Job submitted from host: <18.12.1.74:45913>
...
001 (787528.000.000) 10/08 12:48:13 Job executing on host: <18.12.6.31:47519>
...
006 (787528.000.000) 10/08 12:48:22 Image size of job updated: 189520
	76  -  MemoryUsage of job (MB)
	77196  -  ResidentSetSize of job (KB)
...
006 (787528.000.000) 10/08 12:50:52 Image size of job updated: 230736
	76  -  MemoryUsage of job (MB)
	77196  -  ResidentSetSize of job (KB)
...
005 (787528.000.000) 10/08 12:50:52 Job terminated.
	(1) Normal termination (return value 0)
		Usr 0 00:01:56, Sys 0 00:00:01  -  Run Remote Usage
		Usr 0 00:00:00, Sys 0 00:00:00  -  Run Local Usage
		Usr 0 00:01:56, Sys 0 00:00:01  -  Total Remote Usage
		Usr 0 00:00:00, Sys 0 00:00:00  -  Total Local Usage
	585325  -  Run Bytes Sent By Job
	62749  -  Run Bytes Received By Job
	585325  -  Total Bytes Sent By Job
	62749  -  Total Bytes Received By Job
	Partitionable Resources :    Usage  Request          
	   Cpus                 :                 1          
	   Disk (KB)            :      658      658          
	   Memory (MB)          :       76       76          
...
000 (787710.000.000) 10/08 14:27:18 Job submitted from host: <18.12.1.74:45913>
...
001 (787710.000.000) 10/08 14:38:54 Job executing on host: <18.12.8.185:43796>
...
006 (787710.000.000) 10/08 14:39:02 Image size of job updated: 124368
	18  -  MemoryUsage of job (MB)
	17652  -  ResidentSetSize of job (KB)
...
006 (787710.000.000) 10/08 14:43:26 Image size of job updated: 230732
	18  -  MemoryUsage of job (MB)
	17652  -  ResidentSetSize of job (KB)
...
005 (787710.000.000) 10/08 14:43:27 Job terminated.
	(1) Normal termination (return value 0)
		Usr 0 00:02:31, Sys 0 00:00:02  -  Run Remote Usage
		Usr 0 00:00:00, Sys 0 00:00:00  -  Run Local Usage
		Usr 0 00:02:31, Sys 0 00:00:02  -  Total Remote Usage
		Usr 0 00:00:00, Sys 0 00:00:00  -  Total Local Usage
	585475  -  Run Bytes Sent By Job
	62691  -  Run Bytes Received By Job
	585475  -  Total Bytes Sent By Job
	62691  -  Total Bytes Received By Job
	Partitionable Resources :    Usage  Request          
	   Cpus                 :                 1          
	   Disk (KB)            :      658      658          
	   Memory (MB)          :       18       18          
...
000 (787893.000.000) 10/08 15:16:39 Job submitted from host: <18.12.1.74:45913>
...
001 (787893.000.000) 10/08 15:28:08 Job executing on host: <18.12.9.81:48833>
...
006 (787893.000.000) 10/08 15:28:16 Image size of job updated: 2
	3  -  MemoryUsage of job (MB)
	2348  -  ResidentSetSize of job (KB)
...
006 (787893.000.000) 10/08 15:31:14 Image size of job updated: 230736
	3  -  MemoryUsage of job (MB)
	2348  -  ResidentSetSize of job (KB)
...
005 (787893.000.000) 10/08 15:31:15 Job terminated.
	(1) Normal termination (return value 0)
		Usr 0 00:01:57, Sys 0 00:00:02  -  Run Remote Usage
		Usr 0 00:00:00, Sys 0 00:00:00  -  Run Local Usage
		Usr 0 00:01:57, Sys 0 00:00:02  -  Total Remote Usage
		Usr 0 00:00:00, Sys 0 00:00:00  -  Total Local Usage
	585530  -  Run Bytes Sent By Job
	62696  -  Run Bytes Received By Job
	585530  -  Total Bytes Sent By Job
	62696  -  Total Bytes Received By Job
	Partitionable Resources :    Usage  Request          
	   Cpus                 :                 1          
	   Disk (KB)            :      658      658          
	   Memory (MB)          :        3        3          
...
000 (788803.000.000) 10/12 10:42:45 Job submitted from host: <18.12.1.74:45913>
...
001 (788803.000.000) 10/12 10:52:36 Job executing on host: <18.12.8.54:41971>
...
006 (788803.000.000) 10/12 10:52:45 Image size of job updated: 2
	3  -  MemoryUsage of job (MB)
	2344  -  ResidentSetSize of job (KB)
...
006 (788803.000.000) 10/12 10:57:39 Image size of job updated: 230744
	3  -  MemoryUsage of job (MB)
	2344  -  ResidentSetSize of job (KB)
...
005 (788803.000.000) 10/12 10:57:39 Job terminated.
	(1) Normal termination (return value 0)
		Usr 0 00:02:54, Sys 0 00:00:04  -  Run Remote Usage
		Usr 0 00:00:00, Sys 0 00:00:00  -  Run Local Usage
		Usr 0 00:02:54, Sys 0 00:00:04  -  Total Remote Usage
		Usr 0 00:00:00, Sys 0 00:00:00  -  Total Local Usage
	585268  -  Run Bytes Sent By Job
	62704  -  Run Bytes Received By Job
	585268  -  Total Bytes Sent By Job
	62704  -  Total Bytes Received By Job
	Partitionable Resources :    Usage  Request          
	   Cpus                 :                 1          
	   Disk (KB)            :      658      658          
	   Memory (MB)          :        3        3          
...
