000 (556349.000.000) 08/12 14:10:47 Job submitted from host: <18.12.1.74:48322>
...
001 (556349.000.000) 08/12 14:26:03 Job executing on host: <18.12.9.69:48760>
...
006 (556349.000.000) 08/12 14:26:12 Image size of job updated: 2
	3  -  MemoryUsage of job (MB)
	2356  -  ResidentSetSize of job (KB)
...
006 (556349.000.000) 08/12 14:31:13 Image size of job updated: 230040
	109  -  MemoryUsage of job (MB)
	110832  -  ResidentSetSize of job (KB)
...
005 (556349.000.000) 08/12 14:35:24 Job terminated.
	(1) Normal termination (return value 0)
		Usr 0 00:00:34, Sys 0 00:00:01  -  Run Remote Usage
		Usr 0 00:00:00, Sys 0 00:00:00  -  Run Local Usage
		Usr 0 00:00:34, Sys 0 00:00:01  -  Total Remote Usage
		Usr 0 00:00:00, Sys 0 00:00:00  -  Total Local Usage
	586118  -  Run Bytes Sent By Job
	62715  -  Run Bytes Received By Job
	586118  -  Total Bytes Sent By Job
	62715  -  Total Bytes Received By Job
	Partitionable Resources :    Usage  Request          
	   Cpus                 :                 1          
	   Disk (KB)            :      659      659          
	   Memory (MB)          :      109      109          
...
000 (557609.000.000) 08/13 11:57:23 Job submitted from host: <18.12.1.74:48322>
...
001 (557609.000.000) 08/13 12:16:32 Job executing on host: <18.12.9.80:43650>
...
006 (557609.000.000) 08/13 12:16:40 Image size of job updated: 230040
	93  -  MemoryUsage of job (MB)
	94884  -  ResidentSetSize of job (KB)
...
005 (557609.000.000) 08/13 12:18:44 Job terminated.
	(1) Normal termination (return value 0)
		Usr 0 00:00:37, Sys 0 00:00:01  -  Run Remote Usage
		Usr 0 00:00:00, Sys 0 00:00:00  -  Run Local Usage
		Usr 0 00:00:37, Sys 0 00:00:01  -  Total Remote Usage
		Usr 0 00:00:00, Sys 0 00:00:00  -  Total Local Usage
	585905  -  Run Bytes Sent By Job
	62715  -  Run Bytes Received By Job
	585905  -  Total Bytes Sent By Job
	62715  -  Total Bytes Received By Job
	Partitionable Resources :    Usage  Request          
	   Cpus                 :                 1          
	   Disk (KB)            :      659      659          
	   Memory (MB)          :       93       93          
...
000 (558125.000.000) 08/13 14:31:06 Job submitted from host: <18.12.1.74:48322>
...
001 (558125.000.000) 08/13 14:50:29 Job executing on host: <18.12.9.50:43066>
...
006 (558125.000.000) 08/13 14:50:38 Image size of job updated: 192452
	77  -  MemoryUsage of job (MB)
	78248  -  ResidentSetSize of job (KB)
...
006 (558125.000.000) 08/13 14:52:43 Image size of job updated: 230040
	77  -  MemoryUsage of job (MB)
	78248  -  ResidentSetSize of job (KB)
...
005 (558125.000.000) 08/13 14:52:43 Job terminated.
	(1) Normal termination (return value 0)
		Usr 0 00:00:35, Sys 0 00:00:01  -  Run Remote Usage
		Usr 0 00:00:00, Sys 0 00:00:00  -  Run Local Usage
		Usr 0 00:00:35, Sys 0 00:00:01  -  Total Remote Usage
		Usr 0 00:00:00, Sys 0 00:00:00  -  Total Local Usage
	586118  -  Run Bytes Sent By Job
	62714  -  Run Bytes Received By Job
	586118  -  Total Bytes Sent By Job
	62714  -  Total Bytes Received By Job
	Partitionable Resources :    Usage  Request          
	   Cpus                 :                 1          
	   Disk (KB)            :      659      659          
	   Memory (MB)          :       77       77          
...
000 (565462.000.000) 08/20 12:41:16 Job submitted from host: <18.12.1.74:48322>
...
001 (565462.000.000) 08/20 12:45:21 Job executing on host: <18.12.8.109:45913>
...
006 (565462.000.000) 08/20 12:45:30 Image size of job updated: 230036
	93  -  MemoryUsage of job (MB)
	94872  -  ResidentSetSize of job (KB)
...
005 (565462.000.000) 08/20 12:54:28 Job terminated.
	(1) Normal termination (return value 0)
		Usr 0 00:00:30, Sys 0 00:00:01  -  Run Remote Usage
		Usr 0 00:00:00, Sys 0 00:00:00  -  Run Local Usage
		Usr 0 00:00:30, Sys 0 00:00:01  -  Total Remote Usage
		Usr 0 00:00:00, Sys 0 00:00:00  -  Total Local Usage
	585959  -  Run Bytes Sent By Job
	62731  -  Run Bytes Received By Job
	585959  -  Total Bytes Sent By Job
	62731  -  Total Bytes Received By Job
	Partitionable Resources :    Usage  Request          
	   Cpus                 :                 1          
	   Disk (KB)            :      658      658          
	   Memory (MB)          :       93       93          
...
000 (782955.000.000) 10/02 11:03:58 Job submitted from host: <18.12.1.74:41314>
...
001 (782955.000.000) 10/02 11:08:36 Job executing on host: <18.12.9.72:41679>
...
006 (782955.000.000) 10/02 11:08:44 Image size of job updated: 9244
	2  -  MemoryUsage of job (MB)
	1184  -  ResidentSetSize of job (KB)
...
005 (782955.000.000) 10/02 11:13:57 Job terminated.
	(1) Normal termination (return value 0)
		Usr 0 00:00:00, Sys 0 00:00:00  -  Run Remote Usage
		Usr 0 00:00:00, Sys 0 00:00:00  -  Run Local Usage
		Usr 0 00:00:00, Sys 0 00:00:00  -  Total Remote Usage
		Usr 0 00:00:00, Sys 0 00:00:00  -  Total Local Usage
	585466  -  Run Bytes Sent By Job
	62733  -  Run Bytes Received By Job
	585466  -  Total Bytes Sent By Job
	62733  -  Total Bytes Received By Job
	Partitionable Resources :    Usage  Request          
	   Cpus                 :                 1          
	   Disk (KB)            :      658      658          
	   Memory (MB)          :        2        2          
...
000 (783136.000.000) 10/02 16:13:19 Job submitted from host: <18.12.1.74:45913>
...
001 (783136.000.000) 10/02 16:14:08 Job executing on host: <18.12.6.15:41752>
...
006 (783136.000.000) 10/02 16:14:12 Image size of job updated: 2
	0  -  MemoryUsage of job (MB)
	0  -  ResidentSetSize of job (KB)
...
005 (783136.000.000) 10/02 16:14:12 Job terminated.
	(1) Normal termination (return value 0)
		Usr 0 00:00:00, Sys 0 00:00:00  -  Run Remote Usage
		Usr 0 00:00:00, Sys 0 00:00:00  -  Run Local Usage
		Usr 0 00:00:00, Sys 0 00:00:00  -  Total Remote Usage
		Usr 0 00:00:00, Sys 0 00:00:00  -  Total Local Usage
	585554  -  Run Bytes Sent By Job
	62733  -  Run Bytes Received By Job
	585554  -  Total Bytes Sent By Job
	62733  -  Total Bytes Received By Job
	Partitionable Resources :    Usage  Request          
	   Cpus                 :                 1          
	   Disk (KB)            :      658      658          
	   Memory (MB)          :        0        0          
...
000 (783317.000.000) 10/02 16:48:32 Job submitted from host: <18.12.1.74:45913>
...
001 (783317.000.000) 10/02 16:48:59 Job executing on host: <18.12.8.194:48614>
...
006 (783317.000.000) 10/02 16:49:00 Image size of job updated: 69176
	0  -  MemoryUsage of job (MB)
	0  -  ResidentSetSize of job (KB)
...
005 (783317.000.000) 10/02 16:49:01 Job terminated.
	(1) Normal termination (return value 0)
		Usr 0 00:00:00, Sys 0 00:00:00  -  Run Remote Usage
		Usr 0 00:00:00, Sys 0 00:00:00  -  Run Local Usage
		Usr 0 00:00:00, Sys 0 00:00:00  -  Total Remote Usage
		Usr 0 00:00:00, Sys 0 00:00:00  -  Total Local Usage
	585780  -  Run Bytes Sent By Job
	62733  -  Run Bytes Received By Job
	585780  -  Total Bytes Sent By Job
	62733  -  Total Bytes Received By Job
	Partitionable Resources :    Usage  Request          
	   Cpus                 :                 1          
	   Disk (KB)            :      658      658          
	   Memory (MB)          :        0        0          
...
000 (783500.000.000) 10/05 09:25:32 Job submitted from host: <18.12.1.74:45913>
...
001 (783500.000.000) 10/05 09:25:47 Job executing on host: <18.12.6.57:46059>
...
006 (783500.000.000) 10/05 09:25:56 Image size of job updated: 13384
	2  -  MemoryUsage of job (MB)
	1984  -  ResidentSetSize of job (KB)
...
005 (783500.000.000) 10/05 09:26:04 Job terminated.
	(1) Normal termination (return value 0)
		Usr 0 00:00:00, Sys 0 00:00:00  -  Run Remote Usage
		Usr 0 00:00:00, Sys 0 00:00:00  -  Run Local Usage
		Usr 0 00:00:00, Sys 0 00:00:00  -  Total Remote Usage
		Usr 0 00:00:00, Sys 0 00:00:00  -  Total Local Usage
	585506  -  Run Bytes Sent By Job
	62732  -  Run Bytes Received By Job
	585506  -  Total Bytes Sent By Job
	62732  -  Total Bytes Received By Job
	Partitionable Resources :    Usage  Request          
	   Cpus                 :                 1          
	   Disk (KB)            :      658      658          
	   Memory (MB)          :        2        2          
...
000 (783681.000.000) 10/05 10:00:19 Job submitted from host: <18.12.1.74:45913>
...
001 (783681.000.000) 10/05 10:01:03 Job executing on host: <18.12.8.190:41095>
...
006 (783681.000.000) 10/05 10:01:12 Image size of job updated: 1196
	1  -  MemoryUsage of job (MB)
	152  -  ResidentSetSize of job (KB)
...
006 (783681.000.000) 10/05 10:01:36 Image size of job updated: 13384
	1  -  MemoryUsage of job (MB)
	152  -  ResidentSetSize of job (KB)
...
005 (783681.000.000) 10/05 10:01:37 Job terminated.
	(1) Normal termination (return value 0)
		Usr 0 00:00:00, Sys 0 00:00:00  -  Run Remote Usage
		Usr 0 00:00:00, Sys 0 00:00:00  -  Run Local Usage
		Usr 0 00:00:00, Sys 0 00:00:00  -  Total Remote Usage
		Usr 0 00:00:00, Sys 0 00:00:00  -  Total Local Usage
	585408  -  Run Bytes Sent By Job
	62731  -  Run Bytes Received By Job
	585408  -  Total Bytes Sent By Job
	62731  -  Total Bytes Received By Job
	Partitionable Resources :    Usage  Request          
	   Cpus                 :                 1          
	   Disk (KB)            :      658      658          
	   Memory (MB)          :        1        1          
...
000 (783863.000.000) 10/05 12:25:04 Job submitted from host: <18.12.1.74:45913>
...
001 (783863.000.000) 10/05 12:25:13 Job executing on host: <18.12.9.36:44380>
...
006 (783863.000.000) 10/05 12:25:19 Image size of job updated: 68780
	0  -  MemoryUsage of job (MB)
	0  -  ResidentSetSize of job (KB)
...
005 (783863.000.000) 10/05 12:25:26 Job terminated.
	(1) Normal termination (return value 0)
		Usr 0 00:00:00, Sys 0 00:00:00  -  Run Remote Usage
		Usr 0 00:00:00, Sys 0 00:00:00  -  Run Local Usage
		Usr 0 00:00:00, Sys 0 00:00:00  -  Total Remote Usage
		Usr 0 00:00:00, Sys 0 00:00:00  -  Total Local Usage
	586032  -  Run Bytes Sent By Job
	62732  -  Run Bytes Received By Job
	586032  -  Total Bytes Sent By Job
	62732  -  Total Bytes Received By Job
	Partitionable Resources :    Usage  Request          
	   Cpus                 :                 1          
	   Disk (KB)            :      659      659          
	   Memory (MB)          :        0        0          
...
000 (784044.000.000) 10/05 12:28:38 Job submitted from host: <18.12.1.74:45913>
...
001 (784044.000.000) 10/05 12:28:54 Job executing on host: <18.12.9.39:40292>
...
006 (784044.000.000) 10/05 12:29:07 Image size of job updated: 2
	3  -  MemoryUsage of job (MB)
	2372  -  ResidentSetSize of job (KB)
...
006 (784044.000.000) 10/05 12:30:36 Image size of job updated: 230024
	3  -  MemoryUsage of job (MB)
	2372  -  ResidentSetSize of job (KB)
...
005 (784044.000.000) 10/05 12:30:36 Job terminated.
	(1) Normal termination (return value 0)
		Usr 0 00:00:28, Sys 0 00:00:00  -  Run Remote Usage
		Usr 0 00:00:00, Sys 0 00:00:00  -  Run Local Usage
		Usr 0 00:00:28, Sys 0 00:00:00  -  Total Remote Usage
		Usr 0 00:00:00, Sys 0 00:00:00  -  Total Local Usage
	587047  -  Run Bytes Sent By Job
	62733  -  Run Bytes Received By Job
	587047  -  Total Bytes Sent By Job
	62733  -  Total Bytes Received By Job
	Partitionable Resources :    Usage  Request          
	   Cpus                 :                 1          
	   Disk (KB)            :      660      660          
	   Memory (MB)          :        3        3          
...
000 (786113.000.000) 10/05 14:34:38 Job submitted from host: <18.12.1.74:45913>
...
001 (786113.000.000) 10/05 14:35:16 Job executing on host: <18.12.9.65:49271>
...
006 (786113.000.000) 10/05 14:35:25 Image size of job updated: 230040
	94  -  MemoryUsage of job (MB)
	96180  -  ResidentSetSize of job (KB)
...
005 (786113.000.000) 10/05 14:36:17 Job terminated.
	(1) Normal termination (return value 0)
		Usr 0 00:00:27, Sys 0 00:00:00  -  Run Remote Usage
		Usr 0 00:00:00, Sys 0 00:00:00  -  Run Local Usage
		Usr 0 00:00:27, Sys 0 00:00:00  -  Total Remote Usage
		Usr 0 00:00:00, Sys 0 00:00:00  -  Total Local Usage
	586394  -  Run Bytes Sent By Job
	62729  -  Run Bytes Received By Job
	586394  -  Total Bytes Sent By Job
	62729  -  Total Bytes Received By Job
	Partitionable Resources :    Usage  Request          
	   Cpus                 :                 1          
	   Disk (KB)            :      659      659          
	   Memory (MB)          :       94       94          
...
000 (787952.000.000) 10/08 16:09:40 Job submitted from host: <18.12.1.74:45913>
...
001 (787952.000.000) 10/08 16:13:25 Job executing on host: <18.12.9.42:43285>
...
006 (787952.000.000) 10/08 16:13:33 Image size of job updated: 2
	3  -  MemoryUsage of job (MB)
	2356  -  ResidentSetSize of job (KB)
...
006 (787952.000.000) 10/08 16:15:51 Image size of job updated: 238196
	3  -  MemoryUsage of job (MB)
	2356  -  ResidentSetSize of job (KB)
...
005 (787952.000.000) 10/08 16:15:55 Job terminated.
	(1) Normal termination (return value 0)
		Usr 0 00:00:34, Sys 0 00:00:00  -  Run Remote Usage
		Usr 0 00:00:00, Sys 0 00:00:00  -  Run Local Usage
		Usr 0 00:00:34, Sys 0 00:00:00  -  Total Remote Usage
		Usr 0 00:00:00, Sys 0 00:00:00  -  Total Local Usage
	585697  -  Run Bytes Sent By Job
	62697  -  Run Bytes Received By Job
	585697  -  Total Bytes Sent By Job
	62697  -  Total Bytes Received By Job
	Partitionable Resources :    Usage  Request          
	   Cpus                 :                 1          
	   Disk (KB)            :      658      658          
	   Memory (MB)          :        3        3          
...
000 (788315.000.000) 10/09 10:00:27 Job submitted from host: <18.12.1.74:45913>
...
001 (788315.000.000) 10/09 10:11:03 Job executing on host: <18.12.8.105:47081>
...
006 (788315.000.000) 10/09 10:11:12 Image size of job updated: 230024
	94  -  MemoryUsage of job (MB)
	95388  -  ResidentSetSize of job (KB)
...
005 (788315.000.000) 10/09 10:11:50 Job terminated.
	(1) Normal termination (return value 0)
		Usr 0 00:00:19, Sys 0 00:00:00  -  Run Remote Usage
		Usr 0 00:00:00, Sys 0 00:00:00  -  Run Local Usage
		Usr 0 00:00:19, Sys 0 00:00:00  -  Total Remote Usage
		Usr 0 00:00:00, Sys 0 00:00:00  -  Total Local Usage
	585003  -  Run Bytes Sent By Job
	62694  -  Run Bytes Received By Job
	585003  -  Total Bytes Sent By Job
	62694  -  Total Bytes Received By Job
	Partitionable Resources :    Usage  Request          
	   Cpus                 :                 1          
	   Disk (KB)            :      658      658          
	   Memory (MB)          :       94       94          
...
000 (788862.000.000) 10/12 11:22:06 Job submitted from host: <18.12.1.74:45913>
...
001 (788862.000.000) 10/12 11:26:06 Job executing on host: <18.12.8.245:42920>
...
006 (788862.000.000) 10/12 11:26:15 Image size of job updated: 230020
	93  -  MemoryUsage of job (MB)
	94696  -  ResidentSetSize of job (KB)
...
005 (788862.000.000) 10/12 11:27:37 Job terminated.
	(1) Normal termination (return value 0)
		Usr 0 00:00:39, Sys 0 00:00:00  -  Run Remote Usage
		Usr 0 00:00:00, Sys 0 00:00:00  -  Run Local Usage
		Usr 0 00:00:39, Sys 0 00:00:00  -  Total Remote Usage
		Usr 0 00:00:00, Sys 0 00:00:00  -  Total Local Usage
	585228  -  Run Bytes Sent By Job
	62702  -  Run Bytes Received By Job
	585228  -  Total Bytes Sent By Job
	62702  -  Total Bytes Received By Job
	Partitionable Resources :    Usage  Request          
	   Cpus                 :                 1          
	   Disk (KB)            :      658      658          
	   Memory (MB)          :       93       93          
...
