000 (556163.000.000) 08/12 11:33:51 Job submitted from host: <18.12.1.74:48322>
...
001 (556163.000.000) 08/12 12:04:48 Job executing on host: <18.12.6.57:46935>
...
006 (556163.000.000) 08/12 12:04:57 Image size of job updated: 193804
	82  -  MemoryUsage of job (MB)
	83008  -  ResidentSetSize of job (KB)
...
006 (556163.000.000) 08/12 12:09:58 Image size of job updated: 230408
	116  -  MemoryUsage of job (MB)
	118540  -  ResidentSetSize of job (KB)
...
005 (556163.000.000) 08/12 12:13:44 Job terminated.
	(1) Normal termination (return value 0)
		Usr 0 00:01:24, Sys 0 00:00:01  -  Run Remote Usage
		Usr 0 00:00:00, Sys 0 00:00:00  -  Run Local Usage
		Usr 0 00:01:24, Sys 0 00:00:01  -  Total Remote Usage
		Usr 0 00:00:00, Sys 0 00:00:00  -  Total Local Usage
	586107  -  Run Bytes Sent By Job
	62715  -  Run Bytes Received By Job
	586107  -  Total Bytes Sent By Job
	62715  -  Total Bytes Received By Job
	Partitionable Resources :    Usage  Request          
	   Cpus                 :                 1          
	   Disk (KB)            :      659      659          
	   Memory (MB)          :      116      116          
...
000 (566532.000.000) 08/20 21:10:18 Job submitted from host: <18.12.1.74:48322>
...
001 (566532.000.000) 08/20 21:10:33 Job executing on host: <18.12.6.61:41314>
...
006 (566532.000.000) 08/20 21:10:42 Image size of job updated: 93584
	3  -  MemoryUsage of job (MB)
	2424  -  ResidentSetSize of job (KB)
...
006 (566532.000.000) 08/20 21:12:23 Image size of job updated: 230408
	3  -  MemoryUsage of job (MB)
	2424  -  ResidentSetSize of job (KB)
...
005 (566532.000.000) 08/20 21:18:42 Job terminated.
	(1) Normal termination (return value 0)
		Usr 0 00:01:22, Sys 0 00:00:01  -  Run Remote Usage
		Usr 0 00:00:00, Sys 0 00:00:00  -  Run Local Usage
		Usr 0 00:01:22, Sys 0 00:00:01  -  Total Remote Usage
		Usr 0 00:00:00, Sys 0 00:00:00  -  Total Local Usage
	586231  -  Run Bytes Sent By Job
	62731  -  Run Bytes Received By Job
	586231  -  Total Bytes Sent By Job
	62731  -  Total Bytes Received By Job
	Partitionable Resources :    Usage  Request          
	   Cpus                 :                 1          
	   Disk (KB)            :      659      659          
	   Memory (MB)          :        3        3          
...
000 (782537.000.000) 10/01 13:04:38 Job submitted from host: <18.12.1.74:47665>
...
001 (782537.000.000) 10/01 13:16:59 Job executing on host: <18.12.6.46:47154>
...
006 (782537.000.000) 10/01 13:17:07 Image size of job updated: 2
	3  -  MemoryUsage of job (MB)
	2348  -  ResidentSetSize of job (KB)
...
006 (782537.000.000) 10/01 13:20:01 Image size of job updated: 230408
	3  -  MemoryUsage of job (MB)
	2348  -  ResidentSetSize of job (KB)
...
005 (782537.000.000) 10/01 13:20:01 Job terminated.
	(1) Normal termination (return value 0)
		Usr 0 00:01:16, Sys 0 00:00:00  -  Run Remote Usage
		Usr 0 00:00:00, Sys 0 00:00:00  -  Run Local Usage
		Usr 0 00:01:16, Sys 0 00:00:00  -  Total Remote Usage
		Usr 0 00:00:00, Sys 0 00:00:00  -  Total Local Usage
	586265  -  Run Bytes Sent By Job
	62730  -  Run Bytes Received By Job
	586265  -  Total Bytes Sent By Job
	62730  -  Total Bytes Received By Job
	Partitionable Resources :    Usage  Request          
	   Cpus                 :                 1          
	   Disk (KB)            :      659      659          
	   Memory (MB)          :        3        3          
...
000 (782718.000.000) 10/01 14:32:33 Job submitted from host: <18.12.1.74:47665>
...
001 (782718.000.000) 10/01 14:34:17 Job executing on host: <18.12.8.146:49636>
...
006 (782718.000.000) 10/01 14:34:26 Image size of job updated: 75604
	17  -  MemoryUsage of job (MB)
	17148  -  ResidentSetSize of job (KB)
...
006 (782718.000.000) 10/01 14:39:01 Image size of job updated: 227440
	17  -  MemoryUsage of job (MB)
	17148  -  ResidentSetSize of job (KB)
...
005 (782718.000.000) 10/01 14:42:30 Job terminated.
	(1) Normal termination (return value 0)
		Usr 0 00:00:35, Sys 0 00:00:01  -  Run Remote Usage
		Usr 0 00:00:00, Sys 0 00:00:00  -  Run Local Usage
		Usr 0 00:00:35, Sys 0 00:00:01  -  Total Remote Usage
		Usr 0 00:00:00, Sys 0 00:00:00  -  Total Local Usage
	3749990  -  Run Bytes Sent By Job
	62736  -  Run Bytes Received By Job
	3749990  -  Total Bytes Sent By Job
	62736  -  Total Bytes Received By Job
	Partitionable Resources :    Usage  Request          
	   Cpus                 :                 1          
	   Disk (KB)            :     3748     3748          
	   Memory (MB)          :       17       17          
...
000 (788259.000.000) 10/09 09:23:50 Job submitted from host: <18.12.1.74:45913>
...
001 (788259.000.000) 10/09 09:24:18 Job executing on host: <18.12.12.68:42555>
...
006 (788259.000.000) 10/09 09:24:26 Image size of job updated: 2
	3  -  MemoryUsage of job (MB)
	2340  -  ResidentSetSize of job (KB)
...
006 (788259.000.000) 10/09 09:27:09 Image size of job updated: 230392
	3  -  MemoryUsage of job (MB)
	2340  -  ResidentSetSize of job (KB)
...
005 (788259.000.000) 10/09 09:27:09 Job terminated.
	(1) Normal termination (return value 0)
		Usr 0 00:01:40, Sys 0 00:00:01  -  Run Remote Usage
		Usr 0 00:00:00, Sys 0 00:00:00  -  Run Local Usage
		Usr 0 00:01:40, Sys 0 00:00:01  -  Total Remote Usage
		Usr 0 00:00:00, Sys 0 00:00:00  -  Total Local Usage
	585348  -  Run Bytes Sent By Job
	62698  -  Run Bytes Received By Job
	585348  -  Total Bytes Sent By Job
	62698  -  Total Bytes Received By Job
	Partitionable Resources :    Usage  Request          
	   Cpus                 :                 1          
	   Disk (KB)            :      658      658          
	   Memory (MB)          :        3        3          
...
000 (788624.000.000) 10/12 09:48:10 Job submitted from host: <18.12.1.74:45913>
...
001 (788624.000.000) 10/12 10:04:27 Job executing on host: <18.12.9.78:43066>
...
006 (788624.000.000) 10/12 10:04:36 Image size of job updated: 230388
	96  -  MemoryUsage of job (MB)
	97892  -  ResidentSetSize of job (KB)
...
005 (788624.000.000) 10/12 10:06:08 Job terminated.
	(1) Normal termination (return value 0)
		Usr 0 00:01:17, Sys 0 00:00:01  -  Run Remote Usage
		Usr 0 00:00:00, Sys 0 00:00:00  -  Run Local Usage
		Usr 0 00:01:17, Sys 0 00:00:01  -  Total Remote Usage
		Usr 0 00:00:00, Sys 0 00:00:00  -  Total Local Usage
	585198  -  Run Bytes Sent By Job
	62703  -  Run Bytes Received By Job
	585198  -  Total Bytes Sent By Job
	62703  -  Total Bytes Received By Job
	Partitionable Resources :    Usage  Request          
	   Cpus                 :                 1          
	   Disk (KB)            :      658      658          
	   Memory (MB)          :       96       96          
...
