
----------------------------------------------------
Job started on Thu Aug 20 21:04:14 EDT 2015 at WN: t2bat0324.cmsaf.mit.edu 
Job is running on Linux t2bat0324.cmsaf.mit.edu 2.6.32-358.el6.x86_64 #1 SMP Fri Feb 22 20:37:17 CST 2013 x86_64 x86_64 x86_64 GNU/Linux
Filesystem            Size  Used Avail Use% Mounted on
/dev/sda3              20G  3.7G   16G  20% /
tmpfs                  32G     0   32G   0% /dev/shm
/dev/sda1              97M   32M   61M  35% /boot
/dev/sda4             416G   61G  355G  15% /export/data1
fuse_dfs              4.9P  4.6P  323T  94% /mnt/hadoop
/dev/sdb1             3.6T  3.4T  274G  93% /export/00b
/dev/sdc1             3.6T  3.4T  265G  93% /export/00c
/dev/sdd1             3.6T  3.4T  233G  94% /export/00d
/dev/sde1             3.6T  3.4T  258G  93% /export/00e
/dev/sdf1             3.6T  3.4T  260G  93% /export/00f
/dev/sdg1             3.6T  3.4T  262G  93% /export/00g
cvmfs2                 98G   29G   69G  30% /cvmfs/cms.cern.ch
t2srv0004:/export/db  135G  187M  135G   1% /net/t2srv0004/db
cvmfs2                 98G   29G   69G  30% /cvmfs/cvmfs.cmsaf.mit.edu
gcc (GCC) 4.4.7 20120313 (Red Hat 4.4.7-3)
Copyright (C) 2010 Free Software Foundation, Inc.
This is free software; see the source for copying conditions.  There is NO
warranty; not even for MERCHANTABILITY or FITNESS FOR A PARTICULAR PURPOSE.

Processing...
0/201713
10000/201713
20000/201713
30000/201713
40000/201713
50000/201713
60000/201713
70000/201713
80000/201713
90000/201713
100000/201713
110000/201713
120000/201713
130000/201713
140000/201713
150000/201713
160000/201713
170000/201713
180000/201713
190000/201713
200000/201713
Macro finished: 
CPU time (min)  = 1.62083
Real time (min) = 2.65159
total 1.8M
-rw-r--r--  1 obaron obaron  94K Aug 20 20:49 jetRAA_PbPb_data_akPu3_select.txt
-rw-r--r--  1 obaron obaron  70K Aug 20 20:49 RAA_read_data_pbpb.C
-rw-r--r--  1 obaron obaron 108K Aug 20 20:49 jetRAA_PbPb_data_forest.txt
-rw-r--r--  1 obaron obaron  94K Aug 20 20:49 jetRAA_PbPb_data_akPu2_select.txt
-rw-r--r--  1 obaron obaron  94K Aug 20 20:50 jetRAA_PbPb_data_akPu4_select.txt
-rw-r--r--  1 obaron obaron  11K Aug 20 20:57 RAA_read_data_pbpb_C.d
-rwxr-xr-x  1 obaron obaron 101K Aug 20 20:58 RAA_read_data_pbpb_C.so
-rw-r--r--  1 condor condor 5.6K Aug 20 21:04 .machine.ad
-rw-r--r--  1 condor condor  20K Aug 20 21:04 .job.ad
-rwx------  1 obaron obaron   49 Aug 20 21:04 .chirp.config
-rw-rw-r--  1 obaron obaron  61K Aug 20 21:04 jetRAA_run_PbPb_Data.tar
-rwxr-xr-x  1 obaron obaron 1.2K Aug 20 21:04 condor_exec.exe
drwx------  2 obaron obaron 4.0K Aug 20 21:04 .
-rw-r--r--  1 obaron obaron  678 Aug 20 21:04 _condor_stderr
drwxr-xr-x 32 condor root   4.0K Aug 20 21:06 ..
-rw-r--r--  1 obaron obaron 1.7K Aug 20 21:06 _condor_stdout
-rw-r--r--  1 obaron obaron 1.1M Aug 20 21:06 PbPb_Data_histograms_FromForest_pileupCutFIX_ZDCmCut_akPu2_20_eta_20_340.root
Done!
Copied output files to hadoop rootfiles/JetRAA/June29
