
----------------------------------------------------
Job started on Mon Oct 12 10:51:59 EDT 2015 at WN: t2bat0310.cmsaf.mit.edu 
Job is running on Linux t2bat0310.cmsaf.mit.edu 2.6.32-358.el6.x86_64 #1 SMP Fri Feb 22 20:37:17 CST 2013 x86_64 x86_64 x86_64 GNU/Linux
Filesystem            Size  Used Avail Use% Mounted on
/dev/sda3              20G  3.0G   16G  16% /
tmpfs                  32G     0   32G   0% /dev/shm
/dev/sda1              97M   32M   61M  35% /boot
/dev/sda4             416G   91G  325G  22% /export/data1
fuse_dfs              5.0P  4.0P  1.1P  80% /mnt/hadoop
/dev/sdb1             3.6T  3.0T  610G  84% /export/00b
/dev/sdc1             3.6T  3.1T  574G  85% /export/00c
/dev/sdd1             3.6T  3.1T  573G  85% /export/00d
/dev/sde1             3.6T  3.0T  603G  84% /export/00e
/dev/sdf1             3.6T  3.1T  593G  84% /export/00f
/dev/sdg1             3.6T  3.1T  589G  84% /export/00g
/dev/sdh1             3.6T  1.9T  1.8T  53% /export/00h
cvmfs2                 98G   84G   15G  86% /cvmfs/cms.cern.ch
t2srv0004:/export/db  135G  187M  135G   1% /net/t2srv0004/db
cvmfs2                 98G   84G   15G  86% /cvmfs/cvmfs.cmsaf.mit.edu
gcc (GCC) 4.4.7 20120313 (Red Hat 4.4.7-3)
Copyright (C) 2010 Free Software Foundation, Inc.
This is free software; see the source for copying conditions.  There is NO
warranty; not even for MERCHANTABILITY or FITNESS FOR A PARTICULAR PURPOSE.

Processing...
0/62609
10000/62609
20000/62609
30000/62609
40000/62609
50000/62609
60000/62609
Macro finished: 
CPU time (min)  = 0.579333
Real time (min) = 0.827696
total 1.6M
-rw-r--r--  1 obaron obaron 108K Oct 12 10:08 jetRAA_PbPb_data_forest.txt
-rw-r--r--  1 obaron obaron  94K Oct 12 10:08 jetRAA_PbPb_data_akPu4_select.txt
-rw-r--r--  1 obaron obaron  94K Oct 12 10:08 jetRAA_PbPb_data_akPu3_select.txt
-rw-r--r--  1 obaron obaron  94K Oct 12 10:08 jetRAA_PbPb_data_akPu2_select.txt
-rw-r--r--  1 obaron obaron  70K Oct 12 10:40 RAA_read_data_pbpb.C
-rw-r--r--  1 obaron obaron  11K Oct 12 10:40 RAA_read_data_pbpb_C.d
-rwxr-xr-x  1 obaron obaron 101K Oct 12 10:40 RAA_read_data_pbpb_C.so
-rw-rw-r--  1 obaron obaron  61K Oct 12 10:51 jetRAA_run_PbPb_Data.tar
-rwxr-xr-x  1 obaron obaron 1.2K Oct 12 10:51 condor_exec.exe
drwxr-xr-x 34 condor root   4.0K Oct 12 10:51 ..
-rw-r--r--  1 condor condor 5.6K Oct 12 10:51 .machine.ad
-rw-r--r--  1 condor condor  20K Oct 12 10:51 .job.ad
-rwx------  1 obaron obaron   49 Oct 12 10:51 .chirp.config
-rw-r--r--  1 obaron obaron    0 Oct 12 10:51 _condor_stderr
drwx------  2 obaron obaron 4.0K Oct 12 10:51 .
-rw-r--r--  1 obaron obaron 1.6K Oct 12 10:52 _condor_stdout
-rw-r--r--  1 obaron obaron 856K Oct 12 10:52 PbPb_Data_histograms_FromForest_pileupCutFIX_ZDCmCut_30GeVcut_akPu3_20_eta_20_245.root
Done!
Copied output files to hadoop rootfiles/JetRAA/June29
