
----------------------------------------------------
Job started on Mon Oct 12 10:51:54 EDT 2015 at WN: t2bat0315.cmsaf.mit.edu 
Job is running on Linux t2bat0315.cmsaf.mit.edu 2.6.32-358.el6.x86_64 #1 SMP Fri Feb 22 20:37:17 CST 2013 x86_64 x86_64 x86_64 GNU/Linux
Filesystem            Size  Used Avail Use% Mounted on
/dev/sda3              20G  2.8G   16G  15% /
tmpfs                  32G     0   32G   0% /dev/shm
/dev/sda1              97M   32M   61M  35% /boot
/dev/sda4             416G   55G  361G  14% /export/data1
fuse_dfs              5.0P  4.0P  1.1P  80% /mnt/hadoop
/dev/sdb1             3.6T  3.1T  530G  86% /export/00b
/dev/sdc1             3.6T  3.1T  523G  86% /export/00c
/dev/sdd1             3.6T  3.1T  540G  86% /export/00d
/dev/sde1             3.6T  3.1T  548G  86% /export/00e
/dev/sdf1             3.6T  3.1T  544G  86% /export/00f
/dev/sdg1             3.6T  3.1T  559G  85% /export/00g
/dev/sdh1             3.6T  1.7T  2.0T  46% /export/00h
cvmfs2                 98G   50G   49G  51% /cvmfs/cms.cern.ch
t2srv0004:/export/db  135G  187M  135G   1% /net/t2srv0004/db
cvmfs2                 98G   50G   49G  51% /cvmfs/oasis.opensciencegrid.org
cvmfs2                 98G   50G   49G  51% /cvmfs/cdfcfs.fnal.gov
cvmfs2                 98G   50G   49G  51% /cvmfs/cvmfs.cmsaf.mit.edu
gcc (GCC) 4.4.7 20120313 (Red Hat 4.4.7-3)
Copyright (C) 2010 Free Software Foundation, Inc.
This is free software; see the source for copying conditions.  There is NO
warranty; not even for MERCHANTABILITY or FITNESS FOR A PARTICULAR PURPOSE.

Processing...
0/178457
10000/178457
20000/178457
30000/178457
40000/178457
50000/178457
60000/178457
70000/178457
80000/178457
90000/178457
100000/178457
110000/178457
120000/178457
130000/178457
140000/178457
150000/178457
160000/178457
170000/178457
Macro finished: 
CPU time (min)  = 1.53117
Real time (min) = 2.02682
total 1.7M
-rw-r--r--  1 obaron obaron 108K Oct 12 10:08 jetRAA_PbPb_data_forest.txt
-rw-r--r--  1 obaron obaron  94K Oct 12 10:08 jetRAA_PbPb_data_akPu4_select.txt
-rw-r--r--  1 obaron obaron  94K Oct 12 10:08 jetRAA_PbPb_data_akPu3_select.txt
-rw-r--r--  1 obaron obaron  94K Oct 12 10:08 jetRAA_PbPb_data_akPu2_select.txt
-rw-r--r--  1 obaron obaron  70K Oct 12 10:40 RAA_read_data_pbpb.C
-rw-r--r--  1 obaron obaron  11K Oct 12 10:40 RAA_read_data_pbpb_C.d
-rwxr-xr-x  1 obaron obaron 101K Oct 12 10:40 RAA_read_data_pbpb_C.so
-rw-rw-r--  1 obaron obaron  61K Oct 12 10:51 jetRAA_run_PbPb_Data.tar
-rwxr-xr-x  1 obaron obaron 1.2K Oct 12 10:51 condor_exec.exe
-rw-r--r--  1 condor condor  20K Oct 12 10:51 .job.ad
drwxr-xr-x 34 condor root   4.0K Oct 12 10:51 ..
-rw-r--r--  1 condor condor 5.6K Oct 12 10:51 .machine.ad
-rwx------  1 obaron obaron   49 Oct 12 10:51 .chirp.config
-rw-r--r--  1 obaron obaron    0 Oct 12 10:51 _condor_stderr
drwx------  2 obaron obaron 4.0K Oct 12 10:51 .
-rw-r--r--  1 obaron obaron 1.9K Oct 12 10:53 _condor_stdout
-rw-r--r--  1 obaron obaron 1.1M Oct 12 10:53 PbPb_Data_histograms_FromForest_pileupCutFIX_ZDCmCut_30GeVcut_akPu3_20_eta_20_760.root
Done!
Copied output files to hadoop rootfiles/JetRAA/June29
