
----------------------------------------------------
Job started on Mon Oct 12 11:30:53 EDT 2015 at WN: hibat0061.cmsaf.mit.edu 
Job is running on Linux hibat0061.cmsaf.mit.edu 2.6.32-358.el6.x86_64 #1 SMP Fri Feb 22 20:37:17 CST 2013 x86_64 x86_64 x86_64 GNU/Linux
Filesystem            Size  Used Avail Use% Mounted on
/dev/sda3              20G  3.3G   16G  18% /
tmpfs                  24G     0   24G   0% /dev/shm
/dev/sda1              97M   32M   61M  35% /boot
/dev/sda4             873G   61G  813G   7% /export/data1
/dev/sdb1             2.7T  2.2T  499G  82% /export/00b
/dev/sdc1             2.7T  2.2T  504G  82% /export/00c
/dev/sdd1             2.7T  2.2T  518G  82% /export/00d
/dev/sde1             2.7T  2.3T  483G  83% /export/00e
/dev/sdf1             2.7T  2.3T  496G  82% /export/00f
fuse_dfs              5.0P  4.0P  1.1P  80% /mnt/hadoop
/dev/sdg1             3.6T  2.7T  916G  76% /export/00g
/dev/sdh1             3.6T  2.7T  913G  76% /export/00h
cvmfs2                 98G   59G   40G  60% /cvmfs/cms.cern.ch
t2srv0004:/export/db  135G  187M  135G   1% /net/t2srv0004/db
cvmfs2                 98G   59G   40G  60% /cvmfs/oasis.opensciencegrid.org
cvmfs2                 98G   59G   40G  60% /cvmfs/cdfcfs.fnal.gov
cvmfs2                 98G   59G   40G  60% /cvmfs/cvmfs.cmsaf.mit.edu
gcc (GCC) 4.4.7 20120313 (Red Hat 4.4.7-3)
Copyright (C) 2010 Free Software Foundation, Inc.
This is free software; see the source for copying conditions.  There is NO
warranty; not even for MERCHANTABILITY or FITNESS FOR A PARTICULAR PURPOSE.

Processing...
0/182603
10000/182603
20000/182603
30000/182603
40000/182603
50000/182603
60000/182603
70000/182603
80000/182603
90000/182603
100000/182603
110000/182603
120000/182603
130000/182603
140000/182603
150000/182603
160000/182603
170000/182603
180000/182603
Macro finished: 
CPU time (min)  = 2.0775
Real time (min) = 2.70898
total 1.9M
-rw-r--r--  1 obaron obaron 108K Oct 12 11:01 jetRAA_PbPb_data_forest.txt
-rw-r--r--  1 obaron obaron  94K Oct 12 11:01 jetRAA_PbPb_data_akPu4_select.txt
-rw-r--r--  1 obaron obaron  94K Oct 12 11:01 jetRAA_PbPb_data_akPu3_select.txt
-rw-r--r--  1 obaron obaron  94K Oct 12 11:01 jetRAA_PbPb_data_akPu2_select.txt
-rw-r--r--  1 obaron obaron  70K Oct 12 11:21 RAA_read_data_pbpb.C
-rw-r--r--  1 obaron obaron  11K Oct 12 11:21 RAA_read_data_pbpb_C.d
-rwxr-xr-x  1 obaron obaron 101K Oct 12 11:21 RAA_read_data_pbpb_C.so
-rw-rw-r--  1 obaron obaron  61K Oct 12 11:30 jetRAA_run_PbPb_Data.tar
-rwxr-xr-x  1 obaron obaron 1.2K Oct 12 11:30 condor_exec.exe
drwxr-xr-x 14 condor root   4.0K Oct 12 11:30 ..
-rw-r--r--  1 condor condor 5.6K Oct 12 11:30 .machine.ad
-rw-r--r--  1 condor condor  20K Oct 12 11:30 .job.ad
-rwx------  1 obaron obaron   49 Oct 12 11:30 .chirp.config
-rw-r--r--  1 obaron obaron    0 Oct 12 11:30 _condor_stderr
drwx------  2 obaron obaron 4.0K Oct 12 11:30 .
-rw-r--r--  1 obaron obaron 1.9K Oct 12 11:33 _condor_stdout
-rw-r--r--  1 obaron obaron 1.3M Oct 12 11:33 PbPb_Data_histograms_FromForest_pileupCutFIX_ZDCmCut_30GeVcut_akPu4_20_eta_20_380.root
Done!
Copied output files to hadoop rootfiles/JetRAA/June29
