000 (554318.000.000) 08/11 09:09:20 Job submitted from host: <18.12.1.74:48322>
...
001 (554318.000.000) 08/11 09:09:53 Job executing on host: <18.12.12.13:47227>
...
006 (554318.000.000) 08/11 09:10:01 Image size of job updated: 2
	3  -  MemoryUsage of job (MB)
	2340  -  ResidentSetSize of job (KB)
...
006 (554318.000.000) 08/11 09:12:30 Image size of job updated: 230444
	3  -  MemoryUsage of job (MB)
	2340  -  ResidentSetSize of job (KB)
...
005 (554318.000.000) 08/11 09:12:30 Job terminated.
	(1) Normal termination (return value 0)
		Usr 0 00:01:13, Sys 0 00:00:01  -  Run Remote Usage
		Usr 0 00:00:00, Sys 0 00:00:00  -  Run Local Usage
		Usr 0 00:01:13, Sys 0 00:00:01  -  Total Remote Usage
		Usr 0 00:00:00, Sys 0 00:00:00  -  Total Local Usage
	585960  -  Run Bytes Sent By Job
	62717  -  Run Bytes Received By Job
	585960  -  Total Bytes Sent By Job
	62717  -  Total Bytes Received By Job
	Partitionable Resources :    Usage  Request          
	   Cpus                 :                 1          
	   Disk (KB)            :      658      658          
	   Memory (MB)          :        3        3          
...
000 (558033.000.000) 08/13 13:34:26 Job submitted from host: <18.12.1.74:48322>
...
001 (558033.000.000) 08/13 14:03:02 Job executing on host: <18.12.9.39:46205>
...
006 (558033.000.000) 08/13 14:03:10 Image size of job updated: 2
	3  -  MemoryUsage of job (MB)
	2360  -  ResidentSetSize of job (KB)
...
006 (558033.000.000) 08/13 14:08:10 Image size of job updated: 230440
	98  -  MemoryUsage of job (MB)
	100284  -  ResidentSetSize of job (KB)
...
005 (558033.000.000) 08/13 14:09:40 Job terminated.
	(1) Normal termination (return value 0)
		Usr 0 00:01:23, Sys 0 00:00:02  -  Run Remote Usage
		Usr 0 00:00:00, Sys 0 00:00:00  -  Run Local Usage
		Usr 0 00:01:23, Sys 0 00:00:02  -  Total Remote Usage
		Usr 0 00:00:00, Sys 0 00:00:00  -  Total Local Usage
	586526  -  Run Bytes Sent By Job
	62720  -  Run Bytes Received By Job
	586526  -  Total Bytes Sent By Job
	62720  -  Total Bytes Received By Job
	Partitionable Resources :    Usage  Request          
	   Cpus                 :                 1          
	   Disk (KB)            :      659      659          
	   Memory (MB)          :       98       98          
...
000 (566324.000.000) 08/20 20:28:08 Job submitted from host: <18.12.1.74:48322>
...
001 (566324.000.000) 08/20 20:29:12 Job executing on host: <18.12.9.30:44672>
...
006 (566324.000.000) 08/20 20:29:21 Image size of job updated: 193668
	78  -  MemoryUsage of job (MB)
	79548  -  ResidentSetSize of job (KB)
...
006 (566324.000.000) 08/20 20:34:22 Image size of job updated: 230436
	103  -  MemoryUsage of job (MB)
	105148  -  ResidentSetSize of job (KB)
...
006 (566324.000.000) 08/20 20:34:56 Image size of job updated: 231500
	103  -  MemoryUsage of job (MB)
	105148  -  ResidentSetSize of job (KB)
...
005 (566324.000.000) 08/20 20:41:10 Job terminated.
	(1) Normal termination (return value 0)
		Usr 0 00:01:29, Sys 0 00:00:02  -  Run Remote Usage
		Usr 0 00:00:00, Sys 0 00:00:00  -  Run Local Usage
		Usr 0 00:01:29, Sys 0 00:00:02  -  Total Remote Usage
		Usr 0 00:00:00, Sys 0 00:00:00  -  Total Local Usage
	586582  -  Run Bytes Sent By Job
	62732  -  Run Bytes Received By Job
	586582  -  Total Bytes Sent By Job
	62732  -  Total Bytes Received By Job
	Partitionable Resources :    Usage  Request          
	   Cpus                 :                 1          
	   Disk (KB)            :      659      659          
	   Memory (MB)          :      103      103          
...
