000 (554267.000.000) 08/11 09:09:11 Job submitted from host: <18.12.1.74:48322>
...
001 (554267.000.000) 08/11 09:09:20 Job executing on host: <18.12.6.86:49709>
...
006 (554267.000.000) 08/11 09:09:29 Image size of job updated: 2
	3  -  MemoryUsage of job (MB)
	2344  -  ResidentSetSize of job (KB)
...
006 (554267.000.000) 08/11 09:12:29 Image size of job updated: 230556
	3  -  MemoryUsage of job (MB)
	2344  -  ResidentSetSize of job (KB)
...
005 (554267.000.000) 08/11 09:12:29 Job terminated.
	(1) Normal termination (return value 0)
		Usr 0 00:01:59, Sys 0 00:00:01  -  Run Remote Usage
		Usr 0 00:00:00, Sys 0 00:00:00  -  Run Local Usage
		Usr 0 00:01:59, Sys 0 00:00:01  -  Total Remote Usage
		Usr 0 00:00:00, Sys 0 00:00:00  -  Total Local Usage
	586178  -  Run Bytes Sent By Job
	62717  -  Run Bytes Received By Job
	586178  -  Total Bytes Sent By Job
	62717  -  Total Bytes Received By Job
	Partitionable Resources :    Usage  Request          
	   Cpus                 :                 1          
	   Disk (KB)            :      659      659          
	   Memory (MB)          :        3        3          
...
000 (557982.000.000) 08/13 13:34:21 Job submitted from host: <18.12.1.74:48322>
...
001 (557982.000.000) 08/13 13:54:51 Job executing on host: <18.12.9.69:48760>
...
006 (557982.000.000) 08/13 13:55:00 Image size of job updated: 230556
	96  -  MemoryUsage of job (MB)
	98276  -  ResidentSetSize of job (KB)
...
006 (557982.000.000) 08/13 13:57:06 Image size of job updated: 230688
	96  -  MemoryUsage of job (MB)
	98276  -  ResidentSetSize of job (KB)
...
005 (557982.000.000) 08/13 13:57:06 Job terminated.
	(1) Normal termination (return value 0)
		Usr 0 00:01:28, Sys 0 00:00:01  -  Run Remote Usage
		Usr 0 00:00:00, Sys 0 00:00:00  -  Run Local Usage
		Usr 0 00:01:28, Sys 0 00:00:01  -  Total Remote Usage
		Usr 0 00:00:00, Sys 0 00:00:00  -  Total Local Usage
	586062  -  Run Bytes Sent By Job
	62720  -  Run Bytes Received By Job
	586062  -  Total Bytes Sent By Job
	62720  -  Total Bytes Received By Job
	Partitionable Resources :    Usage  Request          
	   Cpus                 :                 1          
	   Disk (KB)            :      659      659          
	   Memory (MB)          :       96       96          
...
000 (566273.000.000) 08/20 20:24:57 Job submitted from host: <18.12.1.74:48322>
...
001 (566273.000.000) 08/20 20:25:34 Job executing on host: <18.12.9.29:41168>
...
006 (566273.000.000) 08/20 20:25:43 Image size of job updated: 102824
	18  -  MemoryUsage of job (MB)
	17436  -  ResidentSetSize of job (KB)
...
006 (566273.000.000) 08/20 20:30:43 Image size of job updated: 230560
	95  -  MemoryUsage of job (MB)
	96896  -  ResidentSetSize of job (KB)
...
006 (566273.000.000) 08/20 20:32:13 Image size of job updated: 238568
	95  -  MemoryUsage of job (MB)
	96896  -  ResidentSetSize of job (KB)
...
005 (566273.000.000) 08/20 20:38:48 Job terminated.
	(1) Normal termination (return value 0)
		Usr 0 00:01:40, Sys 0 00:00:03  -  Run Remote Usage
		Usr 0 00:00:00, Sys 0 00:00:00  -  Run Local Usage
		Usr 0 00:01:40, Sys 0 00:00:03  -  Total Remote Usage
		Usr 0 00:00:00, Sys 0 00:00:00  -  Total Local Usage
	586611  -  Run Bytes Sent By Job
	62732  -  Run Bytes Received By Job
	586611  -  Total Bytes Sent By Job
	62732  -  Total Bytes Received By Job
	Partitionable Resources :    Usage  Request          
	   Cpus                 :                 1          
	   Disk (KB)            :      659      659          
	   Memory (MB)          :       95       95          
...
000 (782821.000.000) 10/01 15:57:22 Job submitted from host: <18.12.1.74:47665>
...
001 (782821.000.000) 10/01 16:00:42 Job executing on host: <18.12.9.11:41022>
...
006 (782821.000.000) 10/01 16:00:51 Image size of job updated: 2
	3  -  MemoryUsage of job (MB)
	2340  -  ResidentSetSize of job (KB)
...
006 (782821.000.000) 10/01 16:05:51 Image size of job updated: 230560
	99  -  MemoryUsage of job (MB)
	100380  -  ResidentSetSize of job (KB)
...
006 (782821.000.000) 10/01 16:06:22 Image size of job updated: 230692
	99  -  MemoryUsage of job (MB)
	100380  -  ResidentSetSize of job (KB)
...
022 (782821.000.000) 10/01 16:06:22 Job disconnected, attempting to reconnect
    Socket between submit and execute hosts closed unexpectedly
    Trying to reconnect to slot11@t2bat0267.cmsaf.mit.edu <18.12.9.11:41022>
...
023 (782821.000.000) 10/01 16:06:23 Job reconnected to slot11@t2bat0267.cmsaf.mit.edu
    startd address: <18.12.9.11:41022>
    starter address: <18.12.9.11:42117>
...
005 (782821.000.000) 10/01 16:11:37 Job terminated.
	(1) Normal termination (return value 0)
		Usr 0 00:01:18, Sys 0 00:00:01  -  Run Remote Usage
		Usr 0 00:00:00, Sys 0 00:00:00  -  Run Local Usage
		Usr 0 00:01:18, Sys 0 00:00:01  -  Total Remote Usage
		Usr 0 00:00:00, Sys 0 00:00:00  -  Total Local Usage
	586130  -  Run Bytes Sent By Job
	62734  -  Run Bytes Received By Job
	586130  -  Total Bytes Sent By Job
	62734  -  Total Bytes Received By Job
	Partitionable Resources :    Usage  Request          
	   Cpus                 :                 1          
	   Disk (KB)            :      659      659          
	   Memory (MB)          :       99       99          
...
000 (785979.000.000) 10/05 14:19:06 Job submitted from host: <18.12.1.74:45913>
...
001 (785979.000.000) 10/05 14:19:49 Job executing on host: <18.12.12.13:49636>
...
006 (785979.000.000) 10/05 14:19:58 Image size of job updated: 2
	3  -  MemoryUsage of job (MB)
	2356  -  ResidentSetSize of job (KB)
...
006 (785979.000.000) 10/05 14:22:09 Image size of job updated: 230556
	3  -  MemoryUsage of job (MB)
	2356  -  ResidentSetSize of job (KB)
...
005 (785979.000.000) 10/05 14:22:09 Job terminated.
	(1) Normal termination (return value 0)
		Usr 0 00:01:34, Sys 0 00:00:01  -  Run Remote Usage
		Usr 0 00:00:00, Sys 0 00:00:00  -  Run Local Usage
		Usr 0 00:01:34, Sys 0 00:00:01  -  Total Remote Usage
		Usr 0 00:00:00, Sys 0 00:00:00  -  Total Local Usage
	586352  -  Run Bytes Sent By Job
	62732  -  Run Bytes Received By Job
	586352  -  Total Bytes Sent By Job
	62732  -  Total Bytes Received By Job
	Partitionable Resources :    Usage  Request          
	   Cpus                 :                 1          
	   Disk (KB)            :      659      659          
	   Memory (MB)          :        3        3          
...
000 (786345.000.000) 10/07 09:51:22 Job submitted from host: <18.12.1.74:45913>
...
001 (786345.000.000) 10/07 09:52:06 Job executing on host: <18.12.12.66:41679>
...
006 (786345.000.000) 10/07 09:52:14 Image size of job updated: 69176
	14  -  MemoryUsage of job (MB)
	13320  -  ResidentSetSize of job (KB)
...
006 (786345.000.000) 10/07 09:55:51 Image size of job updated: 230560
	14  -  MemoryUsage of job (MB)
	13320  -  ResidentSetSize of job (KB)
...
005 (786345.000.000) 10/07 09:55:51 Job terminated.
	(1) Normal termination (return value 0)
		Usr 0 00:02:17, Sys 0 00:00:03  -  Run Remote Usage
		Usr 0 00:00:00, Sys 0 00:00:00  -  Run Local Usage
		Usr 0 00:02:17, Sys 0 00:00:03  -  Total Remote Usage
		Usr 0 00:00:00, Sys 0 00:00:00  -  Total Local Usage
	586286  -  Run Bytes Sent By Job
	62734  -  Run Bytes Received By Job
	586286  -  Total Bytes Sent By Job
	62734  -  Total Bytes Received By Job
	Partitionable Resources :    Usage  Request          
	   Cpus                 :                 1          
	   Disk (KB)            :      659      659          
	   Memory (MB)          :       14       14          
...
000 (786526.000.000) 10/07 11:12:53 Job submitted from host: <18.12.1.74:45913>
...
001 (786526.000.000) 10/07 11:23:28 Job executing on host: <18.12.8.168:48395>
...
006 (786526.000.000) 10/07 11:23:37 Image size of job updated: 75136
	17  -  MemoryUsage of job (MB)
	16424  -  ResidentSetSize of job (KB)
...
006 (786526.000.000) 10/07 11:26:46 Image size of job updated: 230548
	17  -  MemoryUsage of job (MB)
	16424  -  ResidentSetSize of job (KB)
...
005 (786526.000.000) 10/07 11:26:46 Job terminated.
	(1) Normal termination (return value 0)
		Usr 0 00:01:18, Sys 0 00:00:01  -  Run Remote Usage
		Usr 0 00:00:00, Sys 0 00:00:00  -  Run Local Usage
		Usr 0 00:01:18, Sys 0 00:00:01  -  Total Remote Usage
		Usr 0 00:00:00, Sys 0 00:00:00  -  Total Local Usage
	585370  -  Run Bytes Sent By Job
	62746  -  Run Bytes Received By Job
	585370  -  Total Bytes Sent By Job
	62746  -  Total Bytes Received By Job
	Partitionable Resources :    Usage  Request          
	   Cpus                 :                 1          
	   Disk (KB)            :      658      658          
	   Memory (MB)          :       17       17          
...
000 (787453.000.000) 10/08 12:42:39 Job submitted from host: <18.12.1.74:45913>
...
001 (787453.000.000) 10/08 12:47:05 Job executing on host: <18.12.9.14:48395>
...
006 (787453.000.000) 10/08 12:47:14 Image size of job updated: 74560
	13  -  MemoryUsage of job (MB)
	13168  -  ResidentSetSize of job (KB)
...
006 (787453.000.000) 10/08 12:49:10 Image size of job updated: 230544
	13  -  MemoryUsage of job (MB)
	13168  -  ResidentSetSize of job (KB)
...
005 (787453.000.000) 10/08 12:49:11 Job terminated.
	(1) Normal termination (return value 0)
		Usr 0 00:01:36, Sys 0 00:00:01  -  Run Remote Usage
		Usr 0 00:00:00, Sys 0 00:00:00  -  Run Local Usage
		Usr 0 00:01:36, Sys 0 00:00:01  -  Total Remote Usage
		Usr 0 00:00:00, Sys 0 00:00:00  -  Total Local Usage
	585156  -  Run Bytes Sent By Job
	62749  -  Run Bytes Received By Job
	585156  -  Total Bytes Sent By Job
	62749  -  Total Bytes Received By Job
	Partitionable Resources :    Usage  Request          
	   Cpus                 :                 1          
	   Disk (KB)            :      658      658          
	   Memory (MB)          :       13       13          
...
000 (787635.000.000) 10/08 14:27:11 Job submitted from host: <18.12.1.74:45913>
...
001 (787635.000.000) 10/08 14:34:51 Job executing on host: <18.12.9.74:45110>
...
006 (787635.000.000) 10/08 14:35:00 Image size of job updated: 230548
	99  -  MemoryUsage of job (MB)
	100544  -  ResidentSetSize of job (KB)
...
005 (787635.000.000) 10/08 14:36:37 Job terminated.
	(1) Normal termination (return value 0)
		Usr 0 00:01:21, Sys 0 00:00:01  -  Run Remote Usage
		Usr 0 00:00:00, Sys 0 00:00:00  -  Run Local Usage
		Usr 0 00:01:21, Sys 0 00:00:01  -  Total Remote Usage
		Usr 0 00:00:00, Sys 0 00:00:00  -  Total Local Usage
	585432  -  Run Bytes Sent By Job
	62691  -  Run Bytes Received By Job
	585432  -  Total Bytes Sent By Job
	62691  -  Total Bytes Received By Job
	Partitionable Resources :    Usage  Request          
	   Cpus                 :                 1          
	   Disk (KB)            :      658      658          
	   Memory (MB)          :       99       99          
...
000 (787818.000.000) 10/08 15:16:32 Job submitted from host: <18.12.1.74:45913>
...
001 (787818.000.000) 10/08 15:23:05 Job executing on host: <18.12.9.42:43285>
...
006 (787818.000.000) 10/08 15:23:14 Image size of job updated: 192488
	77  -  MemoryUsage of job (MB)
	78236  -  ResidentSetSize of job (KB)
...
006 (787818.000.000) 10/08 15:28:15 Image size of job updated: 230540
	111  -  MemoryUsage of job (MB)
	113504  -  ResidentSetSize of job (KB)
...
005 (787818.000.000) 10/08 15:29:27 Job terminated.
	(1) Normal termination (return value 0)
		Usr 0 00:01:29, Sys 0 00:00:01  -  Run Remote Usage
		Usr 0 00:00:00, Sys 0 00:00:00  -  Run Local Usage
		Usr 0 00:01:29, Sys 0 00:00:01  -  Total Remote Usage
		Usr 0 00:00:00, Sys 0 00:00:00  -  Total Local Usage
	585712  -  Run Bytes Sent By Job
	62696  -  Run Bytes Received By Job
	585712  -  Total Bytes Sent By Job
	62696  -  Total Bytes Received By Job
	Partitionable Resources :    Usage  Request          
	   Cpus                 :                 1          
	   Disk (KB)            :      658      658          
	   Memory (MB)          :      111      111          
...
000 (788728.000.000) 10/12 10:42:34 Job submitted from host: <18.12.1.74:45913>
...
001 (788728.000.000) 10/12 10:48:35 Job executing on host: <18.12.8.248:46132>
...
006 (788728.000.000) 10/12 10:48:44 Image size of job updated: 230540
	96  -  MemoryUsage of job (MB)
	98224  -  ResidentSetSize of job (KB)
...
005 (788728.000.000) 10/12 10:51:36 Job terminated.
	(1) Normal termination (return value 0)
		Usr 0 00:01:43, Sys 0 00:00:01  -  Run Remote Usage
		Usr 0 00:00:00, Sys 0 00:00:00  -  Run Local Usage
		Usr 0 00:01:43, Sys 0 00:00:01  -  Total Remote Usage
		Usr 0 00:00:00, Sys 0 00:00:00  -  Total Local Usage
	585384  -  Run Bytes Sent By Job
	62704  -  Run Bytes Received By Job
	585384  -  Total Bytes Sent By Job
	62704  -  Total Bytes Received By Job
	Partitionable Resources :    Usage  Request          
	   Cpus                 :                 1          
	   Disk (KB)            :      658      658          
	   Memory (MB)          :       96       96          
...
