000 (554288.000.000) 08/11 09:09:16 Job submitted from host: <18.12.1.74:48322>
...
001 (554288.000.000) 08/11 09:09:49 Job executing on host: <18.12.6.98:46059>
...
006 (554288.000.000) 08/11 09:09:58 Image size of job updated: 2
	3  -  MemoryUsage of job (MB)
	2340  -  ResidentSetSize of job (KB)
...
006 (554288.000.000) 08/11 09:11:59 Image size of job updated: 230012
	3  -  MemoryUsage of job (MB)
	2340  -  ResidentSetSize of job (KB)
...
005 (554288.000.000) 08/11 09:11:59 Job terminated.
	(1) Normal termination (return value 0)
		Usr 0 00:00:39, Sys 0 00:00:01  -  Run Remote Usage
		Usr 0 00:00:00, Sys 0 00:00:00  -  Run Local Usage
		Usr 0 00:00:39, Sys 0 00:00:01  -  Total Remote Usage
		Usr 0 00:00:00, Sys 0 00:00:00  -  Total Local Usage
	586031  -  Run Bytes Sent By Job
	62717  -  Run Bytes Received By Job
	586031  -  Total Bytes Sent By Job
	62717  -  Total Bytes Received By Job
	Partitionable Resources :    Usage  Request          
	   Cpus                 :                 1          
	   Disk (KB)            :      659      659          
	   Memory (MB)          :        3        3          
...
000 (558003.000.000) 08/13 13:34:23 Job submitted from host: <18.12.1.74:48322>
...
001 (558003.000.000) 08/13 13:59:10 Job executing on host: <18.12.8.199:40730>
...
006 (558003.000.000) 08/13 13:59:19 Image size of job updated: 230012
	93  -  MemoryUsage of job (MB)
	95208  -  ResidentSetSize of job (KB)
...
005 (558003.000.000) 08/13 14:00:30 Job terminated.
	(1) Normal termination (return value 0)
		Usr 0 00:00:40, Sys 0 00:00:01  -  Run Remote Usage
		Usr 0 00:00:00, Sys 0 00:00:00  -  Run Local Usage
		Usr 0 00:00:40, Sys 0 00:00:01  -  Total Remote Usage
		Usr 0 00:00:00, Sys 0 00:00:00  -  Total Local Usage
	586076  -  Run Bytes Sent By Job
	62720  -  Run Bytes Received By Job
	586076  -  Total Bytes Sent By Job
	62720  -  Total Bytes Received By Job
	Partitionable Resources :    Usage  Request          
	   Cpus                 :                 1          
	   Disk (KB)            :      659      659          
	   Memory (MB)          :       93       93          
...
000 (566294.000.000) 08/20 20:26:09 Job submitted from host: <18.12.1.74:48322>
...
007 (566294.000.000) 08/20 20:26:44 Shadow exception!
	Error from slot15@t2bat0320.cmsaf.mit.edu: Failed to transfer files
	0  -  Run Bytes Sent By Job
	0  -  Run Bytes Received By Job
...
001 (566294.000.000) 08/20 20:26:50 Job executing on host: <18.12.8.149:40949>
...
006 (566294.000.000) 08/20 20:26:59 Image size of job updated: 2
	2  -  MemoryUsage of job (MB)
	1728  -  ResidentSetSize of job (KB)
...
006 (566294.000.000) 08/20 20:28:37 Image size of job updated: 230048
	2  -  MemoryUsage of job (MB)
	1728  -  ResidentSetSize of job (KB)
...
005 (566294.000.000) 08/20 20:35:00 Job terminated.
	(1) Normal termination (return value 0)
		Usr 0 00:00:39, Sys 0 00:00:00  -  Run Remote Usage
		Usr 0 00:00:00, Sys 0 00:00:00  -  Run Local Usage
		Usr 0 00:00:39, Sys 0 00:00:00  -  Total Remote Usage
		Usr 0 00:00:00, Sys 0 00:00:00  -  Total Local Usage
	586096  -  Run Bytes Sent By Job
	62732  -  Run Bytes Received By Job
	586096  -  Total Bytes Sent By Job
	62732  -  Total Bytes Received By Job
	Partitionable Resources :    Usage  Request          
	   Cpus                 :                 1          
	   Disk (KB)            :      659      659          
	   Memory (MB)          :        2        2          
...
