
----------------------------------------------------
Job started on Mon Oct 12 11:40:11 EDT 2015 at WN: hibat0085.cmsaf.mit.edu 
Job is running on Linux hibat0085.cmsaf.mit.edu 2.6.32-358.el6.x86_64 #1 SMP Fri Feb 22 20:37:17 CST 2013 x86_64 x86_64 x86_64 GNU/Linux
Filesystem            Size  Used Avail Use% Mounted on
/dev/sda3              20G  3.8G   15G  20% /
tmpfs                  24G     0   24G   0% /dev/shm
/dev/sda1              97M   32M   61M  35% /boot
/dev/sda4             873G   11G  863G   2% /export/data1
/dev/sdb1             2.7T  2.4T  361G  87% /export/00b
/dev/sdc1             2.7T  2.4T  369G  87% /export/00c
/dev/sdd1             2.7T  2.4T  365G  87% /export/00d
/dev/sde1             2.7T  2.4T  376G  87% /export/00e
/dev/sdf1             2.7T  2.4T  356G  88% /export/00f
fuse_dfs              5.0P  4.0P  1.1P  80% /mnt/hadoop
/dev/sdg1             3.6T  2.8T  857G  77% /export/00g
/dev/sdh1             3.6T  2.8T  851G  77% /export/00h
cvmfs2                 98G  7.8G   90G   8% /cvmfs/cms.cern.ch
t2srv0004:/export/db  135G  187M  135G   1% /net/t2srv0004/db
cvmfs2                 98G  7.8G   90G   8% /cvmfs/oasis.opensciencegrid.org
cvmfs2                 98G  7.8G   90G   8% /cvmfs/cvmfs.cmsaf.mit.edu
gcc (GCC) 4.4.7 20120313 (Red Hat 4.4.7-3)
Copyright (C) 2010 Free Software Foundation, Inc.
This is free software; see the source for copying conditions.  There is NO
warranty; not even for MERCHANTABILITY or FITNESS FOR A PARTICULAR PURPOSE.

Processing...
0/145159
10000/145159
20000/145159
30000/145159
40000/145159
50000/145159
60000/145159
70000/145159
80000/145159
90000/145159
100000/145159
110000/145159
120000/145159
130000/145159
140000/145159
Macro finished: 
CPU time (min)  = 1.62083
Real time (min) = 2.17743
total 1.7M
-rw-r--r--  1 obaron obaron 108K Oct 12 11:01 jetRAA_PbPb_data_forest.txt
-rw-r--r--  1 obaron obaron  94K Oct 12 11:01 jetRAA_PbPb_data_akPu4_select.txt
-rw-r--r--  1 obaron obaron  94K Oct 12 11:01 jetRAA_PbPb_data_akPu3_select.txt
-rw-r--r--  1 obaron obaron  94K Oct 12 11:01 jetRAA_PbPb_data_akPu2_select.txt
-rw-r--r--  1 obaron obaron  70K Oct 12 11:21 RAA_read_data_pbpb.C
-rw-r--r--  1 obaron obaron  11K Oct 12 11:21 RAA_read_data_pbpb_C.d
-rwxr-xr-x  1 obaron obaron 101K Oct 12 11:21 RAA_read_data_pbpb_C.so
-rw-rw-r--  1 obaron obaron  61K Oct 12 11:40 jetRAA_run_PbPb_Data.tar
-rwxr-xr-x  1 obaron obaron 1.2K Oct 12 11:40 condor_exec.exe
drwxr-xr-x 14 condor root   4.0K Oct 12 11:40 ..
-rw-r--r--  1 condor condor 5.6K Oct 12 11:40 .machine.ad
-rw-r--r--  1 condor condor  20K Oct 12 11:40 .job.ad
-rwx------  1 obaron obaron   49 Oct 12 11:40 .chirp.config
-rw-r--r--  1 obaron obaron    0 Oct 12 11:40 _condor_stderr
drwx------  2 obaron obaron 4.0K Oct 12 11:40 .
-rw-r--r--  1 obaron obaron 1.8K Oct 12 11:42 _condor_stdout
-rw-r--r--  1 obaron obaron 984K Oct 12 11:42 PbPb_Data_histograms_FromForest_pileupCutFIX_ZDCmCut_30GeVcut_akPu4_20_eta_20_855.root
Done!
Copied output files to hadoop rootfiles/JetRAA/June29
