000 (556042.000.000) 08/12 11:33:38 Job submitted from host: <18.12.1.74:48322>
...
001 (556042.000.000) 08/12 11:47:40 Job executing on host: <18.12.8.255:47738>
...
006 (556042.000.000) 08/12 11:47:49 Image size of job updated: 2
	3  -  MemoryUsage of job (MB)
	2344  -  ResidentSetSize of job (KB)
...
006 (556042.000.000) 08/12 11:50:43 Image size of job updated: 230044
	3  -  MemoryUsage of job (MB)
	2344  -  ResidentSetSize of job (KB)
...
005 (556042.000.000) 08/12 11:50:43 Job terminated.
	(1) Normal termination (return value 0)
		Usr 0 00:00:31, Sys 0 00:00:00  -  Run Remote Usage
		Usr 0 00:00:00, Sys 0 00:00:00  -  Run Local Usage
		Usr 0 00:00:31, Sys 0 00:00:00  -  Total Remote Usage
		Usr 0 00:00:00, Sys 0 00:00:00  -  Total Local Usage
	585849  -  Run Bytes Sent By Job
	62715  -  Run Bytes Received By Job
	585849  -  Total Bytes Sent By Job
	62715  -  Total Bytes Received By Job
	Partitionable Resources :    Usage  Request          
	   Cpus                 :                 1          
	   Disk (KB)            :      659      659          
	   Memory (MB)          :        3        3          
...
000 (566411.000.000) 08/20 21:01:57 Job submitted from host: <18.12.1.74:48322>
...
001 (566411.000.000) 08/20 21:02:04 Job executing on host: <18.12.9.72:40730>
...
006 (566411.000.000) 08/20 21:02:13 Image size of job updated: 229908
	93  -  MemoryUsage of job (MB)
	94692  -  ResidentSetSize of job (KB)
...
006 (566411.000.000) 08/20 21:02:54 Image size of job updated: 230040
	93  -  MemoryUsage of job (MB)
	94692  -  ResidentSetSize of job (KB)
...
005 (566411.000.000) 08/20 21:09:04 Job terminated.
	(1) Normal termination (return value 0)
		Usr 0 00:00:29, Sys 0 00:00:00  -  Run Remote Usage
		Usr 0 00:00:00, Sys 0 00:00:00  -  Run Local Usage
		Usr 0 00:00:29, Sys 0 00:00:00  -  Total Remote Usage
		Usr 0 00:00:00, Sys 0 00:00:00  -  Total Local Usage
	586174  -  Run Bytes Sent By Job
	62731  -  Run Bytes Received By Job
	586174  -  Total Bytes Sent By Job
	62731  -  Total Bytes Received By Job
	Partitionable Resources :    Usage  Request          
	   Cpus                 :                 1          
	   Disk (KB)            :      659      659          
	   Memory (MB)          :       93       93          
...
000 (782416.000.000) 10/01 13:04:24 Job submitted from host: <18.12.1.74:47665>
...
001 (782416.000.000) 10/01 13:13:17 Job executing on host: <18.12.9.67:41533>
...
006 (782416.000.000) 10/01 13:13:26 Image size of job updated: 2
	3  -  MemoryUsage of job (MB)
	2340  -  ResidentSetSize of job (KB)
...
006 (782416.000.000) 10/01 13:16:39 Image size of job updated: 230036
	3  -  MemoryUsage of job (MB)
	2340  -  ResidentSetSize of job (KB)
...
005 (782416.000.000) 10/01 13:16:39 Job terminated.
	(1) Normal termination (return value 0)
		Usr 0 00:00:21, Sys 0 00:00:00  -  Run Remote Usage
		Usr 0 00:00:00, Sys 0 00:00:00  -  Run Local Usage
		Usr 0 00:00:21, Sys 0 00:00:00  -  Total Remote Usage
		Usr 0 00:00:00, Sys 0 00:00:00  -  Total Local Usage
	586173  -  Run Bytes Sent By Job
	62730  -  Run Bytes Received By Job
	586173  -  Total Bytes Sent By Job
	62730  -  Total Bytes Received By Job
	Partitionable Resources :    Usage  Request          
	   Cpus                 :                 1          
	   Disk (KB)            :      659      659          
	   Memory (MB)          :        3        3          
...
000 (782597.000.000) 10/01 14:30:52 Job submitted from host: <18.12.1.74:47665>
...
001 (782597.000.000) 10/01 14:31:43 Job executing on host: <18.12.8.112:42409>
...
006 (782597.000.000) 10/01 14:32:08 Image size of job updated: 52528
	3  -  MemoryUsage of job (MB)
	3048  -  ResidentSetSize of job (KB)
...
006 (782597.000.000) 10/01 14:36:52 Image size of job updated: 227216
	84  -  MemoryUsage of job (MB)
	85072  -  ResidentSetSize of job (KB)
...
005 (782597.000.000) 10/01 14:44:26 Job terminated.
	(1) Normal termination (return value 0)
		Usr 0 00:00:12, Sys 0 00:00:00  -  Run Remote Usage
		Usr 0 00:00:00, Sys 0 00:00:00  -  Run Local Usage
		Usr 0 00:00:12, Sys 0 00:00:00  -  Total Remote Usage
		Usr 0 00:00:00, Sys 0 00:00:00  -  Total Local Usage
	1857198  -  Run Bytes Sent By Job
	62736  -  Run Bytes Received By Job
	1857198  -  Total Bytes Sent By Job
	62736  -  Total Bytes Received By Job
	Partitionable Resources :    Usage  Request          
	   Cpus                 :                 1          
	   Disk (KB)            :     1900     1900          
	   Memory (MB)          :       84       84          
...
000 (788138.000.000) 10/09 09:23:37 Job submitted from host: <18.12.1.74:45913>
...
001 (788138.000.000) 10/09 09:24:02 Job executing on host: <18.12.6.65:44380>
...
006 (788138.000.000) 10/09 09:24:10 Image size of job updated: 187696
	74  -  MemoryUsage of job (MB)
	74928  -  ResidentSetSize of job (KB)
...
006 (788138.000.000) 10/09 09:25:07 Image size of job updated: 230028
	74  -  MemoryUsage of job (MB)
	74928  -  ResidentSetSize of job (KB)
...
005 (788138.000.000) 10/09 09:25:07 Job terminated.
	(1) Normal termination (return value 0)
		Usr 0 00:00:22, Sys 0 00:00:00  -  Run Remote Usage
		Usr 0 00:00:00, Sys 0 00:00:00  -  Run Local Usage
		Usr 0 00:00:22, Sys 0 00:00:00  -  Total Remote Usage
		Usr 0 00:00:00, Sys 0 00:00:00  -  Total Local Usage
	585403  -  Run Bytes Sent By Job
	62698  -  Run Bytes Received By Job
	585403  -  Total Bytes Sent By Job
	62698  -  Total Bytes Received By Job
	Partitionable Resources :    Usage  Request          
	   Cpus                 :                 1          
	   Disk (KB)            :      658      658          
	   Memory (MB)          :       74       74          
...
000 (788503.000.000) 10/12 09:47:58 Job submitted from host: <18.12.1.74:45913>
...
001 (788503.000.000) 10/12 09:58:33 Job executing on host: <18.12.9.64:42336>
...
006 (788503.000.000) 10/12 09:58:42 Image size of job updated: 229940
	96  -  MemoryUsage of job (MB)
	98152  -  ResidentSetSize of job (KB)
...
006 (788503.000.000) 10/12 09:59:19 Image size of job updated: 230072
	96  -  MemoryUsage of job (MB)
	98152  -  ResidentSetSize of job (KB)
...
005 (788503.000.000) 10/12 09:59:19 Job terminated.
	(1) Normal termination (return value 0)
		Usr 0 00:00:22, Sys 0 00:00:00  -  Run Remote Usage
		Usr 0 00:00:00, Sys 0 00:00:00  -  Run Local Usage
		Usr 0 00:00:22, Sys 0 00:00:00  -  Total Remote Usage
		Usr 0 00:00:00, Sys 0 00:00:00  -  Total Local Usage
	585437  -  Run Bytes Sent By Job
	62703  -  Run Bytes Received By Job
	585437  -  Total Bytes Sent By Job
	62703  -  Total Bytes Received By Job
	Partitionable Resources :    Usage  Request          
	   Cpus                 :                 1          
	   Disk (KB)            :      658      658          
	   Memory (MB)          :       96       96          
...
