000 (566363.000.000) 08/20 20:59:21 Job submitted from host: <18.12.1.74:48322>
...
001 (566363.000.000) 08/20 20:59:45 Job executing on host: <18.12.9.38:45329>
...
006 (566363.000.000) 08/20 20:59:53 Image size of job updated: 66156
	6  -  MemoryUsage of job (MB)
	5276  -  ResidentSetSize of job (KB)
...
006 (566363.000.000) 08/20 21:00:04 Image size of job updated: 201328
	6  -  MemoryUsage of job (MB)
	5276  -  ResidentSetSize of job (KB)
...
005 (566363.000.000) 08/20 21:06:08 Job terminated.
	(1) Normal termination (return value 0)
		Usr 0 00:00:02, Sys 0 00:00:00  -  Run Remote Usage
		Usr 0 00:00:00, Sys 0 00:00:00  -  Run Local Usage
		Usr 0 00:00:02, Sys 0 00:00:00  -  Total Remote Usage
		Usr 0 00:00:00, Sys 0 00:00:00  -  Total Local Usage
	586381  -  Run Bytes Sent By Job
	62731  -  Run Bytes Received By Job
	586381  -  Total Bytes Sent By Job
	62731  -  Total Bytes Received By Job
	Partitionable Resources :    Usage  Request          
	   Cpus                 :                 1          
	   Disk (KB)            :      659      659          
	   Memory (MB)          :        6        6          
...
000 (782549.000.000) 10/01 14:30:04 Job submitted from host: <18.12.1.74:47665>
...
001 (782549.000.000) 10/01 14:31:35 Job executing on host: <18.12.9.22:47957>
...
006 (782549.000.000) 10/01 14:31:44 Image size of job updated: 187712
	74  -  MemoryUsage of job (MB)
	74988  -  ResidentSetSize of job (KB)
...
005 (782549.000.000) 10/01 14:34:14 Job terminated.
	(1) Normal termination (return value 0)
		Usr 0 00:00:00, Sys 0 00:00:00  -  Run Remote Usage
		Usr 0 00:00:00, Sys 0 00:00:00  -  Run Local Usage
		Usr 0 00:00:00, Sys 0 00:00:00  -  Total Remote Usage
		Usr 0 00:00:00, Sys 0 00:00:00  -  Total Local Usage
	640063  -  Run Bytes Sent By Job
	62736  -  Run Bytes Received By Job
	640063  -  Total Bytes Sent By Job
	62736  -  Total Bytes Received By Job
	Partitionable Resources :    Usage  Request          
	   Cpus                 :                 1          
	   Disk (KB)            :      711      711          
	   Memory (MB)          :       74       74          
...
