000 (556067.000.000) 08/12 11:33:41 Job submitted from host: <18.12.1.74:48322>
...
001 (556067.000.000) 08/12 11:52:05 Job executing on host: <18.12.8.155:42555>
...
006 (556067.000.000) 08/12 11:52:14 Image size of job updated: 2
	3  -  MemoryUsage of job (MB)
	2344  -  ResidentSetSize of job (KB)
...
006 (556067.000.000) 08/12 11:57:15 Image size of job updated: 230524
	101  -  MemoryUsage of job (MB)
	103112  -  ResidentSetSize of job (KB)
...
005 (556067.000.000) 08/12 12:01:58 Job terminated.
	(1) Normal termination (return value 0)
		Usr 0 00:02:01, Sys 0 00:00:02  -  Run Remote Usage
		Usr 0 00:00:00, Sys 0 00:00:00  -  Run Local Usage
		Usr 0 00:02:01, Sys 0 00:00:02  -  Total Remote Usage
		Usr 0 00:00:00, Sys 0 00:00:00  -  Total Local Usage
	586231  -  Run Bytes Sent By Job
	62715  -  Run Bytes Received By Job
	586231  -  Total Bytes Sent By Job
	62715  -  Total Bytes Received By Job
	Partitionable Resources :    Usage  Request          
	   Cpus                 :                 1          
	   Disk (KB)            :      659      659          
	   Memory (MB)          :      101      101          
...
000 (566436.000.000) 08/20 21:03:14 Job submitted from host: <18.12.1.74:48322>
...
007 (566436.000.000) 08/20 21:04:06 Shadow exception!
	Error from slot17@t2bat0324.cmsaf.mit.edu: Failed to transfer files
	0  -  Run Bytes Sent By Job
	0  -  Run Bytes Received By Job
...
007 (566436.000.000) 08/20 21:04:16 Shadow exception!
	Error from slot21@t2bat0339.cmsaf.mit.edu: Failed to transfer files
	0  -  Run Bytes Sent By Job
	0  -  Run Bytes Received By Job
...
001 (566436.000.000) 08/20 21:05:28 Job executing on host: <18.12.9.54:48395>
...
006 (566436.000.000) 08/20 21:05:37 Image size of job updated: 191028
	74  -  MemoryUsage of job (MB)
	75660  -  ResidentSetSize of job (KB)
...
006 (566436.000.000) 08/20 21:10:09 Image size of job updated: 230528
	74  -  MemoryUsage of job (MB)
	75660  -  ResidentSetSize of job (KB)
...
022 (566436.000.000) 08/20 21:10:18 Job disconnected, attempting to reconnect
    Socket between submit and execute hosts closed unexpectedly
    Trying to reconnect to slot28@t2bat0310.cmsaf.mit.edu <18.12.9.54:48395>
...
023 (566436.000.000) 08/20 21:10:19 Job reconnected to slot28@t2bat0310.cmsaf.mit.edu
    startd address: <18.12.9.54:48395>
    starter address: <18.12.9.54:40222>
...
005 (566436.000.000) 08/20 21:16:34 Job terminated.
	(1) Normal termination (return value 0)
		Usr 0 00:01:20, Sys 0 00:00:01  -  Run Remote Usage
		Usr 0 00:00:00, Sys 0 00:00:00  -  Run Local Usage
		Usr 0 00:01:20, Sys 0 00:00:01  -  Total Remote Usage
		Usr 0 00:00:00, Sys 0 00:00:00  -  Total Local Usage
	586201  -  Run Bytes Sent By Job
	62731  -  Run Bytes Received By Job
	586201  -  Total Bytes Sent By Job
	62731  -  Total Bytes Received By Job
	Partitionable Resources :    Usage  Request          
	   Cpus                 :                 1          
	   Disk (KB)            :      659      659          
	   Memory (MB)          :       74       74          
...
