000 (556390.000.000) 08/12 14:10:52 Job submitted from host: <18.12.1.74:48322>
...
001 (556390.000.000) 08/12 14:34:58 Job executing on host: <18.12.9.33:40000>
...
006 (556390.000.000) 08/12 14:35:07 Image size of job updated: 2
	3  -  MemoryUsage of job (MB)
	2352  -  ResidentSetSize of job (KB)
...
006 (556390.000.000) 08/12 14:40:08 Image size of job updated: 230476
	108  -  MemoryUsage of job (MB)
	110472  -  ResidentSetSize of job (KB)
...
006 (556390.000.000) 08/12 14:45:08 Image size of job updated: 230476
	108  -  MemoryUsage of job (MB)
	110480  -  ResidentSetSize of job (KB)
...
005 (556390.000.000) 08/12 14:48:16 Job terminated.
	(1) Normal termination (return value 0)
		Usr 0 00:01:16, Sys 0 00:00:03  -  Run Remote Usage
		Usr 0 00:00:00, Sys 0 00:00:00  -  Run Local Usage
		Usr 0 00:01:16, Sys 0 00:00:03  -  Total Remote Usage
		Usr 0 00:00:00, Sys 0 00:00:00  -  Total Local Usage
	586501  -  Run Bytes Sent By Job
	62715  -  Run Bytes Received By Job
	586501  -  Total Bytes Sent By Job
	62715  -  Total Bytes Received By Job
	Partitionable Resources :    Usage  Request          
	   Cpus                 :                 1          
	   Disk (KB)            :      659      659          
	   Memory (MB)          :      108      108          
...
000 (557650.000.000) 08/13 11:57:28 Job submitted from host: <18.12.1.74:48322>
...
001 (557650.000.000) 08/13 12:27:35 Job executing on host: <18.12.9.47:41168>
...
006 (557650.000.000) 08/13 12:27:44 Image size of job updated: 225392
	92  -  MemoryUsage of job (MB)
	93248  -  ResidentSetSize of job (KB)
...
006 (557650.000.000) 08/13 12:29:37 Image size of job updated: 230476
	92  -  MemoryUsage of job (MB)
	93248  -  ResidentSetSize of job (KB)
...
005 (557650.000.000) 08/13 12:29:37 Job terminated.
	(1) Normal termination (return value 0)
		Usr 0 00:01:05, Sys 0 00:00:01  -  Run Remote Usage
		Usr 0 00:00:00, Sys 0 00:00:00  -  Run Local Usage
		Usr 0 00:01:05, Sys 0 00:00:01  -  Total Remote Usage
		Usr 0 00:00:00, Sys 0 00:00:00  -  Total Local Usage
	586220  -  Run Bytes Sent By Job
	62715  -  Run Bytes Received By Job
	586220  -  Total Bytes Sent By Job
	62715  -  Total Bytes Received By Job
	Partitionable Resources :    Usage  Request          
	   Cpus                 :                 1          
	   Disk (KB)            :      659      659          
	   Memory (MB)          :       92       92          
...
000 (558166.000.000) 08/13 14:31:10 Job submitted from host: <18.12.1.74:48322>
...
001 (558166.000.000) 08/13 14:59:46 Job executing on host: <18.12.9.50:43066>
...
006 (558166.000.000) 08/13 14:59:55 Image size of job updated: 230336
	97  -  MemoryUsage of job (MB)
	99288  -  ResidentSetSize of job (KB)
...
006 (558166.000.000) 08/13 15:01:36 Image size of job updated: 230472
	97  -  MemoryUsage of job (MB)
	99288  -  ResidentSetSize of job (KB)
...
005 (558166.000.000) 08/13 15:01:36 Job terminated.
	(1) Normal termination (return value 0)
		Usr 0 00:01:12, Sys 0 00:00:01  -  Run Remote Usage
		Usr 0 00:00:00, Sys 0 00:00:00  -  Run Local Usage
		Usr 0 00:01:12, Sys 0 00:00:01  -  Total Remote Usage
		Usr 0 00:00:00, Sys 0 00:00:00  -  Total Local Usage
	586220  -  Run Bytes Sent By Job
	62714  -  Run Bytes Received By Job
	586220  -  Total Bytes Sent By Job
	62714  -  Total Bytes Received By Job
	Partitionable Resources :    Usage  Request          
	   Cpus                 :                 1          
	   Disk (KB)            :      659      659          
	   Memory (MB)          :       97       97          
...
000 (565503.000.000) 08/20 12:50:18 Job submitted from host: <18.12.1.74:48322>
...
001 (565503.000.000) 08/20 12:51:27 Job executing on host: <18.12.9.36:47227>
...
006 (565503.000.000) 08/20 12:51:39 Image size of job updated: 230344
	96  -  MemoryUsage of job (MB)
	97916  -  ResidentSetSize of job (KB)
...
006 (565503.000.000) 08/20 12:56:06 Image size of job updated: 230476
	96  -  MemoryUsage of job (MB)
	97916  -  ResidentSetSize of job (KB)
...
005 (565503.000.000) 08/20 13:04:14 Job terminated.
	(1) Normal termination (return value 0)
		Usr 0 00:01:16, Sys 0 00:00:02  -  Run Remote Usage
		Usr 0 00:00:00, Sys 0 00:00:00  -  Run Local Usage
		Usr 0 00:01:16, Sys 0 00:00:02  -  Total Remote Usage
		Usr 0 00:00:00, Sys 0 00:00:00  -  Total Local Usage
	586412  -  Run Bytes Sent By Job
	62731  -  Run Bytes Received By Job
	586412  -  Total Bytes Sent By Job
	62731  -  Total Bytes Received By Job
	Partitionable Resources :    Usage  Request          
	   Cpus                 :                 1          
	   Disk (KB)            :      659      659          
	   Memory (MB)          :       96       96          
...
000 (782996.000.000) 10/02 11:05:23 Job submitted from host: <18.12.1.74:41314>
...
001 (782996.000.000) 10/02 11:08:38 Job executing on host: <18.12.9.51:47446>
...
006 (782996.000.000) 10/02 11:08:43 Image size of job updated: 2
	0  -  MemoryUsage of job (MB)
	0  -  ResidentSetSize of job (KB)
...
005 (782996.000.000) 10/02 11:13:47 Job terminated.
	(1) Normal termination (return value 0)
		Usr 0 00:00:00, Sys 0 00:00:00  -  Run Remote Usage
		Usr 0 00:00:00, Sys 0 00:00:00  -  Run Local Usage
		Usr 0 00:00:00, Sys 0 00:00:00  -  Total Remote Usage
		Usr 0 00:00:00, Sys 0 00:00:00  -  Total Local Usage
	585522  -  Run Bytes Sent By Job
	62733  -  Run Bytes Received By Job
	585522  -  Total Bytes Sent By Job
	62733  -  Total Bytes Received By Job
	Partitionable Resources :    Usage  Request          
	   Cpus                 :                 1          
	   Disk (KB)            :      658      658          
	   Memory (MB)          :        0        0          
...
000 (783177.000.000) 10/02 16:13:24 Job submitted from host: <18.12.1.74:45913>
...
001 (783177.000.000) 10/02 16:14:14 Job executing on host: <18.12.8.223:44818>
...
006 (783177.000.000) 10/02 16:14:17 Image size of job updated: 2
	0  -  MemoryUsage of job (MB)
	0  -  ResidentSetSize of job (KB)
...
005 (783177.000.000) 10/02 16:14:18 Job terminated.
	(1) Normal termination (return value 0)
		Usr 0 00:00:00, Sys 0 00:00:00  -  Run Remote Usage
		Usr 0 00:00:00, Sys 0 00:00:00  -  Run Local Usage
		Usr 0 00:00:00, Sys 0 00:00:00  -  Total Remote Usage
		Usr 0 00:00:00, Sys 0 00:00:00  -  Total Local Usage
	585554  -  Run Bytes Sent By Job
	62733  -  Run Bytes Received By Job
	585554  -  Total Bytes Sent By Job
	62733  -  Total Bytes Received By Job
	Partitionable Resources :    Usage  Request          
	   Cpus                 :                 1          
	   Disk (KB)            :      658      658          
	   Memory (MB)          :        0        0          
...
000 (783358.000.000) 10/02 16:48:37 Job submitted from host: <18.12.1.74:45913>
...
001 (783358.000.000) 10/02 16:48:48 Job executing on host: <18.12.9.76:43139>
...
006 (783358.000.000) 10/02 16:48:48 Image size of job updated: 2
	0  -  MemoryUsage of job (MB)
	0  -  ResidentSetSize of job (KB)
...
005 (783358.000.000) 10/02 16:48:48 Job terminated.
	(1) Normal termination (return value 0)
		Usr 0 00:00:00, Sys 0 00:00:00  -  Run Remote Usage
		Usr 0 00:00:00, Sys 0 00:00:00  -  Run Local Usage
		Usr 0 00:00:00, Sys 0 00:00:00  -  Total Remote Usage
		Usr 0 00:00:00, Sys 0 00:00:00  -  Total Local Usage
	585830  -  Run Bytes Sent By Job
	62733  -  Run Bytes Received By Job
	585830  -  Total Bytes Sent By Job
	62733  -  Total Bytes Received By Job
	Partitionable Resources :    Usage  Request          
	   Cpus                 :                 1          
	   Disk (KB)            :      659      659          
	   Memory (MB)          :        0        0          
...
000 (783541.000.000) 10/05 09:25:37 Job submitted from host: <18.12.1.74:45913>
...
001 (783541.000.000) 10/05 09:25:55 Job executing on host: <18.12.9.51:47446>
...
006 (783541.000.000) 10/05 09:26:04 Image size of job updated: 2
	3  -  MemoryUsage of job (MB)
	2344  -  ResidentSetSize of job (KB)
...
005 (783541.000.000) 10/05 09:26:11 Job terminated.
	(1) Normal termination (return value 0)
		Usr 0 00:00:00, Sys 0 00:00:00  -  Run Remote Usage
		Usr 0 00:00:00, Sys 0 00:00:00  -  Run Local Usage
		Usr 0 00:00:00, Sys 0 00:00:00  -  Total Remote Usage
		Usr 0 00:00:00, Sys 0 00:00:00  -  Total Local Usage
	585886  -  Run Bytes Sent By Job
	62732  -  Run Bytes Received By Job
	585886  -  Total Bytes Sent By Job
	62732  -  Total Bytes Received By Job
	Partitionable Resources :    Usage  Request          
	   Cpus                 :                 1          
	   Disk (KB)            :      658      658          
	   Memory (MB)          :        3        3          
...
000 (783722.000.000) 10/05 10:00:23 Job submitted from host: <18.12.1.74:45913>
...
001 (783722.000.000) 10/05 10:00:51 Job executing on host: <18.12.9.58:43723>
...
006 (783722.000.000) 10/05 10:00:54 Image size of job updated: 2
	0  -  MemoryUsage of job (MB)
	0  -  ResidentSetSize of job (KB)
...
005 (783722.000.000) 10/05 10:00:55 Job terminated.
	(1) Normal termination (return value 0)
		Usr 0 00:00:00, Sys 0 00:00:00  -  Run Remote Usage
		Usr 0 00:00:00, Sys 0 00:00:00  -  Run Local Usage
		Usr 0 00:00:00, Sys 0 00:00:00  -  Total Remote Usage
		Usr 0 00:00:00, Sys 0 00:00:00  -  Total Local Usage
	585808  -  Run Bytes Sent By Job
	62731  -  Run Bytes Received By Job
	585808  -  Total Bytes Sent By Job
	62731  -  Total Bytes Received By Job
	Partitionable Resources :    Usage  Request          
	   Cpus                 :                 1          
	   Disk (KB)            :      658      658          
	   Memory (MB)          :        0        0          
...
000 (783904.000.000) 10/05 12:25:08 Job submitted from host: <18.12.1.74:45913>
...
001 (783904.000.000) 10/05 12:25:25 Job executing on host: <18.12.9.35:48906>
...
006 (783904.000.000) 10/05 12:25:34 Image size of job updated: 68516
	13  -  MemoryUsage of job (MB)
	12644  -  ResidentSetSize of job (KB)
...
005 (783904.000.000) 10/05 12:25:35 Job terminated.
	(1) Normal termination (return value 0)
		Usr 0 00:00:00, Sys 0 00:00:00  -  Run Remote Usage
		Usr 0 00:00:00, Sys 0 00:00:00  -  Run Local Usage
		Usr 0 00:00:00, Sys 0 00:00:00  -  Total Remote Usage
		Usr 0 00:00:00, Sys 0 00:00:00  -  Total Local Usage
	585968  -  Run Bytes Sent By Job
	62732  -  Run Bytes Received By Job
	585968  -  Total Bytes Sent By Job
	62732  -  Total Bytes Received By Job
	Partitionable Resources :    Usage  Request          
	   Cpus                 :                 1          
	   Disk (KB)            :      659      659          
	   Memory (MB)          :       13       13          
...
000 (784085.000.000) 10/05 12:28:43 Job submitted from host: <18.12.1.74:45913>
...
001 (784085.000.000) 10/05 12:29:01 Job executing on host: <18.12.9.69:42336>
...
006 (784085.000.000) 10/05 12:29:09 Image size of job updated: 2
	3  -  MemoryUsage of job (MB)
	2348  -  ResidentSetSize of job (KB)
...
006 (784085.000.000) 10/05 12:30:28 Image size of job updated: 230468
	3  -  MemoryUsage of job (MB)
	2348  -  ResidentSetSize of job (KB)
...
005 (784085.000.000) 10/05 12:30:28 Job terminated.
	(1) Normal termination (return value 0)
		Usr 0 00:00:49, Sys 0 00:00:01  -  Run Remote Usage
		Usr 0 00:00:00, Sys 0 00:00:00  -  Run Local Usage
		Usr 0 00:00:49, Sys 0 00:00:01  -  Total Remote Usage
		Usr 0 00:00:00, Sys 0 00:00:00  -  Total Local Usage
	586866  -  Run Bytes Sent By Job
	62733  -  Run Bytes Received By Job
	586866  -  Total Bytes Sent By Job
	62733  -  Total Bytes Received By Job
	Partitionable Resources :    Usage  Request          
	   Cpus                 :                 1          
	   Disk (KB)            :      660      660          
	   Memory (MB)          :        3        3          
...
000 (786154.000.000) 10/05 14:34:42 Job submitted from host: <18.12.1.74:45913>
...
001 (786154.000.000) 10/05 14:35:35 Job executing on host: <18.12.9.22:47957>
...
006 (786154.000.000) 10/05 14:35:44 Image size of job updated: 230340
	96  -  MemoryUsage of job (MB)
	97880  -  ResidentSetSize of job (KB)
...
006 (786154.000.000) 10/05 14:37:29 Image size of job updated: 230472
	96  -  MemoryUsage of job (MB)
	97880  -  ResidentSetSize of job (KB)
...
005 (786154.000.000) 10/05 14:37:29 Job terminated.
	(1) Normal termination (return value 0)
		Usr 0 00:01:14, Sys 0 00:00:01  -  Run Remote Usage
		Usr 0 00:00:00, Sys 0 00:00:00  -  Run Local Usage
		Usr 0 00:01:14, Sys 0 00:00:01  -  Total Remote Usage
		Usr 0 00:00:00, Sys 0 00:00:00  -  Total Local Usage
	586220  -  Run Bytes Sent By Job
	62729  -  Run Bytes Received By Job
	586220  -  Total Bytes Sent By Job
	62729  -  Total Bytes Received By Job
	Partitionable Resources :    Usage  Request          
	   Cpus                 :                 1          
	   Disk (KB)            :      659      659          
	   Memory (MB)          :       96       96          
...
000 (787993.000.000) 10/08 16:09:57 Job submitted from host: <18.12.1.74:45913>
...
001 (787993.000.000) 10/08 16:25:46 Job executing on host: <18.12.9.76:43139>
...
006 (787993.000.000) 10/08 16:25:55 Image size of job updated: 2
	3  -  MemoryUsage of job (MB)
	2368  -  ResidentSetSize of job (KB)
...
006 (787993.000.000) 10/08 16:27:56 Image size of job updated: 230456
	3  -  MemoryUsage of job (MB)
	2368  -  ResidentSetSize of job (KB)
...
005 (787993.000.000) 10/08 16:27:56 Job terminated.
	(1) Normal termination (return value 0)
		Usr 0 00:01:05, Sys 0 00:00:02  -  Run Remote Usage
		Usr 0 00:00:00, Sys 0 00:00:00  -  Run Local Usage
		Usr 0 00:01:05, Sys 0 00:00:02  -  Total Remote Usage
		Usr 0 00:00:00, Sys 0 00:00:00  -  Total Local Usage
	585374  -  Run Bytes Sent By Job
	62697  -  Run Bytes Received By Job
	585374  -  Total Bytes Sent By Job
	62697  -  Total Bytes Received By Job
	Partitionable Resources :    Usage  Request          
	   Cpus                 :                 1          
	   Disk (KB)            :      658      658          
	   Memory (MB)          :        3        3          
...
000 (788356.000.000) 10/09 10:00:31 Job submitted from host: <18.12.1.74:45913>
...
001 (788356.000.000) 10/09 10:06:44 Job executing on host: <18.12.9.67:41533>
...
006 (788356.000.000) 10/09 10:06:52 Image size of job updated: 2
	3  -  MemoryUsage of job (MB)
	2356  -  ResidentSetSize of job (KB)
...
006 (788356.000.000) 10/09 10:10:37 Image size of job updated: 230460
	3  -  MemoryUsage of job (MB)
	2356  -  ResidentSetSize of job (KB)
...
005 (788356.000.000) 10/09 10:10:37 Job terminated.
	(1) Normal termination (return value 0)
		Usr 0 00:01:06, Sys 0 00:00:01  -  Run Remote Usage
		Usr 0 00:00:00, Sys 0 00:00:00  -  Run Local Usage
		Usr 0 00:01:06, Sys 0 00:00:01  -  Total Remote Usage
		Usr 0 00:00:00, Sys 0 00:00:00  -  Total Local Usage
	585231  -  Run Bytes Sent By Job
	62694  -  Run Bytes Received By Job
	585231  -  Total Bytes Sent By Job
	62694  -  Total Bytes Received By Job
	Partitionable Resources :    Usage  Request          
	   Cpus                 :                 1          
	   Disk (KB)            :      658      658          
	   Memory (MB)          :        3        3          
...
000 (788903.000.000) 10/12 11:22:10 Job submitted from host: <18.12.1.74:45913>
...
001 (788903.000.000) 10/12 11:32:04 Job executing on host: <18.12.8.59:48906>
...
006 (788903.000.000) 10/12 11:32:13 Image size of job updated: 230316
	96  -  MemoryUsage of job (MB)
	97848  -  ResidentSetSize of job (KB)
...
006 (788903.000.000) 10/12 11:35:07 Image size of job updated: 230448
	96  -  MemoryUsage of job (MB)
	97848  -  ResidentSetSize of job (KB)
...
005 (788903.000.000) 10/12 11:35:07 Job terminated.
	(1) Normal termination (return value 0)
		Usr 0 00:01:21, Sys 0 00:00:02  -  Run Remote Usage
		Usr 0 00:00:00, Sys 0 00:00:00  -  Run Local Usage
		Usr 0 00:01:21, Sys 0 00:00:02  -  Total Remote Usage
		Usr 0 00:00:00, Sys 0 00:00:00  -  Total Local Usage
	585346  -  Run Bytes Sent By Job
	62702  -  Run Bytes Received By Job
	585346  -  Total Bytes Sent By Job
	62702  -  Total Bytes Received By Job
	Partitionable Resources :    Usage  Request          
	   Cpus                 :                 1          
	   Disk (KB)            :      658      658          
	   Memory (MB)          :       96       96          
...
