000 (556380.000.000) 08/12 14:10:51 Job submitted from host: <18.12.1.74:48322>
...
001 (556380.000.000) 08/12 14:30:38 Job executing on host: <18.12.9.80:43650>
...
006 (556380.000.000) 08/12 14:30:47 Image size of job updated: 230280
	96  -  MemoryUsage of job (MB)
	97988  -  ResidentSetSize of job (KB)
...
006 (556380.000.000) 08/12 14:35:48 Image size of job updated: 230548
	96  -  MemoryUsage of job (MB)
	97988  -  ResidentSetSize of job (KB)
...
006 (556380.000.000) 08/12 14:43:53 Image size of job updated: 236316
	96  -  MemoryUsage of job (MB)
	97988  -  ResidentSetSize of job (KB)
...
005 (556380.000.000) 08/12 14:43:53 Job terminated.
	(1) Normal termination (return value 0)
		Usr 0 00:01:30, Sys 0 00:00:04  -  Run Remote Usage
		Usr 0 00:00:00, Sys 0 00:00:00  -  Run Local Usage
		Usr 0 00:01:30, Sys 0 00:00:04  -  Total Remote Usage
		Usr 0 00:00:00, Sys 0 00:00:00  -  Total Local Usage
	586289  -  Run Bytes Sent By Job
	62715  -  Run Bytes Received By Job
	586289  -  Total Bytes Sent By Job
	62715  -  Total Bytes Received By Job
	Partitionable Resources :    Usage  Request          
	   Cpus                 :                 1          
	   Disk (KB)            :      659      659          
	   Memory (MB)          :       96       96          
...
000 (557640.000.000) 08/13 11:57:27 Job submitted from host: <18.12.1.74:48322>
...
001 (557640.000.000) 08/13 12:23:14 Job executing on host: <18.12.9.80:43650>
...
006 (557640.000.000) 08/13 12:23:23 Image size of job updated: 230412
	100  -  MemoryUsage of job (MB)
	101828  -  ResidentSetSize of job (KB)
...
006 (557640.000.000) 08/13 12:26:33 Image size of job updated: 230548
	100  -  MemoryUsage of job (MB)
	101828  -  ResidentSetSize of job (KB)
...
005 (557640.000.000) 08/13 12:26:33 Job terminated.
	(1) Normal termination (return value 0)
		Usr 0 00:01:36, Sys 0 00:00:02  -  Run Remote Usage
		Usr 0 00:00:00, Sys 0 00:00:00  -  Run Local Usage
		Usr 0 00:01:36, Sys 0 00:00:02  -  Total Remote Usage
		Usr 0 00:00:00, Sys 0 00:00:00  -  Total Local Usage
	586289  -  Run Bytes Sent By Job
	62715  -  Run Bytes Received By Job
	586289  -  Total Bytes Sent By Job
	62715  -  Total Bytes Received By Job
	Partitionable Resources :    Usage  Request          
	   Cpus                 :                 1          
	   Disk (KB)            :      659      659          
	   Memory (MB)          :      100      100          
...
000 (558156.000.000) 08/13 14:31:09 Job submitted from host: <18.12.1.74:48322>
...
001 (558156.000.000) 08/13 14:57:45 Job executing on host: <18.12.9.30:44672>
...
006 (558156.000.000) 08/13 14:57:53 Image size of job updated: 2
	3  -  MemoryUsage of job (MB)
	2352  -  ResidentSetSize of job (KB)
...
006 (558156.000.000) 08/13 15:02:53 Image size of job updated: 230544
	95  -  MemoryUsage of job (MB)
	97024  -  ResidentSetSize of job (KB)
...
005 (558156.000.000) 08/13 15:07:09 Job terminated.
	(1) Normal termination (return value 0)
		Usr 0 00:01:45, Sys 0 00:00:03  -  Run Remote Usage
		Usr 0 00:00:00, Sys 0 00:00:00  -  Run Local Usage
		Usr 0 00:01:45, Sys 0 00:00:03  -  Total Remote Usage
		Usr 0 00:00:00, Sys 0 00:00:00  -  Total Local Usage
	586355  -  Run Bytes Sent By Job
	62714  -  Run Bytes Received By Job
	586355  -  Total Bytes Sent By Job
	62714  -  Total Bytes Received By Job
	Partitionable Resources :    Usage  Request          
	   Cpus                 :                 1          
	   Disk (KB)            :      659      659          
	   Memory (MB)          :       95       95          
...
000 (565493.000.000) 08/20 12:48:05 Job submitted from host: <18.12.1.74:48322>
...
001 (565493.000.000) 08/20 12:48:58 Job executing on host: <18.12.9.28:40000>
...
006 (565493.000.000) 08/20 12:49:07 Image size of job updated: 2
	3  -  MemoryUsage of job (MB)
	2356  -  ResidentSetSize of job (KB)
...
006 (565493.000.000) 08/20 12:54:07 Image size of job updated: 230544
	108  -  MemoryUsage of job (MB)
	110556  -  ResidentSetSize of job (KB)
...
005 (565493.000.000) 08/20 13:04:06 Job terminated.
	(1) Normal termination (return value 0)
		Usr 0 00:01:36, Sys 0 00:00:02  -  Run Remote Usage
		Usr 0 00:00:00, Sys 0 00:00:00  -  Run Local Usage
		Usr 0 00:01:36, Sys 0 00:00:02  -  Total Remote Usage
		Usr 0 00:00:00, Sys 0 00:00:00  -  Total Local Usage
	586482  -  Run Bytes Sent By Job
	62731  -  Run Bytes Received By Job
	586482  -  Total Bytes Sent By Job
	62731  -  Total Bytes Received By Job
	Partitionable Resources :    Usage  Request          
	   Cpus                 :                 1          
	   Disk (KB)            :      659      659          
	   Memory (MB)          :      108      108          
...
