000 (556357.000.000) 08/12 14:10:48 Job submitted from host: <18.12.1.74:48322>
...
001 (556357.000.000) 08/12 14:27:06 Job executing on host: <18.12.9.34:48906>
...
006 (556357.000.000) 08/12 14:27:15 Image size of job updated: 70764
	15  -  MemoryUsage of job (MB)
	15016  -  ResidentSetSize of job (KB)
...
006 (556357.000.000) 08/12 14:31:23 Image size of job updated: 230040
	15  -  MemoryUsage of job (MB)
	15016  -  ResidentSetSize of job (KB)
...
005 (556357.000.000) 08/12 14:31:23 Job terminated.
	(1) Normal termination (return value 0)
		Usr 0 00:00:33, Sys 0 00:00:01  -  Run Remote Usage
		Usr 0 00:00:00, Sys 0 00:00:00  -  Run Local Usage
		Usr 0 00:00:33, Sys 0 00:00:01  -  Total Remote Usage
		Usr 0 00:00:00, Sys 0 00:00:00  -  Total Local Usage
	586399  -  Run Bytes Sent By Job
	62715  -  Run Bytes Received By Job
	586399  -  Total Bytes Sent By Job
	62715  -  Total Bytes Received By Job
	Partitionable Resources :    Usage  Request          
	   Cpus                 :                 1          
	   Disk (KB)            :      659      659          
	   Memory (MB)          :       15       15          
...
000 (557617.000.000) 08/13 11:57:24 Job submitted from host: <18.12.1.74:48322>
...
001 (557617.000.000) 08/13 12:18:52 Job executing on host: <18.12.9.40:47592>
...
006 (557617.000.000) 08/13 12:19:02 Image size of job updated: 2
	3  -  MemoryUsage of job (MB)
	2352  -  ResidentSetSize of job (KB)
...
006 (557617.000.000) 08/13 12:21:52 Image size of job updated: 238184
	3  -  MemoryUsage of job (MB)
	2352  -  ResidentSetSize of job (KB)
...
005 (557617.000.000) 08/13 12:21:52 Job terminated.
	(1) Normal termination (return value 0)
		Usr 0 00:00:35, Sys 0 00:00:01  -  Run Remote Usage
		Usr 0 00:00:00, Sys 0 00:00:00  -  Run Local Usage
		Usr 0 00:00:35, Sys 0 00:00:01  -  Total Remote Usage
		Usr 0 00:00:00, Sys 0 00:00:00  -  Total Local Usage
	586400  -  Run Bytes Sent By Job
	62715  -  Run Bytes Received By Job
	586400  -  Total Bytes Sent By Job
	62715  -  Total Bytes Received By Job
	Partitionable Resources :    Usage  Request          
	   Cpus                 :                 1          
	   Disk (KB)            :      659      659          
	   Memory (MB)          :        3        3          
...
000 (558133.000.000) 08/13 14:31:07 Job submitted from host: <18.12.1.74:48322>
...
001 (558133.000.000) 08/13 14:52:20 Job executing on host: <18.12.9.80:43650>
...
006 (558133.000.000) 08/13 14:52:28 Image size of job updated: 193756
	78  -  MemoryUsage of job (MB)
	79572  -  ResidentSetSize of job (KB)
...
006 (558133.000.000) 08/13 14:53:40 Image size of job updated: 233824
	78  -  MemoryUsage of job (MB)
	79572  -  ResidentSetSize of job (KB)
...
005 (558133.000.000) 08/13 14:53:40 Job terminated.
	(1) Normal termination (return value 0)
		Usr 0 00:00:34, Sys 0 00:00:01  -  Run Remote Usage
		Usr 0 00:00:00, Sys 0 00:00:00  -  Run Local Usage
		Usr 0 00:00:34, Sys 0 00:00:01  -  Total Remote Usage
		Usr 0 00:00:00, Sys 0 00:00:00  -  Total Local Usage
	586120  -  Run Bytes Sent By Job
	62714  -  Run Bytes Received By Job
	586120  -  Total Bytes Sent By Job
	62714  -  Total Bytes Received By Job
	Partitionable Resources :    Usage  Request          
	   Cpus                 :                 1          
	   Disk (KB)            :      659      659          
	   Memory (MB)          :       78       78          
...
000 (565470.000.000) 08/20 12:43:11 Job submitted from host: <18.12.1.74:48322>
...
001 (565470.000.000) 08/20 12:46:07 Job executing on host: <18.12.9.67:40730>
...
006 (565470.000.000) 08/20 12:46:17 Image size of job updated: 230036
	93  -  MemoryUsage of job (MB)
	94952  -  ResidentSetSize of job (KB)
...
005 (565470.000.000) 08/20 12:55:15 Job terminated.
	(1) Normal termination (return value 0)
		Usr 0 00:00:32, Sys 0 00:00:01  -  Run Remote Usage
		Usr 0 00:00:00, Sys 0 00:00:00  -  Run Local Usage
		Usr 0 00:00:32, Sys 0 00:00:01  -  Total Remote Usage
		Usr 0 00:00:00, Sys 0 00:00:00  -  Total Local Usage
	586173  -  Run Bytes Sent By Job
	62731  -  Run Bytes Received By Job
	586173  -  Total Bytes Sent By Job
	62731  -  Total Bytes Received By Job
	Partitionable Resources :    Usage  Request          
	   Cpus                 :                 1          
	   Disk (KB)            :      659      659          
	   Memory (MB)          :       93       93          
...
