000 (556063.000.000) 08/12 11:33:40 Job submitted from host: <18.12.1.74:48322>
...
001 (556063.000.000) 08/12 11:51:20 Job executing on host: <18.12.8.164:49125>
...
006 (556063.000.000) 08/12 11:51:28 Image size of job updated: 2
	2  -  MemoryUsage of job (MB)
	1724  -  ResidentSetSize of job (KB)
...
006 (556063.000.000) 08/12 11:56:28 Image size of job updated: 230472
	91  -  MemoryUsage of job (MB)
	92400  -  ResidentSetSize of job (KB)
...
005 (556063.000.000) 08/12 12:00:07 Job terminated.
	(1) Normal termination (return value 0)
		Usr 0 00:01:30, Sys 0 00:00:01  -  Run Remote Usage
		Usr 0 00:00:00, Sys 0 00:00:00  -  Run Local Usage
		Usr 0 00:01:30, Sys 0 00:00:01  -  Total Remote Usage
		Usr 0 00:00:00, Sys 0 00:00:00  -  Total Local Usage
	586035  -  Run Bytes Sent By Job
	62715  -  Run Bytes Received By Job
	586035  -  Total Bytes Sent By Job
	62715  -  Total Bytes Received By Job
	Partitionable Resources :    Usage  Request          
	   Cpus                 :                 1          
	   Disk (KB)            :      658      658          
	   Memory (MB)          :       91       91          
...
000 (566432.000.000) 08/20 21:03:00 Job submitted from host: <18.12.1.74:48322>
...
001 (566432.000.000) 08/20 21:04:06 Job executing on host: <18.12.9.50:43066>
...
006 (566432.000.000) 08/20 21:04:15 Image size of job updated: 230420
	96  -  MemoryUsage of job (MB)
	98136  -  ResidentSetSize of job (KB)
...
005 (566432.000.000) 08/20 21:12:26 Job terminated.
	(1) Normal termination (return value 0)
		Usr 0 00:01:05, Sys 0 00:00:01  -  Run Remote Usage
		Usr 0 00:00:00, Sys 0 00:00:00  -  Run Local Usage
		Usr 0 00:01:05, Sys 0 00:00:01  -  Total Remote Usage
		Usr 0 00:00:00, Sys 0 00:00:00  -  Total Local Usage
	586191  -  Run Bytes Sent By Job
	62731  -  Run Bytes Received By Job
	586191  -  Total Bytes Sent By Job
	62731  -  Total Bytes Received By Job
	Partitionable Resources :    Usage  Request          
	   Cpus                 :                 1          
	   Disk (KB)            :      659      659          
	   Memory (MB)          :       96       96          
...
000 (782437.000.000) 10/01 13:04:26 Job submitted from host: <18.12.1.74:47665>
...
001 (782437.000.000) 10/01 13:13:52 Job executing on host: <18.12.8.94:44307>
...
006 (782437.000.000) 10/01 13:14:01 Image size of job updated: 189704
	74  -  MemoryUsage of job (MB)
	75644  -  ResidentSetSize of job (KB)
...
006 (782437.000.000) 10/01 13:19:02 Image size of job updated: 230416
	103  -  MemoryUsage of job (MB)
	105052  -  ResidentSetSize of job (KB)
...
005 (782437.000.000) 10/01 13:21:34 Job terminated.
	(1) Normal termination (return value 0)
		Usr 0 00:01:08, Sys 0 00:00:02  -  Run Remote Usage
		Usr 0 00:00:00, Sys 0 00:00:00  -  Run Local Usage
		Usr 0 00:01:08, Sys 0 00:00:02  -  Total Remote Usage
		Usr 0 00:00:00, Sys 0 00:00:00  -  Total Local Usage
	586116  -  Run Bytes Sent By Job
	62730  -  Run Bytes Received By Job
	586116  -  Total Bytes Sent By Job
	62730  -  Total Bytes Received By Job
	Partitionable Resources :    Usage  Request          
	   Cpus                 :                 1          
	   Disk (KB)            :      659      659          
	   Memory (MB)          :      103      103          
...
000 (782618.000.000) 10/01 14:31:17 Job submitted from host: <18.12.1.74:47665>
...
001 (782618.000.000) 10/01 14:33:09 Job executing on host: <18.12.8.200:44672>
...
006 (782618.000.000) 10/01 14:33:20 Image size of job updated: 192476
	77  -  MemoryUsage of job (MB)
	78304  -  ResidentSetSize of job (KB)
...
006 (782618.000.000) 10/01 14:37:49 Image size of job updated: 227500
	77  -  MemoryUsage of job (MB)
	78304  -  ResidentSetSize of job (KB)
...
005 (782618.000.000) 10/01 14:41:02 Job terminated.
	(1) Normal termination (return value 0)
		Usr 0 00:00:40, Sys 0 00:00:01  -  Run Remote Usage
		Usr 0 00:00:00, Sys 0 00:00:00  -  Run Local Usage
		Usr 0 00:00:40, Sys 0 00:00:01  -  Total Remote Usage
		Usr 0 00:00:00, Sys 0 00:00:00  -  Total Local Usage
	3926894  -  Run Bytes Sent By Job
	62736  -  Run Bytes Received By Job
	3926894  -  Total Bytes Sent By Job
	62736  -  Total Bytes Received By Job
	Partitionable Resources :    Usage  Request          
	   Cpus                 :                 1          
	   Disk (KB)            :     3921     3921          
	   Memory (MB)          :       77       77          
...
000 (788159.000.000) 10/09 09:23:40 Job submitted from host: <18.12.1.74:45913>
...
001 (788159.000.000) 10/09 09:24:10 Job executing on host: <18.12.8.214:49928>
...
006 (788159.000.000) 10/09 09:24:19 Image size of job updated: 13384
	2  -  MemoryUsage of job (MB)
	1988  -  ResidentSetSize of job (KB)
...
006 (788159.000.000) 10/09 09:26:45 Image size of job updated: 230428
	2  -  MemoryUsage of job (MB)
	1988  -  ResidentSetSize of job (KB)
...
005 (788159.000.000) 10/09 09:26:46 Job terminated.
	(1) Normal termination (return value 0)
		Usr 0 00:01:24, Sys 0 00:00:01  -  Run Remote Usage
		Usr 0 00:00:00, Sys 0 00:00:00  -  Run Local Usage
		Usr 0 00:01:24, Sys 0 00:00:01  -  Total Remote Usage
		Usr 0 00:00:00, Sys 0 00:00:00  -  Total Local Usage
	585436  -  Run Bytes Sent By Job
	62698  -  Run Bytes Received By Job
	585436  -  Total Bytes Sent By Job
	62698  -  Total Bytes Received By Job
	Partitionable Resources :    Usage  Request          
	   Cpus                 :                 1          
	   Disk (KB)            :      658      658          
	   Memory (MB)          :        2        2          
...
000 (788524.000.000) 10/12 09:48:00 Job submitted from host: <18.12.1.74:45913>
...
001 (788524.000.000) 10/12 09:55:36 Job executing on host: <18.12.6.28:42482>
...
006 (788524.000.000) 10/12 09:55:45 Image size of job updated: 2
	3  -  MemoryUsage of job (MB)
	2340  -  ResidentSetSize of job (KB)
...
006 (788524.000.000) 10/12 09:58:03 Image size of job updated: 230424
	3  -  MemoryUsage of job (MB)
	2340  -  ResidentSetSize of job (KB)
...
005 (788524.000.000) 10/12 09:58:03 Job terminated.
	(1) Normal termination (return value 0)
		Usr 0 00:01:33, Sys 0 00:00:01  -  Run Remote Usage
		Usr 0 00:00:00, Sys 0 00:00:00  -  Run Local Usage
		Usr 0 00:01:33, Sys 0 00:00:01  -  Total Remote Usage
		Usr 0 00:00:00, Sys 0 00:00:00  -  Total Local Usage
	585156  -  Run Bytes Sent By Job
	62703  -  Run Bytes Received By Job
	585156  -  Total Bytes Sent By Job
	62703  -  Total Bytes Received By Job
	Partitionable Resources :    Usage  Request          
	   Cpus                 :                 1          
	   Disk (KB)            :      658      658          
	   Memory (MB)          :        3        3          
...
