000 (556365.000.000) 08/12 14:10:49 Job submitted from host: <18.12.1.74:48322>
...
001 (556365.000.000) 08/12 14:28:12 Job executing on host: <18.12.9.82:48979>
...
006 (556365.000.000) 08/12 14:28:21 Image size of job updated: 193856
	78  -  MemoryUsage of job (MB)
	79640  -  ResidentSetSize of job (KB)
...
006 (556365.000.000) 08/12 14:33:22 Image size of job updated: 230508
	96  -  MemoryUsage of job (MB)
	98244  -  ResidentSetSize of job (KB)
...
006 (556365.000.000) 08/12 14:38:23 Image size of job updated: 230508
	114  -  MemoryUsage of job (MB)
	116412  -  ResidentSetSize of job (KB)
...
006 (556365.000.000) 08/12 14:43:23 Image size of job updated: 230640
	114  -  MemoryUsage of job (MB)
	116412  -  ResidentSetSize of job (KB)
...
005 (556365.000.000) 08/12 14:44:17 Job terminated.
	(1) Normal termination (return value 0)
		Usr 0 00:01:36, Sys 0 00:00:04  -  Run Remote Usage
		Usr 0 00:00:00, Sys 0 00:00:00  -  Run Local Usage
		Usr 0 00:01:36, Sys 0 00:00:04  -  Total Remote Usage
		Usr 0 00:00:00, Sys 0 00:00:00  -  Total Local Usage
	586304  -  Run Bytes Sent By Job
	62715  -  Run Bytes Received By Job
	586304  -  Total Bytes Sent By Job
	62715  -  Total Bytes Received By Job
	Partitionable Resources :    Usage  Request          
	   Cpus                 :                 1          
	   Disk (KB)            :      659      659          
	   Memory (MB)          :      114      114          
...
000 (557625.000.000) 08/13 11:57:24 Job submitted from host: <18.12.1.74:48322>
...
001 (557625.000.000) 08/13 12:20:29 Job executing on host: <18.12.9.80:43650>
...
006 (557625.000.000) 08/13 12:20:37 Image size of job updated: 2
	3  -  MemoryUsage of job (MB)
	2348  -  ResidentSetSize of job (KB)
...
006 (557625.000.000) 08/13 12:23:18 Image size of job updated: 230640
	3  -  MemoryUsage of job (MB)
	2348  -  ResidentSetSize of job (KB)
...
005 (557625.000.000) 08/13 12:23:18 Job terminated.
	(1) Normal termination (return value 0)
		Usr 0 00:01:38, Sys 0 00:00:01  -  Run Remote Usage
		Usr 0 00:00:00, Sys 0 00:00:00  -  Run Local Usage
		Usr 0 00:01:38, Sys 0 00:00:01  -  Total Remote Usage
		Usr 0 00:00:00, Sys 0 00:00:00  -  Total Local Usage
	586303  -  Run Bytes Sent By Job
	62715  -  Run Bytes Received By Job
	586303  -  Total Bytes Sent By Job
	62715  -  Total Bytes Received By Job
	Partitionable Resources :    Usage  Request          
	   Cpus                 :                 1          
	   Disk (KB)            :      659      659          
	   Memory (MB)          :        3        3          
...
000 (558141.000.000) 08/13 14:31:08 Job submitted from host: <18.12.1.74:48322>
...
001 (558141.000.000) 08/13 14:54:13 Job executing on host: <18.12.9.37:49636>
...
006 (558141.000.000) 08/13 14:54:22 Image size of job updated: 69304
	14  -  MemoryUsage of job (MB)
	13432  -  ResidentSetSize of job (KB)
...
006 (558141.000.000) 08/13 14:59:23 Image size of job updated: 230644
	114  -  MemoryUsage of job (MB)
	116404  -  ResidentSetSize of job (KB)
...
006 (558141.000.000) 08/13 15:04:23 Image size of job updated: 230644
	114  -  MemoryUsage of job (MB)
	116712  -  ResidentSetSize of job (KB)
...
005 (558141.000.000) 08/13 15:06:46 Job terminated.
	(1) Normal termination (return value 0)
		Usr 0 00:01:40, Sys 0 00:00:03  -  Run Remote Usage
		Usr 0 00:00:00, Sys 0 00:00:00  -  Run Local Usage
		Usr 0 00:01:40, Sys 0 00:00:03  -  Total Remote Usage
		Usr 0 00:00:00, Sys 0 00:00:00  -  Total Local Usage
	586582  -  Run Bytes Sent By Job
	62714  -  Run Bytes Received By Job
	586582  -  Total Bytes Sent By Job
	62714  -  Total Bytes Received By Job
	Partitionable Resources :    Usage  Request          
	   Cpus                 :                 1          
	   Disk (KB)            :      659      659          
	   Memory (MB)          :      114      114          
...
000 (565478.000.000) 08/20 12:44:47 Job submitted from host: <18.12.1.74:48322>
...
001 (565478.000.000) 08/20 12:46:27 Job executing on host: <18.12.9.36:47227>
...
006 (565478.000.000) 08/20 12:46:39 Image size of job updated: 193852
	78  -  MemoryUsage of job (MB)
	79608  -  ResidentSetSize of job (KB)
...
006 (565478.000.000) 08/20 12:51:39 Image size of job updated: 230648
	100  -  MemoryUsage of job (MB)
	101816  -  ResidentSetSize of job (KB)
...
006 (565478.000.000) 08/20 12:56:40 Image size of job updated: 230648
	101  -  MemoryUsage of job (MB)
	103188  -  ResidentSetSize of job (KB)
...
005 (565478.000.000) 08/20 13:05:14 Job terminated.
	(1) Normal termination (return value 0)
		Usr 0 00:01:49, Sys 0 00:00:03  -  Run Remote Usage
		Usr 0 00:00:00, Sys 0 00:00:00  -  Run Local Usage
		Usr 0 00:01:49, Sys 0 00:00:03  -  Total Remote Usage
		Usr 0 00:00:00, Sys 0 00:00:00  -  Total Local Usage
	586495  -  Run Bytes Sent By Job
	62731  -  Run Bytes Received By Job
	586495  -  Total Bytes Sent By Job
	62731  -  Total Bytes Received By Job
	Partitionable Resources :    Usage  Request          
	   Cpus                 :                 1          
	   Disk (KB)            :      659      659          
	   Memory (MB)          :      101      101          
...
000 (782971.000.000) 10/02 11:04:51 Job submitted from host: <18.12.1.74:41314>
...
001 (782971.000.000) 10/02 11:11:45 Job executing on host: <18.12.6.30:48541>
...
006 (782971.000.000) 10/02 11:11:47 Image size of job updated: 2
	0  -  MemoryUsage of job (MB)
	0  -  ResidentSetSize of job (KB)
...
005 (782971.000.000) 10/02 11:15:43 Job terminated.
	(1) Normal termination (return value 0)
		Usr 0 00:00:00, Sys 0 00:00:00  -  Run Remote Usage
		Usr 0 00:00:00, Sys 0 00:00:00  -  Run Local Usage
		Usr 0 00:00:00, Sys 0 00:00:00  -  Total Remote Usage
		Usr 0 00:00:00, Sys 0 00:00:00  -  Total Local Usage
	585410  -  Run Bytes Sent By Job
	62733  -  Run Bytes Received By Job
	585410  -  Total Bytes Sent By Job
	62733  -  Total Bytes Received By Job
	Partitionable Resources :    Usage  Request          
	   Cpus                 :                 1          
	   Disk (KB)            :      658      658          
	   Memory (MB)          :        0        0          
...
000 (783152.000.000) 10/02 16:13:21 Job submitted from host: <18.12.1.74:45913>
...
001 (783152.000.000) 10/02 16:14:13 Job executing on host: <18.12.8.226:42555>
...
006 (783152.000.000) 10/02 16:14:18 Image size of job updated: 2
	0  -  MemoryUsage of job (MB)
	0  -  ResidentSetSize of job (KB)
...
005 (783152.000.000) 10/02 16:14:18 Job terminated.
	(1) Normal termination (return value 0)
		Usr 0 00:00:00, Sys 0 00:00:00  -  Run Remote Usage
		Usr 0 00:00:00, Sys 0 00:00:00  -  Run Local Usage
		Usr 0 00:00:00, Sys 0 00:00:00  -  Total Remote Usage
		Usr 0 00:00:00, Sys 0 00:00:00  -  Total Local Usage
	585554  -  Run Bytes Sent By Job
	62733  -  Run Bytes Received By Job
	585554  -  Total Bytes Sent By Job
	62733  -  Total Bytes Received By Job
	Partitionable Resources :    Usage  Request          
	   Cpus                 :                 1          
	   Disk (KB)            :      658      658          
	   Memory (MB)          :        0        0          
...
000 (783333.000.000) 10/02 16:48:34 Job submitted from host: <18.12.1.74:45913>
...
001 (783333.000.000) 10/02 16:48:59 Job executing on host: <18.12.9.61:49052>
...
006 (783333.000.000) 10/02 16:49:00 Image size of job updated: 2
	0  -  MemoryUsage of job (MB)
	0  -  ResidentSetSize of job (KB)
...
005 (783333.000.000) 10/02 16:49:01 Job terminated.
	(1) Normal termination (return value 0)
		Usr 0 00:00:00, Sys 0 00:00:00  -  Run Remote Usage
		Usr 0 00:00:00, Sys 0 00:00:00  -  Run Local Usage
		Usr 0 00:00:00, Sys 0 00:00:00  -  Total Remote Usage
		Usr 0 00:00:00, Sys 0 00:00:00  -  Total Local Usage
	585892  -  Run Bytes Sent By Job
	62733  -  Run Bytes Received By Job
	585892  -  Total Bytes Sent By Job
	62733  -  Total Bytes Received By Job
	Partitionable Resources :    Usage  Request          
	   Cpus                 :                 1          
	   Disk (KB)            :      659      659          
	   Memory (MB)          :        0        0          
...
000 (783516.000.000) 10/05 09:25:34 Job submitted from host: <18.12.1.74:45913>
...
001 (783516.000.000) 10/05 09:25:51 Job executing on host: <18.12.8.209:41314>
...
006 (783516.000.000) 10/05 09:26:00 Image size of job updated: 2
	3  -  MemoryUsage of job (MB)
	2352  -  ResidentSetSize of job (KB)
...
006 (783516.000.000) 10/05 09:26:04 Image size of job updated: 13384
	3  -  MemoryUsage of job (MB)
	2352  -  ResidentSetSize of job (KB)
...
005 (783516.000.000) 10/05 09:26:09 Job terminated.
	(1) Normal termination (return value 0)
		Usr 0 00:00:00, Sys 0 00:00:00  -  Run Remote Usage
		Usr 0 00:00:00, Sys 0 00:00:00  -  Run Local Usage
		Usr 0 00:00:00, Sys 0 00:00:00  -  Total Remote Usage
		Usr 0 00:00:00, Sys 0 00:00:00  -  Total Local Usage
	585774  -  Run Bytes Sent By Job
	62732  -  Run Bytes Received By Job
	585774  -  Total Bytes Sent By Job
	62732  -  Total Bytes Received By Job
	Partitionable Resources :    Usage  Request          
	   Cpus                 :                 1          
	   Disk (KB)            :      658      658          
	   Memory (MB)          :        3        3          
...
000 (783697.000.000) 10/05 10:00:20 Job submitted from host: <18.12.1.74:45913>
...
001 (783697.000.000) 10/05 10:00:55 Job executing on host: <18.12.12.10:46132>
...
006 (783697.000.000) 10/05 10:00:58 Image size of job updated: 143808
	0  -  MemoryUsage of job (MB)
	0  -  ResidentSetSize of job (KB)
...
005 (783697.000.000) 10/05 10:00:59 Job terminated.
	(1) Normal termination (return value 0)
		Usr 0 00:00:00, Sys 0 00:00:00  -  Run Remote Usage
		Usr 0 00:00:00, Sys 0 00:00:00  -  Run Local Usage
		Usr 0 00:00:00, Sys 0 00:00:00  -  Total Remote Usage
		Usr 0 00:00:00, Sys 0 00:00:00  -  Total Local Usage
	585519  -  Run Bytes Sent By Job
	62731  -  Run Bytes Received By Job
	585519  -  Total Bytes Sent By Job
	62731  -  Total Bytes Received By Job
	Partitionable Resources :    Usage  Request          
	   Cpus                 :                 1          
	   Disk (KB)            :      658      658          
	   Memory (MB)          :        0        0          
...
000 (783879.000.000) 10/05 12:25:05 Job submitted from host: <18.12.1.74:45913>
...
001 (783879.000.000) 10/05 12:25:18 Job executing on host: <18.12.9.54:49928>
...
006 (783879.000.000) 10/05 12:25:19 Image size of job updated: 2
	0  -  MemoryUsage of job (MB)
	0  -  ResidentSetSize of job (KB)
...
005 (783879.000.000) 10/05 12:25:27 Job terminated.
	(1) Normal termination (return value 0)
		Usr 0 00:00:00, Sys 0 00:00:00  -  Run Remote Usage
		Usr 0 00:00:00, Sys 0 00:00:00  -  Run Local Usage
		Usr 0 00:00:00, Sys 0 00:00:00  -  Total Remote Usage
		Usr 0 00:00:00, Sys 0 00:00:00  -  Total Local Usage
	585808  -  Run Bytes Sent By Job
	62732  -  Run Bytes Received By Job
	585808  -  Total Bytes Sent By Job
	62732  -  Total Bytes Received By Job
	Partitionable Resources :    Usage  Request          
	   Cpus                 :                 1          
	   Disk (KB)            :      658      658          
	   Memory (MB)          :        0        0          
...
000 (784060.000.000) 10/05 12:28:40 Job submitted from host: <18.12.1.74:45913>
...
001 (784060.000.000) 10/05 12:28:54 Job executing on host: <18.12.9.81:48833>
...
006 (784060.000.000) 10/05 12:29:07 Image size of job updated: 230504
	96  -  MemoryUsage of job (MB)
	98268  -  ResidentSetSize of job (KB)
...
006 (784060.000.000) 10/05 12:30:51 Image size of job updated: 230636
	96  -  MemoryUsage of job (MB)
	98268  -  ResidentSetSize of job (KB)
...
005 (784060.000.000) 10/05 12:30:52 Job terminated.
	(1) Normal termination (return value 0)
		Usr 0 00:01:10, Sys 0 00:00:01  -  Run Remote Usage
		Usr 0 00:00:00, Sys 0 00:00:00  -  Run Local Usage
		Usr 0 00:01:10, Sys 0 00:00:01  -  Total Remote Usage
		Usr 0 00:00:00, Sys 0 00:00:00  -  Total Local Usage
	586951  -  Run Bytes Sent By Job
	62733  -  Run Bytes Received By Job
	586951  -  Total Bytes Sent By Job
	62733  -  Total Bytes Received By Job
	Partitionable Resources :    Usage  Request          
	   Cpus                 :                 1          
	   Disk (KB)            :      660      660          
	   Memory (MB)          :       96       96          
...
000 (786129.000.000) 10/05 14:34:40 Job submitted from host: <18.12.1.74:45913>
...
001 (786129.000.000) 10/05 14:35:17 Job executing on host: <18.12.8.28:40657>
...
006 (786129.000.000) 10/05 14:35:26 Image size of job updated: 230516
	96  -  MemoryUsage of job (MB)
	98184  -  ResidentSetSize of job (KB)
...
006 (786129.000.000) 10/05 14:38:04 Image size of job updated: 230648
	96  -  MemoryUsage of job (MB)
	98184  -  ResidentSetSize of job (KB)
...
005 (786129.000.000) 10/05 14:38:04 Job terminated.
	(1) Normal termination (return value 0)
		Usr 0 00:02:04, Sys 0 00:00:03  -  Run Remote Usage
		Usr 0 00:00:00, Sys 0 00:00:00  -  Run Local Usage
		Usr 0 00:02:04, Sys 0 00:00:03  -  Total Remote Usage
		Usr 0 00:00:00, Sys 0 00:00:00  -  Total Local Usage
	586285  -  Run Bytes Sent By Job
	62729  -  Run Bytes Received By Job
	586285  -  Total Bytes Sent By Job
	62729  -  Total Bytes Received By Job
	Partitionable Resources :    Usage  Request          
	   Cpus                 :                 1          
	   Disk (KB)            :      659      659          
	   Memory (MB)          :       96       96          
...
000 (787968.000.000) 10/08 16:09:46 Job submitted from host: <18.12.1.74:45913>
...
001 (787968.000.000) 10/08 16:20:53 Job executing on host: <18.12.12.7:49271>
...
006 (787968.000.000) 10/08 16:21:02 Image size of job updated: 229044
	92  -  MemoryUsage of job (MB)
	93644  -  ResidentSetSize of job (KB)
...
006 (787968.000.000) 10/08 16:23:35 Image size of job updated: 230628
	92  -  MemoryUsage of job (MB)
	93644  -  ResidentSetSize of job (KB)
...
005 (787968.000.000) 10/08 16:23:39 Job terminated.
	(1) Normal termination (return value 0)
		Usr 0 00:01:54, Sys 0 00:00:01  -  Run Remote Usage
		Usr 0 00:00:00, Sys 0 00:00:00  -  Run Local Usage
		Usr 0 00:01:54, Sys 0 00:00:01  -  Total Remote Usage
		Usr 0 00:00:00, Sys 0 00:00:00  -  Total Local Usage
	585402  -  Run Bytes Sent By Job
	62697  -  Run Bytes Received By Job
	585402  -  Total Bytes Sent By Job
	62697  -  Total Bytes Received By Job
	Partitionable Resources :    Usage  Request          
	   Cpus                 :                 1          
	   Disk (KB)            :      658      658          
	   Memory (MB)          :       92       92          
...
000 (788331.000.000) 10/09 10:00:29 Job submitted from host: <18.12.1.74:45913>
...
001 (788331.000.000) 10/09 10:11:56 Job executing on host: <18.12.6.68:43869>
...
006 (788331.000.000) 10/09 10:12:05 Image size of job updated: 2
	3  -  MemoryUsage of job (MB)
	2352  -  ResidentSetSize of job (KB)
...
006 (788331.000.000) 10/09 10:14:27 Image size of job updated: 230628
	3  -  MemoryUsage of job (MB)
	2352  -  ResidentSetSize of job (KB)
...
005 (788331.000.000) 10/09 10:14:27 Job terminated.
	(1) Normal termination (return value 0)
		Usr 0 00:01:57, Sys 0 00:00:01  -  Run Remote Usage
		Usr 0 00:00:00, Sys 0 00:00:00  -  Run Local Usage
		Usr 0 00:01:57, Sys 0 00:00:01  -  Total Remote Usage
		Usr 0 00:00:00, Sys 0 00:00:00  -  Total Local Usage
	585189  -  Run Bytes Sent By Job
	62694  -  Run Bytes Received By Job
	585189  -  Total Bytes Sent By Job
	62694  -  Total Bytes Received By Job
	Partitionable Resources :    Usage  Request          
	   Cpus                 :                 1          
	   Disk (KB)            :      658      658          
	   Memory (MB)          :        3        3          
...
000 (788878.000.000) 10/12 11:22:07 Job submitted from host: <18.12.1.74:45913>
...
001 (788878.000.000) 10/12 11:28:21 Job executing on host: <18.12.6.85:41679>
...
006 (788878.000.000) 10/12 11:28:30 Image size of job updated: 2
	3  -  MemoryUsage of job (MB)
	2364  -  ResidentSetSize of job (KB)
...
006 (788878.000.000) 10/12 11:31:57 Image size of job updated: 230656
	3  -  MemoryUsage of job (MB)
	2364  -  ResidentSetSize of job (KB)
...
005 (788878.000.000) 10/12 11:31:57 Job terminated.
	(1) Normal termination (return value 0)
		Usr 0 00:02:15, Sys 0 00:00:03  -  Run Remote Usage
		Usr 0 00:00:00, Sys 0 00:00:00  -  Run Local Usage
		Usr 0 00:02:15, Sys 0 00:00:03  -  Total Remote Usage
		Usr 0 00:00:00, Sys 0 00:00:00  -  Total Local Usage
	585475  -  Run Bytes Sent By Job
	62702  -  Run Bytes Received By Job
	585475  -  Total Bytes Sent By Job
	62702  -  Total Bytes Received By Job
	Partitionable Resources :    Usage  Request          
	   Cpus                 :                 1          
	   Disk (KB)            :      658      658          
	   Memory (MB)          :        3        3          
...
