000 (554281.000.000) 08/11 09:09:14 Job submitted from host: <18.12.1.74:48322>
...
001 (554281.000.000) 08/11 09:09:48 Job executing on host: <18.12.9.75:43212>
...
006 (554281.000.000) 08/11 09:09:57 Image size of job updated: 2
	3  -  MemoryUsage of job (MB)
	2340  -  ResidentSetSize of job (KB)
...
006 (554281.000.000) 08/11 09:13:50 Image size of job updated: 230724
	3  -  MemoryUsage of job (MB)
	2340  -  ResidentSetSize of job (KB)
...
005 (554281.000.000) 08/11 09:13:50 Job terminated.
	(1) Normal termination (return value 0)
		Usr 0 00:01:11, Sys 0 00:00:01  -  Run Remote Usage
		Usr 0 00:00:00, Sys 0 00:00:00  -  Run Local Usage
		Usr 0 00:01:11, Sys 0 00:00:01  -  Total Remote Usage
		Usr 0 00:00:00, Sys 0 00:00:00  -  Total Local Usage
	586331  -  Run Bytes Sent By Job
	62717  -  Run Bytes Received By Job
	586331  -  Total Bytes Sent By Job
	62717  -  Total Bytes Received By Job
	Partitionable Resources :    Usage  Request          
	   Cpus                 :                 1          
	   Disk (KB)            :      659      659          
	   Memory (MB)          :        3        3          
...
000 (557996.000.000) 08/13 13:34:22 Job submitted from host: <18.12.1.74:48322>
...
001 (557996.000.000) 08/13 13:57:38 Job executing on host: <18.12.9.47:41168>
...
006 (557996.000.000) 08/13 13:57:47 Image size of job updated: 228088
	94  -  MemoryUsage of job (MB)
	95560  -  ResidentSetSize of job (KB)
...
006 (557996.000.000) 08/13 14:02:48 Image size of job updated: 230720
	99  -  MemoryUsage of job (MB)
	100756  -  ResidentSetSize of job (KB)
...
005 (557996.000.000) 08/13 14:05:56 Job terminated.
	(1) Normal termination (return value 0)
		Usr 0 00:01:20, Sys 0 00:00:02  -  Run Remote Usage
		Usr 0 00:00:00, Sys 0 00:00:00  -  Run Local Usage
		Usr 0 00:01:20, Sys 0 00:00:02  -  Total Remote Usage
		Usr 0 00:00:00, Sys 0 00:00:00  -  Total Local Usage
	586247  -  Run Bytes Sent By Job
	62720  -  Run Bytes Received By Job
	586247  -  Total Bytes Sent By Job
	62720  -  Total Bytes Received By Job
	Partitionable Resources :    Usage  Request          
	   Cpus                 :                 1          
	   Disk (KB)            :      659      659          
	   Memory (MB)          :       99       99          
...
000 (566287.000.000) 08/20 20:25:37 Job submitted from host: <18.12.1.74:48322>
...
007 (566287.000.000) 08/20 20:26:11 Shadow exception!
	Error from slot29@t2bat0315.cmsaf.mit.edu: Failed to transfer files
	0  -  Run Bytes Sent By Job
	0  -  Run Bytes Received By Job
...
007 (566287.000.000) 08/20 20:26:15 Shadow exception!
	Error from slot32@t2bat0333.cmsaf.mit.edu: Failed to transfer files
	0  -  Run Bytes Sent By Job
	0  -  Run Bytes Received By Job
...
001 (566287.000.000) 08/20 20:26:50 Job executing on host: <18.12.9.83:48833>
...
006 (566287.000.000) 08/20 20:26:59 Image size of job updated: 230156
	95  -  MemoryUsage of job (MB)
	96340  -  ResidentSetSize of job (KB)
...
006 (566287.000.000) 08/20 20:31:25 Image size of job updated: 230728
	95  -  MemoryUsage of job (MB)
	96340  -  ResidentSetSize of job (KB)
...
005 (566287.000.000) 08/20 20:37:48 Job terminated.
	(1) Normal termination (return value 0)
		Usr 0 00:01:11, Sys 0 00:00:01  -  Run Remote Usage
		Usr 0 00:00:00, Sys 0 00:00:00  -  Run Local Usage
		Usr 0 00:01:11, Sys 0 00:00:01  -  Total Remote Usage
		Usr 0 00:00:00, Sys 0 00:00:00  -  Total Local Usage
	586304  -  Run Bytes Sent By Job
	62732  -  Run Bytes Received By Job
	586304  -  Total Bytes Sent By Job
	62732  -  Total Bytes Received By Job
	Partitionable Resources :    Usage  Request          
	   Cpus                 :                 1          
	   Disk (KB)            :      659      659          
	   Memory (MB)          :       95       95          
...
