000 (556117.000.000) 08/12 11:33:46 Job submitted from host: <18.12.1.74:48322>
...
001 (556117.000.000) 08/12 12:00:09 Job executing on host: <18.12.8.164:49125>
...
006 (556117.000.000) 08/12 12:00:18 Image size of job updated: 2
	2  -  MemoryUsage of job (MB)
	1736  -  ResidentSetSize of job (KB)
...
006 (556117.000.000) 08/12 12:05:25 Image size of job updated: 230016
	81  -  MemoryUsage of job (MB)
	82520  -  ResidentSetSize of job (KB)
...
006 (556117.000.000) 08/12 12:10:20 Image size of job updated: 230016
	81  -  MemoryUsage of job (MB)
	82524  -  ResidentSetSize of job (KB)
...
006 (556117.000.000) 08/12 12:15:23 Image size of job updated: 230016
	81  -  MemoryUsage of job (MB)
	82552  -  ResidentSetSize of job (KB)
...
006 (556117.000.000) 08/12 12:30:22 Image size of job updated: 230016
	100  -  MemoryUsage of job (MB)
	101780  -  ResidentSetSize of job (KB)
...
005 (556117.000.000) 08/12 12:32:08 Job terminated.
	(1) Normal termination (return value 0)
		Usr 0 00:00:39, Sys 0 00:00:00  -  Run Remote Usage
		Usr 0 00:00:00, Sys 0 00:00:00  -  Run Local Usage
		Usr 0 00:00:39, Sys 0 00:00:00  -  Total Remote Usage
		Usr 0 00:00:00, Sys 0 00:00:00  -  Total Local Usage
	585888  -  Run Bytes Sent By Job
	62715  -  Run Bytes Received By Job
	585888  -  Total Bytes Sent By Job
	62715  -  Total Bytes Received By Job
	Partitionable Resources :    Usage  Request          
	   Cpus                 :                 1          
	   Disk (KB)            :      658      658          
	   Memory (MB)          :      100      100          
...
000 (566486.000.000) 08/20 21:07:11 Job submitted from host: <18.12.1.74:48322>
...
001 (566486.000.000) 08/20 21:08:03 Job executing on host: <18.12.9.39:46205>
...
006 (566486.000.000) 08/20 21:08:12 Image size of job updated: 187672
	71  -  MemoryUsage of job (MB)
	72556  -  ResidentSetSize of job (KB)
...
006 (566486.000.000) 08/20 21:11:45 Image size of job updated: 229984
	71  -  MemoryUsage of job (MB)
	72556  -  ResidentSetSize of job (KB)
...
022 (566486.000.000) 08/20 21:11:45 Job disconnected, attempting to reconnect
    Socket between submit and execute hosts closed unexpectedly
    Trying to reconnect to slot31@t2bat0295.cmsaf.mit.edu <18.12.9.39:46205>
...
023 (566486.000.000) 08/20 21:11:46 Job reconnected to slot31@t2bat0295.cmsaf.mit.edu
    startd address: <18.12.9.39:46205>
    starter address: <18.12.9.39:49490>
...
022 (566486.000.000) 08/20 21:11:46 Job disconnected, attempting to reconnect
    Socket between submit and execute hosts closed unexpectedly
    Trying to reconnect to slot31@t2bat0295.cmsaf.mit.edu <18.12.9.39:46205>
...
023 (566486.000.000) 08/20 21:11:46 Job reconnected to slot31@t2bat0295.cmsaf.mit.edu
    startd address: <18.12.9.39:46205>
    starter address: <18.12.9.39:49490>
...
022 (566486.000.000) 08/20 21:11:46 Job disconnected, attempting to reconnect
    Socket between submit and execute hosts closed unexpectedly
    Trying to reconnect to slot31@t2bat0295.cmsaf.mit.edu <18.12.9.39:46205>
...
023 (566486.000.000) 08/20 21:11:47 Job reconnected to slot31@t2bat0295.cmsaf.mit.edu
    startd address: <18.12.9.39:46205>
    starter address: <18.12.9.39:49490>
...
022 (566486.000.000) 08/20 21:11:47 Job disconnected, attempting to reconnect
    Socket between submit and execute hosts closed unexpectedly
    Trying to reconnect to slot31@t2bat0295.cmsaf.mit.edu <18.12.9.39:46205>
...
023 (566486.000.000) 08/20 21:11:47 Job reconnected to slot31@t2bat0295.cmsaf.mit.edu
    startd address: <18.12.9.39:46205>
    starter address: <18.12.9.39:49490>
...
007 (566486.000.000) 08/20 21:11:48 Shadow exception!
	Error from slot31@t2bat0295.cmsaf.mit.edu: Repeated attempts to transfer output failed for unknown reasons
	0  -  Run Bytes Sent By Job
	62731  -  Run Bytes Received By Job
...
001 (566486.000.000) 08/20 21:11:59 Job executing on host: <18.12.9.67:40730>
...
005 (566486.000.000) 08/20 21:20:21 Job terminated.
	(1) Normal termination (return value 0)
		Usr 0 00:00:29, Sys 0 00:00:00  -  Run Remote Usage
		Usr 0 00:00:00, Sys 0 00:00:00  -  Run Local Usage
		Usr 0 00:00:29, Sys 0 00:00:00  -  Total Remote Usage
		Usr 0 00:00:00, Sys 0 00:00:00  -  Total Local Usage
	586187  -  Run Bytes Sent By Job
	62731  -  Run Bytes Received By Job
	586187  -  Total Bytes Sent By Job
	125462  -  Total Bytes Received By Job
	Partitionable Resources :    Usage  Request          
	   Cpus                 :                 1          
	   Disk (KB)            :      750      750          
	   Memory (MB)          :       74       74          
...
000 (782491.000.000) 10/01 13:04:33 Job submitted from host: <18.12.1.74:47665>
...
001 (782491.000.000) 10/01 13:15:15 Job executing on host: <18.12.8.133:47665>
...
006 (782491.000.000) 10/01 13:15:23 Image size of job updated: 144336
	27  -  MemoryUsage of job (MB)
	27452  -  ResidentSetSize of job (KB)
...
006 (782491.000.000) 10/01 13:16:25 Image size of job updated: 229976
	27  -  MemoryUsage of job (MB)
	27452  -  ResidentSetSize of job (KB)
...
005 (782491.000.000) 10/01 13:16:26 Job terminated.
	(1) Normal termination (return value 0)
		Usr 0 00:00:30, Sys 0 00:00:01  -  Run Remote Usage
		Usr 0 00:00:00, Sys 0 00:00:00  -  Run Local Usage
		Usr 0 00:00:30, Sys 0 00:00:01  -  Total Remote Usage
		Usr 0 00:00:00, Sys 0 00:00:00  -  Total Local Usage
	586130  -  Run Bytes Sent By Job
	62730  -  Run Bytes Received By Job
	586130  -  Total Bytes Sent By Job
	62730  -  Total Bytes Received By Job
	Partitionable Resources :    Usage  Request          
	   Cpus                 :                 1          
	   Disk (KB)            :      659      659          
	   Memory (MB)          :       27       27          
...
000 (782672.000.000) 10/01 14:31:55 Job submitted from host: <18.12.1.74:47665>
...
001 (782672.000.000) 10/01 14:33:26 Job executing on host: <18.12.8.133:47665>
...
006 (782672.000.000) 10/01 14:33:35 Image size of job updated: 224740
	88  -  MemoryUsage of job (MB)
	90024  -  ResidentSetSize of job (KB)
...
006 (782672.000.000) 10/01 14:35:21 Image size of job updated: 227176
	88  -  MemoryUsage of job (MB)
	90024  -  ResidentSetSize of job (KB)
...
005 (782672.000.000) 10/01 14:38:24 Job terminated.
	(1) Normal termination (return value 0)
		Usr 0 00:00:16, Sys 0 00:00:00  -  Run Remote Usage
		Usr 0 00:00:00, Sys 0 00:00:00  -  Run Local Usage
		Usr 0 00:00:16, Sys 0 00:00:00  -  Total Remote Usage
		Usr 0 00:00:00, Sys 0 00:00:00  -  Total Local Usage
	2063489  -  Run Bytes Sent By Job
	62736  -  Run Bytes Received By Job
	2063489  -  Total Bytes Sent By Job
	62736  -  Total Bytes Received By Job
	Partitionable Resources :    Usage  Request          
	   Cpus                 :                 1          
	   Disk (KB)            :     2101     2101          
	   Memory (MB)          :       88       88          
...
000 (788213.000.000) 10/09 09:23:45 Job submitted from host: <18.12.1.74:45913>
...
001 (788213.000.000) 10/09 09:24:15 Job executing on host: <18.12.8.246:40000>
...
006 (788213.000.000) 10/09 09:24:23 Image size of job updated: 69180
	13  -  MemoryUsage of job (MB)
	13308  -  ResidentSetSize of job (KB)
...
006 (788213.000.000) 10/09 09:25:33 Image size of job updated: 229964
	13  -  MemoryUsage of job (MB)
	13308  -  ResidentSetSize of job (KB)
...
005 (788213.000.000) 10/09 09:25:33 Job terminated.
	(1) Normal termination (return value 0)
		Usr 0 00:00:37, Sys 0 00:00:00  -  Run Remote Usage
		Usr 0 00:00:00, Sys 0 00:00:00  -  Run Local Usage
		Usr 0 00:00:37, Sys 0 00:00:00  -  Total Remote Usage
		Usr 0 00:00:00, Sys 0 00:00:00  -  Total Local Usage
	585240  -  Run Bytes Sent By Job
	62698  -  Run Bytes Received By Job
	585240  -  Total Bytes Sent By Job
	62698  -  Total Bytes Received By Job
	Partitionable Resources :    Usage  Request          
	   Cpus                 :                 1          
	   Disk (KB)            :      658      658          
	   Memory (MB)          :       13       13          
...
000 (788578.000.000) 10/12 09:48:06 Job submitted from host: <18.12.1.74:45913>
...
001 (788578.000.000) 10/12 10:00:35 Job executing on host: <18.12.8.20:47592>
...
006 (788578.000.000) 10/12 10:00:44 Image size of job updated: 2
	3  -  MemoryUsage of job (MB)
	2336  -  ResidentSetSize of job (KB)
...
006 (788578.000.000) 10/12 10:02:12 Image size of job updated: 229968
	3  -  MemoryUsage of job (MB)
	2336  -  ResidentSetSize of job (KB)
...
005 (788578.000.000) 10/12 10:02:12 Job terminated.
	(1) Normal termination (return value 0)
		Usr 0 00:00:34, Sys 0 00:00:00  -  Run Remote Usage
		Usr 0 00:00:00, Sys 0 00:00:00  -  Run Local Usage
		Usr 0 00:00:34, Sys 0 00:00:00  -  Total Remote Usage
		Usr 0 00:00:00, Sys 0 00:00:00  -  Total Local Usage
	585025  -  Run Bytes Sent By Job
	62703  -  Run Bytes Received By Job
	585025  -  Total Bytes Sent By Job
	62703  -  Total Bytes Received By Job
	Partitionable Resources :    Usage  Request          
	   Cpus                 :                 1          
	   Disk (KB)            :      658      658          
	   Memory (MB)          :        3        3          
...
