000 (556076.000.000) 08/12 11:33:42 Job submitted from host: <18.12.1.74:48322>
...
001 (556076.000.000) 08/12 11:53:19 Job executing on host: <18.12.9.44:45183>
...
006 (556076.000.000) 08/12 11:53:28 Image size of job updated: 192512
	77  -  MemoryUsage of job (MB)
	78276  -  ResidentSetSize of job (KB)
...
006 (556076.000.000) 08/12 11:58:29 Image size of job updated: 230672
	97  -  MemoryUsage of job (MB)
	98448  -  ResidentSetSize of job (KB)
...
006 (556076.000.000) 08/12 12:03:30 Image size of job updated: 230672
	109  -  MemoryUsage of job (MB)
	111064  -  ResidentSetSize of job (KB)
...
006 (556076.000.000) 08/12 12:08:30 Image size of job updated: 230672
	114  -  MemoryUsage of job (MB)
	116616  -  ResidentSetSize of job (KB)
...
005 (556076.000.000) 08/12 12:22:05 Job terminated.
	(1) Normal termination (return value 0)
		Usr 0 00:02:18, Sys 0 00:00:05  -  Run Remote Usage
		Usr 0 00:00:00, Sys 0 00:00:00  -  Run Local Usage
		Usr 0 00:02:18, Sys 0 00:00:05  -  Total Remote Usage
		Usr 0 00:00:00, Sys 0 00:00:00  -  Total Local Usage
	586668  -  Run Bytes Sent By Job
	62715  -  Run Bytes Received By Job
	586668  -  Total Bytes Sent By Job
	62715  -  Total Bytes Received By Job
	Partitionable Resources :    Usage  Request          
	   Cpus                 :                 1          
	   Disk (KB)            :      659      659          
	   Memory (MB)          :      114      114          
...
000 (566445.000.000) 08/20 21:03:57 Job submitted from host: <18.12.1.74:48322>
...
007 (566445.000.000) 08/20 21:05:22 Shadow exception!
	Error from slot27@t2bat0286.cmsaf.mit.edu: Failed to transfer files
	0  -  Run Bytes Sent By Job
	0  -  Run Bytes Received By Job
...
007 (566445.000.000) 08/20 21:05:27 Shadow exception!
	Error from slot25@t2bat0317.cmsaf.mit.edu: Failed to transfer files
	0  -  Run Bytes Sent By Job
	0  -  Run Bytes Received By Job
...
007 (566445.000.000) 08/20 21:05:34 Shadow exception!
	Error from slot26@t2bat0282.cmsaf.mit.edu: Failed to transfer files
	0  -  Run Bytes Sent By Job
	0  -  Run Bytes Received By Job
...
007 (566445.000.000) 08/20 21:05:47 Shadow exception!
	Error from slot25@t2bat0012.cmsaf.mit.edu: Failed to transfer files
	0  -  Run Bytes Sent By Job
	0  -  Run Bytes Received By Job
...
007 (566445.000.000) 08/20 21:05:59 Shadow exception!
	Error from slot23@t2bat0013.cmsaf.mit.edu: Failed to transfer files
	0  -  Run Bytes Sent By Job
	0  -  Run Bytes Received By Job
...
001 (566445.000.000) 08/20 21:06:11 Job executing on host: <18.12.9.71:41606>
...
006 (566445.000.000) 08/20 21:06:21 Image size of job updated: 230672
	97  -  MemoryUsage of job (MB)
	98456  -  ResidentSetSize of job (KB)
...
005 (566445.000.000) 08/20 21:15:52 Job terminated.
	(1) Normal termination (return value 0)
		Usr 0 00:01:48, Sys 0 00:00:01  -  Run Remote Usage
		Usr 0 00:00:00, Sys 0 00:00:00  -  Run Local Usage
		Usr 0 00:01:48, Sys 0 00:00:01  -  Total Remote Usage
		Usr 0 00:00:00, Sys 0 00:00:00  -  Total Local Usage
	586298  -  Run Bytes Sent By Job
	62731  -  Run Bytes Received By Job
	586298  -  Total Bytes Sent By Job
	62731  -  Total Bytes Received By Job
	Partitionable Resources :    Usage  Request          
	   Cpus                 :                 1          
	   Disk (KB)            :      659      659          
	   Memory (MB)          :       97       97          
...
000 (782450.000.000) 10/01 13:04:28 Job submitted from host: <18.12.1.74:47665>
...
001 (782450.000.000) 10/01 13:14:10 Job executing on host: <18.12.9.15:49198>
...
006 (782450.000.000) 10/01 13:14:18 Image size of job updated: 2
	3  -  MemoryUsage of job (MB)
	2340  -  ResidentSetSize of job (KB)
...
006 (782450.000.000) 10/01 13:19:18 Image size of job updated: 230672
	103  -  MemoryUsage of job (MB)
	105324  -  ResidentSetSize of job (KB)
...
005 (782450.000.000) 10/01 13:20:16 Job terminated.
	(1) Normal termination (return value 0)
		Usr 0 00:02:04, Sys 0 00:00:01  -  Run Remote Usage
		Usr 0 00:00:00, Sys 0 00:00:00  -  Run Local Usage
		Usr 0 00:02:04, Sys 0 00:00:01  -  Total Remote Usage
		Usr 0 00:00:00, Sys 0 00:00:00  -  Total Local Usage
	586244  -  Run Bytes Sent By Job
	62730  -  Run Bytes Received By Job
	586244  -  Total Bytes Sent By Job
	62730  -  Total Bytes Received By Job
	Partitionable Resources :    Usage  Request          
	   Cpus                 :                 1          
	   Disk (KB)            :      659      659          
	   Memory (MB)          :      103      103          
...
000 (782631.000.000) 10/01 14:31:27 Job submitted from host: <18.12.1.74:47665>
...
001 (782631.000.000) 10/01 14:33:14 Job executing on host: <18.12.8.216:44380>
...
006 (782631.000.000) 10/01 14:33:32 Image size of job updated: 93588
	14  -  MemoryUsage of job (MB)
	13444  -  ResidentSetSize of job (KB)
...
006 (782631.000.000) 10/01 14:38:23 Image size of job updated: 224888
	91  -  MemoryUsage of job (MB)
	92944  -  ResidentSetSize of job (KB)
...
006 (782631.000.000) 10/01 14:43:24 Image size of job updated: 227556
	91  -  MemoryUsage of job (MB)
	92944  -  ResidentSetSize of job (KB)
...
006 (782631.000.000) 10/01 14:48:25 Image size of job updated: 227556
	98  -  MemoryUsage of job (MB)
	99580  -  ResidentSetSize of job (KB)
...
006 (782631.000.000) 10/01 14:49:44 Image size of job updated: 235600
	98  -  MemoryUsage of job (MB)
	99580  -  ResidentSetSize of job (KB)
...
005 (782631.000.000) 10/01 14:53:58 Job terminated.
	(1) Normal termination (return value 0)
		Usr 0 00:01:05, Sys 0 00:00:01  -  Run Remote Usage
		Usr 0 00:00:00, Sys 0 00:00:00  -  Run Local Usage
		Usr 0 00:01:05, Sys 0 00:00:01  -  Total Remote Usage
		Usr 0 00:00:00, Sys 0 00:00:00  -  Total Local Usage
	5658295  -  Run Bytes Sent By Job
	62736  -  Run Bytes Received By Job
	5658295  -  Total Bytes Sent By Job
	62736  -  Total Bytes Received By Job
	Partitionable Resources :    Usage  Request          
	   Cpus                 :                 1          
	   Disk (KB)            :     6438     6438          
	   Memory (MB)          :       98       98          
...
000 (788172.000.000) 10/09 09:23:41 Job submitted from host: <18.12.1.74:45913>
...
001 (788172.000.000) 10/09 09:24:11 Job executing on host: <18.12.8.242:46205>
...
006 (788172.000.000) 10/09 09:24:19 Image size of job updated: 2
	3  -  MemoryUsage of job (MB)
	2340  -  ResidentSetSize of job (KB)
...
006 (788172.000.000) 10/09 09:27:40 Image size of job updated: 230804
	3  -  MemoryUsage of job (MB)
	2340  -  ResidentSetSize of job (KB)
...
005 (788172.000.000) 10/09 09:27:40 Job terminated.
	(1) Normal termination (return value 0)
		Usr 0 00:02:18, Sys 0 00:00:02  -  Run Remote Usage
		Usr 0 00:00:00, Sys 0 00:00:00  -  Run Local Usage
		Usr 0 00:02:18, Sys 0 00:00:02  -  Total Remote Usage
		Usr 0 00:00:00, Sys 0 00:00:00  -  Total Local Usage
	585563  -  Run Bytes Sent By Job
	62698  -  Run Bytes Received By Job
	585563  -  Total Bytes Sent By Job
	62698  -  Total Bytes Received By Job
	Partitionable Resources :    Usage  Request          
	   Cpus                 :                 1          
	   Disk (KB)            :      658      658          
	   Memory (MB)          :        3        3          
...
000 (788537.000.000) 10/12 09:48:02 Job submitted from host: <18.12.1.74:45913>
...
001 (788537.000.000) 10/12 09:56:05 Job executing on host: <18.12.8.101:40365>
...
006 (788537.000.000) 10/12 09:56:14 Image size of job updated: 2
	3  -  MemoryUsage of job (MB)
	2348  -  ResidentSetSize of job (KB)
...
006 (788537.000.000) 10/12 09:58:27 Image size of job updated: 230652
	3  -  MemoryUsage of job (MB)
	2348  -  ResidentSetSize of job (KB)
...
005 (788537.000.000) 10/12 09:58:27 Job terminated.
	(1) Normal termination (return value 0)
		Usr 0 00:01:38, Sys 0 00:00:02  -  Run Remote Usage
		Usr 0 00:00:00, Sys 0 00:00:00  -  Run Local Usage
		Usr 0 00:01:38, Sys 0 00:00:02  -  Total Remote Usage
		Usr 0 00:00:00, Sys 0 00:00:00  -  Total Local Usage
	585299  -  Run Bytes Sent By Job
	62703  -  Run Bytes Received By Job
	585299  -  Total Bytes Sent By Job
	62703  -  Total Bytes Received By Job
	Partitionable Resources :    Usage  Request          
	   Cpus                 :                 1          
	   Disk (KB)            :      658      658          
	   Memory (MB)          :        3        3          
...
