000 (556328.000.000) 08/12 14:10:45 Job submitted from host: <18.12.1.74:48322>
...
001 (556328.000.000) 08/12 14:21:24 Job executing on host: <18.12.9.13:47227>
...
006 (556328.000.000) 08/12 14:21:33 Image size of job updated: 68908
	13  -  MemoryUsage of job (MB)
	13092  -  ResidentSetSize of job (KB)
...
006 (556328.000.000) 08/12 14:25:23 Image size of job updated: 230052
	13  -  MemoryUsage of job (MB)
	13092  -  ResidentSetSize of job (KB)
...
005 (556328.000.000) 08/12 14:25:23 Job terminated.
	(1) Normal termination (return value 0)
		Usr 0 00:00:30, Sys 0 00:00:00  -  Run Remote Usage
		Usr 0 00:00:00, Sys 0 00:00:00  -  Run Local Usage
		Usr 0 00:00:30, Sys 0 00:00:00  -  Total Remote Usage
		Usr 0 00:00:00, Sys 0 00:00:00  -  Total Local Usage
	586049  -  Run Bytes Sent By Job
	62715  -  Run Bytes Received By Job
	586049  -  Total Bytes Sent By Job
	62715  -  Total Bytes Received By Job
	Partitionable Resources :    Usage  Request          
	   Cpus                 :                 1          
	   Disk (KB)            :      659      659          
	   Memory (MB)          :       13       13          
...
000 (557588.000.000) 08/13 11:57:21 Job submitted from host: <18.12.1.74:48322>
...
001 (557588.000.000) 08/13 12:11:01 Job executing on host: <18.12.9.41:47519>
...
006 (557588.000.000) 08/13 12:11:09 Image size of job updated: 2
	3  -  MemoryUsage of job (MB)
	2356  -  ResidentSetSize of job (KB)
...
006 (557588.000.000) 08/13 12:14:44 Image size of job updated: 230056
	3  -  MemoryUsage of job (MB)
	2356  -  ResidentSetSize of job (KB)
...
005 (557588.000.000) 08/13 12:14:44 Job terminated.
	(1) Normal termination (return value 0)
		Usr 0 00:00:30, Sys 0 00:00:01  -  Run Remote Usage
		Usr 0 00:00:00, Sys 0 00:00:00  -  Run Local Usage
		Usr 0 00:00:30, Sys 0 00:00:01  -  Total Remote Usage
		Usr 0 00:00:00, Sys 0 00:00:00  -  Total Local Usage
	586171  -  Run Bytes Sent By Job
	62715  -  Run Bytes Received By Job
	586171  -  Total Bytes Sent By Job
	62715  -  Total Bytes Received By Job
	Partitionable Resources :    Usage  Request          
	   Cpus                 :                 1          
	   Disk (KB)            :      659      659          
	   Memory (MB)          :        3        3          
...
000 (558104.000.000) 08/13 14:31:04 Job submitted from host: <18.12.1.74:48322>
...
001 (558104.000.000) 08/13 14:42:37 Job executing on host: <18.12.9.50:43066>
...
006 (558104.000.000) 08/13 14:42:46 Image size of job updated: 229924
	93  -  MemoryUsage of job (MB)
	94212  -  ResidentSetSize of job (KB)
...
006 (558104.000.000) 08/13 14:44:35 Image size of job updated: 230056
	93  -  MemoryUsage of job (MB)
	94212  -  ResidentSetSize of job (KB)
...
005 (558104.000.000) 08/13 14:44:35 Job terminated.
	(1) Normal termination (return value 0)
		Usr 0 00:00:27, Sys 0 00:00:00  -  Run Remote Usage
		Usr 0 00:00:00, Sys 0 00:00:00  -  Run Local Usage
		Usr 0 00:00:27, Sys 0 00:00:00  -  Total Remote Usage
		Usr 0 00:00:00, Sys 0 00:00:00  -  Total Local Usage
	586105  -  Run Bytes Sent By Job
	62714  -  Run Bytes Received By Job
	586105  -  Total Bytes Sent By Job
	62714  -  Total Bytes Received By Job
	Partitionable Resources :    Usage  Request          
	   Cpus                 :                 1          
	   Disk (KB)            :      659      659          
	   Memory (MB)          :       93       93          
...
000 (565441.000.000) 08/20 12:36:48 Job submitted from host: <18.12.1.74:48322>
...
001 (565441.000.000) 08/20 12:44:23 Job executing on host: <18.12.8.225:46351>
...
006 (565441.000.000) 08/20 12:44:32 Image size of job updated: 2
	3  -  MemoryUsage of job (MB)
	2344  -  ResidentSetSize of job (KB)
...
006 (565441.000.000) 08/20 12:45:15 Image size of job updated: 230056
	3  -  MemoryUsage of job (MB)
	2344  -  ResidentSetSize of job (KB)
...
005 (565441.000.000) 08/20 12:53:34 Job terminated.
	(1) Normal termination (return value 0)
		Usr 0 00:00:28, Sys 0 00:00:00  -  Run Remote Usage
		Usr 0 00:00:00, Sys 0 00:00:00  -  Run Local Usage
		Usr 0 00:00:28, Sys 0 00:00:00  -  Total Remote Usage
		Usr 0 00:00:00, Sys 0 00:00:00  -  Total Local Usage
	585964  -  Run Bytes Sent By Job
	62731  -  Run Bytes Received By Job
	585964  -  Total Bytes Sent By Job
	62731  -  Total Bytes Received By Job
	Partitionable Resources :    Usage  Request          
	   Cpus                 :                 1          
	   Disk (KB)            :      659      659          
	   Memory (MB)          :        3        3          
...
000 (782934.000.000) 10/02 11:02:39 Job submitted from host: <18.12.1.74:41314>
...
007 (782934.000.000) 10/02 11:12:08 Shadow exception!
	Error from slot6@t2bat0320.cmsaf.mit.edu: Failed to transfer files
	0  -  Run Bytes Sent By Job
	0  -  Run Bytes Received By Job
...
001 (782934.000.000) 10/02 11:12:54 Job executing on host: <18.12.8.217:42555>
...
006 (782934.000.000) 10/02 11:12:56 Image size of job updated: 2
	0  -  MemoryUsage of job (MB)
	0  -  ResidentSetSize of job (KB)
...
005 (782934.000.000) 10/02 11:17:34 Job terminated.
	(1) Normal termination (return value 0)
		Usr 0 00:00:00, Sys 0 00:00:00  -  Run Remote Usage
		Usr 0 00:00:00, Sys 0 00:00:00  -  Run Local Usage
		Usr 0 00:00:00, Sys 0 00:00:00  -  Total Remote Usage
		Usr 0 00:00:00, Sys 0 00:00:00  -  Total Local Usage
	585710  -  Run Bytes Sent By Job
	62733  -  Run Bytes Received By Job
	585710  -  Total Bytes Sent By Job
	62733  -  Total Bytes Received By Job
	Partitionable Resources :    Usage  Request          
	   Cpus                 :                 1          
	   Disk (KB)            :      659      659          
	   Memory (MB)          :        0        0          
...
000 (783115.000.000) 10/02 16:13:17 Job submitted from host: <18.12.1.74:45913>
...
001 (783115.000.000) 10/02 16:14:19 Job executing on host: <18.12.9.17:47811>
...
006 (783115.000.000) 10/02 16:14:23 Image size of job updated: 1196
	0  -  MemoryUsage of job (MB)
	0  -  ResidentSetSize of job (KB)
...
005 (783115.000.000) 10/02 16:14:24 Job terminated.
	(1) Normal termination (return value 0)
		Usr 0 00:00:00, Sys 0 00:00:00  -  Run Remote Usage
		Usr 0 00:00:00, Sys 0 00:00:00  -  Run Local Usage
		Usr 0 00:00:00, Sys 0 00:00:00  -  Total Remote Usage
		Usr 0 00:00:00, Sys 0 00:00:00  -  Total Local Usage
	585410  -  Run Bytes Sent By Job
	62733  -  Run Bytes Received By Job
	585410  -  Total Bytes Sent By Job
	62733  -  Total Bytes Received By Job
	Partitionable Resources :    Usage  Request          
	   Cpus                 :                 1          
	   Disk (KB)            :      658      658          
	   Memory (MB)          :        0        0          
...
000 (783296.000.000) 10/02 16:48:30 Job submitted from host: <18.12.1.74:45913>
...
001 (783296.000.000) 10/02 16:48:55 Job executing on host: <18.12.9.81:48833>
...
006 (783296.000.000) 10/02 16:48:57 Image size of job updated: 2
	0  -  MemoryUsage of job (MB)
	0  -  ResidentSetSize of job (KB)
...
005 (783296.000.000) 10/02 16:48:57 Job terminated.
	(1) Normal termination (return value 0)
		Usr 0 00:00:00, Sys 0 00:00:00  -  Run Remote Usage
		Usr 0 00:00:00, Sys 0 00:00:00  -  Run Local Usage
		Usr 0 00:00:00, Sys 0 00:00:00  -  Total Remote Usage
		Usr 0 00:00:00, Sys 0 00:00:00  -  Total Local Usage
	585692  -  Run Bytes Sent By Job
	62733  -  Run Bytes Received By Job
	585692  -  Total Bytes Sent By Job
	62733  -  Total Bytes Received By Job
	Partitionable Resources :    Usage  Request          
	   Cpus                 :                 1          
	   Disk (KB)            :      658      658          
	   Memory (MB)          :        0        0          
...
000 (783479.000.000) 10/05 09:25:30 Job submitted from host: <18.12.1.74:45913>
...
001 (783479.000.000) 10/05 09:25:44 Job executing on host: <18.12.6.92:42482>
...
006 (783479.000.000) 10/05 09:25:53 Image size of job updated: 143844
	25  -  MemoryUsage of job (MB)
	25176  -  ResidentSetSize of job (KB)
...
005 (783479.000.000) 10/05 09:26:03 Job terminated.
	(1) Normal termination (return value 0)
		Usr 0 00:00:00, Sys 0 00:00:00  -  Run Remote Usage
		Usr 0 00:00:00, Sys 0 00:00:00  -  Run Local Usage
		Usr 0 00:00:00, Sys 0 00:00:00  -  Total Remote Usage
		Usr 0 00:00:00, Sys 0 00:00:00  -  Total Local Usage
	585650  -  Run Bytes Sent By Job
	62732  -  Run Bytes Received By Job
	585650  -  Total Bytes Sent By Job
	62732  -  Total Bytes Received By Job
	Partitionable Resources :    Usage  Request          
	   Cpus                 :                 1          
	   Disk (KB)            :      658      658          
	   Memory (MB)          :       25       25          
...
000 (783660.000.000) 10/05 10:00:16 Job submitted from host: <18.12.1.74:45913>
...
001 (783660.000.000) 10/05 10:00:49 Job executing on host: <18.12.9.38:45694>
...
006 (783660.000.000) 10/05 10:00:58 Image size of job updated: 1196
	1  -  MemoryUsage of job (MB)
	152  -  ResidentSetSize of job (KB)
...
005 (783660.000.000) 10/05 10:01:01 Job terminated.
	(1) Normal termination (return value 0)
		Usr 0 00:00:00, Sys 0 00:00:00  -  Run Remote Usage
		Usr 0 00:00:00, Sys 0 00:00:00  -  Run Local Usage
		Usr 0 00:00:00, Sys 0 00:00:00  -  Total Remote Usage
		Usr 0 00:00:00, Sys 0 00:00:00  -  Total Local Usage
	586032  -  Run Bytes Sent By Job
	62731  -  Run Bytes Received By Job
	586032  -  Total Bytes Sent By Job
	62731  -  Total Bytes Received By Job
	Partitionable Resources :    Usage  Request          
	   Cpus                 :                 1          
	   Disk (KB)            :      659      659          
	   Memory (MB)          :        1        1          
...
000 (783842.000.000) 10/05 12:25:02 Job submitted from host: <18.12.1.74:45913>
...
001 (783842.000.000) 10/05 12:25:14 Job executing on host: <18.12.9.41:45840>
...
006 (783842.000.000) 10/05 12:25:28 Image size of job updated: 1196
	1  -  MemoryUsage of job (MB)
	152  -  ResidentSetSize of job (KB)
...
005 (783842.000.000) 10/05 12:25:35 Job terminated.
	(1) Normal termination (return value 0)
		Usr 0 00:00:00, Sys 0 00:00:00  -  Run Remote Usage
		Usr 0 00:00:00, Sys 0 00:00:00  -  Run Local Usage
		Usr 0 00:00:00, Sys 0 00:00:00  -  Total Remote Usage
		Usr 0 00:00:00, Sys 0 00:00:00  -  Total Local Usage
	586119  -  Run Bytes Sent By Job
	62732  -  Run Bytes Received By Job
	586119  -  Total Bytes Sent By Job
	62732  -  Total Bytes Received By Job
	Partitionable Resources :    Usage  Request          
	   Cpus                 :                 1          
	   Disk (KB)            :      659      659          
	   Memory (MB)          :        1        1          
...
000 (784023.000.000) 10/05 12:28:36 Job submitted from host: <18.12.1.74:45913>
...
001 (784023.000.000) 10/05 12:28:48 Job executing on host: <18.12.9.65:49271>
...
006 (784023.000.000) 10/05 12:28:56 Image size of job updated: 224892
	79  -  MemoryUsage of job (MB)
	79992  -  ResidentSetSize of job (KB)
...
006 (784023.000.000) 10/05 12:29:31 Image size of job updated: 230056
	79  -  MemoryUsage of job (MB)
	79992  -  ResidentSetSize of job (KB)
...
005 (784023.000.000) 10/05 12:29:31 Job terminated.
	(1) Normal termination (return value 0)
		Usr 0 00:00:20, Sys 0 00:00:00  -  Run Remote Usage
		Usr 0 00:00:00, Sys 0 00:00:00  -  Run Local Usage
		Usr 0 00:00:20, Sys 0 00:00:00  -  Total Remote Usage
		Usr 0 00:00:00, Sys 0 00:00:00  -  Total Local Usage
	586756  -  Run Bytes Sent By Job
	62733  -  Run Bytes Received By Job
	586756  -  Total Bytes Sent By Job
	62733  -  Total Bytes Received By Job
	Partitionable Resources :    Usage  Request          
	   Cpus                 :                 1          
	   Disk (KB)            :      659      659          
	   Memory (MB)          :       79       79          
...
000 (786092.000.000) 10/05 14:34:36 Job submitted from host: <18.12.1.74:45913>
...
001 (786092.000.000) 10/05 14:35:15 Job executing on host: <18.12.9.14:48395>
...
006 (786092.000.000) 10/05 14:35:24 Image size of job updated: 2
	3  -  MemoryUsage of job (MB)
	2336  -  ResidentSetSize of job (KB)
...
006 (786092.000.000) 10/05 14:36:09 Image size of job updated: 230056
	3  -  MemoryUsage of job (MB)
	2336  -  ResidentSetSize of job (KB)
...
005 (786092.000.000) 10/05 14:36:10 Job terminated.
	(1) Normal termination (return value 0)
		Usr 0 00:00:26, Sys 0 00:00:00  -  Run Remote Usage
		Usr 0 00:00:00, Sys 0 00:00:00  -  Run Local Usage
		Usr 0 00:00:26, Sys 0 00:00:00  -  Total Remote Usage
		Usr 0 00:00:00, Sys 0 00:00:00  -  Total Local Usage
	586328  -  Run Bytes Sent By Job
	62729  -  Run Bytes Received By Job
	586328  -  Total Bytes Sent By Job
	62729  -  Total Bytes Received By Job
	Partitionable Resources :    Usage  Request          
	   Cpus                 :                 1          
	   Disk (KB)            :      659      659          
	   Memory (MB)          :        3        3          
...
000 (787931.000.000) 10/08 16:09:30 Job submitted from host: <18.12.1.74:45913>
...
001 (787931.000.000) 10/08 16:19:03 Job executing on host: <18.12.8.82:43650>
...
006 (787931.000.000) 10/08 16:19:12 Image size of job updated: 2
	3  -  MemoryUsage of job (MB)
	2340  -  ResidentSetSize of job (KB)
...
006 (787931.000.000) 10/08 16:19:58 Image size of job updated: 230036
	3  -  MemoryUsage of job (MB)
	2340  -  ResidentSetSize of job (KB)
...
005 (787931.000.000) 10/08 16:19:59 Job terminated.
	(1) Normal termination (return value 0)
		Usr 0 00:00:24, Sys 0 00:00:00  -  Run Remote Usage
		Usr 0 00:00:00, Sys 0 00:00:00  -  Run Local Usage
		Usr 0 00:00:24, Sys 0 00:00:00  -  Total Remote Usage
		Usr 0 00:00:00, Sys 0 00:00:00  -  Total Local Usage
	584993  -  Run Bytes Sent By Job
	62697  -  Run Bytes Received By Job
	584993  -  Total Bytes Sent By Job
	62697  -  Total Bytes Received By Job
	Partitionable Resources :    Usage  Request          
	   Cpus                 :                 1          
	   Disk (KB)            :      658      658          
	   Memory (MB)          :        3        3          
...
000 (788294.000.000) 10/09 10:00:25 Job submitted from host: <18.12.1.74:45913>
...
001 (788294.000.000) 10/09 10:09:52 Job executing on host: <18.12.6.45:48541>
...
006 (788294.000.000) 10/09 10:10:01 Image size of job updated: 229908
	95  -  MemoryUsage of job (MB)
	96372  -  ResidentSetSize of job (KB)
...
006 (788294.000.000) 10/09 10:10:57 Image size of job updated: 230040
	95  -  MemoryUsage of job (MB)
	96372  -  ResidentSetSize of job (KB)
...
005 (788294.000.000) 10/09 10:10:58 Job terminated.
	(1) Normal termination (return value 0)
		Usr 0 00:00:36, Sys 0 00:00:00  -  Run Remote Usage
		Usr 0 00:00:00, Sys 0 00:00:00  -  Run Local Usage
		Usr 0 00:00:36, Sys 0 00:00:00  -  Total Remote Usage
		Usr 0 00:00:00, Sys 0 00:00:00  -  Total Local Usage
	585063  -  Run Bytes Sent By Job
	62694  -  Run Bytes Received By Job
	585063  -  Total Bytes Sent By Job
	62694  -  Total Bytes Received By Job
	Partitionable Resources :    Usage  Request          
	   Cpus                 :                 1          
	   Disk (KB)            :      658      658          
	   Memory (MB)          :       95       95          
...
000 (788841.000.000) 10/12 11:22:04 Job submitted from host: <18.12.1.74:45913>
...
001 (788841.000.000) 10/12 11:35:34 Job executing on host: <18.12.8.55:48030>
...
006 (788841.000.000) 10/12 11:35:42 Image size of job updated: 229908
	92  -  MemoryUsage of job (MB)
	94160  -  ResidentSetSize of job (KB)
...
006 (788841.000.000) 10/12 11:36:44 Image size of job updated: 230040
	92  -  MemoryUsage of job (MB)
	94160  -  ResidentSetSize of job (KB)
...
005 (788841.000.000) 10/12 11:36:44 Job terminated.
	(1) Normal termination (return value 0)
		Usr 0 00:00:45, Sys 0 00:00:01  -  Run Remote Usage
		Usr 0 00:00:00, Sys 0 00:00:00  -  Run Local Usage
		Usr 0 00:00:45, Sys 0 00:00:01  -  Total Remote Usage
		Usr 0 00:00:00, Sys 0 00:00:00  -  Total Local Usage
	585214  -  Run Bytes Sent By Job
	62702  -  Run Bytes Received By Job
	585214  -  Total Bytes Sent By Job
	62702  -  Total Bytes Received By Job
	Partitionable Resources :    Usage  Request          
	   Cpus                 :                 1          
	   Disk (KB)            :      658      658          
	   Memory (MB)          :       92       92          
...
