000 (556164.000.000) 08/12 11:33:51 Job submitted from host: <18.12.1.74:48322>
...
001 (556164.000.000) 08/12 12:04:49 Job executing on host: <18.12.8.181:40584>
...
006 (556164.000.000) 08/12 12:04:57 Image size of job updated: 2
	3  -  MemoryUsage of job (MB)
	2348  -  ResidentSetSize of job (KB)
...
006 (556164.000.000) 08/12 12:07:27 Image size of job updated: 230332
	3  -  MemoryUsage of job (MB)
	2348  -  ResidentSetSize of job (KB)
...
005 (556164.000.000) 08/12 12:07:27 Job terminated.
	(1) Normal termination (return value 0)
		Usr 0 00:01:03, Sys 0 00:00:01  -  Run Remote Usage
		Usr 0 00:00:00, Sys 0 00:00:00  -  Run Local Usage
		Usr 0 00:01:03, Sys 0 00:00:01  -  Total Remote Usage
		Usr 0 00:00:00, Sys 0 00:00:00  -  Total Local Usage
	586196  -  Run Bytes Sent By Job
	62715  -  Run Bytes Received By Job
	586196  -  Total Bytes Sent By Job
	62715  -  Total Bytes Received By Job
	Partitionable Resources :    Usage  Request          
	   Cpus                 :                 1          
	   Disk (KB)            :      659      659          
	   Memory (MB)          :        3        3          
...
000 (566533.000.000) 08/20 21:10:22 Job submitted from host: <18.12.1.74:48322>
...
001 (566533.000.000) 08/20 21:10:37 Job executing on host: <18.12.12.67:49709>
...
006 (566533.000.000) 08/20 21:10:46 Image size of job updated: 2
	3  -  MemoryUsage of job (MB)
	2352  -  ResidentSetSize of job (KB)
...
006 (566533.000.000) 08/20 21:12:44 Image size of job updated: 230332
	3  -  MemoryUsage of job (MB)
	2352  -  ResidentSetSize of job (KB)
...
005 (566533.000.000) 08/20 21:19:23 Job terminated.
	(1) Normal termination (return value 0)
		Usr 0 00:01:31, Sys 0 00:00:01  -  Run Remote Usage
		Usr 0 00:00:00, Sys 0 00:00:00  -  Run Local Usage
		Usr 0 00:01:31, Sys 0 00:00:01  -  Total Remote Usage
		Usr 0 00:00:00, Sys 0 00:00:00  -  Total Local Usage
	586107  -  Run Bytes Sent By Job
	62731  -  Run Bytes Received By Job
	586107  -  Total Bytes Sent By Job
	62731  -  Total Bytes Received By Job
	Partitionable Resources :    Usage  Request          
	   Cpus                 :                 1          
	   Disk (KB)            :      659      659          
	   Memory (MB)          :        3        3          
...
000 (782538.000.000) 10/01 13:04:39 Job submitted from host: <18.12.1.74:47665>
...
001 (782538.000.000) 10/01 13:16:59 Job executing on host: <18.12.8.147:46570>
...
006 (782538.000.000) 10/01 13:17:07 Image size of job updated: 2
	3  -  MemoryUsage of job (MB)
	2340  -  ResidentSetSize of job (KB)
...
006 (782538.000.000) 10/01 13:22:07 Image size of job updated: 230332
	111  -  MemoryUsage of job (MB)
	113548  -  ResidentSetSize of job (KB)
...
005 (782538.000.000) 10/01 13:24:09 Job terminated.
	(1) Normal termination (return value 0)
		Usr 0 00:01:02, Sys 0 00:00:01  -  Run Remote Usage
		Usr 0 00:00:00, Sys 0 00:00:00  -  Run Local Usage
		Usr 0 00:01:02, Sys 0 00:00:01  -  Total Remote Usage
		Usr 0 00:00:00, Sys 0 00:00:00  -  Total Local Usage
	586251  -  Run Bytes Sent By Job
	62730  -  Run Bytes Received By Job
	586251  -  Total Bytes Sent By Job
	62730  -  Total Bytes Received By Job
	Partitionable Resources :    Usage  Request          
	   Cpus                 :                 1          
	   Disk (KB)            :      659      659          
	   Memory (MB)          :      111      111          
...
000 (782719.000.000) 10/01 14:32:33 Job submitted from host: <18.12.1.74:47665>
...
001 (782719.000.000) 10/01 14:34:16 Job executing on host: <18.12.8.188:41533>
...
006 (782719.000.000) 10/01 14:34:26 Image size of job updated: 2
	3  -  MemoryUsage of job (MB)
	2340  -  ResidentSetSize of job (KB)
...
006 (782719.000.000) 10/01 14:38:44 Image size of job updated: 235544
	3  -  MemoryUsage of job (MB)
	2340  -  ResidentSetSize of job (KB)
...
005 (782719.000.000) 10/01 14:42:14 Job terminated.
	(1) Normal termination (return value 0)
		Usr 0 00:00:44, Sys 0 00:00:01  -  Run Remote Usage
		Usr 0 00:00:00, Sys 0 00:00:00  -  Run Local Usage
		Usr 0 00:00:44, Sys 0 00:00:01  -  Total Remote Usage
		Usr 0 00:00:00, Sys 0 00:00:00  -  Total Local Usage
	3518410  -  Run Bytes Sent By Job
	62736  -  Run Bytes Received By Job
	3518410  -  Total Bytes Sent By Job
	62736  -  Total Bytes Received By Job
	Partitionable Resources :    Usage  Request          
	   Cpus                 :                 1          
	   Disk (KB)            :     3522     3522          
	   Memory (MB)          :        3        3          
...
000 (788260.000.000) 10/09 09:23:50 Job submitted from host: <18.12.1.74:45913>
...
001 (788260.000.000) 10/09 09:24:20 Job executing on host: <18.12.8.249:44234>
...
006 (788260.000.000) 10/09 09:24:28 Image size of job updated: 2
	3  -  MemoryUsage of job (MB)
	2360  -  ResidentSetSize of job (KB)
...
006 (788260.000.000) 10/09 09:26:33 Image size of job updated: 230316
	3  -  MemoryUsage of job (MB)
	2360  -  ResidentSetSize of job (KB)
...
005 (788260.000.000) 10/09 09:26:34 Job terminated.
	(1) Normal termination (return value 0)
		Usr 0 00:01:12, Sys 0 00:00:01  -  Run Remote Usage
		Usr 0 00:00:00, Sys 0 00:00:00  -  Run Local Usage
		Usr 0 00:01:12, Sys 0 00:00:01  -  Total Remote Usage
		Usr 0 00:00:00, Sys 0 00:00:00  -  Total Local Usage
	585343  -  Run Bytes Sent By Job
	62698  -  Run Bytes Received By Job
	585343  -  Total Bytes Sent By Job
	62698  -  Total Bytes Received By Job
	Partitionable Resources :    Usage  Request          
	   Cpus                 :                 1          
	   Disk (KB)            :      658      658          
	   Memory (MB)          :        3        3          
...
000 (788625.000.000) 10/12 09:48:10 Job submitted from host: <18.12.1.74:45913>
...
001 (788625.000.000) 10/12 10:00:41 Job executing on host: <18.12.9.49:46643>
...
006 (788625.000.000) 10/12 10:00:50 Image size of job updated: 193784
	82  -  MemoryUsage of job (MB)
	82976  -  ResidentSetSize of job (KB)
...
006 (788625.000.000) 10/12 10:02:15 Image size of job updated: 230312
	82  -  MemoryUsage of job (MB)
	82976  -  ResidentSetSize of job (KB)
...
005 (788625.000.000) 10/12 10:02:15 Job terminated.
	(1) Normal termination (return value 0)
		Usr 0 00:01:08, Sys 0 00:00:00  -  Run Remote Usage
		Usr 0 00:00:00, Sys 0 00:00:00  -  Run Local Usage
		Usr 0 00:01:08, Sys 0 00:00:00  -  Total Remote Usage
		Usr 0 00:00:00, Sys 0 00:00:00  -  Total Local Usage
	585240  -  Run Bytes Sent By Job
	62703  -  Run Bytes Received By Job
	585240  -  Total Bytes Sent By Job
	62703  -  Total Bytes Received By Job
	Partitionable Resources :    Usage  Request          
	   Cpus                 :                 1          
	   Disk (KB)            :      658      658          
	   Memory (MB)          :       82       82          
...
