000 (556345.000.000) 08/12 14:10:47 Job submitted from host: <18.12.1.74:48322>
...
001 (556345.000.000) 08/12 14:25:19 Job executing on host: <18.12.12.17:42409>
...
006 (556345.000.000) 08/12 14:25:28 Image size of job updated: 230000
	93  -  MemoryUsage of job (MB)
	94272  -  ResidentSetSize of job (KB)
...
005 (556345.000.000) 08/12 14:30:00 Job terminated.
	(1) Normal termination (return value 0)
		Usr 0 00:00:36, Sys 0 00:00:01  -  Run Remote Usage
		Usr 0 00:00:00, Sys 0 00:00:00  -  Run Local Usage
		Usr 0 00:00:36, Sys 0 00:00:01  -  Total Remote Usage
		Usr 0 00:00:00, Sys 0 00:00:00  -  Total Local Usage
	586064  -  Run Bytes Sent By Job
	62715  -  Run Bytes Received By Job
	586064  -  Total Bytes Sent By Job
	62715  -  Total Bytes Received By Job
	Partitionable Resources :    Usage  Request          
	   Cpus                 :                 1          
	   Disk (KB)            :      659      659          
	   Memory (MB)          :       93       93          
...
000 (557605.000.000) 08/13 11:57:22 Job submitted from host: <18.12.1.74:48322>
...
001 (557605.000.000) 08/13 12:15:13 Job executing on host: <18.12.9.80:43650>
...
006 (557605.000.000) 08/13 12:15:22 Image size of job updated: 2
	3  -  MemoryUsage of job (MB)
	2348  -  ResidentSetSize of job (KB)
...
006 (557605.000.000) 08/13 12:16:30 Image size of job updated: 230004
	3  -  MemoryUsage of job (MB)
	2348  -  ResidentSetSize of job (KB)
...
005 (557605.000.000) 08/13 12:16:30 Job terminated.
	(1) Normal termination (return value 0)
		Usr 0 00:00:31, Sys 0 00:00:00  -  Run Remote Usage
		Usr 0 00:00:00, Sys 0 00:00:00  -  Run Local Usage
		Usr 0 00:00:31, Sys 0 00:00:00  -  Total Remote Usage
		Usr 0 00:00:00, Sys 0 00:00:00  -  Total Local Usage
	585905  -  Run Bytes Sent By Job
	62715  -  Run Bytes Received By Job
	585905  -  Total Bytes Sent By Job
	62715  -  Total Bytes Received By Job
	Partitionable Resources :    Usage  Request          
	   Cpus                 :                 1          
	   Disk (KB)            :      659      659          
	   Memory (MB)          :        3        3          
...
000 (558121.000.000) 08/13 14:31:06 Job submitted from host: <18.12.1.74:48322>
...
001 (558121.000.000) 08/13 14:49:35 Job executing on host: <18.12.9.43:40073>
...
006 (558121.000.000) 08/13 14:49:43 Image size of job updated: 94064
	3  -  MemoryUsage of job (MB)
	2436  -  ResidentSetSize of job (KB)
...
006 (558121.000.000) 08/13 14:54:24 Image size of job updated: 230476
	3  -  MemoryUsage of job (MB)
	2436  -  ResidentSetSize of job (KB)
...
005 (558121.000.000) 08/13 14:54:24 Job terminated.
	(1) Normal termination (return value 0)
		Usr 0 00:00:35, Sys 0 00:00:01  -  Run Remote Usage
		Usr 0 00:00:00, Sys 0 00:00:00  -  Run Local Usage
		Usr 0 00:00:35, Sys 0 00:00:01  -  Total Remote Usage
		Usr 0 00:00:00, Sys 0 00:00:00  -  Total Local Usage
	586397  -  Run Bytes Sent By Job
	62714  -  Run Bytes Received By Job
	586397  -  Total Bytes Sent By Job
	62714  -  Total Bytes Received By Job
	Partitionable Resources :    Usage  Request          
	   Cpus                 :                 1          
	   Disk (KB)            :      659      659          
	   Memory (MB)          :        3        3          
...
000 (565458.000.000) 08/20 12:40:07 Job submitted from host: <18.12.1.74:48322>
...
001 (565458.000.000) 08/20 12:45:21 Job executing on host: <18.12.8.232:41095>
...
006 (565458.000.000) 08/20 12:45:30 Image size of job updated: 144868
	28  -  MemoryUsage of job (MB)
	28408  -  ResidentSetSize of job (KB)
...
006 (565458.000.000) 08/20 12:49:02 Image size of job updated: 230000
	28  -  MemoryUsage of job (MB)
	28408  -  ResidentSetSize of job (KB)
...
005 (565458.000.000) 08/20 12:57:20 Job terminated.
	(1) Normal termination (return value 0)
		Usr 0 00:00:35, Sys 0 00:00:00  -  Run Remote Usage
		Usr 0 00:00:00, Sys 0 00:00:00  -  Run Local Usage
		Usr 0 00:00:35, Sys 0 00:00:00  -  Total Remote Usage
		Usr 0 00:00:00, Sys 0 00:00:00  -  Total Local Usage
	585975  -  Run Bytes Sent By Job
	62731  -  Run Bytes Received By Job
	585975  -  Total Bytes Sent By Job
	62731  -  Total Bytes Received By Job
	Partitionable Resources :    Usage  Request          
	   Cpus                 :                 1          
	   Disk (KB)            :      659      659          
	   Memory (MB)          :       28       28          
...
000 (782951.000.000) 10/02 11:03:40 Job submitted from host: <18.12.1.74:41314>
...
001 (782951.000.000) 10/02 11:11:45 Job executing on host: <18.12.8.215:48468>
...
006 (782951.000.000) 10/02 11:11:48 Image size of job updated: 2
	0  -  MemoryUsage of job (MB)
	0  -  ResidentSetSize of job (KB)
...
005 (782951.000.000) 10/02 11:15:43 Job terminated.
	(1) Normal termination (return value 0)
		Usr 0 00:00:00, Sys 0 00:00:00  -  Run Remote Usage
		Usr 0 00:00:00, Sys 0 00:00:00  -  Run Local Usage
		Usr 0 00:00:00, Sys 0 00:00:00  -  Total Remote Usage
		Usr 0 00:00:00, Sys 0 00:00:00  -  Total Local Usage
	585416  -  Run Bytes Sent By Job
	62733  -  Run Bytes Received By Job
	585416  -  Total Bytes Sent By Job
	62733  -  Total Bytes Received By Job
	Partitionable Resources :    Usage  Request          
	   Cpus                 :                 1          
	   Disk (KB)            :      658      658          
	   Memory (MB)          :        0        0          
...
000 (783132.000.000) 10/02 16:13:19 Job submitted from host: <18.12.1.74:45913>
...
001 (783132.000.000) 10/02 16:14:03 Job executing on host: <18.12.9.21:46351>
...
006 (783132.000.000) 10/02 16:14:07 Image size of job updated: 2
	0  -  MemoryUsage of job (MB)
	0  -  ResidentSetSize of job (KB)
...
005 (783132.000.000) 10/02 16:14:07 Job terminated.
	(1) Normal termination (return value 0)
		Usr 0 00:00:00, Sys 0 00:00:00  -  Run Remote Usage
		Usr 0 00:00:00, Sys 0 00:00:00  -  Run Local Usage
		Usr 0 00:00:00, Sys 0 00:00:00  -  Total Remote Usage
		Usr 0 00:00:00, Sys 0 00:00:00  -  Total Local Usage
	585554  -  Run Bytes Sent By Job
	62733  -  Run Bytes Received By Job
	585554  -  Total Bytes Sent By Job
	62733  -  Total Bytes Received By Job
	Partitionable Resources :    Usage  Request          
	   Cpus                 :                 1          
	   Disk (KB)            :      658      658          
	   Memory (MB)          :        0        0          
...
000 (783313.000.000) 10/02 16:48:32 Job submitted from host: <18.12.1.74:45913>
...
001 (783313.000.000) 10/02 16:48:57 Job executing on host: <18.12.8.226:42555>
...
006 (783313.000.000) 10/02 16:48:57 Image size of job updated: 2
	0  -  MemoryUsage of job (MB)
	0  -  ResidentSetSize of job (KB)
...
005 (783313.000.000) 10/02 16:48:58 Job terminated.
	(1) Normal termination (return value 0)
		Usr 0 00:00:00, Sys 0 00:00:00  -  Run Remote Usage
		Usr 0 00:00:00, Sys 0 00:00:00  -  Run Local Usage
		Usr 0 00:00:00, Sys 0 00:00:00  -  Total Remote Usage
		Usr 0 00:00:00, Sys 0 00:00:00  -  Total Local Usage
	585780  -  Run Bytes Sent By Job
	62733  -  Run Bytes Received By Job
	585780  -  Total Bytes Sent By Job
	62733  -  Total Bytes Received By Job
	Partitionable Resources :    Usage  Request          
	   Cpus                 :                 1          
	   Disk (KB)            :      658      658          
	   Memory (MB)          :        0        0          
...
000 (783496.000.000) 10/05 09:25:32 Job submitted from host: <18.12.1.74:45913>
...
001 (783496.000.000) 10/05 09:25:47 Job executing on host: <18.12.6.83:41898>
...
006 (783496.000.000) 10/05 09:25:56 Image size of job updated: 13384
	2  -  MemoryUsage of job (MB)
	1984  -  ResidentSetSize of job (KB)
...
005 (783496.000.000) 10/05 09:26:04 Job terminated.
	(1) Normal termination (return value 0)
		Usr 0 00:00:00, Sys 0 00:00:00  -  Run Remote Usage
		Usr 0 00:00:00, Sys 0 00:00:00  -  Run Local Usage
		Usr 0 00:00:00, Sys 0 00:00:00  -  Total Remote Usage
		Usr 0 00:00:00, Sys 0 00:00:00  -  Total Local Usage
	585650  -  Run Bytes Sent By Job
	62732  -  Run Bytes Received By Job
	585650  -  Total Bytes Sent By Job
	62732  -  Total Bytes Received By Job
	Partitionable Resources :    Usage  Request          
	   Cpus                 :                 1          
	   Disk (KB)            :      658      658          
	   Memory (MB)          :        2        2          
...
000 (783677.000.000) 10/05 10:00:18 Job submitted from host: <18.12.1.74:45913>
...
001 (783677.000.000) 10/05 10:00:49 Job executing on host: <18.12.8.108:40876>
...
006 (783677.000.000) 10/05 10:01:00 Image size of job updated: 1196
	0  -  MemoryUsage of job (MB)
	0  -  ResidentSetSize of job (KB)
...
005 (783677.000.000) 10/05 10:01:00 Job terminated.
	(1) Normal termination (return value 0)
		Usr 0 00:00:00, Sys 0 00:00:00  -  Run Remote Usage
		Usr 0 00:00:00, Sys 0 00:00:00  -  Run Local Usage
		Usr 0 00:00:00, Sys 0 00:00:00  -  Total Remote Usage
		Usr 0 00:00:00, Sys 0 00:00:00  -  Total Local Usage
	585493  -  Run Bytes Sent By Job
	62731  -  Run Bytes Received By Job
	585493  -  Total Bytes Sent By Job
	62731  -  Total Bytes Received By Job
	Partitionable Resources :    Usage  Request          
	   Cpus                 :                 1          
	   Disk (KB)            :      658      658          
	   Memory (MB)          :        0        0          
...
000 (783859.000.000) 10/05 12:25:03 Job submitted from host: <18.12.1.74:45913>
...
001 (783859.000.000) 10/05 12:25:18 Job executing on host: <18.12.9.61:49052>
...
006 (783859.000.000) 10/05 12:25:26 Image size of job updated: 1196
	0  -  MemoryUsage of job (MB)
	0  -  ResidentSetSize of job (KB)
...
005 (783859.000.000) 10/05 12:25:30 Job terminated.
	(1) Normal termination (return value 0)
		Usr 0 00:00:00, Sys 0 00:00:00  -  Run Remote Usage
		Usr 0 00:00:00, Sys 0 00:00:00  -  Run Local Usage
		Usr 0 00:00:00, Sys 0 00:00:00  -  Total Remote Usage
		Usr 0 00:00:00, Sys 0 00:00:00  -  Total Local Usage
	585808  -  Run Bytes Sent By Job
	62732  -  Run Bytes Received By Job
	585808  -  Total Bytes Sent By Job
	62732  -  Total Bytes Received By Job
	Partitionable Resources :    Usage  Request          
	   Cpus                 :                 1          
	   Disk (KB)            :      658      658          
	   Memory (MB)          :        0        0          
...
000 (784040.000.000) 10/05 12:28:38 Job submitted from host: <18.12.1.74:45913>
...
001 (784040.000.000) 10/05 12:28:51 Job executing on host: <18.12.9.69:42336>
...
006 (784040.000.000) 10/05 12:28:59 Image size of job updated: 230000
	93  -  MemoryUsage of job (MB)
	94972  -  ResidentSetSize of job (KB)
...
005 (784040.000.000) 10/05 12:29:32 Job terminated.
	(1) Normal termination (return value 0)
		Usr 0 00:00:25, Sys 0 00:00:00  -  Run Remote Usage
		Usr 0 00:00:00, Sys 0 00:00:00  -  Run Local Usage
		Usr 0 00:00:25, Sys 0 00:00:00  -  Total Remote Usage
		Usr 0 00:00:00, Sys 0 00:00:00  -  Total Local Usage
	586768  -  Run Bytes Sent By Job
	62733  -  Run Bytes Received By Job
	586768  -  Total Bytes Sent By Job
	62733  -  Total Bytes Received By Job
	Partitionable Resources :    Usage  Request          
	   Cpus                 :                 1          
	   Disk (KB)            :      659      659          
	   Memory (MB)          :       93       93          
...
000 (786109.000.000) 10/05 14:34:38 Job submitted from host: <18.12.1.74:45913>
...
001 (786109.000.000) 10/05 14:35:50 Job executing on host: <18.12.8.27:47592>
...
006 (786109.000.000) 10/05 14:35:59 Image size of job updated: 13384
	2  -  MemoryUsage of job (MB)
	1968  -  ResidentSetSize of job (KB)
...
006 (786109.000.000) 10/05 14:37:11 Image size of job updated: 230004
	2  -  MemoryUsage of job (MB)
	1968  -  ResidentSetSize of job (KB)
...
005 (786109.000.000) 10/05 14:37:11 Job terminated.
	(1) Normal termination (return value 0)
		Usr 0 00:00:44, Sys 0 00:00:01  -  Run Remote Usage
		Usr 0 00:00:00, Sys 0 00:00:00  -  Run Local Usage
		Usr 0 00:00:44, Sys 0 00:00:01  -  Total Remote Usage
		Usr 0 00:00:00, Sys 0 00:00:00  -  Total Local Usage
	586102  -  Run Bytes Sent By Job
	62729  -  Run Bytes Received By Job
	586102  -  Total Bytes Sent By Job
	62729  -  Total Bytes Received By Job
	Partitionable Resources :    Usage  Request          
	   Cpus                 :                 1          
	   Disk (KB)            :      659      659          
	   Memory (MB)          :        2        2          
...
000 (787948.000.000) 10/08 16:09:38 Job submitted from host: <18.12.1.74:45913>
...
001 (787948.000.000) 10/08 16:12:55 Job executing on host: <18.12.9.82:43869>
...
006 (787948.000.000) 10/08 16:13:04 Image size of job updated: 229984
	86  -  MemoryUsage of job (MB)
	87856  -  ResidentSetSize of job (KB)
...
005 (787948.000.000) 10/08 16:13:49 Job terminated.
	(1) Normal termination (return value 0)
		Usr 0 00:00:22, Sys 0 00:00:00  -  Run Remote Usage
		Usr 0 00:00:00, Sys 0 00:00:00  -  Run Local Usage
		Usr 0 00:00:22, Sys 0 00:00:00  -  Total Remote Usage
		Usr 0 00:00:00, Sys 0 00:00:00  -  Total Local Usage
	585132  -  Run Bytes Sent By Job
	62697  -  Run Bytes Received By Job
	585132  -  Total Bytes Sent By Job
	62697  -  Total Bytes Received By Job
	Partitionable Resources :    Usage  Request          
	   Cpus                 :                 1          
	   Disk (KB)            :      658      658          
	   Memory (MB)          :       86       86          
...
000 (788311.000.000) 10/09 10:00:27 Job submitted from host: <18.12.1.74:45913>
...
001 (788311.000.000) 10/09 10:02:49 Job executing on host: <18.12.12.3:48541>
...
006 (788311.000.000) 10/09 10:02:57 Image size of job updated: 2
	3  -  MemoryUsage of job (MB)
	2344  -  ResidentSetSize of job (KB)
...
006 (788311.000.000) 10/09 10:05:12 Image size of job updated: 229980
	3  -  MemoryUsage of job (MB)
	2344  -  ResidentSetSize of job (KB)
...
005 (788311.000.000) 10/09 10:05:12 Job terminated.
	(1) Normal termination (return value 0)
		Usr 0 00:00:40, Sys 0 00:00:00  -  Run Remote Usage
		Usr 0 00:00:00, Sys 0 00:00:00  -  Run Local Usage
		Usr 0 00:00:40, Sys 0 00:00:00  -  Total Remote Usage
		Usr 0 00:00:00, Sys 0 00:00:00  -  Total Local Usage
	585075  -  Run Bytes Sent By Job
	62694  -  Run Bytes Received By Job
	585075  -  Total Bytes Sent By Job
	62694  -  Total Bytes Received By Job
	Partitionable Resources :    Usage  Request          
	   Cpus                 :                 1          
	   Disk (KB)            :      658      658          
	   Memory (MB)          :        3        3          
...
000 (788858.000.000) 10/12 11:22:06 Job submitted from host: <18.12.1.74:45913>
...
001 (788858.000.000) 10/12 11:25:16 Job executing on host: <18.12.6.85:41679>
...
006 (788858.000.000) 10/12 11:25:25 Image size of job updated: 193812
	78  -  MemoryUsage of job (MB)
	79536  -  ResidentSetSize of job (KB)
...
006 (788858.000.000) 10/12 11:26:31 Image size of job updated: 230012
	78  -  MemoryUsage of job (MB)
	79536  -  ResidentSetSize of job (KB)
...
005 (788858.000.000) 10/12 11:26:31 Job terminated.
	(1) Normal termination (return value 0)
		Usr 0 00:00:36, Sys 0 00:00:00  -  Run Remote Usage
		Usr 0 00:00:00, Sys 0 00:00:00  -  Run Local Usage
		Usr 0 00:00:36, Sys 0 00:00:00  -  Total Remote Usage
		Usr 0 00:00:00, Sys 0 00:00:00  -  Total Local Usage
	585271  -  Run Bytes Sent By Job
	62702  -  Run Bytes Received By Job
	585271  -  Total Bytes Sent By Job
	62702  -  Total Bytes Received By Job
	Partitionable Resources :    Usage  Request          
	   Cpus                 :                 1          
	   Disk (KB)            :      658      658          
	   Memory (MB)          :       78       78          
...
