000 (554182.000.000) 08/11 09:09:00 Job submitted from host: <18.12.1.74:48322>
...
001 (554182.000.000) 08/11 09:09:09 Job executing on host: <18.12.6.20:48468>
...
006 (554182.000.000) 08/11 09:09:18 Image size of job updated: 2
	2  -  MemoryUsage of job (MB)
	1724  -  ResidentSetSize of job (KB)
...
006 (554182.000.000) 08/11 09:10:40 Image size of job updated: 230184
	2  -  MemoryUsage of job (MB)
	1724  -  ResidentSetSize of job (KB)
...
005 (554182.000.000) 08/11 09:10:40 Job terminated.
	(1) Normal termination (return value 0)
		Usr 0 00:00:53, Sys 0 00:00:00  -  Run Remote Usage
		Usr 0 00:00:00, Sys 0 00:00:00  -  Run Local Usage
		Usr 0 00:00:53, Sys 0 00:00:00  -  Total Remote Usage
		Usr 0 00:00:00, Sys 0 00:00:00  -  Total Local Usage
	585935  -  Run Bytes Sent By Job
	62717  -  Run Bytes Received By Job
	585935  -  Total Bytes Sent By Job
	62717  -  Total Bytes Received By Job
	Partitionable Resources :    Usage  Request          
	   Cpus                 :                 1          
	   Disk (KB)            :      658      658          
	   Memory (MB)          :        2        2          
...
000 (557897.000.000) 08/13 13:34:13 Job submitted from host: <18.12.1.74:48322>
...
001 (557897.000.000) 08/13 13:36:53 Job executing on host: <18.12.6.31:42701>
...
006 (557897.000.000) 08/13 13:37:02 Image size of job updated: 2
	3  -  MemoryUsage of job (MB)
	2352  -  ResidentSetSize of job (KB)
...
006 (557897.000.000) 08/13 13:40:06 Image size of job updated: 238304
	3  -  MemoryUsage of job (MB)
	2352  -  ResidentSetSize of job (KB)
...
005 (557897.000.000) 08/13 13:40:07 Job terminated.
	(1) Normal termination (return value 0)
		Usr 0 00:00:58, Sys 0 00:00:01  -  Run Remote Usage
		Usr 0 00:00:00, Sys 0 00:00:00  -  Run Local Usage
		Usr 0 00:00:58, Sys 0 00:00:01  -  Total Remote Usage
		Usr 0 00:00:00, Sys 0 00:00:00  -  Total Local Usage
	586121  -  Run Bytes Sent By Job
	62720  -  Run Bytes Received By Job
	586121  -  Total Bytes Sent By Job
	62720  -  Total Bytes Received By Job
	Partitionable Resources :    Usage  Request          
	   Cpus                 :                 1          
	   Disk (KB)            :      659      659          
	   Memory (MB)          :        3        3          
...
000 (566188.000.000) 08/20 20:18:47 Job submitted from host: <18.12.1.74:48322>
...
001 (566188.000.000) 08/20 20:19:11 Job executing on host: <18.12.9.40:47592>
...
006 (566188.000.000) 08/20 20:19:21 Image size of job updated: 66156
	6  -  MemoryUsage of job (MB)
	5272  -  ResidentSetSize of job (KB)
...
006 (566188.000.000) 08/20 20:24:05 Image size of job updated: 238300
	6  -  MemoryUsage of job (MB)
	5272  -  ResidentSetSize of job (KB)
...
005 (566188.000.000) 08/20 20:30:48 Job terminated.
	(1) Normal termination (return value 0)
		Usr 0 00:00:57, Sys 0 00:00:02  -  Run Remote Usage
		Usr 0 00:00:00, Sys 0 00:00:00  -  Run Local Usage
		Usr 0 00:00:57, Sys 0 00:00:02  -  Total Remote Usage
		Usr 0 00:00:00, Sys 0 00:00:00  -  Total Local Usage
	586514  -  Run Bytes Sent By Job
	62732  -  Run Bytes Received By Job
	586514  -  Total Bytes Sent By Job
	62732  -  Total Bytes Received By Job
	Partitionable Resources :    Usage  Request          
	   Cpus                 :                 1          
	   Disk (KB)            :      659      659          
	   Memory (MB)          :        6        6          
...
