
----------------------------------------------------
Job started on Mon Oct 12 09:52:52 EDT 2015 at WN: nubat0003.cmsaf.mit.edu 
Job is running on Linux nubat0003.cmsaf.mit.edu 2.6.32-358.el6.x86_64 #1 SMP Fri Feb 22 20:37:17 CST 2013 x86_64 x86_64 x86_64 GNU/Linux
Filesystem            Size  Used Avail Use% Mounted on
/dev/sda3              20G  3.0G   16G  16% /
tmpfs                  12G     0   12G   0% /dev/shm
/dev/sda1              97M   32M   61M  35% /boot
/dev/sda4             1.8T   81G  1.7T   5% /export/data1
/dev/sdb1             1.8T  1.5T  386G  79% /export/00b
/dev/sdc1             1.8T  1.5T  400G  79% /export/00c
/dev/sdd1             1.8T  1.5T  353G  81% /export/00d
/dev/sde1             1.8T  1.5T  372G  80% /export/00e
/dev/sdf1             1.8T  1.4T  411G  78% /export/00f
fuse_dfs              5.0P  4.0P  1.1P  80% /mnt/hadoop
cvmfs2                 98G   79G   20G  81% /cvmfs/cms.cern.ch
t2srv0004:/export/db  135G  187M  135G   1% /net/t2srv0004/db
gcc (GCC) 4.4.7 20120313 (Red Hat 4.4.7-3)
Copyright (C) 2010 Free Software Foundation, Inc.
This is free software; see the source for copying conditions.  There is NO
warranty; not even for MERCHANTABILITY or FITNESS FOR A PARTICULAR PURPOSE.

Processing...
0/64483
10000/64483
20000/64483
30000/64483
40000/64483
50000/64483
60000/64483
Macro finished: 
CPU time (min)  = 0.724333
Real time (min) = 1.14306
total 1.5M
-rw-r--r--  1 obaron obaron 108K Oct  9 10:24 jetRAA_PbPb_data_forest.txt
-rw-r--r--  1 obaron obaron  94K Oct  9 10:24 jetRAA_PbPb_data_akPu4_select.txt
-rw-r--r--  1 obaron obaron  94K Oct  9 10:24 jetRAA_PbPb_data_akPu3_select.txt
-rw-r--r--  1 obaron obaron  94K Oct  9 10:24 jetRAA_PbPb_data_akPu2_select.txt
-rw-r--r--  1 obaron obaron  70K Oct 12 09:36 RAA_read_data_pbpb.C
-rw-r--r--  1 obaron obaron  11K Oct 12 09:36 RAA_read_data_pbpb_C.d
-rwxr-xr-x  1 obaron obaron 101K Oct 12 09:36 RAA_read_data_pbpb_C.so
-rw-rw-r--  1 obaron obaron  61K Oct 12 09:52 jetRAA_run_PbPb_Data.tar
-rwxr-xr-x  1 obaron obaron 1.2K Oct 12 09:52 condor_exec.exe
-rw-r--r--  1 condor condor  20K Oct 12 09:52 .job.ad
drwxr-xr-x 18 condor root   4.0K Oct 12 09:52 ..
-rw-r--r--  1 condor condor 5.6K Oct 12 09:52 .machine.ad
-rwx------  1 obaron obaron   50 Oct 12 09:52 .chirp.config
-rw-r--r--  1 obaron obaron    0 Oct 12 09:52 _condor_stderr
drwx------  2 obaron obaron 4.0K Oct 12 09:52 .
-rw-r--r--  1 obaron obaron 1.4K Oct 12 09:54 _condor_stdout
-rw-r--r--  1 obaron obaron 833K Oct 12 09:54 PbPb_Data_histograms_FromForest_pileupCutFIX_ZDCmCut_30GeVcut_akPu2_20_eta_20_275.root
Done!
Copied output files to hadoop rootfiles/JetRAA/June29
