000 (552842.000.000) 08/10 16:18:54 Job submitted from host: <18.12.1.74:48322>
...
001 (552842.000.000) 08/10 16:19:23 Job executing on host: <18.12.9.7:43650>
...
006 (552842.000.000) 08/10 16:19:32 Image size of job updated: 237368
	101  -  MemoryUsage of job (MB)
	102676  -  ResidentSetSize of job (KB)
...
005 (552842.000.000) 08/10 16:19:32 Job terminated.
	(1) Normal termination (return value 0)
		Usr 0 00:00:01, Sys 0 00:00:00  -  Run Remote Usage
		Usr 0 00:00:00, Sys 0 00:00:00  -  Run Local Usage
		Usr 0 00:00:01, Sys 0 00:00:00  -  Total Remote Usage
		Usr 0 00:00:00, Sys 0 00:00:00  -  Total Local Usage
	585991  -  Run Bytes Sent By Job
	62719  -  Run Bytes Received By Job
	585991  -  Total Bytes Sent By Job
	62719  -  Total Bytes Received By Job
	Partitionable Resources :    Usage  Request          
	   Cpus                 :                 1          
	   Disk (KB)            :      658      658          
	   Memory (MB)          :      101      101          
...
000 (552963.000.000) 08/10 16:52:31 Job submitted from host: <18.12.1.74:48322>
...
001 (552963.000.000) 08/10 16:52:42 Job executing on host: <18.12.9.47:41168>
...
006 (552963.000.000) 08/10 16:52:48 Image size of job updated: 2
	0  -  MemoryUsage of job (MB)
	0  -  ResidentSetSize of job (KB)
...
005 (552963.000.000) 08/10 16:52:48 Job terminated.
	(1) Normal termination (return value 0)
		Usr 0 00:00:00, Sys 0 00:00:00  -  Run Remote Usage
		Usr 0 00:00:00, Sys 0 00:00:00  -  Run Local Usage
		Usr 0 00:00:00, Sys 0 00:00:00  -  Total Remote Usage
		Usr 0 00:00:00, Sys 0 00:00:00  -  Total Local Usage
	586048  -  Run Bytes Sent By Job
	62719  -  Run Bytes Received By Job
	586048  -  Total Bytes Sent By Job
	62719  -  Total Bytes Received By Job
	Partitionable Resources :    Usage  Request          
	   Cpus                 :                 1          
	   Disk (KB)            :      659      659          
	   Memory (MB)          :        0        0          
...
