000 (554197.000.000) 08/11 09:09:01 Job submitted from host: <18.12.1.74:48322>
...
001 (554197.000.000) 08/11 09:09:12 Job executing on host: <18.12.6.26:42409>
...
006 (554197.000.000) 08/11 09:09:21 Image size of job updated: 1196
	1  -  MemoryUsage of job (MB)
	156  -  ResidentSetSize of job (KB)
...
006 (554197.000.000) 08/11 09:10:29 Image size of job updated: 230376
	1  -  MemoryUsage of job (MB)
	156  -  ResidentSetSize of job (KB)
...
005 (554197.000.000) 08/11 09:10:29 Job terminated.
	(1) Normal termination (return value 0)
		Usr 0 00:00:32, Sys 0 00:00:00  -  Run Remote Usage
		Usr 0 00:00:00, Sys 0 00:00:00  -  Run Local Usage
		Usr 0 00:00:32, Sys 0 00:00:00  -  Total Remote Usage
		Usr 0 00:00:00, Sys 0 00:00:00  -  Total Local Usage
	585853  -  Run Bytes Sent By Job
	62717  -  Run Bytes Received By Job
	585853  -  Total Bytes Sent By Job
	62717  -  Total Bytes Received By Job
	Partitionable Resources :    Usage  Request          
	   Cpus                 :                 1          
	   Disk (KB)            :      658      658          
	   Memory (MB)          :        1        1          
...
000 (557912.000.000) 08/13 13:34:14 Job submitted from host: <18.12.1.74:48322>
...
001 (557912.000.000) 08/13 13:42:22 Job executing on host: <18.12.9.50:43066>
...
006 (557912.000.000) 08/13 13:42:31 Image size of job updated: 224784
	90  -  MemoryUsage of job (MB)
	91720  -  ResidentSetSize of job (KB)
...
006 (557912.000.000) 08/13 13:44:10 Image size of job updated: 230380
	90  -  MemoryUsage of job (MB)
	91720  -  ResidentSetSize of job (KB)
...
005 (557912.000.000) 08/13 13:44:10 Job terminated.
	(1) Normal termination (return value 0)
		Usr 0 00:00:39, Sys 0 00:00:01  -  Run Remote Usage
		Usr 0 00:00:00, Sys 0 00:00:00  -  Run Local Usage
		Usr 0 00:00:39, Sys 0 00:00:01  -  Total Remote Usage
		Usr 0 00:00:00, Sys 0 00:00:00  -  Total Local Usage
	586141  -  Run Bytes Sent By Job
	62720  -  Run Bytes Received By Job
	586141  -  Total Bytes Sent By Job
	62720  -  Total Bytes Received By Job
	Partitionable Resources :    Usage  Request          
	   Cpus                 :                 1          
	   Disk (KB)            :      659      659          
	   Memory (MB)          :       90       90          
...
000 (566203.000.000) 08/20 20:19:48 Job submitted from host: <18.12.1.74:48322>
...
001 (566203.000.000) 08/20 20:20:07 Job executing on host: <18.12.8.253:49491>
...
006 (566203.000.000) 08/20 20:20:16 Image size of job updated: 228648
	94  -  MemoryUsage of job (MB)
	95240  -  ResidentSetSize of job (KB)
...
006 (566203.000.000) 08/20 20:21:22 Image size of job updated: 230356
	94  -  MemoryUsage of job (MB)
	95240  -  ResidentSetSize of job (KB)
...
005 (566203.000.000) 08/20 20:27:59 Job terminated.
	(1) Normal termination (return value 0)
		Usr 0 00:00:46, Sys 0 00:00:00  -  Run Remote Usage
		Usr 0 00:00:00, Sys 0 00:00:00  -  Run Local Usage
		Usr 0 00:00:46, Sys 0 00:00:00  -  Total Remote Usage
		Usr 0 00:00:00, Sys 0 00:00:00  -  Total Local Usage
	586143  -  Run Bytes Sent By Job
	62732  -  Run Bytes Received By Job
	586143  -  Total Bytes Sent By Job
	62732  -  Total Bytes Received By Job
	Partitionable Resources :    Usage  Request          
	   Cpus                 :                 1          
	   Disk (KB)            :      659      659          
	   Memory (MB)          :       94       94          
...
