000 (556157.000.000) 08/12 11:33:50 Job submitted from host: <18.12.1.74:48322>
...
001 (556157.000.000) 08/12 12:03:43 Job executing on host: <18.12.9.82:48979>
...
006 (556157.000.000) 08/12 12:03:52 Image size of job updated: 193804
	78  -  MemoryUsage of job (MB)
	79552  -  ResidentSetSize of job (KB)
...
006 (556157.000.000) 08/12 12:08:52 Image size of job updated: 230540
	96  -  MemoryUsage of job (MB)
	97560  -  ResidentSetSize of job (KB)
...
005 (556157.000.000) 08/12 12:14:20 Job terminated.
	(1) Normal termination (return value 0)
		Usr 0 00:01:28, Sys 0 00:00:02  -  Run Remote Usage
		Usr 0 00:00:00, Sys 0 00:00:00  -  Run Local Usage
		Usr 0 00:01:28, Sys 0 00:00:02  -  Total Remote Usage
		Usr 0 00:00:00, Sys 0 00:00:00  -  Total Local Usage
	586291  -  Run Bytes Sent By Job
	62715  -  Run Bytes Received By Job
	586291  -  Total Bytes Sent By Job
	62715  -  Total Bytes Received By Job
	Partitionable Resources :    Usage  Request          
	   Cpus                 :                 1          
	   Disk (KB)            :      659      659          
	   Memory (MB)          :       96       96          
...
000 (566526.000.000) 08/20 21:09:47 Job submitted from host: <18.12.1.74:48322>
...
007 (566526.000.000) 08/20 21:10:01 Shadow exception!
	Error from slot30@t2bat0284.cmsaf.mit.edu: Failed to transfer files
	0  -  Run Bytes Sent By Job
	0  -  Run Bytes Received By Job
...
007 (566526.000.000) 08/20 21:10:06 Shadow exception!
	Error from slot18@t2bat0012.cmsaf.mit.edu: Failed to transfer files
	0  -  Run Bytes Sent By Job
	0  -  Run Bytes Received By Job
...
001 (566526.000.000) 08/20 21:10:13 Job executing on host: <18.12.8.12:45037>
...
006 (566526.000.000) 08/20 21:10:22 Image size of job updated: 188232
	72  -  MemoryUsage of job (MB)
	73500  -  ResidentSetSize of job (KB)
...
006 (566526.000.000) 08/20 21:15:22 Image size of job updated: 230540
	104  -  MemoryUsage of job (MB)
	105628  -  ResidentSetSize of job (KB)
...
005 (566526.000.000) 08/20 21:23:26 Job terminated.
	(1) Normal termination (return value 0)
		Usr 0 00:01:38, Sys 0 00:00:03  -  Run Remote Usage
		Usr 0 00:00:00, Sys 0 00:00:00  -  Run Local Usage
		Usr 0 00:01:38, Sys 0 00:00:03  -  Total Remote Usage
		Usr 0 00:00:00, Sys 0 00:00:00  -  Total Local Usage
	586480  -  Run Bytes Sent By Job
	62731  -  Run Bytes Received By Job
	586480  -  Total Bytes Sent By Job
	62731  -  Total Bytes Received By Job
	Partitionable Resources :    Usage  Request          
	   Cpus                 :                 1          
	   Disk (KB)            :      659      659          
	   Memory (MB)          :      104      104          
...
