
----------------------------------------------------
Job started on Thu Aug 20 21:00:45 EDT 2015 at WN: t2bat0235.cmsaf.mit.edu 
Job is running on Linux t2bat0235.cmsaf.mit.edu 2.6.32-358.el6.x86_64 #1 SMP Fri Feb 22 20:37:17 CST 2013 x86_64 x86_64 x86_64 GNU/Linux
Filesystem            Size  Used Avail Use% Mounted on
/dev/sda3              20G  4.1G   15G  22% /
tmpfs                  12G     0   12G   0% /dev/shm
/dev/sda1              97M   32M   61M  35% /boot
/dev/sda4             874G   85G  790G  10% /export/data1
/dev/sdb1             1.8T  1.8T   24G  99% /export/00b
/dev/sdc1             1.8T  1.8T   24G  99% /export/00c
/dev/sdd1             1.8T  1.8T   18G 100% /export/00d
/dev/sde1             1.8T  1.8T   24G  99% /export/00e
fuse_dfs              4.9P  4.6P  323T  94% /mnt/hadoop
/dev/sdf1             1.8T  1.3T  543G  71% /export/00f
cvmfs2                 98G   74G   24G  76% /cvmfs/cms.cern.ch
t2srv0004:/export/db  135G  187M  135G   1% /net/t2srv0004/db
cvmfs2                 98G   74G   24G  76% /cvmfs/cvmfs.cmsaf.mit.edu
gcc (GCC) 4.4.7 20120313 (Red Hat 4.4.7-3)
Copyright (C) 2010 Free Software Foundation, Inc.
This is free software; see the source for copying conditions.  There is NO
warranty; not even for MERCHANTABILITY or FITNESS FOR A PARTICULAR PURPOSE.

Processing...
0/71823
10000/71823
20000/71823
30000/71823
40000/71823
50000/71823
60000/71823
70000/71823
Macro finished: 
CPU time (min)  = 0.762667
Real time (min) = 1.39768
total 1.6M
-rw-r--r--  1 obaron obaron  94K Aug 20 20:49 jetRAA_PbPb_data_akPu3_select.txt
-rw-r--r--  1 obaron obaron  70K Aug 20 20:49 RAA_read_data_pbpb.C
-rw-r--r--  1 obaron obaron 108K Aug 20 20:49 jetRAA_PbPb_data_forest.txt
-rw-r--r--  1 obaron obaron  94K Aug 20 20:49 jetRAA_PbPb_data_akPu2_select.txt
-rw-r--r--  1 obaron obaron  94K Aug 20 20:50 jetRAA_PbPb_data_akPu4_select.txt
-rw-r--r--  1 obaron obaron  11K Aug 20 20:57 RAA_read_data_pbpb_C.d
-rwxr-xr-x  1 obaron obaron 101K Aug 20 20:58 RAA_read_data_pbpb_C.so
-rw-rw-r--  1 obaron obaron  61K Aug 20 21:00 jetRAA_run_PbPb_Data.tar
-rwxr-xr-x  1 obaron obaron 1.2K Aug 20 21:00 condor_exec.exe
-rw-r--r--  1 condor condor  20K Aug 20 21:00 .job.ad
drwxr-xr-x 19 condor root   4.0K Aug 20 21:00 ..
-rw-r--r--  1 condor condor 5.6K Aug 20 21:00 .machine.ad
-rwx------  1 obaron obaron   50 Aug 20 21:00 .chirp.config
drwx------  2 obaron obaron 4.0K Aug 20 21:00 .
-rw-r--r--  1 obaron obaron  678 Aug 20 21:00 _condor_stderr
-rw-r--r--  1 obaron obaron 1.5K Aug 20 21:02 _condor_stdout
-rw-r--r--  1 obaron obaron 886K Aug 20 21:02 PbPb_Data_histograms_FromForest_pileupCutFIX_ZDCmCut_akPu2_20_eta_20_90.root
Done!
Copied output files to hadoop rootfiles/JetRAA/June29
