
----------------------------------------------------
Job started on Mon Oct 12 11:40:16 EDT 2015 at WN: hibat0038.cmsaf.mit.edu 
Job is running on Linux hibat0038.cmsaf.mit.edu 2.6.32-358.el6.x86_64 #1 SMP Fri Feb 22 20:37:17 CST 2013 x86_64 x86_64 x86_64 GNU/Linux
Filesystem            Size  Used Avail Use% Mounted on
/dev/sda3              20G  3.3G   16G  18% /
tmpfs                  24G     0   24G   0% /dev/shm
/dev/sda1              97M   32M   61M  35% /boot
/dev/sda4             874G   89G  786G  11% /export/data1
/dev/sdb1             1.8T  1.5T  379G  80% /export/00b
/dev/sdc1             1.8T  1.5T  372G  80% /export/00c
/dev/sdd1             1.8T  1.5T  384G  80% /export/00d
/dev/sde1             1.8T  1.5T  376G  80% /export/00e
/dev/sdf1             1.8T  1.5T  387G  79% /export/00f
fuse_dfs              5.0P  4.0P  1.1P  80% /mnt/hadoop
cvmfs2                 98G   87G   12G  89% /cvmfs/cms.cern.ch
t2srv0004:/export/db  135G  187M  135G   1% /net/t2srv0004/db
cvmfs2                 98G   87G   12G  89% /cvmfs/oasis.opensciencegrid.org
cvmfs2                 98G   87G   12G  89% /cvmfs/cdfcfs.fnal.gov
cvmfs2                 98G   87G   12G  89% /cvmfs/cvmfs.cmsaf.mit.edu
gcc (GCC) 4.4.7 20120313 (Red Hat 4.4.7-3)
Copyright (C) 2010 Free Software Foundation, Inc.
This is free software; see the source for copying conditions.  There is NO
warranty; not even for MERCHANTABILITY or FITNESS FOR A PARTICULAR PURPOSE.

Processing...
0/171112
10000/171112
20000/171112
30000/171112
40000/171112
50000/171112
60000/171112
70000/171112
80000/171112
90000/171112
100000/171112
110000/171112
120000/171112
130000/171112
140000/171112
150000/171112
160000/171112
170000/171112
Macro finished: 
CPU time (min)  = 1.907
Real time (min) = 2.29556
total 1.7M
-rw-r--r--  1 obaron obaron 108K Oct 12 11:01 jetRAA_PbPb_data_forest.txt
-rw-r--r--  1 obaron obaron  94K Oct 12 11:01 jetRAA_PbPb_data_akPu4_select.txt
-rw-r--r--  1 obaron obaron  94K Oct 12 11:01 jetRAA_PbPb_data_akPu3_select.txt
-rw-r--r--  1 obaron obaron  94K Oct 12 11:01 jetRAA_PbPb_data_akPu2_select.txt
-rw-r--r--  1 obaron obaron  70K Oct 12 11:21 RAA_read_data_pbpb.C
-rw-r--r--  1 obaron obaron  11K Oct 12 11:21 RAA_read_data_pbpb_C.d
-rwxr-xr-x  1 obaron obaron 101K Oct 12 11:21 RAA_read_data_pbpb_C.so
-rw-rw-r--  1 obaron obaron  61K Oct 12 11:40 jetRAA_run_PbPb_Data.tar
-rwxr-xr-x  1 obaron obaron 1.2K Oct 12 11:40 condor_exec.exe
-rw-r--r--  1 condor condor  20K Oct 12 11:40 .job.ad
drwxr-xr-x 14 condor root   4.0K Oct 12 11:40 ..
-rw-r--r--  1 condor condor 5.6K Oct 12 11:40 .machine.ad
-rwx------  1 obaron obaron   49 Oct 12 11:40 .chirp.config
-rw-r--r--  1 obaron obaron    0 Oct 12 11:40 _condor_stderr
drwx------  2 obaron obaron 4.0K Oct 12 11:40 .
-rw-r--r--  1 obaron obaron 1.8K Oct 12 11:42 _condor_stdout
-rw-r--r--  1 obaron obaron 1.1M Oct 12 11:42 PbPb_Data_histograms_FromForest_pileupCutFIX_ZDCmCut_30GeVcut_akPu4_20_eta_20_865.root
Done!
Copied output files to hadoop rootfiles/JetRAA/June29
