000 (556142.000.000) 08/12 11:33:48 Job submitted from host: <18.12.1.74:48322>
...
001 (556142.000.000) 08/12 12:02:20 Job executing on host: <18.12.12.17:42409>
...
006 (556142.000.000) 08/12 12:02:29 Image size of job updated: 145392
	30  -  MemoryUsage of job (MB)
	29900  -  ResidentSetSize of job (KB)
...
006 (556142.000.000) 08/12 12:07:30 Image size of job updated: 230460
	100  -  MemoryUsage of job (MB)
	101608  -  ResidentSetSize of job (KB)
...
005 (556142.000.000) 08/12 12:10:01 Job terminated.
	(1) Normal termination (return value 0)
		Usr 0 00:01:28, Sys 0 00:00:01  -  Run Remote Usage
		Usr 0 00:00:00, Sys 0 00:00:00  -  Run Local Usage
		Usr 0 00:01:28, Sys 0 00:00:01  -  Total Remote Usage
		Usr 0 00:00:00, Sys 0 00:00:00  -  Total Local Usage
	586020  -  Run Bytes Sent By Job
	62715  -  Run Bytes Received By Job
	586020  -  Total Bytes Sent By Job
	62715  -  Total Bytes Received By Job
	Partitionable Resources :    Usage  Request          
	   Cpus                 :                 1          
	   Disk (KB)            :      659      659          
	   Memory (MB)          :      100      100          
...
000 (566511.000.000) 08/20 21:08:47 Job submitted from host: <18.12.1.74:48322>
...
001 (566511.000.000) 08/20 21:09:10 Job executing on host: <18.12.9.50:43066>
...
006 (566511.000.000) 08/20 21:09:19 Image size of job updated: 187692
	71  -  MemoryUsage of job (MB)
	72584  -  ResidentSetSize of job (KB)
...
006 (566511.000.000) 08/20 21:11:40 Image size of job updated: 230460
	71  -  MemoryUsage of job (MB)
	72584  -  ResidentSetSize of job (KB)
...
022 (566511.000.000) 08/20 21:11:40 Job disconnected, attempting to reconnect
    Socket between submit and execute hosts closed unexpectedly
    Trying to reconnect to slot21@t2bat0306.cmsaf.mit.edu <18.12.9.50:43066>
...
023 (566511.000.000) 08/20 21:11:40 Job reconnected to slot21@t2bat0306.cmsaf.mit.edu
    startd address: <18.12.9.50:43066>
    starter address: <18.12.9.50:44380>
...
005 (566511.000.000) 08/20 21:18:04 Job terminated.
	(1) Normal termination (return value 0)
		Usr 0 00:01:20, Sys 0 00:00:01  -  Run Remote Usage
		Usr 0 00:00:00, Sys 0 00:00:00  -  Run Local Usage
		Usr 0 00:01:20, Sys 0 00:00:01  -  Total Remote Usage
		Usr 0 00:00:00, Sys 0 00:00:00  -  Total Local Usage
	586205  -  Run Bytes Sent By Job
	62731  -  Run Bytes Received By Job
	586205  -  Total Bytes Sent By Job
	62731  -  Total Bytes Received By Job
	Partitionable Resources :    Usage  Request          
	   Cpus                 :                 1          
	   Disk (KB)            :      659      659          
	   Memory (MB)          :       71       71          
...
000 (782516.000.000) 10/01 13:04:36 Job submitted from host: <18.12.1.74:47665>
...
001 (782516.000.000) 10/01 13:16:14 Job executing on host: <18.12.8.241:45840>
...
006 (782516.000.000) 10/01 13:16:23 Image size of job updated: 2
	3  -  MemoryUsage of job (MB)
	2340  -  ResidentSetSize of job (KB)
...
006 (782516.000.000) 10/01 13:21:24 Image size of job updated: 230460
	103  -  MemoryUsage of job (MB)
	105096  -  ResidentSetSize of job (KB)
...
005 (782516.000.000) 10/01 13:21:40 Job terminated.
	(1) Normal termination (return value 0)
		Usr 0 00:01:25, Sys 0 00:00:01  -  Run Remote Usage
		Usr 0 00:00:00, Sys 0 00:00:00  -  Run Local Usage
		Usr 0 00:01:25, Sys 0 00:00:01  -  Total Remote Usage
		Usr 0 00:00:00, Sys 0 00:00:00  -  Total Local Usage
	586293  -  Run Bytes Sent By Job
	62730  -  Run Bytes Received By Job
	586293  -  Total Bytes Sent By Job
	62730  -  Total Bytes Received By Job
	Partitionable Resources :    Usage  Request          
	   Cpus                 :                 1          
	   Disk (KB)            :      659      659          
	   Memory (MB)          :      103      103          
...
000 (782697.000.000) 10/01 14:32:18 Job submitted from host: <18.12.1.74:47665>
...
001 (782697.000.000) 10/01 14:34:15 Job executing on host: <18.12.8.144:48614>
...
006 (782697.000.000) 10/01 14:34:52 Image size of job updated: 93584
	13  -  MemoryUsage of job (MB)
	13292  -  ResidentSetSize of job (KB)
...
006 (782697.000.000) 10/01 14:39:26 Image size of job updated: 225916
	91  -  MemoryUsage of job (MB)
	93172  -  ResidentSetSize of job (KB)
...
006 (782697.000.000) 10/01 14:44:26 Image size of job updated: 227456
	91  -  MemoryUsage of job (MB)
	93172  -  ResidentSetSize of job (KB)
...
005 (782697.000.000) 10/01 15:00:26 Job terminated.
	(1) Normal termination (return value 0)
		Usr 0 00:00:37, Sys 0 00:00:01  -  Run Remote Usage
		Usr 0 00:00:00, Sys 0 00:00:00  -  Run Local Usage
		Usr 0 00:00:37, Sys 0 00:00:01  -  Total Remote Usage
		Usr 0 00:00:00, Sys 0 00:00:00  -  Total Local Usage
	4180414  -  Run Bytes Sent By Job
	62736  -  Run Bytes Received By Job
	4180414  -  Total Bytes Sent By Job
	62736  -  Total Bytes Received By Job
	Partitionable Resources :    Usage  Request          
	   Cpus                 :                 1          
	   Disk (KB)            :     4169     4169          
	   Memory (MB)          :       91       91          
...
000 (788238.000.000) 10/09 09:23:48 Job submitted from host: <18.12.1.74:45913>
...
001 (788238.000.000) 10/09 09:24:15 Job executing on host: <18.12.8.236:48030>
...
006 (788238.000.000) 10/09 09:24:23 Image size of job updated: 13384
	2  -  MemoryUsage of job (MB)
	1988  -  ResidentSetSize of job (KB)
...
006 (788238.000.000) 10/09 09:26:42 Image size of job updated: 230444
	2  -  MemoryUsage of job (MB)
	1988  -  ResidentSetSize of job (KB)
...
005 (788238.000.000) 10/09 09:26:42 Job terminated.
	(1) Normal termination (return value 0)
		Usr 0 00:01:38, Sys 0 00:00:02  -  Run Remote Usage
		Usr 0 00:00:00, Sys 0 00:00:00  -  Run Local Usage
		Usr 0 00:01:38, Sys 0 00:00:02  -  Total Remote Usage
		Usr 0 00:00:00, Sys 0 00:00:00  -  Total Local Usage
	585530  -  Run Bytes Sent By Job
	62698  -  Run Bytes Received By Job
	585530  -  Total Bytes Sent By Job
	62698  -  Total Bytes Received By Job
	Partitionable Resources :    Usage  Request          
	   Cpus                 :                 1          
	   Disk (KB)            :      658      658          
	   Memory (MB)          :        2        2          
...
000 (788603.000.000) 10/12 09:48:08 Job submitted from host: <18.12.1.74:45913>
...
001 (788603.000.000) 10/12 10:01:36 Job executing on host: <18.12.9.45:43577>
...
006 (788603.000.000) 10/12 10:01:45 Image size of job updated: 2
	3  -  MemoryUsage of job (MB)
	2344  -  ResidentSetSize of job (KB)
...
006 (788603.000.000) 10/12 10:03:52 Image size of job updated: 230448
	3  -  MemoryUsage of job (MB)
	2344  -  ResidentSetSize of job (KB)
...
005 (788603.000.000) 10/12 10:03:52 Job terminated.
	(1) Normal termination (return value 0)
		Usr 0 00:01:30, Sys 0 00:00:02  -  Run Remote Usage
		Usr 0 00:00:00, Sys 0 00:00:00  -  Run Local Usage
		Usr 0 00:01:30, Sys 0 00:00:02  -  Total Remote Usage
		Usr 0 00:00:00, Sys 0 00:00:00  -  Total Local Usage
	585505  -  Run Bytes Sent By Job
	62703  -  Run Bytes Received By Job
	585505  -  Total Bytes Sent By Job
	62703  -  Total Bytes Received By Job
	Partitionable Resources :    Usage  Request          
	   Cpus                 :                 1          
	   Disk (KB)            :      658      658          
	   Memory (MB)          :        3        3          
...
