000 (556325.000.000) 08/12 14:10:45 Job submitted from host: <18.12.1.74:48322>
...
001 (556325.000.000) 08/12 14:20:25 Job executing on host: <18.12.12.17:42409>
...
006 (556325.000.000) 08/12 14:20:34 Image size of job updated: 2
	3  -  MemoryUsage of job (MB)
	2344  -  ResidentSetSize of job (KB)
...
006 (556325.000.000) 08/12 14:25:17 Image size of job updated: 350268
	3  -  MemoryUsage of job (MB)
	2344  -  ResidentSetSize of job (KB)
...
005 (556325.000.000) 08/12 14:25:17 Job terminated.
	(1) Normal termination (return value 0)
		Usr 0 00:01:24, Sys 0 00:00:01  -  Run Remote Usage
		Usr 0 00:00:00, Sys 0 00:00:00  -  Run Local Usage
		Usr 0 00:01:24, Sys 0 00:00:01  -  Total Remote Usage
		Usr 0 00:00:00, Sys 0 00:00:00  -  Total Local Usage
	586191  -  Run Bytes Sent By Job
	62715  -  Run Bytes Received By Job
	586191  -  Total Bytes Sent By Job
	62715  -  Total Bytes Received By Job
	Partitionable Resources :    Usage  Request          
	   Cpus                 :                 1          
	   Disk (KB)            :      659      659          
	   Memory (MB)          :        3        3          
...
000 (557585.000.000) 08/13 11:57:21 Job submitted from host: <18.12.1.74:48322>
...
001 (557585.000.000) 08/13 12:09:46 Job executing on host: <18.12.6.31:42701>
...
006 (557585.000.000) 08/13 12:09:54 Image size of job updated: 190320
	78  -  MemoryUsage of job (MB)
	79764  -  ResidentSetSize of job (KB)
...
006 (557585.000.000) 08/13 12:14:54 Image size of job updated: 350264
	180  -  MemoryUsage of job (MB)
	183696  -  ResidentSetSize of job (KB)
...
005 (557585.000.000) 08/13 12:17:59 Job terminated.
	(1) Normal termination (return value 0)
		Usr 0 00:01:17, Sys 0 00:00:01  -  Run Remote Usage
		Usr 0 00:00:00, Sys 0 00:00:00  -  Run Local Usage
		Usr 0 00:01:17, Sys 0 00:00:01  -  Total Remote Usage
		Usr 0 00:00:00, Sys 0 00:00:00  -  Total Local Usage
	585978  -  Run Bytes Sent By Job
	62715  -  Run Bytes Received By Job
	585978  -  Total Bytes Sent By Job
	62715  -  Total Bytes Received By Job
	Partitionable Resources :    Usage  Request          
	   Cpus                 :                 1          
	   Disk (KB)            :      659      659          
	   Memory (MB)          :      180      180          
...
000 (558101.000.000) 08/13 14:31:04 Job submitted from host: <18.12.1.74:48322>
...
001 (558101.000.000) 08/13 14:41:34 Job executing on host: <18.12.9.40:47592>
...
006 (558101.000.000) 08/13 14:41:42 Image size of job updated: 2
	3  -  MemoryUsage of job (MB)
	2356  -  ResidentSetSize of job (KB)
...
006 (558101.000.000) 08/13 14:46:42 Image size of job updated: 350272
	176  -  MemoryUsage of job (MB)
	180164  -  ResidentSetSize of job (KB)
...
006 (558101.000.000) 08/13 14:51:43 Image size of job updated: 350272
	177  -  MemoryUsage of job (MB)
	180368  -  ResidentSetSize of job (KB)
...
005 (558101.000.000) 08/13 14:52:00 Job terminated.
	(1) Normal termination (return value 0)
		Usr 0 00:01:21, Sys 0 00:00:02  -  Run Remote Usage
		Usr 0 00:00:00, Sys 0 00:00:00  -  Run Local Usage
		Usr 0 00:01:21, Sys 0 00:00:02  -  Total Remote Usage
		Usr 0 00:00:00, Sys 0 00:00:00  -  Total Local Usage
	586313  -  Run Bytes Sent By Job
	62714  -  Run Bytes Received By Job
	586313  -  Total Bytes Sent By Job
	62714  -  Total Bytes Received By Job
	Partitionable Resources :    Usage  Request          
	   Cpus                 :                 1          
	   Disk (KB)            :      659      659          
	   Memory (MB)          :      177      177          
...
000 (565438.000.000) 08/20 12:36:39 Job submitted from host: <18.12.1.74:48322>
...
001 (565438.000.000) 08/20 12:44:15 Job executing on host: <18.12.8.102:48322>
...
006 (565438.000.000) 08/20 12:44:24 Image size of job updated: 187688
	71  -  MemoryUsage of job (MB)
	72576  -  ResidentSetSize of job (KB)
...
006 (565438.000.000) 08/20 12:46:03 Image size of job updated: 350268
	71  -  MemoryUsage of job (MB)
	72576  -  ResidentSetSize of job (KB)
...
005 (565438.000.000) 08/20 12:54:20 Job terminated.
	(1) Normal termination (return value 0)
		Usr 0 00:00:58, Sys 0 00:00:01  -  Run Remote Usage
		Usr 0 00:00:00, Sys 0 00:00:00  -  Run Local Usage
		Usr 0 00:00:58, Sys 0 00:00:01  -  Total Remote Usage
		Usr 0 00:00:00, Sys 0 00:00:00  -  Total Local Usage
	586087  -  Run Bytes Sent By Job
	62731  -  Run Bytes Received By Job
	586087  -  Total Bytes Sent By Job
	62731  -  Total Bytes Received By Job
	Partitionable Resources :    Usage  Request          
	   Cpus                 :                 1          
	   Disk (KB)            :      659      659          
	   Memory (MB)          :       71       71          
...
000 (782931.000.000) 10/02 11:02:21 Job submitted from host: <18.12.1.74:41314>
...
001 (782931.000.000) 10/02 11:08:33 Job executing on host: <18.12.9.44:46716>
...
006 (782931.000.000) 10/02 11:08:36 Image size of job updated: 2
	0  -  MemoryUsage of job (MB)
	0  -  ResidentSetSize of job (KB)
...
005 (782931.000.000) 10/02 11:13:46 Job terminated.
	(1) Normal termination (return value 0)
		Usr 0 00:00:00, Sys 0 00:00:00  -  Run Remote Usage
		Usr 0 00:00:00, Sys 0 00:00:00  -  Run Local Usage
		Usr 0 00:00:00, Sys 0 00:00:00  -  Total Remote Usage
		Usr 0 00:00:00, Sys 0 00:00:00  -  Total Local Usage
	585675  -  Run Bytes Sent By Job
	62733  -  Run Bytes Received By Job
	585675  -  Total Bytes Sent By Job
	62733  -  Total Bytes Received By Job
	Partitionable Resources :    Usage  Request          
	   Cpus                 :                 1          
	   Disk (KB)            :      658      658          
	   Memory (MB)          :        0        0          
...
000 (783112.000.000) 10/02 16:13:17 Job submitted from host: <18.12.1.74:45913>
...
001 (783112.000.000) 10/02 16:14:20 Job executing on host: <18.12.9.17:47811>
...
006 (783112.000.000) 10/02 16:14:23 Image size of job updated: 2
	0  -  MemoryUsage of job (MB)
	0  -  ResidentSetSize of job (KB)
...
005 (783112.000.000) 10/02 16:14:23 Job terminated.
	(1) Normal termination (return value 0)
		Usr 0 00:00:00, Sys 0 00:00:00  -  Run Remote Usage
		Usr 0 00:00:00, Sys 0 00:00:00  -  Run Local Usage
		Usr 0 00:00:00, Sys 0 00:00:00  -  Total Remote Usage
		Usr 0 00:00:00, Sys 0 00:00:00  -  Total Local Usage
	585410  -  Run Bytes Sent By Job
	62733  -  Run Bytes Received By Job
	585410  -  Total Bytes Sent By Job
	62733  -  Total Bytes Received By Job
	Partitionable Resources :    Usage  Request          
	   Cpus                 :                 1          
	   Disk (KB)            :      658      658          
	   Memory (MB)          :        0        0          
...
000 (783293.000.000) 10/02 16:48:30 Job submitted from host: <18.12.1.74:45913>
...
001 (783293.000.000) 10/02 16:48:50 Job executing on host: <18.12.8.191:46716>
...
006 (783293.000.000) 10/02 16:48:53 Image size of job updated: 2
	0  -  MemoryUsage of job (MB)
	0  -  ResidentSetSize of job (KB)
...
005 (783293.000.000) 10/02 16:48:53 Job terminated.
	(1) Normal termination (return value 0)
		Usr 0 00:00:00, Sys 0 00:00:00  -  Run Remote Usage
		Usr 0 00:00:00, Sys 0 00:00:00  -  Run Local Usage
		Usr 0 00:00:00, Sys 0 00:00:00  -  Total Remote Usage
		Usr 0 00:00:00, Sys 0 00:00:00  -  Total Local Usage
	585918  -  Run Bytes Sent By Job
	62733  -  Run Bytes Received By Job
	585918  -  Total Bytes Sent By Job
	62733  -  Total Bytes Received By Job
	Partitionable Resources :    Usage  Request          
	   Cpus                 :                 1          
	   Disk (KB)            :      659      659          
	   Memory (MB)          :        0        0          
...
000 (783476.000.000) 10/05 09:25:30 Job submitted from host: <18.12.1.74:45913>
...
001 (783476.000.000) 10/05 09:25:44 Job executing on host: <18.12.6.91:49052>
...
006 (783476.000.000) 10/05 09:25:53 Image size of job updated: 69208
	14  -  MemoryUsage of job (MB)
	13352  -  ResidentSetSize of job (KB)
...
005 (783476.000.000) 10/05 09:26:02 Job terminated.
	(1) Normal termination (return value 0)
		Usr 0 00:00:00, Sys 0 00:00:00  -  Run Remote Usage
		Usr 0 00:00:00, Sys 0 00:00:00  -  Run Local Usage
		Usr 0 00:00:00, Sys 0 00:00:00  -  Total Remote Usage
		Usr 0 00:00:00, Sys 0 00:00:00  -  Total Local Usage
	585650  -  Run Bytes Sent By Job
	62732  -  Run Bytes Received By Job
	585650  -  Total Bytes Sent By Job
	62732  -  Total Bytes Received By Job
	Partitionable Resources :    Usage  Request          
	   Cpus                 :                 1          
	   Disk (KB)            :      658      658          
	   Memory (MB)          :       14       14          
...
000 (783657.000.000) 10/05 10:00:16 Job submitted from host: <18.12.1.74:45913>
...
001 (783657.000.000) 10/05 10:00:48 Job executing on host: <18.12.9.19:46570>
...
006 (783657.000.000) 10/05 10:00:55 Image size of job updated: 2
	0  -  MemoryUsage of job (MB)
	0  -  ResidentSetSize of job (KB)
...
005 (783657.000.000) 10/05 10:00:56 Job terminated.
	(1) Normal termination (return value 0)
		Usr 0 00:00:00, Sys 0 00:00:00  -  Run Remote Usage
		Usr 0 00:00:00, Sys 0 00:00:00  -  Run Local Usage
		Usr 0 00:00:00, Sys 0 00:00:00  -  Total Remote Usage
		Usr 0 00:00:00, Sys 0 00:00:00  -  Total Local Usage
	585332  -  Run Bytes Sent By Job
	62731  -  Run Bytes Received By Job
	585332  -  Total Bytes Sent By Job
	62731  -  Total Bytes Received By Job
	Partitionable Resources :    Usage  Request          
	   Cpus                 :                 1          
	   Disk (KB)            :      658      658          
	   Memory (MB)          :        0        0          
...
000 (783839.000.000) 10/05 12:25:01 Job submitted from host: <18.12.1.74:45913>
...
001 (783839.000.000) 10/05 12:25:12 Job executing on host: <18.12.9.67:41533>
...
006 (783839.000.000) 10/05 12:25:21 Image size of job updated: 1196
	1  -  MemoryUsage of job (MB)
	156  -  ResidentSetSize of job (KB)
...
005 (783839.000.000) 10/05 12:25:29 Job terminated.
	(1) Normal termination (return value 0)
		Usr 0 00:00:00, Sys 0 00:00:00  -  Run Remote Usage
		Usr 0 00:00:00, Sys 0 00:00:00  -  Run Local Usage
		Usr 0 00:00:00, Sys 0 00:00:00  -  Total Remote Usage
		Usr 0 00:00:00, Sys 0 00:00:00  -  Total Local Usage
	585752  -  Run Bytes Sent By Job
	62732  -  Run Bytes Received By Job
	585752  -  Total Bytes Sent By Job
	62732  -  Total Bytes Received By Job
	Partitionable Resources :    Usage  Request          
	   Cpus                 :                 1          
	   Disk (KB)            :      658      658          
	   Memory (MB)          :        1        1          
...
000 (784020.000.000) 10/05 12:28:36 Job submitted from host: <18.12.1.74:45913>
...
001 (784020.000.000) 10/05 12:28:48 Job executing on host: <18.12.9.55:45694>
...
006 (784020.000.000) 10/05 12:28:57 Image size of job updated: 187772
	70  -  MemoryUsage of job (MB)
	71252  -  ResidentSetSize of job (KB)
...
006 (784020.000.000) 10/05 12:30:28 Image size of job updated: 350320
	70  -  MemoryUsage of job (MB)
	71252  -  ResidentSetSize of job (KB)
...
005 (784020.000.000) 10/05 12:30:28 Job terminated.
	(1) Normal termination (return value 0)
		Usr 0 00:01:00, Sys 0 00:00:01  -  Run Remote Usage
		Usr 0 00:00:00, Sys 0 00:00:00  -  Run Local Usage
		Usr 0 00:01:00, Sys 0 00:00:01  -  Total Remote Usage
		Usr 0 00:00:00, Sys 0 00:00:00  -  Total Local Usage
	587039  -  Run Bytes Sent By Job
	62733  -  Run Bytes Received By Job
	587039  -  Total Bytes Sent By Job
	62733  -  Total Bytes Received By Job
	Partitionable Resources :    Usage  Request          
	   Cpus                 :                 1          
	   Disk (KB)            :      660      660          
	   Memory (MB)          :       70       70          
...
000 (786089.000.000) 10/05 14:34:36 Job submitted from host: <18.12.1.74:45913>
...
001 (786089.000.000) 10/05 14:35:29 Job executing on host: <18.12.8.70:46935>
...
006 (786089.000.000) 10/05 14:35:38 Image size of job updated: 1196
	1  -  MemoryUsage of job (MB)
	156  -  ResidentSetSize of job (KB)
...
006 (786089.000.000) 10/05 14:38:18 Image size of job updated: 350272
	1  -  MemoryUsage of job (MB)
	156  -  ResidentSetSize of job (KB)
...
005 (786089.000.000) 10/05 14:38:19 Job terminated.
	(1) Normal termination (return value 0)
		Usr 0 00:01:07, Sys 0 00:00:01  -  Run Remote Usage
		Usr 0 00:00:00, Sys 0 00:00:00  -  Run Local Usage
		Usr 0 00:01:07, Sys 0 00:00:01  -  Total Remote Usage
		Usr 0 00:00:00, Sys 0 00:00:00  -  Total Local Usage
	586468  -  Run Bytes Sent By Job
	62729  -  Run Bytes Received By Job
	586468  -  Total Bytes Sent By Job
	62729  -  Total Bytes Received By Job
	Partitionable Resources :    Usage  Request          
	   Cpus                 :                 1          
	   Disk (KB)            :      659      659          
	   Memory (MB)          :        1        1          
...
000 (787928.000.000) 10/08 16:09:28 Job submitted from host: <18.12.1.74:45913>
...
001 (787928.000.000) 10/08 16:20:50 Job executing on host: <18.12.9.42:43285>
...
006 (787928.000.000) 10/08 16:20:58 Image size of job updated: 69176
	17  -  MemoryUsage of job (MB)
	17044  -  ResidentSetSize of job (KB)
...
006 (787928.000.000) 10/08 16:25:58 Image size of job updated: 350252
	170  -  MemoryUsage of job (MB)
	173152  -  ResidentSetSize of job (KB)
...
005 (787928.000.000) 10/08 16:26:28 Job terminated.
	(1) Normal termination (return value 0)
		Usr 0 00:01:18, Sys 0 00:00:01  -  Run Remote Usage
		Usr 0 00:00:00, Sys 0 00:00:00  -  Run Local Usage
		Usr 0 00:01:18, Sys 0 00:00:01  -  Total Remote Usage
		Usr 0 00:00:00, Sys 0 00:00:00  -  Total Local Usage
	585827  -  Run Bytes Sent By Job
	62697  -  Run Bytes Received By Job
	585827  -  Total Bytes Sent By Job
	62697  -  Total Bytes Received By Job
	Partitionable Resources :    Usage  Request          
	   Cpus                 :                 1          
	   Disk (KB)            :      659      659          
	   Memory (MB)          :      170      170          
...
000 (788291.000.000) 10/09 10:00:25 Job submitted from host: <18.12.1.74:45913>
...
001 (788291.000.000) 10/09 10:02:06 Job executing on host: <18.12.9.46:43942>
...
006 (788291.000.000) 10/09 10:02:15 Image size of job updated: 187696
	71  -  MemoryUsage of job (MB)
	72524  -  ResidentSetSize of job (KB)
...
006 (788291.000.000) 10/09 10:05:11 Image size of job updated: 350256
	71  -  MemoryUsage of job (MB)
	72524  -  ResidentSetSize of job (KB)
...
005 (788291.000.000) 10/09 10:05:11 Job terminated.
	(1) Normal termination (return value 0)
		Usr 0 00:01:11, Sys 0 00:00:02  -  Run Remote Usage
		Usr 0 00:00:00, Sys 0 00:00:00  -  Run Local Usage
		Usr 0 00:01:11, Sys 0 00:00:02  -  Total Remote Usage
		Usr 0 00:00:00, Sys 0 00:00:00  -  Total Local Usage
	585540  -  Run Bytes Sent By Job
	62694  -  Run Bytes Received By Job
	585540  -  Total Bytes Sent By Job
	62694  -  Total Bytes Received By Job
	Partitionable Resources :    Usage  Request          
	   Cpus                 :                 1          
	   Disk (KB)            :      658      658          
	   Memory (MB)          :       71       71          
...
000 (788838.000.000) 10/12 11:22:03 Job submitted from host: <18.12.1.74:45913>
...
001 (788838.000.000) 10/12 11:23:46 Job executing on host: <18.12.6.87:41898>
...
006 (788838.000.000) 10/12 11:23:54 Image size of job updated: 2
	3  -  MemoryUsage of job (MB)
	2340  -  ResidentSetSize of job (KB)
...
006 (788838.000.000) 10/12 11:26:16 Image size of job updated: 350280
	3  -  MemoryUsage of job (MB)
	2340  -  ResidentSetSize of job (KB)
...
005 (788838.000.000) 10/12 11:26:16 Job terminated.
	(1) Normal termination (return value 0)
		Usr 0 00:01:37, Sys 0 00:00:02  -  Run Remote Usage
		Usr 0 00:00:00, Sys 0 00:00:00  -  Run Local Usage
		Usr 0 00:01:37, Sys 0 00:00:02  -  Total Remote Usage
		Usr 0 00:00:00, Sys 0 00:00:00  -  Total Local Usage
	585469  -  Run Bytes Sent By Job
	62702  -  Run Bytes Received By Job
	585469  -  Total Bytes Sent By Job
	62702  -  Total Bytes Received By Job
	Partitionable Resources :    Usage  Request          
	   Cpus                 :                 1          
	   Disk (KB)            :      658      658          
	   Memory (MB)          :        3        3          
...
