
----------------------------------------------------
Job started on Mon Oct 12 10:54:00 EDT 2015 at WN: hibat0084.cmsaf.mit.edu 
Job is running on Linux hibat0084.cmsaf.mit.edu 2.6.32-358.el6.x86_64 #1 SMP Fri Feb 22 20:37:17 CST 2013 x86_64 x86_64 x86_64 GNU/Linux
Filesystem            Size  Used Avail Use% Mounted on
/dev/sda3              20G  3.7G   16G  20% /
tmpfs                  24G     0   24G   0% /dev/shm
/dev/sda1              97M   32M   61M  35% /boot
/dev/sda4             873G   57G  817G   7% /export/data1
/dev/sdb1             2.7T  2.4T  357G  88% /export/00b
/dev/sdc1             2.7T  2.4T  361G  87% /export/00c
/dev/sdd1             2.7T  2.4T  345G  88% /export/00d
/dev/sde1             2.7T  2.4T  343G  88% /export/00e
/dev/sdf1             2.7T  2.4T  336G  88% /export/00f
fuse_dfs              5.0P  4.0P  1.1P  80% /mnt/hadoop
/dev/sdg1             3.6T  2.8T  881G  76% /export/00g
/dev/sdh1             3.6T  2.7T  913G  76% /export/00h
cvmfs2                 98G   54G   45G  55% /cvmfs/cms.cern.ch
t2srv0004:/export/db  135G  187M  135G   1% /net/t2srv0004/db
gcc (GCC) 4.4.7 20120313 (Red Hat 4.4.7-3)
Copyright (C) 2010 Free Software Foundation, Inc.
This is free software; see the source for copying conditions.  There is NO
warranty; not even for MERCHANTABILITY or FITNESS FOR A PARTICULAR PURPOSE.

Processing...
0/105400
10000/105400
20000/105400
30000/105400
40000/105400
50000/105400
60000/105400
70000/105400
80000/105400
90000/105400
100000/105400
Macro finished: 
CPU time (min)  = 1.08933
Real time (min) = 1.39431
total 1.6M
-rw-r--r--  1 obaron obaron 108K Oct 12 10:08 jetRAA_PbPb_data_forest.txt
-rw-r--r--  1 obaron obaron  94K Oct 12 10:08 jetRAA_PbPb_data_akPu4_select.txt
-rw-r--r--  1 obaron obaron  94K Oct 12 10:08 jetRAA_PbPb_data_akPu3_select.txt
-rw-r--r--  1 obaron obaron  94K Oct 12 10:08 jetRAA_PbPb_data_akPu2_select.txt
-rw-r--r--  1 obaron obaron  70K Oct 12 10:40 RAA_read_data_pbpb.C
-rw-r--r--  1 obaron obaron  11K Oct 12 10:40 RAA_read_data_pbpb_C.d
-rwxr-xr-x  1 obaron obaron 101K Oct 12 10:40 RAA_read_data_pbpb_C.so
-rw-rw-r--  1 obaron obaron  61K Oct 12 10:53 jetRAA_run_PbPb_Data.tar
-rwxr-xr-x  1 obaron obaron 1.2K Oct 12 10:53 condor_exec.exe
drwxr-xr-x 14 condor root   4.0K Oct 12 10:53 ..
-rw-r--r--  1 condor condor 5.6K Oct 12 10:53 .machine.ad
-rw-r--r--  1 condor condor  20K Oct 12 10:53 .job.ad
-rwx------  1 obaron obaron   49 Oct 12 10:53 .chirp.config
-rw-r--r--  1 obaron obaron    0 Oct 12 10:54 _condor_stderr
drwx------  2 obaron obaron 4.0K Oct 12 10:54 .
-rw-r--r--  1 obaron obaron 1.6K Oct 12 10:55 _condor_stdout
-rw-r--r--  1 obaron obaron 865K Oct 12 10:55 PbPb_Data_histograms_FromForest_pileupCutFIX_ZDCmCut_30GeVcut_akPu3_20_eta_20_555.root
Done!
Copied output files to hadoop rootfiles/JetRAA/June29
