
----------------------------------------------------
Job started on Thu Aug 20 12:46:41 EDT 2015 at WN: t2bat0286.cmsaf.mit.edu 
Job is running on Linux t2bat0286.cmsaf.mit.edu 2.6.32-358.el6.x86_64 #1 SMP Fri Feb 22 20:37:17 CST 2013 x86_64 x86_64 x86_64 GNU/Linux
Filesystem            Size  Used Avail Use% Mounted on
/dev/sda3              20G  6.6G   13G  35% /
tmpfs                  32G     0   32G   0% /dev/shm
/dev/sda1              97M   32M   61M  35% /boot
/dev/sda4             416G   88G  328G  22% /export/data1
fuse_dfs              4.9P  4.6P  328T  94% /mnt/hadoop
/dev/sdb1             2.7T  2.5T  249G  91% /export/00b
/dev/sdc1             2.7T  2.5T  238G  92% /export/00c
/dev/sdd1             2.7T  2.5T  256G  91% /export/00d
/dev/sde1             2.7T  2.5T  236G  92% /export/00e
/dev/sdf1             2.7T  2.5T  253G  91% /export/00f
/dev/sdg1             2.7T  2.5T  237G  92% /export/00g
/dev/sdh1             2.7T  2.5T  239G  92% /export/00h
/dev/sdi1             2.7T  2.5T  233G  92% /export/00i
/dev/sdj1             2.7T  2.5T  238G  92% /export/00j
/dev/sdk1             2.7T  2.5T  231G  92% /export/00k
/dev/sdl1             2.7T  2.5T  238G  92% /export/00l
cvmfs2                 98G   75G   23G  77% /cvmfs/cms.cern.ch
t2srv0004:/export/db  135G  187M  135G   1% /net/t2srv0004/db
cvmfs2                 98G   75G   23G  77% /cvmfs/cvmfs.cmsaf.mit.edu
cvmfs2                 98G   75G   23G  77% /cvmfs/oasis.opensciencegrid.org
cvmfs2                 98G   75G   23G  77% /cvmfs/cdfcfs.fnal.gov
gcc (GCC) 4.4.7 20120313 (Red Hat 4.4.7-3)
Copyright (C) 2010 Free Software Foundation, Inc.
This is free software; see the source for copying conditions.  There is NO
warranty; not even for MERCHANTABILITY or FITNESS FOR A PARTICULAR PURPOSE.

Processing...
0/160982
10000/160982
20000/160982
30000/160982
40000/160982
50000/160982
60000/160982
70000/160982
80000/160982
90000/160982
100000/160982
110000/160982
120000/160982
130000/160982
140000/160982
150000/160982
160000/160982
Macro finished: 
CPU time (min)  = 1.51833
Real time (min) = 12.1325
total 1.8M
-rw-r--r--  1 obaron obaron 108K Aug 13 15:28 jetRAA_PbPb_data_forest.txt
-rw-r--r--  1 obaron obaron  94K Aug 13 15:28 jetRAA_PbPb_data_akPu4_select.txt
-rw-r--r--  1 obaron obaron  94K Aug 13 15:28 jetRAA_PbPb_data_akPu3_select.txt
-rw-r--r--  1 obaron obaron  94K Aug 13 15:28 jetRAA_PbPb_data_akPu2_select.txt
-rw-r--r--  1 obaron obaron  70K Aug 20 12:29 RAA_read_data_pbpb.C
-rw-r--r--  1 obaron obaron  11K Aug 20 12:30 RAA_read_data_pbpb_C.d
-rwxr-xr-x  1 obaron obaron 101K Aug 20 12:30 RAA_read_data_pbpb_C.so
-rw-r--r--  1 condor condor 5.5K Aug 20 12:46 .machine.ad
-rw-r--r--  1 condor condor  20K Aug 20 12:46 .job.ad
-rwx------  1 obaron obaron   49 Aug 20 12:46 .chirp.config
-rw-rw-r--  1 obaron obaron  61K Aug 20 12:46 jetRAA_run_PbPb_Data.tar
-rwxr-xr-x  1 obaron obaron 1.2K Aug 20 12:46 condor_exec.exe
drwx------  2 obaron obaron 4.0K Aug 20 12:46 .
-rw-r--r--  1 obaron obaron  678 Aug 20 12:46 _condor_stderr
drwxr-xr-x 34 condor root   4.0K Aug 20 12:58 ..
-rw-r--r--  1 obaron obaron 2.1K Aug 20 12:58 _condor_stdout
-rw-r--r--  1 obaron obaron 1.1M Aug 20 12:58 PbPb_Data_histograms_FromForest_pileupCutFIX_ZDCmCut_akPu4_20_eta_20_320.root
Done!
Copied output files to hadoop rootfiles/JetRAA/June29
