000 (556115.000.000) 08/12 11:33:46 Job submitted from host: <18.12.1.74:48322>
...
001 (556115.000.000) 08/12 12:00:08 Job executing on host: <18.12.8.155:42555>
...
006 (556115.000.000) 08/12 12:00:17 Image size of job updated: 229964
	93  -  MemoryUsage of job (MB)
	94960  -  ResidentSetSize of job (KB)
...
005 (556115.000.000) 08/12 12:03:09 Job terminated.
	(1) Normal termination (return value 0)
		Usr 0 00:00:45, Sys 0 00:00:01  -  Run Remote Usage
		Usr 0 00:00:00, Sys 0 00:00:00  -  Run Local Usage
		Usr 0 00:00:45, Sys 0 00:00:01  -  Total Remote Usage
		Usr 0 00:00:00, Sys 0 00:00:00  -  Total Local Usage
	586064  -  Run Bytes Sent By Job
	62715  -  Run Bytes Received By Job
	586064  -  Total Bytes Sent By Job
	62715  -  Total Bytes Received By Job
	Partitionable Resources :    Usage  Request          
	   Cpus                 :                 1          
	   Disk (KB)            :      659      659          
	   Memory (MB)          :       93       93          
...
000 (566484.000.000) 08/20 21:07:05 Job submitted from host: <18.12.1.74:48322>
...
001 (566484.000.000) 08/20 21:08:03 Job executing on host: <18.12.9.49:41460>
...
006 (566484.000.000) 08/20 21:08:13 Image size of job updated: 229908
	93  -  MemoryUsage of job (MB)
	94956  -  ResidentSetSize of job (KB)
...
006 (566484.000.000) 08/20 21:09:25 Image size of job updated: 230040
	93  -  MemoryUsage of job (MB)
	94956  -  ResidentSetSize of job (KB)
...
005 (566484.000.000) 08/20 21:15:35 Job terminated.
	(1) Normal termination (return value 0)
		Usr 0 00:00:26, Sys 0 00:00:00  -  Run Remote Usage
		Usr 0 00:00:00, Sys 0 00:00:00  -  Run Local Usage
		Usr 0 00:00:26, Sys 0 00:00:00  -  Total Remote Usage
		Usr 0 00:00:00, Sys 0 00:00:00  -  Total Local Usage
	586030  -  Run Bytes Sent By Job
	62731  -  Run Bytes Received By Job
	586030  -  Total Bytes Sent By Job
	62731  -  Total Bytes Received By Job
	Partitionable Resources :    Usage  Request          
	   Cpus                 :                 1          
	   Disk (KB)            :      659      659          
	   Memory (MB)          :       93       93          
...
