000 (556319.000.000) 08/12 14:10:44 Job submitted from host: <18.12.1.74:48322>
...
001 (556319.000.000) 08/12 14:18:25 Job executing on host: <18.12.9.80:43650>
...
006 (556319.000.000) 08/12 14:18:33 Image size of job updated: 193764
	78  -  MemoryUsage of job (MB)
	79592  -  ResidentSetSize of job (KB)
...
006 (556319.000.000) 08/12 14:21:15 Image size of job updated: 229884
	78  -  MemoryUsage of job (MB)
	79592  -  ResidentSetSize of job (KB)
...
005 (556319.000.000) 08/12 14:21:16 Job terminated.
	(1) Normal termination (return value 0)
		Usr 0 00:00:27, Sys 0 00:00:01  -  Run Remote Usage
		Usr 0 00:00:00, Sys 0 00:00:00  -  Run Local Usage
		Usr 0 00:00:27, Sys 0 00:00:01  -  Total Remote Usage
		Usr 0 00:00:00, Sys 0 00:00:00  -  Total Local Usage
	585889  -  Run Bytes Sent By Job
	62715  -  Run Bytes Received By Job
	585889  -  Total Bytes Sent By Job
	62715  -  Total Bytes Received By Job
	Partitionable Resources :    Usage  Request          
	   Cpus                 :                 1          
	   Disk (KB)            :      658      658          
	   Memory (MB)          :       78       78          
...
000 (557579.000.000) 08/13 11:57:20 Job submitted from host: <18.12.1.74:48322>
...
001 (557579.000.000) 08/13 12:07:59 Job executing on host: <18.12.9.52:43066>
...
006 (557579.000.000) 08/13 12:08:08 Image size of job updated: 229880
	93  -  MemoryUsage of job (MB)
	94460  -  ResidentSetSize of job (KB)
...
005 (557579.000.000) 08/13 12:09:00 Job terminated.
	(1) Normal termination (return value 0)
		Usr 0 00:00:25, Sys 0 00:00:00  -  Run Remote Usage
		Usr 0 00:00:00, Sys 0 00:00:00  -  Run Local Usage
		Usr 0 00:00:25, Sys 0 00:00:00  -  Total Remote Usage
		Usr 0 00:00:00, Sys 0 00:00:00  -  Total Local Usage
	586105  -  Run Bytes Sent By Job
	62715  -  Run Bytes Received By Job
	586105  -  Total Bytes Sent By Job
	62715  -  Total Bytes Received By Job
	Partitionable Resources :    Usage  Request          
	   Cpus                 :                 1          
	   Disk (KB)            :      659      659          
	   Memory (MB)          :       93       93          
...
000 (558095.000.000) 08/13 14:31:03 Job submitted from host: <18.12.1.74:48322>
...
001 (558095.000.000) 08/13 14:38:16 Job executing on host: <18.12.9.80:43650>
...
006 (558095.000.000) 08/13 14:38:25 Image size of job updated: 2
	3  -  MemoryUsage of job (MB)
	2352  -  ResidentSetSize of job (KB)
...
006 (558095.000.000) 08/13 14:39:17 Image size of job updated: 229880
	3  -  MemoryUsage of job (MB)
	2352  -  ResidentSetSize of job (KB)
...
005 (558095.000.000) 08/13 14:39:17 Job terminated.
	(1) Normal termination (return value 0)
		Usr 0 00:00:29, Sys 0 00:00:02  -  Run Remote Usage
		Usr 0 00:00:00, Sys 0 00:00:00  -  Run Local Usage
		Usr 0 00:00:29, Sys 0 00:00:02  -  Total Remote Usage
		Usr 0 00:00:00, Sys 0 00:00:00  -  Total Local Usage
	586106  -  Run Bytes Sent By Job
	62714  -  Run Bytes Received By Job
	586106  -  Total Bytes Sent By Job
	62714  -  Total Bytes Received By Job
	Partitionable Resources :    Usage  Request          
	   Cpus                 :                 1          
	   Disk (KB)            :      659      659          
	   Memory (MB)          :        3        3          
...
000 (565432.000.000) 08/20 12:35:42 Job submitted from host: <18.12.1.74:48322>
...
001 (565432.000.000) 08/20 12:37:35 Job executing on host: <18.12.9.36:47227>
...
006 (565432.000.000) 08/20 12:37:45 Image size of job updated: 2
	3  -  MemoryUsage of job (MB)
	2352  -  ResidentSetSize of job (KB)
...
006 (565432.000.000) 08/20 12:39:25 Image size of job updated: 238104
	3  -  MemoryUsage of job (MB)
	2352  -  ResidentSetSize of job (KB)
...
005 (565432.000.000) 08/20 12:47:53 Job terminated.
	(1) Normal termination (return value 0)
		Usr 0 00:00:31, Sys 0 00:00:01  -  Run Remote Usage
		Usr 0 00:00:00, Sys 0 00:00:00  -  Run Local Usage
		Usr 0 00:00:31, Sys 0 00:00:01  -  Total Remote Usage
		Usr 0 00:00:00, Sys 0 00:00:00  -  Total Local Usage
	586298  -  Run Bytes Sent By Job
	62731  -  Run Bytes Received By Job
	586298  -  Total Bytes Sent By Job
	62731  -  Total Bytes Received By Job
	Partitionable Resources :    Usage  Request          
	   Cpus                 :                 1          
	   Disk (KB)            :      659      659          
	   Memory (MB)          :        3        3          
...
