
----------------------------------------------------
Job started on Thu Aug 20 12:49:48 EDT 2015 at WN: t2bat0304.cmsaf.mit.edu 
Job is running on Linux t2bat0304.cmsaf.mit.edu 2.6.32-358.el6.x86_64 #1 SMP Fri Feb 22 20:37:17 CST 2013 x86_64 x86_64 x86_64 GNU/Linux
Filesystem            Size  Used Avail Use% Mounted on
/dev/sda3              20G  3.3G   16G  18% /
tmpfs                  32G     0   32G   0% /dev/shm
/dev/sda1              97M   32M   61M  35% /boot
/dev/sda4             416G   84G  332G  21% /export/data1
fuse_dfs              4.9P  4.6P  328T  94% /mnt/hadoop
/dev/sdb1             3.6T  3.3T  298G  92% /export/00b
/dev/sdc1             3.6T  3.4T  274G  93% /export/00c
/dev/sdd1             3.6T  3.4T  273G  93% /export/00d
/dev/sde1             3.6T  3.4T  257G  94% /export/00e
/dev/sdf1             3.6T  3.4T  257G  94% /export/00f
/dev/sdg1             3.6T  3.3T  291G  93% /export/00g
cvmfs2                 98G   68G   31G  69% /cvmfs/cms.cern.ch
t2srv0004:/export/db  135G  187M  135G   1% /net/t2srv0004/db
cvmfs2                 98G   68G   31G  69% /cvmfs/cvmfs.cmsaf.mit.edu
gcc (GCC) 4.4.7 20120313 (Red Hat 4.4.7-3)
Copyright (C) 2010 Free Software Foundation, Inc.
This is free software; see the source for copying conditions.  There is NO
warranty; not even for MERCHANTABILITY or FITNESS FOR A PARTICULAR PURPOSE.

Processing...
0/189330
10000/189330
20000/189330
30000/189330
40000/189330
50000/189330
60000/189330
70000/189330
80000/189330
90000/189330
100000/189330
110000/189330
120000/189330
130000/189330
140000/189330
150000/189330
160000/189330
170000/189330
180000/189330
Macro finished: 
CPU time (min)  = 1.59283
Real time (min) = 2.33819
total 1.8M
-rw-r--r--  1 obaron obaron 108K Aug 13 15:28 jetRAA_PbPb_data_forest.txt
-rw-r--r--  1 obaron obaron  94K Aug 13 15:28 jetRAA_PbPb_data_akPu4_select.txt
-rw-r--r--  1 obaron obaron  94K Aug 13 15:28 jetRAA_PbPb_data_akPu3_select.txt
-rw-r--r--  1 obaron obaron  94K Aug 13 15:28 jetRAA_PbPb_data_akPu2_select.txt
-rw-r--r--  1 obaron obaron  70K Aug 20 12:29 RAA_read_data_pbpb.C
-rw-r--r--  1 obaron obaron  11K Aug 20 12:30 RAA_read_data_pbpb_C.d
-rwxr-xr-x  1 obaron obaron 101K Aug 20 12:30 RAA_read_data_pbpb_C.so
-rw-r--r--  1 condor condor 5.5K Aug 20 12:49 .machine.ad
-rw-r--r--  1 condor condor  20K Aug 20 12:49 .job.ad
-rwx------  1 obaron obaron   49 Aug 20 12:49 .chirp.config
-rw-rw-r--  1 obaron obaron  61K Aug 20 12:49 jetRAA_run_PbPb_Data.tar
-rwxr-xr-x  1 obaron obaron 1.2K Aug 20 12:49 condor_exec.exe
drwx------  2 obaron obaron 4.0K Aug 20 12:49 .
-rw-r--r--  1 obaron obaron  678 Aug 20 12:49 _condor_stderr
drwxr-xr-x 32 condor root   4.0K Aug 20 12:51 ..
-rw-r--r--  1 obaron obaron 1.7K Aug 20 12:52 _condor_stdout
-rw-r--r--  1 obaron obaron 1.1M Aug 20 12:52 PbPb_Data_histograms_FromForest_pileupCutFIX_ZDCmCut_akPu4_20_eta_20_400.root
Done!
Copied output files to hadoop rootfiles/JetRAA/June29
