
----------------------------------------------------
Job started on Mon Oct 12 10:55:14 EDT 2015 at WN: t2bat0292.cmsaf.mit.edu 
Job is running on Linux t2bat0292.cmsaf.mit.edu 2.6.32-358.el6.x86_64 #1 SMP Fri Feb 22 20:37:17 CST 2013 x86_64 x86_64 x86_64 GNU/Linux
Filesystem            Size  Used Avail Use% Mounted on
/dev/sda3              20G   14G  5.0G  74% /
tmpfs                  32G     0   32G   0% /dev/shm
/dev/sda1              97M   32M   61M  35% /boot
/dev/sda4             416G   57G  359G  14% /export/data1
fuse_dfs              5.0P  4.0P  1.1P  80% /mnt/hadoop
/dev/sdb1             2.7T  2.1T  606G  78% /export/00b
/dev/sdc1             2.7T  2.2T  599G  79% /export/00c
/dev/sdd1             2.7T  2.2T  576G  80% /export/00d
/dev/sde1             2.7T  2.1T  609G  78% /export/00e
/dev/sdf1             2.7T  2.1T  602G  79% /export/00f
/dev/sdg1             2.7T  2.1T  613G  78% /export/00g
/dev/sdh1             2.7T  2.1T  614G  78% /export/00h
/dev/sdi1             2.7T  2.1T  623G  78% /export/00i
/dev/sdj1             2.7T  2.1T  604G  79% /export/00j
/dev/sdk1             2.7T  2.1T  606G  78% /export/00k
/dev/sdl1             2.7T  2.1T  613G  78% /export/00l
cvmfs2                 98G   50G   48G  51% /cvmfs/cms.cern.ch
t2srv0004:/export/db  135G  187M  135G   1% /net/t2srv0004/db
gcc (GCC) 4.4.7 20120313 (Red Hat 4.4.7-3)
Copyright (C) 2010 Free Software Foundation, Inc.
This is free software; see the source for copying conditions.  There is NO
warranty; not even for MERCHANTABILITY or FITNESS FOR A PARTICULAR PURPOSE.

Processing...
0/151507
10000/151507
20000/151507
30000/151507
40000/151507
50000/151507
60000/151507
70000/151507
80000/151507
90000/151507
100000/151507
110000/151507
120000/151507
130000/151507
140000/151507
150000/151507
Macro finished: 
CPU time (min)  = 1.35167
Real time (min) = 6.37459
total 1.7M
-rw-r--r--  1 obaron obaron 108K Oct 12 10:08 jetRAA_PbPb_data_forest.txt
-rw-r--r--  1 obaron obaron  94K Oct 12 10:08 jetRAA_PbPb_data_akPu4_select.txt
-rw-r--r--  1 obaron obaron  94K Oct 12 10:08 jetRAA_PbPb_data_akPu3_select.txt
-rw-r--r--  1 obaron obaron  94K Oct 12 10:08 jetRAA_PbPb_data_akPu2_select.txt
-rw-r--r--  1 obaron obaron  70K Oct 12 10:40 RAA_read_data_pbpb.C
-rw-r--r--  1 obaron obaron  11K Oct 12 10:40 RAA_read_data_pbpb_C.d
-rwxr-xr-x  1 obaron obaron 101K Oct 12 10:40 RAA_read_data_pbpb_C.so
-rw-rw-r--  1 obaron obaron  61K Oct 12 10:55 jetRAA_run_PbPb_Data.tar
-rwxr-xr-x  1 obaron obaron 1.2K Oct 12 10:55 condor_exec.exe
drwxr-xr-x 35 condor root   4.0K Oct 12 10:55 ..
-rw-r--r--  1 condor condor 5.4K Oct 12 10:55 .machine.ad
-rw-r--r--  1 condor condor  20K Oct 12 10:55 .job.ad
-rwx------  1 obaron obaron   49 Oct 12 10:55 .chirp.config
-rw-r--r--  1 obaron obaron    0 Oct 12 10:55 _condor_stderr
drwx------  2 obaron obaron 4.0K Oct 12 10:55 .
-rw-r--r--  1 obaron obaron 1.9K Oct 12 11:01 _condor_stdout
-rw-r--r--  1 obaron obaron 970K Oct 12 11:01 PbPb_Data_histograms_FromForest_pileupCutFIX_ZDCmCut_30GeVcut_akPu3_20_eta_20_885.root
Done!
Copied output files to hadoop rootfiles/JetRAA/June29
