000 (556149.000.000) 08/12 11:33:49 Job submitted from host: <18.12.1.74:48322>
...
001 (556149.000.000) 08/12 12:02:45 Job executing on host: <18.12.8.244:40803>
...
006 (556149.000.000) 08/12 12:02:54 Image size of job updated: 2
	3  -  MemoryUsage of job (MB)
	2356  -  ResidentSetSize of job (KB)
...
006 (556149.000.000) 08/12 12:07:55 Image size of job updated: 230564
	102  -  MemoryUsage of job (MB)
	103552  -  ResidentSetSize of job (KB)
...
006 (556149.000.000) 08/12 12:09:17 Image size of job updated: 238552
	102  -  MemoryUsage of job (MB)
	103552  -  ResidentSetSize of job (KB)
...
005 (556149.000.000) 08/12 12:09:17 Job terminated.
	(1) Normal termination (return value 0)
		Usr 0 00:02:18, Sys 0 00:00:02  -  Run Remote Usage
		Usr 0 00:00:00, Sys 0 00:00:00  -  Run Local Usage
		Usr 0 00:02:18, Sys 0 00:00:02  -  Total Remote Usage
		Usr 0 00:00:00, Sys 0 00:00:00  -  Total Local Usage
	586088  -  Run Bytes Sent By Job
	62715  -  Run Bytes Received By Job
	586088  -  Total Bytes Sent By Job
	62715  -  Total Bytes Received By Job
	Partitionable Resources :    Usage  Request          
	   Cpus                 :                 1          
	   Disk (KB)            :      659      659          
	   Memory (MB)          :      102      102          
...
000 (566518.000.000) 08/20 21:09:18 Job submitted from host: <18.12.1.74:48322>
...
001 (566518.000.000) 08/20 21:09:35 Job executing on host: <18.12.8.191:44672>
...
006 (566518.000.000) 08/20 21:09:45 Image size of job updated: 187696
	71  -  MemoryUsage of job (MB)
	72600  -  ResidentSetSize of job (KB)
...
006 (566518.000.000) 08/20 21:13:15 Image size of job updated: 230568
	71  -  MemoryUsage of job (MB)
	72600  -  ResidentSetSize of job (KB)
...
005 (566518.000.000) 08/20 21:19:41 Job terminated.
	(1) Normal termination (return value 0)
		Usr 0 00:02:26, Sys 0 00:00:02  -  Run Remote Usage
		Usr 0 00:00:00, Sys 0 00:00:00  -  Run Local Usage
		Usr 0 00:02:26, Sys 0 00:00:02  -  Total Remote Usage
		Usr 0 00:00:00, Sys 0 00:00:00  -  Total Local Usage
	586213  -  Run Bytes Sent By Job
	62731  -  Run Bytes Received By Job
	586213  -  Total Bytes Sent By Job
	62731  -  Total Bytes Received By Job
	Partitionable Resources :    Usage  Request          
	   Cpus                 :                 1          
	   Disk (KB)            :      659      659          
	   Memory (MB)          :       71       71          
...
000 (782523.000.000) 10/01 13:04:37 Job submitted from host: <18.12.1.74:47665>
...
001 (782523.000.000) 10/01 13:16:15 Job executing on host: <18.12.8.184:40730>
...
006 (782523.000.000) 10/01 13:16:24 Image size of job updated: 146256
	31  -  MemoryUsage of job (MB)
	30988  -  ResidentSetSize of job (KB)
...
006 (782523.000.000) 10/01 13:20:54 Image size of job updated: 230564
	31  -  MemoryUsage of job (MB)
	30988  -  ResidentSetSize of job (KB)
...
005 (782523.000.000) 10/01 13:20:56 Job terminated.
	(1) Normal termination (return value 0)
		Usr 0 00:02:00, Sys 0 00:00:01  -  Run Remote Usage
		Usr 0 00:00:00, Sys 0 00:00:00  -  Run Local Usage
		Usr 0 00:02:00, Sys 0 00:00:01  -  Total Remote Usage
		Usr 0 00:00:00, Sys 0 00:00:00  -  Total Local Usage
	586358  -  Run Bytes Sent By Job
	62730  -  Run Bytes Received By Job
	586358  -  Total Bytes Sent By Job
	62730  -  Total Bytes Received By Job
	Partitionable Resources :    Usage  Request          
	   Cpus                 :                 1          
	   Disk (KB)            :      659      659          
	   Memory (MB)          :       31       31          
...
000 (782704.000.000) 10/01 14:32:20 Job submitted from host: <18.12.1.74:47665>
...
001 (782704.000.000) 10/01 14:34:17 Job executing on host: <18.12.8.98:46862>
...
006 (782704.000.000) 10/01 14:34:26 Image size of job updated: 2
	3  -  MemoryUsage of job (MB)
	2340  -  ResidentSetSize of job (KB)
...
006 (782704.000.000) 10/01 14:39:26 Image size of job updated: 227476
	110  -  MemoryUsage of job (MB)
	112096  -  ResidentSetSize of job (KB)
...
005 (782704.000.000) 10/01 14:44:58 Job terminated.
	(1) Normal termination (return value 0)
		Usr 0 00:00:53, Sys 0 00:00:02  -  Run Remote Usage
		Usr 0 00:00:00, Sys 0 00:00:00  -  Run Local Usage
		Usr 0 00:00:53, Sys 0 00:00:02  -  Total Remote Usage
		Usr 0 00:00:00, Sys 0 00:00:00  -  Total Local Usage
	5414018  -  Run Bytes Sent By Job
	62736  -  Run Bytes Received By Job
	5414018  -  Total Bytes Sent By Job
	62736  -  Total Bytes Received By Job
	Partitionable Resources :    Usage  Request          
	   Cpus                 :                 1          
	   Disk (KB)            :     5373     5373          
	   Memory (MB)          :      110      110          
...
000 (788245.000.000) 10/09 09:23:48 Job submitted from host: <18.12.1.74:45913>
...
001 (788245.000.000) 10/09 09:24:15 Job executing on host: <18.12.8.186:41606>
...
006 (788245.000.000) 10/09 09:24:24 Image size of job updated: 93588
	2  -  MemoryUsage of job (MB)
	1984  -  ResidentSetSize of job (KB)
...
006 (788245.000.000) 10/09 09:27:22 Image size of job updated: 230552
	2  -  MemoryUsage of job (MB)
	1984  -  ResidentSetSize of job (KB)
...
005 (788245.000.000) 10/09 09:27:22 Job terminated.
	(1) Normal termination (return value 0)
		Usr 0 00:02:19, Sys 0 00:00:02  -  Run Remote Usage
		Usr 0 00:00:00, Sys 0 00:00:00  -  Run Local Usage
		Usr 0 00:02:19, Sys 0 00:00:02  -  Total Remote Usage
		Usr 0 00:00:00, Sys 0 00:00:00  -  Total Local Usage
	585536  -  Run Bytes Sent By Job
	62698  -  Run Bytes Received By Job
	585536  -  Total Bytes Sent By Job
	62698  -  Total Bytes Received By Job
	Partitionable Resources :    Usage  Request          
	   Cpus                 :                 1          
	   Disk (KB)            :      658      658          
	   Memory (MB)          :        2        2          
...
000 (788610.000.000) 10/12 09:48:09 Job submitted from host: <18.12.1.74:45913>
...
001 (788610.000.000) 10/12 09:59:37 Job executing on host: <18.12.8.26:45110>
...
006 (788610.000.000) 10/12 09:59:45 Image size of job updated: 230548
	96  -  MemoryUsage of job (MB)
	98240  -  ResidentSetSize of job (KB)
...
005 (788610.000.000) 10/12 10:03:49 Job terminated.
	(1) Normal termination (return value 0)
		Usr 0 00:03:12, Sys 0 00:00:06  -  Run Remote Usage
		Usr 0 00:00:00, Sys 0 00:00:00  -  Run Local Usage
		Usr 0 00:03:12, Sys 0 00:00:06  -  Total Remote Usage
		Usr 0 00:00:00, Sys 0 00:00:00  -  Total Local Usage
	585271  -  Run Bytes Sent By Job
	62703  -  Run Bytes Received By Job
	585271  -  Total Bytes Sent By Job
	62703  -  Total Bytes Received By Job
	Partitionable Resources :    Usage  Request          
	   Cpus                 :                 1          
	   Disk (KB)            :      658      658          
	   Memory (MB)          :       96       96          
...
