000 (556107.000.000) 08/12 11:33:45 Job submitted from host: <18.12.1.74:48322>
...
001 (556107.000.000) 08/12 11:58:40 Job executing on host: <18.12.9.0:46935>
...
006 (556107.000.000) 08/12 11:58:49 Image size of job updated: 224860
	88  -  MemoryUsage of job (MB)
	90004  -  ResidentSetSize of job (KB)
...
006 (556107.000.000) 08/12 12:03:50 Image size of job updated: 229996
	88  -  MemoryUsage of job (MB)
	90004  -  ResidentSetSize of job (KB)
...
005 (556107.000.000) 08/12 12:06:47 Job terminated.
	(1) Normal termination (return value 0)
		Usr 0 00:00:29, Sys 0 00:00:00  -  Run Remote Usage
		Usr 0 00:00:00, Sys 0 00:00:00  -  Run Local Usage
		Usr 0 00:00:29, Sys 0 00:00:00  -  Total Remote Usage
		Usr 0 00:00:00, Sys 0 00:00:00  -  Total Local Usage
	585849  -  Run Bytes Sent By Job
	62715  -  Run Bytes Received By Job
	585849  -  Total Bytes Sent By Job
	62715  -  Total Bytes Received By Job
	Partitionable Resources :    Usage  Request          
	   Cpus                 :                 1          
	   Disk (KB)            :      659      659          
	   Memory (MB)          :       88       88          
...
000 (566476.000.000) 08/20 21:06:38 Job submitted from host: <18.12.1.74:48322>
...
001 (566476.000.000) 08/20 21:07:03 Job executing on host: <18.12.8.200:46789>
...
006 (566476.000.000) 08/20 21:07:12 Image size of job updated: 2
	2  -  MemoryUsage of job (MB)
	1724  -  ResidentSetSize of job (KB)
...
006 (566476.000.000) 08/20 21:08:04 Image size of job updated: 230024
	2  -  MemoryUsage of job (MB)
	1724  -  ResidentSetSize of job (KB)
...
005 (566476.000.000) 08/20 21:14:24 Job terminated.
	(1) Normal termination (return value 0)
		Usr 0 00:00:39, Sys 0 00:00:00  -  Run Remote Usage
		Usr 0 00:00:00, Sys 0 00:00:00  -  Run Local Usage
		Usr 0 00:00:39, Sys 0 00:00:00  -  Total Remote Usage
		Usr 0 00:00:00, Sys 0 00:00:00  -  Total Local Usage
	586085  -  Run Bytes Sent By Job
	62731  -  Run Bytes Received By Job
	586085  -  Total Bytes Sent By Job
	62731  -  Total Bytes Received By Job
	Partitionable Resources :    Usage  Request          
	   Cpus                 :                 1          
	   Disk (KB)            :      658      658          
	   Memory (MB)          :        2        2          
...
