000 (556024.000.000) 08/12 11:33:36 Job submitted from host: <18.12.1.74:48322>
...
001 (556024.000.000) 08/12 11:43:58 Job executing on host: <18.12.8.35:49344>
...
006 (556024.000.000) 08/12 11:44:07 Image size of job updated: 93588
	3  -  MemoryUsage of job (MB)
	2428  -  ResidentSetSize of job (KB)
...
006 (556024.000.000) 08/12 11:46:24 Image size of job updated: 230080
	3  -  MemoryUsage of job (MB)
	2428  -  ResidentSetSize of job (KB)
...
005 (556024.000.000) 08/12 11:46:24 Job terminated.
	(1) Normal termination (return value 0)
		Usr 0 00:01:04, Sys 0 00:00:03  -  Run Remote Usage
		Usr 0 00:00:00, Sys 0 00:00:00  -  Run Local Usage
		Usr 0 00:01:04, Sys 0 00:00:03  -  Total Remote Usage
		Usr 0 00:00:00, Sys 0 00:00:00  -  Total Local Usage
	586086  -  Run Bytes Sent By Job
	62715  -  Run Bytes Received By Job
	586086  -  Total Bytes Sent By Job
	62715  -  Total Bytes Received By Job
	Partitionable Resources :    Usage  Request          
	   Cpus                 :                 1          
	   Disk (KB)            :      659      659          
	   Memory (MB)          :        3        3          
...
000 (566393.000.000) 08/20 21:01:01 Job submitted from host: <18.12.1.74:48322>
...
001 (566393.000.000) 08/20 21:01:14 Job executing on host: <18.12.8.238:45183>
...
006 (566393.000.000) 08/20 21:01:23 Image size of job updated: 193808
	82  -  MemoryUsage of job (MB)
	83428  -  ResidentSetSize of job (KB)
...
006 (566393.000.000) 08/20 21:02:24 Image size of job updated: 230084
	82  -  MemoryUsage of job (MB)
	83428  -  ResidentSetSize of job (KB)
...
022 (566393.000.000) 08/20 21:02:24 Job disconnected, attempting to reconnect
    Socket between submit and execute hosts closed unexpectedly
    Trying to reconnect to slot10@t2bat0238.cmsaf.mit.edu <18.12.8.238:45183>
...
023 (566393.000.000) 08/20 21:02:25 Job reconnected to slot10@t2bat0238.cmsaf.mit.edu
    startd address: <18.12.8.238:45183>
    starter address: <18.12.8.238:49344>
...
005 (566393.000.000) 08/20 21:08:37 Job terminated.
	(1) Normal termination (return value 0)
		Usr 0 00:00:41, Sys 0 00:00:01  -  Run Remote Usage
		Usr 0 00:00:00, Sys 0 00:00:00  -  Run Local Usage
		Usr 0 00:00:41, Sys 0 00:00:01  -  Total Remote Usage
		Usr 0 00:00:00, Sys 0 00:00:00  -  Total Local Usage
	585999  -  Run Bytes Sent By Job
	62731  -  Run Bytes Received By Job
	585999  -  Total Bytes Sent By Job
	62731  -  Total Bytes Received By Job
	Partitionable Resources :    Usage  Request          
	   Cpus                 :                 1          
	   Disk (KB)            :      659      659          
	   Memory (MB)          :       82       82          
...
