
----------------------------------------------------
Job started on Mon Oct 12 11:35:17 EDT 2015 at WN: t2bat0141.cmsaf.mit.edu 
Job is running on Linux t2bat0141.cmsaf.mit.edu 2.6.32-358.el6.x86_64 #1 SMP Fri Feb 22 20:37:17 CST 2013 x86_64 x86_64 x86_64 GNU/Linux
Filesystem            Size  Used Avail Use% Mounted on
/dev/sda3              20G  2.4G   17G  13% /
tmpfs                 7.8G     0  7.8G   0% /dev/shm
/dev/sda1              97M   33M   60M  36% /boot
/dev/sda4             415G   56G  360G  14% /export/data1
/dev/sdb1             1.8T  1.5T  334G  82% /export/00b
/dev/sdc1             1.8T  1.5T  328G  83% /export/00c
/dev/sdd1             1.8T  1.5T  323G  83% /export/00d
/dev/sde1             1.8T  1.5T  321G  83% /export/00e
/dev/sdf1             1.8T  1.5T  339G  82% /export/00f
fuse_dfs              5.0P  4.0P  1.1P  80% /mnt/hadoop
cvmfs2                 98G   51G   48G  52% /cvmfs/cms.cern.ch
t2srv0004:/export/db  135G  187M  135G   1% /net/t2srv0004/db
gcc (GCC) 4.4.7 20120313 (Red Hat 4.4.7-3)
Copyright (C) 2010 Free Software Foundation, Inc.
This is free software; see the source for copying conditions.  There is NO
warranty; not even for MERCHANTABILITY or FITNESS FOR A PARTICULAR PURPOSE.

Processing...
0/80798
10000/80798
20000/80798
30000/80798
40000/80798
50000/80798
60000/80798
70000/80798
80000/80798
Macro finished: 
CPU time (min)  = 0.666833
Real time (min) = 1.89103
total 1.6M
-rw-r--r--  1 obaron obaron 108K Oct 12 11:01 jetRAA_PbPb_data_forest.txt
-rw-r--r--  1 obaron obaron  94K Oct 12 11:01 jetRAA_PbPb_data_akPu4_select.txt
-rw-r--r--  1 obaron obaron  94K Oct 12 11:01 jetRAA_PbPb_data_akPu3_select.txt
-rw-r--r--  1 obaron obaron  94K Oct 12 11:01 jetRAA_PbPb_data_akPu2_select.txt
-rw-r--r--  1 obaron obaron  70K Oct 12 11:21 RAA_read_data_pbpb.C
-rw-r--r--  1 obaron obaron  11K Oct 12 11:21 RAA_read_data_pbpb_C.d
-rwxr-xr-x  1 obaron obaron 101K Oct 12 11:21 RAA_read_data_pbpb_C.so
-rw-rw-r--  1 obaron obaron  61K Oct 12 11:35 jetRAA_run_PbPb_Data.tar
-rwxr-xr-x  1 obaron obaron 1.2K Oct 12 11:35 condor_exec.exe
drwxr-xr-x 19 condor root   4.0K Oct 12 11:35 ..
-rw-r--r--  1 condor condor 5.6K Oct 12 11:35 .machine.ad
-rw-r--r--  1 condor condor  20K Oct 12 11:35 .job.ad
-rwx------  1 obaron obaron   50 Oct 12 11:35 .chirp.config
-rw-r--r--  1 obaron obaron    0 Oct 12 11:35 _condor_stderr
drwx------  2 obaron obaron 4.0K Oct 12 11:35 .
-rw-r--r--  1 obaron obaron 1.4K Oct 12 11:37 _condor_stdout
-rw-r--r--  1 obaron obaron 874K Oct 12 11:37 PbPb_Data_histograms_FromForest_pileupCutFIX_ZDCmCut_30GeVcut_akPu4_20_eta_20_550.root
Done!
Copied output files to hadoop rootfiles/JetRAA/June29
