000 (556312.000.000) 08/12 14:10:44 Job submitted from host: <18.12.1.74:48322>
...
001 (556312.000.000) 08/12 14:12:24 Job executing on host: <18.12.9.82:48979>
...
006 (556312.000.000) 08/12 14:12:33 Image size of job updated: 193760
	82  -  MemoryUsage of job (MB)
	83000  -  ResidentSetSize of job (KB)
...
006 (556312.000.000) 08/12 14:17:34 Image size of job updated: 230216
	105  -  MemoryUsage of job (MB)
	106932  -  ResidentSetSize of job (KB)
...
005 (556312.000.000) 08/12 14:28:10 Job terminated.
	(1) Normal termination (return value 0)
		Usr 0 00:00:56, Sys 0 00:00:03  -  Run Remote Usage
		Usr 0 00:00:00, Sys 0 00:00:00  -  Run Local Usage
		Usr 0 00:00:56, Sys 0 00:00:03  -  Total Remote Usage
		Usr 0 00:00:00, Sys 0 00:00:00  -  Total Local Usage
	586176  -  Run Bytes Sent By Job
	62715  -  Run Bytes Received By Job
	586176  -  Total Bytes Sent By Job
	62715  -  Total Bytes Received By Job
	Partitionable Resources :    Usage  Request          
	   Cpus                 :                 1          
	   Disk (KB)            :      659      659          
	   Memory (MB)          :      105      105          
...
000 (557572.000.000) 08/13 11:57:19 Job submitted from host: <18.12.1.74:48322>
...
001 (557572.000.000) 08/13 12:01:49 Job executing on host: <18.12.9.63:42190>
...
006 (557572.000.000) 08/13 12:01:58 Image size of job updated: 2
	3  -  MemoryUsage of job (MB)
	2352  -  ResidentSetSize of job (KB)
...
006 (557572.000.000) 08/13 12:03:38 Image size of job updated: 230216
	3  -  MemoryUsage of job (MB)
	2352  -  ResidentSetSize of job (KB)
...
005 (557572.000.000) 08/13 12:03:38 Job terminated.
	(1) Normal termination (return value 0)
		Usr 0 00:00:53, Sys 0 00:00:01  -  Run Remote Usage
		Usr 0 00:00:00, Sys 0 00:00:00  -  Run Local Usage
		Usr 0 00:00:53, Sys 0 00:00:01  -  Total Remote Usage
		Usr 0 00:00:00, Sys 0 00:00:00  -  Total Local Usage
	586179  -  Run Bytes Sent By Job
	62715  -  Run Bytes Received By Job
	586179  -  Total Bytes Sent By Job
	62715  -  Total Bytes Received By Job
	Partitionable Resources :    Usage  Request          
	   Cpus                 :                 1          
	   Disk (KB)            :      659      659          
	   Memory (MB)          :        3        3          
...
000 (558088.000.000) 08/13 14:31:03 Job submitted from host: <18.12.1.74:48322>
...
001 (558088.000.000) 08/13 14:36:45 Job executing on host: <18.12.9.50:43066>
...
006 (558088.000.000) 08/13 14:36:54 Image size of job updated: 2
	3  -  MemoryUsage of job (MB)
	2344  -  ResidentSetSize of job (KB)
...
006 (558088.000.000) 08/13 14:38:13 Image size of job updated: 238268
	3  -  MemoryUsage of job (MB)
	2344  -  ResidentSetSize of job (KB)
...
005 (558088.000.000) 08/13 14:38:14 Job terminated.
	(1) Normal termination (return value 0)
		Usr 0 00:00:56, Sys 0 00:00:01  -  Run Remote Usage
		Usr 0 00:00:00, Sys 0 00:00:00  -  Run Local Usage
		Usr 0 00:00:56, Sys 0 00:00:01  -  Total Remote Usage
		Usr 0 00:00:00, Sys 0 00:00:00  -  Total Local Usage
	586176  -  Run Bytes Sent By Job
	62714  -  Run Bytes Received By Job
	586176  -  Total Bytes Sent By Job
	62714  -  Total Bytes Received By Job
	Partitionable Resources :    Usage  Request          
	   Cpus                 :                 1          
	   Disk (KB)            :      659      659          
	   Memory (MB)          :        3        3          
...
000 (565425.000.000) 08/20 12:34:16 Job submitted from host: <18.12.1.74:48322>
...
001 (565425.000.000) 08/20 12:37:19 Job executing on host: <18.12.9.55:44599>
...
006 (565425.000.000) 08/20 12:37:29 Image size of job updated: 2
	3  -  MemoryUsage of job (MB)
	2344  -  ResidentSetSize of job (KB)
...
006 (565425.000.000) 08/20 12:38:51 Image size of job updated: 230212
	3  -  MemoryUsage of job (MB)
	2344  -  ResidentSetSize of job (KB)
...
022 (565425.000.000) 08/20 12:38:56 Job disconnected, attempting to reconnect
    Socket between submit and execute hosts closed unexpectedly
    Trying to reconnect to slot27@t2bat0311.cmsaf.mit.edu <18.12.9.55:44599>
...
023 (565425.000.000) 08/20 12:38:56 Job reconnected to slot27@t2bat0311.cmsaf.mit.edu
    startd address: <18.12.9.55:44599>
    starter address: <18.12.9.55:46644>
...
005 (565425.000.000) 08/20 12:47:15 Job terminated.
	(1) Normal termination (return value 0)
		Usr 0 00:00:51, Sys 0 00:00:01  -  Run Remote Usage
		Usr 0 00:00:00, Sys 0 00:00:00  -  Run Local Usage
		Usr 0 00:00:51, Sys 0 00:00:01  -  Total Remote Usage
		Usr 0 00:00:00, Sys 0 00:00:00  -  Total Local Usage
	586231  -  Run Bytes Sent By Job
	62731  -  Run Bytes Received By Job
	586231  -  Total Bytes Sent By Job
	62731  -  Total Bytes Received By Job
	Partitionable Resources :    Usage  Request          
	   Cpus                 :                 1          
	   Disk (KB)            :      659      659          
	   Memory (MB)          :        3        3          
...
