
----------------------------------------------------
Job started on Thu Aug 20 12:47:12 EDT 2015 at WN: t2bat0337.cmsaf.mit.edu 
Job is running on Linux t2bat0337.cmsaf.mit.edu 2.6.32-358.el6.x86_64 #1 SMP Fri Feb 22 20:37:17 CST 2013 x86_64 x86_64 x86_64 GNU/Linux
Filesystem            Size  Used Avail Use% Mounted on
/dev/sda3              20G   13G  6.0G  68% /
tmpfs                  32G     0   32G   0% /dev/shm
/dev/sda1              97M   32M   61M  35% /boot
/dev/sda4             416G  101G  315G  25% /export/data1
fuse_dfs              4.9P  4.6P  328T  94% /mnt/hadoop
/dev/sdb1             3.6T  3.4T  267G  93% /export/00b
/dev/sdc1             3.6T  3.4T  277G  93% /export/00c
/dev/sdd1             3.6T  3.4T  241G  94% /export/00d
/dev/sde1             3.6T  3.4T  280G  93% /export/00e
/dev/sdf1             3.6T  3.3T  307G  92% /export/00f
/dev/sdg1             3.6T  3.3T  299G  92% /export/00g
cvmfs2                 98G   76G   23G  78% /cvmfs/cms.cern.ch
t2srv0004:/export/db  135G  187M  135G   1% /net/t2srv0004/db
cvmfs2                 98G   76G   23G  78% /cvmfs/oasis.opensciencegrid.org
cvmfs2                 98G   76G   23G  78% /cvmfs/cdfcfs.fnal.gov
cvmfs2                 98G   76G   23G  78% /cvmfs/cvmfs.cmsaf.mit.edu
gcc (GCC) 4.4.7 20120313 (Red Hat 4.4.7-3)
Copyright (C) 2010 Free Software Foundation, Inc.
This is free software; see the source for copying conditions.  There is NO
warranty; not even for MERCHANTABILITY or FITNESS FOR A PARTICULAR PURPOSE.

Processing...
0/201713
10000/201713
20000/201713
30000/201713
40000/201713
50000/201713
60000/201713
70000/201713
80000/201713
90000/201713
100000/201713
110000/201713
120000/201713
130000/201713
140000/201713
150000/201713
160000/201713
170000/201713
180000/201713
190000/201713
200000/201713
Macro finished: 
CPU time (min)  = 1.65817
Real time (min) = 13.1271
total 1.8M
-rw-r--r--  1 obaron obaron 108K Aug 13 15:28 jetRAA_PbPb_data_forest.txt
-rw-r--r--  1 obaron obaron  94K Aug 13 15:28 jetRAA_PbPb_data_akPu4_select.txt
-rw-r--r--  1 obaron obaron  94K Aug 13 15:28 jetRAA_PbPb_data_akPu3_select.txt
-rw-r--r--  1 obaron obaron  94K Aug 13 15:28 jetRAA_PbPb_data_akPu2_select.txt
-rw-r--r--  1 obaron obaron  70K Aug 20 12:29 RAA_read_data_pbpb.C
-rw-r--r--  1 obaron obaron  11K Aug 20 12:30 RAA_read_data_pbpb_C.d
-rwxr-xr-x  1 obaron obaron 101K Aug 20 12:30 RAA_read_data_pbpb_C.so
-rw-r--r--  1 condor condor 5.6K Aug 20 12:47 .machine.ad
-rw-r--r--  1 condor condor  20K Aug 20 12:47 .job.ad
-rwx------  1 obaron obaron   49 Aug 20 12:47 .chirp.config
-rw-rw-r--  1 obaron obaron  61K Aug 20 12:47 jetRAA_run_PbPb_Data.tar
-rwxr-xr-x  1 obaron obaron 1.2K Aug 20 12:47 condor_exec.exe
drwx------  2 obaron obaron 4.0K Aug 20 12:47 .
-rw-r--r--  1 obaron obaron  678 Aug 20 12:47 _condor_stderr
drwxr-xr-x 33 condor root   4.0K Aug 20 12:59 ..
-rw-r--r--  1 obaron obaron 1.9K Aug 20 13:00 _condor_stdout
-rw-r--r--  1 obaron obaron 1.1M Aug 20 13:00 PbPb_Data_histograms_FromForest_pileupCutFIX_ZDCmCut_akPu4_20_eta_20_340.root
Done!
Copied output files to hadoop rootfiles/JetRAA/June29
