000 (556066.000.000) 08/12 11:33:41 Job submitted from host: <18.12.1.74:48322>
...
001 (556066.000.000) 08/12 11:51:32 Job executing on host: <18.12.8.35:49344>
...
006 (556066.000.000) 08/12 11:51:40 Image size of job updated: 2
	3  -  MemoryUsage of job (MB)
	2348  -  ResidentSetSize of job (KB)
...
006 (556066.000.000) 08/12 11:55:49 Image size of job updated: 230240
	3  -  MemoryUsage of job (MB)
	2348  -  ResidentSetSize of job (KB)
...
005 (556066.000.000) 08/12 11:55:49 Job terminated.
	(1) Normal termination (return value 0)
		Usr 0 00:01:35, Sys 0 00:00:04  -  Run Remote Usage
		Usr 0 00:00:00, Sys 0 00:00:00  -  Run Local Usage
		Usr 0 00:01:35, Sys 0 00:00:04  -  Total Remote Usage
		Usr 0 00:00:00, Sys 0 00:00:00  -  Total Local Usage
	586133  -  Run Bytes Sent By Job
	62715  -  Run Bytes Received By Job
	586133  -  Total Bytes Sent By Job
	62715  -  Total Bytes Received By Job
	Partitionable Resources :    Usage  Request          
	   Cpus                 :                 1          
	   Disk (KB)            :      659      659          
	   Memory (MB)          :        3        3          
...
000 (566435.000.000) 08/20 21:03:09 Job submitted from host: <18.12.1.74:48322>
...
007 (566435.000.000) 08/20 21:04:13 Shadow exception!
	Error from slot21@t2bat0339.cmsaf.mit.edu: Failed to transfer files
	0  -  Run Bytes Sent By Job
	0  -  Run Bytes Received By Job
...
007 (566435.000.000) 08/20 21:04:23 Shadow exception!
	Error from slot28@t2bat0334.cmsaf.mit.edu: Failed to transfer files
	0  -  Run Bytes Sent By Job
	0  -  Run Bytes Received By Job
...
007 (566435.000.000) 08/20 21:04:31 Shadow exception!
	Error from slot28@t2bat0334.cmsaf.mit.edu: Failed to transfer files
	0  -  Run Bytes Sent By Job
	0  -  Run Bytes Received By Job
...
007 (566435.000.000) 08/20 21:05:22 Shadow exception!
	Error from slot31@t2bat0302.cmsaf.mit.edu: Failed to transfer files
	0  -  Run Bytes Sent By Job
	0  -  Run Bytes Received By Job
...
007 (566435.000.000) 08/20 21:05:27 Shadow exception!
	Error from slot27@t2bat0297.cmsaf.mit.edu: Failed to transfer files
	0  -  Run Bytes Sent By Job
	0  -  Run Bytes Received By Job
...
007 (566435.000.000) 08/20 21:05:34 Shadow exception!
	Error from slot27@t2bat0286.cmsaf.mit.edu: Failed to transfer files
	0  -  Run Bytes Sent By Job
	0  -  Run Bytes Received By Job
...
001 (566435.000.000) 08/20 21:05:47 Job executing on host: <18.12.9.30:44672>
...
006 (566435.000.000) 08/20 21:05:56 Image size of job updated: 193800
	78  -  MemoryUsage of job (MB)
	79564  -  ResidentSetSize of job (KB)
...
006 (566435.000.000) 08/20 21:10:17 Image size of job updated: 230240
	78  -  MemoryUsage of job (MB)
	79564  -  ResidentSetSize of job (KB)
...
005 (566435.000.000) 08/20 21:16:28 Job terminated.
	(1) Normal termination (return value 0)
		Usr 0 00:00:58, Sys 0 00:00:01  -  Run Remote Usage
		Usr 0 00:00:00, Sys 0 00:00:00  -  Run Local Usage
		Usr 0 00:00:58, Sys 0 00:00:01  -  Total Remote Usage
		Usr 0 00:00:00, Sys 0 00:00:00  -  Total Local Usage
	586384  -  Run Bytes Sent By Job
	62731  -  Run Bytes Received By Job
	586384  -  Total Bytes Sent By Job
	62731  -  Total Bytes Received By Job
	Partitionable Resources :    Usage  Request          
	   Cpus                 :                 1          
	   Disk (KB)            :      659      659          
	   Memory (MB)          :       78       78          
...
000 (782440.000.000) 10/01 13:04:27 Job submitted from host: <18.12.1.74:47665>
...
001 (782440.000.000) 10/01 13:14:37 Job executing on host: <18.12.9.68:47957>
...
006 (782440.000.000) 10/01 13:14:46 Image size of job updated: 66156
	8  -  MemoryUsage of job (MB)
	7856  -  ResidentSetSize of job (KB)
...
006 (782440.000.000) 10/01 13:19:15 Image size of job updated: 230240
	8  -  MemoryUsage of job (MB)
	7856  -  ResidentSetSize of job (KB)
...
005 (782440.000.000) 10/01 13:19:15 Job terminated.
	(1) Normal termination (return value 0)
		Usr 0 00:00:38, Sys 0 00:00:00  -  Run Remote Usage
		Usr 0 00:00:00, Sys 0 00:00:00  -  Run Local Usage
		Usr 0 00:00:38, Sys 0 00:00:00  -  Total Remote Usage
		Usr 0 00:00:00, Sys 0 00:00:00  -  Total Local Usage
	586105  -  Run Bytes Sent By Job
	62730  -  Run Bytes Received By Job
	586105  -  Total Bytes Sent By Job
	62730  -  Total Bytes Received By Job
	Partitionable Resources :    Usage  Request          
	   Cpus                 :                 1          
	   Disk (KB)            :      659      659          
	   Memory (MB)          :        8        8          
...
000 (782621.000.000) 10/01 14:31:18 Job submitted from host: <18.12.1.74:47665>
...
001 (782621.000.000) 10/01 14:33:18 Job executing on host: <18.12.8.13:48541>
...
006 (782621.000.000) 10/01 14:33:26 Image size of job updated: 2
	3  -  MemoryUsage of job (MB)
	2348  -  ResidentSetSize of job (KB)
...
006 (782621.000.000) 10/01 14:40:30 Image size of job updated: 227212
	105  -  MemoryUsage of job (MB)
	107284  -  ResidentSetSize of job (KB)
...
006 (782621.000.000) 10/01 14:46:09 Image size of job updated: 233596
	105  -  MemoryUsage of job (MB)
	107284  -  ResidentSetSize of job (KB)
...
005 (782621.000.000) 10/01 14:50:21 Job terminated.
	(1) Normal termination (return value 0)
		Usr 0 00:00:32, Sys 0 00:00:01  -  Run Remote Usage
		Usr 0 00:00:00, Sys 0 00:00:00  -  Run Local Usage
		Usr 0 00:00:32, Sys 0 00:00:01  -  Total Remote Usage
		Usr 0 00:00:00, Sys 0 00:00:00  -  Total Local Usage
	2828707  -  Run Bytes Sent By Job
	62736  -  Run Bytes Received By Job
	2828707  -  Total Bytes Sent By Job
	62736  -  Total Bytes Received By Job
	Partitionable Resources :    Usage  Request          
	   Cpus                 :                 1          
	   Disk (KB)            :     2849     2849          
	   Memory (MB)          :      105      105          
...
000 (788162.000.000) 10/09 09:23:40 Job submitted from host: <18.12.1.74:45913>
...
001 (788162.000.000) 10/09 09:24:06 Job executing on host: <18.12.12.8:45694>
...
006 (788162.000.000) 10/09 09:24:15 Image size of job updated: 9524
	2  -  MemoryUsage of job (MB)
	1320  -  ResidentSetSize of job (KB)
...
006 (788162.000.000) 10/09 09:26:34 Image size of job updated: 230252
	2  -  MemoryUsage of job (MB)
	1320  -  ResidentSetSize of job (KB)
...
005 (788162.000.000) 10/09 09:26:34 Job terminated.
	(1) Normal termination (return value 0)
		Usr 0 00:00:59, Sys 0 00:00:01  -  Run Remote Usage
		Usr 0 00:00:00, Sys 0 00:00:00  -  Run Local Usage
		Usr 0 00:00:59, Sys 0 00:00:01  -  Total Remote Usage
		Usr 0 00:00:00, Sys 0 00:00:00  -  Total Local Usage
	585367  -  Run Bytes Sent By Job
	62698  -  Run Bytes Received By Job
	585367  -  Total Bytes Sent By Job
	62698  -  Total Bytes Received By Job
	Partitionable Resources :    Usage  Request          
	   Cpus                 :                 1          
	   Disk (KB)            :      658      658          
	   Memory (MB)          :        2        2          
...
000 (788527.000.000) 10/12 09:48:01 Job submitted from host: <18.12.1.74:45913>
...
001 (788527.000.000) 10/12 09:54:38 Job executing on host: <18.12.8.101:40365>
...
006 (788527.000.000) 10/12 09:54:46 Image size of job updated: 2
	3  -  MemoryUsage of job (MB)
	2352  -  ResidentSetSize of job (KB)
...
006 (788527.000.000) 10/12 09:56:03 Image size of job updated: 230088
	3  -  MemoryUsage of job (MB)
	2352  -  ResidentSetSize of job (KB)
...
005 (788527.000.000) 10/12 09:56:03 Job terminated.
	(1) Normal termination (return value 0)
		Usr 0 00:00:36, Sys 0 00:00:01  -  Run Remote Usage
		Usr 0 00:00:00, Sys 0 00:00:00  -  Run Local Usage
		Usr 0 00:00:36, Sys 0 00:00:01  -  Total Remote Usage
		Usr 0 00:00:00, Sys 0 00:00:00  -  Total Local Usage
	585085  -  Run Bytes Sent By Job
	62703  -  Run Bytes Received By Job
	585085  -  Total Bytes Sent By Job
	62703  -  Total Bytes Received By Job
	Partitionable Resources :    Usage  Request          
	   Cpus                 :                 1          
	   Disk (KB)            :      658      658          
	   Memory (MB)          :        3        3          
...
