000 (554183.000.000) 08/11 09:09:00 Job submitted from host: <18.12.1.74:48322>
...
001 (554183.000.000) 08/11 09:09:09 Job executing on host: <18.12.6.31:42701>
...
006 (554183.000.000) 08/11 09:09:18 Image size of job updated: 2
	3  -  MemoryUsage of job (MB)
	2340  -  ResidentSetSize of job (KB)
...
006 (554183.000.000) 08/11 09:10:32 Image size of job updated: 230224
	3  -  MemoryUsage of job (MB)
	2340  -  ResidentSetSize of job (KB)
...
005 (554183.000.000) 08/11 09:10:32 Job terminated.
	(1) Normal termination (return value 0)
		Usr 0 00:00:42, Sys 0 00:00:00  -  Run Remote Usage
		Usr 0 00:00:00, Sys 0 00:00:00  -  Run Local Usage
		Usr 0 00:00:42, Sys 0 00:00:00  -  Total Remote Usage
		Usr 0 00:00:00, Sys 0 00:00:00  -  Total Local Usage
	585891  -  Run Bytes Sent By Job
	62717  -  Run Bytes Received By Job
	585891  -  Total Bytes Sent By Job
	62717  -  Total Bytes Received By Job
	Partitionable Resources :    Usage  Request          
	   Cpus                 :                 1          
	   Disk (KB)            :      658      658          
	   Memory (MB)          :        3        3          
...
000 (557898.000.000) 08/13 13:34:13 Job submitted from host: <18.12.1.74:48322>
...
001 (557898.000.000) 08/13 13:37:44 Job executing on host: <18.12.9.80:43650>
...
006 (557898.000.000) 08/13 13:37:53 Image size of job updated: 2
	3  -  MemoryUsage of job (MB)
	2352  -  ResidentSetSize of job (KB)
...
006 (557898.000.000) 08/13 13:40:33 Image size of job updated: 230216
	3  -  MemoryUsage of job (MB)
	2352  -  ResidentSetSize of job (KB)
...
005 (557898.000.000) 08/13 13:40:33 Job terminated.
	(1) Normal termination (return value 0)
		Usr 0 00:00:51, Sys 0 00:00:01  -  Run Remote Usage
		Usr 0 00:00:00, Sys 0 00:00:00  -  Run Local Usage
		Usr 0 00:00:51, Sys 0 00:00:01  -  Total Remote Usage
		Usr 0 00:00:00, Sys 0 00:00:00  -  Total Local Usage
	586179  -  Run Bytes Sent By Job
	62720  -  Run Bytes Received By Job
	586179  -  Total Bytes Sent By Job
	62720  -  Total Bytes Received By Job
	Partitionable Resources :    Usage  Request          
	   Cpus                 :                 1          
	   Disk (KB)            :      659      659          
	   Memory (MB)          :        3        3          
...
000 (566189.000.000) 08/20 20:18:51 Job submitted from host: <18.12.1.74:48322>
...
001 (566189.000.000) 08/20 20:19:11 Job executing on host: <18.12.9.71:41606>
...
006 (566189.000.000) 08/20 20:19:21 Image size of job updated: 187636
	71  -  MemoryUsage of job (MB)
	72580  -  ResidentSetSize of job (KB)
...
006 (566189.000.000) 08/20 20:21:51 Image size of job updated: 230216
	71  -  MemoryUsage of job (MB)
	72580  -  ResidentSetSize of job (KB)
...
005 (566189.000.000) 08/20 20:28:25 Job terminated.
	(1) Normal termination (return value 0)
		Usr 0 00:00:47, Sys 0 00:00:01  -  Run Remote Usage
		Usr 0 00:00:00, Sys 0 00:00:00  -  Run Local Usage
		Usr 0 00:00:47, Sys 0 00:00:01  -  Total Remote Usage
		Usr 0 00:00:00, Sys 0 00:00:00  -  Total Local Usage
	586234  -  Run Bytes Sent By Job
	62732  -  Run Bytes Received By Job
	586234  -  Total Bytes Sent By Job
	62732  -  Total Bytes Received By Job
	Partitionable Resources :    Usage  Request          
	   Cpus                 :                 1          
	   Disk (KB)            :      659      659          
	   Memory (MB)          :       71       71          
...
000 (782737.000.000) 10/01 15:55:17 Job submitted from host: <18.12.1.74:47665>
...
007 (782737.000.000) 10/01 15:55:44 Shadow exception!
	Error from slot16@t2bat0191.cmsaf.mit.edu: Failed to transfer files
	0  -  Run Bytes Sent By Job
	0  -  Run Bytes Received By Job
...
007 (782737.000.000) 10/01 15:55:47 Shadow exception!
	Error from slot13@t2bat0219.cmsaf.mit.edu: Failed to transfer files
	0  -  Run Bytes Sent By Job
	0  -  Run Bytes Received By Job
...
007 (782737.000.000) 10/01 15:55:50 Shadow exception!
	Error from slot14@t2bat0233.cmsaf.mit.edu: Failed to transfer files
	0  -  Run Bytes Sent By Job
	0  -  Run Bytes Received By Job
...
001 (782737.000.000) 10/01 15:55:58 Job executing on host: <18.12.8.233:46570>
...
006 (782737.000.000) 10/01 15:56:07 Image size of job updated: 2
	3  -  MemoryUsage of job (MB)
	2344  -  ResidentSetSize of job (KB)
...
006 (782737.000.000) 10/01 16:00:05 Image size of job updated: 230216
	3  -  MemoryUsage of job (MB)
	2344  -  ResidentSetSize of job (KB)
...
005 (782737.000.000) 10/01 16:06:05 Job terminated.
	(1) Normal termination (return value 0)
		Usr 0 00:00:44, Sys 0 00:00:00  -  Run Remote Usage
		Usr 0 00:00:00, Sys 0 00:00:00  -  Run Local Usage
		Usr 0 00:00:44, Sys 0 00:00:00  -  Total Remote Usage
		Usr 0 00:00:00, Sys 0 00:00:00  -  Total Local Usage
	586252  -  Run Bytes Sent By Job
	62734  -  Run Bytes Received By Job
	586252  -  Total Bytes Sent By Job
	62734  -  Total Bytes Received By Job
	Partitionable Resources :    Usage  Request          
	   Cpus                 :                 1          
	   Disk (KB)            :      659      659          
	   Memory (MB)          :        3        3          
...
000 (785895.000.000) 10/05 14:18:58 Job submitted from host: <18.12.1.74:45913>
...
001 (785895.000.000) 10/05 14:19:18 Job executing on host: <18.12.8.118:42628>
...
006 (785895.000.000) 10/05 14:19:26 Image size of job updated: 187644
	71  -  MemoryUsage of job (MB)
	72568  -  ResidentSetSize of job (KB)
...
006 (785895.000.000) 10/05 14:20:16 Image size of job updated: 230216
	71  -  MemoryUsage of job (MB)
	72568  -  ResidentSetSize of job (KB)
...
005 (785895.000.000) 10/05 14:20:16 Job terminated.
	(1) Normal termination (return value 0)
		Usr 0 00:00:35, Sys 0 00:00:01  -  Run Remote Usage
		Usr 0 00:00:00, Sys 0 00:00:00  -  Run Local Usage
		Usr 0 00:00:35, Sys 0 00:00:01  -  Total Remote Usage
		Usr 0 00:00:00, Sys 0 00:00:00  -  Total Local Usage
	586162  -  Run Bytes Sent By Job
	62732  -  Run Bytes Received By Job
	586162  -  Total Bytes Sent By Job
	62732  -  Total Bytes Received By Job
	Partitionable Resources :    Usage  Request          
	   Cpus                 :                 1          
	   Disk (KB)            :      659      659          
	   Memory (MB)          :       71       71          
...
000 (786261.000.000) 10/07 09:51:13 Job submitted from host: <18.12.1.74:45913>
...
001 (786261.000.000) 10/07 09:53:51 Job executing on host: <18.12.8.122:42482>
...
006 (786261.000.000) 10/07 09:53:59 Image size of job updated: 193760
	78  -  MemoryUsage of job (MB)
	79556  -  ResidentSetSize of job (KB)
...
006 (786261.000.000) 10/07 09:56:10 Image size of job updated: 230220
	78  -  MemoryUsage of job (MB)
	79556  -  ResidentSetSize of job (KB)
...
005 (786261.000.000) 10/07 09:56:10 Job terminated.
	(1) Normal termination (return value 0)
		Usr 0 00:00:42, Sys 0 00:00:01  -  Run Remote Usage
		Usr 0 00:00:00, Sys 0 00:00:00  -  Run Local Usage
		Usr 0 00:00:42, Sys 0 00:00:01  -  Total Remote Usage
		Usr 0 00:00:00, Sys 0 00:00:00  -  Total Local Usage
	586054  -  Run Bytes Sent By Job
	62734  -  Run Bytes Received By Job
	586054  -  Total Bytes Sent By Job
	62734  -  Total Bytes Received By Job
	Partitionable Resources :    Usage  Request          
	   Cpus                 :                 1          
	   Disk (KB)            :      658      658          
	   Memory (MB)          :       78       78          
...
000 (786442.000.000) 10/07 11:12:45 Job submitted from host: <18.12.1.74:45913>
...
001 (786442.000.000) 10/07 11:15:33 Job executing on host: <18.12.8.200:44672>
...
006 (786442.000.000) 10/07 11:15:41 Image size of job updated: 2
	2  -  MemoryUsage of job (MB)
	1732  -  ResidentSetSize of job (KB)
...
006 (786442.000.000) 10/07 11:17:04 Image size of job updated: 230248
	2  -  MemoryUsage of job (MB)
	1732  -  ResidentSetSize of job (KB)
...
005 (786442.000.000) 10/07 11:17:04 Job terminated.
	(1) Normal termination (return value 0)
		Usr 0 00:00:55, Sys 0 00:00:00  -  Run Remote Usage
		Usr 0 00:00:00, Sys 0 00:00:00  -  Run Local Usage
		Usr 0 00:00:55, Sys 0 00:00:00  -  Total Remote Usage
		Usr 0 00:00:00, Sys 0 00:00:00  -  Total Local Usage
	585155  -  Run Bytes Sent By Job
	62746  -  Run Bytes Received By Job
	585155  -  Total Bytes Sent By Job
	62746  -  Total Bytes Received By Job
	Partitionable Resources :    Usage  Request          
	   Cpus                 :                 1          
	   Disk (KB)            :      658      658          
	   Memory (MB)          :        2        2          
...
000 (787369.000.000) 10/08 12:42:31 Job submitted from host: <18.12.1.74:45913>
...
001 (787369.000.000) 10/08 12:45:01 Job executing on host: <18.12.8.73:49928>
...
006 (787369.000.000) 10/08 12:45:09 Image size of job updated: 2
	3  -  MemoryUsage of job (MB)
	2344  -  ResidentSetSize of job (KB)
...
006 (787369.000.000) 10/08 12:46:14 Image size of job updated: 230204
	3  -  MemoryUsage of job (MB)
	2344  -  ResidentSetSize of job (KB)
...
005 (787369.000.000) 10/08 12:46:14 Job terminated.
	(1) Normal termination (return value 0)
		Usr 0 00:00:42, Sys 0 00:00:01  -  Run Remote Usage
		Usr 0 00:00:00, Sys 0 00:00:00  -  Run Local Usage
		Usr 0 00:00:42, Sys 0 00:00:01  -  Total Remote Usage
		Usr 0 00:00:00, Sys 0 00:00:00  -  Total Local Usage
	585270  -  Run Bytes Sent By Job
	62749  -  Run Bytes Received By Job
	585270  -  Total Bytes Sent By Job
	62749  -  Total Bytes Received By Job
	Partitionable Resources :    Usage  Request          
	   Cpus                 :                 1          
	   Disk (KB)            :      658      658          
	   Memory (MB)          :        3        3          
...
000 (787551.000.000) 10/08 14:27:03 Job submitted from host: <18.12.1.74:45913>
...
001 (787551.000.000) 10/08 14:31:44 Job executing on host: <18.12.9.74:45110>
...
006 (787551.000.000) 10/08 14:31:53 Image size of job updated: 230072
	94  -  MemoryUsage of job (MB)
	95796  -  ResidentSetSize of job (KB)
...
006 (787551.000.000) 10/08 14:32:54 Image size of job updated: 230204
	94  -  MemoryUsage of job (MB)
	95796  -  ResidentSetSize of job (KB)
...
005 (787551.000.000) 10/08 14:32:54 Job terminated.
	(1) Normal termination (return value 0)
		Usr 0 00:00:47, Sys 0 00:00:00  -  Run Remote Usage
		Usr 0 00:00:00, Sys 0 00:00:00  -  Run Local Usage
		Usr 0 00:00:47, Sys 0 00:00:00  -  Total Remote Usage
		Usr 0 00:00:00, Sys 0 00:00:00  -  Total Local Usage
	585335  -  Run Bytes Sent By Job
	62691  -  Run Bytes Received By Job
	585335  -  Total Bytes Sent By Job
	62691  -  Total Bytes Received By Job
	Partitionable Resources :    Usage  Request          
	   Cpus                 :                 1          
	   Disk (KB)            :      658      658          
	   Memory (MB)          :       94       94          
...
000 (787734.000.000) 10/08 15:16:24 Job submitted from host: <18.12.1.74:45913>
...
001 (787734.000.000) 10/08 15:16:59 Job executing on host: <18.12.9.36:44380>
...
006 (787734.000.000) 10/08 15:17:07 Image size of job updated: 2
	3  -  MemoryUsage of job (MB)
	2352  -  ResidentSetSize of job (KB)
...
006 (787734.000.000) 10/08 15:21:24 Image size of job updated: 230200
	3  -  MemoryUsage of job (MB)
	2352  -  ResidentSetSize of job (KB)
...
005 (787734.000.000) 10/08 15:21:25 Job terminated.
	(1) Normal termination (return value 0)
		Usr 0 00:00:52, Sys 0 00:00:01  -  Run Remote Usage
		Usr 0 00:00:00, Sys 0 00:00:00  -  Run Local Usage
		Usr 0 00:00:52, Sys 0 00:00:01  -  Total Remote Usage
		Usr 0 00:00:00, Sys 0 00:00:00  -  Total Local Usage
	585399  -  Run Bytes Sent By Job
	62696  -  Run Bytes Received By Job
	585399  -  Total Bytes Sent By Job
	62696  -  Total Bytes Received By Job
	Partitionable Resources :    Usage  Request          
	   Cpus                 :                 1          
	   Disk (KB)            :      658      658          
	   Memory (MB)          :        3        3          
...
000 (788644.000.000) 10/12 10:42:23 Job submitted from host: <18.12.1.74:45913>
...
001 (788644.000.000) 10/12 10:46:08 Job executing on host: <18.12.9.54:49928>
...
006 (788644.000.000) 10/12 10:46:17 Image size of job updated: 224956
	89  -  MemoryUsage of job (MB)
	90864  -  ResidentSetSize of job (KB)
...
006 (788644.000.000) 10/12 10:47:39 Image size of job updated: 230208
	89  -  MemoryUsage of job (MB)
	90864  -  ResidentSetSize of job (KB)
...
005 (788644.000.000) 10/12 10:47:39 Job terminated.
	(1) Normal termination (return value 0)
		Usr 0 00:00:45, Sys 0 00:00:01  -  Run Remote Usage
		Usr 0 00:00:00, Sys 0 00:00:00  -  Run Local Usage
		Usr 0 00:00:45, Sys 0 00:00:01  -  Total Remote Usage
		Usr 0 00:00:00, Sys 0 00:00:00  -  Total Local Usage
	585253  -  Run Bytes Sent By Job
	62704  -  Run Bytes Received By Job
	585253  -  Total Bytes Sent By Job
	62704  -  Total Bytes Received By Job
	Partitionable Resources :    Usage  Request          
	   Cpus                 :                 1          
	   Disk (KB)            :      658      658          
	   Memory (MB)          :       89       89          
...
