000 (556109.000.000) 08/12 11:33:45 Job submitted from host: <18.12.1.74:48322>
...
001 (556109.000.000) 08/12 11:58:58 Job executing on host: <18.12.9.36:47227>
...
006 (556109.000.000) 08/12 11:59:07 Image size of job updated: 187684
	71  -  MemoryUsage of job (MB)
	72572  -  ResidentSetSize of job (KB)
...
006 (556109.000.000) 08/12 12:04:08 Image size of job updated: 229952
	99  -  MemoryUsage of job (MB)
	100872  -  ResidentSetSize of job (KB)
...
005 (556109.000.000) 08/12 12:08:42 Job terminated.
	(1) Normal termination (return value 0)
		Usr 0 00:00:36, Sys 0 00:00:01  -  Run Remote Usage
		Usr 0 00:00:00, Sys 0 00:00:00  -  Run Local Usage
		Usr 0 00:00:36, Sys 0 00:00:01  -  Total Remote Usage
		Usr 0 00:00:00, Sys 0 00:00:00  -  Total Local Usage
	586202  -  Run Bytes Sent By Job
	62715  -  Run Bytes Received By Job
	586202  -  Total Bytes Sent By Job
	62715  -  Total Bytes Received By Job
	Partitionable Resources :    Usage  Request          
	   Cpus                 :                 1          
	   Disk (KB)            :      659      659          
	   Memory (MB)          :       99       99          
...
000 (566478.000.000) 08/20 21:06:44 Job submitted from host: <18.12.1.74:48322>
...
001 (566478.000.000) 08/20 21:07:03 Job executing on host: <18.12.6.12:43869>
...
006 (566478.000.000) 08/20 21:07:12 Image size of job updated: 229952
	93  -  MemoryUsage of job (MB)
	94804  -  ResidentSetSize of job (KB)
...
005 (566478.000.000) 08/20 21:14:28 Job terminated.
	(1) Normal termination (return value 0)
		Usr 0 00:00:34, Sys 0 00:00:00  -  Run Remote Usage
		Usr 0 00:00:00, Sys 0 00:00:00  -  Run Local Usage
		Usr 0 00:00:34, Sys 0 00:00:00  -  Total Remote Usage
		Usr 0 00:00:00, Sys 0 00:00:00  -  Total Local Usage
	585990  -  Run Bytes Sent By Job
	62731  -  Run Bytes Received By Job
	585990  -  Total Bytes Sent By Job
	62731  -  Total Bytes Received By Job
	Partitionable Resources :    Usage  Request          
	   Cpus                 :                 1          
	   Disk (KB)            :      659      659          
	   Memory (MB)          :       93       93          
...
