000 (556096.000.000) 08/12 11:33:44 Job submitted from host: <18.12.1.74:48322>
...
001 (556096.000.000) 08/12 11:57:20 Job executing on host: <18.12.8.230:41387>
...
006 (556096.000.000) 08/12 11:57:28 Image size of job updated: 2
	3  -  MemoryUsage of job (MB)
	2352  -  ResidentSetSize of job (KB)
...
006 (556096.000.000) 08/12 12:00:13 Image size of job updated: 230348
	3  -  MemoryUsage of job (MB)
	2352  -  ResidentSetSize of job (KB)
...
005 (556096.000.000) 08/12 12:00:14 Job terminated.
	(1) Normal termination (return value 0)
		Usr 0 00:01:05, Sys 0 00:00:01  -  Run Remote Usage
		Usr 0 00:00:00, Sys 0 00:00:00  -  Run Local Usage
		Usr 0 00:01:05, Sys 0 00:00:01  -  Total Remote Usage
		Usr 0 00:00:00, Sys 0 00:00:00  -  Total Local Usage
	586165  -  Run Bytes Sent By Job
	62715  -  Run Bytes Received By Job
	586165  -  Total Bytes Sent By Job
	62715  -  Total Bytes Received By Job
	Partitionable Resources :    Usage  Request          
	   Cpus                 :                 1          
	   Disk (KB)            :      659      659          
	   Memory (MB)          :        3        3          
...
000 (566465.000.000) 08/20 21:05:44 Job submitted from host: <18.12.1.74:48322>
...
007 (566465.000.000) 08/20 21:07:00 Shadow exception!
	Error from slot22@t2bat0286.cmsaf.mit.edu: Failed to transfer files
	0  -  Run Bytes Sent By Job
	0  -  Run Bytes Received By Job
...
001 (566465.000.000) 08/20 21:07:03 Job executing on host: <18.12.9.30:44672>
...
006 (566465.000.000) 08/20 21:07:12 Image size of job updated: 66088
	4  -  MemoryUsage of job (MB)
	3268  -  ResidentSetSize of job (KB)
...
006 (566465.000.000) 08/20 21:12:13 Image size of job updated: 230348
	96  -  MemoryUsage of job (MB)
	98096  -  ResidentSetSize of job (KB)
...
005 (566465.000.000) 08/20 21:18:57 Job terminated.
	(1) Normal termination (return value 0)
		Usr 0 00:01:14, Sys 0 00:00:02  -  Run Remote Usage
		Usr 0 00:00:00, Sys 0 00:00:00  -  Run Local Usage
		Usr 0 00:01:14, Sys 0 00:00:02  -  Total Remote Usage
		Usr 0 00:00:00, Sys 0 00:00:00  -  Total Local Usage
	586412  -  Run Bytes Sent By Job
	62731  -  Run Bytes Received By Job
	586412  -  Total Bytes Sent By Job
	62731  -  Total Bytes Received By Job
	Partitionable Resources :    Usage  Request          
	   Cpus                 :                 1          
	   Disk (KB)            :      659      659          
	   Memory (MB)          :       96       96          
...
