000 (552970.000.000) 08/10 16:57:19 Job submitted from host: <18.12.1.74:48322>
...
001 (552970.000.000) 08/10 16:57:42 Job executing on host: <18.12.9.73:46643>
...
006 (552970.000.000) 08/10 16:57:45 Image size of job updated: 227896
	0  -  MemoryUsage of job (MB)
	0  -  ResidentSetSize of job (KB)
...
005 (552970.000.000) 08/10 16:57:45 Job terminated.
	(1) Normal termination (return value 0)
		Usr 0 00:00:00, Sys 0 00:00:00  -  Run Remote Usage
		Usr 0 00:00:00, Sys 0 00:00:00  -  Run Local Usage
		Usr 0 00:00:00, Sys 0 00:00:00  -  Total Remote Usage
		Usr 0 00:00:00, Sys 0 00:00:00  -  Total Local Usage
	586047  -  Run Bytes Sent By Job
	62719  -  Run Bytes Received By Job
	586047  -  Total Bytes Sent By Job
	62719  -  Total Bytes Received By Job
	Partitionable Resources :    Usage  Request          
	   Cpus                 :                 1          
	   Disk (KB)            :      659      659          
	   Memory (MB)          :        0        0          
...
