000 (556466.000.000) 08/12 14:11:00 Job submitted from host: <18.12.1.74:48322>
...
001 (556466.000.000) 08/12 14:49:55 Job executing on host: <18.12.9.36:47227>
...
006 (556466.000.000) 08/12 14:50:04 Image size of job updated: 2
	3  -  MemoryUsage of job (MB)
	2344  -  ResidentSetSize of job (KB)
...
006 (556466.000.000) 08/12 14:55:05 Image size of job updated: 230680
	110  -  MemoryUsage of job (MB)
	112332  -  ResidentSetSize of job (KB)
...
006 (556466.000.000) 08/12 15:00:05 Image size of job updated: 230680
	112  -  MemoryUsage of job (MB)
	113680  -  ResidentSetSize of job (KB)
...
005 (556466.000.000) 08/12 15:00:50 Job terminated.
	(1) Normal termination (return value 0)
		Usr 0 00:01:25, Sys 0 00:00:04  -  Run Remote Usage
		Usr 0 00:00:00, Sys 0 00:00:00  -  Run Local Usage
		Usr 0 00:01:25, Sys 0 00:00:04  -  Total Remote Usage
		Usr 0 00:00:00, Sys 0 00:00:00  -  Total Local Usage
	586527  -  Run Bytes Sent By Job
	62715  -  Run Bytes Received By Job
	586527  -  Total Bytes Sent By Job
	62715  -  Total Bytes Received By Job
	Partitionable Resources :    Usage  Request          
	   Cpus                 :                 1          
	   Disk (KB)            :      659      659          
	   Memory (MB)          :      112      112          
...
000 (557726.000.000) 08/13 11:57:35 Job submitted from host: <18.12.1.74:48322>
...
001 (557726.000.000) 08/13 12:44:30 Job executing on host: <18.12.12.4:43066>
...
006 (557726.000.000) 08/13 12:44:39 Image size of job updated: 230548
	97  -  MemoryUsage of job (MB)
	98364  -  ResidentSetSize of job (KB)
...
006 (557726.000.000) 08/13 12:49:04 Image size of job updated: 230680
	97  -  MemoryUsage of job (MB)
	98364  -  ResidentSetSize of job (KB)
...
005 (557726.000.000) 08/13 12:49:04 Job terminated.
	(1) Normal termination (return value 0)
		Usr 0 00:01:39, Sys 0 00:00:02  -  Run Remote Usage
		Usr 0 00:00:00, Sys 0 00:00:00  -  Run Local Usage
		Usr 0 00:01:39, Sys 0 00:00:02  -  Total Remote Usage
		Usr 0 00:00:00, Sys 0 00:00:00  -  Total Local Usage
	586193  -  Run Bytes Sent By Job
	62715  -  Run Bytes Received By Job
	586193  -  Total Bytes Sent By Job
	62715  -  Total Bytes Received By Job
	Partitionable Resources :    Usage  Request          
	   Cpus                 :                 1          
	   Disk (KB)            :      659      659          
	   Memory (MB)          :       97       97          
...
000 (558242.000.000) 08/13 14:31:18 Job submitted from host: <18.12.1.74:48322>
...
001 (558242.000.000) 08/13 15:11:19 Job executing on host: <18.12.8.218:43942>
...
006 (558242.000.000) 08/13 15:11:28 Image size of job updated: 230552
	97  -  MemoryUsage of job (MB)
	98400  -  ResidentSetSize of job (KB)
...
006 (558242.000.000) 08/13 15:14:09 Image size of job updated: 230684
	97  -  MemoryUsage of job (MB)
	98400  -  ResidentSetSize of job (KB)
...
005 (558242.000.000) 08/13 15:14:09 Job terminated.
	(1) Normal termination (return value 0)
		Usr 0 00:01:27, Sys 0 00:00:01  -  Run Remote Usage
		Usr 0 00:00:00, Sys 0 00:00:00  -  Run Local Usage
		Usr 0 00:01:27, Sys 0 00:00:01  -  Total Remote Usage
		Usr 0 00:00:00, Sys 0 00:00:00  -  Total Local Usage
	585978  -  Run Bytes Sent By Job
	62714  -  Run Bytes Received By Job
	585978  -  Total Bytes Sent By Job
	62714  -  Total Bytes Received By Job
	Partitionable Resources :    Usage  Request          
	   Cpus                 :                 1          
	   Disk (KB)            :      659      659          
	   Memory (MB)          :       97       97          
...
000 (565579.000.000) 08/20 12:59:30 Job submitted from host: <18.12.1.74:48322>
...
001 (565579.000.000) 08/20 12:59:47 Job executing on host: <18.12.9.2:48322>
...
006 (565579.000.000) 08/20 12:59:56 Image size of job updated: 230548
	97  -  MemoryUsage of job (MB)
	98356  -  ResidentSetSize of job (KB)
...
006 (565579.000.000) 08/20 13:02:41 Image size of job updated: 230684
	97  -  MemoryUsage of job (MB)
	98356  -  ResidentSetSize of job (KB)
...
005 (565579.000.000) 08/20 13:09:36 Job terminated.
	(1) Normal termination (return value 0)
		Usr 0 00:01:34, Sys 0 00:00:01  -  Run Remote Usage
		Usr 0 00:00:00, Sys 0 00:00:00  -  Run Local Usage
		Usr 0 00:01:34, Sys 0 00:00:01  -  Total Remote Usage
		Usr 0 00:00:00, Sys 0 00:00:00  -  Total Local Usage
	586248  -  Run Bytes Sent By Job
	62731  -  Run Bytes Received By Job
	586248  -  Total Bytes Sent By Job
	62731  -  Total Bytes Received By Job
	Partitionable Resources :    Usage  Request          
	   Cpus                 :                 1          
	   Disk (KB)            :      659      659          
	   Memory (MB)          :       97       97          
...
