000 (556469.000.000) 08/12 14:11:00 Job submitted from host: <18.12.1.74:48322>
...
001 (556469.000.000) 08/12 14:49:55 Job executing on host: <18.12.9.30:44672>
...
006 (556469.000.000) 08/12 14:50:05 Image size of job updated: 13384
	2  -  MemoryUsage of job (MB)
	1988  -  ResidentSetSize of job (KB)
...
006 (556469.000.000) 08/12 14:55:05 Image size of job updated: 230472
	111  -  MemoryUsage of job (MB)
	113576  -  ResidentSetSize of job (KB)
...
006 (556469.000.000) 08/12 15:00:05 Image size of job updated: 230472
	114  -  MemoryUsage of job (MB)
	116476  -  ResidentSetSize of job (KB)
...
005 (556469.000.000) 08/12 15:04:47 Job terminated.
	(1) Normal termination (return value 0)
		Usr 0 00:01:37, Sys 0 00:00:04  -  Run Remote Usage
		Usr 0 00:00:00, Sys 0 00:00:00  -  Run Local Usage
		Usr 0 00:01:37, Sys 0 00:00:04  -  Total Remote Usage
		Usr 0 00:00:00, Sys 0 00:00:00  -  Total Local Usage
	586328  -  Run Bytes Sent By Job
	62715  -  Run Bytes Received By Job
	586328  -  Total Bytes Sent By Job
	62715  -  Total Bytes Received By Job
	Partitionable Resources :    Usage  Request          
	   Cpus                 :                 1          
	   Disk (KB)            :      659      659          
	   Memory (MB)          :      114      114          
...
000 (557729.000.000) 08/13 11:57:35 Job submitted from host: <18.12.1.74:48322>
...
001 (557729.000.000) 08/13 12:45:35 Job executing on host: <18.12.9.40:47592>
...
006 (557729.000.000) 08/13 12:45:44 Image size of job updated: 230336
	96  -  MemoryUsage of job (MB)
	97812  -  ResidentSetSize of job (KB)
...
006 (557729.000.000) 08/13 12:50:45 Image size of job updated: 230468
	114  -  MemoryUsage of job (MB)
	116364  -  ResidentSetSize of job (KB)
...
005 (557729.000.000) 08/13 12:54:01 Job terminated.
	(1) Normal termination (return value 0)
		Usr 0 00:01:31, Sys 0 00:00:03  -  Run Remote Usage
		Usr 0 00:00:00, Sys 0 00:00:00  -  Run Local Usage
		Usr 0 00:01:31, Sys 0 00:00:03  -  Total Remote Usage
		Usr 0 00:00:00, Sys 0 00:00:00  -  Total Local Usage
	586540  -  Run Bytes Sent By Job
	62715  -  Run Bytes Received By Job
	586540  -  Total Bytes Sent By Job
	62715  -  Total Bytes Received By Job
	Partitionable Resources :    Usage  Request          
	   Cpus                 :                 1          
	   Disk (KB)            :      659      659          
	   Memory (MB)          :      114      114          
...
000 (558245.000.000) 08/13 14:31:18 Job submitted from host: <18.12.1.74:48322>
...
001 (558245.000.000) 08/13 15:11:48 Job executing on host: <18.12.9.57:41971>
...
006 (558245.000.000) 08/13 15:11:57 Image size of job updated: 230464
	96  -  MemoryUsage of job (MB)
	98188  -  ResidentSetSize of job (KB)
...
005 (558245.000.000) 08/13 15:14:50 Job terminated.
	(1) Normal termination (return value 0)
		Usr 0 00:01:24, Sys 0 00:00:02  -  Run Remote Usage
		Usr 0 00:00:00, Sys 0 00:00:00  -  Run Local Usage
		Usr 0 00:01:24, Sys 0 00:00:02  -  Total Remote Usage
		Usr 0 00:00:00, Sys 0 00:00:00  -  Total Local Usage
	586151  -  Run Bytes Sent By Job
	62714  -  Run Bytes Received By Job
	586151  -  Total Bytes Sent By Job
	62714  -  Total Bytes Received By Job
	Partitionable Resources :    Usage  Request          
	   Cpus                 :                 1          
	   Disk (KB)            :      659      659          
	   Memory (MB)          :       96       96          
...
000 (565582.000.000) 08/20 12:59:45 Job submitted from host: <18.12.1.74:48322>
...
001 (565582.000.000) 08/20 12:59:52 Job executing on host: <18.12.8.133:40876>
...
006 (565582.000.000) 08/20 13:00:01 Image size of job updated: 230464
	96  -  MemoryUsage of job (MB)
	98180  -  ResidentSetSize of job (KB)
...
005 (565582.000.000) 08/20 13:08:12 Job terminated.
	(1) Normal termination (return value 0)
		Usr 0 00:01:11, Sys 0 00:00:02  -  Run Remote Usage
		Usr 0 00:00:00, Sys 0 00:00:00  -  Run Local Usage
		Usr 0 00:01:11, Sys 0 00:00:02  -  Total Remote Usage
		Usr 0 00:00:00, Sys 0 00:00:00  -  Total Local Usage
	586262  -  Run Bytes Sent By Job
	62731  -  Run Bytes Received By Job
	586262  -  Total Bytes Sent By Job
	62731  -  Total Bytes Received By Job
	Partitionable Resources :    Usage  Request          
	   Cpus                 :                 1          
	   Disk (KB)            :      659      659          
	   Memory (MB)          :       96       96          
...
000 (783075.000.000) 10/02 11:08:17 Job submitted from host: <18.12.1.74:41314>
...
001 (783075.000.000) 10/02 11:11:45 Job executing on host: <18.12.9.33:44307>
...
006 (783075.000.000) 10/02 11:11:47 Image size of job updated: 2
	0  -  MemoryUsage of job (MB)
	0  -  ResidentSetSize of job (KB)
...
005 (783075.000.000) 10/02 11:15:43 Job terminated.
	(1) Normal termination (return value 0)
		Usr 0 00:00:00, Sys 0 00:00:00  -  Run Remote Usage
		Usr 0 00:00:00, Sys 0 00:00:00  -  Run Local Usage
		Usr 0 00:00:00, Sys 0 00:00:00  -  Total Remote Usage
		Usr 0 00:00:00, Sys 0 00:00:00  -  Total Local Usage
	585746  -  Run Bytes Sent By Job
	62733  -  Run Bytes Received By Job
	585746  -  Total Bytes Sent By Job
	62733  -  Total Bytes Received By Job
	Partitionable Resources :    Usage  Request          
	   Cpus                 :                 1          
	   Disk (KB)            :      658      658          
	   Memory (MB)          :        0        0          
...
000 (783256.000.000) 10/02 16:13:32 Job submitted from host: <18.12.1.74:45913>
...
001 (783256.000.000) 10/02 16:14:04 Job executing on host: <18.12.9.78:43066>
...
006 (783256.000.000) 10/02 16:14:05 Image size of job updated: 13384
	0  -  MemoryUsage of job (MB)
	0  -  ResidentSetSize of job (KB)
...
005 (783256.000.000) 10/02 16:14:06 Job terminated.
	(1) Normal termination (return value 0)
		Usr 0 00:00:00, Sys 0 00:00:00  -  Run Remote Usage
		Usr 0 00:00:00, Sys 0 00:00:00  -  Run Local Usage
		Usr 0 00:00:00, Sys 0 00:00:00  -  Total Remote Usage
		Usr 0 00:00:00, Sys 0 00:00:00  -  Total Local Usage
	585539  -  Run Bytes Sent By Job
	62733  -  Run Bytes Received By Job
	585539  -  Total Bytes Sent By Job
	62733  -  Total Bytes Received By Job
	Partitionable Resources :    Usage  Request          
	   Cpus                 :                 1          
	   Disk (KB)            :      658      658          
	   Memory (MB)          :        0        0          
...
000 (783437.000.000) 10/02 16:49:04 Job submitted from host: <18.12.1.74:45913>
...
001 (783437.000.000) 10/02 16:49:07 Job executing on host: <18.12.8.201:41606>
...
006 (783437.000.000) 10/02 16:49:07 Image size of job updated: 2
	0  -  MemoryUsage of job (MB)
	0  -  ResidentSetSize of job (KB)
...
005 (783437.000.000) 10/02 16:49:08 Job terminated.
	(1) Normal termination (return value 0)
		Usr 0 00:00:00, Sys 0 00:00:00  -  Run Remote Usage
		Usr 0 00:00:00, Sys 0 00:00:00  -  Run Local Usage
		Usr 0 00:00:00, Sys 0 00:00:00  -  Total Remote Usage
		Usr 0 00:00:00, Sys 0 00:00:00  -  Total Local Usage
	585560  -  Run Bytes Sent By Job
	62733  -  Run Bytes Received By Job
	585560  -  Total Bytes Sent By Job
	62733  -  Total Bytes Received By Job
	Partitionable Resources :    Usage  Request          
	   Cpus                 :                 1          
	   Disk (KB)            :      658      658          
	   Memory (MB)          :        0        0          
...
000 (783620.000.000) 10/05 09:25:54 Job submitted from host: <18.12.1.74:45913>
...
001 (783620.000.000) 10/05 09:26:14 Job executing on host: <18.12.8.157:47665>
...
006 (783620.000.000) 10/05 09:26:14 Image size of job updated: 2
	0  -  MemoryUsage of job (MB)
	0  -  ResidentSetSize of job (KB)
...
005 (783620.000.000) 10/05 09:26:16 Job terminated.
	(1) Normal termination (return value 0)
		Usr 0 00:00:00, Sys 0 00:00:00  -  Run Remote Usage
		Usr 0 00:00:00, Sys 0 00:00:00  -  Run Local Usage
		Usr 0 00:00:00, Sys 0 00:00:00  -  Total Remote Usage
		Usr 0 00:00:00, Sys 0 00:00:00  -  Total Local Usage
	585758  -  Run Bytes Sent By Job
	62732  -  Run Bytes Received By Job
	585758  -  Total Bytes Sent By Job
	62732  -  Total Bytes Received By Job
	Partitionable Resources :    Usage  Request          
	   Cpus                 :                 1          
	   Disk (KB)            :      659      659          
	   Memory (MB)          :        0        0          
...
000 (783801.000.000) 10/05 10:00:30 Job submitted from host: <18.12.1.74:45913>
...
001 (783801.000.000) 10/05 10:00:56 Job executing on host: <18.12.9.75:43504>
...
006 (783801.000.000) 10/05 10:01:13 Image size of job updated: 2
	3  -  MemoryUsage of job (MB)
	2356  -  ResidentSetSize of job (KB)
...
006 (783801.000.000) 10/05 10:01:34 Image size of job updated: 13384
	3  -  MemoryUsage of job (MB)
	2356  -  ResidentSetSize of job (KB)
...
005 (783801.000.000) 10/05 10:01:34 Job terminated.
	(1) Normal termination (return value 0)
		Usr 0 00:00:00, Sys 0 00:00:00  -  Run Remote Usage
		Usr 0 00:00:00, Sys 0 00:00:00  -  Run Local Usage
		Usr 0 00:00:00, Sys 0 00:00:00  -  Total Remote Usage
		Usr 0 00:00:00, Sys 0 00:00:00  -  Total Local Usage
	585814  -  Run Bytes Sent By Job
	62731  -  Run Bytes Received By Job
	585814  -  Total Bytes Sent By Job
	62731  -  Total Bytes Received By Job
	Partitionable Resources :    Usage  Request          
	   Cpus                 :                 1          
	   Disk (KB)            :      659      659          
	   Memory (MB)          :        3        3          
...
000 (783983.000.000) 10/05 12:25:36 Job submitted from host: <18.12.1.74:45913>
...
001 (783983.000.000) 10/05 12:25:43 Job executing on host: <18.12.9.37:40511>
...
006 (783983.000.000) 10/05 12:25:47 Image size of job updated: 66156
	0  -  MemoryUsage of job (MB)
	0  -  ResidentSetSize of job (KB)
...
005 (783983.000.000) 10/05 12:25:47 Job terminated.
	(1) Normal termination (return value 0)
		Usr 0 00:00:00, Sys 0 00:00:00  -  Run Remote Usage
		Usr 0 00:00:00, Sys 0 00:00:00  -  Run Local Usage
		Usr 0 00:00:00, Sys 0 00:00:00  -  Total Remote Usage
		Usr 0 00:00:00, Sys 0 00:00:00  -  Total Local Usage
	586032  -  Run Bytes Sent By Job
	62732  -  Run Bytes Received By Job
	586032  -  Total Bytes Sent By Job
	62732  -  Total Bytes Received By Job
	Partitionable Resources :    Usage  Request          
	   Cpus                 :                 1          
	   Disk (KB)            :      659      659          
	   Memory (MB)          :        0        0          
...
000 (784164.000.000) 10/05 12:28:54 Job submitted from host: <18.12.1.74:45913>
...
001 (784164.000.000) 10/05 12:29:22 Job executing on host: <18.12.9.32:47227>
...
006 (784164.000.000) 10/05 12:29:31 Image size of job updated: 192444
	77  -  MemoryUsage of job (MB)
	78264  -  ResidentSetSize of job (KB)
...
006 (784164.000.000) 10/05 12:33:34 Image size of job updated: 230464
	77  -  MemoryUsage of job (MB)
	78264  -  ResidentSetSize of job (KB)
...
005 (784164.000.000) 10/05 12:33:34 Job terminated.
	(1) Normal termination (return value 0)
		Usr 0 00:01:23, Sys 0 00:00:02  -  Run Remote Usage
		Usr 0 00:00:00, Sys 0 00:00:00  -  Run Local Usage
		Usr 0 00:01:23, Sys 0 00:00:02  -  Total Remote Usage
		Usr 0 00:00:00, Sys 0 00:00:00  -  Total Local Usage
	587190  -  Run Bytes Sent By Job
	62733  -  Run Bytes Received By Job
	587190  -  Total Bytes Sent By Job
	62733  -  Total Bytes Received By Job
	Partitionable Resources :    Usage  Request          
	   Cpus                 :                 1          
	   Disk (KB)            :      660      660          
	   Memory (MB)          :       77       77          
...
000 (786233.000.000) 10/05 14:34:50 Job submitted from host: <18.12.1.74:45913>
...
001 (786233.000.000) 10/05 14:35:56 Job executing on host: <18.12.6.32:43577>
...
006 (786233.000.000) 10/05 14:36:05 Image size of job updated: 2
	3  -  MemoryUsage of job (MB)
	2360  -  ResidentSetSize of job (KB)
...
006 (786233.000.000) 10/05 14:38:13 Image size of job updated: 230464
	3  -  MemoryUsage of job (MB)
	2360  -  ResidentSetSize of job (KB)
...
005 (786233.000.000) 10/05 14:38:13 Job terminated.
	(1) Normal termination (return value 0)
		Usr 0 00:01:34, Sys 0 00:00:01  -  Run Remote Usage
		Usr 0 00:00:00, Sys 0 00:00:00  -  Run Local Usage
		Usr 0 00:01:34, Sys 0 00:00:01  -  Total Remote Usage
		Usr 0 00:00:00, Sys 0 00:00:00  -  Total Local Usage
	586336  -  Run Bytes Sent By Job
	62729  -  Run Bytes Received By Job
	586336  -  Total Bytes Sent By Job
	62729  -  Total Bytes Received By Job
	Partitionable Resources :    Usage  Request          
	   Cpus                 :                 1          
	   Disk (KB)            :      659      659          
	   Memory (MB)          :        3        3          
...
000 (788072.000.000) 10/08 16:10:35 Job submitted from host: <18.12.1.74:45913>
...
001 (788072.000.000) 10/08 16:26:01 Job executing on host: <18.12.8.202:46935>
...
006 (788072.000.000) 10/08 16:26:09 Image size of job updated: 193788
	78  -  MemoryUsage of job (MB)
	79540  -  ResidentSetSize of job (KB)
...
006 (788072.000.000) 10/08 16:28:49 Image size of job updated: 230448
	78  -  MemoryUsage of job (MB)
	79540  -  ResidentSetSize of job (KB)
...
005 (788072.000.000) 10/08 16:28:50 Job terminated.
	(1) Normal termination (return value 0)
		Usr 0 00:01:30, Sys 0 00:00:01  -  Run Remote Usage
		Usr 0 00:00:00, Sys 0 00:00:00  -  Run Local Usage
		Usr 0 00:01:30, Sys 0 00:00:01  -  Total Remote Usage
		Usr 0 00:00:00, Sys 0 00:00:00  -  Total Local Usage
	585379  -  Run Bytes Sent By Job
	62697  -  Run Bytes Received By Job
	585379  -  Total Bytes Sent By Job
	62697  -  Total Bytes Received By Job
	Partitionable Resources :    Usage  Request          
	   Cpus                 :                 1          
	   Disk (KB)            :      658      658          
	   Memory (MB)          :       78       78          
...
000 (788435.000.000) 10/09 10:00:39 Job submitted from host: <18.12.1.74:45913>
...
001 (788435.000.000) 10/09 10:13:11 Job executing on host: <18.12.9.55:45694>
...
006 (788435.000.000) 10/09 10:13:20 Image size of job updated: 230492
	96  -  MemoryUsage of job (MB)
	98232  -  ResidentSetSize of job (KB)
...
005 (788435.000.000) 10/09 10:15:05 Job terminated.
	(1) Normal termination (return value 0)
		Usr 0 00:01:24, Sys 0 00:00:01  -  Run Remote Usage
		Usr 0 00:00:00, Sys 0 00:00:00  -  Run Local Usage
		Usr 0 00:01:24, Sys 0 00:00:01  -  Total Remote Usage
		Usr 0 00:00:00, Sys 0 00:00:00  -  Total Local Usage
	585433  -  Run Bytes Sent By Job
	62694  -  Run Bytes Received By Job
	585433  -  Total Bytes Sent By Job
	62694  -  Total Bytes Received By Job
	Partitionable Resources :    Usage  Request          
	   Cpus                 :                 1          
	   Disk (KB)            :      658      658          
	   Memory (MB)          :       96       96          
...
000 (788982.000.000) 10/12 11:22:18 Job submitted from host: <18.12.1.74:45913>
...
001 (788982.000.000) 10/12 11:39:08 Job executing on host: <18.12.8.142:42628>
...
006 (788982.000.000) 10/12 11:39:16 Image size of job updated: 2
	3  -  MemoryUsage of job (MB)
	2340  -  ResidentSetSize of job (KB)
...
006 (788982.000.000) 10/12 11:40:52 Image size of job updated: 230444
	3  -  MemoryUsage of job (MB)
	2340  -  ResidentSetSize of job (KB)
...
005 (788982.000.000) 10/12 11:40:52 Job terminated.
	(1) Normal termination (return value 0)
		Usr 0 00:01:08, Sys 0 00:00:01  -  Run Remote Usage
		Usr 0 00:00:00, Sys 0 00:00:00  -  Run Local Usage
		Usr 0 00:01:08, Sys 0 00:00:01  -  Total Remote Usage
		Usr 0 00:00:00, Sys 0 00:00:00  -  Total Local Usage
	585371  -  Run Bytes Sent By Job
	62702  -  Run Bytes Received By Job
	585371  -  Total Bytes Sent By Job
	62702  -  Total Bytes Received By Job
	Partitionable Resources :    Usage  Request          
	   Cpus                 :                 1          
	   Disk (KB)            :      658      658          
	   Memory (MB)          :        3        3          
...
