000 (556092.000.000) 08/12 11:33:43 Job submitted from host: <18.12.1.74:48322>
...
001 (556092.000.000) 08/12 11:56:58 Job executing on host: <18.12.9.0:46935>
...
006 (556092.000.000) 08/12 11:57:06 Image size of job updated: 144076
	26  -  MemoryUsage of job (MB)
	26296  -  ResidentSetSize of job (KB)
...
006 (556092.000.000) 08/12 11:58:38 Image size of job updated: 230016
	26  -  MemoryUsage of job (MB)
	26296  -  ResidentSetSize of job (KB)
...
005 (556092.000.000) 08/12 11:58:38 Job terminated.
	(1) Normal termination (return value 0)
		Usr 0 00:00:41, Sys 0 00:00:01  -  Run Remote Usage
		Usr 0 00:00:00, Sys 0 00:00:00  -  Run Local Usage
		Usr 0 00:00:41, Sys 0 00:00:01  -  Total Remote Usage
		Usr 0 00:00:00, Sys 0 00:00:00  -  Total Local Usage
	585873  -  Run Bytes Sent By Job
	62715  -  Run Bytes Received By Job
	585873  -  Total Bytes Sent By Job
	62715  -  Total Bytes Received By Job
	Partitionable Resources :    Usage  Request          
	   Cpus                 :                 1          
	   Disk (KB)            :      659      659          
	   Memory (MB)          :       26       26          
...
000 (566461.000.000) 08/20 21:05:21 Job submitted from host: <18.12.1.74:48322>
...
007 (566461.000.000) 08/20 21:05:33 Shadow exception!
	Error from slot18@t2bat0334.cmsaf.mit.edu: Failed to transfer files
	0  -  Run Bytes Sent By Job
	0  -  Run Bytes Received By Job
...
001 (566461.000.000) 08/20 21:05:53 Job executing on host: <18.12.9.31:49271>
...
006 (566461.000.000) 08/20 21:06:02 Image size of job updated: 193808
	78  -  MemoryUsage of job (MB)
	79616  -  ResidentSetSize of job (KB)
...
006 (566461.000.000) 08/20 21:09:25 Image size of job updated: 230016
	78  -  MemoryUsage of job (MB)
	79616  -  ResidentSetSize of job (KB)
...
005 (566461.000.000) 08/20 21:15:35 Job terminated.
	(1) Normal termination (return value 0)
		Usr 0 00:00:42, Sys 0 00:00:01  -  Run Remote Usage
		Usr 0 00:00:00, Sys 0 00:00:00  -  Run Local Usage
		Usr 0 00:00:42, Sys 0 00:00:01  -  Total Remote Usage
		Usr 0 00:00:00, Sys 0 00:00:00  -  Total Local Usage
	586335  -  Run Bytes Sent By Job
	62731  -  Run Bytes Received By Job
	586335  -  Total Bytes Sent By Job
	62731  -  Total Bytes Received By Job
	Partitionable Resources :    Usage  Request          
	   Cpus                 :                 1          
	   Disk (KB)            :      659      659          
	   Memory (MB)          :       78       78          
...
