000 (554264.000.000) 08/11 09:09:10 Job submitted from host: <18.12.1.74:48322>
...
001 (554264.000.000) 08/11 09:09:22 Job executing on host: <18.12.8.163:40511>
...
006 (554264.000.000) 08/11 09:09:31 Image size of job updated: 2
	3  -  MemoryUsage of job (MB)
	2340  -  ResidentSetSize of job (KB)
...
006 (554264.000.000) 08/11 09:11:03 Image size of job updated: 230364
	3  -  MemoryUsage of job (MB)
	2340  -  ResidentSetSize of job (KB)
...
005 (554264.000.000) 08/11 09:11:03 Job terminated.
	(1) Normal termination (return value 0)
		Usr 0 00:00:54, Sys 0 00:00:00  -  Run Remote Usage
		Usr 0 00:00:00, Sys 0 00:00:00  -  Run Local Usage
		Usr 0 00:00:54, Sys 0 00:00:00  -  Total Remote Usage
		Usr 0 00:00:00, Sys 0 00:00:00  -  Total Local Usage
	585933  -  Run Bytes Sent By Job
	62717  -  Run Bytes Received By Job
	585933  -  Total Bytes Sent By Job
	62717  -  Total Bytes Received By Job
	Partitionable Resources :    Usage  Request          
	   Cpus                 :                 1          
	   Disk (KB)            :      658      658          
	   Memory (MB)          :        3        3          
...
000 (557979.000.000) 08/13 13:34:21 Job submitted from host: <18.12.1.74:48322>
...
001 (557979.000.000) 08/13 13:54:38 Job executing on host: <18.12.9.80:43650>
...
006 (557979.000.000) 08/13 13:54:47 Image size of job updated: 230228
	97  -  MemoryUsage of job (MB)
	98708  -  ResidentSetSize of job (KB)
...
006 (557979.000.000) 08/13 13:57:06 Image size of job updated: 230360
	97  -  MemoryUsage of job (MB)
	98708  -  ResidentSetSize of job (KB)
...
005 (557979.000.000) 08/13 13:57:06 Job terminated.
	(1) Normal termination (return value 0)
		Usr 0 00:01:10, Sys 0 00:00:01  -  Run Remote Usage
		Usr 0 00:00:00, Sys 0 00:00:00  -  Run Local Usage
		Usr 0 00:01:10, Sys 0 00:00:01  -  Total Remote Usage
		Usr 0 00:00:00, Sys 0 00:00:00  -  Total Local Usage
	586221  -  Run Bytes Sent By Job
	62720  -  Run Bytes Received By Job
	586221  -  Total Bytes Sent By Job
	62720  -  Total Bytes Received By Job
	Partitionable Resources :    Usage  Request          
	   Cpus                 :                 1          
	   Disk (KB)            :      659      659          
	   Memory (MB)          :       97       97          
...
000 (566270.000.000) 08/20 20:24:38 Job submitted from host: <18.12.1.74:48322>
...
001 (566270.000.000) 08/20 20:25:34 Job executing on host: <18.12.9.76:41314>
...
006 (566270.000.000) 08/20 20:25:43 Image size of job updated: 2
	3  -  MemoryUsage of job (MB)
	2340  -  ResidentSetSize of job (KB)
...
006 (566270.000.000) 08/20 20:27:55 Image size of job updated: 230372
	3  -  MemoryUsage of job (MB)
	2340  -  ResidentSetSize of job (KB)
...
022 (566270.000.000) 08/20 20:27:55 Job disconnected, attempting to reconnect
    Socket between submit and execute hosts closed unexpectedly
    Trying to reconnect to slot31@t2bat0332.cmsaf.mit.edu <18.12.9.76:41314>
...
023 (566270.000.000) 08/20 20:27:55 Job reconnected to slot31@t2bat0332.cmsaf.mit.edu
    startd address: <18.12.9.76:41314>
    starter address: <18.12.9.76:47301>
...
005 (566270.000.000) 08/20 20:34:38 Job terminated.
	(1) Normal termination (return value 0)
		Usr 0 00:01:00, Sys 0 00:00:00  -  Run Remote Usage
		Usr 0 00:00:00, Sys 0 00:00:00  -  Run Local Usage
		Usr 0 00:01:00, Sys 0 00:00:00  -  Total Remote Usage
		Usr 0 00:00:00, Sys 0 00:00:00  -  Total Local Usage
	586275  -  Run Bytes Sent By Job
	62732  -  Run Bytes Received By Job
	586275  -  Total Bytes Sent By Job
	62732  -  Total Bytes Received By Job
	Partitionable Resources :    Usage  Request          
	   Cpus                 :                 1          
	   Disk (KB)            :      659      659          
	   Memory (MB)          :        3        3          
...
000 (782818.000.000) 10/01 15:57:21 Job submitted from host: <18.12.1.74:47665>
...
007 (782818.000.000) 10/01 16:00:37 Shadow exception!
	Error from slot12@t2bat0168.cmsaf.mit.edu: Failed to transfer files
	0  -  Run Bytes Sent By Job
	0  -  Run Bytes Received By Job
...
001 (782818.000.000) 10/01 16:00:51 Job executing on host: <18.12.6.20:48176>
...
006 (782818.000.000) 10/01 16:01:01 Image size of job updated: 13384
	2  -  MemoryUsage of job (MB)
	1984  -  ResidentSetSize of job (KB)
...
006 (782818.000.000) 10/01 16:04:22 Image size of job updated: 238408
	2  -  MemoryUsage of job (MB)
	1984  -  ResidentSetSize of job (KB)
...
005 (782818.000.000) 10/01 16:09:49 Job terminated.
	(1) Normal termination (return value 0)
		Usr 0 00:01:22, Sys 0 00:00:01  -  Run Remote Usage
		Usr 0 00:00:00, Sys 0 00:00:00  -  Run Local Usage
		Usr 0 00:01:22, Sys 0 00:00:01  -  Total Remote Usage
		Usr 0 00:00:00, Sys 0 00:00:00  -  Total Local Usage
	586103  -  Run Bytes Sent By Job
	62734  -  Run Bytes Received By Job
	586103  -  Total Bytes Sent By Job
	62734  -  Total Bytes Received By Job
	Partitionable Resources :    Usage  Request          
	   Cpus                 :                 1          
	   Disk (KB)            :      659      659          
	   Memory (MB)          :        2        2          
...
000 (785976.000.000) 10/05 14:19:05 Job submitted from host: <18.12.1.74:45913>
...
001 (785976.000.000) 10/05 14:19:50 Job executing on host: <18.12.12.10:46132>
...
006 (785976.000.000) 10/05 14:19:58 Image size of job updated: 230244
	97  -  MemoryUsage of job (MB)
	98624  -  ResidentSetSize of job (KB)
...
006 (785976.000.000) 10/05 14:21:32 Image size of job updated: 230376
	97  -  MemoryUsage of job (MB)
	98624  -  ResidentSetSize of job (KB)
...
005 (785976.000.000) 10/05 14:21:32 Job terminated.
	(1) Normal termination (return value 0)
		Usr 0 00:01:14, Sys 0 00:00:01  -  Run Remote Usage
		Usr 0 00:00:00, Sys 0 00:00:00  -  Run Local Usage
		Usr 0 00:01:14, Sys 0 00:00:01  -  Total Remote Usage
		Usr 0 00:00:00, Sys 0 00:00:00  -  Total Local Usage
	586296  -  Run Bytes Sent By Job
	62732  -  Run Bytes Received By Job
	586296  -  Total Bytes Sent By Job
	62732  -  Total Bytes Received By Job
	Partitionable Resources :    Usage  Request          
	   Cpus                 :                 1          
	   Disk (KB)            :      659      659          
	   Memory (MB)          :       97       97          
...
000 (786342.000.000) 10/07 09:51:21 Job submitted from host: <18.12.1.74:45913>
...
001 (786342.000.000) 10/07 09:52:17 Job executing on host: <18.12.8.174:45329>
...
006 (786342.000.000) 10/07 09:52:26 Image size of job updated: 2
	3  -  MemoryUsage of job (MB)
	2344  -  ResidentSetSize of job (KB)
...
006 (786342.000.000) 10/07 09:55:04 Image size of job updated: 230376
	3  -  MemoryUsage of job (MB)
	2344  -  ResidentSetSize of job (KB)
...
005 (786342.000.000) 10/07 09:55:04 Job terminated.
	(1) Normal termination (return value 0)
		Usr 0 00:00:57, Sys 0 00:00:00  -  Run Remote Usage
		Usr 0 00:00:00, Sys 0 00:00:00  -  Run Local Usage
		Usr 0 00:00:57, Sys 0 00:00:00  -  Total Remote Usage
		Usr 0 00:00:00, Sys 0 00:00:00  -  Total Local Usage
	586376  -  Run Bytes Sent By Job
	62734  -  Run Bytes Received By Job
	586376  -  Total Bytes Sent By Job
	62734  -  Total Bytes Received By Job
	Partitionable Resources :    Usage  Request          
	   Cpus                 :                 1          
	   Disk (KB)            :      659      659          
	   Memory (MB)          :        3        3          
...
000 (786523.000.000) 10/07 11:12:53 Job submitted from host: <18.12.1.74:45913>
...
001 (786523.000.000) 10/07 11:23:25 Job executing on host: <18.12.8.240:47081>
...
006 (786523.000.000) 10/07 11:23:34 Image size of job updated: 2
	3  -  MemoryUsage of job (MB)
	2344  -  ResidentSetSize of job (KB)
...
006 (786523.000.000) 10/07 11:25:14 Image size of job updated: 230352
	3  -  MemoryUsage of job (MB)
	2344  -  ResidentSetSize of job (KB)
...
005 (786523.000.000) 10/07 11:25:14 Job terminated.
	(1) Normal termination (return value 0)
		Usr 0 00:01:10, Sys 0 00:00:00  -  Run Remote Usage
		Usr 0 00:00:00, Sys 0 00:00:00  -  Run Local Usage
		Usr 0 00:01:10, Sys 0 00:00:00  -  Total Remote Usage
		Usr 0 00:00:00, Sys 0 00:00:00  -  Total Local Usage
	585314  -  Run Bytes Sent By Job
	62746  -  Run Bytes Received By Job
	585314  -  Total Bytes Sent By Job
	62746  -  Total Bytes Received By Job
	Partitionable Resources :    Usage  Request          
	   Cpus                 :                 1          
	   Disk (KB)            :      658      658          
	   Memory (MB)          :        3        3          
...
000 (787450.000.000) 10/08 12:42:39 Job submitted from host: <18.12.1.74:45913>
...
001 (787450.000.000) 10/08 12:48:04 Job executing on host: <18.12.8.181:45402>
...
006 (787450.000.000) 10/08 12:48:13 Image size of job updated: 2
	3  -  MemoryUsage of job (MB)
	2344  -  ResidentSetSize of job (KB)
...
006 (787450.000.000) 10/08 12:50:34 Image size of job updated: 230352
	3  -  MemoryUsage of job (MB)
	2344  -  ResidentSetSize of job (KB)
...
005 (787450.000.000) 10/08 12:50:35 Job terminated.
	(1) Normal termination (return value 0)
		Usr 0 00:00:58, Sys 0 00:00:00  -  Run Remote Usage
		Usr 0 00:00:00, Sys 0 00:00:00  -  Run Local Usage
		Usr 0 00:00:58, Sys 0 00:00:00  -  Total Remote Usage
		Usr 0 00:00:00, Sys 0 00:00:00  -  Total Local Usage
	585168  -  Run Bytes Sent By Job
	62749  -  Run Bytes Received By Job
	585168  -  Total Bytes Sent By Job
	62749  -  Total Bytes Received By Job
	Partitionable Resources :    Usage  Request          
	   Cpus                 :                 1          
	   Disk (KB)            :      658      658          
	   Memory (MB)          :        3        3          
...
000 (787632.000.000) 10/08 14:27:11 Job submitted from host: <18.12.1.74:45913>
...
001 (787632.000.000) 10/08 14:34:09 Job executing on host: <18.12.6.89:44161>
...
006 (787632.000.000) 10/08 14:34:18 Image size of job updated: 2
	3  -  MemoryUsage of job (MB)
	2348  -  ResidentSetSize of job (KB)
...
006 (787632.000.000) 10/08 14:36:04 Image size of job updated: 230376
	3  -  MemoryUsage of job (MB)
	2348  -  ResidentSetSize of job (KB)
...
005 (787632.000.000) 10/08 14:36:05 Job terminated.
	(1) Normal termination (return value 0)
		Usr 0 00:01:19, Sys 0 00:00:01  -  Run Remote Usage
		Usr 0 00:00:00, Sys 0 00:00:00  -  Run Local Usage
		Usr 0 00:01:19, Sys 0 00:00:01  -  Total Remote Usage
		Usr 0 00:00:00, Sys 0 00:00:00  -  Total Local Usage
	585433  -  Run Bytes Sent By Job
	62691  -  Run Bytes Received By Job
	585433  -  Total Bytes Sent By Job
	62691  -  Total Bytes Received By Job
	Partitionable Resources :    Usage  Request          
	   Cpus                 :                 1          
	   Disk (KB)            :      658      658          
	   Memory (MB)          :        3        3          
...
000 (787815.000.000) 10/08 15:16:31 Job submitted from host: <18.12.1.74:45913>
...
001 (787815.000.000) 10/08 15:21:42 Job executing on host: <18.12.9.62:46132>
...
006 (787815.000.000) 10/08 15:21:50 Image size of job updated: 2
	3  -  MemoryUsage of job (MB)
	2352  -  ResidentSetSize of job (KB)
...
006 (787815.000.000) 10/08 15:23:07 Image size of job updated: 230344
	3  -  MemoryUsage of job (MB)
	2352  -  ResidentSetSize of job (KB)
...
005 (787815.000.000) 10/08 15:23:08 Job terminated.
	(1) Normal termination (return value 0)
		Usr 0 00:00:55, Sys 0 00:00:01  -  Run Remote Usage
		Usr 0 00:00:00, Sys 0 00:00:00  -  Run Local Usage
		Usr 0 00:00:55, Sys 0 00:00:01  -  Total Remote Usage
		Usr 0 00:00:00, Sys 0 00:00:00  -  Total Local Usage
	585376  -  Run Bytes Sent By Job
	62696  -  Run Bytes Received By Job
	585376  -  Total Bytes Sent By Job
	62696  -  Total Bytes Received By Job
	Partitionable Resources :    Usage  Request          
	   Cpus                 :                 1          
	   Disk (KB)            :      658      658          
	   Memory (MB)          :        3        3          
...
000 (788725.000.000) 10/12 10:42:34 Job submitted from host: <18.12.1.74:45913>
...
001 (788725.000.000) 10/12 10:53:09 Job executing on host: <18.12.8.212:44234>
...
006 (788725.000.000) 10/12 10:53:17 Image size of job updated: 228736
	94  -  MemoryUsage of job (MB)
	95424  -  ResidentSetSize of job (KB)
...
006 (788725.000.000) 10/12 10:55:03 Image size of job updated: 230348
	94  -  MemoryUsage of job (MB)
	95424  -  ResidentSetSize of job (KB)
...
005 (788725.000.000) 10/12 10:55:03 Job terminated.
	(1) Normal termination (return value 0)
		Usr 0 00:01:18, Sys 0 00:00:01  -  Run Remote Usage
		Usr 0 00:00:00, Sys 0 00:00:00  -  Run Local Usage
		Usr 0 00:01:18, Sys 0 00:00:01  -  Total Remote Usage
		Usr 0 00:00:00, Sys 0 00:00:00  -  Total Local Usage
	585113  -  Run Bytes Sent By Job
	62704  -  Run Bytes Received By Job
	585113  -  Total Bytes Sent By Job
	62704  -  Total Bytes Received By Job
	Partitionable Resources :    Usage  Request          
	   Cpus                 :                 1          
	   Disk (KB)            :      658      658          
	   Memory (MB)          :       94       94          
...
