000 (556014.000.000) 08/12 11:33:35 Job submitted from host: <18.12.1.74:48322>
...
001 (556014.000.000) 08/12 11:41:20 Job executing on host: <18.12.8.231:41022>
...
006 (556014.000.000) 08/12 11:41:28 Image size of job updated: 2
	3  -  MemoryUsage of job (MB)
	2348  -  ResidentSetSize of job (KB)
...
006 (556014.000.000) 08/12 11:46:28 Image size of job updated: 355104
	107  -  MemoryUsage of job (MB)
	108968  -  ResidentSetSize of job (KB)
...
006 (556014.000.000) 08/12 11:56:29 Image size of job updated: 355104
	114  -  MemoryUsage of job (MB)
	116444  -  ResidentSetSize of job (KB)
...
006 (556014.000.000) 08/12 12:01:30 Image size of job updated: 358020
	200  -  MemoryUsage of job (MB)
	203840  -  ResidentSetSize of job (KB)
...
005 (556014.000.000) 08/12 12:04:12 Job terminated.
	(1) Normal termination (return value 0)
		Usr 0 00:01:13, Sys 0 00:00:01  -  Run Remote Usage
		Usr 0 00:00:00, Sys 0 00:00:00  -  Run Local Usage
		Usr 0 00:01:13, Sys 0 00:00:01  -  Total Remote Usage
		Usr 0 00:00:00, Sys 0 00:00:00  -  Total Local Usage
	586193  -  Run Bytes Sent By Job
	62715  -  Run Bytes Received By Job
	586193  -  Total Bytes Sent By Job
	62715  -  Total Bytes Received By Job
	Partitionable Resources :    Usage  Request          
	   Cpus                 :                 1          
	   Disk (KB)            :      659      659          
	   Memory (MB)          :      200      200          
...
000 (566383.000.000) 08/20 21:00:26 Job submitted from host: <18.12.1.74:48322>
...
001 (566383.000.000) 08/20 21:00:37 Job executing on host: <18.12.6.61:41314>
...
006 (566383.000.000) 08/20 21:00:46 Image size of job updated: 2
	3  -  MemoryUsage of job (MB)
	2340  -  ResidentSetSize of job (KB)
...
006 (566383.000.000) 08/20 21:03:56 Image size of job updated: 358016
	3  -  MemoryUsage of job (MB)
	2340  -  ResidentSetSize of job (KB)
...
022 (566383.000.000) 08/20 21:03:57 Job disconnected, attempting to reconnect
    Socket between submit and execute hosts closed unexpectedly
    Trying to reconnect to slot6@hibat0061.cmsaf.mit.edu <18.12.6.61:41314>
...
023 (566383.000.000) 08/20 21:03:57 Job reconnected to slot6@hibat0061.cmsaf.mit.edu
    startd address: <18.12.6.61:41314>
    starter address: <18.12.6.61:43431>
...
022 (566383.000.000) 08/20 21:03:57 Job disconnected, attempting to reconnect
    Socket between submit and execute hosts closed unexpectedly
    Trying to reconnect to slot6@hibat0061.cmsaf.mit.edu <18.12.6.61:41314>
...
023 (566383.000.000) 08/20 21:03:57 Job reconnected to slot6@hibat0061.cmsaf.mit.edu
    startd address: <18.12.6.61:41314>
    starter address: <18.12.6.61:43431>
...
022 (566383.000.000) 08/20 21:03:57 Job disconnected, attempting to reconnect
    Socket between submit and execute hosts closed unexpectedly
    Trying to reconnect to slot6@hibat0061.cmsaf.mit.edu <18.12.6.61:41314>
...
023 (566383.000.000) 08/20 21:03:58 Job reconnected to slot6@hibat0061.cmsaf.mit.edu
    startd address: <18.12.6.61:41314>
    starter address: <18.12.6.61:43431>
...
005 (566383.000.000) 08/20 21:10:29 Job terminated.
	(1) Normal termination (return value 0)
		Usr 0 00:01:14, Sys 0 00:00:01  -  Run Remote Usage
		Usr 0 00:00:00, Sys 0 00:00:00  -  Run Local Usage
		Usr 0 00:01:14, Sys 0 00:00:01  -  Total Remote Usage
		Usr 0 00:00:00, Sys 0 00:00:00  -  Total Local Usage
	586215  -  Run Bytes Sent By Job
	62731  -  Run Bytes Received By Job
	586215  -  Total Bytes Sent By Job
	62731  -  Total Bytes Received By Job
	Partitionable Resources :    Usage  Request          
	   Cpus                 :                 1          
	   Disk (KB)            :      659      659          
	   Memory (MB)          :        3        3          
...
000 (782388.000.000) 10/01 13:04:21 Job submitted from host: <18.12.1.74:47665>
...
001 (782388.000.000) 10/01 13:11:05 Job executing on host: <18.12.6.36:45621>
...
006 (782388.000.000) 10/01 13:11:19 Image size of job updated: 190496
	78  -  MemoryUsage of job (MB)
	79840  -  ResidentSetSize of job (KB)
...
006 (782388.000.000) 10/01 13:16:20 Image size of job updated: 358020
	203  -  MemoryUsage of job (MB)
	206908  -  ResidentSetSize of job (KB)
...
005 (782388.000.000) 10/01 13:16:25 Job terminated.
	(1) Normal termination (return value 0)
		Usr 0 00:01:13, Sys 0 00:00:00  -  Run Remote Usage
		Usr 0 00:00:00, Sys 0 00:00:00  -  Run Local Usage
		Usr 0 00:01:13, Sys 0 00:00:00  -  Total Remote Usage
		Usr 0 00:00:00, Sys 0 00:00:00  -  Total Local Usage
	586104  -  Run Bytes Sent By Job
	62730  -  Run Bytes Received By Job
	586104  -  Total Bytes Sent By Job
	62730  -  Total Bytes Received By Job
	Partitionable Resources :    Usage  Request          
	   Cpus                 :                 1          
	   Disk (KB)            :     1986     1986          
	   Memory (MB)          :      203      203          
...
000 (782569.000.000) 10/01 14:30:26 Job submitted from host: <18.12.1.74:47665>
...
001 (782569.000.000) 10/01 14:31:40 Job executing on host: <18.12.6.39:41314>
...
006 (782569.000.000) 10/01 14:31:49 Image size of job updated: 145840
	30  -  MemoryUsage of job (MB)
	30516  -  ResidentSetSize of job (KB)
...
006 (782569.000.000) 10/01 14:34:05 Image size of job updated: 287732
	30  -  MemoryUsage of job (MB)
	30516  -  ResidentSetSize of job (KB)
...
005 (782569.000.000) 10/01 14:36:50 Job terminated.
	(1) Normal termination (return value 0)
		Usr 0 00:00:47, Sys 0 00:00:02  -  Run Remote Usage
		Usr 0 00:00:00, Sys 0 00:00:00  -  Run Local Usage
		Usr 0 00:00:47, Sys 0 00:00:02  -  Total Remote Usage
		Usr 0 00:00:00, Sys 0 00:00:00  -  Total Local Usage
	3773343  -  Run Bytes Sent By Job
	62736  -  Run Bytes Received By Job
	3773343  -  Total Bytes Sent By Job
	62736  -  Total Bytes Received By Job
	Partitionable Resources :    Usage  Request          
	   Cpus                 :                 1          
	   Disk (KB)            :     3771     3771          
	   Memory (MB)          :       30       30          
...
000 (788110.000.000) 10/09 09:23:34 Job submitted from host: <18.12.1.74:45913>
...
001 (788110.000.000) 10/09 09:25:21 Job executing on host: <18.12.8.240:47081>
...
006 (788110.000.000) 10/09 09:25:30 Image size of job updated: 355088
	134  -  MemoryUsage of job (MB)
	136796  -  ResidentSetSize of job (KB)
...
006 (788110.000.000) 10/09 09:27:28 Image size of job updated: 357872
	134  -  MemoryUsage of job (MB)
	136796  -  ResidentSetSize of job (KB)
...
005 (788110.000.000) 10/09 09:27:28 Job terminated.
	(1) Normal termination (return value 0)
		Usr 0 00:01:28, Sys 0 00:00:01  -  Run Remote Usage
		Usr 0 00:00:00, Sys 0 00:00:00  -  Run Local Usage
		Usr 0 00:01:28, Sys 0 00:00:01  -  Total Remote Usage
		Usr 0 00:00:00, Sys 0 00:00:00  -  Total Local Usage
	585424  -  Run Bytes Sent By Job
	62698  -  Run Bytes Received By Job
	585424  -  Total Bytes Sent By Job
	62698  -  Total Bytes Received By Job
	Partitionable Resources :    Usage  Request          
	   Cpus                 :                 1          
	   Disk (KB)            :      658      658          
	   Memory (MB)          :      134      134          
...
000 (788475.000.000) 10/12 09:47:55 Job submitted from host: <18.12.1.74:45913>
...
001 (788475.000.000) 10/12 09:49:35 Job executing on host: <18.12.12.67:45621>
...
006 (788475.000.000) 10/12 09:49:43 Image size of job updated: 93600
	3  -  MemoryUsage of job (MB)
	2432  -  ResidentSetSize of job (KB)
...
006 (788475.000.000) 10/12 09:51:47 Image size of job updated: 358004
	3  -  MemoryUsage of job (MB)
	2432  -  ResidentSetSize of job (KB)
...
005 (788475.000.000) 10/12 09:51:47 Job terminated.
	(1) Normal termination (return value 0)
		Usr 0 00:01:31, Sys 0 00:00:01  -  Run Remote Usage
		Usr 0 00:00:00, Sys 0 00:00:00  -  Run Local Usage
		Usr 0 00:01:31, Sys 0 00:00:01  -  Total Remote Usage
		Usr 0 00:00:00, Sys 0 00:00:00  -  Total Local Usage
	585141  -  Run Bytes Sent By Job
	62703  -  Run Bytes Received By Job
	585141  -  Total Bytes Sent By Job
	62703  -  Total Bytes Received By Job
	Partitionable Resources :    Usage  Request          
	   Cpus                 :                 1          
	   Disk (KB)            :      658      658          
	   Memory (MB)          :        3        3          
...
