000 (556335.000.000) 08/12 14:10:46 Job submitted from host: <18.12.1.74:48322>
...
001 (556335.000.000) 08/12 14:22:25 Job executing on host: <18.12.12.7:44599>
...
006 (556335.000.000) 08/12 14:22:33 Image size of job updated: 69180
	13  -  MemoryUsage of job (MB)
	13304  -  ResidentSetSize of job (KB)
...
006 (556335.000.000) 08/12 14:27:33 Image size of job updated: 230108
	97  -  MemoryUsage of job (MB)
	98312  -  ResidentSetSize of job (KB)
...
005 (556335.000.000) 08/12 14:29:45 Job terminated.
	(1) Normal termination (return value 0)
		Usr 0 00:00:44, Sys 0 00:00:01  -  Run Remote Usage
		Usr 0 00:00:00, Sys 0 00:00:00  -  Run Local Usage
		Usr 0 00:00:44, Sys 0 00:00:01  -  Total Remote Usage
		Usr 0 00:00:00, Sys 0 00:00:00  -  Total Local Usage
	586088  -  Run Bytes Sent By Job
	62715  -  Run Bytes Received By Job
	586088  -  Total Bytes Sent By Job
	62715  -  Total Bytes Received By Job
	Partitionable Resources :    Usage  Request          
	   Cpus                 :                 1          
	   Disk (KB)            :      659      659          
	   Memory (MB)          :       97       97          
...
000 (557595.000.000) 08/13 11:57:21 Job submitted from host: <18.12.1.74:48322>
...
001 (557595.000.000) 08/13 12:12:13 Job executing on host: <18.12.9.47:41168>
...
006 (557595.000.000) 08/13 12:12:22 Image size of job updated: 230108
	94  -  MemoryUsage of job (MB)
	95392  -  ResidentSetSize of job (KB)
...
005 (557595.000.000) 08/13 12:13:41 Job terminated.
	(1) Normal termination (return value 0)
		Usr 0 00:00:41, Sys 0 00:00:01  -  Run Remote Usage
		Usr 0 00:00:00, Sys 0 00:00:00  -  Run Local Usage
		Usr 0 00:00:41, Sys 0 00:00:01  -  Total Remote Usage
		Usr 0 00:00:00, Sys 0 00:00:00  -  Total Local Usage
	585927  -  Run Bytes Sent By Job
	62715  -  Run Bytes Received By Job
	585927  -  Total Bytes Sent By Job
	62715  -  Total Bytes Received By Job
	Partitionable Resources :    Usage  Request          
	   Cpus                 :                 1          
	   Disk (KB)            :      659      659          
	   Memory (MB)          :       94       94          
...
000 (558111.000.000) 08/13 14:31:05 Job submitted from host: <18.12.1.74:48322>
...
001 (558111.000.000) 08/13 14:45:46 Job executing on host: <18.12.9.37:49636>
...
006 (558111.000.000) 08/13 14:45:54 Image size of job updated: 2
	3  -  MemoryUsage of job (MB)
	2356  -  ResidentSetSize of job (KB)
...
006 (558111.000.000) 08/13 14:50:07 Image size of job updated: 230108
	3  -  MemoryUsage of job (MB)
	2356  -  ResidentSetSize of job (KB)
...
005 (558111.000.000) 08/13 14:50:07 Job terminated.
	(1) Normal termination (return value 0)
		Usr 0 00:00:45, Sys 0 00:00:01  -  Run Remote Usage
		Usr 0 00:00:00, Sys 0 00:00:00  -  Run Local Usage
		Usr 0 00:00:45, Sys 0 00:00:01  -  Total Remote Usage
		Usr 0 00:00:00, Sys 0 00:00:00  -  Total Local Usage
	586424  -  Run Bytes Sent By Job
	62714  -  Run Bytes Received By Job
	586424  -  Total Bytes Sent By Job
	62714  -  Total Bytes Received By Job
	Partitionable Resources :    Usage  Request          
	   Cpus                 :                 1          
	   Disk (KB)            :      659      659          
	   Memory (MB)          :        3        3          
...
000 (565448.000.000) 08/20 12:37:05 Job submitted from host: <18.12.1.74:48322>
...
001 (565448.000.000) 08/20 12:44:43 Job executing on host: <18.12.8.71:42993>
...
006 (565448.000.000) 08/20 12:44:52 Image size of job updated: 2
	3  -  MemoryUsage of job (MB)
	2340  -  ResidentSetSize of job (KB)
...
006 (565448.000.000) 08/20 12:46:01 Image size of job updated: 230108
	3  -  MemoryUsage of job (MB)
	2340  -  ResidentSetSize of job (KB)
...
005 (565448.000.000) 08/20 12:54:20 Job terminated.
	(1) Normal termination (return value 0)
		Usr 0 00:00:43, Sys 0 00:00:01  -  Run Remote Usage
		Usr 0 00:00:00, Sys 0 00:00:00  -  Run Local Usage
		Usr 0 00:00:43, Sys 0 00:00:01  -  Total Remote Usage
		Usr 0 00:00:00, Sys 0 00:00:00  -  Total Local Usage
	586123  -  Run Bytes Sent By Job
	62731  -  Run Bytes Received By Job
	586123  -  Total Bytes Sent By Job
	62731  -  Total Bytes Received By Job
	Partitionable Resources :    Usage  Request          
	   Cpus                 :                 1          
	   Disk (KB)            :      659      659          
	   Memory (MB)          :        3        3          
...
