
----------------------------------------------------
Job started on Thu Aug 20 20:29:14 EDT 2015 at WN: t2bat0312.cmsaf.mit.edu 
Job is running on Linux t2bat0312.cmsaf.mit.edu 2.6.32-358.el6.x86_64 #1 SMP Fri Feb 22 20:37:17 CST 2013 x86_64 x86_64 x86_64 GNU/Linux
Filesystem            Size  Used Avail Use% Mounted on
/dev/sda3              20G  4.1G   15G  22% /
tmpfs                  32G     0   32G   0% /dev/shm
/dev/sda1              97M   32M   61M  35% /boot
/dev/sda4             416G  112G  304G  27% /export/data1
fuse_dfs              4.9P  4.6P  323T  94% /mnt/hadoop
/dev/sdb1             3.6T  3.4T  262G  93% /export/00b
/dev/sdc1             3.6T  3.4T  252G  94% /export/00c
/dev/sdd1             3.6T  3.4T  274G  93% /export/00d
/dev/sde1             3.6T  3.4T  250G  94% /export/00e
/dev/sdf1             3.6T  3.4T  268G  93% /export/00f
/dev/sdg1             3.6T  3.4T  247G  94% /export/00g
cvmfs2                 98G   87G   12G  89% /cvmfs/cms.cern.ch
t2srv0004:/export/db  135G  187M  135G   1% /net/t2srv0004/db
cvmfs2                 98G   87G   12G  89% /cvmfs/cvmfs.cmsaf.mit.edu
cvmfs2                 98G   87G   12G  89% /cvmfs/oasis.opensciencegrid.org
cvmfs2                 98G   87G   12G  89% /cvmfs/cdfcfs.fnal.gov
gcc (GCC) 4.4.7 20120313 (Red Hat 4.4.7-3)
Copyright (C) 2010 Free Software Foundation, Inc.
This is free software; see the source for copying conditions.  There is NO
warranty; not even for MERCHANTABILITY or FITNESS FOR A PARTICULAR PURPOSE.

Processing...
0/236737
10000/236737
20000/236737
30000/236737
40000/236737
50000/236737
60000/236737
70000/236737
80000/236737
90000/236737
100000/236737
110000/236737
120000/236737
130000/236737
140000/236737
150000/236737
160000/236737
170000/236737
180000/236737
190000/236737
200000/236737
210000/236737
220000/236737
230000/236737
Macro finished: 
CPU time (min)  = 1.90167
Real time (min) = 3.66683
total 1.8M
-rw-r--r--  1 obaron obaron  94K Aug 20 13:21 jetRAA_PbPb_data_akPu2_select.txt
-rw-r--r--  1 obaron obaron  94K Aug 20 13:21 jetRAA_PbPb_data_akPu4_select.txt
-rw-r--r--  1 obaron obaron 108K Aug 20 13:22 jetRAA_PbPb_data_forest.txt
-rw-r--r--  1 obaron obaron  94K Aug 20 13:22 jetRAA_PbPb_data_akPu3_select.txt
-rw-r--r--  1 obaron obaron  70K Aug 20 20:03 RAA_read_data_pbpb.C
-rw-r--r--  1 obaron obaron  11K Aug 20 20:04 RAA_read_data_pbpb_C.d
-rwxr-xr-x  1 obaron obaron 101K Aug 20 20:05 RAA_read_data_pbpb_C.so
-rw-rw-r--  1 obaron obaron  61K Aug 20 20:29 jetRAA_run_PbPb_Data.tar
-rwxr-xr-x  1 obaron obaron 1.2K Aug 20 20:29 condor_exec.exe
-rw-r--r--  1 condor condor  20K Aug 20 20:29 .job.ad
-rw-r--r--  1 condor condor 5.5K Aug 20 20:29 .machine.ad
-rwx------  1 obaron obaron   49 Aug 20 20:29 .chirp.config
drwx------  2 obaron obaron 4.0K Aug 20 20:29 .
-rw-r--r--  1 obaron obaron  678 Aug 20 20:29 _condor_stderr
drwxr-xr-x 33 condor root   4.0K Aug 20 20:32 ..
-rw-r--r--  1 obaron obaron 1.9K Aug 20 20:32 _condor_stdout
-rw-r--r--  1 obaron obaron 1.1M Aug 20 20:32 PbPb_Data_histograms_FromForest_pileupCutFIX_ZDCmCut_akPu3_20_eta_20_735.root
Done!
Copied output files to hadoop rootfiles/JetRAA/June29
