000 (556348.000.000) 08/12 14:10:47 Job submitted from host: <18.12.1.74:48322>
...
001 (556348.000.000) 08/12 14:25:59 Job executing on host: <18.12.12.67:49709>
...
006 (556348.000.000) 08/12 14:26:08 Image size of job updated: 2
	3  -  MemoryUsage of job (MB)
	2352  -  ResidentSetSize of job (KB)
...
006 (556348.000.000) 08/12 14:27:39 Image size of job updated: 230092
	3  -  MemoryUsage of job (MB)
	2352  -  ResidentSetSize of job (KB)
...
005 (556348.000.000) 08/12 14:27:39 Job terminated.
	(1) Normal termination (return value 0)
		Usr 0 00:00:44, Sys 0 00:00:00  -  Run Remote Usage
		Usr 0 00:00:00, Sys 0 00:00:00  -  Run Local Usage
		Usr 0 00:00:44, Sys 0 00:00:00  -  Total Remote Usage
		Usr 0 00:00:00, Sys 0 00:00:00  -  Total Local Usage
	585873  -  Run Bytes Sent By Job
	62715  -  Run Bytes Received By Job
	585873  -  Total Bytes Sent By Job
	62715  -  Total Bytes Received By Job
	Partitionable Resources :    Usage  Request          
	   Cpus                 :                 1          
	   Disk (KB)            :      659      659          
	   Memory (MB)          :        3        3          
...
000 (557608.000.000) 08/13 11:57:23 Job submitted from host: <18.12.1.74:48322>
...
001 (557608.000.000) 08/13 12:16:14 Job executing on host: <18.12.9.63:42190>
...
006 (557608.000.000) 08/13 12:16:23 Image size of job updated: 228724
	94  -  MemoryUsage of job (MB)
	95576  -  ResidentSetSize of job (KB)
...
006 (557608.000.000) 08/13 12:18:22 Image size of job updated: 230088
	94  -  MemoryUsage of job (MB)
	95576  -  ResidentSetSize of job (KB)
...
005 (557608.000.000) 08/13 12:18:23 Job terminated.
	(1) Normal termination (return value 0)
		Usr 0 00:00:43, Sys 0 00:00:00  -  Run Remote Usage
		Usr 0 00:00:00, Sys 0 00:00:00  -  Run Local Usage
		Usr 0 00:00:43, Sys 0 00:00:00  -  Total Remote Usage
		Usr 0 00:00:00, Sys 0 00:00:00  -  Total Local Usage
	586144  -  Run Bytes Sent By Job
	62715  -  Run Bytes Received By Job
	586144  -  Total Bytes Sent By Job
	62715  -  Total Bytes Received By Job
	Partitionable Resources :    Usage  Request          
	   Cpus                 :                 1          
	   Disk (KB)            :      659      659          
	   Memory (MB)          :       94       94          
...
000 (558124.000.000) 08/13 14:31:06 Job submitted from host: <18.12.1.74:48322>
...
001 (558124.000.000) 08/13 14:50:09 Job executing on host: <18.12.9.37:49636>
...
006 (558124.000.000) 08/13 14:50:18 Image size of job updated: 193808
	78  -  MemoryUsage of job (MB)
	79568  -  ResidentSetSize of job (KB)
...
006 (558124.000.000) 08/13 14:54:11 Image size of job updated: 230092
	78  -  MemoryUsage of job (MB)
	79568  -  ResidentSetSize of job (KB)
...
005 (558124.000.000) 08/13 14:54:11 Job terminated.
	(1) Normal termination (return value 0)
		Usr 0 00:00:41, Sys 0 00:00:01  -  Run Remote Usage
		Usr 0 00:00:00, Sys 0 00:00:00  -  Run Local Usage
		Usr 0 00:00:41, Sys 0 00:00:01  -  Total Remote Usage
		Usr 0 00:00:00, Sys 0 00:00:00  -  Total Local Usage
	586424  -  Run Bytes Sent By Job
	62714  -  Run Bytes Received By Job
	586424  -  Total Bytes Sent By Job
	62714  -  Total Bytes Received By Job
	Partitionable Resources :    Usage  Request          
	   Cpus                 :                 1          
	   Disk (KB)            :      659      659          
	   Memory (MB)          :       78       78          
...
000 (565461.000.000) 08/20 12:41:05 Job submitted from host: <18.12.1.74:48322>
...
001 (565461.000.000) 08/20 12:45:21 Job executing on host: <18.12.8.134:40657>
...
006 (565461.000.000) 08/20 12:45:30 Image size of job updated: 188652
	73  -  MemoryUsage of job (MB)
	73980  -  ResidentSetSize of job (KB)
...
006 (565461.000.000) 08/20 12:46:19 Image size of job updated: 230092
	73  -  MemoryUsage of job (MB)
	73980  -  ResidentSetSize of job (KB)
...
005 (565461.000.000) 08/20 12:54:34 Job terminated.
	(1) Normal termination (return value 0)
		Usr 0 00:00:31, Sys 0 00:00:01  -  Run Remote Usage
		Usr 0 00:00:00, Sys 0 00:00:00  -  Run Local Usage
		Usr 0 00:00:31, Sys 0 00:00:01  -  Total Remote Usage
		Usr 0 00:00:00, Sys 0 00:00:00  -  Total Local Usage
	585909  -  Run Bytes Sent By Job
	62731  -  Run Bytes Received By Job
	585909  -  Total Bytes Sent By Job
	62731  -  Total Bytes Received By Job
	Partitionable Resources :    Usage  Request          
	   Cpus                 :                 1          
	   Disk (KB)            :      658      658          
	   Memory (MB)          :       73       73          
...
000 (782954.000.000) 10/02 11:03:58 Job submitted from host: <18.12.1.74:41314>
...
001 (782954.000.000) 10/02 11:11:44 Job executing on host: <18.12.8.147:46570>
...
006 (782954.000.000) 10/02 11:11:47 Image size of job updated: 81828
	0  -  MemoryUsage of job (MB)
	0  -  ResidentSetSize of job (KB)
...
005 (782954.000.000) 10/02 11:15:42 Job terminated.
	(1) Normal termination (return value 0)
		Usr 0 00:00:00, Sys 0 00:00:00  -  Run Remote Usage
		Usr 0 00:00:00, Sys 0 00:00:00  -  Run Local Usage
		Usr 0 00:00:00, Sys 0 00:00:00  -  Total Remote Usage
		Usr 0 00:00:00, Sys 0 00:00:00  -  Total Local Usage
	585487  -  Run Bytes Sent By Job
	62733  -  Run Bytes Received By Job
	585487  -  Total Bytes Sent By Job
	62733  -  Total Bytes Received By Job
	Partitionable Resources :    Usage  Request          
	   Cpus                 :                 1          
	   Disk (KB)            :      658      658          
	   Memory (MB)          :        0        0          
...
000 (783135.000.000) 10/02 16:13:19 Job submitted from host: <18.12.1.74:45913>
...
001 (783135.000.000) 10/02 16:14:11 Job executing on host: <18.12.6.41:46351>
...
006 (783135.000.000) 10/02 16:14:13 Image size of job updated: 1196
	0  -  MemoryUsage of job (MB)
	0  -  ResidentSetSize of job (KB)
...
005 (783135.000.000) 10/02 16:14:14 Job terminated.
	(1) Normal termination (return value 0)
		Usr 0 00:00:00, Sys 0 00:00:00  -  Run Remote Usage
		Usr 0 00:00:00, Sys 0 00:00:00  -  Run Local Usage
		Usr 0 00:00:00, Sys 0 00:00:00  -  Total Remote Usage
		Usr 0 00:00:00, Sys 0 00:00:00  -  Total Local Usage
	585410  -  Run Bytes Sent By Job
	62733  -  Run Bytes Received By Job
	585410  -  Total Bytes Sent By Job
	62733  -  Total Bytes Received By Job
	Partitionable Resources :    Usage  Request          
	   Cpus                 :                 1          
	   Disk (KB)            :      658      658          
	   Memory (MB)          :        0        0          
...
000 (783316.000.000) 10/02 16:48:32 Job submitted from host: <18.12.1.74:45913>
...
001 (783316.000.000) 10/02 16:48:59 Job executing on host: <18.12.8.246:40000>
...
006 (783316.000.000) 10/02 16:49:00 Image size of job updated: 2
	0  -  MemoryUsage of job (MB)
	0  -  ResidentSetSize of job (KB)
...
005 (783316.000.000) 10/02 16:49:00 Job terminated.
	(1) Normal termination (return value 0)
		Usr 0 00:00:00, Sys 0 00:00:00  -  Run Remote Usage
		Usr 0 00:00:00, Sys 0 00:00:00  -  Run Local Usage
		Usr 0 00:00:00, Sys 0 00:00:00  -  Total Remote Usage
		Usr 0 00:00:00, Sys 0 00:00:00  -  Total Local Usage
	585780  -  Run Bytes Sent By Job
	62733  -  Run Bytes Received By Job
	585780  -  Total Bytes Sent By Job
	62733  -  Total Bytes Received By Job
	Partitionable Resources :    Usage  Request          
	   Cpus                 :                 1          
	   Disk (KB)            :      658      658          
	   Memory (MB)          :        0        0          
...
000 (783499.000.000) 10/05 09:25:32 Job submitted from host: <18.12.1.74:45913>
...
001 (783499.000.000) 10/05 09:25:47 Job executing on host: <18.12.12.9:43139>
...
006 (783499.000.000) 10/05 09:25:56 Image size of job updated: 2
	3  -  MemoryUsage of job (MB)
	2340  -  ResidentSetSize of job (KB)
...
006 (783499.000.000) 10/05 09:26:02 Image size of job updated: 13384
	3  -  MemoryUsage of job (MB)
	2340  -  ResidentSetSize of job (KB)
...
005 (783499.000.000) 10/05 09:26:05 Job terminated.
	(1) Normal termination (return value 0)
		Usr 0 00:00:00, Sys 0 00:00:00  -  Run Remote Usage
		Usr 0 00:00:00, Sys 0 00:00:00  -  Run Local Usage
		Usr 0 00:00:00, Sys 0 00:00:00  -  Total Remote Usage
		Usr 0 00:00:00, Sys 0 00:00:00  -  Total Local Usage
	585554  -  Run Bytes Sent By Job
	62732  -  Run Bytes Received By Job
	585554  -  Total Bytes Sent By Job
	62732  -  Total Bytes Received By Job
	Partitionable Resources :    Usage  Request          
	   Cpus                 :                 1          
	   Disk (KB)            :      658      658          
	   Memory (MB)          :        3        3          
...
000 (783680.000.000) 10/05 10:00:18 Job submitted from host: <18.12.1.74:45913>
...
001 (783680.000.000) 10/05 10:00:53 Job executing on host: <18.12.8.234:47446>
...
006 (783680.000.000) 10/05 10:00:57 Image size of job updated: 2
	0  -  MemoryUsage of job (MB)
	0  -  ResidentSetSize of job (KB)
...
005 (783680.000.000) 10/05 10:00:58 Job terminated.
	(1) Normal termination (return value 0)
		Usr 0 00:00:00, Sys 0 00:00:00  -  Run Remote Usage
		Usr 0 00:00:00, Sys 0 00:00:00  -  Run Local Usage
		Usr 0 00:00:00, Sys 0 00:00:00  -  Total Remote Usage
		Usr 0 00:00:00, Sys 0 00:00:00  -  Total Local Usage
	585337  -  Run Bytes Sent By Job
	62731  -  Run Bytes Received By Job
	585337  -  Total Bytes Sent By Job
	62731  -  Total Bytes Received By Job
	Partitionable Resources :    Usage  Request          
	   Cpus                 :                 1          
	   Disk (KB)            :      658      658          
	   Memory (MB)          :        0        0          
...
000 (783862.000.000) 10/05 12:25:03 Job submitted from host: <18.12.1.74:45913>
...
001 (783862.000.000) 10/05 12:25:14 Job executing on host: <18.12.9.67:41533>
...
006 (783862.000.000) 10/05 12:25:23 Image size of job updated: 1196
	1  -  MemoryUsage of job (MB)
	156  -  ResidentSetSize of job (KB)
...
005 (783862.000.000) 10/05 12:25:28 Job terminated.
	(1) Normal termination (return value 0)
		Usr 0 00:00:00, Sys 0 00:00:00  -  Run Remote Usage
		Usr 0 00:00:00, Sys 0 00:00:00  -  Run Local Usage
		Usr 0 00:00:00, Sys 0 00:00:00  -  Total Remote Usage
		Usr 0 00:00:00, Sys 0 00:00:00  -  Total Local Usage
	585752  -  Run Bytes Sent By Job
	62732  -  Run Bytes Received By Job
	585752  -  Total Bytes Sent By Job
	62732  -  Total Bytes Received By Job
	Partitionable Resources :    Usage  Request          
	   Cpus                 :                 1          
	   Disk (KB)            :      658      658          
	   Memory (MB)          :        1        1          
...
000 (784043.000.000) 10/05 12:28:38 Job submitted from host: <18.12.1.74:45913>
...
001 (784043.000.000) 10/05 12:28:49 Job executing on host: <18.12.9.79:40219>
...
006 (784043.000.000) 10/05 12:28:58 Image size of job updated: 2
	3  -  MemoryUsage of job (MB)
	2348  -  ResidentSetSize of job (KB)
...
006 (784043.000.000) 10/05 12:29:45 Image size of job updated: 230152
	3  -  MemoryUsage of job (MB)
	2348  -  ResidentSetSize of job (KB)
...
005 (784043.000.000) 10/05 12:29:45 Job terminated.
	(1) Normal termination (return value 0)
		Usr 0 00:00:34, Sys 0 00:00:00  -  Run Remote Usage
		Usr 0 00:00:00, Sys 0 00:00:00  -  Run Local Usage
		Usr 0 00:00:34, Sys 0 00:00:00  -  Total Remote Usage
		Usr 0 00:00:00, Sys 0 00:00:00  -  Total Local Usage
	586791  -  Run Bytes Sent By Job
	62733  -  Run Bytes Received By Job
	586791  -  Total Bytes Sent By Job
	62733  -  Total Bytes Received By Job
	Partitionable Resources :    Usage  Request          
	   Cpus                 :                 1          
	   Disk (KB)            :      659      659          
	   Memory (MB)          :        3        3          
...
000 (786112.000.000) 10/05 14:34:38 Job submitted from host: <18.12.1.74:45913>
...
001 (786112.000.000) 10/05 14:35:30 Job executing on host: <18.12.9.74:45110>
...
006 (786112.000.000) 10/05 14:35:39 Image size of job updated: 2
	3  -  MemoryUsage of job (MB)
	2368  -  ResidentSetSize of job (KB)
...
006 (786112.000.000) 10/05 14:36:31 Image size of job updated: 230092
	3  -  MemoryUsage of job (MB)
	2368  -  ResidentSetSize of job (KB)
...
005 (786112.000.000) 10/05 14:36:31 Job terminated.
	(1) Normal termination (return value 0)
		Usr 0 00:00:42, Sys 0 00:00:01  -  Run Remote Usage
		Usr 0 00:00:00, Sys 0 00:00:00  -  Run Local Usage
		Usr 0 00:00:42, Sys 0 00:00:01  -  Total Remote Usage
		Usr 0 00:00:00, Sys 0 00:00:00  -  Total Local Usage
	586420  -  Run Bytes Sent By Job
	62729  -  Run Bytes Received By Job
	586420  -  Total Bytes Sent By Job
	62729  -  Total Bytes Received By Job
	Partitionable Resources :    Usage  Request          
	   Cpus                 :                 1          
	   Disk (KB)            :      659      659          
	   Memory (MB)          :        3        3          
...
000 (787951.000.000) 10/08 16:09:39 Job submitted from host: <18.12.1.74:45913>
...
001 (787951.000.000) 10/08 16:13:20 Job executing on host: <18.12.9.26:44234>
...
006 (787951.000.000) 10/08 16:13:28 Image size of job updated: 9524
	2  -  MemoryUsage of job (MB)
	1416  -  ResidentSetSize of job (KB)
...
006 (787951.000.000) 10/08 16:16:25 Image size of job updated: 230072
	2  -  MemoryUsage of job (MB)
	1416  -  ResidentSetSize of job (KB)
...
005 (787951.000.000) 10/08 16:16:26 Job terminated.
	(1) Normal termination (return value 0)
		Usr 0 00:00:41, Sys 0 00:00:00  -  Run Remote Usage
		Usr 0 00:00:00, Sys 0 00:00:00  -  Run Local Usage
		Usr 0 00:00:41, Sys 0 00:00:00  -  Total Remote Usage
		Usr 0 00:00:00, Sys 0 00:00:00  -  Total Local Usage
	585579  -  Run Bytes Sent By Job
	62697  -  Run Bytes Received By Job
	585579  -  Total Bytes Sent By Job
	62697  -  Total Bytes Received By Job
	Partitionable Resources :    Usage  Request          
	   Cpus                 :                 1          
	   Disk (KB)            :      658      658          
	   Memory (MB)          :        2        2          
...
000 (788314.000.000) 10/09 10:00:27 Job submitted from host: <18.12.1.74:45913>
...
001 (788314.000.000) 10/09 10:06:05 Job executing on host: <18.12.9.76:43139>
...
006 (788314.000.000) 10/09 10:06:14 Image size of job updated: 230072
	94  -  MemoryUsage of job (MB)
	95324  -  ResidentSetSize of job (KB)
...
005 (788314.000.000) 10/09 10:07:12 Job terminated.
	(1) Normal termination (return value 0)
		Usr 0 00:00:31, Sys 0 00:00:01  -  Run Remote Usage
		Usr 0 00:00:00, Sys 0 00:00:00  -  Run Local Usage
		Usr 0 00:00:31, Sys 0 00:00:01  -  Total Remote Usage
		Usr 0 00:00:00, Sys 0 00:00:00  -  Total Local Usage
	585153  -  Run Bytes Sent By Job
	62694  -  Run Bytes Received By Job
	585153  -  Total Bytes Sent By Job
	62694  -  Total Bytes Received By Job
	Partitionable Resources :    Usage  Request          
	   Cpus                 :                 1          
	   Disk (KB)            :      658      658          
	   Memory (MB)          :       94       94          
...
000 (788861.000.000) 10/12 11:22:06 Job submitted from host: <18.12.1.74:45913>
...
001 (788861.000.000) 10/12 11:26:07 Job executing on host: <18.12.9.22:47957>
...
006 (788861.000.000) 10/12 11:26:16 Image size of job updated: 2
	3  -  MemoryUsage of job (MB)
	2348  -  ResidentSetSize of job (KB)
...
006 (788861.000.000) 10/12 11:27:33 Image size of job updated: 230072
	3  -  MemoryUsage of job (MB)
	2348  -  ResidentSetSize of job (KB)
...
005 (788861.000.000) 10/12 11:27:34 Job terminated.
	(1) Normal termination (return value 0)
		Usr 0 00:00:42, Sys 0 00:00:00  -  Run Remote Usage
		Usr 0 00:00:00, Sys 0 00:00:00  -  Run Local Usage
		Usr 0 00:00:42, Sys 0 00:00:00  -  Total Remote Usage
		Usr 0 00:00:00, Sys 0 00:00:00  -  Total Local Usage
	585252  -  Run Bytes Sent By Job
	62702  -  Run Bytes Received By Job
	585252  -  Total Bytes Sent By Job
	62702  -  Total Bytes Received By Job
	Partitionable Resources :    Usage  Request          
	   Cpus                 :                 1          
	   Disk (KB)            :      658      658          
	   Memory (MB)          :        3        3          
...
