000 (556087.000.000) 08/12 11:33:43 Job submitted from host: <18.12.1.74:48322>
...
001 (556087.000.000) 08/12 11:55:19 Job executing on host: <18.12.6.57:46935>
...
006 (556087.000.000) 08/12 11:55:28 Image size of job updated: 225236
	94  -  MemoryUsage of job (MB)
	95568  -  ResidentSetSize of job (KB)
...
006 (556087.000.000) 08/12 11:57:53 Image size of job updated: 230436
	94  -  MemoryUsage of job (MB)
	95568  -  ResidentSetSize of job (KB)
...
005 (556087.000.000) 08/12 11:57:53 Job terminated.
	(1) Normal termination (return value 0)
		Usr 0 00:01:21, Sys 0 00:00:01  -  Run Remote Usage
		Usr 0 00:00:00, Sys 0 00:00:00  -  Run Local Usage
		Usr 0 00:01:21, Sys 0 00:00:01  -  Total Remote Usage
		Usr 0 00:00:00, Sys 0 00:00:00  -  Total Local Usage
	586076  -  Run Bytes Sent By Job
	62715  -  Run Bytes Received By Job
	586076  -  Total Bytes Sent By Job
	62715  -  Total Bytes Received By Job
	Partitionable Resources :    Usage  Request          
	   Cpus                 :                 1          
	   Disk (KB)            :      659      659          
	   Memory (MB)          :       94       94          
...
000 (566456.000.000) 08/20 21:05:04 Job submitted from host: <18.12.1.74:48322>
...
007 (566456.000.000) 08/20 21:05:25 Shadow exception!
	Error from slot31@t2bat0302.cmsaf.mit.edu: Failed to transfer files
	0  -  Run Bytes Sent By Job
	0  -  Run Bytes Received By Job
...
007 (566456.000.000) 08/20 21:05:34 Shadow exception!
	Error from slot21@t2bat0339.cmsaf.mit.edu: Failed to transfer files
	0  -  Run Bytes Sent By Job
	0  -  Run Bytes Received By Job
...
001 (566456.000.000) 08/20 21:05:45 Job executing on host: <18.12.9.35:44891>
...
006 (566456.000.000) 08/20 21:05:54 Image size of job updated: 187692
	75  -  MemoryUsage of job (MB)
	76072  -  ResidentSetSize of job (KB)
...
006 (566456.000.000) 08/20 21:10:54 Image size of job updated: 230440
	102  -  MemoryUsage of job (MB)
	103812  -  ResidentSetSize of job (KB)
...
005 (566456.000.000) 08/20 21:17:42 Job terminated.
	(1) Normal termination (return value 0)
		Usr 0 00:01:14, Sys 0 00:00:02  -  Run Remote Usage
		Usr 0 00:00:00, Sys 0 00:00:00  -  Run Local Usage
		Usr 0 00:01:14, Sys 0 00:00:02  -  Total Remote Usage
		Usr 0 00:00:00, Sys 0 00:00:00  -  Total Local Usage
	586424  -  Run Bytes Sent By Job
	62731  -  Run Bytes Received By Job
	586424  -  Total Bytes Sent By Job
	62731  -  Total Bytes Received By Job
	Partitionable Resources :    Usage  Request          
	   Cpus                 :                 1          
	   Disk (KB)            :      659      659          
	   Memory (MB)          :      102      102          
...
