000 (556158.000.000) 08/12 11:33:50 Job submitted from host: <18.12.1.74:48322>
...
001 (556158.000.000) 08/12 12:04:02 Job executing on host: <18.12.8.251:43869>
...
006 (556158.000.000) 08/12 12:04:10 Image size of job updated: 230432
	96  -  MemoryUsage of job (MB)
	98024  -  ResidentSetSize of job (KB)
...
005 (556158.000.000) 08/12 12:07:03 Job terminated.
	(1) Normal termination (return value 0)
		Usr 0 00:01:14, Sys 0 00:00:01  -  Run Remote Usage
		Usr 0 00:00:00, Sys 0 00:00:00  -  Run Local Usage
		Usr 0 00:01:14, Sys 0 00:00:01  -  Total Remote Usage
		Usr 0 00:00:00, Sys 0 00:00:00  -  Total Local Usage
	585992  -  Run Bytes Sent By Job
	62715  -  Run Bytes Received By Job
	585992  -  Total Bytes Sent By Job
	62715  -  Total Bytes Received By Job
	Partitionable Resources :    Usage  Request          
	   Cpus                 :                 1          
	   Disk (KB)            :      659      659          
	   Memory (MB)          :       96       96          
...
000 (566527.000.000) 08/20 21:09:50 Job submitted from host: <18.12.1.74:48322>
...
001 (566527.000.000) 08/20 21:09:59 Job executing on host: <18.12.9.49:41460>
...
006 (566527.000.000) 08/20 21:10:07 Image size of job updated: 230432
	96  -  MemoryUsage of job (MB)
	98132  -  ResidentSetSize of job (KB)
...
005 (566527.000.000) 08/20 21:18:41 Job terminated.
	(1) Normal termination (return value 0)
		Usr 0 00:01:16, Sys 0 00:00:01  -  Run Remote Usage
		Usr 0 00:00:00, Sys 0 00:00:00  -  Run Local Usage
		Usr 0 00:01:16, Sys 0 00:00:01  -  Total Remote Usage
		Usr 0 00:00:00, Sys 0 00:00:00  -  Total Local Usage
	586174  -  Run Bytes Sent By Job
	62731  -  Run Bytes Received By Job
	586174  -  Total Bytes Sent By Job
	62731  -  Total Bytes Received By Job
	Partitionable Resources :    Usage  Request          
	   Cpus                 :                 1          
	   Disk (KB)            :      659      659          
	   Memory (MB)          :       96       96          
...
