000 (556113.000.000) 08/12 11:33:45 Job submitted from host: <18.12.1.74:48322>
...
001 (556113.000.000) 08/12 11:59:41 Job executing on host: <18.12.8.154:41168>
...
006 (556113.000.000) 08/12 11:59:49 Image size of job updated: 224780
	89  -  MemoryUsage of job (MB)
	90688  -  ResidentSetSize of job (KB)
...
006 (556113.000.000) 08/12 12:01:47 Image size of job updated: 230088
	89  -  MemoryUsage of job (MB)
	90688  -  ResidentSetSize of job (KB)
...
005 (556113.000.000) 08/12 12:01:47 Job terminated.
	(1) Normal termination (return value 0)
		Usr 0 00:00:39, Sys 0 00:00:00  -  Run Remote Usage
		Usr 0 00:00:00, Sys 0 00:00:00  -  Run Local Usage
		Usr 0 00:00:39, Sys 0 00:00:00  -  Total Remote Usage
		Usr 0 00:00:00, Sys 0 00:00:00  -  Total Local Usage
	586114  -  Run Bytes Sent By Job
	62715  -  Run Bytes Received By Job
	586114  -  Total Bytes Sent By Job
	62715  -  Total Bytes Received By Job
	Partitionable Resources :    Usage  Request          
	   Cpus                 :                 1          
	   Disk (KB)            :      659      659          
	   Memory (MB)          :       89       89          
...
000 (566482.000.000) 08/20 21:06:59 Job submitted from host: <18.12.1.74:48322>
...
001 (566482.000.000) 08/20 21:07:04 Job executing on host: <18.12.9.58:41971>
...
006 (566482.000.000) 08/20 21:07:12 Image size of job updated: 193800
	75  -  MemoryUsage of job (MB)
	76480  -  ResidentSetSize of job (KB)
...
006 (566482.000.000) 08/20 21:12:12 Image size of job updated: 230088
	88  -  MemoryUsage of job (MB)
	89560  -  ResidentSetSize of job (KB)
...
006 (566482.000.000) 08/20 21:17:12 Image size of job updated: 230088
	95  -  MemoryUsage of job (MB)
	96400  -  ResidentSetSize of job (KB)
...
006 (566482.000.000) 08/20 21:22:13 Image size of job updated: 230088
	95  -  MemoryUsage of job (MB)
	96936  -  ResidentSetSize of job (KB)
...
006 (566482.000.000) 08/20 21:27:13 Image size of job updated: 230088
	100  -  MemoryUsage of job (MB)
	101952  -  ResidentSetSize of job (KB)
...
022 (566482.000.000) 08/20 21:31:44 Job disconnected, attempting to reconnect
    Socket between submit and execute hosts closed unexpectedly
    Trying to reconnect to slot20@t2bat0314.cmsaf.mit.edu <18.12.9.58:41971>
...
023 (566482.000.000) 08/20 21:31:44 Job reconnected to slot20@t2bat0314.cmsaf.mit.edu
    startd address: <18.12.9.58:41971>
    starter address: <18.12.9.58:42920>
...
005 (566482.000.000) 08/20 21:38:10 Job terminated.
	(1) Normal termination (return value 0)
		Usr 0 00:00:48, Sys 0 00:00:02  -  Run Remote Usage
		Usr 0 00:00:00, Sys 0 00:00:00  -  Run Local Usage
		Usr 0 00:00:48, Sys 0 00:00:02  -  Total Remote Usage
		Usr 0 00:00:00, Sys 0 00:00:00  -  Total Local Usage
	586082  -  Run Bytes Sent By Job
	62731  -  Run Bytes Received By Job
	586082  -  Total Bytes Sent By Job
	62731  -  Total Bytes Received By Job
	Partitionable Resources :    Usage  Request          
	   Cpus                 :                 1          
	   Disk (KB)            :      659      659          
	   Memory (MB)          :      100      100          
...
