
----------------------------------------------------
Job started on Thu Aug 20 20:33:11 EDT 2015 at WN: t2bat0323.cmsaf.mit.edu 
Job is running on Linux t2bat0323.cmsaf.mit.edu 2.6.32-358.el6.x86_64 #1 SMP Fri Feb 22 20:37:17 CST 2013 x86_64 x86_64 x86_64 GNU/Linux
Filesystem            Size  Used Avail Use% Mounted on
/dev/sda3              20G   14G  5.2G  73% /
tmpfs                  32G     0   32G   0% /dev/shm
/dev/sda1              97M   32M   61M  35% /boot
/dev/sda4             416G  107G  309G  26% /export/data1
fuse_dfs              4.9P  4.6P  323T  94% /mnt/hadoop
/dev/sdb1             3.6T  3.4T  266G  93% /export/00b
/dev/sdc1             3.6T  3.4T  270G  93% /export/00c
/dev/sdd1             3.6T  3.4T  251G  94% /export/00d
/dev/sde1             3.6T  3.4T  258G  93% /export/00e
/dev/sdf1             3.6T  3.4T  266G  93% /export/00f
/dev/sdg1             3.6T  3.4T  273G  93% /export/00g
cvmfs2                 98G   79G   20G  81% /cvmfs/cms.cern.ch
t2srv0004:/export/db  135G  187M  135G   1% /net/t2srv0004/db
cvmfs2                 98G   79G   20G  81% /cvmfs/cvmfs.cmsaf.mit.edu
cvmfs2                 98G   79G   20G  81% /cvmfs/oasis.opensciencegrid.org
cvmfs2                 98G   79G   20G  81% /cvmfs/cdfcfs.fnal.gov
gcc (GCC) 4.4.7 20120313 (Red Hat 4.4.7-3)
Copyright (C) 2010 Free Software Foundation, Inc.
This is free software; see the source for copying conditions.  There is NO
warranty; not even for MERCHANTABILITY or FITNESS FOR A PARTICULAR PURPOSE.

Processing...
0/188828
10000/188828
20000/188828
30000/188828
40000/188828
50000/188828
60000/188828
70000/188828
80000/188828
90000/188828
100000/188828
110000/188828
120000/188828
130000/188828
140000/188828
150000/188828
160000/188828
170000/188828
180000/188828
Macro finished: 
CPU time (min)  = 1.586
Real time (min) = 2.47211
total 2.0M
-rw-r--r--  1 obaron obaron  94K Aug 20 13:21 jetRAA_PbPb_data_akPu2_select.txt
-rw-r--r--  1 obaron obaron  94K Aug 20 13:21 jetRAA_PbPb_data_akPu4_select.txt
-rw-r--r--  1 obaron obaron 108K Aug 20 13:22 jetRAA_PbPb_data_forest.txt
-rw-r--r--  1 obaron obaron  94K Aug 20 13:22 jetRAA_PbPb_data_akPu3_select.txt
-rw-r--r--  1 obaron obaron  70K Aug 20 20:03 RAA_read_data_pbpb.C
-rw-r--r--  1 obaron obaron  11K Aug 20 20:04 RAA_read_data_pbpb_C.d
-rwxr-xr-x  1 obaron obaron 101K Aug 20 20:05 RAA_read_data_pbpb_C.so
-rw-r--r--  1 condor condor 5.6K Aug 20 20:33 .machine.ad
-rw-r--r--  1 condor condor  20K Aug 20 20:33 .job.ad
-rwx------  1 obaron obaron   49 Aug 20 20:33 .chirp.config
-rw-rw-r--  1 obaron obaron  61K Aug 20 20:33 jetRAA_run_PbPb_Data.tar
-rwxr-xr-x  1 obaron obaron 1.2K Aug 20 20:33 condor_exec.exe
drwx------  2 obaron obaron 4.0K Aug 20 20:33 .
-rw-r--r--  1 obaron obaron  678 Aug 20 20:33 _condor_stderr
drwxr-xr-x 33 condor root   4.0K Aug 20 20:35 ..
-rw-r--r--  1 obaron obaron 1.8K Aug 20 20:35 _condor_stdout
-rw-r--r--  1 obaron obaron 1.3M Aug 20 20:35 PbPb_Data_histograms_FromForest_pileupCutFIX_ZDCmCut_akPu3_20_eta_20_465.root
Done!
Copied output files to hadoop rootfiles/JetRAA/June29
