
----------------------------------------------------
Job started on Thu Aug 20 13:01:14 EDT 2015 at WN: t2bat0164.cmsaf.mit.edu 
Job is running on Linux t2bat0164.cmsaf.mit.edu 2.6.32-358.el6.x86_64 #1 SMP Fri Feb 22 20:37:17 CST 2013 x86_64 x86_64 x86_64 GNU/Linux
Filesystem            Size  Used Avail Use% Mounted on
/dev/sda3              20G  3.2G   16G  17% /
tmpfs                  12G     0   12G   0% /dev/shm
/dev/sda1              97M   32M   61M  35% /boot
/dev/sda4             416G   98G  318G  24% /export/data1
/dev/sde1             917G  871G   47G  95% /export/00b
/dev/sdb1             917G  851G   67G  93% /export/00c
/dev/sdc1             917G  861G   57G  94% /export/00d
/dev/sdd1             917G  875G   43G  96% /export/00e
/dev/sdf1             917G  857G   61G  94% /export/00f
fuse_dfs              4.9P  4.6P  328T  94% /mnt/hadoop
cvmfs2                 98G   87G   12G  89% /cvmfs/cms.cern.ch
t2srv0004:/export/db  135G  187M  135G   1% /net/t2srv0004/db
hisrv0001:/export/home
                      2.0T  1.7T  187G  91% /net/hisrv0001/home
lndsk0001:/export/d00
                      8.8T  8.2T  604G  94% /net/lndsk0001/d00
cvmfs2                 98G   87G   12G  89% /cvmfs/cvmfs.cmsaf.mit.edu
gcc (GCC) 4.4.7 20120313 (Red Hat 4.4.7-3)
Copyright (C) 2010 Free Software Foundation, Inc.
This is free software; see the source for copying conditions.  There is NO
warranty; not even for MERCHANTABILITY or FITNESS FOR A PARTICULAR PURPOSE.

Processing...
0/29039
10000/29039
20000/29039
Macro finished: 
CPU time (min)  = 0.429667
Real time (min) = 0.573251
total 1.6M
-rw-r--r--  1 obaron obaron 108K Aug 13 15:28 jetRAA_PbPb_data_forest.txt
-rw-r--r--  1 obaron obaron  94K Aug 13 15:28 jetRAA_PbPb_data_akPu4_select.txt
-rw-r--r--  1 obaron obaron  94K Aug 13 15:28 jetRAA_PbPb_data_akPu3_select.txt
-rw-r--r--  1 obaron obaron  94K Aug 13 15:28 jetRAA_PbPb_data_akPu2_select.txt
-rw-r--r--  1 obaron obaron  70K Aug 20 12:29 RAA_read_data_pbpb.C
-rw-r--r--  1 obaron obaron  11K Aug 20 12:30 RAA_read_data_pbpb_C.d
-rwxr-xr-x  1 obaron obaron 101K Aug 20 12:30 RAA_read_data_pbpb_C.so
-rw-rw-r--  1 obaron obaron  61K Aug 20 12:58 jetRAA_run_PbPb_Data.tar
-rwxr-xr-x  1 obaron obaron 1.2K Aug 20 12:58 condor_exec.exe
-rw-r--r--  1 condor condor 5.1K Aug 20 13:01 .machine.ad
-rw-r--r--  1 condor condor  20K Aug 20 13:01 .job.ad
drwxr-xr-x 17 condor root   4.0K Aug 20 13:01 ..
drwxr-xr-x  2 obaron obaron 4.0K Aug 20 13:01 .
-rw-r--r--  1 obaron obaron  678 Aug 20 13:01 _condor_stderr
-rw-r--r--  1 obaron obaron 1.6K Aug 20 13:01 _condor_stdout
-rw-r--r--  1 obaron obaron 877K Aug 20 13:01 PbPb_Data_histograms_FromForest_pileupCutFIX_ZDCmCut_akPu4_20_eta_20_902.root
Done!
Copied output files to hadoop rootfiles/JetRAA/June29
