000 (556019.000.000) 08/12 11:33:36 Job submitted from host: <18.12.1.74:48322>
...
001 (556019.000.000) 08/12 11:42:19 Job executing on host: <18.12.8.173:41971>
...
006 (556019.000.000) 08/12 11:42:27 Image size of job updated: 2
	3  -  MemoryUsage of job (MB)
	2336  -  ResidentSetSize of job (KB)
...
006 (556019.000.000) 08/12 11:47:27 Image size of job updated: 230076
	94  -  MemoryUsage of job (MB)
	95624  -  ResidentSetSize of job (KB)
...
006 (556019.000.000) 08/12 12:12:31 Image size of job updated: 230076
	96  -  MemoryUsage of job (MB)
	97648  -  ResidentSetSize of job (KB)
...
005 (556019.000.000) 08/12 12:14:29 Job terminated.
	(1) Normal termination (return value 0)
		Usr 0 00:00:39, Sys 0 00:00:00  -  Run Remote Usage
		Usr 0 00:00:00, Sys 0 00:00:00  -  Run Local Usage
		Usr 0 00:00:39, Sys 0 00:00:00  -  Total Remote Usage
		Usr 0 00:00:00, Sys 0 00:00:00  -  Total Local Usage
	586088  -  Run Bytes Sent By Job
	62715  -  Run Bytes Received By Job
	586088  -  Total Bytes Sent By Job
	62715  -  Total Bytes Received By Job
	Partitionable Resources :    Usage  Request          
	   Cpus                 :                 1          
	   Disk (KB)            :      659      659          
	   Memory (MB)          :       96       96          
...
000 (566388.000.000) 08/20 21:00:42 Job submitted from host: <18.12.1.74:48322>
...
007 (566388.000.000) 08/20 21:01:12 Shadow exception!
	Error from slot13@t2bat0260.cmsaf.mit.edu: Failed to transfer files
	0  -  Run Bytes Sent By Job
	0  -  Run Bytes Received By Job
...
007 (566388.000.000) 08/20 21:02:04 Shadow exception!
	Error from slot33@t2bat0298.cmsaf.mit.edu: Failed to transfer files
	0  -  Run Bytes Sent By Job
	0  -  Run Bytes Received By Job
...
007 (566388.000.000) 08/20 21:02:06 Shadow exception!
	Error from slot33@t2bat0298.cmsaf.mit.edu: Failed to transfer files
	0  -  Run Bytes Sent By Job
	0  -  Run Bytes Received By Job
...
007 (566388.000.000) 08/20 21:02:10 Shadow exception!
	Error from slot33@t2bat0298.cmsaf.mit.edu: Failed to transfer files
	0  -  Run Bytes Sent By Job
	0  -  Run Bytes Received By Job
...
001 (566388.000.000) 08/20 21:02:15 Job executing on host: <18.12.9.42:46351>
...
006 (566388.000.000) 08/20 21:02:24 Image size of job updated: 11704
	2  -  MemoryUsage of job (MB)
	1464  -  ResidentSetSize of job (KB)
...
006 (566388.000.000) 08/20 21:05:58 Image size of job updated: 230080
	2  -  MemoryUsage of job (MB)
	1464  -  ResidentSetSize of job (KB)
...
022 (566388.000.000) 08/20 21:05:59 Job disconnected, attempting to reconnect
    Socket between submit and execute hosts closed unexpectedly
    Trying to reconnect to slot33@t2bat0298.cmsaf.mit.edu <18.12.9.42:46351>
...
023 (566388.000.000) 08/20 21:06:00 Job reconnected to slot33@t2bat0298.cmsaf.mit.edu
    startd address: <18.12.9.42:46351>
    starter address: <18.12.9.42:48176>
...
022 (566388.000.000) 08/20 21:06:00 Job disconnected, attempting to reconnect
    Socket between submit and execute hosts closed unexpectedly
    Trying to reconnect to slot33@t2bat0298.cmsaf.mit.edu <18.12.9.42:46351>
...
023 (566388.000.000) 08/20 21:06:01 Job reconnected to slot33@t2bat0298.cmsaf.mit.edu
    startd address: <18.12.9.42:46351>
    starter address: <18.12.9.42:48176>
...
005 (566388.000.000) 08/20 21:12:23 Job terminated.
	(1) Normal termination (return value 0)
		Usr 0 00:00:45, Sys 0 00:00:01  -  Run Remote Usage
		Usr 0 00:00:00, Sys 0 00:00:00  -  Run Local Usage
		Usr 0 00:00:45, Sys 0 00:00:01  -  Total Remote Usage
		Usr 0 00:00:00, Sys 0 00:00:00  -  Total Local Usage
	586335  -  Run Bytes Sent By Job
	62731  -  Run Bytes Received By Job
	586335  -  Total Bytes Sent By Job
	62731  -  Total Bytes Received By Job
	Partitionable Resources :    Usage  Request          
	   Cpus                 :                 1          
	   Disk (KB)            :      659      659          
	   Memory (MB)          :        2        2          
...
