000 (556309.000.000) 08/12 14:10:43 Job submitted from host: <18.12.1.74:48322>
...
001 (556309.000.000) 08/12 14:12:01 Job executing on host: <18.12.9.43:40073>
...
006 (556309.000.000) 08/12 14:12:09 Image size of job updated: 2
	3  -  MemoryUsage of job (MB)
	2364  -  ResidentSetSize of job (KB)
...
006 (556309.000.000) 08/12 14:17:09 Image size of job updated: 230780
	99  -  MemoryUsage of job (MB)
	101276  -  ResidentSetSize of job (KB)
...
006 (556309.000.000) 08/12 14:22:09 Image size of job updated: 230780
	103  -  MemoryUsage of job (MB)
	104588  -  ResidentSetSize of job (KB)
...
006 (556309.000.000) 08/12 14:27:10 Image size of job updated: 230780
	106  -  MemoryUsage of job (MB)
	108180  -  ResidentSetSize of job (KB)
...
005 (556309.000.000) 08/12 14:28:49 Job terminated.
	(1) Normal termination (return value 0)
		Usr 0 00:01:07, Sys 0 00:00:02  -  Run Remote Usage
		Usr 0 00:00:00, Sys 0 00:00:00  -  Run Local Usage
		Usr 0 00:01:07, Sys 0 00:00:02  -  Total Remote Usage
		Usr 0 00:00:00, Sys 0 00:00:00  -  Total Local Usage
	586257  -  Run Bytes Sent By Job
	62715  -  Run Bytes Received By Job
	586257  -  Total Bytes Sent By Job
	62715  -  Total Bytes Received By Job
	Partitionable Resources :    Usage  Request          
	   Cpus                 :                 1          
	   Disk (KB)            :      659      659          
	   Memory (MB)          :      106      106          
...
000 (557569.000.000) 08/13 11:57:19 Job submitted from host: <18.12.1.74:48322>
...
001 (557569.000.000) 08/13 11:59:17 Job executing on host: <18.12.6.31:42701>
...
006 (557569.000.000) 08/13 11:59:26 Image size of job updated: 2
	3  -  MemoryUsage of job (MB)
	2352  -  ResidentSetSize of job (KB)
...
006 (557569.000.000) 08/13 12:01:27 Image size of job updated: 230300
	3  -  MemoryUsage of job (MB)
	2352  -  ResidentSetSize of job (KB)
...
005 (557569.000.000) 08/13 12:01:28 Job terminated.
	(1) Normal termination (return value 0)
		Usr 0 00:00:56, Sys 0 00:00:00  -  Run Remote Usage
		Usr 0 00:00:00, Sys 0 00:00:00  -  Run Local Usage
		Usr 0 00:00:56, Sys 0 00:00:00  -  Total Remote Usage
		Usr 0 00:00:00, Sys 0 00:00:00  -  Total Local Usage
	585921  -  Run Bytes Sent By Job
	62715  -  Run Bytes Received By Job
	585921  -  Total Bytes Sent By Job
	62715  -  Total Bytes Received By Job
	Partitionable Resources :    Usage  Request          
	   Cpus                 :                 1          
	   Disk (KB)            :      659      659          
	   Memory (MB)          :        3        3          
...
000 (558085.000.000) 08/13 14:31:02 Job submitted from host: <18.12.1.74:48322>
...
001 (558085.000.000) 08/13 14:35:09 Job executing on host: <18.12.9.51:45549>
...
006 (558085.000.000) 08/13 14:35:17 Image size of job updated: 229864
	93  -  MemoryUsage of job (MB)
	94444  -  ResidentSetSize of job (KB)
...
006 (558085.000.000) 08/13 14:37:27 Image size of job updated: 230308
	93  -  MemoryUsage of job (MB)
	94444  -  ResidentSetSize of job (KB)
...
005 (558085.000.000) 08/13 14:37:27 Job terminated.
	(1) Normal termination (return value 0)
		Usr 0 00:01:01, Sys 0 00:00:01  -  Run Remote Usage
		Usr 0 00:00:00, Sys 0 00:00:00  -  Run Local Usage
		Usr 0 00:01:01, Sys 0 00:00:01  -  Total Remote Usage
		Usr 0 00:00:00, Sys 0 00:00:00  -  Total Local Usage
	586192  -  Run Bytes Sent By Job
	62714  -  Run Bytes Received By Job
	586192  -  Total Bytes Sent By Job
	62714  -  Total Bytes Received By Job
	Partitionable Resources :    Usage  Request          
	   Cpus                 :                 1          
	   Disk (KB)            :      659      659          
	   Memory (MB)          :       93       93          
...
000 (565422.000.000) 08/20 12:33:48 Job submitted from host: <18.12.1.74:48322>
...
001 (565422.000.000) 08/20 12:37:19 Job executing on host: <18.12.9.72:40730>
...
006 (565422.000.000) 08/20 12:37:28 Image size of job updated: 93604
	3  -  MemoryUsage of job (MB)
	2424  -  ResidentSetSize of job (KB)
...
006 (565422.000.000) 08/20 12:39:04 Image size of job updated: 238412
	3  -  MemoryUsage of job (MB)
	2424  -  ResidentSetSize of job (KB)
...
005 (565422.000.000) 08/20 12:47:42 Job terminated.
	(1) Normal termination (return value 0)
		Usr 0 00:00:53, Sys 0 00:00:00  -  Run Remote Usage
		Usr 0 00:00:00, Sys 0 00:00:00  -  Run Local Usage
		Usr 0 00:00:53, Sys 0 00:00:00  -  Total Remote Usage
		Usr 0 00:00:00, Sys 0 00:00:00  -  Total Local Usage
	586103  -  Run Bytes Sent By Job
	62731  -  Run Bytes Received By Job
	586103  -  Total Bytes Sent By Job
	62731  -  Total Bytes Received By Job
	Partitionable Resources :    Usage  Request          
	   Cpus                 :                 1          
	   Disk (KB)            :      659      659          
	   Memory (MB)          :        3        3          
...
