
----------------------------------------------------
Job started on Thu Aug 20 20:29:17 EDT 2015 at WN: t2bat0012.cmsaf.mit.edu 
Job is running on Linux t2bat0012.cmsaf.mit.edu 2.6.32-358.el6.x86_64 #1 SMP Fri Feb 22 20:37:17 CST 2013 x86_64 x86_64 x86_64 GNU/Linux
Filesystem            Size  Used Avail Use% Mounted on
/dev/sda3              20G   13G  6.2G  67% /
tmpfs                  32G     0   32G   0% /dev/shm
/dev/sda1              97M   32M   61M  35% /boot
/dev/sda4             416G   61G  356G  15% /export/data1
fuse_dfs              4.9P  4.6P  323T  94% /mnt/hadoop
/dev/sdb1             2.7T  2.5T  246G  92% /export/00b
/dev/sdc1             2.7T  2.5T  236G  92% /export/00c
/dev/sdd1             2.7T  2.5T  238G  92% /export/00d
/dev/sde1             2.7T  2.5T  238G  92% /export/00e
/dev/sdf1             2.7T  2.5T  252G  91% /export/00f
/dev/sdg1             2.7T  2.5T  262G  91% /export/00g
/dev/sdh1             2.7T  2.5T  246G  92% /export/00h
/dev/sdi1             2.7T  2.5T  235G  92% /export/00i
/dev/sdj1             2.7T  2.5T  240G  92% /export/00j
/dev/sdk1             2.7T  2.5T  232G  92% /export/00k
/dev/sdl1             2.7T  2.5T  228G  92% /export/00l
t2srv0004:/export/db  135G  187M  135G   1% /net/t2srv0004/db
cvmfs2                 98G   40G   58G  41% /cvmfs/cms.cern.ch
cvmfs2                 98G   40G   58G  41% /cvmfs/cvmfs.cmsaf.mit.edu
cvmfs2                 98G   40G   58G  41% /cvmfs/oasis.opensciencegrid.org
cvmfs2                 98G   40G   58G  41% /cvmfs/cdfcfs.fnal.gov
gcc (GCC) 4.4.7 20120313 (Red Hat 4.4.7-3)
Copyright (C) 2010 Free Software Foundation, Inc.
This is free software; see the source for copying conditions.  There is NO
warranty; not even for MERCHANTABILITY or FITNESS FOR A PARTICULAR PURPOSE.

Processing...
0/175946
10000/175946
20000/175946
30000/175946
40000/175946
50000/175946
60000/175946
70000/175946
80000/175946
90000/175946
100000/175946
110000/175946
120000/175946
130000/175946
140000/175946
150000/175946
160000/175946
170000/175946
Macro finished: 
CPU time (min)  = 1.72367
Real time (min) = 6.25436
total 1.7M
-rw-r--r--  1 obaron obaron   94K Aug 20 13:21 jetRAA_PbPb_data_akPu2_select.txt
-rw-r--r--  1 obaron obaron   94K Aug 20 13:21 jetRAA_PbPb_data_akPu4_select.txt
-rw-r--r--  1 obaron obaron  108K Aug 20 13:22 jetRAA_PbPb_data_forest.txt
-rw-r--r--  1 obaron obaron   94K Aug 20 13:22 jetRAA_PbPb_data_akPu3_select.txt
-rw-r--r--  1 obaron obaron   70K Aug 20 20:03 RAA_read_data_pbpb.C
-rw-r--r--  1 obaron obaron   11K Aug 20 20:04 RAA_read_data_pbpb_C.d
-rwxr-xr-x  1 obaron obaron  101K Aug 20 20:05 RAA_read_data_pbpb_C.so
-rw-rw-r--  1 obaron obaron   61K Aug 20 20:29 jetRAA_run_PbPb_Data.tar
-rw-r--r--  1 condor condor  5.4K Aug 20 20:29 .machine.ad
-rw-r--r--  1 condor condor   20K Aug 20 20:29 .job.ad
-rwx------  1 obaron obaron    49 Aug 20 20:29 .chirp.config
-rwxr-xr-x  1 obaron obaron  1.2K Aug 20 20:29 condor_exec.exe
drwx------  2 obaron obaron  4.0K Aug 20 20:29 .
-rw-r--r--  1 obaron obaron   678 Aug 20 20:29 _condor_stderr
drwxr-xr-x 35 condor root    4.0K Aug 20 20:31 ..
-rw-r--r--  1 obaron obaron  2.1K Aug 20 20:35 _condor_stdout
-rw-r--r--  1 obaron obaron 1015K Aug 20 20:35 PbPb_Data_histograms_FromForest_pileupCutFIX_ZDCmCut_akPu3_20_eta_20_795.root
Done!
Copied output files to hadoop rootfiles/JetRAA/June29
