000 (556369.000.000) 08/12 14:10:50 Job submitted from host: <18.12.1.74:48322>
...
001 (556369.000.000) 08/12 14:28:24 Job executing on host: <18.12.9.27:43942>
...
006 (556369.000.000) 08/12 14:28:33 Image size of job updated: 187644
	71  -  MemoryUsage of job (MB)
	72576  -  ResidentSetSize of job (KB)
...
006 (556369.000.000) 08/12 14:33:33 Image size of job updated: 230368
	110  -  MemoryUsage of job (MB)
	111724  -  ResidentSetSize of job (KB)
...
005 (556369.000.000) 08/12 14:37:26 Job terminated.
	(1) Normal termination (return value 0)
		Usr 0 00:01:09, Sys 0 00:00:03  -  Run Remote Usage
		Usr 0 00:00:00, Sys 0 00:00:00  -  Run Local Usage
		Usr 0 00:01:09, Sys 0 00:00:03  -  Total Remote Usage
		Usr 0 00:00:00, Sys 0 00:00:00  -  Total Local Usage
	586487  -  Run Bytes Sent By Job
	62715  -  Run Bytes Received By Job
	586487  -  Total Bytes Sent By Job
	62715  -  Total Bytes Received By Job
	Partitionable Resources :    Usage  Request          
	   Cpus                 :                 1          
	   Disk (KB)            :      659      659          
	   Memory (MB)          :      110      110          
...
000 (557629.000.000) 08/13 11:57:25 Job submitted from host: <18.12.1.74:48322>
...
001 (557629.000.000) 08/13 12:20:29 Job executing on host: <18.12.9.27:43942>
...
006 (557629.000.000) 08/13 12:20:38 Image size of job updated: 2
	3  -  MemoryUsage of job (MB)
	2348  -  ResidentSetSize of job (KB)
...
006 (557629.000.000) 08/13 12:25:39 Image size of job updated: 230360
	115  -  MemoryUsage of job (MB)
	116972  -  ResidentSetSize of job (KB)
...
005 (557629.000.000) 08/13 12:28:35 Job terminated.
	(1) Normal termination (return value 0)
		Usr 0 00:01:12, Sys 0 00:00:02  -  Run Remote Usage
		Usr 0 00:00:00, Sys 0 00:00:00  -  Run Local Usage
		Usr 0 00:01:12, Sys 0 00:00:02  -  Total Remote Usage
		Usr 0 00:00:00, Sys 0 00:00:00  -  Total Local Usage
	586487  -  Run Bytes Sent By Job
	62715  -  Run Bytes Received By Job
	586487  -  Total Bytes Sent By Job
	62715  -  Total Bytes Received By Job
	Partitionable Resources :    Usage  Request          
	   Cpus                 :                 1          
	   Disk (KB)            :      659      659          
	   Memory (MB)          :      115      115          
...
000 (558145.000.000) 08/13 14:31:08 Job submitted from host: <18.12.1.74:48322>
...
001 (558145.000.000) 08/13 14:54:52 Job executing on host: <18.12.9.80:43650>
...
006 (558145.000.000) 08/13 14:55:01 Image size of job updated: 187648
	71  -  MemoryUsage of job (MB)
	72608  -  ResidentSetSize of job (KB)
...
006 (558145.000.000) 08/13 14:58:25 Image size of job updated: 230372
	71  -  MemoryUsage of job (MB)
	72608  -  ResidentSetSize of job (KB)
...
005 (558145.000.000) 08/13 14:58:25 Job terminated.
	(1) Normal termination (return value 0)
		Usr 0 00:01:00, Sys 0 00:00:02  -  Run Remote Usage
		Usr 0 00:00:00, Sys 0 00:00:00  -  Run Local Usage
		Usr 0 00:01:00, Sys 0 00:00:02  -  Total Remote Usage
		Usr 0 00:00:00, Sys 0 00:00:00  -  Total Local Usage
	586207  -  Run Bytes Sent By Job
	62714  -  Run Bytes Received By Job
	586207  -  Total Bytes Sent By Job
	62714  -  Total Bytes Received By Job
	Partitionable Resources :    Usage  Request          
	   Cpus                 :                 1          
	   Disk (KB)            :      659      659          
	   Memory (MB)          :       71       71          
...
000 (565482.000.000) 08/20 12:45:44 Job submitted from host: <18.12.1.74:48322>
...
001 (565482.000.000) 08/20 12:46:42 Job executing on host: <18.12.9.35:44891>
...
006 (565482.000.000) 08/20 12:46:52 Image size of job updated: 193804
	78  -  MemoryUsage of job (MB)
	79620  -  ResidentSetSize of job (KB)
...
006 (565482.000.000) 08/20 12:49:51 Image size of job updated: 230368
	78  -  MemoryUsage of job (MB)
	79620  -  ResidentSetSize of job (KB)
...
005 (565482.000.000) 08/20 12:58:14 Job terminated.
	(1) Normal termination (return value 0)
		Usr 0 00:01:06, Sys 0 00:00:02  -  Run Remote Usage
		Usr 0 00:00:00, Sys 0 00:00:00  -  Run Local Usage
		Usr 0 00:01:06, Sys 0 00:00:02  -  Total Remote Usage
		Usr 0 00:00:00, Sys 0 00:00:00  -  Total Local Usage
	586396  -  Run Bytes Sent By Job
	62731  -  Run Bytes Received By Job
	586396  -  Total Bytes Sent By Job
	62731  -  Total Bytes Received By Job
	Partitionable Resources :    Usage  Request          
	   Cpus                 :                 1          
	   Disk (KB)            :      659      659          
	   Memory (MB)          :       78       78          
...
000 (782975.000.000) 10/02 11:05:07 Job submitted from host: <18.12.1.74:41314>
...
001 (782975.000.000) 10/02 11:11:54 Job executing on host: <18.12.8.130:48322>
...
006 (782975.000.000) 10/02 11:11:56 Image size of job updated: 2
	0  -  MemoryUsage of job (MB)
	0  -  ResidentSetSize of job (KB)
...
022 (782975.000.000) 10/02 11:11:56 Job disconnected, attempting to reconnect
    Socket between submit and execute hosts closed unexpectedly
    Trying to reconnect to slot6@t2bat0130.cmsaf.mit.edu <18.12.8.130:48322>
...
023 (782975.000.000) 10/02 11:11:57 Job reconnected to slot6@t2bat0130.cmsaf.mit.edu
    startd address: <18.12.8.130:48322>
    starter address: <18.12.8.130:47811>
...
022 (782975.000.000) 10/02 11:11:58 Job disconnected, attempting to reconnect
    Socket between submit and execute hosts closed unexpectedly
    Trying to reconnect to slot6@t2bat0130.cmsaf.mit.edu <18.12.8.130:48322>
...
023 (782975.000.000) 10/02 11:11:59 Job reconnected to slot6@t2bat0130.cmsaf.mit.edu
    startd address: <18.12.8.130:48322>
    starter address: <18.12.8.130:47811>
...
022 (782975.000.000) 10/02 11:11:59 Job disconnected, attempting to reconnect
    Socket between submit and execute hosts closed unexpectedly
    Trying to reconnect to slot6@t2bat0130.cmsaf.mit.edu <18.12.8.130:48322>
...
023 (782975.000.000) 10/02 11:12:01 Job reconnected to slot6@t2bat0130.cmsaf.mit.edu
    startd address: <18.12.8.130:48322>
    starter address: <18.12.8.130:47811>
...
022 (782975.000.000) 10/02 11:12:02 Job disconnected, attempting to reconnect
    Socket between submit and execute hosts closed unexpectedly
    Trying to reconnect to slot6@t2bat0130.cmsaf.mit.edu <18.12.8.130:48322>
...
023 (782975.000.000) 10/02 11:12:02 Job reconnected to slot6@t2bat0130.cmsaf.mit.edu
    startd address: <18.12.8.130:48322>
    starter address: <18.12.8.130:47811>
...
007 (782975.000.000) 10/02 11:12:04 Shadow exception!
	Error from slot6@t2bat0130.cmsaf.mit.edu: Repeated attempts to transfer output failed for unknown reasons
	0  -  Run Bytes Sent By Job
	62733  -  Run Bytes Received By Job
...
001 (782975.000.000) 10/02 11:12:57 Job executing on host: <18.12.8.173:43139>
...
005 (782975.000.000) 10/02 11:17:43 Job terminated.
	(1) Normal termination (return value 0)
		Usr 0 00:00:00, Sys 0 00:00:00  -  Run Remote Usage
		Usr 0 00:00:00, Sys 0 00:00:00  -  Run Local Usage
		Usr 0 00:00:00, Sys 0 00:00:00  -  Total Remote Usage
		Usr 0 00:00:00, Sys 0 00:00:00  -  Total Local Usage
	585566  -  Run Bytes Sent By Job
	62733  -  Run Bytes Received By Job
	585566  -  Total Bytes Sent By Job
	125466  -  Total Bytes Received By Job
	Partitionable Resources :    Usage  Request          
	   Cpus                 :                 1          
	   Disk (KB)            :      750      750          
	   Memory (MB)          :        0        0          
...
000 (783156.000.000) 10/02 16:13:21 Job submitted from host: <18.12.1.74:45913>
...
001 (783156.000.000) 10/02 16:14:13 Job executing on host: <18.12.12.15:48833>
...
006 (783156.000.000) 10/02 16:14:15 Image size of job updated: 145004
	0  -  MemoryUsage of job (MB)
	0  -  ResidentSetSize of job (KB)
...
005 (783156.000.000) 10/02 16:14:15 Job terminated.
	(1) Normal termination (return value 0)
		Usr 0 00:00:00, Sys 0 00:00:00  -  Run Remote Usage
		Usr 0 00:00:00, Sys 0 00:00:00  -  Run Local Usage
		Usr 0 00:00:00, Sys 0 00:00:00  -  Total Remote Usage
		Usr 0 00:00:00, Sys 0 00:00:00  -  Total Local Usage
	585339  -  Run Bytes Sent By Job
	62733  -  Run Bytes Received By Job
	585339  -  Total Bytes Sent By Job
	62733  -  Total Bytes Received By Job
	Partitionable Resources :    Usage  Request          
	   Cpus                 :                 1          
	   Disk (KB)            :      658      658          
	   Memory (MB)          :        0        0          
...
000 (783337.000.000) 10/02 16:48:34 Job submitted from host: <18.12.1.74:45913>
...
001 (783337.000.000) 10/02 16:48:46 Job executing on host: <18.12.9.30:45767>
...
006 (783337.000.000) 10/02 16:48:46 Image size of job updated: 2
	0  -  MemoryUsage of job (MB)
	0  -  ResidentSetSize of job (KB)
...
005 (783337.000.000) 10/02 16:48:47 Job terminated.
	(1) Normal termination (return value 0)
		Usr 0 00:00:00, Sys 0 00:00:00  -  Run Remote Usage
		Usr 0 00:00:00, Sys 0 00:00:00  -  Run Local Usage
		Usr 0 00:00:00, Sys 0 00:00:00  -  Total Remote Usage
		Usr 0 00:00:00, Sys 0 00:00:00  -  Total Local Usage
	586110  -  Run Bytes Sent By Job
	62733  -  Run Bytes Received By Job
	586110  -  Total Bytes Sent By Job
	62733  -  Total Bytes Received By Job
	Partitionable Resources :    Usage  Request          
	   Cpus                 :                 1          
	   Disk (KB)            :      659      659          
	   Memory (MB)          :        0        0          
...
000 (783520.000.000) 10/05 09:25:34 Job submitted from host: <18.12.1.74:45913>
...
001 (783520.000.000) 10/05 09:25:52 Job executing on host: <18.12.8.219:42409>
...
006 (783520.000.000) 10/05 09:26:00 Image size of job updated: 2
	3  -  MemoryUsage of job (MB)
	2352  -  ResidentSetSize of job (KB)
...
006 (783520.000.000) 10/05 09:26:02 Image size of job updated: 144348
	3  -  MemoryUsage of job (MB)
	2352  -  ResidentSetSize of job (KB)
...
005 (783520.000.000) 10/05 09:26:05 Job terminated.
	(1) Normal termination (return value 0)
		Usr 0 00:00:00, Sys 0 00:00:00  -  Run Remote Usage
		Usr 0 00:00:00, Sys 0 00:00:00  -  Run Local Usage
		Usr 0 00:00:00, Sys 0 00:00:00  -  Total Remote Usage
		Usr 0 00:00:00, Sys 0 00:00:00  -  Total Local Usage
	585399  -  Run Bytes Sent By Job
	62732  -  Run Bytes Received By Job
	585399  -  Total Bytes Sent By Job
	62732  -  Total Bytes Received By Job
	Partitionable Resources :    Usage  Request          
	   Cpus                 :                 1          
	   Disk (KB)            :      658      658          
	   Memory (MB)          :        3        3          
...
000 (783701.000.000) 10/05 10:00:20 Job submitted from host: <18.12.1.74:45913>
...
001 (783701.000.000) 10/05 10:00:58 Job executing on host: <18.12.12.17:49928>
...
006 (783701.000.000) 10/05 10:01:01 Image size of job updated: 2
	0  -  MemoryUsage of job (MB)
	0  -  ResidentSetSize of job (KB)
...
005 (783701.000.000) 10/05 10:01:01 Job terminated.
	(1) Normal termination (return value 0)
		Usr 0 00:00:00, Sys 0 00:00:00  -  Run Remote Usage
		Usr 0 00:00:00, Sys 0 00:00:00  -  Run Local Usage
		Usr 0 00:00:00, Sys 0 00:00:00  -  Total Remote Usage
		Usr 0 00:00:00, Sys 0 00:00:00  -  Total Local Usage
	585552  -  Run Bytes Sent By Job
	62731  -  Run Bytes Received By Job
	585552  -  Total Bytes Sent By Job
	62731  -  Total Bytes Received By Job
	Partitionable Resources :    Usage  Request          
	   Cpus                 :                 1          
	   Disk (KB)            :      658      658          
	   Memory (MB)          :        0        0          
...
000 (783883.000.000) 10/05 12:25:05 Job submitted from host: <18.12.1.74:45913>
...
001 (783883.000.000) 10/05 12:25:17 Job executing on host: <18.12.9.52:44526>
...
006 (783883.000.000) 10/05 12:25:19 Image size of job updated: 66024
	0  -  MemoryUsage of job (MB)
	0  -  ResidentSetSize of job (KB)
...
005 (783883.000.000) 10/05 12:25:25 Job terminated.
	(1) Normal termination (return value 0)
		Usr 0 00:00:00, Sys 0 00:00:00  -  Run Remote Usage
		Usr 0 00:00:00, Sys 0 00:00:00  -  Run Local Usage
		Usr 0 00:00:00, Sys 0 00:00:00  -  Total Remote Usage
		Usr 0 00:00:00, Sys 0 00:00:00  -  Total Local Usage
	585808  -  Run Bytes Sent By Job
	62732  -  Run Bytes Received By Job
	585808  -  Total Bytes Sent By Job
	62732  -  Total Bytes Received By Job
	Partitionable Resources :    Usage  Request          
	   Cpus                 :                 1          
	   Disk (KB)            :      658      658          
	   Memory (MB)          :        0        0          
...
000 (784064.000.000) 10/05 12:28:40 Job submitted from host: <18.12.1.74:45913>
...
001 (784064.000.000) 10/05 12:28:51 Job executing on host: <18.12.9.68:47957>
...
006 (784064.000.000) 10/05 12:29:00 Image size of job updated: 230392
	95  -  MemoryUsage of job (MB)
	97268  -  ResidentSetSize of job (KB)
...
005 (784064.000.000) 10/05 12:30:12 Job terminated.
	(1) Normal termination (return value 0)
		Usr 0 00:00:50, Sys 0 00:00:00  -  Run Remote Usage
		Usr 0 00:00:00, Sys 0 00:00:00  -  Run Local Usage
		Usr 0 00:00:50, Sys 0 00:00:00  -  Total Remote Usage
		Usr 0 00:00:00, Sys 0 00:00:00  -  Total Local Usage
	586854  -  Run Bytes Sent By Job
	62733  -  Run Bytes Received By Job
	586854  -  Total Bytes Sent By Job
	62733  -  Total Bytes Received By Job
	Partitionable Resources :    Usage  Request          
	   Cpus                 :                 1          
	   Disk (KB)            :      659      659          
	   Memory (MB)          :       95       95          
...
000 (786133.000.000) 10/05 14:34:40 Job submitted from host: <18.12.1.74:45913>
...
001 (786133.000.000) 10/05 14:35:34 Job executing on host: <18.12.8.73:49928>
...
006 (786133.000.000) 10/05 14:35:43 Image size of job updated: 230372
	95  -  MemoryUsage of job (MB)
	97240  -  ResidentSetSize of job (KB)
...
005 (786133.000.000) 10/05 14:37:24 Job terminated.
	(1) Normal termination (return value 0)
		Usr 0 00:01:11, Sys 0 00:00:02  -  Run Remote Usage
		Usr 0 00:00:00, Sys 0 00:00:00  -  Run Local Usage
		Usr 0 00:01:11, Sys 0 00:00:02  -  Total Remote Usage
		Usr 0 00:00:00, Sys 0 00:00:00  -  Total Local Usage
	586187  -  Run Bytes Sent By Job
	62729  -  Run Bytes Received By Job
	586187  -  Total Bytes Sent By Job
	62729  -  Total Bytes Received By Job
	Partitionable Resources :    Usage  Request          
	   Cpus                 :                 1          
	   Disk (KB)            :      659      659          
	   Memory (MB)          :       95       95          
...
000 (787972.000.000) 10/08 16:09:48 Job submitted from host: <18.12.1.74:45913>
...
001 (787972.000.000) 10/08 16:15:59 Job executing on host: <18.12.8.202:46935>
...
006 (787972.000.000) 10/08 16:16:07 Image size of job updated: 2
	3  -  MemoryUsage of job (MB)
	2360  -  ResidentSetSize of job (KB)
...
006 (787972.000.000) 10/08 16:17:54 Image size of job updated: 238384
	3  -  MemoryUsage of job (MB)
	2360  -  ResidentSetSize of job (KB)
...
005 (787972.000.000) 10/08 16:17:55 Job terminated.
	(1) Normal termination (return value 0)
		Usr 0 00:01:16, Sys 0 00:00:01  -  Run Remote Usage
		Usr 0 00:00:00, Sys 0 00:00:00  -  Run Local Usage
		Usr 0 00:01:16, Sys 0 00:00:01  -  Total Remote Usage
		Usr 0 00:00:00, Sys 0 00:00:00  -  Total Local Usage
	585305  -  Run Bytes Sent By Job
	62697  -  Run Bytes Received By Job
	585305  -  Total Bytes Sent By Job
	62697  -  Total Bytes Received By Job
	Partitionable Resources :    Usage  Request          
	   Cpus                 :                 1          
	   Disk (KB)            :      658      658          
	   Memory (MB)          :        3        3          
...
000 (788335.000.000) 10/09 10:00:29 Job submitted from host: <18.12.1.74:45913>
...
001 (788335.000.000) 10/09 10:12:59 Job executing on host: <18.12.9.67:41533>
...
006 (788335.000.000) 10/09 10:13:08 Image size of job updated: 2
	3  -  MemoryUsage of job (MB)
	2352  -  ResidentSetSize of job (KB)
...
006 (788335.000.000) 10/09 10:14:35 Image size of job updated: 230380
	3  -  MemoryUsage of job (MB)
	2352  -  ResidentSetSize of job (KB)
...
005 (788335.000.000) 10/09 10:14:35 Job terminated.
	(1) Normal termination (return value 0)
		Usr 0 00:01:04, Sys 0 00:00:01  -  Run Remote Usage
		Usr 0 00:00:00, Sys 0 00:00:00  -  Run Local Usage
		Usr 0 00:01:04, Sys 0 00:00:01  -  Total Remote Usage
		Usr 0 00:00:00, Sys 0 00:00:00  -  Total Local Usage
	585218  -  Run Bytes Sent By Job
	62694  -  Run Bytes Received By Job
	585218  -  Total Bytes Sent By Job
	62694  -  Total Bytes Received By Job
	Partitionable Resources :    Usage  Request          
	   Cpus                 :                 1          
	   Disk (KB)            :      658      658          
	   Memory (MB)          :        3        3          
...
000 (788882.000.000) 10/12 11:22:08 Job submitted from host: <18.12.1.74:45913>
...
001 (788882.000.000) 10/12 11:28:57 Job executing on host: <18.12.8.29:45110>
...
006 (788882.000.000) 10/12 11:29:06 Image size of job updated: 2
	3  -  MemoryUsage of job (MB)
	2340  -  ResidentSetSize of job (KB)
...
006 (788882.000.000) 10/12 11:31:24 Image size of job updated: 238384
	3  -  MemoryUsage of job (MB)
	2340  -  ResidentSetSize of job (KB)
...
005 (788882.000.000) 10/12 11:31:24 Job terminated.
	(1) Normal termination (return value 0)
		Usr 0 00:01:40, Sys 0 00:00:02  -  Run Remote Usage
		Usr 0 00:00:00, Sys 0 00:00:00  -  Run Local Usage
		Usr 0 00:01:40, Sys 0 00:00:02  -  Total Remote Usage
		Usr 0 00:00:00, Sys 0 00:00:00  -  Total Local Usage
	585332  -  Run Bytes Sent By Job
	62702  -  Run Bytes Received By Job
	585332  -  Total Bytes Sent By Job
	62702  -  Total Bytes Received By Job
	Partitionable Resources :    Usage  Request          
	   Cpus                 :                 1          
	   Disk (KB)            :      658      658          
	   Memory (MB)          :        3        3          
...
