000 (556116.000.000) 08/12 11:33:46 Job submitted from host: <18.12.1.74:48322>
...
001 (556116.000.000) 08/12 12:00:09 Job executing on host: <18.12.8.244:40803>
...
006 (556116.000.000) 08/12 12:00:18 Image size of job updated: 224184
	91  -  MemoryUsage of job (MB)
	92412  -  ResidentSetSize of job (KB)
...
006 (556116.000.000) 08/12 12:02:43 Image size of job updated: 230004
	91  -  MemoryUsage of job (MB)
	92412  -  ResidentSetSize of job (KB)
...
005 (556116.000.000) 08/12 12:02:43 Job terminated.
	(1) Normal termination (return value 0)
		Usr 0 00:00:42, Sys 0 00:00:01  -  Run Remote Usage
		Usr 0 00:00:00, Sys 0 00:00:00  -  Run Local Usage
		Usr 0 00:00:42, Sys 0 00:00:01  -  Total Remote Usage
		Usr 0 00:00:00, Sys 0 00:00:00  -  Total Local Usage
	585876  -  Run Bytes Sent By Job
	62715  -  Run Bytes Received By Job
	585876  -  Total Bytes Sent By Job
	62715  -  Total Bytes Received By Job
	Partitionable Resources :    Usage  Request          
	   Cpus                 :                 1          
	   Disk (KB)            :      659      659          
	   Memory (MB)          :       91       91          
...
000 (566485.000.000) 08/20 21:07:07 Job submitted from host: <18.12.1.74:48322>
...
001 (566485.000.000) 08/20 21:08:02 Job executing on host: <18.12.9.66:48687>
...
006 (566485.000.000) 08/20 21:08:11 Image size of job updated: 230008
	82  -  MemoryUsage of job (MB)
	83852  -  ResidentSetSize of job (KB)
...
005 (566485.000.000) 08/20 21:15:56 Job terminated.
	(1) Normal termination (return value 0)
		Usr 0 00:00:32, Sys 0 00:00:00  -  Run Remote Usage
		Usr 0 00:00:00, Sys 0 00:00:00  -  Run Local Usage
		Usr 0 00:00:32, Sys 0 00:00:00  -  Total Remote Usage
		Usr 0 00:00:00, Sys 0 00:00:00  -  Total Local Usage
	586060  -  Run Bytes Sent By Job
	62731  -  Run Bytes Received By Job
	586060  -  Total Bytes Sent By Job
	62731  -  Total Bytes Received By Job
	Partitionable Resources :    Usage  Request          
	   Cpus                 :                 1          
	   Disk (KB)            :      659      659          
	   Memory (MB)          :       82       82          
...
