000 (556038.000.000) 08/12 11:33:38 Job submitted from host: <18.12.1.74:48322>
...
001 (556038.000.000) 08/12 11:46:51 Job executing on host: <18.12.8.78:47446>
...
006 (556038.000.000) 08/12 11:47:00 Image size of job updated: 230096
	93  -  MemoryUsage of job (MB)
	94916  -  ResidentSetSize of job (KB)
...
005 (556038.000.000) 08/12 11:49:54 Job terminated.
	(1) Normal termination (return value 0)
		Usr 0 00:00:35, Sys 0 00:00:01  -  Run Remote Usage
		Usr 0 00:00:00, Sys 0 00:00:00  -  Run Local Usage
		Usr 0 00:00:35, Sys 0 00:00:01  -  Total Remote Usage
		Usr 0 00:00:00, Sys 0 00:00:00  -  Total Local Usage
	586063  -  Run Bytes Sent By Job
	62715  -  Run Bytes Received By Job
	586063  -  Total Bytes Sent By Job
	62715  -  Total Bytes Received By Job
	Partitionable Resources :    Usage  Request          
	   Cpus                 :                 1          
	   Disk (KB)            :      659      659          
	   Memory (MB)          :       93       93          
...
000 (566407.000.000) 08/20 21:01:46 Job submitted from host: <18.12.1.74:48322>
...
007 (566407.000.000) 08/20 21:02:01 Shadow exception!
	Error from slot11@t2bat0187.cmsaf.mit.edu: Failed to transfer files
	0  -  Run Bytes Sent By Job
	0  -  Run Bytes Received By Job
...
001 (566407.000.000) 08/20 21:02:58 Job executing on host: <18.12.9.80:43650>
...
006 (566407.000.000) 08/20 21:03:07 Image size of job updated: 2
	3  -  MemoryUsage of job (MB)
	2352  -  ResidentSetSize of job (KB)
...
006 (566407.000.000) 08/20 21:06:03 Image size of job updated: 230096
	3  -  MemoryUsage of job (MB)
	2352  -  ResidentSetSize of job (KB)
...
005 (566407.000.000) 08/20 21:12:25 Job terminated.
	(1) Normal termination (return value 0)
		Usr 0 00:00:27, Sys 0 00:00:00  -  Run Remote Usage
		Usr 0 00:00:00, Sys 0 00:00:00  -  Run Local Usage
		Usr 0 00:00:27, Sys 0 00:00:00  -  Total Remote Usage
		Usr 0 00:00:00, Sys 0 00:00:00  -  Total Local Usage
	586031  -  Run Bytes Sent By Job
	62731  -  Run Bytes Received By Job
	586031  -  Total Bytes Sent By Job
	62731  -  Total Bytes Received By Job
	Partitionable Resources :    Usage  Request          
	   Cpus                 :                 1          
	   Disk (KB)            :      659      659          
	   Memory (MB)          :        3        3          
...
000 (782412.000.000) 10/01 13:04:24 Job submitted from host: <18.12.1.74:47665>
...
001 (782412.000.000) 10/01 13:13:11 Job executing on host: <18.12.9.43:44818>
...
006 (782412.000.000) 10/01 13:13:19 Image size of job updated: 2
	3  -  MemoryUsage of job (MB)
	2352  -  ResidentSetSize of job (KB)
...
006 (782412.000.000) 10/01 13:18:19 Image size of job updated: 230568
	109  -  MemoryUsage of job (MB)
	110720  -  ResidentSetSize of job (KB)
...
005 (782412.000.000) 10/01 13:19:23 Job terminated.
	(1) Normal termination (return value 0)
		Usr 0 00:00:33, Sys 0 00:00:01  -  Run Remote Usage
		Usr 0 00:00:00, Sys 0 00:00:00  -  Run Local Usage
		Usr 0 00:00:33, Sys 0 00:00:01  -  Total Remote Usage
		Usr 0 00:00:00, Sys 0 00:00:00  -  Total Local Usage
	586454  -  Run Bytes Sent By Job
	62730  -  Run Bytes Received By Job
	586454  -  Total Bytes Sent By Job
	62730  -  Total Bytes Received By Job
	Partitionable Resources :    Usage  Request          
	   Cpus                 :                 1          
	   Disk (KB)            :      659      659          
	   Memory (MB)          :      109      109          
...
000 (782593.000.000) 10/01 14:30:51 Job submitted from host: <18.12.1.74:47665>
...
001 (782593.000.000) 10/01 14:31:41 Job executing on host: <18.12.8.57:49344>
...
006 (782593.000.000) 10/01 14:31:58 Image size of job updated: 74972
	16  -  MemoryUsage of job (MB)
	15452  -  ResidentSetSize of job (KB)
...
006 (782593.000.000) 10/01 14:36:49 Image size of job updated: 227196
	100  -  MemoryUsage of job (MB)
	102224  -  ResidentSetSize of job (KB)
...
005 (782593.000.000) 10/01 14:43:11 Job terminated.
	(1) Normal termination (return value 0)
		Usr 0 00:00:16, Sys 0 00:00:00  -  Run Remote Usage
		Usr 0 00:00:00, Sys 0 00:00:00  -  Run Local Usage
		Usr 0 00:00:16, Sys 0 00:00:00  -  Total Remote Usage
		Usr 0 00:00:00, Sys 0 00:00:00  -  Total Local Usage
	1989666  -  Run Bytes Sent By Job
	62736  -  Run Bytes Received By Job
	1989666  -  Total Bytes Sent By Job
	62736  -  Total Bytes Received By Job
	Partitionable Resources :    Usage  Request          
	   Cpus                 :                 1          
	   Disk (KB)            :     2029     2029          
	   Memory (MB)          :      100      100          
...
000 (788134.000.000) 10/09 09:23:37 Job submitted from host: <18.12.1.74:45913>
...
001 (788134.000.000) 10/09 09:24:08 Job executing on host: <18.12.8.231:45694>
...
006 (788134.000.000) 10/09 09:24:17 Image size of job updated: 13384
	2  -  MemoryUsage of job (MB)
	1980  -  ResidentSetSize of job (KB)
...
006 (788134.000.000) 10/09 09:25:18 Image size of job updated: 230016
	2  -  MemoryUsage of job (MB)
	1980  -  ResidentSetSize of job (KB)
...
005 (788134.000.000) 10/09 09:25:19 Job terminated.
	(1) Normal termination (return value 0)
		Usr 0 00:00:33, Sys 0 00:00:00  -  Run Remote Usage
		Usr 0 00:00:00, Sys 0 00:00:00  -  Run Local Usage
		Usr 0 00:00:33, Sys 0 00:00:00  -  Total Remote Usage
		Usr 0 00:00:00, Sys 0 00:00:00  -  Total Local Usage
	585295  -  Run Bytes Sent By Job
	62698  -  Run Bytes Received By Job
	585295  -  Total Bytes Sent By Job
	62698  -  Total Bytes Received By Job
	Partitionable Resources :    Usage  Request          
	   Cpus                 :                 1          
	   Disk (KB)            :      658      658          
	   Memory (MB)          :        2        2          
...
000 (788499.000.000) 10/12 09:47:58 Job submitted from host: <18.12.1.74:45913>
...
001 (788499.000.000) 10/12 09:52:36 Job executing on host: <18.12.6.8:47081>
...
006 (788499.000.000) 10/12 09:52:45 Image size of job updated: 75692
	17  -  MemoryUsage of job (MB)
	17200  -  ResidentSetSize of job (KB)
...
006 (788499.000.000) 10/12 09:53:28 Image size of job updated: 230080
	17  -  MemoryUsage of job (MB)
	17200  -  ResidentSetSize of job (KB)
...
005 (788499.000.000) 10/12 09:53:28 Job terminated.
	(1) Normal termination (return value 0)
		Usr 0 00:00:29, Sys 0 00:00:00  -  Run Remote Usage
		Usr 0 00:00:00, Sys 0 00:00:00  -  Run Local Usage
		Usr 0 00:00:29, Sys 0 00:00:00  -  Total Remote Usage
		Usr 0 00:00:00, Sys 0 00:00:00  -  Total Local Usage
	584994  -  Run Bytes Sent By Job
	62703  -  Run Bytes Received By Job
	584994  -  Total Bytes Sent By Job
	62703  -  Total Bytes Received By Job
	Partitionable Resources :    Usage  Request          
	   Cpus                 :                 1          
	   Disk (KB)            :      658      658          
	   Memory (MB)          :       17       17          
...
