000 (556168.000.000) 08/12 11:33:51 Job submitted from host: <18.12.1.74:48322>
...
001 (556168.000.000) 08/12 12:05:19 Job executing on host: <18.12.6.68:46059>
...
006 (556168.000.000) 08/12 12:05:29 Image size of job updated: 225204
	93  -  MemoryUsage of job (MB)
	94552  -  ResidentSetSize of job (KB)
...
006 (556168.000.000) 08/12 12:10:29 Image size of job updated: 230484
	98  -  MemoryUsage of job (MB)
	99892  -  ResidentSetSize of job (KB)
...
006 (556168.000.000) 08/12 12:50:33 Image size of job updated: 230620
	98  -  MemoryUsage of job (MB)
	99948  -  ResidentSetSize of job (KB)
...
005 (556168.000.000) 08/12 12:50:36 Job terminated.
	(1) Normal termination (return value 0)
		Usr 0 00:01:40, Sys 0 00:00:01  -  Run Remote Usage
		Usr 0 00:00:00, Sys 0 00:00:00  -  Run Local Usage
		Usr 0 00:01:40, Sys 0 00:00:01  -  Total Remote Usage
		Usr 0 00:00:00, Sys 0 00:00:00  -  Total Local Usage
	586048  -  Run Bytes Sent By Job
	62715  -  Run Bytes Received By Job
	586048  -  Total Bytes Sent By Job
	62715  -  Total Bytes Received By Job
	Partitionable Resources :    Usage  Request          
	   Cpus                 :                 1          
	   Disk (KB)            :      659      659          
	   Memory (MB)          :       98       98          
...
000 (566537.000.000) 08/20 21:10:34 Job submitted from host: <18.12.1.74:48322>
...
001 (566537.000.000) 08/20 21:10:41 Job executing on host: <18.12.8.240:44818>
...
006 (566537.000.000) 08/20 21:10:50 Image size of job updated: 193720
	78  -  MemoryUsage of job (MB)
	79612  -  ResidentSetSize of job (KB)
...
006 (566537.000.000) 08/20 21:13:17 Image size of job updated: 230620
	78  -  MemoryUsage of job (MB)
	79612  -  ResidentSetSize of job (KB)
...
005 (566537.000.000) 08/20 21:19:42 Job terminated.
	(1) Normal termination (return value 0)
		Usr 0 00:01:50, Sys 0 00:00:01  -  Run Remote Usage
		Usr 0 00:00:00, Sys 0 00:00:00  -  Run Local Usage
		Usr 0 00:01:50, Sys 0 00:00:01  -  Total Remote Usage
		Usr 0 00:00:00, Sys 0 00:00:00  -  Total Local Usage
	586173  -  Run Bytes Sent By Job
	62731  -  Run Bytes Received By Job
	586173  -  Total Bytes Sent By Job
	62731  -  Total Bytes Received By Job
	Partitionable Resources :    Usage  Request          
	   Cpus                 :                 1          
	   Disk (KB)            :      659      659          
	   Memory (MB)          :       78       78          
...
000 (782542.000.000) 10/01 13:04:39 Job submitted from host: <18.12.1.74:47665>
...
001 (782542.000.000) 10/01 13:17:09 Job executing on host: <18.12.9.72:41679>
...
006 (782542.000.000) 10/01 13:17:18 Image size of job updated: 229284
	98  -  MemoryUsage of job (MB)
	100084  -  ResidentSetSize of job (KB)
...
006 (782542.000.000) 10/01 13:22:19 Image size of job updated: 230488
	98  -  MemoryUsage of job (MB)
	100084  -  ResidentSetSize of job (KB)
...
006 (782542.000.000) 10/01 13:31:36 Image size of job updated: 230624
	98  -  MemoryUsage of job (MB)
	100084  -  ResidentSetSize of job (KB)
...
005 (782542.000.000) 10/01 13:32:51 Job terminated.
	(1) Normal termination (return value 0)
		Usr 0 00:01:22, Sys 0 00:00:01  -  Run Remote Usage
		Usr 0 00:00:00, Sys 0 00:00:00  -  Run Local Usage
		Usr 0 00:01:22, Sys 0 00:00:01  -  Total Remote Usage
		Usr 0 00:00:00, Sys 0 00:00:00  -  Total Local Usage
	586306  -  Run Bytes Sent By Job
	62730  -  Run Bytes Received By Job
	586306  -  Total Bytes Sent By Job
	62730  -  Total Bytes Received By Job
	Partitionable Resources :    Usage  Request          
	   Cpus                 :                 1          
	   Disk (KB)            :      659      659          
	   Memory (MB)          :       98       98          
...
000 (782723.000.000) 10/01 14:32:35 Job submitted from host: <18.12.1.74:47665>
...
001 (782723.000.000) 10/01 14:34:17 Job executing on host: <18.12.8.45:48249>
...
006 (782723.000.000) 10/01 14:34:26 Image size of job updated: 143816
	26  -  MemoryUsage of job (MB)
	25736  -  ResidentSetSize of job (KB)
...
006 (782723.000.000) 10/01 14:39:26 Image size of job updated: 227564
	103  -  MemoryUsage of job (MB)
	105404  -  ResidentSetSize of job (KB)
...
005 (782723.000.000) 10/01 14:44:57 Job terminated.
	(1) Normal termination (return value 0)
		Usr 0 00:01:26, Sys 0 00:00:04  -  Run Remote Usage
		Usr 0 00:00:00, Sys 0 00:00:00  -  Run Local Usage
		Usr 0 00:01:26, Sys 0 00:00:04  -  Total Remote Usage
		Usr 0 00:00:00, Sys 0 00:00:00  -  Total Local Usage
	4740586  -  Run Bytes Sent By Job
	62736  -  Run Bytes Received By Job
	4740586  -  Total Bytes Sent By Job
	62736  -  Total Bytes Received By Job
	Partitionable Resources :    Usage  Request          
	   Cpus                 :                 1          
	   Disk (KB)            :     4716     4716          
	   Memory (MB)          :      103      103          
...
000 (788264.000.000) 10/09 09:23:50 Job submitted from host: <18.12.1.74:45913>
...
001 (788264.000.000) 10/09 09:24:15 Job executing on host: <18.12.8.196:42117>
...
006 (788264.000.000) 10/09 09:24:24 Image size of job updated: 13384
	2  -  MemoryUsage of job (MB)
	1984  -  ResidentSetSize of job (KB)
...
006 (788264.000.000) 10/09 09:27:05 Image size of job updated: 230608
	2  -  MemoryUsage of job (MB)
	1984  -  ResidentSetSize of job (KB)
...
005 (788264.000.000) 10/09 09:27:05 Job terminated.
	(1) Normal termination (return value 0)
		Usr 0 00:01:55, Sys 0 00:00:02  -  Run Remote Usage
		Usr 0 00:00:00, Sys 0 00:00:00  -  Run Local Usage
		Usr 0 00:01:55, Sys 0 00:00:02  -  Total Remote Usage
		Usr 0 00:00:00, Sys 0 00:00:00  -  Total Local Usage
	585494  -  Run Bytes Sent By Job
	62698  -  Run Bytes Received By Job
	585494  -  Total Bytes Sent By Job
	62698  -  Total Bytes Received By Job
	Partitionable Resources :    Usage  Request          
	   Cpus                 :                 1          
	   Disk (KB)            :      658      658          
	   Memory (MB)          :        2        2          
...
000 (788629.000.000) 10/12 09:48:11 Job submitted from host: <18.12.1.74:45913>
...
001 (788629.000.000) 10/12 10:04:42 Job executing on host: <18.12.9.57:41971>
...
006 (788629.000.000) 10/12 10:04:50 Image size of job updated: 2
	3  -  MemoryUsage of job (MB)
	2368  -  ResidentSetSize of job (KB)
...
006 (788629.000.000) 10/12 10:06:49 Image size of job updated: 230608
	3  -  MemoryUsage of job (MB)
	2368  -  ResidentSetSize of job (KB)
...
005 (788629.000.000) 10/12 10:06:57 Job terminated.
	(1) Normal termination (return value 0)
		Usr 0 00:01:28, Sys 0 00:00:01  -  Run Remote Usage
		Usr 0 00:00:00, Sys 0 00:00:00  -  Run Local Usage
		Usr 0 00:01:28, Sys 0 00:00:01  -  Total Remote Usage
		Usr 0 00:00:00, Sys 0 00:00:00  -  Total Local Usage
	585267  -  Run Bytes Sent By Job
	62703  -  Run Bytes Received By Job
	585267  -  Total Bytes Sent By Job
	62703  -  Total Bytes Received By Job
	Partitionable Resources :    Usage  Request          
	   Cpus                 :                 1          
	   Disk (KB)            :      658      658          
	   Memory (MB)          :        3        3          
...
