000 (556079.000.000) 08/12 11:33:42 Job submitted from host: <18.12.1.74:48322>
...
001 (556079.000.000) 08/12 11:53:21 Job executing on host: <18.12.8.209:42336>
...
006 (556079.000.000) 08/12 11:53:29 Image size of job updated: 2
	3  -  MemoryUsage of job (MB)
	2352  -  ResidentSetSize of job (KB)
...
006 (556079.000.000) 08/12 11:58:29 Image size of job updated: 230428
	100  -  MemoryUsage of job (MB)
	101588  -  ResidentSetSize of job (KB)
...
005 (556079.000.000) 08/12 11:59:17 Job terminated.
	(1) Normal termination (return value 0)
		Usr 0 00:01:06, Sys 0 00:00:01  -  Run Remote Usage
		Usr 0 00:00:00, Sys 0 00:00:00  -  Run Local Usage
		Usr 0 00:01:06, Sys 0 00:00:01  -  Total Remote Usage
		Usr 0 00:00:00, Sys 0 00:00:00  -  Total Local Usage
	585950  -  Run Bytes Sent By Job
	62715  -  Run Bytes Received By Job
	585950  -  Total Bytes Sent By Job
	62715  -  Total Bytes Received By Job
	Partitionable Resources :    Usage  Request          
	   Cpus                 :                 1          
	   Disk (KB)            :      659      659          
	   Memory (MB)          :      100      100          
...
000 (566448.000.000) 08/20 21:04:20 Job submitted from host: <18.12.1.74:48322>
...
007 (566448.000.000) 08/20 21:05:28 Shadow exception!
	Error from slot25@t2bat0012.cmsaf.mit.edu: Failed to transfer files
	0  -  Run Bytes Sent By Job
	0  -  Run Bytes Received By Job
...
007 (566448.000.000) 08/20 21:05:40 Shadow exception!
	Error from slot23@t2bat0013.cmsaf.mit.edu: Failed to transfer files
	0  -  Run Bytes Sent By Job
	0  -  Run Bytes Received By Job
...
007 (566448.000.000) 08/20 21:05:56 Shadow exception!
	Error from slot21@t2bat0339.cmsaf.mit.edu: Failed to transfer files
	0  -  Run Bytes Sent By Job
	0  -  Run Bytes Received By Job
...
007 (566448.000.000) 08/20 21:06:00 Shadow exception!
	Error from slot21@t2bat0339.cmsaf.mit.edu: Failed to transfer files
	0  -  Run Bytes Sent By Job
	0  -  Run Bytes Received By Job
...
007 (566448.000.000) 08/20 21:06:58 Shadow exception!
	Error from slot31@t2bat0283.cmsaf.mit.edu: Failed to transfer files
	0  -  Run Bytes Sent By Job
	0  -  Run Bytes Received By Job
...
007 (566448.000.000) 08/20 21:07:00 Shadow exception!
	Error from slot31@t2bat0283.cmsaf.mit.edu: Failed to transfer files
	0  -  Run Bytes Sent By Job
	0  -  Run Bytes Received By Job
...
007 (566448.000.000) 08/20 21:07:02 Shadow exception!
	Error from slot22@t2bat0327.cmsaf.mit.edu: Failed to transfer files
	0  -  Run Bytes Sent By Job
	0  -  Run Bytes Received By Job
...
001 (566448.000.000) 08/20 21:07:05 Job executing on host: <18.12.9.56:42482>
...
006 (566448.000.000) 08/20 21:07:14 Image size of job updated: 193276
	78  -  MemoryUsage of job (MB)
	79132  -  ResidentSetSize of job (KB)
...
006 (566448.000.000) 08/20 21:11:25 Image size of job updated: 230424
	78  -  MemoryUsage of job (MB)
	79132  -  ResidentSetSize of job (KB)
...
005 (566448.000.000) 08/20 21:17:37 Job terminated.
	(1) Normal termination (return value 0)
		Usr 0 00:00:55, Sys 0 00:00:00  -  Run Remote Usage
		Usr 0 00:00:00, Sys 0 00:00:00  -  Run Local Usage
		Usr 0 00:00:55, Sys 0 00:00:00  -  Total Remote Usage
		Usr 0 00:00:00, Sys 0 00:00:00  -  Total Local Usage
	586133  -  Run Bytes Sent By Job
	62731  -  Run Bytes Received By Job
	586133  -  Total Bytes Sent By Job
	62731  -  Total Bytes Received By Job
	Partitionable Resources :    Usage  Request          
	   Cpus                 :                 1          
	   Disk (KB)            :      659      659          
	   Memory (MB)          :       78       78          
...
000 (782453.000.000) 10/01 13:04:28 Job submitted from host: <18.12.1.74:47665>
...
001 (782453.000.000) 10/01 13:14:13 Job executing on host: <18.12.6.35:43358>
...
006 (782453.000.000) 10/01 13:14:22 Image size of job updated: 2
	3  -  MemoryUsage of job (MB)
	2344  -  ResidentSetSize of job (KB)
...
006 (782453.000.000) 10/01 13:17:26 Image size of job updated: 230424
	3  -  MemoryUsage of job (MB)
	2344  -  ResidentSetSize of job (KB)
...
005 (782453.000.000) 10/01 13:17:27 Job terminated.
	(1) Normal termination (return value 0)
		Usr 0 00:01:05, Sys 0 00:00:00  -  Run Remote Usage
		Usr 0 00:00:00, Sys 0 00:00:00  -  Run Local Usage
		Usr 0 00:01:05, Sys 0 00:00:00  -  Total Remote Usage
		Usr 0 00:00:00, Sys 0 00:00:00  -  Total Local Usage
	586005  -  Run Bytes Sent By Job
	62730  -  Run Bytes Received By Job
	586005  -  Total Bytes Sent By Job
	62730  -  Total Bytes Received By Job
	Partitionable Resources :    Usage  Request          
	   Cpus                 :                 1          
	   Disk (KB)            :      659      659          
	   Memory (MB)          :        3        3          
...
000 (782634.000.000) 10/01 14:31:28 Job submitted from host: <18.12.1.74:47665>
...
001 (782634.000.000) 10/01 14:33:18 Job executing on host: <18.12.8.191:46716>
...
006 (782634.000.000) 10/01 14:33:27 Image size of job updated: 224788
	93  -  MemoryUsage of job (MB)
	95096  -  ResidentSetSize of job (KB)
...
006 (782634.000.000) 10/01 14:37:43 Image size of job updated: 227456
	93  -  MemoryUsage of job (MB)
	95096  -  ResidentSetSize of job (KB)
...
005 (782634.000.000) 10/01 14:41:01 Job terminated.
	(1) Normal termination (return value 0)
		Usr 0 00:00:37, Sys 0 00:00:01  -  Run Remote Usage
		Usr 0 00:00:00, Sys 0 00:00:00  -  Run Local Usage
		Usr 0 00:00:37, Sys 0 00:00:01  -  Total Remote Usage
		Usr 0 00:00:00, Sys 0 00:00:00  -  Total Local Usage
	3397581  -  Run Bytes Sent By Job
	62736  -  Run Bytes Received By Job
	3397581  -  Total Bytes Sent By Job
	62736  -  Total Bytes Received By Job
	Partitionable Resources :    Usage  Request          
	   Cpus                 :                 1          
	   Disk (KB)            :     3404     3404          
	   Memory (MB)          :       93       93          
...
000 (788175.000.000) 10/09 09:23:41 Job submitted from host: <18.12.1.74:45913>
...
001 (788175.000.000) 10/09 09:24:17 Job executing on host: <18.12.6.85:41679>
...
006 (788175.000.000) 10/09 09:24:26 Image size of job updated: 2
	3  -  MemoryUsage of job (MB)
	2360  -  ResidentSetSize of job (KB)
...
006 (788175.000.000) 10/09 09:26:34 Image size of job updated: 230448
	3  -  MemoryUsage of job (MB)
	2360  -  ResidentSetSize of job (KB)
...
005 (788175.000.000) 10/09 09:26:34 Job terminated.
	(1) Normal termination (return value 0)
		Usr 0 00:01:28, Sys 0 00:00:01  -  Run Remote Usage
		Usr 0 00:00:00, Sys 0 00:00:00  -  Run Local Usage
		Usr 0 00:01:28, Sys 0 00:00:01  -  Total Remote Usage
		Usr 0 00:00:00, Sys 0 00:00:00  -  Total Local Usage
	585432  -  Run Bytes Sent By Job
	62698  -  Run Bytes Received By Job
	585432  -  Total Bytes Sent By Job
	62698  -  Total Bytes Received By Job
	Partitionable Resources :    Usage  Request          
	   Cpus                 :                 1          
	   Disk (KB)            :      658      658          
	   Memory (MB)          :        3        3          
...
000 (788540.000.000) 10/12 09:48:02 Job submitted from host: <18.12.1.74:45913>
...
001 (788540.000.000) 10/12 09:56:41 Job executing on host: <18.12.8.41:48906>
...
006 (788540.000.000) 10/12 09:56:50 Image size of job updated: 224328
	91  -  MemoryUsage of job (MB)
	92360  -  ResidentSetSize of job (KB)
...
006 (788540.000.000) 10/12 09:58:54 Image size of job updated: 230416
	91  -  MemoryUsage of job (MB)
	92360  -  ResidentSetSize of job (KB)
...
005 (788540.000.000) 10/12 09:58:54 Job terminated.
	(1) Normal termination (return value 0)
		Usr 0 00:01:35, Sys 0 00:00:02  -  Run Remote Usage
		Usr 0 00:00:00, Sys 0 00:00:00  -  Run Local Usage
		Usr 0 00:01:35, Sys 0 00:00:02  -  Total Remote Usage
		Usr 0 00:00:00, Sys 0 00:00:00  -  Total Local Usage
	585112  -  Run Bytes Sent By Job
	62703  -  Run Bytes Received By Job
	585112  -  Total Bytes Sent By Job
	62703  -  Total Bytes Received By Job
	Partitionable Resources :    Usage  Request          
	   Cpus                 :                 1          
	   Disk (KB)            :      658      658          
	   Memory (MB)          :       91       91          
...
