000 (554190.000.000) 08/11 09:09:01 Job submitted from host: <18.12.1.74:48322>
...
001 (554190.000.000) 08/11 09:09:11 Job executing on host: <18.12.6.43:44453>
...
006 (554190.000.000) 08/11 09:09:20 Image size of job updated: 69172
	14  -  MemoryUsage of job (MB)
	13316  -  ResidentSetSize of job (KB)
...
006 (554190.000.000) 08/11 09:10:04 Image size of job updated: 229888
	14  -  MemoryUsage of job (MB)
	13316  -  ResidentSetSize of job (KB)
...
005 (554190.000.000) 08/11 09:10:04 Job terminated.
	(1) Normal termination (return value 0)
		Usr 0 00:00:25, Sys 0 00:00:00  -  Run Remote Usage
		Usr 0 00:00:00, Sys 0 00:00:00  -  Run Local Usage
		Usr 0 00:00:25, Sys 0 00:00:00  -  Total Remote Usage
		Usr 0 00:00:00, Sys 0 00:00:00  -  Total Local Usage
	585816  -  Run Bytes Sent By Job
	62717  -  Run Bytes Received By Job
	585816  -  Total Bytes Sent By Job
	62717  -  Total Bytes Received By Job
	Partitionable Resources :    Usage  Request          
	   Cpus                 :                 1          
	   Disk (KB)            :      658      658          
	   Memory (MB)          :       14       14          
...
000 (557905.000.000) 08/13 13:34:13 Job submitted from host: <18.12.1.74:48322>
...
001 (557905.000.000) 08/13 13:40:55 Job executing on host: <18.12.9.41:47519>
...
006 (557905.000.000) 08/13 13:41:04 Image size of job updated: 144200
	27  -  MemoryUsage of job (MB)
	26716  -  ResidentSetSize of job (KB)
...
006 (557905.000.000) 08/13 13:43:55 Image size of job updated: 229888
	27  -  MemoryUsage of job (MB)
	26716  -  ResidentSetSize of job (KB)
...
005 (557905.000.000) 08/13 13:43:55 Job terminated.
	(1) Normal termination (return value 0)
		Usr 0 00:00:30, Sys 0 00:00:01  -  Run Remote Usage
		Usr 0 00:00:00, Sys 0 00:00:00  -  Run Local Usage
		Usr 0 00:00:30, Sys 0 00:00:01  -  Total Remote Usage
		Usr 0 00:00:00, Sys 0 00:00:00  -  Total Local Usage
	586387  -  Run Bytes Sent By Job
	62720  -  Run Bytes Received By Job
	586387  -  Total Bytes Sent By Job
	62720  -  Total Bytes Received By Job
	Partitionable Resources :    Usage  Request          
	   Cpus                 :                 1          
	   Disk (KB)            :      659      659          
	   Memory (MB)          :       27       27          
...
000 (566196.000.000) 08/20 20:19:21 Job submitted from host: <18.12.1.74:48322>
...
001 (566196.000.000) 08/20 20:20:05 Job executing on host: <18.12.9.84:44818>
...
006 (566196.000.000) 08/20 20:20:14 Image size of job updated: 93604
	3  -  MemoryUsage of job (MB)
	2428  -  ResidentSetSize of job (KB)
...
006 (566196.000.000) 08/20 20:20:53 Image size of job updated: 229888
	3  -  MemoryUsage of job (MB)
	2428  -  ResidentSetSize of job (KB)
...
005 (566196.000.000) 08/20 20:27:26 Job terminated.
	(1) Normal termination (return value 0)
		Usr 0 00:00:29, Sys 0 00:00:01  -  Run Remote Usage
		Usr 0 00:00:00, Sys 0 00:00:00  -  Run Local Usage
		Usr 0 00:00:29, Sys 0 00:00:01  -  Total Remote Usage
		Usr 0 00:00:00, Sys 0 00:00:00  -  Total Local Usage
	586442  -  Run Bytes Sent By Job
	62732  -  Run Bytes Received By Job
	586442  -  Total Bytes Sent By Job
	62732  -  Total Bytes Received By Job
	Partitionable Resources :    Usage  Request          
	   Cpus                 :                 1          
	   Disk (KB)            :      659      659          
	   Memory (MB)          :        3        3          
...
