000 (556015.000.000) 08/12 11:33:35 Job submitted from host: <18.12.1.74:48322>
...
001 (556015.000.000) 08/12 11:41:19 Job executing on host: <18.12.8.35:49344>
...
006 (556015.000.000) 08/12 11:41:28 Image size of job updated: 230312
	99  -  MemoryUsage of job (MB)
	100828  -  ResidentSetSize of job (KB)
...
005 (556015.000.000) 08/12 11:43:56 Job terminated.
	(1) Normal termination (return value 0)
		Usr 0 00:01:11, Sys 0 00:00:03  -  Run Remote Usage
		Usr 0 00:00:00, Sys 0 00:00:00  -  Run Local Usage
		Usr 0 00:01:11, Sys 0 00:00:03  -  Total Remote Usage
		Usr 0 00:00:00, Sys 0 00:00:00  -  Total Local Usage
	586087  -  Run Bytes Sent By Job
	62715  -  Run Bytes Received By Job
	586087  -  Total Bytes Sent By Job
	62715  -  Total Bytes Received By Job
	Partitionable Resources :    Usage  Request          
	   Cpus                 :                 1          
	   Disk (KB)            :      659      659          
	   Memory (MB)          :       99       99          
...
000 (566384.000.000) 08/20 21:00:29 Job submitted from host: <18.12.1.74:48322>
...
007 (566384.000.000) 08/20 21:00:36 Shadow exception!
	Error from slot24@t2bat0322.cmsaf.mit.edu: Failed to transfer files
	0  -  Run Bytes Sent By Job
	0  -  Run Bytes Received By Job
...
007 (566384.000.000) 08/20 21:00:40 Shadow exception!
	Error from slot8@t2bat0235.cmsaf.mit.edu: Failed to transfer files
	0  -  Run Bytes Sent By Job
	0  -  Run Bytes Received By Job
...
001 (566384.000.000) 08/20 21:01:18 Job executing on host: <18.12.9.38:45329>
...
006 (566384.000.000) 08/20 21:01:27 Image size of job updated: 2
	3  -  MemoryUsage of job (MB)
	2360  -  ResidentSetSize of job (KB)
...
006 (566384.000.000) 08/20 21:04:24 Image size of job updated: 230312
	3  -  MemoryUsage of job (MB)
	2360  -  ResidentSetSize of job (KB)
...
022 (566384.000.000) 08/20 21:04:28 Job disconnected, attempting to reconnect
    Socket between submit and execute hosts closed unexpectedly
    Trying to reconnect to slot29@t2bat0294.cmsaf.mit.edu <18.12.9.38:45329>
...
023 (566384.000.000) 08/20 21:04:28 Job reconnected to slot29@t2bat0294.cmsaf.mit.edu
    startd address: <18.12.9.38:45329>
    starter address: <18.12.9.38:41389>
...
022 (566384.000.000) 08/20 21:04:28 Job disconnected, attempting to reconnect
    Socket between submit and execute hosts closed unexpectedly
    Trying to reconnect to slot29@t2bat0294.cmsaf.mit.edu <18.12.9.38:45329>
...
023 (566384.000.000) 08/20 21:04:29 Job reconnected to slot29@t2bat0294.cmsaf.mit.edu
    startd address: <18.12.9.38:45329>
    starter address: <18.12.9.38:41389>
...
022 (566384.000.000) 08/20 21:04:30 Job disconnected, attempting to reconnect
    Socket between submit and execute hosts closed unexpectedly
    Trying to reconnect to slot29@t2bat0294.cmsaf.mit.edu <18.12.9.38:45329>
...
023 (566384.000.000) 08/20 21:04:30 Job reconnected to slot29@t2bat0294.cmsaf.mit.edu
    startd address: <18.12.9.38:45329>
    starter address: <18.12.9.38:41389>
...
005 (566384.000.000) 08/20 21:10:56 Job terminated.
	(1) Normal termination (return value 0)
		Usr 0 00:00:45, Sys 0 00:00:01  -  Run Remote Usage
		Usr 0 00:00:00, Sys 0 00:00:00  -  Run Local Usage
		Usr 0 00:00:45, Sys 0 00:00:01  -  Total Remote Usage
		Usr 0 00:00:00, Sys 0 00:00:00  -  Total Local Usage
	586477  -  Run Bytes Sent By Job
	62731  -  Run Bytes Received By Job
	586477  -  Total Bytes Sent By Job
	62731  -  Total Bytes Received By Job
	Partitionable Resources :    Usage  Request          
	   Cpus                 :                 1          
	   Disk (KB)            :      659      659          
	   Memory (MB)          :        3        3          
...
000 (782389.000.000) 10/01 13:04:21 Job submitted from host: <18.12.1.74:47665>
...
001 (782389.000.000) 10/01 13:10:10 Job executing on host: <18.12.6.31:47519>
...
006 (782389.000.000) 10/01 13:10:18 Image size of job updated: 94916
	18  -  MemoryUsage of job (MB)
	17988  -  ResidentSetSize of job (KB)
...
006 (782389.000.000) 10/01 13:13:07 Image size of job updated: 230316
	18  -  MemoryUsage of job (MB)
	17988  -  ResidentSetSize of job (KB)
...
005 (782389.000.000) 10/01 13:13:08 Job terminated.
	(1) Normal termination (return value 0)
		Usr 0 00:00:36, Sys 0 00:00:00  -  Run Remote Usage
		Usr 0 00:00:00, Sys 0 00:00:00  -  Run Local Usage
		Usr 0 00:00:36, Sys 0 00:00:00  -  Total Remote Usage
		Usr 0 00:00:00, Sys 0 00:00:00  -  Total Local Usage
	585999  -  Run Bytes Sent By Job
	62730  -  Run Bytes Received By Job
	585999  -  Total Bytes Sent By Job
	62730  -  Total Bytes Received By Job
	Partitionable Resources :    Usage  Request          
	   Cpus                 :                 1          
	   Disk (KB)            :      659      659          
	   Memory (MB)          :       18       18          
...
000 (782570.000.000) 10/01 14:30:26 Job submitted from host: <18.12.1.74:47665>
...
001 (782570.000.000) 10/01 14:31:41 Job executing on host: <18.12.8.171:41606>
...
006 (782570.000.000) 10/01 14:31:49 Image size of job updated: 2
	3  -  MemoryUsage of job (MB)
	2340  -  ResidentSetSize of job (KB)
...
006 (782570.000.000) 10/01 14:32:24 Image size of job updated: 227408
	3  -  MemoryUsage of job (MB)
	2340  -  ResidentSetSize of job (KB)
...
005 (782570.000.000) 10/01 14:34:40 Job terminated.
	(1) Normal termination (return value 0)
		Usr 0 00:00:21, Sys 0 00:00:01  -  Run Remote Usage
		Usr 0 00:00:00, Sys 0 00:00:00  -  Run Local Usage
		Usr 0 00:00:21, Sys 0 00:00:01  -  Total Remote Usage
		Usr 0 00:00:00, Sys 0 00:00:00  -  Total Local Usage
	2342021  -  Run Bytes Sent By Job
	62736  -  Run Bytes Received By Job
	2342021  -  Total Bytes Sent By Job
	62736  -  Total Bytes Received By Job
	Partitionable Resources :    Usage  Request          
	   Cpus                 :                 1          
	   Disk (KB)            :     2373     2373          
	   Memory (MB)          :        3        3          
...
000 (788111.000.000) 10/09 09:23:35 Job submitted from host: <18.12.1.74:45913>
...
001 (788111.000.000) 10/09 09:25:25 Job executing on host: <18.12.8.233:46570>
...
006 (788111.000.000) 10/09 09:25:33 Image size of job updated: 146256
	34  -  MemoryUsage of job (MB)
	34444  -  ResidentSetSize of job (KB)
...
006 (788111.000.000) 10/09 09:26:37 Image size of job updated: 230280
	34  -  MemoryUsage of job (MB)
	34444  -  ResidentSetSize of job (KB)
...
005 (788111.000.000) 10/09 09:26:38 Job terminated.
	(1) Normal termination (return value 0)
		Usr 0 00:00:41, Sys 0 00:00:00  -  Run Remote Usage
		Usr 0 00:00:00, Sys 0 00:00:00  -  Run Local Usage
		Usr 0 00:00:41, Sys 0 00:00:00  -  Total Remote Usage
		Usr 0 00:00:00, Sys 0 00:00:00  -  Total Local Usage
	585243  -  Run Bytes Sent By Job
	62698  -  Run Bytes Received By Job
	585243  -  Total Bytes Sent By Job
	62698  -  Total Bytes Received By Job
	Partitionable Resources :    Usage  Request          
	   Cpus                 :                 1          
	   Disk (KB)            :      658      658          
	   Memory (MB)          :       34       34          
...
000 (788476.000.000) 10/12 09:47:56 Job submitted from host: <18.12.1.74:45913>
...
001 (788476.000.000) 10/12 09:58:21 Job executing on host: <18.12.8.219:42409>
...
006 (788476.000.000) 10/12 09:58:29 Image size of job updated: 2
	3  -  MemoryUsage of job (MB)
	2352  -  ResidentSetSize of job (KB)
...
006 (788476.000.000) 10/12 09:59:34 Image size of job updated: 230296
	3  -  MemoryUsage of job (MB)
	2352  -  ResidentSetSize of job (KB)
...
005 (788476.000.000) 10/12 09:59:34 Job terminated.
	(1) Normal termination (return value 0)
		Usr 0 00:00:41, Sys 0 00:00:00  -  Run Remote Usage
		Usr 0 00:00:00, Sys 0 00:00:00  -  Run Local Usage
		Usr 0 00:00:41, Sys 0 00:00:00  -  Total Remote Usage
		Usr 0 00:00:00, Sys 0 00:00:00  -  Total Local Usage
	585034  -  Run Bytes Sent By Job
	62703  -  Run Bytes Received By Job
	585034  -  Total Bytes Sent By Job
	62703  -  Total Bytes Received By Job
	Partitionable Resources :    Usage  Request          
	   Cpus                 :                 1          
	   Disk (KB)            :      658      658          
	   Memory (MB)          :        3        3          
...
