000 (556078.000.000) 08/12 11:33:42 Job submitted from host: <18.12.1.74:48322>
...
001 (556078.000.000) 08/12 11:53:20 Job executing on host: <18.12.8.233:42701>
...
006 (556078.000.000) 08/12 11:53:28 Image size of job updated: 2
	3  -  MemoryUsage of job (MB)
	2340  -  ResidentSetSize of job (KB)
...
006 (556078.000.000) 08/12 11:58:28 Image size of job updated: 230556
	101  -  MemoryUsage of job (MB)
	102784  -  ResidentSetSize of job (KB)
...
006 (556078.000.000) 08/12 12:03:04 Image size of job updated: 238540
	101  -  MemoryUsage of job (MB)
	102784  -  ResidentSetSize of job (KB)
...
005 (556078.000.000) 08/12 12:03:04 Job terminated.
	(1) Normal termination (return value 0)
		Usr 0 00:01:29, Sys 0 00:00:01  -  Run Remote Usage
		Usr 0 00:00:00, Sys 0 00:00:00  -  Run Local Usage
		Usr 0 00:01:29, Sys 0 00:00:01  -  Total Remote Usage
		Usr 0 00:00:00, Sys 0 00:00:00  -  Total Local Usage
	586037  -  Run Bytes Sent By Job
	62715  -  Run Bytes Received By Job
	586037  -  Total Bytes Sent By Job
	62715  -  Total Bytes Received By Job
	Partitionable Resources :    Usage  Request          
	   Cpus                 :                 1          
	   Disk (KB)            :      659      659          
	   Memory (MB)          :      101      101          
...
000 (566447.000.000) 08/20 21:04:12 Job submitted from host: <18.12.1.74:48322>
...
007 (566447.000.000) 08/20 21:05:28 Shadow exception!
	Error from slot26@t2bat0282.cmsaf.mit.edu: Failed to transfer files
	0  -  Run Bytes Sent By Job
	0  -  Run Bytes Received By Job
...
007 (566447.000.000) 08/20 21:05:40 Shadow exception!
	Error from slot24@t2bat0324.cmsaf.mit.edu: Failed to transfer files
	0  -  Run Bytes Sent By Job
	0  -  Run Bytes Received By Job
...
007 (566447.000.000) 08/20 21:05:53 Shadow exception!
	Error from slot22@t2bat0286.cmsaf.mit.edu: Failed to transfer files
	0  -  Run Bytes Sent By Job
	0  -  Run Bytes Received By Job
...
007 (566447.000.000) 08/20 21:06:00 Shadow exception!
	Error from slot22@t2bat0286.cmsaf.mit.edu: Failed to transfer files
	0  -  Run Bytes Sent By Job
	0  -  Run Bytes Received By Job
...
001 (566447.000.000) 08/20 21:06:46 Job executing on host: <18.12.9.37:49636>
...
006 (566447.000.000) 08/20 21:06:54 Image size of job updated: 2
	3  -  MemoryUsage of job (MB)
	2352  -  ResidentSetSize of job (KB)
...
006 (566447.000.000) 08/20 21:11:54 Image size of job updated: 230556
	100  -  MemoryUsage of job (MB)
	101864  -  ResidentSetSize of job (KB)
...
005 (566447.000.000) 08/20 21:21:29 Job terminated.
	(1) Normal termination (return value 0)
		Usr 0 00:01:45, Sys 0 00:00:03  -  Run Remote Usage
		Usr 0 00:00:00, Sys 0 00:00:00  -  Run Local Usage
		Usr 0 00:01:45, Sys 0 00:00:03  -  Total Remote Usage
		Usr 0 00:00:00, Sys 0 00:00:00  -  Total Local Usage
	586496  -  Run Bytes Sent By Job
	62731  -  Run Bytes Received By Job
	586496  -  Total Bytes Sent By Job
	62731  -  Total Bytes Received By Job
	Partitionable Resources :    Usage  Request          
	   Cpus                 :                 1          
	   Disk (KB)            :      660      660          
	   Memory (MB)          :      100      100          
...
