000 (556421.000.000) 08/12 14:10:55 Job submitted from host: <18.12.1.74:48322>
...
001 (556421.000.000) 08/12 14:42:34 Job executing on host: <18.12.9.27:43942>
...
006 (556421.000.000) 08/12 14:42:43 Image size of job updated: 2
	3  -  MemoryUsage of job (MB)
	2356  -  ResidentSetSize of job (KB)
...
006 (556421.000.000) 08/12 14:47:44 Image size of job updated: 230020
	110  -  MemoryUsage of job (MB)
	111736  -  ResidentSetSize of job (KB)
...
005 (556421.000.000) 08/12 14:47:49 Job terminated.
	(1) Normal termination (return value 0)
		Usr 0 00:00:44, Sys 0 00:00:02  -  Run Remote Usage
		Usr 0 00:00:00, Sys 0 00:00:00  -  Run Local Usage
		Usr 0 00:00:44, Sys 0 00:00:02  -  Total Remote Usage
		Usr 0 00:00:00, Sys 0 00:00:00  -  Total Local Usage
	586424  -  Run Bytes Sent By Job
	62715  -  Run Bytes Received By Job
	586424  -  Total Bytes Sent By Job
	62715  -  Total Bytes Received By Job
	Partitionable Resources :    Usage  Request          
	   Cpus                 :                 1          
	   Disk (KB)            :      659      659          
	   Memory (MB)          :      110      110          
...
000 (557681.000.000) 08/13 11:57:31 Job submitted from host: <18.12.1.74:48322>
...
001 (557681.000.000) 08/13 12:36:36 Job executing on host: <18.12.8.199:40730>
...
006 (557681.000.000) 08/13 12:36:45 Image size of job updated: 230020
	94  -  MemoryUsage of job (MB)
	95404  -  ResidentSetSize of job (KB)
...
005 (557681.000.000) 08/13 12:37:57 Job terminated.
	(1) Normal termination (return value 0)
		Usr 0 00:00:44, Sys 0 00:00:00  -  Run Remote Usage
		Usr 0 00:00:00, Sys 0 00:00:00  -  Run Local Usage
		Usr 0 00:00:44, Sys 0 00:00:00  -  Total Remote Usage
		Usr 0 00:00:00, Sys 0 00:00:00  -  Total Local Usage
	586085  -  Run Bytes Sent By Job
	62715  -  Run Bytes Received By Job
	586085  -  Total Bytes Sent By Job
	62715  -  Total Bytes Received By Job
	Partitionable Resources :    Usage  Request          
	   Cpus                 :                 1          
	   Disk (KB)            :      659      659          
	   Memory (MB)          :       94       94          
...
000 (558197.000.000) 08/13 14:31:13 Job submitted from host: <18.12.1.74:48322>
...
001 (558197.000.000) 08/13 15:03:49 Job executing on host: <18.12.9.80:43650>
...
006 (558197.000.000) 08/13 15:03:57 Image size of job updated: 2
	3  -  MemoryUsage of job (MB)
	2352  -  ResidentSetSize of job (KB)
...
006 (558197.000.000) 08/13 15:05:23 Image size of job updated: 230016
	3  -  MemoryUsage of job (MB)
	2352  -  ResidentSetSize of job (KB)
...
005 (558197.000.000) 08/13 15:05:23 Job terminated.
	(1) Normal termination (return value 0)
		Usr 0 00:00:41, Sys 0 00:00:01  -  Run Remote Usage
		Usr 0 00:00:00, Sys 0 00:00:00  -  Run Local Usage
		Usr 0 00:00:41, Sys 0 00:00:01  -  Total Remote Usage
		Usr 0 00:00:00, Sys 0 00:00:00  -  Total Local Usage
	586144  -  Run Bytes Sent By Job
	62714  -  Run Bytes Received By Job
	586144  -  Total Bytes Sent By Job
	62714  -  Total Bytes Received By Job
	Partitionable Resources :    Usage  Request          
	   Cpus                 :                 1          
	   Disk (KB)            :      659      659          
	   Memory (MB)          :        3        3          
...
000 (565534.000.000) 08/20 12:55:16 Job submitted from host: <18.12.1.74:48322>
...
001 (565534.000.000) 08/20 12:55:34 Job executing on host: <18.12.9.67:40730>
...
006 (565534.000.000) 08/20 12:55:43 Image size of job updated: 230020
	93  -  MemoryUsage of job (MB)
	95200  -  ResidentSetSize of job (KB)
...
005 (565534.000.000) 08/20 13:04:49 Job terminated.
	(1) Normal termination (return value 0)
		Usr 0 00:00:42, Sys 0 00:00:00  -  Run Remote Usage
		Usr 0 00:00:00, Sys 0 00:00:00  -  Run Local Usage
		Usr 0 00:00:42, Sys 0 00:00:00  -  Total Remote Usage
		Usr 0 00:00:00, Sys 0 00:00:00  -  Total Local Usage
	586196  -  Run Bytes Sent By Job
	62731  -  Run Bytes Received By Job
	586196  -  Total Bytes Sent By Job
	62731  -  Total Bytes Received By Job
	Partitionable Resources :    Usage  Request          
	   Cpus                 :                 1          
	   Disk (KB)            :      659      659          
	   Memory (MB)          :       93       93          
...
