000 (556433.000.000) 08/12 14:10:56 Job submitted from host: <18.12.1.74:48322>
...
001 (556433.000.000) 08/12 14:44:55 Job executing on host: <18.12.12.17:42409>
...
006 (556433.000.000) 08/12 14:45:04 Image size of job updated: 189820
	74  -  MemoryUsage of job (MB)
	75660  -  ResidentSetSize of job (KB)
...
006 (556433.000.000) 08/12 14:50:05 Image size of job updated: 230728
	94  -  MemoryUsage of job (MB)
	95712  -  ResidentSetSize of job (KB)
...
006 (556433.000.000) 08/12 14:55:06 Image size of job updated: 230728
	95  -  MemoryUsage of job (MB)
	96576  -  ResidentSetSize of job (KB)
...
005 (556433.000.000) 08/12 15:00:06 Job terminated.
	(1) Normal termination (return value 0)
		Usr 0 00:01:52, Sys 0 00:00:01  -  Run Remote Usage
		Usr 0 00:00:00, Sys 0 00:00:00  -  Run Local Usage
		Usr 0 00:01:52, Sys 0 00:00:01  -  Total Remote Usage
		Usr 0 00:00:00, Sys 0 00:00:00  -  Total Local Usage
	586276  -  Run Bytes Sent By Job
	62715  -  Run Bytes Received By Job
	586276  -  Total Bytes Sent By Job
	62715  -  Total Bytes Received By Job
	Partitionable Resources :    Usage  Request          
	   Cpus                 :                 1          
	   Disk (KB)            :      659      659          
	   Memory (MB)          :       95       95          
...
000 (557693.000.000) 08/13 11:57:32 Job submitted from host: <18.12.1.74:48322>
...
001 (557693.000.000) 08/13 12:37:59 Job executing on host: <18.12.8.199:40730>
...
006 (557693.000.000) 08/13 12:38:07 Image size of job updated: 68256
	13  -  MemoryUsage of job (MB)
	12392  -  ResidentSetSize of job (KB)
...
006 (557693.000.000) 08/13 12:43:07 Image size of job updated: 230732
	96  -  MemoryUsage of job (MB)
	97404  -  ResidentSetSize of job (KB)
...
005 (557693.000.000) 08/13 12:43:20 Job terminated.
	(1) Normal termination (return value 0)
		Usr 0 00:02:16, Sys 0 00:00:03  -  Run Remote Usage
		Usr 0 00:00:00, Sys 0 00:00:00  -  Run Local Usage
		Usr 0 00:02:16, Sys 0 00:00:03  -  Total Remote Usage
		Usr 0 00:00:00, Sys 0 00:00:00  -  Total Local Usage
	586276  -  Run Bytes Sent By Job
	62715  -  Run Bytes Received By Job
	586276  -  Total Bytes Sent By Job
	62715  -  Total Bytes Received By Job
	Partitionable Resources :    Usage  Request          
	   Cpus                 :                 1          
	   Disk (KB)            :      659      659          
	   Memory (MB)          :       96       96          
...
000 (558209.000.000) 08/13 14:31:14 Job submitted from host: <18.12.1.74:48322>
...
001 (558209.000.000) 08/13 15:05:24 Job executing on host: <18.12.9.80:43650>
...
006 (558209.000.000) 08/13 15:05:33 Image size of job updated: 230736
	97  -  MemoryUsage of job (MB)
	98428  -  ResidentSetSize of job (KB)
...
005 (558209.000.000) 08/13 15:08:59 Job terminated.
	(1) Normal termination (return value 0)
		Usr 0 00:01:53, Sys 0 00:00:02  -  Run Remote Usage
		Usr 0 00:00:00, Sys 0 00:00:00  -  Run Local Usage
		Usr 0 00:01:53, Sys 0 00:00:02  -  Total Remote Usage
		Usr 0 00:00:00, Sys 0 00:00:00  -  Total Local Usage
	586331  -  Run Bytes Sent By Job
	62714  -  Run Bytes Received By Job
	586331  -  Total Bytes Sent By Job
	62714  -  Total Bytes Received By Job
	Partitionable Resources :    Usage  Request          
	   Cpus                 :                 1          
	   Disk (KB)            :      659      659          
	   Memory (MB)          :       97       97          
...
000 (565546.000.000) 08/20 12:56:14 Job submitted from host: <18.12.1.74:48322>
...
001 (565546.000.000) 08/20 12:58:14 Job executing on host: <18.12.9.28:40000>
...
006 (565546.000.000) 08/20 12:58:24 Image size of job updated: 69172
	14  -  MemoryUsage of job (MB)
	13328  -  ResidentSetSize of job (KB)
...
006 (565546.000.000) 08/20 13:03:25 Image size of job updated: 230728
	102  -  MemoryUsage of job (MB)
	103980  -  ResidentSetSize of job (KB)
...
005 (565546.000.000) 08/20 13:12:59 Job terminated.
	(1) Normal termination (return value 0)
		Usr 0 00:02:00, Sys 0 00:00:02  -  Run Remote Usage
		Usr 0 00:00:00, Sys 0 00:00:00  -  Run Local Usage
		Usr 0 00:02:00, Sys 0 00:00:02  -  Total Remote Usage
		Usr 0 00:00:00, Sys 0 00:00:00  -  Total Local Usage
	586523  -  Run Bytes Sent By Job
	62731  -  Run Bytes Received By Job
	586523  -  Total Bytes Sent By Job
	62731  -  Total Bytes Received By Job
	Partitionable Resources :    Usage  Request          
	   Cpus                 :                 1          
	   Disk (KB)            :      659      659          
	   Memory (MB)          :      102      102          
...
000 (783039.000.000) 10/02 11:07:05 Job submitted from host: <18.12.1.74:41314>
...
001 (783039.000.000) 10/02 11:08:46 Job executing on host: <18.12.9.38:45694>
...
006 (783039.000.000) 10/02 11:08:51 Image size of job updated: 2
	0  -  MemoryUsage of job (MB)
	0  -  ResidentSetSize of job (KB)
...
005 (783039.000.000) 10/02 11:13:50 Job terminated.
	(1) Normal termination (return value 0)
		Usr 0 00:00:00, Sys 0 00:00:00  -  Run Remote Usage
		Usr 0 00:00:00, Sys 0 00:00:00  -  Run Local Usage
		Usr 0 00:00:00, Sys 0 00:00:00  -  Total Remote Usage
		Usr 0 00:00:00, Sys 0 00:00:00  -  Total Local Usage
	585746  -  Run Bytes Sent By Job
	62733  -  Run Bytes Received By Job
	585746  -  Total Bytes Sent By Job
	62733  -  Total Bytes Received By Job
	Partitionable Resources :    Usage  Request          
	   Cpus                 :                 1          
	   Disk (KB)            :      658      658          
	   Memory (MB)          :        0        0          
...
000 (783220.000.000) 10/02 16:13:28 Job submitted from host: <18.12.1.74:45913>
...
001 (783220.000.000) 10/02 16:13:59 Job executing on host: <18.12.9.62:46132>
...
006 (783220.000.000) 10/02 16:14:00 Image size of job updated: 2
	0  -  MemoryUsage of job (MB)
	0  -  ResidentSetSize of job (KB)
...
005 (783220.000.000) 10/02 16:14:02 Job terminated.
	(1) Normal termination (return value 0)
		Usr 0 00:00:00, Sys 0 00:00:00  -  Run Remote Usage
		Usr 0 00:00:00, Sys 0 00:00:00  -  Run Local Usage
		Usr 0 00:00:00, Sys 0 00:00:00  -  Total Remote Usage
		Usr 0 00:00:00, Sys 0 00:00:00  -  Total Local Usage
	585466  -  Run Bytes Sent By Job
	62733  -  Run Bytes Received By Job
	585466  -  Total Bytes Sent By Job
	62733  -  Total Bytes Received By Job
	Partitionable Resources :    Usage  Request          
	   Cpus                 :                 1          
	   Disk (KB)            :      658      658          
	   Memory (MB)          :        0        0          
...
000 (783401.000.000) 10/02 16:48:51 Job submitted from host: <18.12.1.74:45913>
...
001 (783401.000.000) 10/02 16:48:55 Job executing on host: <18.12.9.36:44380>
...
006 (783401.000.000) 10/02 16:48:55 Image size of job updated: 143816
	0  -  MemoryUsage of job (MB)
	0  -  ResidentSetSize of job (KB)
...
005 (783401.000.000) 10/02 16:48:55 Job terminated.
	(1) Normal termination (return value 0)
		Usr 0 00:00:00, Sys 0 00:00:00  -  Run Remote Usage
		Usr 0 00:00:00, Sys 0 00:00:00  -  Run Local Usage
		Usr 0 00:00:00, Sys 0 00:00:00  -  Total Remote Usage
		Usr 0 00:00:00, Sys 0 00:00:00  -  Total Local Usage
	585890  -  Run Bytes Sent By Job
	62733  -  Run Bytes Received By Job
	585890  -  Total Bytes Sent By Job
	62733  -  Total Bytes Received By Job
	Partitionable Resources :    Usage  Request          
	   Cpus                 :                 1          
	   Disk (KB)            :      659      659          
	   Memory (MB)          :        0        0          
...
000 (783584.000.000) 10/05 09:25:50 Job submitted from host: <18.12.1.74:45913>
...
001 (783584.000.000) 10/05 09:26:11 Job executing on host: <18.12.8.225:47957>
...
006 (783584.000.000) 10/05 09:26:13 Image size of job updated: 2
	0  -  MemoryUsage of job (MB)
	0  -  ResidentSetSize of job (KB)
...
005 (783584.000.000) 10/05 09:26:14 Job terminated.
	(1) Normal termination (return value 0)
		Usr 0 00:00:00, Sys 0 00:00:00  -  Run Remote Usage
		Usr 0 00:00:00, Sys 0 00:00:00  -  Run Local Usage
		Usr 0 00:00:00, Sys 0 00:00:00  -  Total Remote Usage
		Usr 0 00:00:00, Sys 0 00:00:00  -  Total Local Usage
	585554  -  Run Bytes Sent By Job
	62732  -  Run Bytes Received By Job
	585554  -  Total Bytes Sent By Job
	62732  -  Total Bytes Received By Job
	Partitionable Resources :    Usage  Request          
	   Cpus                 :                 1          
	   Disk (KB)            :      658      658          
	   Memory (MB)          :        0        0          
...
000 (783765.000.000) 10/05 10:00:27 Job submitted from host: <18.12.1.74:45913>
...
001 (783765.000.000) 10/05 10:01:16 Job executing on host: <18.12.8.152:45986>
...
006 (783765.000.000) 10/05 10:01:25 Image size of job updated: 13384
	2  -  MemoryUsage of job (MB)
	1980  -  ResidentSetSize of job (KB)
...
005 (783765.000.000) 10/05 10:01:38 Job terminated.
	(1) Normal termination (return value 0)
		Usr 0 00:00:00, Sys 0 00:00:00  -  Run Remote Usage
		Usr 0 00:00:00, Sys 0 00:00:00  -  Run Local Usage
		Usr 0 00:00:00, Sys 0 00:00:00  -  Total Remote Usage
		Usr 0 00:00:00, Sys 0 00:00:00  -  Total Local Usage
	585465  -  Run Bytes Sent By Job
	62731  -  Run Bytes Received By Job
	585465  -  Total Bytes Sent By Job
	62731  -  Total Bytes Received By Job
	Partitionable Resources :    Usage  Request          
	   Cpus                 :                 1          
	   Disk (KB)            :      658      658          
	   Memory (MB)          :        2        2          
...
000 (783947.000.000) 10/05 12:25:18 Job submitted from host: <18.12.1.74:45913>
...
001 (783947.000.000) 10/05 12:25:29 Job executing on host: <18.12.9.82:43869>
...
006 (783947.000.000) 10/05 12:25:29 Image size of job updated: 2
	0  -  MemoryUsage of job (MB)
	0  -  ResidentSetSize of job (KB)
...
005 (783947.000.000) 10/05 12:25:31 Job terminated.
	(1) Normal termination (return value 0)
		Usr 0 00:00:00, Sys 0 00:00:00  -  Run Remote Usage
		Usr 0 00:00:00, Sys 0 00:00:00  -  Run Local Usage
		Usr 0 00:00:00, Sys 0 00:00:00  -  Total Remote Usage
		Usr 0 00:00:00, Sys 0 00:00:00  -  Total Local Usage
	585752  -  Run Bytes Sent By Job
	62732  -  Run Bytes Received By Job
	585752  -  Total Bytes Sent By Job
	62732  -  Total Bytes Received By Job
	Partitionable Resources :    Usage  Request          
	   Cpus                 :                 1          
	   Disk (KB)            :      659      659          
	   Memory (MB)          :        0        0          
...
000 (784128.000.000) 10/05 12:28:51 Job submitted from host: <18.12.1.74:45913>
...
001 (784128.000.000) 10/05 12:29:28 Job executing on host: <18.12.9.14:48395>
...
006 (784128.000.000) 10/05 12:29:36 Image size of job updated: 193856
	78  -  MemoryUsage of job (MB)
	79680  -  ResidentSetSize of job (KB)
...
006 (784128.000.000) 10/05 12:31:30 Image size of job updated: 230724
	78  -  MemoryUsage of job (MB)
	79680  -  ResidentSetSize of job (KB)
...
005 (784128.000.000) 10/05 12:31:30 Job terminated.
	(1) Normal termination (return value 0)
		Usr 0 00:01:22, Sys 0 00:00:00  -  Run Remote Usage
		Usr 0 00:00:00, Sys 0 00:00:00  -  Run Local Usage
		Usr 0 00:01:22, Sys 0 00:00:00  -  Total Remote Usage
		Usr 0 00:00:00, Sys 0 00:00:00  -  Total Local Usage
	586764  -  Run Bytes Sent By Job
	62733  -  Run Bytes Received By Job
	586764  -  Total Bytes Sent By Job
	62733  -  Total Bytes Received By Job
	Partitionable Resources :    Usage  Request          
	   Cpus                 :                 1          
	   Disk (KB)            :      659      659          
	   Memory (MB)          :       78       78          
...
000 (786197.000.000) 10/05 14:34:47 Job submitted from host: <18.12.1.74:45913>
...
001 (786197.000.000) 10/05 14:35:51 Job executing on host: <18.12.8.49:40584>
...
006 (786197.000.000) 10/05 14:35:59 Image size of job updated: 1196
	1  -  MemoryUsage of job (MB)
	156  -  ResidentSetSize of job (KB)
...
006 (786197.000.000) 10/05 14:39:48 Image size of job updated: 230736
	1  -  MemoryUsage of job (MB)
	156  -  ResidentSetSize of job (KB)
...
005 (786197.000.000) 10/05 14:39:48 Job terminated.
	(1) Normal termination (return value 0)
		Usr 0 00:02:49, Sys 0 00:00:04  -  Run Remote Usage
		Usr 0 00:00:00, Sys 0 00:00:00  -  Run Local Usage
		Usr 0 00:02:49, Sys 0 00:00:04  -  Total Remote Usage
		Usr 0 00:00:00, Sys 0 00:00:00  -  Total Local Usage
	586311  -  Run Bytes Sent By Job
	62729  -  Run Bytes Received By Job
	586311  -  Total Bytes Sent By Job
	62729  -  Total Bytes Received By Job
	Partitionable Resources :    Usage  Request          
	   Cpus                 :                 1          
	   Disk (KB)            :      659      659          
	   Memory (MB)          :        1        1          
...
000 (788036.000.000) 10/08 16:10:19 Job submitted from host: <18.12.1.74:45913>
...
001 (788036.000.000) 10/08 16:22:59 Job executing on host: <18.12.8.11:44453>
...
006 (788036.000.000) 10/08 16:23:08 Image size of job updated: 230716
	97  -  MemoryUsage of job (MB)
	98432  -  ResidentSetSize of job (KB)
...
006 (788036.000.000) 10/08 16:26:10 Image size of job updated: 230872
	97  -  MemoryUsage of job (MB)
	98432  -  ResidentSetSize of job (KB)
...
005 (788036.000.000) 10/08 16:26:11 Job terminated.
	(1) Normal termination (return value 0)
		Usr 0 00:02:03, Sys 0 00:00:02  -  Run Remote Usage
		Usr 0 00:00:00, Sys 0 00:00:00  -  Run Local Usage
		Usr 0 00:02:03, Sys 0 00:00:02  -  Total Remote Usage
		Usr 0 00:00:00, Sys 0 00:00:00  -  Total Local Usage
	585432  -  Run Bytes Sent By Job
	62697  -  Run Bytes Received By Job
	585432  -  Total Bytes Sent By Job
	62697  -  Total Bytes Received By Job
	Partitionable Resources :    Usage  Request          
	   Cpus                 :                 1          
	   Disk (KB)            :      658      658          
	   Memory (MB)          :       97       97          
...
000 (788399.000.000) 10/09 10:00:36 Job submitted from host: <18.12.1.74:45913>
...
001 (788399.000.000) 10/09 10:10:43 Job executing on host: <18.12.9.76:43139>
...
006 (788399.000.000) 10/09 10:10:54 Image size of job updated: 85136
	17  -  MemoryUsage of job (MB)
	17264  -  ResidentSetSize of job (KB)
...
006 (788399.000.000) 10/09 10:13:29 Image size of job updated: 230716
	17  -  MemoryUsage of job (MB)
	17264  -  ResidentSetSize of job (KB)
...
005 (788399.000.000) 10/09 10:13:29 Job terminated.
	(1) Normal termination (return value 0)
		Usr 0 00:01:44, Sys 0 00:00:03  -  Run Remote Usage
		Usr 0 00:00:00, Sys 0 00:00:00  -  Run Local Usage
		Usr 0 00:01:44, Sys 0 00:00:03  -  Total Remote Usage
		Usr 0 00:00:00, Sys 0 00:00:00  -  Total Local Usage
	585344  -  Run Bytes Sent By Job
	62694  -  Run Bytes Received By Job
	585344  -  Total Bytes Sent By Job
	62694  -  Total Bytes Received By Job
	Partitionable Resources :    Usage  Request          
	   Cpus                 :                 1          
	   Disk (KB)            :      658      658          
	   Memory (MB)          :       17       17          
...
000 (788946.000.000) 10/12 11:22:15 Job submitted from host: <18.12.1.74:45913>
...
001 (788946.000.000) 10/12 11:42:35 Job executing on host: <18.12.8.59:48906>
...
006 (788946.000.000) 10/12 11:42:43 Image size of job updated: 2
	3  -  MemoryUsage of job (MB)
	2348  -  ResidentSetSize of job (KB)
...
006 (788946.000.000) 10/12 11:45:25 Image size of job updated: 230868
	3  -  MemoryUsage of job (MB)
	2348  -  ResidentSetSize of job (KB)
...
005 (788946.000.000) 10/12 11:45:25 Job terminated.
	(1) Normal termination (return value 0)
		Usr 0 00:02:07, Sys 0 00:00:03  -  Run Remote Usage
		Usr 0 00:00:00, Sys 0 00:00:00  -  Run Local Usage
		Usr 0 00:02:07, Sys 0 00:00:03  -  Total Remote Usage
		Usr 0 00:00:00, Sys 0 00:00:00  -  Total Local Usage
	585441  -  Run Bytes Sent By Job
	62702  -  Run Bytes Received By Job
	585441  -  Total Bytes Sent By Job
	62702  -  Total Bytes Received By Job
	Partitionable Resources :    Usage  Request          
	   Cpus                 :                 1          
	   Disk (KB)            :      658      658          
	   Memory (MB)          :        3        3          
...
