
----------------------------------------------------
Job started on Thu Aug 20 21:07:07 EDT 2015 at WN: t2bat0194.cmsaf.mit.edu 
Job is running on Linux t2bat0194.cmsaf.mit.edu 2.6.32-358.el6.x86_64 #1 SMP Fri Feb 22 20:37:17 CST 2013 x86_64 x86_64 x86_64 GNU/Linux
Filesystem            Size  Used Avail Use% Mounted on
/dev/sda3              20G  4.0G   15G  21% /
tmpfs                  12G     0   12G   0% /dev/shm
/dev/sda1              97M   32M   61M  35% /boot
/dev/sda4             874G   31G  843G   4% /export/data1
/dev/sdb1             1.8T  1.7T  125G  94% /export/00b
/dev/sdc1             1.8T  1.7T  116G  94% /export/00c
/dev/sdd1             1.8T  1.7T  131G  93% /export/00d
/dev/sde1             1.8T  1.7T  133G  93% /export/00e
/dev/sdf1             1.8T  1.7T  135G  93% /export/00f
fuse_dfs              4.9P  4.6P  323T  94% /mnt/hadoop
t2srv0004:/export/db  135G  187M  135G   1% /net/t2srv0004/db
cvmfs2                 98G   19G   80G  19% /cvmfs/cms.cern.ch
cvmfs2                 98G   19G   80G  19% /cvmfs/cvmfs.cmsaf.mit.edu
gcc (GCC) 4.4.7 20120313 (Red Hat 4.4.7-3)
Copyright (C) 2010 Free Software Foundation, Inc.
This is free software; see the source for copying conditions.  There is NO
warranty; not even for MERCHANTABILITY or FITNESS FOR A PARTICULAR PURPOSE.

Processing...
0/95510
10000/95510
20000/95510
30000/95510
40000/95510
50000/95510
60000/95510
70000/95510
80000/95510
90000/95510
Macro finished: 
CPU time (min)  = 1.061
Real time (min) = 1.60375
total 1.7M
-rw-r--r--  1 obaron obaron  94K Aug 20 20:49 jetRAA_PbPb_data_akPu3_select.txt
-rw-r--r--  1 obaron obaron  70K Aug 20 20:49 RAA_read_data_pbpb.C
-rw-r--r--  1 obaron obaron 108K Aug 20 20:49 jetRAA_PbPb_data_forest.txt
-rw-r--r--  1 obaron obaron  94K Aug 20 20:49 jetRAA_PbPb_data_akPu2_select.txt
-rw-r--r--  1 obaron obaron  94K Aug 20 20:50 jetRAA_PbPb_data_akPu4_select.txt
-rw-r--r--  1 obaron obaron  11K Aug 20 20:57 RAA_read_data_pbpb_C.d
-rwxr-xr-x  1 obaron obaron 101K Aug 20 20:58 RAA_read_data_pbpb_C.so
drwxr-xr-x 19 condor root   4.0K Aug 20 21:07 ..
-rw-r--r--  1 condor condor 5.6K Aug 20 21:07 .machine.ad
-rw-r--r--  1 condor condor  20K Aug 20 21:07 .job.ad
-rwx------  1 obaron obaron   50 Aug 20 21:07 .chirp.config
-rw-rw-r--  1 obaron obaron  61K Aug 20 21:07 jetRAA_run_PbPb_Data.tar
-rwxr-xr-x  1 obaron obaron 1.2K Aug 20 21:07 condor_exec.exe
drwx------  2 obaron obaron 4.0K Aug 20 21:07 .
-rw-r--r--  1 obaron obaron  678 Aug 20 21:07 _condor_stderr
-rw-r--r--  1 obaron obaron 1.5K Aug 20 21:08 _condor_stdout
-rw-r--r--  1 obaron obaron 990K Aug 20 21:08 PbPb_Data_histograms_FromForest_pileupCutFIX_ZDCmCut_akPu2_20_eta_20_490.root
Done!
Copied output files to hadoop rootfiles/JetRAA/June29
