
----------------------------------------------------
Job started on Mon Oct 12 11:41:47 EDT 2015 at WN: t2bat0300.cmsaf.mit.edu 
Job is running on Linux t2bat0300.cmsaf.mit.edu 2.6.32-358.el6.x86_64 #1 SMP Fri Feb 22 20:37:17 CST 2013 x86_64 x86_64 x86_64 GNU/Linux
Filesystem            Size  Used Avail Use% Mounted on
/dev/sda3              20G  3.3G   16G  18% /
tmpfs                  32G     0   32G   0% /dev/shm
/dev/sda1              97M   32M   61M  35% /boot
/dev/sda4             416G   84G  332G  21% /export/data1
fuse_dfs              5.0P  4.0P  1.1P  80% /mnt/hadoop
/dev/sdb1             2.7T  2.1T  631G  78% /export/00b
/dev/sdc1             2.7T  2.1T  617G  78% /export/00c
/dev/sdd1             2.7T  2.1T  617G  78% /export/00d
/dev/sde1             2.7T  2.2T  594G  79% /export/00e
/dev/sdf1             2.7T  2.1T  635G  77% /export/00f
/dev/sdg1             2.7T  2.1T  621G  78% /export/00g
/dev/sdh1             2.7T  2.1T  614G  78% /export/00h
/dev/sdi1             2.7T  2.1T  625G  78% /export/00i
/dev/sdj1             2.7T  2.1T  630G  78% /export/00j
/dev/sdk1             2.7T  2.1T  615G  78% /export/00k
/dev/sdl1             2.7T  2.2T  600G  79% /export/00l
cvmfs2                 98G   76G   23G  78% /cvmfs/cms.cern.ch
t2srv0004:/export/db  135G  187M  135G   1% /net/t2srv0004/db
gcc (GCC) 4.4.7 20120313 (Red Hat 4.4.7-3)
Copyright (C) 2010 Free Software Foundation, Inc.
This is free software; see the source for copying conditions.  There is NO
warranty; not even for MERCHANTABILITY or FITNESS FOR A PARTICULAR PURPOSE.

Processing...
0/176503
10000/176503
20000/176503
30000/176503
40000/176503
50000/176503
60000/176503
70000/176503
80000/176503
90000/176503
100000/176503
110000/176503
120000/176503
130000/176503
140000/176503
150000/176503
160000/176503
170000/176503
Macro finished: 
CPU time (min)  = 1.60683
Real time (min) = 7.61566
total 1.7M
-rw-r--r--  1 obaron obaron 108K Oct 12 11:01 jetRAA_PbPb_data_forest.txt
-rw-r--r--  1 obaron obaron  94K Oct 12 11:01 jetRAA_PbPb_data_akPu4_select.txt
-rw-r--r--  1 obaron obaron  94K Oct 12 11:01 jetRAA_PbPb_data_akPu3_select.txt
-rw-r--r--  1 obaron obaron  94K Oct 12 11:01 jetRAA_PbPb_data_akPu2_select.txt
-rw-r--r--  1 obaron obaron  70K Oct 12 11:21 RAA_read_data_pbpb.C
-rw-r--r--  1 obaron obaron  11K Oct 12 11:21 RAA_read_data_pbpb_C.d
-rwxr-xr-x  1 obaron obaron 101K Oct 12 11:21 RAA_read_data_pbpb_C.so
-rw-rw-r--  1 obaron obaron  61K Oct 12 11:41 jetRAA_run_PbPb_Data.tar
-rwxr-xr-x  1 obaron obaron 1.2K Oct 12 11:41 condor_exec.exe
drwxr-xr-x 35 condor root   4.0K Oct 12 11:41 ..
-rw-r--r--  1 condor condor 5.5K Oct 12 11:41 .machine.ad
-rw-r--r--  1 condor condor  20K Oct 12 11:41 .job.ad
-rwx------  1 obaron obaron   49 Oct 12 11:41 .chirp.config
-rw-r--r--  1 obaron obaron    0 Oct 12 11:41 _condor_stderr
drwx------  2 obaron obaron 4.0K Oct 12 11:41 .
-rw-r--r--  1 obaron obaron 1.9K Oct 12 11:49 _condor_stdout
-rw-r--r--  1 obaron obaron 997K Oct 12 11:49 PbPb_Data_histograms_FromForest_pileupCutFIX_ZDCmCut_30GeVcut_akPu4_20_eta_20_845.root
Done!
Copied output files to hadoop rootfiles/JetRAA/June29
