000 (554244.000.000) 08/11 09:09:06 Job submitted from host: <18.12.1.74:48322>
...
001 (554244.000.000) 08/11 09:09:20 Job executing on host: <18.12.6.93:48103>
...
006 (554244.000.000) 08/11 09:09:29 Image size of job updated: 2
	3  -  MemoryUsage of job (MB)
	2344  -  ResidentSetSize of job (KB)
...
006 (554244.000.000) 08/11 09:12:29 Image size of job updated: 230640
	3  -  MemoryUsage of job (MB)
	2344  -  ResidentSetSize of job (KB)
...
005 (554244.000.000) 08/11 09:12:29 Job terminated.
	(1) Normal termination (return value 0)
		Usr 0 00:02:10, Sys 0 00:00:01  -  Run Remote Usage
		Usr 0 00:00:00, Sys 0 00:00:00  -  Run Local Usage
		Usr 0 00:02:10, Sys 0 00:00:01  -  Total Remote Usage
		Usr 0 00:00:00, Sys 0 00:00:00  -  Total Local Usage
	586128  -  Run Bytes Sent By Job
	62717  -  Run Bytes Received By Job
	586128  -  Total Bytes Sent By Job
	62717  -  Total Bytes Received By Job
	Partitionable Resources :    Usage  Request          
	   Cpus                 :                 1          
	   Disk (KB)            :      659      659          
	   Memory (MB)          :        3        3          
...
000 (557959.000.000) 08/13 13:34:19 Job submitted from host: <18.12.1.74:48322>
...
001 (557959.000.000) 08/13 13:50:20 Job executing on host: <18.12.9.41:47519>
...
006 (557959.000.000) 08/13 13:50:28 Image size of job updated: 2
	3  -  MemoryUsage of job (MB)
	2352  -  ResidentSetSize of job (KB)
...
006 (557959.000.000) 08/13 13:55:28 Image size of job updated: 230636
	103  -  MemoryUsage of job (MB)
	104688  -  ResidentSetSize of job (KB)
...
005 (557959.000.000) 08/13 13:59:13 Job terminated.
	(1) Normal termination (return value 0)
		Usr 0 00:01:45, Sys 0 00:00:03  -  Run Remote Usage
		Usr 0 00:00:00, Sys 0 00:00:00  -  Run Local Usage
		Usr 0 00:01:45, Sys 0 00:00:03  -  Total Remote Usage
		Usr 0 00:00:00, Sys 0 00:00:00  -  Total Local Usage
	586585  -  Run Bytes Sent By Job
	62720  -  Run Bytes Received By Job
	586585  -  Total Bytes Sent By Job
	62720  -  Total Bytes Received By Job
	Partitionable Resources :    Usage  Request          
	   Cpus                 :                 1          
	   Disk (KB)            :      659      659          
	   Memory (MB)          :      103      103          
...
000 (566250.000.000) 08/20 20:23:02 Job submitted from host: <18.12.1.74:48322>
...
001 (566250.000.000) 08/20 20:23:51 Job executing on host: <18.12.8.227:41314>
...
006 (566250.000.000) 08/20 20:24:00 Image size of job updated: 230512
	96  -  MemoryUsage of job (MB)
	98208  -  ResidentSetSize of job (KB)
...
006 (566250.000.000) 08/20 20:26:35 Image size of job updated: 230644
	96  -  MemoryUsage of job (MB)
	98208  -  ResidentSetSize of job (KB)
...
022 (566250.000.000) 08/20 20:26:35 Job disconnected, attempting to reconnect
    Socket between submit and execute hosts closed unexpectedly
    Trying to reconnect to slot13@t2bat0227.cmsaf.mit.edu <18.12.8.227:41314>
...
023 (566250.000.000) 08/20 20:26:36 Job reconnected to slot13@t2bat0227.cmsaf.mit.edu
    startd address: <18.12.8.227:41314>
    starter address: <18.12.8.227:42774>
...
005 (566250.000.000) 08/20 20:33:01 Job terminated.
	(1) Normal termination (return value 0)
		Usr 0 00:01:53, Sys 0 00:00:02  -  Run Remote Usage
		Usr 0 00:00:00, Sys 0 00:00:00  -  Run Local Usage
		Usr 0 00:01:53, Sys 0 00:00:02  -  Total Remote Usage
		Usr 0 00:00:00, Sys 0 00:00:00  -  Total Local Usage
	586304  -  Run Bytes Sent By Job
	62732  -  Run Bytes Received By Job
	586304  -  Total Bytes Sent By Job
	62732  -  Total Bytes Received By Job
	Partitionable Resources :    Usage  Request          
	   Cpus                 :                 1          
	   Disk (KB)            :      659      659          
	   Memory (MB)          :       96       96          
...
