000 (554240.000.000) 08/11 09:09:06 Job submitted from host: <18.12.1.74:48322>
...
001 (554240.000.000) 08/11 09:09:18 Job executing on host: <18.12.8.251:43869>
...
006 (554240.000.000) 08/11 09:09:26 Image size of job updated: 2
	3  -  MemoryUsage of job (MB)
	2340  -  ResidentSetSize of job (KB)
...
006 (554240.000.000) 08/11 09:10:46 Image size of job updated: 230372
	3  -  MemoryUsage of job (MB)
	2340  -  ResidentSetSize of job (KB)
...
005 (554240.000.000) 08/11 09:10:46 Job terminated.
	(1) Normal termination (return value 0)
		Usr 0 00:00:49, Sys 0 00:00:00  -  Run Remote Usage
		Usr 0 00:00:00, Sys 0 00:00:00  -  Run Local Usage
		Usr 0 00:00:49, Sys 0 00:00:00  -  Total Remote Usage
		Usr 0 00:00:00, Sys 0 00:00:00  -  Total Local Usage
	585934  -  Run Bytes Sent By Job
	62717  -  Run Bytes Received By Job
	585934  -  Total Bytes Sent By Job
	62717  -  Total Bytes Received By Job
	Partitionable Resources :    Usage  Request          
	   Cpus                 :                 1          
	   Disk (KB)            :      658      658          
	   Memory (MB)          :        3        3          
...
000 (557955.000.000) 08/13 13:34:18 Job submitted from host: <18.12.1.74:48322>
...
001 (557955.000.000) 08/13 13:49:56 Job executing on host: <18.12.8.12:45037>
...
006 (557955.000.000) 08/13 13:50:04 Image size of job updated: 69172
	14  -  MemoryUsage of job (MB)
	13320  -  ResidentSetSize of job (KB)
...
006 (557955.000.000) 08/13 13:55:04 Image size of job updated: 230368
	113  -  MemoryUsage of job (MB)
	115156  -  ResidentSetSize of job (KB)
...
005 (557955.000.000) 08/13 13:56:19 Job terminated.
	(1) Normal termination (return value 0)
		Usr 0 00:01:12, Sys 0 00:00:02  -  Run Remote Usage
		Usr 0 00:00:00, Sys 0 00:00:00  -  Run Local Usage
		Usr 0 00:01:12, Sys 0 00:00:02  -  Total Remote Usage
		Usr 0 00:00:00, Sys 0 00:00:00  -  Total Local Usage
	586271  -  Run Bytes Sent By Job
	62720  -  Run Bytes Received By Job
	586271  -  Total Bytes Sent By Job
	62720  -  Total Bytes Received By Job
	Partitionable Resources :    Usage  Request          
	   Cpus                 :                 1          
	   Disk (KB)            :      659      659          
	   Memory (MB)          :      113      113          
...
000 (566246.000.000) 08/20 20:22:47 Job submitted from host: <18.12.1.74:48322>
...
001 (566246.000.000) 08/20 20:23:30 Job executing on host: <18.12.9.11:42117>
...
006 (566246.000.000) 08/20 20:23:39 Image size of job updated: 228920
	94  -  MemoryUsage of job (MB)
	95600  -  ResidentSetSize of job (KB)
...
006 (566246.000.000) 08/20 20:25:26 Image size of job updated: 230376
	94  -  MemoryUsage of job (MB)
	95600  -  ResidentSetSize of job (KB)
...
005 (566246.000.000) 08/20 20:32:12 Job terminated.
	(1) Normal termination (return value 0)
		Usr 0 00:01:16, Sys 0 00:00:01  -  Run Remote Usage
		Usr 0 00:00:00, Sys 0 00:00:00  -  Run Local Usage
		Usr 0 00:01:16, Sys 0 00:00:01  -  Total Remote Usage
		Usr 0 00:00:00, Sys 0 00:00:00  -  Total Local Usage
	586204  -  Run Bytes Sent By Job
	62732  -  Run Bytes Received By Job
	586204  -  Total Bytes Sent By Job
	62732  -  Total Bytes Received By Job
	Partitionable Resources :    Usage  Request          
	   Cpus                 :                 1          
	   Disk (KB)            :      659      659          
	   Memory (MB)          :       94       94          
...
