000 (556146.000.000) 08/12 11:33:49 Job submitted from host: <18.12.1.74:48322>
...
001 (556146.000.000) 08/12 12:02:25 Job executing on host: <18.12.8.152:47811>
...
006 (556146.000.000) 08/12 12:02:33 Image size of job updated: 193800
	82  -  MemoryUsage of job (MB)
	82996  -  ResidentSetSize of job (KB)
...
006 (556146.000.000) 08/12 12:07:33 Image size of job updated: 230360
	115  -  MemoryUsage of job (MB)
	117228  -  ResidentSetSize of job (KB)
...
005 (556146.000.000) 08/12 12:08:42 Job terminated.
	(1) Normal termination (return value 0)
		Usr 0 00:00:42, Sys 0 00:00:00  -  Run Remote Usage
		Usr 0 00:00:00, Sys 0 00:00:00  -  Run Local Usage
		Usr 0 00:00:42, Sys 0 00:00:00  -  Total Remote Usage
		Usr 0 00:00:00, Sys 0 00:00:00  -  Total Local Usage
	586097  -  Run Bytes Sent By Job
	62715  -  Run Bytes Received By Job
	586097  -  Total Bytes Sent By Job
	62715  -  Total Bytes Received By Job
	Partitionable Resources :    Usage  Request          
	   Cpus                 :                 1          
	   Disk (KB)            :      659      659          
	   Memory (MB)          :      115      115          
...
000 (566515.000.000) 08/20 21:08:58 Job submitted from host: <18.12.1.74:48322>
...
001 (566515.000.000) 08/20 21:09:10 Job executing on host: <18.12.9.43:40073>
...
006 (566515.000.000) 08/20 21:09:19 Image size of job updated: 13384
	2  -  MemoryUsage of job (MB)
	1980  -  ResidentSetSize of job (KB)
...
006 (566515.000.000) 08/20 21:13:26 Image size of job updated: 230828
	2  -  MemoryUsage of job (MB)
	1980  -  ResidentSetSize of job (KB)
...
005 (566515.000.000) 08/20 21:20:05 Job terminated.
	(1) Normal termination (return value 0)
		Usr 0 00:00:52, Sys 0 00:00:01  -  Run Remote Usage
		Usr 0 00:00:00, Sys 0 00:00:00  -  Run Local Usage
		Usr 0 00:00:52, Sys 0 00:00:01  -  Total Remote Usage
		Usr 0 00:00:00, Sys 0 00:00:00  -  Total Local Usage
	586344  -  Run Bytes Sent By Job
	62731  -  Run Bytes Received By Job
	586344  -  Total Bytes Sent By Job
	62731  -  Total Bytes Received By Job
	Partitionable Resources :    Usage  Request          
	   Cpus                 :                 1          
	   Disk (KB)            :      659      659          
	   Memory (MB)          :        2        2          
...
