000 (556457.000.000) 08/12 14:10:59 Job submitted from host: <18.12.1.74:48322>
...
001 (556457.000.000) 08/12 14:48:47 Job executing on host: <18.12.9.80:43650>
...
006 (556457.000.000) 08/12 14:48:55 Image size of job updated: 193760
	78  -  MemoryUsage of job (MB)
	79568  -  ResidentSetSize of job (KB)
...
006 (556457.000.000) 08/12 14:53:55 Image size of job updated: 230376
	90  -  MemoryUsage of job (MB)
	91164  -  ResidentSetSize of job (KB)
...
006 (556457.000.000) 08/12 14:58:56 Image size of job updated: 230376
	98  -  MemoryUsage of job (MB)
	99408  -  ResidentSetSize of job (KB)
...
006 (556457.000.000) 08/12 15:03:56 Image size of job updated: 230376
	99  -  MemoryUsage of job (MB)
	101172  -  ResidentSetSize of job (KB)
...
005 (556457.000.000) 08/12 15:04:48 Job terminated.
	(1) Normal termination (return value 0)
		Usr 0 00:00:57, Sys 0 00:00:03  -  Run Remote Usage
		Usr 0 00:00:00, Sys 0 00:00:00  -  Run Local Usage
		Usr 0 00:00:57, Sys 0 00:00:03  -  Total Remote Usage
		Usr 0 00:00:00, Sys 0 00:00:00  -  Total Local Usage
	586155  -  Run Bytes Sent By Job
	62715  -  Run Bytes Received By Job
	586155  -  Total Bytes Sent By Job
	62715  -  Total Bytes Received By Job
	Partitionable Resources :    Usage  Request          
	   Cpus                 :                 1          
	   Disk (KB)            :      659      659          
	   Memory (MB)          :       99       99          
...
000 (557717.000.000) 08/13 11:57:34 Job submitted from host: <18.12.1.74:48322>
...
001 (557717.000.000) 08/13 12:42:21 Job executing on host: <18.12.8.172:49417>
...
006 (557717.000.000) 08/13 12:42:29 Image size of job updated: 2
	3  -  MemoryUsage of job (MB)
	2344  -  ResidentSetSize of job (KB)
...
006 (557717.000.000) 08/13 12:45:40 Image size of job updated: 230392
	3  -  MemoryUsage of job (MB)
	2344  -  ResidentSetSize of job (KB)
...
005 (557717.000.000) 08/13 12:45:40 Job terminated.
	(1) Normal termination (return value 0)
		Usr 0 00:00:46, Sys 0 00:00:01  -  Run Remote Usage
		Usr 0 00:00:00, Sys 0 00:00:00  -  Run Local Usage
		Usr 0 00:00:46, Sys 0 00:00:01  -  Total Remote Usage
		Usr 0 00:00:00, Sys 0 00:00:00  -  Total Local Usage
	586100  -  Run Bytes Sent By Job
	62715  -  Run Bytes Received By Job
	586100  -  Total Bytes Sent By Job
	62715  -  Total Bytes Received By Job
	Partitionable Resources :    Usage  Request          
	   Cpus                 :                 1          
	   Disk (KB)            :      659      659          
	   Memory (MB)          :        3        3          
...
000 (558233.000.000) 08/13 14:31:17 Job submitted from host: <18.12.1.74:48322>
...
001 (558233.000.000) 08/13 15:09:26 Job executing on host: <18.12.9.65:41971>
...
006 (558233.000.000) 08/13 15:09:34 Image size of job updated: 93596
	3  -  MemoryUsage of job (MB)
	2424  -  ResidentSetSize of job (KB)
...
006 (558233.000.000) 08/13 15:11:57 Image size of job updated: 230376
	3  -  MemoryUsage of job (MB)
	2424  -  ResidentSetSize of job (KB)
...
005 (558233.000.000) 08/13 15:11:57 Job terminated.
	(1) Normal termination (return value 0)
		Usr 0 00:00:54, Sys 0 00:00:01  -  Run Remote Usage
		Usr 0 00:00:00, Sys 0 00:00:00  -  Run Local Usage
		Usr 0 00:00:54, Sys 0 00:00:01  -  Total Remote Usage
		Usr 0 00:00:00, Sys 0 00:00:00  -  Total Local Usage
	585941  -  Run Bytes Sent By Job
	62714  -  Run Bytes Received By Job
	585941  -  Total Bytes Sent By Job
	62714  -  Total Bytes Received By Job
	Partitionable Resources :    Usage  Request          
	   Cpus                 :                 1          
	   Disk (KB)            :      659      659          
	   Memory (MB)          :        3        3          
...
000 (565570.000.000) 08/20 12:58:13 Job submitted from host: <18.12.1.74:48322>
...
001 (565570.000.000) 08/20 12:59:45 Job executing on host: <18.12.9.81:48760>
...
006 (565570.000.000) 08/20 12:59:54 Image size of job updated: 188368
	74  -  MemoryUsage of job (MB)
	75192  -  ResidentSetSize of job (KB)
...
006 (565570.000.000) 08/20 13:02:12 Image size of job updated: 230388
	74  -  MemoryUsage of job (MB)
	75192  -  ResidentSetSize of job (KB)
...
005 (565570.000.000) 08/20 13:08:54 Job terminated.
	(1) Normal termination (return value 0)
		Usr 0 00:00:44, Sys 0 00:00:00  -  Run Remote Usage
		Usr 0 00:00:00, Sys 0 00:00:00  -  Run Local Usage
		Usr 0 00:00:44, Sys 0 00:00:00  -  Total Remote Usage
		Usr 0 00:00:00, Sys 0 00:00:00  -  Total Local Usage
	586211  -  Run Bytes Sent By Job
	62731  -  Run Bytes Received By Job
	586211  -  Total Bytes Sent By Job
	62731  -  Total Bytes Received By Job
	Partitionable Resources :    Usage  Request          
	   Cpus                 :                 1          
	   Disk (KB)            :      659      659          
	   Memory (MB)          :       74       74          
...
000 (783063.000.000) 10/02 11:07:50 Job submitted from host: <18.12.1.74:41314>
...
001 (783063.000.000) 10/02 11:14:05 Job executing on host: <18.12.12.15:48833>
...
006 (783063.000.000) 10/02 11:14:07 Image size of job updated: 93588
	0  -  MemoryUsage of job (MB)
	0  -  ResidentSetSize of job (KB)
...
022 (783063.000.000) 10/02 11:14:07 Job disconnected, attempting to reconnect
    Socket between submit and execute hosts closed unexpectedly
    Trying to reconnect to slot11@lnbat0015.cmsaf.mit.edu <18.12.12.15:48833>
...
023 (783063.000.000) 10/02 11:14:08 Job reconnected to slot11@lnbat0015.cmsaf.mit.edu
    startd address: <18.12.12.15:48833>
    starter address: <18.12.12.15:47228>
...
022 (783063.000.000) 10/02 11:14:09 Job disconnected, attempting to reconnect
    Socket between submit and execute hosts closed unexpectedly
    Trying to reconnect to slot11@lnbat0015.cmsaf.mit.edu <18.12.12.15:48833>
...
023 (783063.000.000) 10/02 11:14:09 Job reconnected to slot11@lnbat0015.cmsaf.mit.edu
    startd address: <18.12.12.15:48833>
    starter address: <18.12.12.15:47228>
...
022 (783063.000.000) 10/02 11:14:09 Job disconnected, attempting to reconnect
    Socket between submit and execute hosts closed unexpectedly
    Trying to reconnect to slot11@lnbat0015.cmsaf.mit.edu <18.12.12.15:48833>
...
023 (783063.000.000) 10/02 11:14:09 Job reconnected to slot11@lnbat0015.cmsaf.mit.edu
    startd address: <18.12.12.15:48833>
    starter address: <18.12.12.15:47228>
...
005 (783063.000.000) 10/02 11:19:24 Job terminated.
	(1) Normal termination (return value 0)
		Usr 0 00:00:00, Sys 0 00:00:00  -  Run Remote Usage
		Usr 0 00:00:00, Sys 0 00:00:00  -  Run Local Usage
		Usr 0 00:00:00, Sys 0 00:00:00  -  Total Remote Usage
		Usr 0 00:00:00, Sys 0 00:00:00  -  Total Local Usage
	585630  -  Run Bytes Sent By Job
	62733  -  Run Bytes Received By Job
	585630  -  Total Bytes Sent By Job
	62733  -  Total Bytes Received By Job
	Partitionable Resources :    Usage  Request          
	   Cpus                 :                 1          
	   Disk (KB)            :      658      658          
	   Memory (MB)          :        0        0          
...
000 (783244.000.000) 10/02 16:13:31 Job submitted from host: <18.12.1.74:45913>
...
001 (783244.000.000) 10/02 16:14:21 Job executing on host: <18.12.8.200:44672>
...
006 (783244.000.000) 10/02 16:14:24 Image size of job updated: 2
	0  -  MemoryUsage of job (MB)
	0  -  ResidentSetSize of job (KB)
...
005 (783244.000.000) 10/02 16:14:25 Job terminated.
	(1) Normal termination (return value 0)
		Usr 0 00:00:00, Sys 0 00:00:00  -  Run Remote Usage
		Usr 0 00:00:00, Sys 0 00:00:00  -  Run Local Usage
		Usr 0 00:00:00, Sys 0 00:00:00  -  Total Remote Usage
		Usr 0 00:00:00, Sys 0 00:00:00  -  Total Local Usage
	585443  -  Run Bytes Sent By Job
	62733  -  Run Bytes Received By Job
	585443  -  Total Bytes Sent By Job
	62733  -  Total Bytes Received By Job
	Partitionable Resources :    Usage  Request          
	   Cpus                 :                 1          
	   Disk (KB)            :      658      658          
	   Memory (MB)          :        0        0          
...
000 (783425.000.000) 10/02 16:49:01 Job submitted from host: <18.12.1.74:45913>
...
001 (783425.000.000) 10/02 16:49:03 Job executing on host: <18.12.8.196:42117>
...
006 (783425.000.000) 10/02 16:49:03 Image size of job updated: 2
	0  -  MemoryUsage of job (MB)
	0  -  ResidentSetSize of job (KB)
...
005 (783425.000.000) 10/02 16:49:03 Job terminated.
	(1) Normal termination (return value 0)
		Usr 0 00:00:00, Sys 0 00:00:00  -  Run Remote Usage
		Usr 0 00:00:00, Sys 0 00:00:00  -  Run Local Usage
		Usr 0 00:00:00, Sys 0 00:00:00  -  Total Remote Usage
		Usr 0 00:00:00, Sys 0 00:00:00  -  Total Local Usage
	585554  -  Run Bytes Sent By Job
	62733  -  Run Bytes Received By Job
	585554  -  Total Bytes Sent By Job
	62733  -  Total Bytes Received By Job
	Partitionable Resources :    Usage  Request          
	   Cpus                 :                 1          
	   Disk (KB)            :      658      658          
	   Memory (MB)          :        0        0          
...
000 (783608.000.000) 10/05 09:25:53 Job submitted from host: <18.12.1.74:45913>
...
001 (783608.000.000) 10/05 09:26:14 Job executing on host: <18.12.8.159:46059>
...
006 (783608.000.000) 10/05 09:26:14 Image size of job updated: 2
	0  -  MemoryUsage of job (MB)
	0  -  ResidentSetSize of job (KB)
...
005 (783608.000.000) 10/05 09:26:17 Job terminated.
	(1) Normal termination (return value 0)
		Usr 0 00:00:00, Sys 0 00:00:00  -  Run Remote Usage
		Usr 0 00:00:00, Sys 0 00:00:00  -  Run Local Usage
		Usr 0 00:00:00, Sys 0 00:00:00  -  Total Remote Usage
		Usr 0 00:00:00, Sys 0 00:00:00  -  Total Local Usage
	585538  -  Run Bytes Sent By Job
	62732  -  Run Bytes Received By Job
	585538  -  Total Bytes Sent By Job
	62732  -  Total Bytes Received By Job
	Partitionable Resources :    Usage  Request          
	   Cpus                 :                 1          
	   Disk (KB)            :      658      658          
	   Memory (MB)          :        0        0          
...
000 (783789.000.000) 10/05 10:00:29 Job submitted from host: <18.12.1.74:45913>
...
001 (783789.000.000) 10/05 10:01:07 Job executing on host: <18.12.6.86:44964>
...
006 (783789.000.000) 10/05 10:01:16 Image size of job updated: 2
	3  -  MemoryUsage of job (MB)
	2356  -  ResidentSetSize of job (KB)
...
006 (783789.000.000) 10/05 10:01:36 Image size of job updated: 13384
	3  -  MemoryUsage of job (MB)
	2356  -  ResidentSetSize of job (KB)
...
005 (783789.000.000) 10/05 10:01:37 Job terminated.
	(1) Normal termination (return value 0)
		Usr 0 00:00:00, Sys 0 00:00:00  -  Run Remote Usage
		Usr 0 00:00:00, Sys 0 00:00:00  -  Run Local Usage
		Usr 0 00:00:00, Sys 0 00:00:00  -  Total Remote Usage
		Usr 0 00:00:00, Sys 0 00:00:00  -  Total Local Usage
	585357  -  Run Bytes Sent By Job
	62731  -  Run Bytes Received By Job
	585357  -  Total Bytes Sent By Job
	62731  -  Total Bytes Received By Job
	Partitionable Resources :    Usage  Request          
	   Cpus                 :                 1          
	   Disk (KB)            :      658      658          
	   Memory (MB)          :        3        3          
...
000 (783971.000.000) 10/05 12:25:34 Job submitted from host: <18.12.1.74:45913>
...
001 (783971.000.000) 10/05 12:25:38 Job executing on host: <18.12.9.45:43577>
...
006 (783971.000.000) 10/05 12:25:38 Image size of job updated: 2
	0  -  MemoryUsage of job (MB)
	0  -  ResidentSetSize of job (KB)
...
005 (783971.000.000) 10/05 12:25:39 Job terminated.
	(1) Normal termination (return value 0)
		Usr 0 00:00:00, Sys 0 00:00:00  -  Run Remote Usage
		Usr 0 00:00:00, Sys 0 00:00:00  -  Run Local Usage
		Usr 0 00:00:00, Sys 0 00:00:00  -  Total Remote Usage
		Usr 0 00:00:00, Sys 0 00:00:00  -  Total Local Usage
	586032  -  Run Bytes Sent By Job
	62732  -  Run Bytes Received By Job
	586032  -  Total Bytes Sent By Job
	62732  -  Total Bytes Received By Job
	Partitionable Resources :    Usage  Request          
	   Cpus                 :                 1          
	   Disk (KB)            :      659      659          
	   Memory (MB)          :        0        0          
...
000 (784152.000.000) 10/05 12:28:53 Job submitted from host: <18.12.1.74:45913>
...
001 (784152.000.000) 10/05 12:29:22 Job executing on host: <18.12.9.67:41533>
...
006 (784152.000.000) 10/05 12:29:30 Image size of job updated: 2
	3  -  MemoryUsage of job (MB)
	2344  -  ResidentSetSize of job (KB)
...
006 (784152.000.000) 10/05 12:30:30 Image size of job updated: 230376
	3  -  MemoryUsage of job (MB)
	2344  -  ResidentSetSize of job (KB)
...
005 (784152.000.000) 10/05 12:30:30 Job terminated.
	(1) Normal termination (return value 0)
		Usr 0 00:00:34, Sys 0 00:00:01  -  Run Remote Usage
		Usr 0 00:00:00, Sys 0 00:00:00  -  Run Local Usage
		Usr 0 00:00:34, Sys 0 00:00:01  -  Total Remote Usage
		Usr 0 00:00:00, Sys 0 00:00:00  -  Total Local Usage
	586800  -  Run Bytes Sent By Job
	62733  -  Run Bytes Received By Job
	586800  -  Total Bytes Sent By Job
	62733  -  Total Bytes Received By Job
	Partitionable Resources :    Usage  Request          
	   Cpus                 :                 1          
	   Disk (KB)            :      659      659          
	   Memory (MB)          :        3        3          
...
000 (786221.000.000) 10/05 14:34:49 Job submitted from host: <18.12.1.74:45913>
...
001 (786221.000.000) 10/05 14:36:08 Job executing on host: <18.12.6.11:40219>
...
006 (786221.000.000) 10/05 14:36:21 Image size of job updated: 230260
	95  -  MemoryUsage of job (MB)
	97164  -  ResidentSetSize of job (KB)
...
006 (786221.000.000) 10/05 14:37:35 Image size of job updated: 230392
	95  -  MemoryUsage of job (MB)
	97164  -  ResidentSetSize of job (KB)
...
005 (786221.000.000) 10/05 14:37:36 Job terminated.
	(1) Normal termination (return value 0)
		Usr 0 00:01:01, Sys 0 00:00:00  -  Run Remote Usage
		Usr 0 00:00:00, Sys 0 00:00:00  -  Run Local Usage
		Usr 0 00:01:01, Sys 0 00:00:00  -  Total Remote Usage
		Usr 0 00:00:00, Sys 0 00:00:00  -  Total Local Usage
	586151  -  Run Bytes Sent By Job
	62729  -  Run Bytes Received By Job
	586151  -  Total Bytes Sent By Job
	62729  -  Total Bytes Received By Job
	Partitionable Resources :    Usage  Request          
	   Cpus                 :                 1          
	   Disk (KB)            :      659      659          
	   Memory (MB)          :       95       95          
...
000 (788060.000.000) 10/08 16:10:30 Job submitted from host: <18.12.1.74:45913>
...
001 (788060.000.000) 10/08 16:24:53 Job executing on host: <18.12.6.87:41898>
...
006 (788060.000.000) 10/08 16:25:02 Image size of job updated: 230272
	95  -  MemoryUsage of job (MB)
	97112  -  ResidentSetSize of job (KB)
...
006 (788060.000.000) 10/08 16:26:44 Image size of job updated: 230404
	95  -  MemoryUsage of job (MB)
	97112  -  ResidentSetSize of job (KB)
...
005 (788060.000.000) 10/08 16:26:44 Job terminated.
	(1) Normal termination (return value 0)
		Usr 0 00:01:01, Sys 0 00:00:01  -  Run Remote Usage
		Usr 0 00:00:00, Sys 0 00:00:00  -  Run Local Usage
		Usr 0 00:01:01, Sys 0 00:00:01  -  Total Remote Usage
		Usr 0 00:00:00, Sys 0 00:00:00  -  Total Local Usage
	585366  -  Run Bytes Sent By Job
	62697  -  Run Bytes Received By Job
	585366  -  Total Bytes Sent By Job
	62697  -  Total Bytes Received By Job
	Partitionable Resources :    Usage  Request          
	   Cpus                 :                 1          
	   Disk (KB)            :      658      658          
	   Memory (MB)          :       95       95          
...
000 (788423.000.000) 10/09 10:00:38 Job submitted from host: <18.12.1.74:45913>
...
001 (788423.000.000) 10/09 10:21:05 Job executing on host: <18.12.9.59:43869>
...
006 (788423.000.000) 10/09 10:21:15 Image size of job updated: 2
	3  -  MemoryUsage of job (MB)
	2344  -  ResidentSetSize of job (KB)
...
006 (788423.000.000) 10/09 10:24:15 Image size of job updated: 230376
	3  -  MemoryUsage of job (MB)
	2344  -  ResidentSetSize of job (KB)
...
005 (788423.000.000) 10/09 10:24:15 Job terminated.
	(1) Normal termination (return value 0)
		Usr 0 00:00:42, Sys 0 00:00:01  -  Run Remote Usage
		Usr 0 00:00:00, Sys 0 00:00:00  -  Run Local Usage
		Usr 0 00:00:42, Sys 0 00:00:01  -  Total Remote Usage
		Usr 0 00:00:00, Sys 0 00:00:00  -  Total Local Usage
	585364  -  Run Bytes Sent By Job
	62694  -  Run Bytes Received By Job
	585364  -  Total Bytes Sent By Job
	62694  -  Total Bytes Received By Job
	Partitionable Resources :    Usage  Request          
	   Cpus                 :                 1          
	   Disk (KB)            :      658      658          
	   Memory (MB)          :        3        3          
...
000 (788970.000.000) 10/12 11:22:17 Job submitted from host: <18.12.1.74:45913>
...
001 (788970.000.000) 10/12 11:38:10 Job executing on host: <18.12.12.1:45256>
...
006 (788970.000.000) 10/12 11:38:19 Image size of job updated: 230288
	95  -  MemoryUsage of job (MB)
	97184  -  ResidentSetSize of job (KB)
...
006 (788970.000.000) 10/12 11:41:52 Image size of job updated: 230420
	95  -  MemoryUsage of job (MB)
	97184  -  ResidentSetSize of job (KB)
...
005 (788970.000.000) 10/12 11:41:52 Job terminated.
	(1) Normal termination (return value 0)
		Usr 0 00:01:04, Sys 0 00:00:03  -  Run Remote Usage
		Usr 0 00:00:00, Sys 0 00:00:00  -  Run Local Usage
		Usr 0 00:01:04, Sys 0 00:00:03  -  Total Remote Usage
		Usr 0 00:00:00, Sys 0 00:00:00  -  Total Local Usage
	585289  -  Run Bytes Sent By Job
	62702  -  Run Bytes Received By Job
	585289  -  Total Bytes Sent By Job
	62702  -  Total Bytes Received By Job
	Partitionable Resources :    Usage  Request          
	   Cpus                 :                 1          
	   Disk (KB)            :      658      658          
	   Memory (MB)          :       95       95          
...
