000 (556453.000.000) 08/12 14:10:58 Job submitted from host: <18.12.1.74:48322>
...
001 (556453.000.000) 08/12 14:47:51 Job executing on host: <18.12.9.27:43942>
...
006 (556453.000.000) 08/12 14:47:59 Image size of job updated: 2
	3  -  MemoryUsage of job (MB)
	2344  -  ResidentSetSize of job (KB)
...
006 (556453.000.000) 08/12 14:52:59 Image size of job updated: 230504
	103  -  MemoryUsage of job (MB)
	104764  -  ResidentSetSize of job (KB)
...
006 (556453.000.000) 08/12 14:58:00 Image size of job updated: 230504
	106  -  MemoryUsage of job (MB)
	108484  -  ResidentSetSize of job (KB)
...
005 (556453.000.000) 08/12 15:01:00 Job terminated.
	(1) Normal termination (return value 0)
		Usr 0 00:01:36, Sys 0 00:00:04  -  Run Remote Usage
		Usr 0 00:00:00, Sys 0 00:00:00  -  Run Local Usage
		Usr 0 00:01:36, Sys 0 00:00:04  -  Total Remote Usage
		Usr 0 00:00:00, Sys 0 00:00:00  -  Total Local Usage
	586556  -  Run Bytes Sent By Job
	62715  -  Run Bytes Received By Job
	586556  -  Total Bytes Sent By Job
	62715  -  Total Bytes Received By Job
	Partitionable Resources :    Usage  Request          
	   Cpus                 :                 1          
	   Disk (KB)            :      659      659          
	   Memory (MB)          :      106      106          
...
000 (557713.000.000) 08/13 11:57:34 Job submitted from host: <18.12.1.74:48322>
...
001 (557713.000.000) 08/13 12:41:36 Job executing on host: <18.12.9.44:45183>
...
006 (557713.000.000) 08/13 12:41:45 Image size of job updated: 2
	3  -  MemoryUsage of job (MB)
	2348  -  ResidentSetSize of job (KB)
...
006 (557713.000.000) 08/13 12:46:46 Image size of job updated: 230508
	102  -  MemoryUsage of job (MB)
	104100  -  ResidentSetSize of job (KB)
...
005 (557713.000.000) 08/13 12:51:40 Job terminated.
	(1) Normal termination (return value 0)
		Usr 0 00:01:41, Sys 0 00:00:04  -  Run Remote Usage
		Usr 0 00:00:00, Sys 0 00:00:00  -  Run Local Usage
		Usr 0 00:01:41, Sys 0 00:00:04  -  Total Remote Usage
		Usr 0 00:00:00, Sys 0 00:00:00  -  Total Local Usage
	586556  -  Run Bytes Sent By Job
	62715  -  Run Bytes Received By Job
	586556  -  Total Bytes Sent By Job
	62715  -  Total Bytes Received By Job
	Partitionable Resources :    Usage  Request          
	   Cpus                 :                 1          
	   Disk (KB)            :      659      659          
	   Memory (MB)          :      102      102          
...
000 (558229.000.000) 08/13 14:31:16 Job submitted from host: <18.12.1.74:48322>
...
001 (558229.000.000) 08/13 15:08:38 Job executing on host: <18.12.8.218:43942>
...
006 (558229.000.000) 08/13 15:08:46 Image size of job updated: 226280
	92  -  MemoryUsage of job (MB)
	94148  -  ResidentSetSize of job (KB)
...
006 (558229.000.000) 08/13 15:11:17 Image size of job updated: 230508
	92  -  MemoryUsage of job (MB)
	94148  -  ResidentSetSize of job (KB)
...
005 (558229.000.000) 08/13 15:11:17 Job terminated.
	(1) Normal termination (return value 0)
		Usr 0 00:01:46, Sys 0 00:00:02  -  Run Remote Usage
		Usr 0 00:00:00, Sys 0 00:00:00  -  Run Local Usage
		Usr 0 00:01:46, Sys 0 00:00:02  -  Total Remote Usage
		Usr 0 00:00:00, Sys 0 00:00:00  -  Total Local Usage
	586006  -  Run Bytes Sent By Job
	62714  -  Run Bytes Received By Job
	586006  -  Total Bytes Sent By Job
	62714  -  Total Bytes Received By Job
	Partitionable Resources :    Usage  Request          
	   Cpus                 :                 1          
	   Disk (KB)            :      659      659          
	   Memory (MB)          :       92       92          
...
000 (565566.000.000) 08/20 12:57:56 Job submitted from host: <18.12.1.74:48322>
...
001 (565566.000.000) 08/20 12:58:10 Job executing on host: <18.12.9.49:41460>
...
006 (565566.000.000) 08/20 12:58:21 Image size of job updated: 93600
	3  -  MemoryUsage of job (MB)
	2424  -  ResidentSetSize of job (KB)
...
006 (565566.000.000) 08/20 13:00:30 Image size of job updated: 230504
	3  -  MemoryUsage of job (MB)
	2424  -  ResidentSetSize of job (KB)
...
005 (565566.000.000) 08/20 13:07:14 Job terminated.
	(1) Normal termination (return value 0)
		Usr 0 00:01:36, Sys 0 00:00:02  -  Run Remote Usage
		Usr 0 00:00:00, Sys 0 00:00:00  -  Run Local Usage
		Usr 0 00:01:36, Sys 0 00:00:02  -  Total Remote Usage
		Usr 0 00:00:00, Sys 0 00:00:00  -  Total Local Usage
	586187  -  Run Bytes Sent By Job
	62731  -  Run Bytes Received By Job
	586187  -  Total Bytes Sent By Job
	62731  -  Total Bytes Received By Job
	Partitionable Resources :    Usage  Request          
	   Cpus                 :                 1          
	   Disk (KB)            :      659      659          
	   Memory (MB)          :        3        3          
...
000 (783059.000.000) 10/02 11:07:49 Job submitted from host: <18.12.1.74:41314>
...
001 (783059.000.000) 10/02 11:14:04 Job executing on host: <18.12.8.252:46059>
...
006 (783059.000.000) 10/02 11:14:05 Image size of job updated: 2
	0  -  MemoryUsage of job (MB)
	0  -  ResidentSetSize of job (KB)
...
005 (783059.000.000) 10/02 11:19:21 Job terminated.
	(1) Normal termination (return value 0)
		Usr 0 00:00:00, Sys 0 00:00:00  -  Run Remote Usage
		Usr 0 00:00:00, Sys 0 00:00:00  -  Run Local Usage
		Usr 0 00:00:00, Sys 0 00:00:00  -  Total Remote Usage
		Usr 0 00:00:00, Sys 0 00:00:00  -  Total Local Usage
	585710  -  Run Bytes Sent By Job
	62733  -  Run Bytes Received By Job
	585710  -  Total Bytes Sent By Job
	62733  -  Total Bytes Received By Job
	Partitionable Resources :    Usage  Request          
	   Cpus                 :                 1          
	   Disk (KB)            :      658      658          
	   Memory (MB)          :        0        0          
...
000 (783240.000.000) 10/02 16:13:30 Job submitted from host: <18.12.1.74:45913>
...
001 (783240.000.000) 10/02 16:14:16 Job executing on host: <18.12.8.101:40365>
...
006 (783240.000.000) 10/02 16:14:19 Image size of job updated: 2
	0  -  MemoryUsage of job (MB)
	0  -  ResidentSetSize of job (KB)
...
005 (783240.000.000) 10/02 16:14:19 Job terminated.
	(1) Normal termination (return value 0)
		Usr 0 00:00:00, Sys 0 00:00:00  -  Run Remote Usage
		Usr 0 00:00:00, Sys 0 00:00:00  -  Run Local Usage
		Usr 0 00:00:00, Sys 0 00:00:00  -  Total Remote Usage
		Usr 0 00:00:00, Sys 0 00:00:00  -  Total Local Usage
	585554  -  Run Bytes Sent By Job
	62733  -  Run Bytes Received By Job
	585554  -  Total Bytes Sent By Job
	62733  -  Total Bytes Received By Job
	Partitionable Resources :    Usage  Request          
	   Cpus                 :                 1          
	   Disk (KB)            :      658      658          
	   Memory (MB)          :        0        0          
...
000 (783421.000.000) 10/02 16:48:59 Job submitted from host: <18.12.1.74:45913>
...
001 (783421.000.000) 10/02 16:49:00 Job executing on host: <18.12.8.219:42409>
...
006 (783421.000.000) 10/02 16:49:01 Image size of job updated: 2
	0  -  MemoryUsage of job (MB)
	0  -  ResidentSetSize of job (KB)
...
005 (783421.000.000) 10/02 16:49:01 Job terminated.
	(1) Normal termination (return value 0)
		Usr 0 00:00:00, Sys 0 00:00:00  -  Run Remote Usage
		Usr 0 00:00:00, Sys 0 00:00:00  -  Run Local Usage
		Usr 0 00:00:00, Sys 0 00:00:00  -  Total Remote Usage
		Usr 0 00:00:00, Sys 0 00:00:00  -  Total Local Usage
	585492  -  Run Bytes Sent By Job
	62733  -  Run Bytes Received By Job
	585492  -  Total Bytes Sent By Job
	62733  -  Total Bytes Received By Job
	Partitionable Resources :    Usage  Request          
	   Cpus                 :                 1          
	   Disk (KB)            :      658      658          
	   Memory (MB)          :        0        0          
...
000 (783604.000.000) 10/05 09:25:52 Job submitted from host: <18.12.1.74:45913>
...
001 (783604.000.000) 10/05 09:26:14 Job executing on host: <18.12.8.208:49709>
...
006 (783604.000.000) 10/05 09:26:14 Image size of job updated: 2
	0  -  MemoryUsage of job (MB)
	0  -  ResidentSetSize of job (KB)
...
005 (783604.000.000) 10/05 09:26:16 Job terminated.
	(1) Normal termination (return value 0)
		Usr 0 00:00:00, Sys 0 00:00:00  -  Run Remote Usage
		Usr 0 00:00:00, Sys 0 00:00:00  -  Run Local Usage
		Usr 0 00:00:00, Sys 0 00:00:00  -  Total Remote Usage
		Usr 0 00:00:00, Sys 0 00:00:00  -  Total Local Usage
	585774  -  Run Bytes Sent By Job
	62732  -  Run Bytes Received By Job
	585774  -  Total Bytes Sent By Job
	62732  -  Total Bytes Received By Job
	Partitionable Resources :    Usage  Request          
	   Cpus                 :                 1          
	   Disk (KB)            :      659      659          
	   Memory (MB)          :        0        0          
...
000 (783785.000.000) 10/05 10:00:28 Job submitted from host: <18.12.1.74:45913>
...
001 (783785.000.000) 10/05 10:01:12 Job executing on host: <18.12.8.163:46424>
...
006 (783785.000.000) 10/05 10:01:21 Image size of job updated: 2
	3  -  MemoryUsage of job (MB)
	2364  -  ResidentSetSize of job (KB)
...
006 (783785.000.000) 10/05 10:01:42 Image size of job updated: 13384
	3  -  MemoryUsage of job (MB)
	2364  -  ResidentSetSize of job (KB)
...
005 (783785.000.000) 10/05 10:01:42 Job terminated.
	(1) Normal termination (return value 0)
		Usr 0 00:00:00, Sys 0 00:00:00  -  Run Remote Usage
		Usr 0 00:00:00, Sys 0 00:00:00  -  Run Local Usage
		Usr 0 00:00:00, Sys 0 00:00:00  -  Total Remote Usage
		Usr 0 00:00:00, Sys 0 00:00:00  -  Total Local Usage
	585536  -  Run Bytes Sent By Job
	62731  -  Run Bytes Received By Job
	585536  -  Total Bytes Sent By Job
	62731  -  Total Bytes Received By Job
	Partitionable Resources :    Usage  Request          
	   Cpus                 :                 1          
	   Disk (KB)            :      658      658          
	   Memory (MB)          :        3        3          
...
000 (783967.000.000) 10/05 12:25:34 Job submitted from host: <18.12.1.74:45913>
...
001 (783967.000.000) 10/05 12:25:36 Job executing on host: <18.12.9.45:43577>
...
006 (783967.000.000) 10/05 12:25:37 Image size of job updated: 2
	0  -  MemoryUsage of job (MB)
	0  -  ResidentSetSize of job (KB)
...
005 (783967.000.000) 10/05 12:25:37 Job terminated.
	(1) Normal termination (return value 0)
		Usr 0 00:00:00, Sys 0 00:00:00  -  Run Remote Usage
		Usr 0 00:00:00, Sys 0 00:00:00  -  Run Local Usage
		Usr 0 00:00:00, Sys 0 00:00:00  -  Total Remote Usage
		Usr 0 00:00:00, Sys 0 00:00:00  -  Total Local Usage
	586032  -  Run Bytes Sent By Job
	62732  -  Run Bytes Received By Job
	586032  -  Total Bytes Sent By Job
	62732  -  Total Bytes Received By Job
	Partitionable Resources :    Usage  Request          
	   Cpus                 :                 1          
	   Disk (KB)            :      659      659          
	   Memory (MB)          :        0        0          
...
000 (784148.000.000) 10/05 12:28:52 Job submitted from host: <18.12.1.74:45913>
...
001 (784148.000.000) 10/05 12:29:21 Job executing on host: <18.12.9.80:45183>
...
006 (784148.000.000) 10/05 12:29:31 Image size of job updated: 230512
	96  -  MemoryUsage of job (MB)
	98272  -  ResidentSetSize of job (KB)
...
005 (784148.000.000) 10/05 12:31:10 Job terminated.
	(1) Normal termination (return value 0)
		Usr 0 00:01:14, Sys 0 00:00:01  -  Run Remote Usage
		Usr 0 00:00:00, Sys 0 00:00:00  -  Run Local Usage
		Usr 0 00:01:14, Sys 0 00:00:01  -  Total Remote Usage
		Usr 0 00:00:00, Sys 0 00:00:00  -  Total Local Usage
	587051  -  Run Bytes Sent By Job
	62733  -  Run Bytes Received By Job
	587051  -  Total Bytes Sent By Job
	62733  -  Total Bytes Received By Job
	Partitionable Resources :    Usage  Request          
	   Cpus                 :                 1          
	   Disk (KB)            :      660      660          
	   Memory (MB)          :       96       96          
...
000 (786217.000.000) 10/05 14:34:49 Job submitted from host: <18.12.1.74:45913>
...
001 (786217.000.000) 10/05 14:36:03 Job executing on host: <18.12.8.98:46862>
...
006 (786217.000.000) 10/05 14:36:12 Image size of job updated: 1196
	1  -  MemoryUsage of job (MB)
	156  -  ResidentSetSize of job (KB)
...
006 (786217.000.000) 10/05 14:37:58 Image size of job updated: 230508
	1  -  MemoryUsage of job (MB)
	156  -  ResidentSetSize of job (KB)
...
005 (786217.000.000) 10/05 14:37:58 Job terminated.
	(1) Normal termination (return value 0)
		Usr 0 00:01:14, Sys 0 00:00:02  -  Run Remote Usage
		Usr 0 00:00:00, Sys 0 00:00:00  -  Run Local Usage
		Usr 0 00:01:14, Sys 0 00:00:02  -  Total Remote Usage
		Usr 0 00:00:00, Sys 0 00:00:00  -  Total Local Usage
	586115  -  Run Bytes Sent By Job
	62729  -  Run Bytes Received By Job
	586115  -  Total Bytes Sent By Job
	62729  -  Total Bytes Received By Job
	Partitionable Resources :    Usage  Request          
	   Cpus                 :                 1          
	   Disk (KB)            :      659      659          
	   Memory (MB)          :        1        1          
...
000 (788056.000.000) 10/08 16:10:28 Job submitted from host: <18.12.1.74:45913>
...
001 (788056.000.000) 10/08 16:24:33 Job executing on host: <18.12.8.173:43139>
...
006 (788056.000.000) 10/08 16:24:42 Image size of job updated: 2
	3  -  MemoryUsage of job (MB)
	2340  -  ResidentSetSize of job (KB)
...
006 (788056.000.000) 10/08 16:28:11 Image size of job updated: 230492
	3  -  MemoryUsage of job (MB)
	2340  -  ResidentSetSize of job (KB)
...
005 (788056.000.000) 10/08 16:28:11 Job terminated.
	(1) Normal termination (return value 0)
		Usr 0 00:01:20, Sys 0 00:00:01  -  Run Remote Usage
		Usr 0 00:00:00, Sys 0 00:00:00  -  Run Local Usage
		Usr 0 00:01:20, Sys 0 00:00:01  -  Total Remote Usage
		Usr 0 00:00:00, Sys 0 00:00:00  -  Total Local Usage
	585376  -  Run Bytes Sent By Job
	62697  -  Run Bytes Received By Job
	585376  -  Total Bytes Sent By Job
	62697  -  Total Bytes Received By Job
	Partitionable Resources :    Usage  Request          
	   Cpus                 :                 1          
	   Disk (KB)            :      658      658          
	   Memory (MB)          :        3        3          
...
000 (788419.000.000) 10/09 10:00:38 Job submitted from host: <18.12.1.74:45913>
...
001 (788419.000.000) 10/09 10:16:05 Job executing on host: <18.12.8.68:45329>
...
006 (788419.000.000) 10/09 10:16:14 Image size of job updated: 13384
	2  -  MemoryUsage of job (MB)
	1964  -  ResidentSetSize of job (KB)
...
006 (788419.000.000) 10/09 10:19:59 Image size of job updated: 230488
	2  -  MemoryUsage of job (MB)
	1964  -  ResidentSetSize of job (KB)
...
005 (788419.000.000) 10/09 10:19:59 Job terminated.
	(1) Normal termination (return value 0)
		Usr 0 00:01:38, Sys 0 00:00:02  -  Run Remote Usage
		Usr 0 00:00:00, Sys 0 00:00:00  -  Run Local Usage
		Usr 0 00:01:38, Sys 0 00:00:02  -  Total Remote Usage
		Usr 0 00:00:00, Sys 0 00:00:00  -  Total Local Usage
	585161  -  Run Bytes Sent By Job
	62694  -  Run Bytes Received By Job
	585161  -  Total Bytes Sent By Job
	62694  -  Total Bytes Received By Job
	Partitionable Resources :    Usage  Request          
	   Cpus                 :                 1          
	   Disk (KB)            :      658      658          
	   Memory (MB)          :        2        2          
...
000 (788966.000.000) 10/12 11:22:17 Job submitted from host: <18.12.1.74:45913>
...
001 (788966.000.000) 10/12 11:38:46 Job executing on host: <18.12.8.245:42920>
...
006 (788966.000.000) 10/12 11:38:54 Image size of job updated: 224400
	91  -  MemoryUsage of job (MB)
	92420  -  ResidentSetSize of job (KB)
...
006 (788966.000.000) 10/12 11:41:54 Image size of job updated: 230496
	91  -  MemoryUsage of job (MB)
	92420  -  ResidentSetSize of job (KB)
...
005 (788966.000.000) 10/12 11:41:54 Job terminated.
	(1) Normal termination (return value 0)
		Usr 0 00:01:51, Sys 0 00:00:02  -  Run Remote Usage
		Usr 0 00:00:00, Sys 0 00:00:00  -  Run Local Usage
		Usr 0 00:01:51, Sys 0 00:00:02  -  Total Remote Usage
		Usr 0 00:00:00, Sys 0 00:00:00  -  Total Local Usage
	585402  -  Run Bytes Sent By Job
	62702  -  Run Bytes Received By Job
	585402  -  Total Bytes Sent By Job
	62702  -  Total Bytes Received By Job
	Partitionable Resources :    Usage  Request          
	   Cpus                 :                 1          
	   Disk (KB)            :      658      658          
	   Memory (MB)          :       91       91          
...
