000 (552839.000.000) 08/10 16:18:54 Job submitted from host: <18.12.1.74:48322>
...
001 (552839.000.000) 08/10 16:19:23 Job executing on host: <18.12.9.1:47665>
...
006 (552839.000.000) 08/10 16:19:32 Image size of job updated: 237364
	100  -  MemoryUsage of job (MB)
	101748  -  ResidentSetSize of job (KB)
...
005 (552839.000.000) 08/10 16:19:33 Job terminated.
	(1) Normal termination (return value 0)
		Usr 0 00:00:00, Sys 0 00:00:00  -  Run Remote Usage
		Usr 0 00:00:00, Sys 0 00:00:00  -  Run Local Usage
		Usr 0 00:00:00, Sys 0 00:00:00  -  Total Remote Usage
		Usr 0 00:00:00, Sys 0 00:00:00  -  Total Local Usage
	585991  -  Run Bytes Sent By Job
	62719  -  Run Bytes Received By Job
	585991  -  Total Bytes Sent By Job
	62719  -  Total Bytes Received By Job
	Partitionable Resources :    Usage  Request          
	   Cpus                 :                 1          
	   Disk (KB)            :     1078     1078          
	   Memory (MB)          :      100      100          
...
000 (552960.000.000) 08/10 16:52:31 Job submitted from host: <18.12.1.74:48322>
...
001 (552960.000.000) 08/10 16:52:44 Job executing on host: <18.12.9.73:46643>
...
006 (552960.000.000) 08/10 16:52:49 Image size of job updated: 93600
	0  -  MemoryUsage of job (MB)
	0  -  ResidentSetSize of job (KB)
...
005 (552960.000.000) 08/10 16:52:49 Job terminated.
	(1) Normal termination (return value 0)
		Usr 0 00:00:00, Sys 0 00:00:00  -  Run Remote Usage
		Usr 0 00:00:00, Sys 0 00:00:00  -  Run Local Usage
		Usr 0 00:00:00, Sys 0 00:00:00  -  Total Remote Usage
		Usr 0 00:00:00, Sys 0 00:00:00  -  Total Local Usage
	586047  -  Run Bytes Sent By Job
	62719  -  Run Bytes Received By Job
	586047  -  Total Bytes Sent By Job
	62719  -  Total Bytes Received By Job
	Partitionable Resources :    Usage  Request          
	   Cpus                 :                 1          
	   Disk (KB)            :      659      659          
	   Memory (MB)          :        0        0          
...
