000 (556484.000.000) 08/12 14:11:01 Job submitted from host: <18.12.1.74:48322>
...
001 (556484.000.000) 08/12 14:51:55 Job executing on host: <18.12.9.80:43650>
...
006 (556484.000.000) 08/12 14:52:04 Image size of job updated: 93600
	3  -  MemoryUsage of job (MB)
	2424  -  ResidentSetSize of job (KB)
...
006 (556484.000.000) 08/12 14:57:05 Image size of job updated: 230264
	99  -  MemoryUsage of job (MB)
	101076  -  ResidentSetSize of job (KB)
...
006 (556484.000.000) 08/12 15:02:06 Image size of job updated: 230264
	101  -  MemoryUsage of job (MB)
	103012  -  ResidentSetSize of job (KB)
...
005 (556484.000.000) 08/12 15:07:04 Job terminated.
	(1) Normal termination (return value 0)
		Usr 0 00:01:12, Sys 0 00:00:03  -  Run Remote Usage
		Usr 0 00:00:00, Sys 0 00:00:00  -  Run Local Usage
		Usr 0 00:01:12, Sys 0 00:00:03  -  Total Remote Usage
		Usr 0 00:00:00, Sys 0 00:00:00  -  Total Local Usage
	586204  -  Run Bytes Sent By Job
	62715  -  Run Bytes Received By Job
	586204  -  Total Bytes Sent By Job
	62715  -  Total Bytes Received By Job
	Partitionable Resources :    Usage  Request          
	   Cpus                 :                 1          
	   Disk (KB)            :      659      659          
	   Memory (MB)          :      101      101          
...
000 (557744.000.000) 08/13 11:57:37 Job submitted from host: <18.12.1.74:48322>
...
001 (557744.000.000) 08/13 12:48:36 Job executing on host: <18.12.9.27:43942>
...
006 (557744.000.000) 08/13 12:48:45 Image size of job updated: 2
	3  -  MemoryUsage of job (MB)
	2360  -  ResidentSetSize of job (KB)
...
006 (557744.000.000) 08/13 12:53:46 Image size of job updated: 230296
	105  -  MemoryUsage of job (MB)
	106896  -  ResidentSetSize of job (KB)
...
005 (557744.000.000) 08/13 12:54:49 Job terminated.
	(1) Normal termination (return value 0)
		Usr 0 00:01:07, Sys 0 00:00:02  -  Run Remote Usage
		Usr 0 00:00:00, Sys 0 00:00:00  -  Run Local Usage
		Usr 0 00:01:07, Sys 0 00:00:02  -  Total Remote Usage
		Usr 0 00:00:00, Sys 0 00:00:00  -  Total Local Usage
	586486  -  Run Bytes Sent By Job
	62715  -  Run Bytes Received By Job
	586486  -  Total Bytes Sent By Job
	62715  -  Total Bytes Received By Job
	Partitionable Resources :    Usage  Request          
	   Cpus                 :                 1          
	   Disk (KB)            :      659      659          
	   Memory (MB)          :      105      105          
...
000 (558260.000.000) 08/13 14:31:19 Job submitted from host: <18.12.1.74:48322>
...
001 (558260.000.000) 08/13 15:14:11 Job executing on host: <18.12.8.218:43942>
...
006 (558260.000.000) 08/13 15:14:20 Image size of job updated: 187644
	71  -  MemoryUsage of job (MB)
	72588  -  ResidentSetSize of job (KB)
...
006 (558260.000.000) 08/13 15:16:20 Image size of job updated: 230272
	71  -  MemoryUsage of job (MB)
	72588  -  ResidentSetSize of job (KB)
...
005 (558260.000.000) 08/13 15:16:20 Job terminated.
	(1) Normal termination (return value 0)
		Usr 0 00:01:11, Sys 0 00:00:01  -  Run Remote Usage
		Usr 0 00:00:00, Sys 0 00:00:00  -  Run Local Usage
		Usr 0 00:01:11, Sys 0 00:00:01  -  Total Remote Usage
		Usr 0 00:00:00, Sys 0 00:00:00  -  Total Local Usage
	585936  -  Run Bytes Sent By Job
	62714  -  Run Bytes Received By Job
	585936  -  Total Bytes Sent By Job
	62714  -  Total Bytes Received By Job
	Partitionable Resources :    Usage  Request          
	   Cpus                 :                 1          
	   Disk (KB)            :      659      659          
	   Memory (MB)          :       71       71          
...
000 (565597.000.000) 08/20 13:00:49 Job submitted from host: <18.12.1.74:48322>
...
001 (565597.000.000) 08/20 13:01:19 Job executing on host: <18.12.8.241:40949>
...
006 (565597.000.000) 08/20 13:01:28 Image size of job updated: 224316
	89  -  MemoryUsage of job (MB)
	91064  -  ResidentSetSize of job (KB)
...
006 (565597.000.000) 08/20 13:04:26 Image size of job updated: 230268
	89  -  MemoryUsage of job (MB)
	91064  -  ResidentSetSize of job (KB)
...
005 (565597.000.000) 08/20 13:11:09 Job terminated.
	(1) Normal termination (return value 0)
		Usr 0 00:01:06, Sys 0 00:00:01  -  Run Remote Usage
		Usr 0 00:00:00, Sys 0 00:00:00  -  Run Local Usage
		Usr 0 00:01:06, Sys 0 00:00:01  -  Total Remote Usage
		Usr 0 00:00:00, Sys 0 00:00:00  -  Total Local Usage
	586062  -  Run Bytes Sent By Job
	62731  -  Run Bytes Received By Job
	586062  -  Total Bytes Sent By Job
	62731  -  Total Bytes Received By Job
	Partitionable Resources :    Usage  Request          
	   Cpus                 :                 1          
	   Disk (KB)            :      659      659          
	   Memory (MB)          :       89       89          
...
