000 (555999.000.000) 08/12 11:33:34 Job submitted from host: <18.12.1.74:48322>
...
001 (555999.000.000) 08/12 11:35:23 Job executing on host: <18.12.9.37:49636>
...
006 (555999.000.000) 08/12 11:35:32 Image size of job updated: 2
	3  -  MemoryUsage of job (MB)
	2348  -  ResidentSetSize of job (KB)
...
006 (555999.000.000) 08/12 11:40:33 Image size of job updated: 230260
	101  -  MemoryUsage of job (MB)
	103228  -  ResidentSetSize of job (KB)
...
006 (555999.000.000) 08/12 11:45:34 Image size of job updated: 230260
	104  -  MemoryUsage of job (MB)
	106312  -  ResidentSetSize of job (KB)
...
005 (555999.000.000) 08/12 11:48:38 Job terminated.
	(1) Normal termination (return value 0)
		Usr 0 00:01:01, Sys 0 00:00:02  -  Run Remote Usage
		Usr 0 00:00:00, Sys 0 00:00:00  -  Run Local Usage
		Usr 0 00:01:01, Sys 0 00:00:02  -  Total Remote Usage
		Usr 0 00:00:00, Sys 0 00:00:00  -  Total Local Usage
	586472  -  Run Bytes Sent By Job
	62715  -  Run Bytes Received By Job
	586472  -  Total Bytes Sent By Job
	62715  -  Total Bytes Received By Job
	Partitionable Resources :    Usage  Request          
	   Cpus                 :                 1          
	   Disk (KB)            :      659      659          
	   Memory (MB)          :      104      104          
...
000 (566368.000.000) 08/20 20:59:39 Job submitted from host: <18.12.1.74:48322>
...
001 (566368.000.000) 08/20 20:59:49 Job executing on host: <18.12.8.237:48468>
...
006 (566368.000.000) 08/20 20:59:58 Image size of job updated: 2
	3  -  MemoryUsage of job (MB)
	2340  -  ResidentSetSize of job (KB)
...
006 (566368.000.000) 08/20 21:01:40 Image size of job updated: 230260
	3  -  MemoryUsage of job (MB)
	2340  -  ResidentSetSize of job (KB)
...
022 (566368.000.000) 08/20 21:01:40 Job disconnected, attempting to reconnect
    Socket between submit and execute hosts closed unexpectedly
    Trying to reconnect to slot15@t2bat0237.cmsaf.mit.edu <18.12.8.237:48468>
...
023 (566368.000.000) 08/20 21:01:40 Job reconnected to slot15@t2bat0237.cmsaf.mit.edu
    startd address: <18.12.8.237:48468>
    starter address: <18.12.8.237:46789>
...
022 (566368.000.000) 08/20 21:01:41 Job disconnected, attempting to reconnect
    Socket between submit and execute hosts closed unexpectedly
    Trying to reconnect to slot15@t2bat0237.cmsaf.mit.edu <18.12.8.237:48468>
...
023 (566368.000.000) 08/20 21:01:41 Job reconnected to slot15@t2bat0237.cmsaf.mit.edu
    startd address: <18.12.8.237:48468>
    starter address: <18.12.8.237:46789>
...
005 (566368.000.000) 08/20 21:07:51 Job terminated.
	(1) Normal termination (return value 0)
		Usr 0 00:01:07, Sys 0 00:00:01  -  Run Remote Usage
		Usr 0 00:00:00, Sys 0 00:00:00  -  Run Local Usage
		Usr 0 00:01:07, Sys 0 00:00:01  -  Total Remote Usage
		Usr 0 00:00:00, Sys 0 00:00:00  -  Total Local Usage
	586047  -  Run Bytes Sent By Job
	62731  -  Run Bytes Received By Job
	586047  -  Total Bytes Sent By Job
	62731  -  Total Bytes Received By Job
	Partitionable Resources :    Usage  Request          
	   Cpus                 :                 1          
	   Disk (KB)            :      659      659          
	   Memory (MB)          :        3        3          
...
000 (782373.000.000) 10/01 13:04:19 Job submitted from host: <18.12.1.74:47665>
...
001 (782373.000.000) 10/01 13:05:57 Job executing on host: <18.12.8.116:45183>
...
006 (782373.000.000) 10/01 13:06:05 Image size of job updated: 69176
	13  -  MemoryUsage of job (MB)
	13312  -  ResidentSetSize of job (KB)
...
006 (782373.000.000) 10/01 13:08:37 Image size of job updated: 230260
	13  -  MemoryUsage of job (MB)
	13312  -  ResidentSetSize of job (KB)
...
005 (782373.000.000) 10/01 13:08:38 Job terminated.
	(1) Normal termination (return value 0)
		Usr 0 00:00:44, Sys 0 00:00:01  -  Run Remote Usage
		Usr 0 00:00:00, Sys 0 00:00:00  -  Run Local Usage
		Usr 0 00:00:44, Sys 0 00:00:01  -  Total Remote Usage
		Usr 0 00:00:00, Sys 0 00:00:00  -  Total Local Usage
	586045  -  Run Bytes Sent By Job
	62730  -  Run Bytes Received By Job
	586045  -  Total Bytes Sent By Job
	62730  -  Total Bytes Received By Job
	Partitionable Resources :    Usage  Request          
	   Cpus                 :                 1          
	   Disk (KB)            :      659      659          
	   Memory (MB)          :       13       13          
...
000 (782554.000.000) 10/01 14:30:10 Job submitted from host: <18.12.1.74:47665>
...
001 (782554.000.000) 10/01 14:31:35 Job executing on host: <18.12.6.45:48541>
...
006 (782554.000.000) 10/01 14:31:44 Image size of job updated: 187652
	71  -  MemoryUsage of job (MB)
	72596  -  ResidentSetSize of job (KB)
...
006 (782554.000.000) 10/01 14:33:19 Image size of job updated: 227360
	71  -  MemoryUsage of job (MB)
	72596  -  ResidentSetSize of job (KB)
...
005 (782554.000.000) 10/01 14:35:37 Job terminated.
	(1) Normal termination (return value 0)
		Usr 0 00:00:30, Sys 0 00:00:00  -  Run Remote Usage
		Usr 0 00:00:00, Sys 0 00:00:00  -  Run Local Usage
		Usr 0 00:00:30, Sys 0 00:00:00  -  Total Remote Usage
		Usr 0 00:00:00, Sys 0 00:00:00  -  Total Local Usage
	3016225  -  Run Bytes Sent By Job
	62736  -  Run Bytes Received By Job
	3016225  -  Total Bytes Sent By Job
	62736  -  Total Bytes Received By Job
	Partitionable Resources :    Usage  Request          
	   Cpus                 :                 1          
	   Disk (KB)            :     3032     3032          
	   Memory (MB)          :       71       71          
...
000 (788095.000.000) 10/09 09:23:33 Job submitted from host: <18.12.1.74:45913>
...
001 (788095.000.000) 10/09 09:25:19 Job executing on host: <18.12.6.65:44380>
...
006 (788095.000.000) 10/09 09:25:28 Image size of job updated: 230108
	95  -  MemoryUsage of job (MB)
	97020  -  ResidentSetSize of job (KB)
...
006 (788095.000.000) 10/09 09:27:10 Image size of job updated: 230240
	95  -  MemoryUsage of job (MB)
	97020  -  ResidentSetSize of job (KB)
...
005 (788095.000.000) 10/09 09:27:10 Job terminated.
	(1) Normal termination (return value 0)
		Usr 0 00:01:15, Sys 0 00:00:01  -  Run Remote Usage
		Usr 0 00:00:00, Sys 0 00:00:00  -  Run Local Usage
		Usr 0 00:01:15, Sys 0 00:00:01  -  Total Remote Usage
		Usr 0 00:00:00, Sys 0 00:00:00  -  Total Local Usage
	585478  -  Run Bytes Sent By Job
	62698  -  Run Bytes Received By Job
	585478  -  Total Bytes Sent By Job
	62698  -  Total Bytes Received By Job
	Partitionable Resources :    Usage  Request          
	   Cpus                 :                 1          
	   Disk (KB)            :      658      658          
	   Memory (MB)          :       95       95          
...
000 (788460.000.000) 10/12 09:47:54 Job submitted from host: <18.12.1.74:45913>
...
001 (788460.000.000) 10/12 09:53:21 Job executing on host: <18.12.8.110:42774>
...
006 (788460.000.000) 10/12 09:53:29 Image size of job updated: 2
	3  -  MemoryUsage of job (MB)
	2348  -  ResidentSetSize of job (KB)
...
006 (788460.000.000) 10/12 09:54:51 Image size of job updated: 230248
	3  -  MemoryUsage of job (MB)
	2348  -  ResidentSetSize of job (KB)
...
005 (788460.000.000) 10/12 09:54:51 Job terminated.
	(1) Normal termination (return value 0)
		Usr 0 00:00:47, Sys 0 00:00:01  -  Run Remote Usage
		Usr 0 00:00:00, Sys 0 00:00:00  -  Run Local Usage
		Usr 0 00:00:47, Sys 0 00:00:01  -  Total Remote Usage
		Usr 0 00:00:00, Sys 0 00:00:00  -  Total Local Usage
	585086  -  Run Bytes Sent By Job
	62703  -  Run Bytes Received By Job
	585086  -  Total Bytes Sent By Job
	62703  -  Total Bytes Received By Job
	Partitionable Resources :    Usage  Request          
	   Cpus                 :                 1          
	   Disk (KB)            :      658      658          
	   Memory (MB)          :        3        3          
...
