000 (554254.000.000) 08/11 09:09:07 Job submitted from host: <18.12.1.74:48322>
...
001 (554254.000.000) 08/11 09:09:22 Job executing on host: <18.12.8.171:40365>
...
006 (554254.000.000) 08/11 09:09:30 Image size of job updated: 230688
	100  -  MemoryUsage of job (MB)
	102332  -  ResidentSetSize of job (KB)
...
005 (554254.000.000) 08/11 09:12:00 Job terminated.
	(1) Normal termination (return value 0)
		Usr 0 00:01:30, Sys 0 00:00:00  -  Run Remote Usage
		Usr 0 00:00:00, Sys 0 00:00:00  -  Run Local Usage
		Usr 0 00:01:30, Sys 0 00:00:00  -  Total Remote Usage
		Usr 0 00:00:00, Sys 0 00:00:00  -  Total Local Usage
	586043  -  Run Bytes Sent By Job
	62717  -  Run Bytes Received By Job
	586043  -  Total Bytes Sent By Job
	62717  -  Total Bytes Received By Job
	Partitionable Resources :    Usage  Request          
	   Cpus                 :                 1          
	   Disk (KB)            :      659      659          
	   Memory (MB)          :      100      100          
...
000 (557969.000.000) 08/13 13:34:20 Job submitted from host: <18.12.1.74:48322>
...
001 (557969.000.000) 08/13 13:51:55 Job executing on host: <18.12.9.65:41971>
...
006 (557969.000.000) 08/13 13:52:03 Image size of job updated: 2
	3  -  MemoryUsage of job (MB)
	2348  -  ResidentSetSize of job (KB)
...
006 (557969.000.000) 08/13 13:56:15 Image size of job updated: 230696
	3  -  MemoryUsage of job (MB)
	2348  -  ResidentSetSize of job (KB)
...
005 (557969.000.000) 08/13 13:56:16 Job terminated.
	(1) Normal termination (return value 0)
		Usr 0 00:01:54, Sys 0 00:00:03  -  Run Remote Usage
		Usr 0 00:00:00, Sys 0 00:00:00  -  Run Local Usage
		Usr 0 00:01:54, Sys 0 00:00:03  -  Total Remote Usage
		Usr 0 00:00:00, Sys 0 00:00:00  -  Total Local Usage
	586118  -  Run Bytes Sent By Job
	62720  -  Run Bytes Received By Job
	586118  -  Total Bytes Sent By Job
	62720  -  Total Bytes Received By Job
	Partitionable Resources :    Usage  Request          
	   Cpus                 :                 1          
	   Disk (KB)            :      659      659          
	   Memory (MB)          :        3        3          
...
000 (566260.000.000) 08/20 20:23:54 Job submitted from host: <18.12.1.74:48322>
...
001 (566260.000.000) 08/20 20:24:28 Job executing on host: <18.12.9.44:45183>
...
006 (566260.000.000) 08/20 20:24:37 Image size of job updated: 93588
	3  -  MemoryUsage of job (MB)
	2428  -  ResidentSetSize of job (KB)
...
006 (566260.000.000) 08/20 20:29:38 Image size of job updated: 230696
	101  -  MemoryUsage of job (MB)
	102784  -  ResidentSetSize of job (KB)
...
005 (566260.000.000) 08/20 20:39:35 Job terminated.
	(1) Normal termination (return value 0)
		Usr 0 00:01:59, Sys 0 00:00:04  -  Run Remote Usage
		Usr 0 00:00:00, Sys 0 00:00:00  -  Run Local Usage
		Usr 0 00:01:59, Sys 0 00:00:04  -  Total Remote Usage
		Usr 0 00:00:00, Sys 0 00:00:00  -  Total Local Usage
	586667  -  Run Bytes Sent By Job
	62732  -  Run Bytes Received By Job
	586667  -  Total Bytes Sent By Job
	62732  -  Total Bytes Received By Job
	Partitionable Resources :    Usage  Request          
	   Cpus                 :                 1          
	   Disk (KB)            :      659      659          
	   Memory (MB)          :      101      101          
...
000 (782808.000.000) 10/01 15:57:11 Job submitted from host: <18.12.1.74:47665>
...
007 (782808.000.000) 10/01 16:00:37 Shadow exception!
	Error from slot13@t2bat0189.cmsaf.mit.edu: Failed to transfer files
	0  -  Run Bytes Sent By Job
	0  -  Run Bytes Received By Job
...
001 (782808.000.000) 10/01 16:00:50 Job executing on host: <18.12.8.192:49344>
...
006 (782808.000.000) 10/01 16:00:59 Image size of job updated: 93580
	2  -  MemoryUsage of job (MB)
	1984  -  ResidentSetSize of job (KB)
...
006 (782808.000.000) 10/01 16:06:00 Image size of job updated: 230688
	94  -  MemoryUsage of job (MB)
	96016  -  ResidentSetSize of job (KB)
...
006 (782808.000.000) 10/01 16:11:00 Image size of job updated: 230688
	103  -  MemoryUsage of job (MB)
	104624  -  ResidentSetSize of job (KB)
...
022 (782808.000.000) 10/01 16:17:13 Job disconnected, attempting to reconnect
    Socket between submit and execute hosts closed unexpectedly
    Trying to reconnect to slot12@t2bat0192.cmsaf.mit.edu <18.12.8.192:49344>
...
023 (782808.000.000) 10/01 16:17:13 Job reconnected to slot12@t2bat0192.cmsaf.mit.edu
    startd address: <18.12.8.192:49344>
    starter address: <18.12.8.192:49928>
...
022 (782808.000.000) 10/01 16:17:13 Job disconnected, attempting to reconnect
    Socket between submit and execute hosts closed unexpectedly
    Trying to reconnect to slot12@t2bat0192.cmsaf.mit.edu <18.12.8.192:49344>
...
023 (782808.000.000) 10/01 16:17:13 Job reconnected to slot12@t2bat0192.cmsaf.mit.edu
    startd address: <18.12.8.192:49344>
    starter address: <18.12.8.192:49928>
...
022 (782808.000.000) 10/01 16:17:13 Job disconnected, attempting to reconnect
    Socket between submit and execute hosts closed unexpectedly
    Trying to reconnect to slot12@t2bat0192.cmsaf.mit.edu <18.12.8.192:49344>
...
023 (782808.000.000) 10/01 16:17:13 Job reconnected to slot12@t2bat0192.cmsaf.mit.edu
    startd address: <18.12.8.192:49344>
    starter address: <18.12.8.192:49928>
...
022 (782808.000.000) 10/01 16:30:14 Job disconnected, attempting to reconnect
    Local schedd and job shadow died, schedd now running again
    Trying to reconnect to slot12@t2bat0192.cmsaf.mit.edu <18.12.8.192:49344>
...
024 (782808.000.000) 10/01 16:30:59 Job reconnection failed
    Job disconnected too long: JobLeaseDuration (1200 seconds) expired
    Can not reconnect to slot12@t2bat0192.cmsaf.mit.edu, rescheduling job
...
001 (782808.000.000) 10/01 16:34:55 Job executing on host: <18.12.8.42:45548>
...
006 (782808.000.000) 10/01 16:35:03 Image size of job updated: 187716
	71  -  MemoryUsage of job (MB)
	72556  -  ResidentSetSize of job (KB)
...
006 (782808.000.000) 10/01 16:40:03 Image size of job updated: 230692
	88  -  MemoryUsage of job (MB)
	89408  -  ResidentSetSize of job (KB)
...
006 (782808.000.000) 10/01 16:45:04 Image size of job updated: 230692
	101  -  MemoryUsage of job (MB)
	102748  -  ResidentSetSize of job (KB)
...
005 (782808.000.000) 10/01 16:49:08 Job terminated.
	(1) Normal termination (return value 0)
		Usr 0 00:02:51, Sys 0 00:00:06  -  Run Remote Usage
		Usr 0 00:00:00, Sys 0 00:00:00  -  Run Local Usage
		Usr 0 00:02:51, Sys 0 00:00:06  -  Total Remote Usage
		Usr 0 00:00:00, Sys 0 00:00:00  -  Total Local Usage
	586331  -  Run Bytes Sent By Job
	62734  -  Run Bytes Received By Job
	586331  -  Total Bytes Sent By Job
	62734  -  Total Bytes Received By Job
	Partitionable Resources :    Usage  Request          
	   Cpus                 :                 1          
	   Disk (KB)            :      659      659          
	   Memory (MB)          :      101      101          
...
000 (785966.000.000) 10/05 14:19:04 Job submitted from host: <18.12.1.74:45913>
...
001 (785966.000.000) 10/05 14:19:51 Job executing on host: <18.12.8.196:42117>
...
006 (785966.000.000) 10/05 14:20:00 Image size of job updated: 97784
	3  -  MemoryUsage of job (MB)
	2436  -  ResidentSetSize of job (KB)
...
006 (785966.000.000) 10/05 14:22:32 Image size of job updated: 230692
	3  -  MemoryUsage of job (MB)
	2436  -  ResidentSetSize of job (KB)
...
005 (785966.000.000) 10/05 14:22:32 Job terminated.
	(1) Normal termination (return value 0)
		Usr 0 00:02:00, Sys 0 00:00:01  -  Run Remote Usage
		Usr 0 00:00:00, Sys 0 00:00:00  -  Run Local Usage
		Usr 0 00:02:00, Sys 0 00:00:01  -  Total Remote Usage
		Usr 0 00:00:00, Sys 0 00:00:00  -  Total Local Usage
	586551  -  Run Bytes Sent By Job
	62732  -  Run Bytes Received By Job
	586551  -  Total Bytes Sent By Job
	62732  -  Total Bytes Received By Job
	Partitionable Resources :    Usage  Request          
	   Cpus                 :                 1          
	   Disk (KB)            :      659      659          
	   Memory (MB)          :        3        3          
...
000 (786332.000.000) 10/07 09:51:20 Job submitted from host: <18.12.1.74:45913>
...
001 (786332.000.000) 10/07 09:52:10 Job executing on host: <18.12.8.234:47446>
...
006 (786332.000.000) 10/07 09:52:24 Image size of job updated: 187660
	71  -  MemoryUsage of job (MB)
	72544  -  ResidentSetSize of job (KB)
...
006 (786332.000.000) 10/07 09:55:51 Image size of job updated: 230684
	71  -  MemoryUsage of job (MB)
	72544  -  ResidentSetSize of job (KB)
...
005 (786332.000.000) 10/07 09:55:51 Job terminated.
	(1) Normal termination (return value 0)
		Usr 0 00:02:07, Sys 0 00:00:03  -  Run Remote Usage
		Usr 0 00:00:00, Sys 0 00:00:00  -  Run Local Usage
		Usr 0 00:02:07, Sys 0 00:00:03  -  Total Remote Usage
		Usr 0 00:00:00, Sys 0 00:00:00  -  Total Local Usage
	586344  -  Run Bytes Sent By Job
	62734  -  Run Bytes Received By Job
	586344  -  Total Bytes Sent By Job
	62734  -  Total Bytes Received By Job
	Partitionable Resources :    Usage  Request          
	   Cpus                 :                 1          
	   Disk (KB)            :      659      659          
	   Memory (MB)          :       71       71          
...
000 (786513.000.000) 10/07 11:12:52 Job submitted from host: <18.12.1.74:45913>
...
001 (786513.000.000) 10/07 11:20:33 Job executing on host: <18.12.8.240:47081>
...
006 (786513.000.000) 10/07 11:20:42 Image size of job updated: 69172
	13  -  MemoryUsage of job (MB)
	13308  -  ResidentSetSize of job (KB)
...
006 (786513.000.000) 10/07 11:23:22 Image size of job updated: 230668
	13  -  MemoryUsage of job (MB)
	13308  -  ResidentSetSize of job (KB)
...
005 (786513.000.000) 10/07 11:23:22 Job terminated.
	(1) Normal termination (return value 0)
		Usr 0 00:01:57, Sys 0 00:00:01  -  Run Remote Usage
		Usr 0 00:00:00, Sys 0 00:00:00  -  Run Local Usage
		Usr 0 00:01:57, Sys 0 00:00:01  -  Total Remote Usage
		Usr 0 00:00:00, Sys 0 00:00:00  -  Total Local Usage
	585443  -  Run Bytes Sent By Job
	62746  -  Run Bytes Received By Job
	585443  -  Total Bytes Sent By Job
	62746  -  Total Bytes Received By Job
	Partitionable Resources :    Usage  Request          
	   Cpus                 :                 1          
	   Disk (KB)            :      658      658          
	   Memory (MB)          :       13       13          
...
000 (787440.000.000) 10/08 12:42:38 Job submitted from host: <18.12.1.74:45913>
...
001 (787440.000.000) 10/08 12:46:06 Job executing on host: <18.12.8.66:49052>
...
006 (787440.000.000) 10/08 12:46:15 Image size of job updated: 224844
	91  -  MemoryUsage of job (MB)
	92892  -  ResidentSetSize of job (KB)
...
006 (787440.000.000) 10/08 12:48:42 Image size of job updated: 230668
	91  -  MemoryUsage of job (MB)
	92892  -  ResidentSetSize of job (KB)
...
005 (787440.000.000) 10/08 12:48:42 Job terminated.
	(1) Normal termination (return value 0)
		Usr 0 00:01:43, Sys 0 00:00:02  -  Run Remote Usage
		Usr 0 00:00:00, Sys 0 00:00:00  -  Run Local Usage
		Usr 0 00:01:43, Sys 0 00:00:02  -  Total Remote Usage
		Usr 0 00:00:00, Sys 0 00:00:00  -  Total Local Usage
	585229  -  Run Bytes Sent By Job
	62749  -  Run Bytes Received By Job
	585229  -  Total Bytes Sent By Job
	62749  -  Total Bytes Received By Job
	Partitionable Resources :    Usage  Request          
	   Cpus                 :                 1          
	   Disk (KB)            :      658      658          
	   Memory (MB)          :       91       91          
...
000 (787622.000.000) 10/08 14:27:10 Job submitted from host: <18.12.1.74:45913>
...
001 (787622.000.000) 10/08 14:33:12 Job executing on host: <18.12.12.67:45621>
...
006 (787622.000.000) 10/08 14:33:21 Image size of job updated: 68648
	16  -  MemoryUsage of job (MB)
	15416  -  ResidentSetSize of job (KB)
...
006 (787622.000.000) 10/08 14:36:45 Image size of job updated: 230676
	16  -  MemoryUsage of job (MB)
	15416  -  ResidentSetSize of job (KB)
...
005 (787622.000.000) 10/08 14:36:46 Job terminated.
	(1) Normal termination (return value 0)
		Usr 0 00:02:16, Sys 0 00:00:03  -  Run Remote Usage
		Usr 0 00:00:00, Sys 0 00:00:00  -  Run Local Usage
		Usr 0 00:02:16, Sys 0 00:00:03  -  Total Remote Usage
		Usr 0 00:00:00, Sys 0 00:00:00  -  Total Local Usage
	585218  -  Run Bytes Sent By Job
	62691  -  Run Bytes Received By Job
	585218  -  Total Bytes Sent By Job
	62691  -  Total Bytes Received By Job
	Partitionable Resources :    Usage  Request          
	   Cpus                 :                 1          
	   Disk (KB)            :      658      658          
	   Memory (MB)          :       16       16          
...
000 (787805.000.000) 10/08 15:16:30 Job submitted from host: <18.12.1.74:45913>
...
001 (787805.000.000) 10/08 15:21:12 Job executing on host: <18.12.6.18:48541>
...
006 (787805.000.000) 10/08 15:21:21 Image size of job updated: 225664
	92  -  MemoryUsage of job (MB)
	93644  -  ResidentSetSize of job (KB)
...
006 (787805.000.000) 10/08 15:24:07 Image size of job updated: 230672
	92  -  MemoryUsage of job (MB)
	93644  -  ResidentSetSize of job (KB)
...
005 (787805.000.000) 10/08 15:24:07 Job terminated.
	(1) Normal termination (return value 0)
		Usr 0 00:02:09, Sys 0 00:00:01  -  Run Remote Usage
		Usr 0 00:00:00, Sys 0 00:00:00  -  Run Local Usage
		Usr 0 00:02:09, Sys 0 00:00:01  -  Total Remote Usage
		Usr 0 00:00:00, Sys 0 00:00:00  -  Total Local Usage
	585431  -  Run Bytes Sent By Job
	62696  -  Run Bytes Received By Job
	585431  -  Total Bytes Sent By Job
	62696  -  Total Bytes Received By Job
	Partitionable Resources :    Usage  Request          
	   Cpus                 :                 1          
	   Disk (KB)            :      658      658          
	   Memory (MB)          :       92       92          
...
000 (788715.000.000) 10/12 10:42:33 Job submitted from host: <18.12.1.74:45913>
...
001 (788715.000.000) 10/12 10:47:13 Job executing on host: <18.12.8.149:41898>
...
006 (788715.000.000) 10/12 10:47:22 Image size of job updated: 2
	2  -  MemoryUsage of job (MB)
	1720  -  ResidentSetSize of job (KB)
...
006 (788715.000.000) 10/12 10:52:23 Image size of job updated: 230716
	114  -  MemoryUsage of job (MB)
	115896  -  ResidentSetSize of job (KB)
...
005 (788715.000.000) 10/12 10:52:33 Job terminated.
	(1) Normal termination (return value 0)
		Usr 0 00:01:49, Sys 0 00:00:01  -  Run Remote Usage
		Usr 0 00:00:00, Sys 0 00:00:00  -  Run Local Usage
		Usr 0 00:01:49, Sys 0 00:00:01  -  Total Remote Usage
		Usr 0 00:00:00, Sys 0 00:00:00  -  Total Local Usage
	585269  -  Run Bytes Sent By Job
	62704  -  Run Bytes Received By Job
	585269  -  Total Bytes Sent By Job
	62704  -  Total Bytes Received By Job
	Partitionable Resources :    Usage  Request          
	   Cpus                 :                 1          
	   Disk (KB)            :      657      657          
	   Memory (MB)          :      114      114          
...
