000 (556363.000.000) 08/12 14:10:49 Job submitted from host: <18.12.1.74:48322>
...
001 (556363.000.000) 08/12 14:27:42 Job executing on host: <18.12.12.10:42701>
...
006 (556363.000.000) 08/12 14:27:51 Image size of job updated: 2
	3  -  MemoryUsage of job (MB)
	2344  -  ResidentSetSize of job (KB)
...
006 (556363.000.000) 08/12 14:32:52 Image size of job updated: 230220
	92  -  MemoryUsage of job (MB)
	93356  -  ResidentSetSize of job (KB)
...
006 (556363.000.000) 08/12 14:37:52 Image size of job updated: 230220
	92  -  MemoryUsage of job (MB)
	93364  -  ResidentSetSize of job (KB)
...
006 (556363.000.000) 08/12 14:52:54 Image size of job updated: 230352
	95  -  MemoryUsage of job (MB)
	97072  -  ResidentSetSize of job (KB)
...
005 (556363.000.000) 08/12 14:57:27 Job terminated.
	(1) Normal termination (return value 0)
		Usr 0 00:01:03, Sys 0 00:00:01  -  Run Remote Usage
		Usr 0 00:00:00, Sys 0 00:00:00  -  Run Local Usage
		Usr 0 00:01:03, Sys 0 00:00:01  -  Total Remote Usage
		Usr 0 00:00:00, Sys 0 00:00:00  -  Total Local Usage
	586137  -  Run Bytes Sent By Job
	62715  -  Run Bytes Received By Job
	586137  -  Total Bytes Sent By Job
	62715  -  Total Bytes Received By Job
	Partitionable Resources :    Usage  Request          
	   Cpus                 :                 1          
	   Disk (KB)            :      659      659          
	   Memory (MB)          :       95       95          
...
000 (557623.000.000) 08/13 11:57:24 Job submitted from host: <18.12.1.74:48322>
...
001 (557623.000.000) 08/13 12:20:29 Job executing on host: <18.12.9.80:43650>
...
006 (557623.000.000) 08/13 12:20:37 Image size of job updated: 93604
	3  -  MemoryUsage of job (MB)
	2424  -  ResidentSetSize of job (KB)
...
006 (557623.000.000) 08/13 12:23:13 Image size of job updated: 230352
	3  -  MemoryUsage of job (MB)
	2424  -  ResidentSetSize of job (KB)
...
005 (557623.000.000) 08/13 12:23:13 Job terminated.
	(1) Normal termination (return value 0)
		Usr 0 00:00:52, Sys 0 00:00:01  -  Run Remote Usage
		Usr 0 00:00:00, Sys 0 00:00:00  -  Run Local Usage
		Usr 0 00:00:52, Sys 0 00:00:01  -  Total Remote Usage
		Usr 0 00:00:00, Sys 0 00:00:00  -  Total Local Usage
	586193  -  Run Bytes Sent By Job
	62715  -  Run Bytes Received By Job
	586193  -  Total Bytes Sent By Job
	62715  -  Total Bytes Received By Job
	Partitionable Resources :    Usage  Request          
	   Cpus                 :                 1          
	   Disk (KB)            :      659      659          
	   Memory (MB)          :        3        3          
...
000 (558139.000.000) 08/13 14:31:08 Job submitted from host: <18.12.1.74:48322>
...
001 (558139.000.000) 08/13 14:53:45 Job executing on host: <18.12.9.57:41971>
...
006 (558139.000.000) 08/13 14:53:54 Image size of job updated: 229936
	96  -  MemoryUsage of job (MB)
	98072  -  ResidentSetSize of job (KB)
...
006 (558139.000.000) 08/13 14:58:55 Image size of job updated: 230224
	109  -  MemoryUsage of job (MB)
	111440  -  ResidentSetSize of job (KB)
...
006 (558139.000.000) 08/13 15:02:10 Image size of job updated: 238040
	109  -  MemoryUsage of job (MB)
	111440  -  ResidentSetSize of job (KB)
...
005 (558139.000.000) 08/13 15:02:10 Job terminated.
	(1) Normal termination (return value 0)
		Usr 0 00:01:02, Sys 0 00:00:01  -  Run Remote Usage
		Usr 0 00:00:00, Sys 0 00:00:00  -  Run Local Usage
		Usr 0 00:01:02, Sys 0 00:00:01  -  Total Remote Usage
		Usr 0 00:00:00, Sys 0 00:00:00  -  Total Local Usage
	585866  -  Run Bytes Sent By Job
	62714  -  Run Bytes Received By Job
	585866  -  Total Bytes Sent By Job
	62714  -  Total Bytes Received By Job
	Partitionable Resources :    Usage  Request          
	   Cpus                 :                 1          
	   Disk (KB)            :      658      658          
	   Memory (MB)          :      109      109          
...
000 (565476.000.000) 08/20 12:44:27 Job submitted from host: <18.12.1.74:48322>
...
001 (565476.000.000) 08/20 12:46:38 Job executing on host: <18.12.9.72:40730>
...
006 (565476.000.000) 08/20 12:46:47 Image size of job updated: 145524
	33  -  MemoryUsage of job (MB)
	33548  -  ResidentSetSize of job (KB)
...
006 (565476.000.000) 08/20 12:51:47 Image size of job updated: 230224
	95  -  MemoryUsage of job (MB)
	96532  -  ResidentSetSize of job (KB)
...
006 (565476.000.000) 08/20 12:55:52 Image size of job updated: 230356
	95  -  MemoryUsage of job (MB)
	96532  -  ResidentSetSize of job (KB)
...
005 (565476.000.000) 08/20 13:04:06 Job terminated.
	(1) Normal termination (return value 0)
		Usr 0 00:00:49, Sys 0 00:00:00  -  Run Remote Usage
		Usr 0 00:00:00, Sys 0 00:00:00  -  Run Local Usage
		Usr 0 00:00:49, Sys 0 00:00:00  -  Total Remote Usage
		Usr 0 00:00:00, Sys 0 00:00:00  -  Total Local Usage
	586102  -  Run Bytes Sent By Job
	62731  -  Run Bytes Received By Job
	586102  -  Total Bytes Sent By Job
	62731  -  Total Bytes Received By Job
	Partitionable Resources :    Usage  Request          
	   Cpus                 :                 1          
	   Disk (KB)            :      659      659          
	   Memory (MB)          :       95       95          
...
