000 (556118.000.000) 08/12 11:33:46 Job submitted from host: <18.12.1.74:48322>
...
001 (556118.000.000) 08/12 12:00:14 Job executing on host: <18.12.6.57:46935>
...
006 (556118.000.000) 08/12 12:00:23 Image size of job updated: 229940
	95  -  MemoryUsage of job (MB)
	97232  -  ResidentSetSize of job (KB)
...
006 (556118.000.000) 08/12 12:02:36 Image size of job updated: 230204
	95  -  MemoryUsage of job (MB)
	97232  -  ResidentSetSize of job (KB)
...
005 (556118.000.000) 08/12 12:02:37 Job terminated.
	(1) Normal termination (return value 0)
		Usr 0 00:00:38, Sys 0 00:00:00  -  Run Remote Usage
		Usr 0 00:00:00, Sys 0 00:00:00  -  Run Local Usage
		Usr 0 00:00:38, Sys 0 00:00:00  -  Total Remote Usage
		Usr 0 00:00:00, Sys 0 00:00:00  -  Total Local Usage
	585985  -  Run Bytes Sent By Job
	62715  -  Run Bytes Received By Job
	585985  -  Total Bytes Sent By Job
	62715  -  Total Bytes Received By Job
	Partitionable Resources :    Usage  Request          
	   Cpus                 :                 1          
	   Disk (KB)            :      659      659          
	   Memory (MB)          :       95       95          
...
000 (566487.000.000) 08/20 21:07:15 Job submitted from host: <18.12.1.74:48322>
...
001 (566487.000.000) 08/20 21:08:03 Job executing on host: <18.12.8.1:47300>
...
006 (566487.000.000) 08/20 21:08:12 Image size of job updated: 229936
	93  -  MemoryUsage of job (MB)
	94820  -  ResidentSetSize of job (KB)
...
006 (566487.000.000) 08/20 21:09:25 Image size of job updated: 230200
	93  -  MemoryUsage of job (MB)
	94820  -  ResidentSetSize of job (KB)
...
005 (566487.000.000) 08/20 21:15:35 Job terminated.
	(1) Normal termination (return value 0)
		Usr 0 00:00:36, Sys 0 00:00:00  -  Run Remote Usage
		Usr 0 00:00:00, Sys 0 00:00:00  -  Run Local Usage
		Usr 0 00:00:36, Sys 0 00:00:00  -  Total Remote Usage
		Usr 0 00:00:00, Sys 0 00:00:00  -  Total Local Usage
	585999  -  Run Bytes Sent By Job
	62731  -  Run Bytes Received By Job
	585999  -  Total Bytes Sent By Job
	62731  -  Total Bytes Received By Job
	Partitionable Resources :    Usage  Request          
	   Cpus                 :                 1          
	   Disk (KB)            :      659      659          
	   Memory (MB)          :       93       93          
...
000 (782492.000.000) 10/01 13:04:33 Job submitted from host: <18.12.1.74:47665>
...
001 (782492.000.000) 10/01 13:15:14 Job executing on host: <18.12.8.14:40730>
...
006 (782492.000.000) 10/01 13:15:22 Image size of job updated: 67592
	12  -  MemoryUsage of job (MB)
	11396  -  ResidentSetSize of job (KB)
...
006 (782492.000.000) 10/01 13:20:22 Image size of job updated: 230196
	102  -  MemoryUsage of job (MB)
	104196  -  ResidentSetSize of job (KB)
...
005 (782492.000.000) 10/01 13:21:35 Job terminated.
	(1) Normal termination (return value 0)
		Usr 0 00:00:46, Sys 0 00:00:01  -  Run Remote Usage
		Usr 0 00:00:00, Sys 0 00:00:00  -  Run Local Usage
		Usr 0 00:00:46, Sys 0 00:00:01  -  Total Remote Usage
		Usr 0 00:00:00, Sys 0 00:00:00  -  Total Local Usage
	586335  -  Run Bytes Sent By Job
	62730  -  Run Bytes Received By Job
	586335  -  Total Bytes Sent By Job
	62730  -  Total Bytes Received By Job
	Partitionable Resources :    Usage  Request          
	   Cpus                 :                 1          
	   Disk (KB)            :      659      659          
	   Memory (MB)          :      102      102          
...
000 (782673.000.000) 10/01 14:31:56 Job submitted from host: <18.12.1.74:47665>
...
001 (782673.000.000) 10/01 14:33:25 Job executing on host: <18.12.8.162:48906>
...
006 (782673.000.000) 10/01 14:33:35 Image size of job updated: 2
	3  -  MemoryUsage of job (MB)
	2352  -  ResidentSetSize of job (KB)
...
006 (782673.000.000) 10/01 14:36:53 Image size of job updated: 227244
	3  -  MemoryUsage of job (MB)
	2352  -  ResidentSetSize of job (KB)
...
005 (782673.000.000) 10/01 14:40:03 Job terminated.
	(1) Normal termination (return value 0)
		Usr 0 00:00:18, Sys 0 00:00:00  -  Run Remote Usage
		Usr 0 00:00:00, Sys 0 00:00:00  -  Run Local Usage
		Usr 0 00:00:18, Sys 0 00:00:00  -  Total Remote Usage
		Usr 0 00:00:00, Sys 0 00:00:00  -  Total Local Usage
	2377827  -  Run Bytes Sent By Job
	62736  -  Run Bytes Received By Job
	2377827  -  Total Bytes Sent By Job
	62736  -  Total Bytes Received By Job
	Partitionable Resources :    Usage  Request          
	   Cpus                 :                 1          
	   Disk (KB)            :     2408     2408          
	   Memory (MB)          :        3        3          
...
000 (788214.000.000) 10/09 09:23:45 Job submitted from host: <18.12.1.74:45913>
...
001 (788214.000.000) 10/09 09:24:13 Job executing on host: <18.12.8.191:46716>
...
006 (788214.000.000) 10/09 09:24:22 Image size of job updated: 93584
	2  -  MemoryUsage of job (MB)
	1984  -  ResidentSetSize of job (KB)
...
006 (788214.000.000) 10/09 09:25:36 Image size of job updated: 230180
	2  -  MemoryUsage of job (MB)
	1984  -  ResidentSetSize of job (KB)
...
005 (788214.000.000) 10/09 09:25:37 Job terminated.
	(1) Normal termination (return value 0)
		Usr 0 00:00:48, Sys 0 00:00:00  -  Run Remote Usage
		Usr 0 00:00:00, Sys 0 00:00:00  -  Run Local Usage
		Usr 0 00:00:48, Sys 0 00:00:00  -  Total Remote Usage
		Usr 0 00:00:00, Sys 0 00:00:00  -  Total Local Usage
	585319  -  Run Bytes Sent By Job
	62698  -  Run Bytes Received By Job
	585319  -  Total Bytes Sent By Job
	62698  -  Total Bytes Received By Job
	Partitionable Resources :    Usage  Request          
	   Cpus                 :                 1          
	   Disk (KB)            :      658      658          
	   Memory (MB)          :        2        2          
...
000 (788579.000.000) 10/12 09:48:06 Job submitted from host: <18.12.1.74:45913>
...
001 (788579.000.000) 10/12 09:58:36 Job executing on host: <18.12.8.222:40584>
...
006 (788579.000.000) 10/12 09:58:44 Image size of job updated: 2
	3  -  MemoryUsage of job (MB)
	2348  -  ResidentSetSize of job (KB)
...
006 (788579.000.000) 10/12 10:00:09 Image size of job updated: 230184
	3  -  MemoryUsage of job (MB)
	2348  -  ResidentSetSize of job (KB)
...
005 (788579.000.000) 10/12 10:00:10 Job terminated.
	(1) Normal termination (return value 0)
		Usr 0 00:00:43, Sys 0 00:00:01  -  Run Remote Usage
		Usr 0 00:00:00, Sys 0 00:00:00  -  Run Local Usage
		Usr 0 00:00:43, Sys 0 00:00:01  -  Total Remote Usage
		Usr 0 00:00:00, Sys 0 00:00:00  -  Total Local Usage
	585037  -  Run Bytes Sent By Job
	62703  -  Run Bytes Received By Job
	585037  -  Total Bytes Sent By Job
	62703  -  Total Bytes Received By Job
	Partitionable Resources :    Usage  Request          
	   Cpus                 :                 1          
	   Disk (KB)            :      658      658          
	   Memory (MB)          :        3        3          
...
