000 (556110.000.000) 08/12 11:33:45 Job submitted from host: <18.12.1.74:48322>
...
001 (556110.000.000) 08/12 11:59:20 Job executing on host: <18.12.8.209:42336>
...
006 (556110.000.000) 08/12 11:59:29 Image size of job updated: 60924
	3  -  MemoryUsage of job (MB)
	2504  -  ResidentSetSize of job (KB)
...
006 (556110.000.000) 08/12 12:01:24 Image size of job updated: 229996
	3  -  MemoryUsage of job (MB)
	2504  -  ResidentSetSize of job (KB)
...
005 (556110.000.000) 08/12 12:01:24 Job terminated.
	(1) Normal termination (return value 0)
		Usr 0 00:00:41, Sys 0 00:00:00  -  Run Remote Usage
		Usr 0 00:00:00, Sys 0 00:00:00  -  Run Local Usage
		Usr 0 00:00:41, Sys 0 00:00:00  -  Total Remote Usage
		Usr 0 00:00:00, Sys 0 00:00:00  -  Total Local Usage
	585870  -  Run Bytes Sent By Job
	62715  -  Run Bytes Received By Job
	585870  -  Total Bytes Sent By Job
	62715  -  Total Bytes Received By Job
	Partitionable Resources :    Usage  Request          
	   Cpus                 :                 1          
	   Disk (KB)            :      659      659          
	   Memory (MB)          :        3        3          
...
000 (566479.000.000) 08/20 21:06:46 Job submitted from host: <18.12.1.74:48322>
...
001 (566479.000.000) 08/20 21:07:03 Job executing on host: <18.12.6.24:44745>
...
006 (566479.000.000) 08/20 21:07:12 Image size of job updated: 2
	2  -  MemoryUsage of job (MB)
	1728  -  ResidentSetSize of job (KB)
...
006 (566479.000.000) 08/20 21:08:14 Image size of job updated: 230124
	2  -  MemoryUsage of job (MB)
	1728  -  ResidentSetSize of job (KB)
...
005 (566479.000.000) 08/20 21:14:36 Job terminated.
	(1) Normal termination (return value 0)
		Usr 0 00:00:45, Sys 0 00:00:00  -  Run Remote Usage
		Usr 0 00:00:00, Sys 0 00:00:00  -  Run Local Usage
		Usr 0 00:00:45, Sys 0 00:00:00  -  Total Remote Usage
		Usr 0 00:00:00, Sys 0 00:00:00  -  Total Local Usage
	585939  -  Run Bytes Sent By Job
	62731  -  Run Bytes Received By Job
	585939  -  Total Bytes Sent By Job
	62731  -  Total Bytes Received By Job
	Partitionable Resources :    Usage  Request          
	   Cpus                 :                 1          
	   Disk (KB)            :      658      658          
	   Memory (MB)          :        2        2          
...
