000 (556090.000.000) 08/12 11:33:43 Job submitted from host: <18.12.1.74:48322>
...
001 (556090.000.000) 08/12 11:55:51 Job executing on host: <18.12.8.35:49344>
...
006 (556090.000.000) 08/12 11:55:59 Image size of job updated: 2
	3  -  MemoryUsage of job (MB)
	2340  -  ResidentSetSize of job (KB)
...
006 (556090.000.000) 08/12 12:00:59 Image size of job updated: 230100
	83  -  MemoryUsage of job (MB)
	84508  -  ResidentSetSize of job (KB)
...
005 (556090.000.000) 08/12 12:04:46 Job terminated.
	(1) Normal termination (return value 0)
		Usr 0 00:00:57, Sys 0 00:00:03  -  Run Remote Usage
		Usr 0 00:00:00, Sys 0 00:00:00  -  Run Local Usage
		Usr 0 00:00:57, Sys 0 00:00:03  -  Total Remote Usage
		Usr 0 00:00:00, Sys 0 00:00:00  -  Total Local Usage
	586085  -  Run Bytes Sent By Job
	62715  -  Run Bytes Received By Job
	586085  -  Total Bytes Sent By Job
	62715  -  Total Bytes Received By Job
	Partitionable Resources :    Usage  Request          
	   Cpus                 :                 1          
	   Disk (KB)            :      659      659          
	   Memory (MB)          :       83       83          
...
000 (566459.000.000) 08/20 21:05:14 Job submitted from host: <18.12.1.74:48322>
...
007 (566459.000.000) 08/20 21:05:27 Shadow exception!
	Error from slot19@t2bat0291.cmsaf.mit.edu: Failed to transfer files
	0  -  Run Bytes Sent By Job
	0  -  Run Bytes Received By Job
...
007 (566459.000.000) 08/20 21:05:41 Shadow exception!
	Error from slot22@t2bat0286.cmsaf.mit.edu: Failed to transfer files
	0  -  Run Bytes Sent By Job
	0  -  Run Bytes Received By Job
...
007 (566459.000.000) 08/20 21:07:00 Shadow exception!
	Error from slot30@t2bat0285.cmsaf.mit.edu: Failed to transfer files
	0  -  Run Bytes Sent By Job
	0  -  Run Bytes Received By Job
...
001 (566459.000.000) 08/20 21:07:03 Job executing on host: <18.12.9.29:41168>
...
006 (566459.000.000) 08/20 21:07:12 Image size of job updated: 188644
	73  -  MemoryUsage of job (MB)
	73920  -  ResidentSetSize of job (KB)
...
006 (566459.000.000) 08/20 21:10:10 Image size of job updated: 230100
	73  -  MemoryUsage of job (MB)
	73920  -  ResidentSetSize of job (KB)
...
022 (566459.000.000) 08/20 21:10:18 Job disconnected, attempting to reconnect
    Socket between submit and execute hosts closed unexpectedly
    Trying to reconnect to slot30@t2bat0285.cmsaf.mit.edu <18.12.9.29:41168>
...
023 (566459.000.000) 08/20 21:10:19 Job reconnected to slot30@t2bat0285.cmsaf.mit.edu
    startd address: <18.12.9.29:41168>
    starter address: <18.12.9.29:49855>
...
005 (566459.000.000) 08/20 21:16:33 Job terminated.
	(1) Normal termination (return value 0)
		Usr 0 00:00:44, Sys 0 00:00:01  -  Run Remote Usage
		Usr 0 00:00:00, Sys 0 00:00:00  -  Run Local Usage
		Usr 0 00:00:44, Sys 0 00:00:01  -  Total Remote Usage
		Usr 0 00:00:00, Sys 0 00:00:00  -  Total Local Usage
	586333  -  Run Bytes Sent By Job
	62731  -  Run Bytes Received By Job
	586333  -  Total Bytes Sent By Job
	62731  -  Total Bytes Received By Job
	Partitionable Resources :    Usage  Request          
	   Cpus                 :                 1          
	   Disk (KB)            :      659      659          
	   Memory (MB)          :       73       73          
...
