
----------------------------------------------------
Job started on Mon Oct 12 11:36:28 EDT 2015 at WN: lnbat0001.cmsaf.mit.edu 
Job is running on Linux lnbat0001.cmsaf.mit.edu 2.6.32-358.el6.x86_64 #1 SMP Fri Feb 22 20:37:17 CST 2013 x86_64 x86_64 x86_64 GNU/Linux
Filesystem            Size  Used Avail Use% Mounted on
/dev/sda3              20G  3.2G   16G  18% /
tmpfs                  12G     0   12G   0% /dev/shm
/dev/sda1              97M   32M   61M  35% /boot
/dev/sda4             874G   33G  841G   4% /export/data1
/dev/sdb1             1.8T  1.5T  305G  84% /export/00b
/dev/sdc1             1.8T  1.5T  308G  84% /export/00c
/dev/sdd1             1.8T  1.5T  314G  83% /export/00d
/dev/sde1             1.8T  1.5T  304G  84% /export/00e
/dev/sdf1             1.8T  1.5T  316G  83% /export/00f
fuse_dfs              5.0P  4.0P  1.1P  80% /mnt/hadoop
cvmfs2                 98G   30G   68G  31% /cvmfs/cms.cern.ch
t2srv0004:/export/db  135G  187M  135G   1% /net/t2srv0004/db
cvmfs2                 98G   30G   68G  31% /cvmfs/cvmfs.cmsaf.mit.edu
cvmfs2                 98G   30G   68G  31% /cvmfs/oasis.opensciencegrid.org
cvmfs2                 98G   30G   68G  31% /cvmfs/cdfcfs.fnal.gov
hisrv0001:/export/home
                      2.0T  1.6T  302G  85% /net/hisrv0001/home
gcc (GCC) 4.4.7 20120313 (Red Hat 4.4.7-3)
Copyright (C) 2010 Free Software Foundation, Inc.
This is free software; see the source for copying conditions.  There is NO
warranty; not even for MERCHANTABILITY or FITNESS FOR A PARTICULAR PURPOSE.

Processing...
0/72874
10000/72874
20000/72874
30000/72874
40000/72874
50000/72874
60000/72874
70000/72874
Macro finished: 
CPU time (min)  = 0.832
Real time (min) = 1.59064
total 1.6M
-rw-r--r--  1 obaron obaron 108K Oct 12 11:01 jetRAA_PbPb_data_forest.txt
-rw-r--r--  1 obaron obaron  94K Oct 12 11:01 jetRAA_PbPb_data_akPu4_select.txt
-rw-r--r--  1 obaron obaron  94K Oct 12 11:01 jetRAA_PbPb_data_akPu3_select.txt
-rw-r--r--  1 obaron obaron  94K Oct 12 11:01 jetRAA_PbPb_data_akPu2_select.txt
-rw-r--r--  1 obaron obaron  70K Oct 12 11:21 RAA_read_data_pbpb.C
-rw-r--r--  1 obaron obaron  11K Oct 12 11:21 RAA_read_data_pbpb_C.d
-rwxr-xr-x  1 obaron obaron 101K Oct 12 11:21 RAA_read_data_pbpb_C.so
-rw-rw-r--  1 obaron obaron  61K Oct 12 11:33 jetRAA_run_PbPb_Data.tar
-rwxr-xr-x  1 obaron obaron 1.2K Oct 12 11:33 condor_exec.exe
-rw-r--r--  1 condor condor  20K Oct 12 11:36 .job.ad
drwxr-xr-x 19 condor root   4.0K Oct 12 11:36 ..
-rw-r--r--  1 condor condor 5.2K Oct 12 11:36 .machine.ad
-rw-r--r--  1 obaron obaron    0 Oct 12 11:36 _condor_stderr
drwxr-xr-x  2 obaron obaron 4.0K Oct 12 11:36 .
-rw-r--r--  1 obaron obaron 1.7K Oct 12 11:38 _condor_stdout
-rw-r--r--  1 obaron obaron 935K Oct 12 11:38 PbPb_Data_histograms_FromForest_pileupCutFIX_ZDCmCut_30GeVcut_akPu4_20_eta_20_620.root
Done!
Copied output files to hadoop rootfiles/JetRAA/June29
