
----------------------------------------------------
Job started on Mon Oct 12 09:57:50 EDT 2015 at WN: t2bat0102.cmsaf.mit.edu 
Job is running on Linux t2bat0102.cmsaf.mit.edu 2.6.32-358.el6.x86_64 #1 SMP Fri Feb 22 20:37:17 CST 2013 x86_64 x86_64 x86_64 GNU/Linux
Filesystem            Size  Used Avail Use% Mounted on
/dev/sda3              20G  2.6G   17G  14% /
tmpfs                 7.8G     0  7.8G   0% /dev/shm
/dev/sda1              97M   33M   60M  36% /boot
/dev/sda4             415G   23G  392G   6% /export/data1
/dev/sdb1             1.8T  1.5T  329G  83% /export/00b
/dev/sdc1             1.8T  1.5T  324G  83% /export/00c
/dev/sdd1             1.8T  1.5T  330G  83% /export/00d
/dev/sde1             1.8T  1.5T  344G  82% /export/00e
/dev/sdf1             1.8T  1.5T  309G  84% /export/00f
fuse_dfs              5.0P  4.0P  1.1P  80% /mnt/hadoop
cvmfs2                 98G   20G   79G  21% /cvmfs/cms.cern.ch
t2srv0004:/export/db  135G  187M  135G   1% /net/t2srv0004/db
hisrv0001:/export/home
                      2.0T  1.6T  302G  85% /net/hisrv0001/home
gcc (GCC) 4.4.7 20120313 (Red Hat 4.4.7-3)
Copyright (C) 2010 Free Software Foundation, Inc.
This is free software; see the source for copying conditions.  There is NO
warranty; not even for MERCHANTABILITY or FITNESS FOR A PARTICULAR PURPOSE.

Processing...
0/82660
10000/82660
20000/82660
30000/82660
40000/82660
50000/82660
60000/82660
70000/82660
80000/82660
Macro finished: 
CPU time (min)  = 0.646667
Real time (min) = 1.83711
total 1.6M
-rw-r--r--  1 obaron obaron 108K Oct  9 10:24 jetRAA_PbPb_data_forest.txt
-rw-r--r--  1 obaron obaron  94K Oct  9 10:24 jetRAA_PbPb_data_akPu4_select.txt
-rw-r--r--  1 obaron obaron  94K Oct  9 10:24 jetRAA_PbPb_data_akPu3_select.txt
-rw-r--r--  1 obaron obaron  94K Oct  9 10:24 jetRAA_PbPb_data_akPu2_select.txt
-rw-r--r--  1 obaron obaron  70K Oct 12 09:36 RAA_read_data_pbpb.C
-rw-r--r--  1 obaron obaron  11K Oct 12 09:36 RAA_read_data_pbpb_C.d
-rwxr-xr-x  1 obaron obaron 101K Oct 12 09:36 RAA_read_data_pbpb_C.so
-rw-rw-r--  1 obaron obaron  61K Oct 12 09:54 jetRAA_run_PbPb_Data.tar
-rwxr-xr-x  1 obaron obaron 1.2K Oct 12 09:54 condor_exec.exe
drwxr-xr-x 18 condor root   4.0K Oct 12 09:57 ..
-rw-r--r--  1 condor condor 5.3K Oct 12 09:57 .machine.ad
-rw-r--r--  1 condor condor  20K Oct 12 09:57 .job.ad
-rw-r--r--  1 obaron obaron    0 Oct 12 09:57 _condor_stderr
drwxr-xr-x  2 obaron obaron 4.0K Oct 12 09:57 .
-rw-r--r--  1 obaron obaron 1.5K Oct 12 09:59 _condor_stdout
-rw-r--r--  1 obaron obaron 881K Oct 12 09:59 PbPb_Data_histograms_FromForest_pileupCutFIX_ZDCmCut_30GeVcut_akPu2_20_eta_20_560.root
Done!
Copied output files to hadoop rootfiles/JetRAA/June29
