
----------------------------------------------------
Job started on Mon Oct 12 10:53:21 EDT 2015 at WN: lnbat0008.cmsaf.mit.edu 
Job is running on Linux lnbat0008.cmsaf.mit.edu 2.6.32-358.el6.x86_64 #1 SMP Fri Feb 22 20:37:17 CST 2013 x86_64 x86_64 x86_64 GNU/Linux
Filesystem            Size  Used Avail Use% Mounted on
/dev/sda3              20G  3.4G   16G  18% /
tmpfs                  12G     0   12G   0% /dev/shm
/dev/sda1              97M   32M   61M  35% /boot
/dev/sda4             874G   22G  852G   3% /export/data1
fuse_dfs              5.0P  4.0P  1.1P  80% /mnt/hadoop
/dev/sdc1             1.8T  1.5T  326G  83% /export/00b
/dev/sdd1             1.8T  1.5T  310G  84% /export/00c
/dev/sdb1             1.8T  1.5T  318G  83% /export/00d
/dev/sde1             1.8T  1.5T  309G  84% /export/00e
/dev/sdf1             1.8T  1.6T  293G  85% /export/00f
cvmfs2                 98G   17G   81G  18% /cvmfs/cms.cern.ch
t2srv0004:/export/db  135G  187M  135G   1% /net/t2srv0004/db
gcc (GCC) 4.4.7 20120313 (Red Hat 4.4.7-3)
Copyright (C) 2010 Free Software Foundation, Inc.
This is free software; see the source for copying conditions.  There is NO
warranty; not even for MERCHANTABILITY or FITNESS FOR A PARTICULAR PURPOSE.

Processing...
0/146072
10000/146072
20000/146072
30000/146072
40000/146072
50000/146072
60000/146072
70000/146072
80000/146072
90000/146072
100000/146072
110000/146072
120000/146072
130000/146072
140000/146072
Macro finished: 
CPU time (min)  = 1.54917
Real time (min) = 1.89245
total 1.7M
-rw-r--r--  1 obaron obaron 108K Oct 12 10:08 jetRAA_PbPb_data_forest.txt
-rw-r--r--  1 obaron obaron  94K Oct 12 10:08 jetRAA_PbPb_data_akPu4_select.txt
-rw-r--r--  1 obaron obaron  94K Oct 12 10:08 jetRAA_PbPb_data_akPu3_select.txt
-rw-r--r--  1 obaron obaron  94K Oct 12 10:08 jetRAA_PbPb_data_akPu2_select.txt
-rw-r--r--  1 obaron obaron  70K Oct 12 10:40 RAA_read_data_pbpb.C
-rw-r--r--  1 obaron obaron  11K Oct 12 10:40 RAA_read_data_pbpb_C.d
-rwxr-xr-x  1 obaron obaron 101K Oct 12 10:40 RAA_read_data_pbpb_C.so
-rw-rw-r--  1 obaron obaron  61K Oct 12 10:53 jetRAA_run_PbPb_Data.tar
-rwxr-xr-x  1 obaron obaron 1.2K Oct 12 10:53 condor_exec.exe
drwxr-xr-x 19 condor root   4.0K Oct 12 10:53 ..
-rw-r--r--  1 condor condor  20K Oct 12 10:53 .job.ad
-rw-r--r--  1 condor condor 5.6K Oct 12 10:53 .machine.ad
-rwx------  1 obaron obaron   49 Oct 12 10:53 .chirp.config
-rw-r--r--  1 obaron obaron    0 Oct 12 10:53 _condor_stderr
drwx------  2 obaron obaron 4.0K Oct 12 10:53 .
-rw-r--r--  1 obaron obaron 1.5K Oct 12 10:55 _condor_stdout
-rw-r--r--  1 obaron obaron 991K Oct 12 10:55 PbPb_Data_histograms_FromForest_pileupCutFIX_ZDCmCut_30GeVcut_akPu3_20_eta_20_890.root
Done!
Copied output files to hadoop rootfiles/JetRAA/June29
