000 (554230.000.000) 08/11 09:09:05 Job submitted from host: <18.12.1.74:48322>
...
001 (554230.000.000) 08/11 09:09:19 Job executing on host: <18.12.6.47:47665>
...
006 (554230.000.000) 08/11 09:09:27 Image size of job updated: 188256
	72  -  MemoryUsage of job (MB)
	73420  -  ResidentSetSize of job (KB)
...
006 (554230.000.000) 08/11 09:10:32 Image size of job updated: 229960
	72  -  MemoryUsage of job (MB)
	73420  -  ResidentSetSize of job (KB)
...
005 (554230.000.000) 08/11 09:10:32 Job terminated.
	(1) Normal termination (return value 0)
		Usr 0 00:00:36, Sys 0 00:00:00  -  Run Remote Usage
		Usr 0 00:00:00, Sys 0 00:00:00  -  Run Local Usage
		Usr 0 00:00:36, Sys 0 00:00:00  -  Total Remote Usage
		Usr 0 00:00:00, Sys 0 00:00:00  -  Total Local Usage
	586021  -  Run Bytes Sent By Job
	62717  -  Run Bytes Received By Job
	586021  -  Total Bytes Sent By Job
	62717  -  Total Bytes Received By Job
	Partitionable Resources :    Usage  Request          
	   Cpus                 :                 1          
	   Disk (KB)            :      659      659          
	   Memory (MB)          :       72       72          
...
000 (557945.000.000) 08/13 13:34:17 Job submitted from host: <18.12.1.74:48322>
...
001 (557945.000.000) 08/13 13:48:43 Job executing on host: <18.12.9.69:48760>
...
006 (557945.000.000) 08/13 13:48:52 Image size of job updated: 2
	3  -  MemoryUsage of job (MB)
	2344  -  ResidentSetSize of job (KB)
...
006 (557945.000.000) 08/13 13:49:55 Image size of job updated: 229968
	3  -  MemoryUsage of job (MB)
	2344  -  ResidentSetSize of job (KB)
...
005 (557945.000.000) 08/13 13:49:55 Job terminated.
	(1) Normal termination (return value 0)
		Usr 0 00:00:29, Sys 0 00:00:01  -  Run Remote Usage
		Usr 0 00:00:00, Sys 0 00:00:00  -  Run Local Usage
		Usr 0 00:00:29, Sys 0 00:00:01  -  Total Remote Usage
		Usr 0 00:00:00, Sys 0 00:00:00  -  Total Local Usage
	585905  -  Run Bytes Sent By Job
	62720  -  Run Bytes Received By Job
	585905  -  Total Bytes Sent By Job
	62720  -  Total Bytes Received By Job
	Partitionable Resources :    Usage  Request          
	   Cpus                 :                 1          
	   Disk (KB)            :      659      659          
	   Memory (MB)          :        3        3          
...
000 (566236.000.000) 08/20 20:22:02 Job submitted from host: <18.12.1.74:48322>
...
001 (566236.000.000) 08/20 20:22:20 Job executing on host: <18.12.8.254:46716>
...
006 (566236.000.000) 08/20 20:22:28 Image size of job updated: 93584
	3  -  MemoryUsage of job (MB)
	2424  -  ResidentSetSize of job (KB)
...
006 (566236.000.000) 08/20 20:23:21 Image size of job updated: 238152
	3  -  MemoryUsage of job (MB)
	2424  -  ResidentSetSize of job (KB)
...
005 (566236.000.000) 08/20 20:30:01 Job terminated.
	(1) Normal termination (return value 0)
		Usr 0 00:00:40, Sys 0 00:00:00  -  Run Remote Usage
		Usr 0 00:00:00, Sys 0 00:00:00  -  Run Local Usage
		Usr 0 00:00:40, Sys 0 00:00:00  -  Total Remote Usage
		Usr 0 00:00:00, Sys 0 00:00:00  -  Total Local Usage
	586118  -  Run Bytes Sent By Job
	62732  -  Run Bytes Received By Job
	586118  -  Total Bytes Sent By Job
	62732  -  Total Bytes Received By Job
	Partitionable Resources :    Usage  Request          
	   Cpus                 :                 1          
	   Disk (KB)            :      659      659          
	   Memory (MB)          :        3        3          
...
