000 (556337.000.000) 08/12 14:10:46 Job submitted from host: <18.12.1.74:48322>
...
001 (556337.000.000) 08/12 14:23:03 Job executing on host: <18.12.8.14:43942>
...
006 (556337.000.000) 08/12 14:23:12 Image size of job updated: 193764
	78  -  MemoryUsage of job (MB)
	79568  -  ResidentSetSize of job (KB)
...
006 (556337.000.000) 08/12 14:28:13 Image size of job updated: 230000
	109  -  MemoryUsage of job (MB)
	111196  -  ResidentSetSize of job (KB)
...
005 (556337.000.000) 08/12 14:29:10 Job terminated.
	(1) Normal termination (return value 0)
		Usr 0 00:00:34, Sys 0 00:00:02  -  Run Remote Usage
		Usr 0 00:00:00, Sys 0 00:00:00  -  Run Local Usage
		Usr 0 00:00:34, Sys 0 00:00:02  -  Total Remote Usage
		Usr 0 00:00:00, Sys 0 00:00:00  -  Total Local Usage
	586386  -  Run Bytes Sent By Job
	62715  -  Run Bytes Received By Job
	586386  -  Total Bytes Sent By Job
	62715  -  Total Bytes Received By Job
	Partitionable Resources :    Usage  Request          
	   Cpus                 :                 1          
	   Disk (KB)            :      659      659          
	   Memory (MB)          :      109      109          
...
000 (557597.000.000) 08/13 11:57:22 Job submitted from host: <18.12.1.74:48322>
...
001 (557597.000.000) 08/13 12:13:03 Job executing on host: <18.12.9.63:42190>
...
006 (557597.000.000) 08/13 12:13:11 Image size of job updated: 2
	3  -  MemoryUsage of job (MB)
	2352  -  ResidentSetSize of job (KB)
...
006 (557597.000.000) 08/13 12:13:58 Image size of job updated: 229996
	3  -  MemoryUsage of job (MB)
	2352  -  ResidentSetSize of job (KB)
...
005 (557597.000.000) 08/13 12:13:58 Job terminated.
	(1) Normal termination (return value 0)
		Usr 0 00:00:26, Sys 0 00:00:00  -  Run Remote Usage
		Usr 0 00:00:00, Sys 0 00:00:00  -  Run Local Usage
		Usr 0 00:00:26, Sys 0 00:00:00  -  Total Remote Usage
		Usr 0 00:00:00, Sys 0 00:00:00  -  Total Local Usage
	586109  -  Run Bytes Sent By Job
	62715  -  Run Bytes Received By Job
	586109  -  Total Bytes Sent By Job
	62715  -  Total Bytes Received By Job
	Partitionable Resources :    Usage  Request          
	   Cpus                 :                 1          
	   Disk (KB)            :      659      659          
	   Memory (MB)          :        3        3          
...
000 (558113.000.000) 08/13 14:31:05 Job submitted from host: <18.12.1.74:48322>
...
001 (558113.000.000) 08/13 14:45:54 Job executing on host: <18.12.9.50:43066>
...
006 (558113.000.000) 08/13 14:46:03 Image size of job updated: 229996
	93  -  MemoryUsage of job (MB)
	94832  -  ResidentSetSize of job (KB)
...
005 (558113.000.000) 08/13 14:46:52 Job terminated.
	(1) Normal termination (return value 0)
		Usr 0 00:00:29, Sys 0 00:00:00  -  Run Remote Usage
		Usr 0 00:00:00, Sys 0 00:00:00  -  Run Local Usage
		Usr 0 00:00:29, Sys 0 00:00:00  -  Total Remote Usage
		Usr 0 00:00:00, Sys 0 00:00:00  -  Total Local Usage
	586108  -  Run Bytes Sent By Job
	62714  -  Run Bytes Received By Job
	586108  -  Total Bytes Sent By Job
	62714  -  Total Bytes Received By Job
	Partitionable Resources :    Usage  Request          
	   Cpus                 :                 1          
	   Disk (KB)            :      659      659          
	   Memory (MB)          :       93       93          
...
000 (565450.000.000) 08/20 12:38:12 Job submitted from host: <18.12.1.74:48322>
...
001 (565450.000.000) 08/20 12:44:55 Job executing on host: <18.12.8.69:41898>
...
006 (565450.000.000) 08/20 12:45:05 Image size of job updated: 2
	3  -  MemoryUsage of job (MB)
	2356  -  ResidentSetSize of job (KB)
...
006 (565450.000.000) 08/20 12:46:07 Image size of job updated: 230000
	3  -  MemoryUsage of job (MB)
	2356  -  ResidentSetSize of job (KB)
...
022 (565450.000.000) 08/20 12:46:10 Job disconnected, attempting to reconnect
    Socket between submit and execute hosts closed unexpectedly
    Trying to reconnect to slot6@t2bat0069.cmsaf.mit.edu <18.12.8.69:41898>
...
023 (565450.000.000) 08/20 12:46:10 Job reconnected to slot6@t2bat0069.cmsaf.mit.edu
    startd address: <18.12.8.69:41898>
    starter address: <18.12.8.69:44745>
...
022 (565450.000.000) 08/20 12:46:12 Job disconnected, attempting to reconnect
    Socket between submit and execute hosts closed unexpectedly
    Trying to reconnect to slot6@t2bat0069.cmsaf.mit.edu <18.12.8.69:41898>
...
023 (565450.000.000) 08/20 12:46:13 Job reconnected to slot6@t2bat0069.cmsaf.mit.edu
    startd address: <18.12.8.69:41898>
    starter address: <18.12.8.69:44745>
...
005 (565450.000.000) 08/20 12:54:34 Job terminated.
	(1) Normal termination (return value 0)
		Usr 0 00:00:36, Sys 0 00:00:01  -  Run Remote Usage
		Usr 0 00:00:00, Sys 0 00:00:00  -  Run Local Usage
		Usr 0 00:00:36, Sys 0 00:00:01  -  Total Remote Usage
		Usr 0 00:00:00, Sys 0 00:00:00  -  Total Local Usage
	585946  -  Run Bytes Sent By Job
	62731  -  Run Bytes Received By Job
	585946  -  Total Bytes Sent By Job
	62731  -  Total Bytes Received By Job
	Partitionable Resources :    Usage  Request          
	   Cpus                 :                 1          
	   Disk (KB)            :      658      658          
	   Memory (MB)          :        3        3          
...
000 (782943.000.000) 10/02 11:03:07 Job submitted from host: <18.12.1.74:41314>
...
001 (782943.000.000) 10/02 11:08:37 Job executing on host: <18.12.9.51:47446>
...
006 (782943.000.000) 10/02 11:08:39 Image size of job updated: 2
	0  -  MemoryUsage of job (MB)
	0  -  ResidentSetSize of job (KB)
...
005 (782943.000.000) 10/02 11:13:46 Job terminated.
	(1) Normal termination (return value 0)
		Usr 0 00:00:00, Sys 0 00:00:00  -  Run Remote Usage
		Usr 0 00:00:00, Sys 0 00:00:00  -  Run Local Usage
		Usr 0 00:00:00, Sys 0 00:00:00  -  Total Remote Usage
		Usr 0 00:00:00, Sys 0 00:00:00  -  Total Local Usage
	585522  -  Run Bytes Sent By Job
	62733  -  Run Bytes Received By Job
	585522  -  Total Bytes Sent By Job
	62733  -  Total Bytes Received By Job
	Partitionable Resources :    Usage  Request          
	   Cpus                 :                 1          
	   Disk (KB)            :      658      658          
	   Memory (MB)          :        0        0          
...
000 (783124.000.000) 10/02 16:13:18 Job submitted from host: <18.12.1.74:45913>
...
001 (783124.000.000) 10/02 16:14:30 Job executing on host: <18.12.8.205:47811>
...
006 (783124.000.000) 10/02 16:14:31 Image size of job updated: 2
	0  -  MemoryUsage of job (MB)
	0  -  ResidentSetSize of job (KB)
...
005 (783124.000.000) 10/02 16:14:31 Job terminated.
	(1) Normal termination (return value 0)
		Usr 0 00:00:00, Sys 0 00:00:00  -  Run Remote Usage
		Usr 0 00:00:00, Sys 0 00:00:00  -  Run Local Usage
		Usr 0 00:00:00, Sys 0 00:00:00  -  Total Remote Usage
		Usr 0 00:00:00, Sys 0 00:00:00  -  Total Local Usage
	585554  -  Run Bytes Sent By Job
	62733  -  Run Bytes Received By Job
	585554  -  Total Bytes Sent By Job
	62733  -  Total Bytes Received By Job
	Partitionable Resources :    Usage  Request          
	   Cpus                 :                 1          
	   Disk (KB)            :      658      658          
	   Memory (MB)          :        0        0          
...
000 (783305.000.000) 10/02 16:48:31 Job submitted from host: <18.12.1.74:45913>
...
001 (783305.000.000) 10/02 16:48:54 Job executing on host: <18.12.8.220:40365>
...
006 (783305.000.000) 10/02 16:48:57 Image size of job updated: 26048
	0  -  MemoryUsage of job (MB)
	0  -  ResidentSetSize of job (KB)
...
005 (783305.000.000) 10/02 16:48:57 Job terminated.
	(1) Normal termination (return value 0)
		Usr 0 00:00:00, Sys 0 00:00:00  -  Run Remote Usage
		Usr 0 00:00:00, Sys 0 00:00:00  -  Run Local Usage
		Usr 0 00:00:00, Sys 0 00:00:00  -  Total Remote Usage
		Usr 0 00:00:00, Sys 0 00:00:00  -  Total Local Usage
	585780  -  Run Bytes Sent By Job
	62733  -  Run Bytes Received By Job
	585780  -  Total Bytes Sent By Job
	62733  -  Total Bytes Received By Job
	Partitionable Resources :    Usage  Request          
	   Cpus                 :                 1          
	   Disk (KB)            :      658      658          
	   Memory (MB)          :        0        0          
...
000 (783488.000.000) 10/05 09:25:31 Job submitted from host: <18.12.1.74:45913>
...
001 (783488.000.000) 10/05 09:25:46 Job executing on host: <18.12.12.10:46132>
...
006 (783488.000.000) 10/05 09:25:55 Image size of job updated: 13384
	2  -  MemoryUsage of job (MB)
	1980  -  ResidentSetSize of job (KB)
...
005 (783488.000.000) 10/05 09:26:04 Job terminated.
	(1) Normal termination (return value 0)
		Usr 0 00:00:00, Sys 0 00:00:00  -  Run Remote Usage
		Usr 0 00:00:00, Sys 0 00:00:00  -  Run Local Usage
		Usr 0 00:00:00, Sys 0 00:00:00  -  Total Remote Usage
		Usr 0 00:00:00, Sys 0 00:00:00  -  Total Local Usage
	585538  -  Run Bytes Sent By Job
	62732  -  Run Bytes Received By Job
	585538  -  Total Bytes Sent By Job
	62732  -  Total Bytes Received By Job
	Partitionable Resources :    Usage  Request          
	   Cpus                 :                 1          
	   Disk (KB)            :      658      658          
	   Memory (MB)          :        2        2          
...
000 (783669.000.000) 10/05 10:00:17 Job submitted from host: <18.12.1.74:45913>
...
001 (783669.000.000) 10/05 10:00:50 Job executing on host: <18.12.12.6:43066>
...
006 (783669.000.000) 10/05 10:00:55 Image size of job updated: 2
	0  -  MemoryUsage of job (MB)
	0  -  ResidentSetSize of job (KB)
...
005 (783669.000.000) 10/05 10:00:56 Job terminated.
	(1) Normal termination (return value 0)
		Usr 0 00:00:00, Sys 0 00:00:00  -  Run Remote Usage
		Usr 0 00:00:00, Sys 0 00:00:00  -  Run Local Usage
		Usr 0 00:00:00, Sys 0 00:00:00  -  Total Remote Usage
		Usr 0 00:00:00, Sys 0 00:00:00  -  Total Local Usage
	585316  -  Run Bytes Sent By Job
	62731  -  Run Bytes Received By Job
	585316  -  Total Bytes Sent By Job
	62731  -  Total Bytes Received By Job
	Partitionable Resources :    Usage  Request          
	   Cpus                 :                 1          
	   Disk (KB)            :      658      658          
	   Memory (MB)          :        0        0          
...
000 (783851.000.000) 10/05 12:25:02 Job submitted from host: <18.12.1.74:45913>
...
001 (783851.000.000) 10/05 12:25:15 Job executing on host: <18.12.9.46:43942>
...
006 (783851.000.000) 10/05 12:25:18 Image size of job updated: 2
	0  -  MemoryUsage of job (MB)
	0  -  ResidentSetSize of job (KB)
...
005 (783851.000.000) 10/05 12:25:25 Job terminated.
	(1) Normal termination (return value 0)
		Usr 0 00:00:00, Sys 0 00:00:00  -  Run Remote Usage
		Usr 0 00:00:00, Sys 0 00:00:00  -  Run Local Usage
		Usr 0 00:00:00, Sys 0 00:00:00  -  Total Remote Usage
		Usr 0 00:00:00, Sys 0 00:00:00  -  Total Local Usage
	586032  -  Run Bytes Sent By Job
	62732  -  Run Bytes Received By Job
	586032  -  Total Bytes Sent By Job
	62732  -  Total Bytes Received By Job
	Partitionable Resources :    Usage  Request          
	   Cpus                 :                 1          
	   Disk (KB)            :      659      659          
	   Memory (MB)          :        0        0          
...
000 (784032.000.000) 10/05 12:28:37 Job submitted from host: <18.12.1.74:45913>
...
001 (784032.000.000) 10/05 12:28:53 Job executing on host: <18.12.9.36:44380>
...
006 (784032.000.000) 10/05 12:29:02 Image size of job updated: 93584
	1  -  MemoryUsage of job (MB)
	156  -  ResidentSetSize of job (KB)
...
006 (784032.000.000) 10/05 12:30:28 Image size of job updated: 229996
	1  -  MemoryUsage of job (MB)
	156  -  ResidentSetSize of job (KB)
...
005 (784032.000.000) 10/05 12:30:28 Job terminated.
	(1) Normal termination (return value 0)
		Usr 0 00:00:27, Sys 0 00:00:00  -  Run Remote Usage
		Usr 0 00:00:00, Sys 0 00:00:00  -  Run Local Usage
		Usr 0 00:00:27, Sys 0 00:00:00  -  Total Remote Usage
		Usr 0 00:00:00, Sys 0 00:00:00  -  Total Local Usage
	587032  -  Run Bytes Sent By Job
	62733  -  Run Bytes Received By Job
	587032  -  Total Bytes Sent By Job
	62733  -  Total Bytes Received By Job
	Partitionable Resources :    Usage  Request          
	   Cpus                 :                 1          
	   Disk (KB)            :      660      660          
	   Memory (MB)          :        1        1          
...
000 (786101.000.000) 10/05 14:34:37 Job submitted from host: <18.12.1.74:45913>
...
001 (786101.000.000) 10/05 14:35:10 Job executing on host: <18.12.9.46:43942>
...
006 (786101.000.000) 10/05 14:35:19 Image size of job updated: 2
	3  -  MemoryUsage of job (MB)
	2348  -  ResidentSetSize of job (KB)
...
006 (786101.000.000) 10/05 14:36:07 Image size of job updated: 230000
	3  -  MemoryUsage of job (MB)
	2348  -  ResidentSetSize of job (KB)
...
005 (786101.000.000) 10/05 14:36:07 Job terminated.
	(1) Normal termination (return value 0)
		Usr 0 00:00:23, Sys 0 00:00:00  -  Run Remote Usage
		Usr 0 00:00:00, Sys 0 00:00:00  -  Run Local Usage
		Usr 0 00:00:23, Sys 0 00:00:00  -  Total Remote Usage
		Usr 0 00:00:00, Sys 0 00:00:00  -  Total Local Usage
	586664  -  Run Bytes Sent By Job
	62729  -  Run Bytes Received By Job
	586664  -  Total Bytes Sent By Job
	62729  -  Total Bytes Received By Job
	Partitionable Resources :    Usage  Request          
	   Cpus                 :                 1          
	   Disk (KB)            :      659      659          
	   Memory (MB)          :        3        3          
...
000 (787940.000.000) 10/08 16:09:34 Job submitted from host: <18.12.1.74:45913>
...
001 (787940.000.000) 10/08 16:22:53 Job executing on host: <18.12.9.70:43504>
...
006 (787940.000.000) 10/08 16:23:02 Image size of job updated: 229984
	93  -  MemoryUsage of job (MB)
	94636  -  ResidentSetSize of job (KB)
...
005 (787940.000.000) 10/08 16:23:39 Job terminated.
	(1) Normal termination (return value 0)
		Usr 0 00:00:24, Sys 0 00:00:00  -  Run Remote Usage
		Usr 0 00:00:00, Sys 0 00:00:00  -  Run Local Usage
		Usr 0 00:00:24, Sys 0 00:00:00  -  Total Remote Usage
		Usr 0 00:00:00, Sys 0 00:00:00  -  Total Local Usage
	585263  -  Run Bytes Sent By Job
	62697  -  Run Bytes Received By Job
	585263  -  Total Bytes Sent By Job
	62697  -  Total Bytes Received By Job
	Partitionable Resources :    Usage  Request          
	   Cpus                 :                 1          
	   Disk (KB)            :      658      658          
	   Memory (MB)          :       93       93          
...
000 (788303.000.000) 10/09 10:00:26 Job submitted from host: <18.12.1.74:45913>
...
001 (788303.000.000) 10/09 10:02:05 Job executing on host: <18.12.8.80:47008>
...
006 (788303.000.000) 10/09 10:02:14 Image size of job updated: 13384
	2  -  MemoryUsage of job (MB)
	1960  -  ResidentSetSize of job (KB)
...
006 (788303.000.000) 10/09 10:03:10 Image size of job updated: 229984
	2  -  MemoryUsage of job (MB)
	1960  -  ResidentSetSize of job (KB)
...
005 (788303.000.000) 10/09 10:03:10 Job terminated.
	(1) Normal termination (return value 0)
		Usr 0 00:00:33, Sys 0 00:00:01  -  Run Remote Usage
		Usr 0 00:00:00, Sys 0 00:00:00  -  Run Local Usage
		Usr 0 00:00:33, Sys 0 00:00:01  -  Total Remote Usage
		Usr 0 00:00:00, Sys 0 00:00:00  -  Total Local Usage
	585062  -  Run Bytes Sent By Job
	62694  -  Run Bytes Received By Job
	585062  -  Total Bytes Sent By Job
	62694  -  Total Bytes Received By Job
	Partitionable Resources :    Usage  Request          
	   Cpus                 :                 1          
	   Disk (KB)            :      658      658          
	   Memory (MB)          :        2        2          
...
000 (788850.000.000) 10/12 11:22:05 Job submitted from host: <18.12.1.74:45913>
...
001 (788850.000.000) 10/12 11:23:56 Job executing on host: <18.12.9.22:47957>
...
006 (788850.000.000) 10/12 11:24:06 Image size of job updated: 229980
	95  -  MemoryUsage of job (MB)
	96284  -  ResidentSetSize of job (KB)
...
005 (788850.000.000) 10/12 11:24:57 Job terminated.
	(1) Normal termination (return value 0)
		Usr 0 00:00:33, Sys 0 00:00:00  -  Run Remote Usage
		Usr 0 00:00:00, Sys 0 00:00:00  -  Run Local Usage
		Usr 0 00:00:33, Sys 0 00:00:00  -  Total Remote Usage
		Usr 0 00:00:00, Sys 0 00:00:00  -  Total Local Usage
	585217  -  Run Bytes Sent By Job
	62702  -  Run Bytes Received By Job
	585217  -  Total Bytes Sent By Job
	62702  -  Total Bytes Received By Job
	Partitionable Resources :    Usage  Request          
	   Cpus                 :                 1          
	   Disk (KB)            :      658      658          
	   Memory (MB)          :       95       95          
...
