
----------------------------------------------------
Job started on Thu Aug 20 12:54:32 EDT 2015 at WN: hibat0056.cmsaf.mit.edu 
Job is running on Linux hibat0056.cmsaf.mit.edu 2.6.32-358.el6.x86_64 #1 SMP Fri Feb 22 20:37:17 CST 2013 x86_64 x86_64 x86_64 GNU/Linux
Filesystem            Size  Used Avail Use% Mounted on
/dev/sda3              20G  3.8G   15G  20% /
tmpfs                  24G     0   24G   0% /dev/shm
/dev/sda1              97M   32M   61M  35% /boot
/dev/sda4             874G   67G  808G   8% /export/data1
/dev/sdb1             1.8T  1.7T  136G  93% /export/00b
/dev/sdc1             1.8T  1.7T  131G  93% /export/00c
/dev/sdd1             1.8T  1.7T  118G  94% /export/00d
/dev/sde1             1.8T  1.7T  143G  93% /export/00e
/dev/sdf1             1.8T  1.7T  133G  93% /export/00f
fuse_dfs              4.9P  4.6P  328T  94% /mnt/hadoop
t2srv0004:/export/db  135G  187M  135G   1% /net/t2srv0004/db
cvmfs2                 98G   57G   41G  59% /cvmfs/cms.cern.ch
cvmfs2                 98G   57G   41G  59% /cvmfs/cvmfs.cmsaf.mit.edu
gcc (GCC) 4.4.7 20120313 (Red Hat 4.4.7-3)
Copyright (C) 2010 Free Software Foundation, Inc.
This is free software; see the source for copying conditions.  There is NO
warranty; not even for MERCHANTABILITY or FITNESS FOR A PARTICULAR PURPOSE.

Processing...
0/213545
10000/213545
20000/213545
30000/213545
40000/213545
50000/213545
60000/213545
70000/213545
80000/213545
90000/213545
100000/213545
110000/213545
120000/213545
130000/213545
140000/213545
150000/213545
160000/213545
170000/213545
180000/213545
190000/213545
200000/213545
210000/213545
Macro finished: 
CPU time (min)  = 1.9425
Real time (min) = 3.81444
total 1.8M
-rw-r--r--  1 obaron obaron 108K Aug 13 15:28 jetRAA_PbPb_data_forest.txt
-rw-r--r--  1 obaron obaron  94K Aug 13 15:28 jetRAA_PbPb_data_akPu4_select.txt
-rw-r--r--  1 obaron obaron  94K Aug 13 15:28 jetRAA_PbPb_data_akPu3_select.txt
-rw-r--r--  1 obaron obaron  94K Aug 13 15:28 jetRAA_PbPb_data_akPu2_select.txt
-rw-r--r--  1 obaron obaron  70K Aug 20 12:29 RAA_read_data_pbpb.C
-rw-r--r--  1 obaron obaron  11K Aug 20 12:30 RAA_read_data_pbpb_C.d
-rwxr-xr-x  1 obaron obaron 101K Aug 20 12:30 RAA_read_data_pbpb_C.so
-rw-rw-r--  1 obaron obaron  61K Aug 20 12:54 jetRAA_run_PbPb_Data.tar
-rwxr-xr-x  1 obaron obaron 1.2K Aug 20 12:54 condor_exec.exe
-rw-r--r--  1 condor condor  20K Aug 20 12:54 .job.ad
-rw-r--r--  1 condor condor 5.6K Aug 20 12:54 .machine.ad
-rwx------  1 obaron obaron   49 Aug 20 12:54 .chirp.config
drwx------  2 obaron obaron 4.0K Aug 20 12:54 .
-rw-r--r--  1 obaron obaron  678 Aug 20 12:54 _condor_stderr
drwxr-xr-x 12 condor root   4.0K Aug 20 12:56 ..
-rw-r--r--  1 obaron obaron 1.7K Aug 20 12:58 _condor_stdout
-rw-r--r--  1 obaron obaron 1.1M Aug 20 12:58 PbPb_Data_histograms_FromForest_pileupCutFIX_ZDCmCut_akPu4_20_eta_20_535.root
Done!
Copied output files to hadoop rootfiles/JetRAA/June29
