000 (556160.000.000) 08/12 11:33:50 Job submitted from host: <18.12.1.74:48322>
...
001 (556160.000.000) 08/12 12:04:19 Job executing on host: <18.12.8.230:41387>
...
006 (556160.000.000) 08/12 12:04:28 Image size of job updated: 2
	3  -  MemoryUsage of job (MB)
	2348  -  ResidentSetSize of job (KB)
...
006 (556160.000.000) 08/12 12:09:29 Image size of job updated: 230668
	86  -  MemoryUsage of job (MB)
	87176  -  ResidentSetSize of job (KB)
...
006 (556160.000.000) 08/12 12:24:30 Image size of job updated: 230668
	99  -  MemoryUsage of job (MB)
	100800  -  ResidentSetSize of job (KB)
...
005 (556160.000.000) 08/12 12:28:33 Job terminated.
	(1) Normal termination (return value 0)
		Usr 0 00:02:00, Sys 0 00:00:02  -  Run Remote Usage
		Usr 0 00:00:00, Sys 0 00:00:00  -  Run Local Usage
		Usr 0 00:02:00, Sys 0 00:00:02  -  Total Remote Usage
		Usr 0 00:00:00, Sys 0 00:00:00  -  Total Local Usage
	586319  -  Run Bytes Sent By Job
	62715  -  Run Bytes Received By Job
	586319  -  Total Bytes Sent By Job
	62715  -  Total Bytes Received By Job
	Partitionable Resources :    Usage  Request          
	   Cpus                 :                 1          
	   Disk (KB)            :      659      659          
	   Memory (MB)          :       99       99          
...
000 (566529.000.000) 08/20 21:09:54 Job submitted from host: <18.12.1.74:48322>
...
007 (566529.000.000) 08/20 21:10:06 Shadow exception!
	Error from slot30@t2bat0284.cmsaf.mit.edu: Failed to transfer files
	0  -  Run Bytes Sent By Job
	0  -  Run Bytes Received By Job
...
007 (566529.000.000) 08/20 21:10:18 Shadow exception!
	Error from slot21@t2bat0305.cmsaf.mit.edu: Failed to transfer files
	0  -  Run Bytes Sent By Job
	0  -  Run Bytes Received By Job
...
001 (566529.000.000) 08/20 21:10:29 Job executing on host: <18.12.9.36:47227>
...
006 (566529.000.000) 08/20 21:10:38 Image size of job updated: 2
	3  -  MemoryUsage of job (MB)
	2356  -  ResidentSetSize of job (KB)
...
006 (566529.000.000) 08/20 21:15:38 Image size of job updated: 230676
	99  -  MemoryUsage of job (MB)
	101152  -  ResidentSetSize of job (KB)
...
005 (566529.000.000) 08/20 21:25:55 Job terminated.
	(1) Normal termination (return value 0)
		Usr 0 00:02:06, Sys 0 00:00:03  -  Run Remote Usage
		Usr 0 00:00:00, Sys 0 00:00:00  -  Run Local Usage
		Usr 0 00:02:06, Sys 0 00:00:03  -  Total Remote Usage
		Usr 0 00:00:00, Sys 0 00:00:00  -  Total Local Usage
	586566  -  Run Bytes Sent By Job
	62731  -  Run Bytes Received By Job
	586566  -  Total Bytes Sent By Job
	62731  -  Total Bytes Received By Job
	Partitionable Resources :    Usage  Request          
	   Cpus                 :                 1          
	   Disk (KB)            :      659      659          
	   Memory (MB)          :       99       99          
...
