000 (556065.000.000) 08/12 11:33:40 Job submitted from host: <18.12.1.74:48322>
...
001 (556065.000.000) 08/12 11:51:20 Job executing on host: <18.12.9.82:48979>
...
006 (556065.000.000) 08/12 11:51:28 Image size of job updated: 13384
	2  -  MemoryUsage of job (MB)
	1980  -  ResidentSetSize of job (KB)
...
006 (556065.000.000) 08/12 11:56:28 Image size of job updated: 230296
	106  -  MemoryUsage of job (MB)
	108512  -  ResidentSetSize of job (KB)
...
005 (556065.000.000) 08/12 12:03:42 Job terminated.
	(1) Normal termination (return value 0)
		Usr 0 00:00:53, Sys 0 00:00:02  -  Run Remote Usage
		Usr 0 00:00:00, Sys 0 00:00:00  -  Run Local Usage
		Usr 0 00:00:53, Sys 0 00:00:02  -  Total Remote Usage
		Usr 0 00:00:00, Sys 0 00:00:00  -  Total Local Usage
	586207  -  Run Bytes Sent By Job
	62715  -  Run Bytes Received By Job
	586207  -  Total Bytes Sent By Job
	62715  -  Total Bytes Received By Job
	Partitionable Resources :    Usage  Request          
	   Cpus                 :                 1          
	   Disk (KB)            :      659      659          
	   Memory (MB)          :      106      106          
...
000 (566434.000.000) 08/20 21:03:06 Job submitted from host: <18.12.1.74:48322>
...
001 (566434.000.000) 08/20 21:04:14 Job executing on host: <18.12.9.41:47519>
...
006 (566434.000.000) 08/20 21:04:23 Image size of job updated: 18496
	2  -  MemoryUsage of job (MB)
	1900  -  ResidentSetSize of job (KB)
...
006 (566434.000.000) 08/20 21:08:09 Image size of job updated: 230296
	2  -  MemoryUsage of job (MB)
	1900  -  ResidentSetSize of job (KB)
...
005 (566434.000.000) 08/20 21:14:34 Job terminated.
	(1) Normal termination (return value 0)
		Usr 0 00:01:05, Sys 0 00:00:01  -  Run Remote Usage
		Usr 0 00:00:00, Sys 0 00:00:00  -  Run Local Usage
		Usr 0 00:01:05, Sys 0 00:00:01  -  Total Remote Usage
		Usr 0 00:00:00, Sys 0 00:00:00  -  Total Local Usage
	586396  -  Run Bytes Sent By Job
	62731  -  Run Bytes Received By Job
	586396  -  Total Bytes Sent By Job
	62731  -  Total Bytes Received By Job
	Partitionable Resources :    Usage  Request          
	   Cpus                 :                 1          
	   Disk (KB)            :      659      659          
	   Memory (MB)          :        2        2          
...
000 (782439.000.000) 10/01 13:04:27 Job submitted from host: <18.12.1.74:47665>
...
001 (782439.000.000) 10/01 13:14:07 Job executing on host: <18.12.6.31:47519>
...
006 (782439.000.000) 10/01 13:14:16 Image size of job updated: 193800
	78  -  MemoryUsage of job (MB)
	79560  -  ResidentSetSize of job (KB)
...
006 (782439.000.000) 10/01 13:19:17 Image size of job updated: 230292
	109  -  MemoryUsage of job (MB)
	111284  -  ResidentSetSize of job (KB)
...
005 (782439.000.000) 10/01 13:20:14 Job terminated.
	(1) Normal termination (return value 0)
		Usr 0 00:01:03, Sys 0 00:00:00  -  Run Remote Usage
		Usr 0 00:00:00, Sys 0 00:00:00  -  Run Local Usage
		Usr 0 00:01:03, Sys 0 00:00:00  -  Total Remote Usage
		Usr 0 00:00:00, Sys 0 00:00:00  -  Total Local Usage
	586061  -  Run Bytes Sent By Job
	62730  -  Run Bytes Received By Job
	586061  -  Total Bytes Sent By Job
	62730  -  Total Bytes Received By Job
	Partitionable Resources :    Usage  Request          
	   Cpus                 :                 1          
	   Disk (KB)            :      659      659          
	   Memory (MB)          :      109      109          
...
000 (782620.000.000) 10/01 14:31:18 Job submitted from host: <18.12.1.74:47665>
...
001 (782620.000.000) 10/01 14:33:11 Job executing on host: <18.12.8.196:42117>
...
006 (782620.000.000) 10/01 14:33:20 Image size of job updated: 189328
	74  -  MemoryUsage of job (MB)
	75028  -  ResidentSetSize of job (KB)
...
006 (782620.000.000) 10/01 14:38:21 Image size of job updated: 227372
	88  -  MemoryUsage of job (MB)
	89464  -  ResidentSetSize of job (KB)
...
005 (782620.000.000) 10/01 14:43:29 Job terminated.
	(1) Normal termination (return value 0)
		Usr 0 00:00:37, Sys 0 00:00:01  -  Run Remote Usage
		Usr 0 00:00:00, Sys 0 00:00:00  -  Run Local Usage
		Usr 0 00:00:37, Sys 0 00:00:01  -  Total Remote Usage
		Usr 0 00:00:00, Sys 0 00:00:00  -  Total Local Usage
	3174149  -  Run Bytes Sent By Job
	62736  -  Run Bytes Received By Job
	3174149  -  Total Bytes Sent By Job
	62736  -  Total Bytes Received By Job
	Partitionable Resources :    Usage  Request          
	   Cpus                 :                 1          
	   Disk (KB)            :     3186     3186          
	   Memory (MB)          :       88       88          
...
000 (788161.000.000) 10/09 09:23:40 Job submitted from host: <18.12.1.74:45913>
...
001 (788161.000.000) 10/09 09:24:11 Job executing on host: <18.12.8.243:40876>
...
006 (788161.000.000) 10/09 09:24:20 Image size of job updated: 1196
	1  -  MemoryUsage of job (MB)
	156  -  ResidentSetSize of job (KB)
...
006 (788161.000.000) 10/09 09:26:36 Image size of job updated: 230276
	1  -  MemoryUsage of job (MB)
	156  -  ResidentSetSize of job (KB)
...
005 (788161.000.000) 10/09 09:26:37 Job terminated.
	(1) Normal termination (return value 0)
		Usr 0 00:01:04, Sys 0 00:00:01  -  Run Remote Usage
		Usr 0 00:00:00, Sys 0 00:00:00  -  Run Local Usage
		Usr 0 00:01:04, Sys 0 00:00:01  -  Total Remote Usage
		Usr 0 00:00:00, Sys 0 00:00:00  -  Total Local Usage
	585382  -  Run Bytes Sent By Job
	62698  -  Run Bytes Received By Job
	585382  -  Total Bytes Sent By Job
	62698  -  Total Bytes Received By Job
	Partitionable Resources :    Usage  Request          
	   Cpus                 :                 1          
	   Disk (KB)            :      658      658          
	   Memory (MB)          :        1        1          
...
000 (788526.000.000) 10/12 09:48:01 Job submitted from host: <18.12.1.74:45913>
...
001 (788526.000.000) 10/12 09:56:41 Job executing on host: <18.12.8.169:42044>
...
006 (788526.000.000) 10/12 09:56:49 Image size of job updated: 2
	3  -  MemoryUsage of job (MB)
	2352  -  ResidentSetSize of job (KB)
...
006 (788526.000.000) 10/12 09:58:49 Image size of job updated: 230280
	3  -  MemoryUsage of job (MB)
	2352  -  ResidentSetSize of job (KB)
...
005 (788526.000.000) 10/12 09:58:49 Job terminated.
	(1) Normal termination (return value 0)
		Usr 0 00:00:56, Sys 0 00:00:01  -  Run Remote Usage
		Usr 0 00:00:00, Sys 0 00:00:00  -  Run Local Usage
		Usr 0 00:00:56, Sys 0 00:00:01  -  Total Remote Usage
		Usr 0 00:00:00, Sys 0 00:00:00  -  Total Local Usage
	585100  -  Run Bytes Sent By Job
	62703  -  Run Bytes Received By Job
	585100  -  Total Bytes Sent By Job
	62703  -  Total Bytes Received By Job
	Partitionable Resources :    Usage  Request          
	   Cpus                 :                 1          
	   Disk (KB)            :      658      658          
	   Memory (MB)          :        3        3          
...
