000 (556125.000.000) 08/12 11:33:47 Job submitted from host: <18.12.1.74:48322>
...
001 (556125.000.000) 08/12 12:00:55 Job executing on host: <18.12.6.85:41241>
...
006 (556125.000.000) 08/12 12:01:04 Image size of job updated: 230428
	96  -  MemoryUsage of job (MB)
	97704  -  ResidentSetSize of job (KB)
...
006 (556125.000.000) 08/12 12:06:05 Image size of job updated: 230692
	113  -  MemoryUsage of job (MB)
	115492  -  ResidentSetSize of job (KB)
...
005 (556125.000.000) 08/12 12:07:43 Job terminated.
	(1) Normal termination (return value 0)
		Usr 0 00:01:45, Sys 0 00:00:03  -  Run Remote Usage
		Usr 0 00:00:00, Sys 0 00:00:00  -  Run Local Usage
		Usr 0 00:01:45, Sys 0 00:00:03  -  Total Remote Usage
		Usr 0 00:00:00, Sys 0 00:00:00  -  Total Local Usage
	586148  -  Run Bytes Sent By Job
	62715  -  Run Bytes Received By Job
	586148  -  Total Bytes Sent By Job
	62715  -  Total Bytes Received By Job
	Partitionable Resources :    Usage  Request          
	   Cpus                 :                 1          
	   Disk (KB)            :      659      659          
	   Memory (MB)          :      113      113          
...
000 (566494.000.000) 08/20 21:07:49 Job submitted from host: <18.12.1.74:48322>
...
001 (566494.000.000) 08/20 21:08:07 Job executing on host: <18.12.9.52:43066>
...
006 (566494.000.000) 08/20 21:08:16 Image size of job updated: 230424
	96  -  MemoryUsage of job (MB)
	97888  -  ResidentSetSize of job (KB)
...
006 (566494.000.000) 08/20 21:10:34 Image size of job updated: 230692
	96  -  MemoryUsage of job (MB)
	97888  -  ResidentSetSize of job (KB)
...
005 (566494.000.000) 08/20 21:16:54 Job terminated.
	(1) Normal termination (return value 0)
		Usr 0 00:01:29, Sys 0 00:00:01  -  Run Remote Usage
		Usr 0 00:00:00, Sys 0 00:00:00  -  Run Local Usage
		Usr 0 00:01:29, Sys 0 00:00:01  -  Total Remote Usage
		Usr 0 00:00:00, Sys 0 00:00:00  -  Total Local Usage
	586219  -  Run Bytes Sent By Job
	62731  -  Run Bytes Received By Job
	586219  -  Total Bytes Sent By Job
	62731  -  Total Bytes Received By Job
	Partitionable Resources :    Usage  Request          
	   Cpus                 :                 1          
	   Disk (KB)            :      659      659          
	   Memory (MB)          :       96       96          
...
000 (782499.000.000) 10/01 13:04:34 Job submitted from host: <18.12.1.74:47665>
...
001 (782499.000.000) 10/01 13:15:41 Job executing on host: <18.12.8.179:42774>
...
006 (782499.000.000) 10/01 13:15:51 Image size of job updated: 193668
	79  -  MemoryUsage of job (MB)
	80612  -  ResidentSetSize of job (KB)
...
006 (782499.000.000) 10/01 13:20:51 Image size of job updated: 230392
	104  -  MemoryUsage of job (MB)
	105840  -  ResidentSetSize of job (KB)
...
006 (782499.000.000) 10/01 13:23:03 Image size of job updated: 230664
	104  -  MemoryUsage of job (MB)
	105840  -  ResidentSetSize of job (KB)
...
005 (782499.000.000) 10/01 13:23:26 Job terminated.
	(1) Normal termination (return value 0)
		Usr 0 00:01:20, Sys 0 00:00:02  -  Run Remote Usage
		Usr 0 00:00:00, Sys 0 00:00:00  -  Run Local Usage
		Usr 0 00:01:20, Sys 0 00:00:02  -  Total Remote Usage
		Usr 0 00:00:00, Sys 0 00:00:00  -  Total Local Usage
	586307  -  Run Bytes Sent By Job
	62730  -  Run Bytes Received By Job
	586307  -  Total Bytes Sent By Job
	62730  -  Total Bytes Received By Job
	Partitionable Resources :    Usage  Request          
	   Cpus                 :                 1          
	   Disk (KB)            :      659      659          
	   Memory (MB)          :      104      104          
...
000 (782680.000.000) 10/01 14:32:08 Job submitted from host: <18.12.1.74:47665>
...
001 (782680.000.000) 10/01 14:34:07 Job executing on host: <18.12.8.140:44453>
...
006 (782680.000.000) 10/01 14:34:16 Image size of job updated: 193788
	65  -  MemoryUsage of job (MB)
	66056  -  ResidentSetSize of job (KB)
...
006 (782680.000.000) 10/01 14:38:24 Image size of job updated: 227592
	65  -  MemoryUsage of job (MB)
	66056  -  ResidentSetSize of job (KB)
...
005 (782680.000.000) 10/01 14:42:05 Job terminated.
	(1) Normal termination (return value 0)
		Usr 0 00:00:49, Sys 0 00:00:01  -  Run Remote Usage
		Usr 0 00:00:00, Sys 0 00:00:00  -  Run Local Usage
		Usr 0 00:00:49, Sys 0 00:00:01  -  Total Remote Usage
		Usr 0 00:00:00, Sys 0 00:00:00  -  Total Local Usage
	4274953  -  Run Bytes Sent By Job
	62736  -  Run Bytes Received By Job
	4274953  -  Total Bytes Sent By Job
	62736  -  Total Bytes Received By Job
	Partitionable Resources :    Usage  Request          
	   Cpus                 :                 1          
	   Disk (KB)            :     4261     4261          
	   Memory (MB)          :       65       65          
...
000 (788221.000.000) 10/09 09:23:46 Job submitted from host: <18.12.1.74:45913>
...
001 (788221.000.000) 10/09 09:24:13 Job executing on host: <18.12.8.254:42847>
...
006 (788221.000.000) 10/09 09:24:22 Image size of job updated: 2
	3  -  MemoryUsage of job (MB)
	2336  -  ResidentSetSize of job (KB)
...
006 (788221.000.000) 10/09 09:27:33 Image size of job updated: 230676
	3  -  MemoryUsage of job (MB)
	2336  -  ResidentSetSize of job (KB)
...
005 (788221.000.000) 10/09 09:27:33 Job terminated.
	(1) Normal termination (return value 0)
		Usr 0 00:01:35, Sys 0 00:00:01  -  Run Remote Usage
		Usr 0 00:00:00, Sys 0 00:00:00  -  Run Local Usage
		Usr 0 00:01:35, Sys 0 00:00:01  -  Total Remote Usage
		Usr 0 00:00:00, Sys 0 00:00:00  -  Total Local Usage
	585754  -  Run Bytes Sent By Job
	62698  -  Run Bytes Received By Job
	585754  -  Total Bytes Sent By Job
	62698  -  Total Bytes Received By Job
	Partitionable Resources :    Usage  Request          
	   Cpus                 :                 1          
	   Disk (KB)            :      658      658          
	   Memory (MB)          :        3        3          
...
000 (788586.000.000) 10/12 09:48:06 Job submitted from host: <18.12.1.74:45913>
...
001 (788586.000.000) 10/12 09:58:57 Job executing on host: <18.12.8.169:42044>
...
006 (788586.000.000) 10/12 09:59:05 Image size of job updated: 2
	3  -  MemoryUsage of job (MB)
	2360  -  ResidentSetSize of job (KB)
...
006 (788586.000.000) 10/12 10:02:10 Image size of job updated: 230676
	3  -  MemoryUsage of job (MB)
	2360  -  ResidentSetSize of job (KB)
...
005 (788586.000.000) 10/12 10:02:10 Job terminated.
	(1) Normal termination (return value 0)
		Usr 0 00:01:20, Sys 0 00:00:00  -  Run Remote Usage
		Usr 0 00:00:00, Sys 0 00:00:00  -  Run Local Usage
		Usr 0 00:01:20, Sys 0 00:00:00  -  Total Remote Usage
		Usr 0 00:00:00, Sys 0 00:00:00  -  Total Local Usage
	585183  -  Run Bytes Sent By Job
	62703  -  Run Bytes Received By Job
	585183  -  Total Bytes Sent By Job
	62703  -  Total Bytes Received By Job
	Partitionable Resources :    Usage  Request          
	   Cpus                 :                 1          
	   Disk (KB)            :      658      658          
	   Memory (MB)          :        3        3          
...
