
----------------------------------------------------
Job started on Wed Aug 12 11:34:19 EDT 2015 at WN: t2bat0152.cmsaf.mit.edu 
Job is running on Linux t2bat0152.cmsaf.mit.edu 2.6.32-358.el6.x86_64 #1 SMP Fri Feb 22 20:37:17 CST 2013 x86_64 x86_64 x86_64 GNU/Linux
Filesystem            Size  Used Avail Use% Mounted on
/dev/sda3              20G  2.9G   16G  16% /
tmpfs                  12G     0   12G   0% /dev/shm
/dev/sda1              97M   32M   61M  35% /boot
/dev/sda4             416G   85G  331G  21% /export/data1
/dev/sdc1             1.8T  1.7T  147G  93% /export/00b
/dev/sdd1             1.8T  1.7T  130G  93% /export/00c
/dev/sde1             1.8T  1.7T  142G  93% /export/00d
/dev/sdb1             1.8T  1.7T  117G  94% /export/00e
/dev/sdf1             1.8T  1.7T  143G  93% /export/00f
fuse_dfs              4.9P  4.6P  345T  94% /mnt/hadoop
t2srv0004:/export/db  135G  187M  135G   1% /net/t2srv0004/db
cvmfs2                 98G   77G   21G  79% /cvmfs/cms.cern.ch
cvmfs2                 98G   77G   21G  79% /cvmfs/oasis.opensciencegrid.org
cvmfs2                 98G   77G   21G  79% /cvmfs/cdfcfs.fnal.gov
cvmfs2                 98G   77G   21G  79% /cvmfs/cvmfs.cmsaf.mit.edu
gcc (GCC) 4.4.7 20120313 (Red Hat 4.4.7-3)
Copyright (C) 2010 Free Software Foundation, Inc.
This is free software; see the source for copying conditions.  There is NO
warranty; not even for MERCHANTABILITY or FITNESS FOR A PARTICULAR PURPOSE.

Processing...
0/2600
Macro finished: 
CPU time (min)  = 0.0343333
Real time (min) = 0.281825
total 1.3M
-rw-r--r--  1 obaron obaron 108K Aug 11 10:27 jetRAA_PbPb_data_forest.txt
-rw-r--r--  1 obaron obaron  94K Aug 11 10:27 jetRAA_PbPb_data_akPu4_select.txt
-rw-r--r--  1 obaron obaron  94K Aug 11 10:27 jetRAA_PbPb_data_akPu3_select.txt
-rw-r--r--  1 obaron obaron  94K Aug 11 10:27 jetRAA_PbPb_data_akPu2_select.txt
-rw-r--r--  1 obaron obaron  70K Aug 12 11:26 RAA_read_data_pbpb.C
-rw-r--r--  1 obaron obaron  11K Aug 12 11:31 RAA_read_data_pbpb_C.d
-rwxr-xr-x  1 obaron obaron 101K Aug 12 11:31 RAA_read_data_pbpb_C.so
-rw-rw-r--  1 obaron obaron  61K Aug 12 11:34 jetRAA_run_PbPb_Data.tar
-rwxr-xr-x  1 obaron obaron 1.2K Aug 12 11:34 condor_exec.exe
-rw-r--r--  1 condor condor  20K Aug 12 11:34 .job.ad
drwxr-xr-x 14 condor root   4.0K Aug 12 11:34 ..
-rw-r--r--  1 condor condor 5.4K Aug 12 11:34 .machine.ad
-rwx------  1 obaron obaron   50 Aug 12 11:34 .chirp.config
drwx------  2 obaron obaron 4.0K Aug 12 11:34 .
-rw-r--r--  1 obaron obaron  678 Aug 12 11:34 _condor_stderr
-rw-r--r--  1 obaron obaron 1.6K Aug 12 11:34 _condor_stdout
-rw-r--r--  1 obaron obaron 618K Aug 12 11:34 PbPb_Data_histograms_FromForest_pileupCutFIX_ZDCmCut_akPu2_20_eta_20_5.root
Done!
Copied output files to hadoop rootfiles/JetRAA/June29
