000 (556170.000.000) 08/12 11:33:52 Job submitted from host: <18.12.1.74:48322>
...
001 (556170.000.000) 08/12 12:05:26 Job executing on host: <18.12.8.212:45621>
...
006 (556170.000.000) 08/12 12:05:35 Image size of job updated: 192448
	77  -  MemoryUsage of job (MB)
	78236  -  ResidentSetSize of job (KB)
...
006 (556170.000.000) 08/12 12:10:36 Image size of job updated: 230380
	89  -  MemoryUsage of job (MB)
	90528  -  ResidentSetSize of job (KB)
...
006 (556170.000.000) 08/12 12:15:36 Image size of job updated: 230380
	91  -  MemoryUsage of job (MB)
	92932  -  ResidentSetSize of job (KB)
...
005 (556170.000.000) 08/12 12:18:29 Job terminated.
	(1) Normal termination (return value 0)
		Usr 0 00:01:11, Sys 0 00:00:01  -  Run Remote Usage
		Usr 0 00:00:00, Sys 0 00:00:00  -  Run Local Usage
		Usr 0 00:01:11, Sys 0 00:00:01  -  Total Remote Usage
		Usr 0 00:00:00, Sys 0 00:00:00  -  Total Local Usage
	585993  -  Run Bytes Sent By Job
	62715  -  Run Bytes Received By Job
	585993  -  Total Bytes Sent By Job
	62715  -  Total Bytes Received By Job
	Partitionable Resources :    Usage  Request          
	   Cpus                 :                 1          
	   Disk (KB)            :      659      659          
	   Memory (MB)          :       91       91          
...
000 (566539.000.000) 08/20 21:10:39 Job submitted from host: <18.12.1.74:48322>
...
001 (566539.000.000) 08/20 21:10:46 Job executing on host: <18.12.9.26:46862>
...
006 (566539.000.000) 08/20 21:10:55 Image size of job updated: 73544
	17  -  MemoryUsage of job (MB)
	17004  -  ResidentSetSize of job (KB)
...
006 (566539.000.000) 08/20 21:15:56 Image size of job updated: 230384
	101  -  MemoryUsage of job (MB)
	102924  -  ResidentSetSize of job (KB)
...
005 (566539.000.000) 08/20 21:23:05 Job terminated.
	(1) Normal termination (return value 0)
		Usr 0 00:01:19, Sys 0 00:00:02  -  Run Remote Usage
		Usr 0 00:00:00, Sys 0 00:00:00  -  Run Local Usage
		Usr 0 00:01:19, Sys 0 00:00:02  -  Total Remote Usage
		Usr 0 00:00:00, Sys 0 00:00:00  -  Total Local Usage
	586457  -  Run Bytes Sent By Job
	62731  -  Run Bytes Received By Job
	586457  -  Total Bytes Sent By Job
	62731  -  Total Bytes Received By Job
	Partitionable Resources :    Usage  Request          
	   Cpus                 :                 1          
	   Disk (KB)            :      659      659          
	   Memory (MB)          :      101      101          
...
