000 (556039.000.000) 08/12 11:33:38 Job submitted from host: <18.12.1.74:48322>
...
001 (556039.000.000) 08/12 11:47:20 Job executing on host: <18.12.8.178:42190>
...
006 (556039.000.000) 08/12 11:47:28 Image size of job updated: 93588
	3  -  MemoryUsage of job (MB)
	2424  -  ResidentSetSize of job (KB)
...
006 (556039.000.000) 08/12 11:48:08 Image size of job updated: 229980
	3  -  MemoryUsage of job (MB)
	2424  -  ResidentSetSize of job (KB)
...
005 (556039.000.000) 08/12 11:48:09 Job terminated.
	(1) Normal termination (return value 0)
		Usr 0 00:00:24, Sys 0 00:00:00  -  Run Remote Usage
		Usr 0 00:00:00, Sys 0 00:00:00  -  Run Local Usage
		Usr 0 00:00:24, Sys 0 00:00:00  -  Total Remote Usage
		Usr 0 00:00:00, Sys 0 00:00:00  -  Total Local Usage
	586053  -  Run Bytes Sent By Job
	62715  -  Run Bytes Received By Job
	586053  -  Total Bytes Sent By Job
	62715  -  Total Bytes Received By Job
	Partitionable Resources :    Usage  Request          
	   Cpus                 :                 1          
	   Disk (KB)            :      659      659          
	   Memory (MB)          :        3        3          
...
000 (566408.000.000) 08/20 21:01:47 Job submitted from host: <18.12.1.74:48322>
...
001 (566408.000.000) 08/20 21:02:02 Job executing on host: <18.12.8.3:40949>
...
006 (566408.000.000) 08/20 21:02:11 Image size of job updated: 229976
	94  -  MemoryUsage of job (MB)
	96196  -  ResidentSetSize of job (KB)
...
022 (566408.000.000) 08/20 21:02:51 Job disconnected, attempting to reconnect
    Socket between submit and execute hosts closed unexpectedly
    Trying to reconnect to slot10@t2bat0003.cmsaf.mit.edu <18.12.8.3:40949>
...
023 (566408.000.000) 08/20 21:02:51 Job reconnected to slot10@t2bat0003.cmsaf.mit.edu
    startd address: <18.12.8.3:40949>
    starter address: <18.12.8.3:45183>
...
022 (566408.000.000) 08/20 21:02:52 Job disconnected, attempting to reconnect
    Socket between submit and execute hosts closed unexpectedly
    Trying to reconnect to slot10@t2bat0003.cmsaf.mit.edu <18.12.8.3:40949>
...
023 (566408.000.000) 08/20 21:02:52 Job reconnected to slot10@t2bat0003.cmsaf.mit.edu
    startd address: <18.12.8.3:40949>
    starter address: <18.12.8.3:45183>
...
022 (566408.000.000) 08/20 21:02:53 Job disconnected, attempting to reconnect
    Socket between submit and execute hosts closed unexpectedly
    Trying to reconnect to slot10@t2bat0003.cmsaf.mit.edu <18.12.8.3:40949>
...
023 (566408.000.000) 08/20 21:02:53 Job reconnected to slot10@t2bat0003.cmsaf.mit.edu
    startd address: <18.12.8.3:40949>
    starter address: <18.12.8.3:45183>
...
022 (566408.000.000) 08/20 21:02:53 Job disconnected, attempting to reconnect
    Socket between submit and execute hosts closed unexpectedly
    Trying to reconnect to slot10@t2bat0003.cmsaf.mit.edu <18.12.8.3:40949>
...
023 (566408.000.000) 08/20 21:02:53 Job reconnected to slot10@t2bat0003.cmsaf.mit.edu
    startd address: <18.12.8.3:40949>
    starter address: <18.12.8.3:45183>
...
007 (566408.000.000) 08/20 21:02:55 Shadow exception!
	Error from slot10@t2bat0003.cmsaf.mit.edu: Repeated attempts to transfer output failed for unknown reasons
	0  -  Run Bytes Sent By Job
	62731  -  Run Bytes Received By Job
...
001 (566408.000.000) 08/20 21:03:00 Job executing on host: <18.12.9.43:40073>
...
022 (566408.000.000) 08/20 21:05:21 Job disconnected, attempting to reconnect
    Socket between submit and execute hosts closed unexpectedly
    Trying to reconnect to slot16@t2bat0299.cmsaf.mit.edu <18.12.9.43:40073>
...
023 (566408.000.000) 08/20 21:05:21 Job reconnected to slot16@t2bat0299.cmsaf.mit.edu
    startd address: <18.12.9.43:40073>
    starter address: <18.12.9.43:40365>
...
005 (566408.000.000) 08/20 21:11:47 Job terminated.
	(1) Normal termination (return value 0)
		Usr 0 00:00:28, Sys 0 00:00:01  -  Run Remote Usage
		Usr 0 00:00:00, Sys 0 00:00:00  -  Run Local Usage
		Usr 0 00:00:28, Sys 0 00:00:01  -  Total Remote Usage
		Usr 0 00:00:00, Sys 0 00:00:00  -  Total Local Usage
	586299  -  Run Bytes Sent By Job
	62731  -  Run Bytes Received By Job
	586299  -  Total Bytes Sent By Job
	125462  -  Total Bytes Received By Job
	Partitionable Resources :    Usage  Request          
	   Cpus                 :                 1          
	   Disk (KB)            :      750      750          
	   Memory (MB)          :       98       98          
...
000 (782413.000.000) 10/01 13:04:24 Job submitted from host: <18.12.1.74:47665>
...
001 (782413.000.000) 10/01 13:13:11 Job executing on host: <18.12.9.59:43869>
...
006 (782413.000.000) 10/01 13:13:19 Image size of job updated: 2
	3  -  MemoryUsage of job (MB)
	2344  -  ResidentSetSize of job (KB)
...
006 (782413.000.000) 10/01 13:14:11 Image size of job updated: 229976
	3  -  MemoryUsage of job (MB)
	2344  -  ResidentSetSize of job (KB)
...
005 (782413.000.000) 10/01 13:14:11 Job terminated.
	(1) Normal termination (return value 0)
		Usr 0 00:00:19, Sys 0 00:00:00  -  Run Remote Usage
		Usr 0 00:00:00, Sys 0 00:00:00  -  Run Local Usage
		Usr 0 00:00:19, Sys 0 00:00:00  -  Total Remote Usage
		Usr 0 00:00:00, Sys 0 00:00:00  -  Total Local Usage
	586220  -  Run Bytes Sent By Job
	62730  -  Run Bytes Received By Job
	586220  -  Total Bytes Sent By Job
	62730  -  Total Bytes Received By Job
	Partitionable Resources :    Usage  Request          
	   Cpus                 :                 1          
	   Disk (KB)            :      659      659          
	   Memory (MB)          :        3        3          
...
000 (782594.000.000) 10/01 14:30:51 Job submitted from host: <18.12.1.74:47665>
...
001 (782594.000.000) 10/01 14:31:41 Job executing on host: <18.12.6.13:44672>
...
006 (782594.000.000) 10/01 14:31:49 Image size of job updated: 69180
	17  -  MemoryUsage of job (MB)
	17036  -  ResidentSetSize of job (KB)
...
006 (782594.000.000) 10/01 14:32:18 Image size of job updated: 227172
	17  -  MemoryUsage of job (MB)
	17036  -  ResidentSetSize of job (KB)
...
005 (782594.000.000) 10/01 14:34:39 Job terminated.
	(1) Normal termination (return value 0)
		Usr 0 00:00:15, Sys 0 00:00:00  -  Run Remote Usage
		Usr 0 00:00:00, Sys 0 00:00:00  -  Run Local Usage
		Usr 0 00:00:15, Sys 0 00:00:00  -  Total Remote Usage
		Usr 0 00:00:00, Sys 0 00:00:00  -  Total Local Usage
	1756071  -  Run Bytes Sent By Job
	62736  -  Run Bytes Received By Job
	1756071  -  Total Bytes Sent By Job
	62736  -  Total Bytes Received By Job
	Partitionable Resources :    Usage  Request          
	   Cpus                 :                 1          
	   Disk (KB)            :     1801     1801          
	   Memory (MB)          :       17       17          
...
000 (788135.000.000) 10/09 09:23:37 Job submitted from host: <18.12.1.74:45913>
...
001 (788135.000.000) 10/09 09:24:04 Job executing on host: <18.12.8.213:47008>
...
006 (788135.000.000) 10/09 09:24:13 Image size of job updated: 146260
	31  -  MemoryUsage of job (MB)
	31528  -  ResidentSetSize of job (KB)
...
006 (788135.000.000) 10/09 09:25:16 Image size of job updated: 229960
	31  -  MemoryUsage of job (MB)
	31528  -  ResidentSetSize of job (KB)
...
005 (788135.000.000) 10/09 09:25:16 Job terminated.
	(1) Normal termination (return value 0)
		Usr 0 00:00:30, Sys 0 00:00:00  -  Run Remote Usage
		Usr 0 00:00:00, Sys 0 00:00:00  -  Run Local Usage
		Usr 0 00:00:30, Sys 0 00:00:00  -  Total Remote Usage
		Usr 0 00:00:00, Sys 0 00:00:00  -  Total Local Usage
	585570  -  Run Bytes Sent By Job
	62698  -  Run Bytes Received By Job
	585570  -  Total Bytes Sent By Job
	62698  -  Total Bytes Received By Job
	Partitionable Resources :    Usage  Request          
	   Cpus                 :                 1          
	   Disk (KB)            :      658      658          
	   Memory (MB)          :       31       31          
...
000 (788500.000.000) 10/12 09:47:58 Job submitted from host: <18.12.1.74:45913>
...
001 (788500.000.000) 10/12 09:52:36 Job executing on host: <18.12.8.110:42774>
...
006 (788500.000.000) 10/12 09:52:44 Image size of job updated: 2
	3  -  MemoryUsage of job (MB)
	2344  -  ResidentSetSize of job (KB)
...
006 (788500.000.000) 10/12 09:53:20 Image size of job updated: 229964
	3  -  MemoryUsage of job (MB)
	2344  -  ResidentSetSize of job (KB)
...
005 (788500.000.000) 10/12 09:53:20 Job terminated.
	(1) Normal termination (return value 0)
		Usr 0 00:00:22, Sys 0 00:00:00  -  Run Remote Usage
		Usr 0 00:00:00, Sys 0 00:00:00  -  Run Local Usage
		Usr 0 00:00:22, Sys 0 00:00:00  -  Total Remote Usage
		Usr 0 00:00:00, Sys 0 00:00:00  -  Total Local Usage
	585002  -  Run Bytes Sent By Job
	62703  -  Run Bytes Received By Job
	585002  -  Total Bytes Sent By Job
	62703  -  Total Bytes Received By Job
	Partitionable Resources :    Usage  Request          
	   Cpus                 :                 1          
	   Disk (KB)            :      658      658          
	   Memory (MB)          :        3        3          
...
