000 (556395.000.000) 08/12 14:10:52 Job submitted from host: <18.12.1.74:48322>
...
001 (556395.000.000) 08/12 14:35:21 Job executing on host: <18.12.9.36:47227>
...
006 (556395.000.000) 08/12 14:35:30 Image size of job updated: 2
	3  -  MemoryUsage of job (MB)
	2352  -  ResidentSetSize of job (KB)
...
006 (556395.000.000) 08/12 14:40:31 Image size of job updated: 230272
	102  -  MemoryUsage of job (MB)
	103712  -  ResidentSetSize of job (KB)
...
006 (556395.000.000) 08/12 14:45:31 Image size of job updated: 230712
	102  -  MemoryUsage of job (MB)
	103712  -  ResidentSetSize of job (KB)
...
005 (556395.000.000) 08/12 14:49:36 Job terminated.
	(1) Normal termination (return value 0)
		Usr 0 00:01:45, Sys 0 00:00:04  -  Run Remote Usage
		Usr 0 00:00:00, Sys 0 00:00:00  -  Run Local Usage
		Usr 0 00:01:45, Sys 0 00:00:04  -  Total Remote Usage
		Usr 0 00:00:00, Sys 0 00:00:00  -  Total Local Usage
	586585  -  Run Bytes Sent By Job
	62715  -  Run Bytes Received By Job
	586585  -  Total Bytes Sent By Job
	62715  -  Total Bytes Received By Job
	Partitionable Resources :    Usage  Request          
	   Cpus                 :                 1          
	   Disk (KB)            :      659      659          
	   Memory (MB)          :      102      102          
...
000 (557655.000.000) 08/13 11:57:28 Job submitted from host: <18.12.1.74:48322>
...
001 (557655.000.000) 08/13 12:28:37 Job executing on host: <18.12.9.27:43942>
...
006 (557655.000.000) 08/13 12:28:46 Image size of job updated: 228624
	93  -  MemoryUsage of job (MB)
	94580  -  ResidentSetSize of job (KB)
...
006 (557655.000.000) 08/13 12:33:47 Image size of job updated: 230712
	93  -  MemoryUsage of job (MB)
	94580  -  ResidentSetSize of job (KB)
...
005 (557655.000.000) 08/13 12:40:35 Job terminated.
	(1) Normal termination (return value 0)
		Usr 0 00:01:50, Sys 0 00:00:04  -  Run Remote Usage
		Usr 0 00:00:00, Sys 0 00:00:00  -  Run Local Usage
		Usr 0 00:01:50, Sys 0 00:00:04  -  Total Remote Usage
		Usr 0 00:00:00, Sys 0 00:00:00  -  Total Local Usage
	586583  -  Run Bytes Sent By Job
	62715  -  Run Bytes Received By Job
	586583  -  Total Bytes Sent By Job
	62715  -  Total Bytes Received By Job
	Partitionable Resources :    Usage  Request          
	   Cpus                 :                 1          
	   Disk (KB)            :      659      659          
	   Memory (MB)          :       93       93          
...
000 (558171.000.000) 08/13 14:31:11 Job submitted from host: <18.12.1.74:48322>
...
001 (558171.000.000) 08/13 15:00:26 Job executing on host: <18.12.9.51:45549>
...
006 (558171.000.000) 08/13 15:00:34 Image size of job updated: 224992
	92  -  MemoryUsage of job (MB)
	93512  -  ResidentSetSize of job (KB)
...
006 (558171.000.000) 08/13 15:04:23 Image size of job updated: 230712
	92  -  MemoryUsage of job (MB)
	93512  -  ResidentSetSize of job (KB)
...
005 (558171.000.000) 08/13 15:04:23 Job terminated.
	(1) Normal termination (return value 0)
		Usr 0 00:01:36, Sys 0 00:00:02  -  Run Remote Usage
		Usr 0 00:00:00, Sys 0 00:00:00  -  Run Local Usage
		Usr 0 00:01:36, Sys 0 00:00:02  -  Total Remote Usage
		Usr 0 00:00:00, Sys 0 00:00:00  -  Total Local Usage
	586304  -  Run Bytes Sent By Job
	62714  -  Run Bytes Received By Job
	586304  -  Total Bytes Sent By Job
	62714  -  Total Bytes Received By Job
	Partitionable Resources :    Usage  Request          
	   Cpus                 :                 1          
	   Disk (KB)            :      659      659          
	   Memory (MB)          :       92       92          
...
000 (565508.000.000) 08/20 12:51:31 Job submitted from host: <18.12.1.74:48322>
...
001 (565508.000.000) 08/20 12:52:00 Job executing on host: <18.12.9.1:47665>
...
006 (565508.000.000) 08/20 12:52:09 Image size of job updated: 2
	3  -  MemoryUsage of job (MB)
	2344  -  ResidentSetSize of job (KB)
...
006 (565508.000.000) 08/20 12:56:00 Image size of job updated: 230708
	3  -  MemoryUsage of job (MB)
	2344  -  ResidentSetSize of job (KB)
...
005 (565508.000.000) 08/20 13:04:06 Job terminated.
	(1) Normal termination (return value 0)
		Usr 0 00:02:02, Sys 0 00:00:02  -  Run Remote Usage
		Usr 0 00:00:00, Sys 0 00:00:00  -  Run Local Usage
		Usr 0 00:02:02, Sys 0 00:00:02  -  Total Remote Usage
		Usr 0 00:00:00, Sys 0 00:00:00  -  Total Local Usage
	586304  -  Run Bytes Sent By Job
	62731  -  Run Bytes Received By Job
	586304  -  Total Bytes Sent By Job
	62731  -  Total Bytes Received By Job
	Partitionable Resources :    Usage  Request          
	   Cpus                 :                 1          
	   Disk (KB)            :      659      659          
	   Memory (MB)          :        3        3          
...
000 (783001.000.000) 10/02 11:05:24 Job submitted from host: <18.12.1.74:41314>
...
001 (783001.000.000) 10/02 11:11:45 Job executing on host: <18.12.8.120:48687>
...
006 (783001.000.000) 10/02 11:11:46 Image size of job updated: 2
	0  -  MemoryUsage of job (MB)
	0  -  ResidentSetSize of job (KB)
...
005 (783001.000.000) 10/02 11:15:43 Job terminated.
	(1) Normal termination (return value 0)
		Usr 0 00:00:00, Sys 0 00:00:00  -  Run Remote Usage
		Usr 0 00:00:00, Sys 0 00:00:00  -  Run Local Usage
		Usr 0 00:00:00, Sys 0 00:00:00  -  Total Remote Usage
		Usr 0 00:00:00, Sys 0 00:00:00  -  Total Local Usage
	585354  -  Run Bytes Sent By Job
	62733  -  Run Bytes Received By Job
	585354  -  Total Bytes Sent By Job
	62733  -  Total Bytes Received By Job
	Partitionable Resources :    Usage  Request          
	   Cpus                 :                 1          
	   Disk (KB)            :      658      658          
	   Memory (MB)          :        0        0          
...
000 (783182.000.000) 10/02 16:13:24 Job submitted from host: <18.12.1.74:45913>
...
001 (783182.000.000) 10/02 16:14:16 Job executing on host: <18.12.8.193:48176>
...
006 (783182.000.000) 10/02 16:14:21 Image size of job updated: 2
	0  -  MemoryUsage of job (MB)
	0  -  ResidentSetSize of job (KB)
...
005 (783182.000.000) 10/02 16:14:21 Job terminated.
	(1) Normal termination (return value 0)
		Usr 0 00:00:00, Sys 0 00:00:00  -  Run Remote Usage
		Usr 0 00:00:00, Sys 0 00:00:00  -  Run Local Usage
		Usr 0 00:00:00, Sys 0 00:00:00  -  Total Remote Usage
		Usr 0 00:00:00, Sys 0 00:00:00  -  Total Local Usage
	585554  -  Run Bytes Sent By Job
	62733  -  Run Bytes Received By Job
	585554  -  Total Bytes Sent By Job
	62733  -  Total Bytes Received By Job
	Partitionable Resources :    Usage  Request          
	   Cpus                 :                 1          
	   Disk (KB)            :      658      658          
	   Memory (MB)          :        0        0          
...
000 (783363.000.000) 10/02 16:48:38 Job submitted from host: <18.12.1.74:45913>
...
001 (783363.000.000) 10/02 16:48:56 Job executing on host: <18.12.12.4:44088>
...
006 (783363.000.000) 10/02 16:48:57 Image size of job updated: 2
	0  -  MemoryUsage of job (MB)
	0  -  ResidentSetSize of job (KB)
...
005 (783363.000.000) 10/02 16:48:58 Job terminated.
	(1) Normal termination (return value 0)
		Usr 0 00:00:00, Sys 0 00:00:00  -  Run Remote Usage
		Usr 0 00:00:00, Sys 0 00:00:00  -  Run Local Usage
		Usr 0 00:00:00, Sys 0 00:00:00  -  Total Remote Usage
		Usr 0 00:00:00, Sys 0 00:00:00  -  Total Local Usage
	586127  -  Run Bytes Sent By Job
	62733  -  Run Bytes Received By Job
	586127  -  Total Bytes Sent By Job
	62733  -  Total Bytes Received By Job
	Partitionable Resources :    Usage  Request          
	   Cpus                 :                 1          
	   Disk (KB)            :      659      659          
	   Memory (MB)          :        0        0          
...
000 (783546.000.000) 10/05 09:25:37 Job submitted from host: <18.12.1.74:45913>
...
001 (783546.000.000) 10/05 09:26:01 Job executing on host: <18.12.9.32:47227>
...
006 (783546.000.000) 10/05 09:26:07 Image size of job updated: 2
	0  -  MemoryUsage of job (MB)
	0  -  ResidentSetSize of job (KB)
...
005 (783546.000.000) 10/05 09:26:12 Job terminated.
	(1) Normal termination (return value 0)
		Usr 0 00:00:00, Sys 0 00:00:00  -  Run Remote Usage
		Usr 0 00:00:00, Sys 0 00:00:00  -  Run Local Usage
		Usr 0 00:00:00, Sys 0 00:00:00  -  Total Remote Usage
		Usr 0 00:00:00, Sys 0 00:00:00  -  Total Local Usage
	586110  -  Run Bytes Sent By Job
	62732  -  Run Bytes Received By Job
	586110  -  Total Bytes Sent By Job
	62732  -  Total Bytes Received By Job
	Partitionable Resources :    Usage  Request          
	   Cpus                 :                 1          
	   Disk (KB)            :      659      659          
	   Memory (MB)          :        0        0          
...
000 (783727.000.000) 10/05 10:00:23 Job submitted from host: <18.12.1.74:45913>
...
001 (783727.000.000) 10/05 10:00:57 Job executing on host: <18.12.9.23:44307>
...
006 (783727.000.000) 10/05 10:01:06 Image size of job updated: 1196
	1  -  MemoryUsage of job (MB)
	152  -  ResidentSetSize of job (KB)
...
006 (783727.000.000) 10/05 10:01:37 Image size of job updated: 26048
	1  -  MemoryUsage of job (MB)
	152  -  ResidentSetSize of job (KB)
...
005 (783727.000.000) 10/05 10:01:39 Job terminated.
	(1) Normal termination (return value 0)
		Usr 0 00:00:00, Sys 0 00:00:00  -  Run Remote Usage
		Usr 0 00:00:00, Sys 0 00:00:00  -  Run Local Usage
		Usr 0 00:00:00, Sys 0 00:00:00  -  Total Remote Usage
		Usr 0 00:00:00, Sys 0 00:00:00  -  Total Local Usage
	585421  -  Run Bytes Sent By Job
	62731  -  Run Bytes Received By Job
	585421  -  Total Bytes Sent By Job
	62731  -  Total Bytes Received By Job
	Partitionable Resources :    Usage  Request          
	   Cpus                 :                 1          
	   Disk (KB)            :      658      658          
	   Memory (MB)          :        1        1          
...
000 (783909.000.000) 10/05 12:25:09 Job submitted from host: <18.12.1.74:45913>
...
001 (783909.000.000) 10/05 12:25:17 Job executing on host: <18.12.9.69:42336>
...
006 (783909.000.000) 10/05 12:25:18 Image size of job updated: 74984
	0  -  MemoryUsage of job (MB)
	0  -  ResidentSetSize of job (KB)
...
005 (783909.000.000) 10/05 12:25:18 Job terminated.
	(1) Normal termination (return value 0)
		Usr 0 00:00:00, Sys 0 00:00:00  -  Run Remote Usage
		Usr 0 00:00:00, Sys 0 00:00:00  -  Run Local Usage
		Usr 0 00:00:00, Sys 0 00:00:00  -  Total Remote Usage
		Usr 0 00:00:00, Sys 0 00:00:00  -  Total Local Usage
	585752  -  Run Bytes Sent By Job
	62732  -  Run Bytes Received By Job
	585752  -  Total Bytes Sent By Job
	62732  -  Total Bytes Received By Job
	Partitionable Resources :    Usage  Request          
	   Cpus                 :                 1          
	   Disk (KB)            :      658      658          
	   Memory (MB)          :        0        0          
...
000 (784090.000.000) 10/05 12:28:44 Job submitted from host: <18.12.1.74:45913>
...
001 (784090.000.000) 10/05 12:29:18 Job executing on host: <18.12.9.80:45183>
...
006 (784090.000.000) 10/05 12:29:27 Image size of job updated: 230136
	81  -  MemoryUsage of job (MB)
	81944  -  ResidentSetSize of job (KB)
...
006 (784090.000.000) 10/05 12:31:08 Image size of job updated: 230704
	81  -  MemoryUsage of job (MB)
	81944  -  ResidentSetSize of job (KB)
...
005 (784090.000.000) 10/05 12:31:08 Job terminated.
	(1) Normal termination (return value 0)
		Usr 0 00:01:08, Sys 0 00:00:01  -  Run Remote Usage
		Usr 0 00:00:00, Sys 0 00:00:00  -  Run Local Usage
		Usr 0 00:01:08, Sys 0 00:00:01  -  Total Remote Usage
		Usr 0 00:00:00, Sys 0 00:00:00  -  Total Local Usage
	587080  -  Run Bytes Sent By Job
	62733  -  Run Bytes Received By Job
	587080  -  Total Bytes Sent By Job
	62733  -  Total Bytes Received By Job
	Partitionable Resources :    Usage  Request          
	   Cpus                 :                 1          
	   Disk (KB)            :      660      660          
	   Memory (MB)          :       81       81          
...
000 (786159.000.000) 10/05 14:34:43 Job submitted from host: <18.12.1.74:45913>
...
001 (786159.000.000) 10/05 14:35:51 Job executing on host: <18.12.8.56:43431>
...
006 (786159.000.000) 10/05 14:35:59 Image size of job updated: 2
	3  -  MemoryUsage of job (MB)
	2364  -  ResidentSetSize of job (KB)
...
006 (786159.000.000) 10/05 14:38:59 Image size of job updated: 230708
	3  -  MemoryUsage of job (MB)
	2364  -  ResidentSetSize of job (KB)
...
005 (786159.000.000) 10/05 14:39:00 Job terminated.
	(1) Normal termination (return value 0)
		Usr 0 00:02:00, Sys 0 00:00:02  -  Run Remote Usage
		Usr 0 00:00:00, Sys 0 00:00:00  -  Run Local Usage
		Usr 0 00:02:00, Sys 0 00:00:02  -  Total Remote Usage
		Usr 0 00:00:00, Sys 0 00:00:00  -  Total Local Usage
	586286  -  Run Bytes Sent By Job
	62729  -  Run Bytes Received By Job
	586286  -  Total Bytes Sent By Job
	62729  -  Total Bytes Received By Job
	Partitionable Resources :    Usage  Request          
	   Cpus                 :                 1          
	   Disk (KB)            :      659      659          
	   Memory (MB)          :        3        3          
...
000 (787998.000.000) 10/08 16:09:59 Job submitted from host: <18.12.1.74:45913>
...
001 (787998.000.000) 10/08 16:19:43 Job executing on host: <18.12.9.32:47227>
...
006 (787998.000.000) 10/08 16:19:51 Image size of job updated: 2
	3  -  MemoryUsage of job (MB)
	2352  -  ResidentSetSize of job (KB)
...
006 (787998.000.000) 10/08 16:24:51 Image size of job updated: 230696
	97  -  MemoryUsage of job (MB)
	99284  -  ResidentSetSize of job (KB)
...
005 (787998.000.000) 10/08 16:27:34 Job terminated.
	(1) Normal termination (return value 0)
		Usr 0 00:01:40, Sys 0 00:00:01  -  Run Remote Usage
		Usr 0 00:00:00, Sys 0 00:00:00  -  Run Local Usage
		Usr 0 00:01:40, Sys 0 00:00:01  -  Total Remote Usage
		Usr 0 00:00:00, Sys 0 00:00:00  -  Total Local Usage
	585740  -  Run Bytes Sent By Job
	62697  -  Run Bytes Received By Job
	585740  -  Total Bytes Sent By Job
	62697  -  Total Bytes Received By Job
	Partitionable Resources :    Usage  Request          
	   Cpus                 :                 1          
	   Disk (KB)            :      659      659          
	   Memory (MB)          :       97       97          
...
000 (788361.000.000) 10/09 10:00:32 Job submitted from host: <18.12.1.74:45913>
...
001 (788361.000.000) 10/09 10:07:11 Job executing on host: <18.12.9.46:43942>
...
006 (788361.000.000) 10/09 10:07:21 Image size of job updated: 230116
	95  -  MemoryUsage of job (MB)
	96292  -  ResidentSetSize of job (KB)
...
006 (788361.000.000) 10/09 10:09:38 Image size of job updated: 230688
	95  -  MemoryUsage of job (MB)
	96292  -  ResidentSetSize of job (KB)
...
005 (788361.000.000) 10/09 10:09:38 Job terminated.
	(1) Normal termination (return value 0)
		Usr 0 00:01:38, Sys 0 00:00:02  -  Run Remote Usage
		Usr 0 00:00:00, Sys 0 00:00:00  -  Run Local Usage
		Usr 0 00:01:38, Sys 0 00:00:02  -  Total Remote Usage
		Usr 0 00:00:00, Sys 0 00:00:00  -  Total Local Usage
	585596  -  Run Bytes Sent By Job
	62694  -  Run Bytes Received By Job
	585596  -  Total Bytes Sent By Job
	62694  -  Total Bytes Received By Job
	Partitionable Resources :    Usage  Request          
	   Cpus                 :                 1          
	   Disk (KB)            :      658      658          
	   Memory (MB)          :       95       95          
...
000 (788908.000.000) 10/12 11:22:11 Job submitted from host: <18.12.1.74:45913>
...
001 (788908.000.000) 10/12 11:34:45 Job executing on host: <18.12.8.222:40584>
...
006 (788908.000.000) 10/12 11:34:53 Image size of job updated: 193792
	78  -  MemoryUsage of job (MB)
	79584  -  ResidentSetSize of job (KB)
...
006 (788908.000.000) 10/12 11:38:56 Image size of job updated: 230692
	78  -  MemoryUsage of job (MB)
	79584  -  ResidentSetSize of job (KB)
...
005 (788908.000.000) 10/12 11:38:57 Job terminated.
	(1) Normal termination (return value 0)
		Usr 0 00:01:54, Sys 0 00:00:02  -  Run Remote Usage
		Usr 0 00:00:00, Sys 0 00:00:00  -  Run Local Usage
		Usr 0 00:01:54, Sys 0 00:00:02  -  Total Remote Usage
		Usr 0 00:00:00, Sys 0 00:00:00  -  Total Local Usage
	585413  -  Run Bytes Sent By Job
	62702  -  Run Bytes Received By Job
	585413  -  Total Bytes Sent By Job
	62702  -  Total Bytes Received By Job
	Partitionable Resources :    Usage  Request          
	   Cpus                 :                 1          
	   Disk (KB)            :      658      658          
	   Memory (MB)          :       78       78          
...
