
----------------------------------------------------
Job started on Mon Oct 12 09:55:37 EDT 2015 at WN: hibat0028.cmsaf.mit.edu 
Job is running on Linux hibat0028.cmsaf.mit.edu 2.6.32-358.el6.x86_64 #1 SMP Fri Feb 22 20:37:17 CST 2013 x86_64 x86_64 x86_64 GNU/Linux
Filesystem            Size  Used Avail Use% Mounted on
/dev/sda3              20G  3.2G   16G  18% /
tmpfs                  24G     0   24G   0% /dev/shm
/dev/sda1              97M   32M   61M  35% /boot
/dev/sda4             874G   90G  785G  11% /export/data1
/dev/sdb1             1.8T  1.5T  396G  79% /export/00b
/dev/sdc1             1.8T  1.5T  366G  81% /export/00c
/dev/sdd1             1.8T  1.5T  377G  80% /export/00d
/dev/sde1             1.8T  1.5T  361G  81% /export/00e
/dev/sdf1             1.8T  1.5T  382G  80% /export/00f
fuse_dfs              5.0P  4.0P  1.1P  80% /mnt/hadoop
cvmfs2                 98G   88G   11G  90% /cvmfs/cms.cern.ch
t2srv0004:/export/db  135G  187M  135G   1% /net/t2srv0004/db
gcc (GCC) 4.4.7 20120313 (Red Hat 4.4.7-3)
Copyright (C) 2010 Free Software Foundation, Inc.
This is free software; see the source for copying conditions.  There is NO
warranty; not even for MERCHANTABILITY or FITNESS FOR A PARTICULAR PURPOSE.

Processing...
0/165652
10000/165652
20000/165652
30000/165652
40000/165652
50000/165652
60000/165652
70000/165652
80000/165652
90000/165652
100000/165652
110000/165652
120000/165652
130000/165652
140000/165652
150000/165652
160000/165652
Macro finished: 
CPU time (min)  = 1.74733
Real time (min) = 2.38226
total 1.7M
-rw-r--r--  1 obaron obaron 108K Oct  9 10:24 jetRAA_PbPb_data_forest.txt
-rw-r--r--  1 obaron obaron  94K Oct  9 10:24 jetRAA_PbPb_data_akPu4_select.txt
-rw-r--r--  1 obaron obaron  94K Oct  9 10:24 jetRAA_PbPb_data_akPu3_select.txt
-rw-r--r--  1 obaron obaron  94K Oct  9 10:24 jetRAA_PbPb_data_akPu2_select.txt
-rw-r--r--  1 obaron obaron  70K Oct 12 09:36 RAA_read_data_pbpb.C
-rw-r--r--  1 obaron obaron  11K Oct 12 09:36 RAA_read_data_pbpb_C.d
-rwxr-xr-x  1 obaron obaron 101K Oct 12 09:36 RAA_read_data_pbpb_C.so
-rw-rw-r--  1 obaron obaron  61K Oct 12 09:55 jetRAA_run_PbPb_Data.tar
-rwxr-xr-x  1 obaron obaron 1.2K Oct 12 09:55 condor_exec.exe
drwxr-xr-x 14 condor root   4.0K Oct 12 09:55 ..
-rw-r--r--  1 condor condor 5.5K Oct 12 09:55 .machine.ad
-rw-r--r--  1 condor condor  20K Oct 12 09:55 .job.ad
-rwx------  1 obaron obaron   49 Oct 12 09:55 .chirp.config
-rw-r--r--  1 obaron obaron    0 Oct 12 09:55 _condor_stderr
drwx------  2 obaron obaron 4.0K Oct 12 09:55 .
-rw-r--r--  1 obaron obaron 1.6K Oct 12 09:58 _condor_stdout
-rw-r--r--  1 obaron obaron 973K Oct 12 09:58 PbPb_Data_histograms_FromForest_pileupCutFIX_ZDCmCut_30GeVcut_akPu2_20_eta_20_350.root
Done!
Copied output files to hadoop rootfiles/JetRAA/June29
