
----------------------------------------------------
Job started on Mon Oct 12 10:03:29 EDT 2015 at WN: t2bat0070.cmsaf.mit.edu 
Job is running on Linux t2bat0070.cmsaf.mit.edu 2.6.32-358.el6.x86_64 #1 SMP Fri Feb 22 20:37:17 CST 2013 x86_64 x86_64 x86_64 GNU/Linux
Filesystem            Size  Used Avail Use% Mounted on
/dev/sda3              20G  3.0G   16G  16% /
tmpfs                  12G     0   12G   0% /dev/shm
/dev/sda1              97M   32M   61M  35% /boot
/dev/sda4             874G   88G  786G  11% /export/data1
/dev/sdb1             1.8T  1.5T  370G  80% /export/00b
/dev/sdc1             1.8T  1.5T  388G  79% /export/00c
/dev/sdd1             1.8T  1.5T  381G  80% /export/00d
/dev/sde1             1.8T  1.5T  387G  79% /export/00e
/dev/sdf1             1.8T  1.5T  394G  79% /export/00f
fuse_dfs              5.0P  4.0P  1.1P  80% /mnt/hadoop
cvmfs2                 98G   85G   13G  87% /cvmfs/cms.cern.ch
t2srv0004:/export/db  135G  187M  135G   1% /net/t2srv0004/db
gcc (GCC) 4.4.7 20120313 (Red Hat 4.4.7-3)
Copyright (C) 2010 Free Software Foundation, Inc.
This is free software; see the source for copying conditions.  There is NO
warranty; not even for MERCHANTABILITY or FITNESS FOR A PARTICULAR PURPOSE.

Processing...
0/178457
10000/178457
20000/178457
30000/178457
40000/178457
50000/178457
60000/178457
70000/178457
80000/178457
90000/178457
100000/178457
110000/178457
120000/178457
130000/178457
140000/178457
150000/178457
160000/178457
170000/178457
Macro finished: 
CPU time (min)  = 1.40617
Real time (min) = 3.41664
total 1.7M
-rw-r--r--  1 obaron obaron  108K Oct  9 10:24 jetRAA_PbPb_data_forest.txt
-rw-r--r--  1 obaron obaron   94K Oct  9 10:24 jetRAA_PbPb_data_akPu4_select.txt
-rw-r--r--  1 obaron obaron   94K Oct  9 10:24 jetRAA_PbPb_data_akPu3_select.txt
-rw-r--r--  1 obaron obaron   94K Oct  9 10:24 jetRAA_PbPb_data_akPu2_select.txt
-rw-r--r--  1 obaron obaron   70K Oct 12 09:36 RAA_read_data_pbpb.C
-rw-r--r--  1 obaron obaron   11K Oct 12 09:36 RAA_read_data_pbpb_C.d
-rwxr-xr-x  1 obaron obaron  101K Oct 12 09:36 RAA_read_data_pbpb_C.so
-rw-rw-r--  1 obaron obaron   61K Oct 12 10:03 jetRAA_run_PbPb_Data.tar
-rwxr-xr-x  1 obaron obaron  1.2K Oct 12 10:03 condor_exec.exe
drwxr-xr-x 14 condor root    4.0K Oct 12 10:03 ..
-rw-r--r--  1 condor condor  5.6K Oct 12 10:03 .machine.ad
-rw-r--r--  1 condor condor   20K Oct 12 10:03 .job.ad
-rwx------  1 obaron obaron    49 Oct 12 10:03 .chirp.config
-rw-r--r--  1 obaron obaron     0 Oct 12 10:03 _condor_stderr
drwx------  2 obaron obaron  4.0K Oct 12 10:03 .
-rw-r--r--  1 obaron obaron  1.6K Oct 12 10:06 _condor_stdout
-rw-r--r--  1 obaron obaron 1011K Oct 12 10:06 PbPb_Data_histograms_FromForest_pileupCutFIX_ZDCmCut_30GeVcut_akPu2_20_eta_20_760.root
Done!
Copied output files to hadoop rootfiles/JetRAA/June29
