
----------------------------------------------------
Job started on Thu Aug 20 21:08:07 EDT 2015 at WN: t2bat0306.cmsaf.mit.edu 
Job is running on Linux t2bat0306.cmsaf.mit.edu 2.6.32-358.el6.x86_64 #1 SMP Fri Feb 22 20:37:17 CST 2013 x86_64 x86_64 x86_64 GNU/Linux
Filesystem            Size  Used Avail Use% Mounted on
/dev/sda3              20G  3.7G   16G  20% /
tmpfs                  32G     0   32G   0% /dev/shm
/dev/sda1              97M   32M   61M  35% /boot
/dev/sda4             416G  126G  290G  31% /export/data1
fuse_dfs              4.9P  4.6P  323T  94% /mnt/hadoop
/dev/sdb1             3.6T  3.4T  259G  93% /export/00b
/dev/sdc1             3.6T  3.4T  279G  93% /export/00c
/dev/sdd1             3.6T  3.4T  286G  93% /export/00d
/dev/sde1             3.6T  3.4T  254G  94% /export/00e
/dev/sdf1             3.6T  3.4T  275G  93% /export/00f
/dev/sdg1             3.6T  3.4T  253G  94% /export/00g
t2srv0004:/export/db  135G  187M  135G   1% /net/t2srv0004/db
cvmfs2                 98G   89G  8.8G  92% /cvmfs/cms.cern.ch
cvmfs2                 98G   89G  8.8G  92% /cvmfs/cvmfs.cmsaf.mit.edu
gcc (GCC) 4.4.7 20120313 (Red Hat 4.4.7-3)
Copyright (C) 2010 Free Software Foundation, Inc.
This is free software; see the source for copying conditions.  There is NO
warranty; not even for MERCHANTABILITY or FITNESS FOR A PARTICULAR PURPOSE.

Processing...
0/241367
10000/241367
20000/241367
30000/241367
40000/241367
50000/241367
60000/241367
70000/241367
80000/241367
90000/241367
100000/241367
110000/241367
120000/241367
130000/241367
140000/241367
150000/241367
160000/241367
170000/241367
180000/241367
190000/241367
200000/241367
210000/241367
220000/241367
230000/241367
240000/241367
Macro finished: 
CPU time (min)  = 1.91317
Real time (min) = 2.96921
total 1.8M
-rw-r--r--  1 obaron obaron  94K Aug 20 20:49 jetRAA_PbPb_data_akPu3_select.txt
-rw-r--r--  1 obaron obaron  70K Aug 20 20:49 RAA_read_data_pbpb.C
-rw-r--r--  1 obaron obaron 108K Aug 20 20:49 jetRAA_PbPb_data_forest.txt
-rw-r--r--  1 obaron obaron  94K Aug 20 20:49 jetRAA_PbPb_data_akPu2_select.txt
-rw-r--r--  1 obaron obaron  94K Aug 20 20:50 jetRAA_PbPb_data_akPu4_select.txt
-rw-r--r--  1 obaron obaron  11K Aug 20 20:57 RAA_read_data_pbpb_C.d
-rwxr-xr-x  1 obaron obaron 101K Aug 20 20:58 RAA_read_data_pbpb_C.so
-rw-rw-r--  1 obaron obaron  61K Aug 20 21:08 jetRAA_run_PbPb_Data.tar
-rwxr-xr-x  1 obaron obaron 1.2K Aug 20 21:08 condor_exec.exe
-rw-r--r--  1 condor condor  20K Aug 20 21:08 .job.ad
-rw-r--r--  1 condor condor 5.5K Aug 20 21:08 .machine.ad
-rwx------  1 obaron obaron   49 Aug 20 21:08 .chirp.config
drwx------  2 obaron obaron 4.0K Aug 20 21:08 .
-rw-r--r--  1 obaron obaron  678 Aug 20 21:08 _condor_stderr
drwxr-xr-x 34 condor root   4.0K Aug 20 21:09 ..
-rw-r--r--  1 obaron obaron 1.8K Aug 20 21:11 _condor_stdout
-rw-r--r--  1 obaron obaron 1.1M Aug 20 21:11 PbPb_Data_histograms_FromForest_pileupCutFIX_ZDCmCut_akPu2_20_eta_20_670.root
Done!
Copied output files to hadoop rootfiles/JetRAA/June29
