
----------------------------------------------------
Job started on Mon Oct 12 10:00:14 EDT 2015 at WN: t2bat0202.cmsaf.mit.edu 
Job is running on Linux t2bat0202.cmsaf.mit.edu 2.6.32-358.el6.x86_64 #1 SMP Fri Feb 22 20:37:17 CST 2013 x86_64 x86_64 x86_64 GNU/Linux
Filesystem            Size  Used Avail Use% Mounted on
/dev/sda3              20G  2.5G   17G  13% /
tmpfs                  12G     0   12G   0% /dev/shm
/dev/sda1              97M   32M   61M  35% /boot
/dev/sda4             874G   38G  836G   5% /export/data1
/dev/sdb1             1.8T  1.6T  277G  85% /export/00b
/dev/sdc1             1.8T  1.6T  291G  85% /export/00c
/dev/sdd1             1.8T  1.6T  286G  85% /export/00d
/dev/sde1             1.8T  1.6T  276G  85% /export/00e
/dev/sdf1             1.8T  1.1T  722G  61% /export/00f
fuse_dfs              5.0P  4.0P  1.1P  80% /mnt/hadoop
cvmfs2                 98G   34G   64G  35% /cvmfs/cms.cern.ch
t2srv0004:/export/db  135G  187M  135G   1% /net/t2srv0004/db
gcc (GCC) 4.4.7 20120313 (Red Hat 4.4.7-3)
Copyright (C) 2010 Free Software Foundation, Inc.
This is free software; see the source for copying conditions.  There is NO
warranty; not even for MERCHANTABILITY or FITNESS FOR A PARTICULAR PURPOSE.

Processing...
0/195060
10000/195060
20000/195060
30000/195060
40000/195060
50000/195060
60000/195060
70000/195060
80000/195060
90000/195060
100000/195060
110000/195060
120000/195060
130000/195060
140000/195060
150000/195060
160000/195060
170000/195060
180000/195060
190000/195060
Macro finished: 
CPU time (min)  = 1.96017
Real time (min) = 2.76963
total 1.5M
-rw-r--r--  1 obaron obaron 108K Oct  9 10:24 jetRAA_PbPb_data_forest.txt
-rw-r--r--  1 obaron obaron  94K Oct  9 10:24 jetRAA_PbPb_data_akPu4_select.txt
-rw-r--r--  1 obaron obaron  94K Oct  9 10:24 jetRAA_PbPb_data_akPu3_select.txt
-rw-r--r--  1 obaron obaron  94K Oct  9 10:24 jetRAA_PbPb_data_akPu2_select.txt
-rw-r--r--  1 obaron obaron  70K Oct 12 09:36 RAA_read_data_pbpb.C
-rw-r--r--  1 obaron obaron  11K Oct 12 09:36 RAA_read_data_pbpb_C.d
-rwxr-xr-x  1 obaron obaron 101K Oct 12 09:36 RAA_read_data_pbpb_C.so
-rw-rw-r--  1 obaron obaron  61K Oct 12 10:00 jetRAA_run_PbPb_Data.tar
-rwxr-xr-x  1 obaron obaron 1.2K Oct 12 10:00 condor_exec.exe
-rw-r--r--  1 condor condor  20K Oct 12 10:00 .job.ad
drwxr-xr-x 19 condor root   4.0K Oct 12 10:00 ..
-rw-r--r--  1 condor condor 5.7K Oct 12 10:00 .machine.ad
-rwx------  1 obaron obaron   50 Oct 12 10:00 .chirp.config
-rw-r--r--  1 obaron obaron    0 Oct 12 10:00 _condor_stderr
drwx------  2 obaron obaron 4.0K Oct 12 10:00 .
-rw-r--r--  1 obaron obaron 1.6K Oct 12 10:03 _condor_stdout
-rw-r--r--  1 obaron obaron 764K Oct 12 10:03 PbPb_Data_histograms_FromForest_pileupCutFIX_ZDCmCut_30GeVcut_akPu2_20_eta_20_815.root
Done!
Copied output files to hadoop rootfiles/JetRAA/June29
