000 (556124.000.000) 08/12 11:33:46 Job submitted from host: <18.12.1.74:48322>
...
001 (556124.000.000) 08/12 12:00:43 Job executing on host: <18.12.8.239:42847>
...
006 (556124.000.000) 08/12 12:00:51 Image size of job updated: 187688
	71  -  MemoryUsage of job (MB)
	72588  -  ResidentSetSize of job (KB)
...
006 (556124.000.000) 08/12 12:05:51 Image size of job updated: 230500
	94  -  MemoryUsage of job (MB)
	95560  -  ResidentSetSize of job (KB)
...
005 (556124.000.000) 08/12 12:10:49 Job terminated.
	(1) Normal termination (return value 0)
		Usr 0 00:01:27, Sys 0 00:00:01  -  Run Remote Usage
		Usr 0 00:00:00, Sys 0 00:00:00  -  Run Local Usage
		Usr 0 00:01:27, Sys 0 00:00:01  -  Total Remote Usage
		Usr 0 00:00:00, Sys 0 00:00:00  -  Total Local Usage
	586034  -  Run Bytes Sent By Job
	62715  -  Run Bytes Received By Job
	586034  -  Total Bytes Sent By Job
	62715  -  Total Bytes Received By Job
	Partitionable Resources :    Usage  Request          
	   Cpus                 :                 1          
	   Disk (KB)            :      659      659          
	   Memory (MB)          :       94       94          
...
000 (566493.000.000) 08/20 21:07:47 Job submitted from host: <18.12.1.74:48322>
...
001 (566493.000.000) 08/20 21:08:11 Job executing on host: <18.12.9.67:40730>
...
006 (566493.000.000) 08/20 21:08:20 Image size of job updated: 193796
	78  -  MemoryUsage of job (MB)
	79548  -  ResidentSetSize of job (KB)
...
006 (566493.000.000) 08/20 21:11:31 Image size of job updated: 230496
	78  -  MemoryUsage of job (MB)
	79548  -  ResidentSetSize of job (KB)
...
005 (566493.000.000) 08/20 21:17:42 Job terminated.
	(1) Normal termination (return value 0)
		Usr 0 00:01:12, Sys 0 00:00:01  -  Run Remote Usage
		Usr 0 00:00:00, Sys 0 00:00:00  -  Run Local Usage
		Usr 0 00:01:12, Sys 0 00:00:01  -  Total Remote Usage
		Usr 0 00:00:00, Sys 0 00:00:00  -  Total Local Usage
	586217  -  Run Bytes Sent By Job
	62731  -  Run Bytes Received By Job
	586217  -  Total Bytes Sent By Job
	62731  -  Total Bytes Received By Job
	Partitionable Resources :    Usage  Request          
	   Cpus                 :                 1          
	   Disk (KB)            :      659      659          
	   Memory (MB)          :       78       78          
...
