
----------------------------------------------------
Job started on Mon Oct 12 09:52:36 EDT 2015 at WN: hibat0096.cmsaf.mit.edu 
Job is running on Linux hibat0096.cmsaf.mit.edu 2.6.32-358.el6.x86_64 #1 SMP Fri Feb 22 20:37:17 CST 2013 x86_64 x86_64 x86_64 GNU/Linux
Filesystem            Size  Used Avail Use% Mounted on
/dev/sda3              20G  3.6G   16G  20% /
tmpfs                  24G     0   24G   0% /dev/shm
/dev/sda1              97M   32M   61M  35% /boot
/dev/sda4             873G   68G  806G   8% /export/data1
/dev/sdb1             2.7T  2.4T  339G  88% /export/00b
/dev/sdc1             2.7T  2.4T  353G  88% /export/00c
/dev/sdd1             2.7T  2.4T  346G  88% /export/00d
/dev/sde1             2.7T  2.4T  341G  88% /export/00e
/dev/sdf1             2.7T  2.4T  350G  88% /export/00f
fuse_dfs              5.0P  4.0P  1.1P  80% /mnt/hadoop
/dev/sdg1             3.6T  2.7T  904G  76% /export/00g
/dev/sdh1             3.6T  2.7T  907G  76% /export/00h
cvmfs2                 98G   66G   33G  67% /cvmfs/cms.cern.ch
t2srv0004:/export/db  135G  187M  135G   1% /net/t2srv0004/db
gcc (GCC) 4.4.7 20120313 (Red Hat 4.4.7-3)
Copyright (C) 2010 Free Software Foundation, Inc.
This is free software; see the source for copying conditions.  There is NO
warranty; not even for MERCHANTABILITY or FITNESS FOR A PARTICULAR PURPOSE.

Processing...
0/63682
10000/63682
20000/63682
30000/63682
40000/63682
50000/63682
60000/63682
Macro finished: 
CPU time (min)  = 0.763
Real time (min) = 1.05444
total 1.5M
-rw-r--r--  1 obaron obaron 108K Oct  9 10:24 jetRAA_PbPb_data_forest.txt
-rw-r--r--  1 obaron obaron  94K Oct  9 10:24 jetRAA_PbPb_data_akPu4_select.txt
-rw-r--r--  1 obaron obaron  94K Oct  9 10:24 jetRAA_PbPb_data_akPu3_select.txt
-rw-r--r--  1 obaron obaron  94K Oct  9 10:24 jetRAA_PbPb_data_akPu2_select.txt
-rw-r--r--  1 obaron obaron  70K Oct 12 09:36 RAA_read_data_pbpb.C
-rw-r--r--  1 obaron obaron  11K Oct 12 09:36 RAA_read_data_pbpb_C.d
-rwxr-xr-x  1 obaron obaron 101K Oct 12 09:36 RAA_read_data_pbpb_C.so
-rw-rw-r--  1 obaron obaron  61K Oct 12 09:52 jetRAA_run_PbPb_Data.tar
-rwxr-xr-x  1 obaron obaron 1.2K Oct 12 09:52 condor_exec.exe
drwxr-xr-x 14 condor root   4.0K Oct 12 09:52 ..
-rw-r--r--  1 condor condor  20K Oct 12 09:52 .job.ad
-rw-r--r--  1 condor condor 5.4K Oct 12 09:52 .machine.ad
-rwx------  1 obaron obaron   49 Oct 12 09:52 .chirp.config
-rw-r--r--  1 obaron obaron    0 Oct 12 09:52 _condor_stderr
drwx------  2 obaron obaron 4.0K Oct 12 09:52 .
-rw-r--r--  1 obaron obaron 1.5K Oct 12 09:53 _condor_stdout
-rw-r--r--  1 obaron obaron 831K Oct 12 09:53 PbPb_Data_histograms_FromForest_pileupCutFIX_ZDCmCut_30GeVcut_akPu2_20_eta_20_175.root
Done!
Copied output files to hadoop rootfiles/JetRAA/June29
