000 (556102.000.000) 08/12 11:33:44 Job submitted from host: <18.12.1.74:48322>
...
001 (556102.000.000) 08/12 11:58:20 Job executing on host: <18.12.9.22:42920>
...
006 (556102.000.000) 08/12 11:58:28 Image size of job updated: 191028
	76  -  MemoryUsage of job (MB)
	77364  -  ResidentSetSize of job (KB)
...
006 (556102.000.000) 08/12 12:03:28 Image size of job updated: 230428
	98  -  MemoryUsage of job (MB)
	99804  -  ResidentSetSize of job (KB)
...
006 (556102.000.000) 08/12 12:13:29 Image size of job updated: 230428
	102  -  MemoryUsage of job (MB)
	104012  -  ResidentSetSize of job (KB)
...
005 (556102.000.000) 08/12 12:13:57 Job terminated.
	(1) Normal termination (return value 0)
		Usr 0 00:01:00, Sys 0 00:00:01  -  Run Remote Usage
		Usr 0 00:00:00, Sys 0 00:00:00  -  Run Local Usage
		Usr 0 00:01:00, Sys 0 00:00:01  -  Total Remote Usage
		Usr 0 00:00:00, Sys 0 00:00:00  -  Total Local Usage
	585883  -  Run Bytes Sent By Job
	62715  -  Run Bytes Received By Job
	585883  -  Total Bytes Sent By Job
	62715  -  Total Bytes Received By Job
	Partitionable Resources :    Usage  Request          
	   Cpus                 :                 1          
	   Disk (KB)            :      658      658          
	   Memory (MB)          :      102      102          
...
000 (566471.000.000) 08/20 21:06:24 Job submitted from host: <18.12.1.74:48322>
...
007 (566471.000.000) 08/20 21:07:00 Shadow exception!
	Error from slot17@t2bat0194.cmsaf.mit.edu: Failed to transfer files
	0  -  Run Bytes Sent By Job
	0  -  Run Bytes Received By Job
...
001 (566471.000.000) 08/20 21:07:03 Job executing on host: <18.12.9.27:43942>
...
006 (566471.000.000) 08/20 21:07:12 Image size of job updated: 80516
	17  -  MemoryUsage of job (MB)
	17256  -  ResidentSetSize of job (KB)
...
006 (566471.000.000) 08/20 21:10:53 Image size of job updated: 230428
	17  -  MemoryUsage of job (MB)
	17256  -  ResidentSetSize of job (KB)
...
005 (566471.000.000) 08/20 21:17:12 Job terminated.
	(1) Normal termination (return value 0)
		Usr 0 00:00:48, Sys 0 00:00:01  -  Run Remote Usage
		Usr 0 00:00:00, Sys 0 00:00:00  -  Run Local Usage
		Usr 0 00:00:48, Sys 0 00:00:01  -  Total Remote Usage
		Usr 0 00:00:00, Sys 0 00:00:00  -  Total Local Usage
	586347  -  Run Bytes Sent By Job
	62731  -  Run Bytes Received By Job
	586347  -  Total Bytes Sent By Job
	62731  -  Total Bytes Received By Job
	Partitionable Resources :    Usage  Request          
	   Cpus                 :                 1          
	   Disk (KB)            :      659      659          
	   Memory (MB)          :       17       17          
...
000 (782476.000.000) 10/01 13:04:31 Job submitted from host: <18.12.1.74:47665>
...
001 (782476.000.000) 10/01 13:15:11 Job executing on host: <18.12.8.251:49271>
...
006 (782476.000.000) 10/01 13:15:20 Image size of job updated: 17152
	2  -  MemoryUsage of job (MB)
	1500  -  ResidentSetSize of job (KB)
...
006 (782476.000.000) 10/01 13:19:56 Image size of job updated: 230428
	2  -  MemoryUsage of job (MB)
	1500  -  ResidentSetSize of job (KB)
...
005 (782476.000.000) 10/01 13:19:57 Job terminated.
	(1) Normal termination (return value 0)
		Usr 0 00:00:36, Sys 0 00:00:00  -  Run Remote Usage
		Usr 0 00:00:00, Sys 0 00:00:00  -  Run Local Usage
		Usr 0 00:00:36, Sys 0 00:00:00  -  Total Remote Usage
		Usr 0 00:00:00, Sys 0 00:00:00  -  Total Local Usage
	586011  -  Run Bytes Sent By Job
	62730  -  Run Bytes Received By Job
	586011  -  Total Bytes Sent By Job
	62730  -  Total Bytes Received By Job
	Partitionable Resources :    Usage  Request          
	   Cpus                 :                 1          
	   Disk (KB)            :      659      659          
	   Memory (MB)          :        2        2          
...
000 (782657.000.000) 10/01 14:31:44 Job submitted from host: <18.12.1.74:47665>
...
001 (782657.000.000) 10/01 14:33:32 Job executing on host: <18.12.8.182:41679>
...
006 (782657.000.000) 10/01 14:33:41 Image size of job updated: 227448
	93  -  MemoryUsage of job (MB)
	94844  -  ResidentSetSize of job (KB)
...
005 (782657.000.000) 10/01 14:37:05 Job terminated.
	(1) Normal termination (return value 0)
		Usr 0 00:00:20, Sys 0 00:00:00  -  Run Remote Usage
		Usr 0 00:00:00, Sys 0 00:00:00  -  Run Local Usage
		Usr 0 00:00:20, Sys 0 00:00:00  -  Total Remote Usage
		Usr 0 00:00:00, Sys 0 00:00:00  -  Total Local Usage
	2543573  -  Run Bytes Sent By Job
	62736  -  Run Bytes Received By Job
	2543573  -  Total Bytes Sent By Job
	62736  -  Total Bytes Received By Job
	Partitionable Resources :    Usage  Request          
	   Cpus                 :                 1          
	   Disk (KB)            :     2570     2570          
	   Memory (MB)          :       93       93          
...
000 (788198.000.000) 10/09 09:23:44 Job submitted from host: <18.12.1.74:45913>
...
001 (788198.000.000) 10/09 09:24:12 Job executing on host: <18.12.8.254:42847>
...
006 (788198.000.000) 10/09 09:24:20 Image size of job updated: 13384
	2  -  MemoryUsage of job (MB)
	1980  -  ResidentSetSize of job (KB)
...
006 (788198.000.000) 10/09 09:25:41 Image size of job updated: 230408
	2  -  MemoryUsage of job (MB)
	1980  -  ResidentSetSize of job (KB)
...
005 (788198.000.000) 10/09 09:25:41 Job terminated.
	(1) Normal termination (return value 0)
		Usr 0 00:00:49, Sys 0 00:00:00  -  Run Remote Usage
		Usr 0 00:00:00, Sys 0 00:00:00  -  Run Local Usage
		Usr 0 00:00:49, Sys 0 00:00:00  -  Total Remote Usage
		Usr 0 00:00:00, Sys 0 00:00:00  -  Total Local Usage
	585614  -  Run Bytes Sent By Job
	62698  -  Run Bytes Received By Job
	585614  -  Total Bytes Sent By Job
	62698  -  Total Bytes Received By Job
	Partitionable Resources :    Usage  Request          
	   Cpus                 :                 1          
	   Disk (KB)            :      658      658          
	   Memory (MB)          :        2        2          
...
000 (788563.000.000) 10/12 09:48:04 Job submitted from host: <18.12.1.74:45913>
...
001 (788563.000.000) 10/12 09:57:41 Job executing on host: <18.12.8.221:45767>
...
006 (788563.000.000) 10/12 09:57:50 Image size of job updated: 230400
	99  -  MemoryUsage of job (MB)
	100456  -  ResidentSetSize of job (KB)
...
005 (788563.000.000) 10/12 09:59:07 Job terminated.
	(1) Normal termination (return value 0)
		Usr 0 00:00:57, Sys 0 00:00:01  -  Run Remote Usage
		Usr 0 00:00:00, Sys 0 00:00:00  -  Run Local Usage
		Usr 0 00:00:57, Sys 0 00:00:01  -  Total Remote Usage
		Usr 0 00:00:00, Sys 0 00:00:00  -  Total Local Usage
	585049  -  Run Bytes Sent By Job
	62703  -  Run Bytes Received By Job
	585049  -  Total Bytes Sent By Job
	62703  -  Total Bytes Received By Job
	Partitionable Resources :    Usage  Request          
	   Cpus                 :                 1          
	   Disk (KB)            :      658      658          
	   Memory (MB)          :       99       99          
...
