000 (556307.000.000) 08/12 14:10:43 Job submitted from host: <18.12.1.74:48322>
...
001 (556307.000.000) 08/12 14:10:54 Job executing on host: <18.12.9.26:46862>
...
006 (556307.000.000) 08/12 14:11:03 Image size of job updated: 2
	3  -  MemoryUsage of job (MB)
	2352  -  ResidentSetSize of job (KB)
...
006 (556307.000.000) 08/12 14:13:10 Image size of job updated: 229180
	3  -  MemoryUsage of job (MB)
	2352  -  ResidentSetSize of job (KB)
...
005 (556307.000.000) 08/12 14:13:11 Job terminated.
	(1) Normal termination (return value 0)
		Usr 0 00:00:03, Sys 0 00:00:00  -  Run Remote Usage
		Usr 0 00:00:00, Sys 0 00:00:00  -  Run Local Usage
		Usr 0 00:00:03, Sys 0 00:00:00  -  Total Remote Usage
		Usr 0 00:00:00, Sys 0 00:00:00  -  Total Local Usage
	586112  -  Run Bytes Sent By Job
	62715  -  Run Bytes Received By Job
	586112  -  Total Bytes Sent By Job
	62715  -  Total Bytes Received By Job
	Partitionable Resources :    Usage  Request          
	   Cpus                 :                 1          
	   Disk (KB)            :      659      659          
	   Memory (MB)          :        3        3          
...
000 (557567.000.000) 08/13 11:57:19 Job submitted from host: <18.12.1.74:48322>
...
001 (557567.000.000) 08/13 11:58:30 Job executing on host: <18.12.6.31:42701>
...
006 (557567.000.000) 08/13 11:58:38 Image size of job updated: 2
	3  -  MemoryUsage of job (MB)
	2348  -  ResidentSetSize of job (KB)
...
006 (557567.000.000) 08/13 11:58:57 Image size of job updated: 229184
	3  -  MemoryUsage of job (MB)
	2348  -  ResidentSetSize of job (KB)
...
005 (557567.000.000) 08/13 11:58:57 Job terminated.
	(1) Normal termination (return value 0)
		Usr 0 00:00:03, Sys 0 00:00:00  -  Run Remote Usage
		Usr 0 00:00:00, Sys 0 00:00:00  -  Run Local Usage
		Usr 0 00:00:03, Sys 0 00:00:00  -  Total Remote Usage
		Usr 0 00:00:00, Sys 0 00:00:00  -  Total Local Usage
	585777  -  Run Bytes Sent By Job
	62715  -  Run Bytes Received By Job
	585777  -  Total Bytes Sent By Job
	62715  -  Total Bytes Received By Job
	Partitionable Resources :    Usage  Request          
	   Cpus                 :                 1          
	   Disk (KB)            :      659      659          
	   Memory (MB)          :        3        3          
...
000 (558083.000.000) 08/13 14:31:02 Job submitted from host: <18.12.1.74:48322>
...
001 (558083.000.000) 08/13 14:34:45 Job executing on host: <18.12.9.37:49636>
...
006 (558083.000.000) 08/13 14:34:54 Image size of job updated: 2
	3  -  MemoryUsage of job (MB)
	2348  -  ResidentSetSize of job (KB)
...
006 (558083.000.000) 08/13 14:35:21 Image size of job updated: 229184
	3  -  MemoryUsage of job (MB)
	2348  -  ResidentSetSize of job (KB)
...
005 (558083.000.000) 08/13 14:35:21 Job terminated.
	(1) Normal termination (return value 0)
		Usr 0 00:00:02, Sys 0 00:00:00  -  Run Remote Usage
		Usr 0 00:00:00, Sys 0 00:00:00  -  Run Local Usage
		Usr 0 00:00:02, Sys 0 00:00:00  -  Total Remote Usage
		Usr 0 00:00:00, Sys 0 00:00:00  -  Total Local Usage
	586324  -  Run Bytes Sent By Job
	62714  -  Run Bytes Received By Job
	586324  -  Total Bytes Sent By Job
	62714  -  Total Bytes Received By Job
	Partitionable Resources :    Usage  Request          
	   Cpus                 :                 1          
	   Disk (KB)            :      659      659          
	   Memory (MB)          :        3        3          
...
000 (565420.000.000) 08/20 12:33:22 Job submitted from host: <18.12.1.74:48322>
...
001 (565420.000.000) 08/20 12:37:18 Job executing on host: <18.12.9.36:47227>
...
006 (565420.000.000) 08/20 12:37:27 Image size of job updated: 93588
	3  -  MemoryUsage of job (MB)
	2428  -  ResidentSetSize of job (KB)
...
006 (565420.000.000) 08/20 12:38:12 Image size of job updated: 229184
	3  -  MemoryUsage of job (MB)
	2428  -  ResidentSetSize of job (KB)
...
005 (565420.000.000) 08/20 12:46:14 Job terminated.
	(1) Normal termination (return value 0)
		Usr 0 00:00:03, Sys 0 00:00:00  -  Run Remote Usage
		Usr 0 00:00:00, Sys 0 00:00:00  -  Run Local Usage
		Usr 0 00:00:03, Sys 0 00:00:00  -  Total Remote Usage
		Usr 0 00:00:00, Sys 0 00:00:00  -  Total Local Usage
	586238  -  Run Bytes Sent By Job
	62731  -  Run Bytes Received By Job
	586238  -  Total Bytes Sent By Job
	62731  -  Total Bytes Received By Job
	Partitionable Resources :    Usage  Request          
	   Cpus                 :                 1          
	   Disk (KB)            :      659      659          
	   Memory (MB)          :        3        3          
...
000 (782913.000.000) 10/02 11:02:18 Job submitted from host: <18.12.1.74:41314>
...
001 (782913.000.000) 10/02 11:11:13 Job executing on host: <18.12.8.68:45329>
...
006 (782913.000.000) 10/02 11:11:17 Image size of job updated: 2
	0  -  MemoryUsage of job (MB)
	0  -  ResidentSetSize of job (KB)
...
005 (782913.000.000) 10/02 11:14:47 Job terminated.
	(1) Normal termination (return value 0)
		Usr 0 00:00:00, Sys 0 00:00:00  -  Run Remote Usage
		Usr 0 00:00:00, Sys 0 00:00:00  -  Run Local Usage
		Usr 0 00:00:00, Sys 0 00:00:00  -  Total Remote Usage
		Usr 0 00:00:00, Sys 0 00:00:00  -  Total Local Usage
	585391  -  Run Bytes Sent By Job
	62733  -  Run Bytes Received By Job
	585391  -  Total Bytes Sent By Job
	62733  -  Total Bytes Received By Job
	Partitionable Resources :    Usage  Request          
	   Cpus                 :                 1          
	   Disk (KB)            :      658      658          
	   Memory (MB)          :        0        0          
...
000 (783094.000.000) 10/02 16:13:15 Job submitted from host: <18.12.1.74:45913>
...
001 (783094.000.000) 10/02 16:13:53 Job executing on host: <18.12.9.32:47227>
...
006 (783094.000.000) 10/02 16:14:02 Image size of job updated: 94592
	17  -  MemoryUsage of job (MB)
	17392  -  ResidentSetSize of job (KB)
...
006 (783094.000.000) 10/02 16:14:15 Image size of job updated: 94912
	17  -  MemoryUsage of job (MB)
	17392  -  ResidentSetSize of job (KB)
...
005 (783094.000.000) 10/02 16:14:16 Job terminated.
	(1) Normal termination (return value 0)
		Usr 0 00:00:00, Sys 0 00:00:00  -  Run Remote Usage
		Usr 0 00:00:00, Sys 0 00:00:00  -  Run Local Usage
		Usr 0 00:00:00, Sys 0 00:00:00  -  Total Remote Usage
		Usr 0 00:00:00, Sys 0 00:00:00  -  Total Local Usage
	585887  -  Run Bytes Sent By Job
	62733  -  Run Bytes Received By Job
	585887  -  Total Bytes Sent By Job
	62733  -  Total Bytes Received By Job
	Partitionable Resources :    Usage  Request          
	   Cpus                 :                 1          
	   Disk (KB)            :      658      658          
	   Memory (MB)          :       17       17          
...
000 (783275.000.000) 10/02 16:48:28 Job submitted from host: <18.12.1.74:45913>
...
001 (783275.000.000) 10/02 16:48:40 Job executing on host: <18.12.9.62:46132>
...
006 (783275.000.000) 10/02 16:48:42 Image size of job updated: 26048
	0  -  MemoryUsage of job (MB)
	0  -  ResidentSetSize of job (KB)
...
005 (783275.000.000) 10/02 16:48:42 Job terminated.
	(1) Normal termination (return value 0)
		Usr 0 00:00:00, Sys 0 00:00:00  -  Run Remote Usage
		Usr 0 00:00:00, Sys 0 00:00:00  -  Run Local Usage
		Usr 0 00:00:00, Sys 0 00:00:00  -  Total Remote Usage
		Usr 0 00:00:00, Sys 0 00:00:00  -  Total Local Usage
	585971  -  Run Bytes Sent By Job
	62733  -  Run Bytes Received By Job
	585971  -  Total Bytes Sent By Job
	62733  -  Total Bytes Received By Job
	Partitionable Resources :    Usage  Request          
	   Cpus                 :                 1          
	   Disk (KB)            :      659      659          
	   Memory (MB)          :        0        0          
...
000 (783458.000.000) 10/05 09:25:28 Job submitted from host: <18.12.1.74:45913>
...
001 (783458.000.000) 10/05 09:25:44 Job executing on host: <18.12.8.210:46789>
...
006 (783458.000.000) 10/05 09:25:52 Image size of job updated: 2
	3  -  MemoryUsage of job (MB)
	2348  -  ResidentSetSize of job (KB)
...
006 (783458.000.000) 10/05 09:26:02 Image size of job updated: 26048
	3  -  MemoryUsage of job (MB)
	2348  -  ResidentSetSize of job (KB)
...
005 (783458.000.000) 10/05 09:26:02 Job terminated.
	(1) Normal termination (return value 0)
		Usr 0 00:00:00, Sys 0 00:00:00  -  Run Remote Usage
		Usr 0 00:00:00, Sys 0 00:00:00  -  Run Local Usage
		Usr 0 00:00:00, Sys 0 00:00:00  -  Total Remote Usage
		Usr 0 00:00:00, Sys 0 00:00:00  -  Total Local Usage
	585412  -  Run Bytes Sent By Job
	62732  -  Run Bytes Received By Job
	585412  -  Total Bytes Sent By Job
	62732  -  Total Bytes Received By Job
	Partitionable Resources :    Usage  Request          
	   Cpus                 :                 1          
	   Disk (KB)            :      658      658          
	   Memory (MB)          :        3        3          
...
000 (783639.000.000) 10/05 10:00:15 Job submitted from host: <18.12.1.74:45913>
...
001 (783639.000.000) 10/05 10:00:46 Job executing on host: <18.12.9.27:40876>
...
006 (783639.000.000) 10/05 10:00:54 Image size of job updated: 75608
	17  -  MemoryUsage of job (MB)
	17200  -  ResidentSetSize of job (KB)
...
005 (783639.000.000) 10/05 10:00:55 Job terminated.
	(1) Normal termination (return value 0)
		Usr 0 00:00:00, Sys 0 00:00:00  -  Run Remote Usage
		Usr 0 00:00:00, Sys 0 00:00:00  -  Run Local Usage
		Usr 0 00:00:00, Sys 0 00:00:00  -  Total Remote Usage
		Usr 0 00:00:00, Sys 0 00:00:00  -  Total Local Usage
	585742  -  Run Bytes Sent By Job
	62731  -  Run Bytes Received By Job
	585742  -  Total Bytes Sent By Job
	62731  -  Total Bytes Received By Job
	Partitionable Resources :    Usage  Request          
	   Cpus                 :                 1          
	   Disk (KB)            :      658      658          
	   Memory (MB)          :       17       17          
...
000 (783821.000.000) 10/05 12:24:59 Job submitted from host: <18.12.1.74:45913>
...
001 (783821.000.000) 10/05 12:25:10 Job executing on host: <18.12.9.69:42336>
...
006 (783821.000.000) 10/05 12:25:14 Image size of job updated: 141472
	0  -  MemoryUsage of job (MB)
	0  -  ResidentSetSize of job (KB)
...
005 (783821.000.000) 10/05 12:25:15 Job terminated.
	(1) Normal termination (return value 0)
		Usr 0 00:00:00, Sys 0 00:00:00  -  Run Remote Usage
		Usr 0 00:00:00, Sys 0 00:00:00  -  Run Local Usage
		Usr 0 00:00:00, Sys 0 00:00:00  -  Total Remote Usage
		Usr 0 00:00:00, Sys 0 00:00:00  -  Total Local Usage
	585750  -  Run Bytes Sent By Job
	62732  -  Run Bytes Received By Job
	585750  -  Total Bytes Sent By Job
	62732  -  Total Bytes Received By Job
	Partitionable Resources :    Usage  Request          
	   Cpus                 :                 1          
	   Disk (KB)            :      658      658          
	   Memory (MB)          :        0        0          
...
000 (784002.000.000) 10/05 12:28:34 Job submitted from host: <18.12.1.74:45913>
...
001 (784002.000.000) 10/05 12:28:50 Job executing on host: <18.12.9.69:42336>
...
006 (784002.000.000) 10/05 12:28:59 Image size of job updated: 229244
	97  -  MemoryUsage of job (MB)
	98740  -  ResidentSetSize of job (KB)
...
005 (784002.000.000) 10/05 12:29:00 Job terminated.
	(1) Normal termination (return value 0)
		Usr 0 00:00:02, Sys 0 00:00:00  -  Run Remote Usage
		Usr 0 00:00:00, Sys 0 00:00:00  -  Run Local Usage
		Usr 0 00:00:02, Sys 0 00:00:00  -  Total Remote Usage
		Usr 0 00:00:00, Sys 0 00:00:00  -  Total Local Usage
	586693  -  Run Bytes Sent By Job
	62733  -  Run Bytes Received By Job
	586693  -  Total Bytes Sent By Job
	62733  -  Total Bytes Received By Job
	Partitionable Resources :    Usage  Request          
	   Cpus                 :                 1          
	   Disk (KB)            :      659      659          
	   Memory (MB)          :       97       97          
...
000 (786071.000.000) 10/05 14:34:34 Job submitted from host: <18.12.1.74:45913>
...
001 (786071.000.000) 10/05 14:35:13 Job executing on host: <18.12.6.8:47081>
...
006 (786071.000.000) 10/05 14:35:22 Image size of job updated: 2
	3  -  MemoryUsage of job (MB)
	2340  -  ResidentSetSize of job (KB)
...
006 (786071.000.000) 10/05 14:36:24 Image size of job updated: 187640
	3  -  MemoryUsage of job (MB)
	2340  -  ResidentSetSize of job (KB)
...
005 (786071.000.000) 10/05 14:36:24 Job terminated.
	(1) Normal termination (return value 0)
		Usr 0 00:00:00, Sys 0 00:00:00  -  Run Remote Usage
		Usr 0 00:00:00, Sys 0 00:00:00  -  Run Local Usage
		Usr 0 00:00:00, Sys 0 00:00:00  -  Total Remote Usage
		Usr 0 00:00:00, Sys 0 00:00:00  -  Total Local Usage
	586026  -  Run Bytes Sent By Job
	62729  -  Run Bytes Received By Job
	586026  -  Total Bytes Sent By Job
	62729  -  Total Bytes Received By Job
	Partitionable Resources :    Usage  Request          
	   Cpus                 :                 1          
	   Disk (KB)            :      659      659          
	   Memory (MB)          :        3        3          
...
000 (787910.000.000) 10/08 16:09:20 Job submitted from host: <18.12.1.74:45913>
...
001 (787910.000.000) 10/08 16:11:54 Job executing on host: <18.12.9.82:43869>
...
006 (787910.000.000) 10/08 16:12:02 Image size of job updated: 2
	3  -  MemoryUsage of job (MB)
	2344  -  ResidentSetSize of job (KB)
...
006 (787910.000.000) 10/08 16:12:06 Image size of job updated: 229216
	3  -  MemoryUsage of job (MB)
	2344  -  ResidentSetSize of job (KB)
...
005 (787910.000.000) 10/08 16:12:06 Job terminated.
	(1) Normal termination (return value 0)
		Usr 0 00:00:03, Sys 0 00:00:00  -  Run Remote Usage
		Usr 0 00:00:00, Sys 0 00:00:00  -  Run Local Usage
		Usr 0 00:00:03, Sys 0 00:00:00  -  Total Remote Usage
		Usr 0 00:00:00, Sys 0 00:00:00  -  Total Local Usage
	585055  -  Run Bytes Sent By Job
	62697  -  Run Bytes Received By Job
	585055  -  Total Bytes Sent By Job
	62697  -  Total Bytes Received By Job
	Partitionable Resources :    Usage  Request          
	   Cpus                 :                 1          
	   Disk (KB)            :      658      658          
	   Memory (MB)          :        3        3          
...
000 (788273.000.000) 10/09 10:00:23 Job submitted from host: <18.12.1.74:45913>
...
001 (788273.000.000) 10/09 10:01:57 Job executing on host: <18.12.9.55:45694>
...
006 (788273.000.000) 10/09 10:02:06 Image size of job updated: 2
	3  -  MemoryUsage of job (MB)
	2348  -  ResidentSetSize of job (KB)
...
006 (788273.000.000) 10/09 10:02:21 Image size of job updated: 229224
	3  -  MemoryUsage of job (MB)
	2348  -  ResidentSetSize of job (KB)
...
005 (788273.000.000) 10/09 10:02:21 Job terminated.
	(1) Normal termination (return value 0)
		Usr 0 00:00:02, Sys 0 00:00:00  -  Run Remote Usage
		Usr 0 00:00:00, Sys 0 00:00:00  -  Run Local Usage
		Usr 0 00:00:02, Sys 0 00:00:00  -  Total Remote Usage
		Usr 0 00:00:00, Sys 0 00:00:00  -  Total Local Usage
	585202  -  Run Bytes Sent By Job
	62694  -  Run Bytes Received By Job
	585202  -  Total Bytes Sent By Job
	62694  -  Total Bytes Received By Job
	Partitionable Resources :    Usage  Request          
	   Cpus                 :                 1          
	   Disk (KB)            :      658      658          
	   Memory (MB)          :        3        3          
...
000 (788820.000.000) 10/12 11:22:02 Job submitted from host: <18.12.1.74:45913>
...
001 (788820.000.000) 10/12 11:23:43 Job executing on host: <18.12.9.22:47957>
...
006 (788820.000.000) 10/12 11:23:53 Image size of job updated: 229192
	93  -  MemoryUsage of job (MB)
	95128  -  ResidentSetSize of job (KB)
...
005 (788820.000.000) 10/12 11:23:55 Job terminated.
	(1) Normal termination (return value 0)
		Usr 0 00:00:02, Sys 0 00:00:00  -  Run Remote Usage
		Usr 0 00:00:00, Sys 0 00:00:00  -  Run Local Usage
		Usr 0 00:00:02, Sys 0 00:00:00  -  Total Remote Usage
		Usr 0 00:00:00, Sys 0 00:00:00  -  Total Local Usage
	585156  -  Run Bytes Sent By Job
	62702  -  Run Bytes Received By Job
	585156  -  Total Bytes Sent By Job
	62702  -  Total Bytes Received By Job
	Partitionable Resources :    Usage  Request          
	   Cpus                 :                 1          
	   Disk (KB)            :      658      658          
	   Memory (MB)          :       93       93          
...
