000 (556377.000.000) 08/12 14:10:51 Job submitted from host: <18.12.1.74:48322>
...
001 (556377.000.000) 08/12 14:29:54 Job executing on host: <18.12.9.30:44672>
...
006 (556377.000.000) 08/12 14:30:03 Image size of job updated: 193764
	78  -  MemoryUsage of job (MB)
	79556  -  ResidentSetSize of job (KB)
...
006 (556377.000.000) 08/12 14:35:04 Image size of job updated: 230132
	94  -  MemoryUsage of job (MB)
	95340  -  ResidentSetSize of job (KB)
...
006 (556377.000.000) 08/12 14:40:04 Image size of job updated: 230132
	98  -  MemoryUsage of job (MB)
	100224  -  ResidentSetSize of job (KB)
...
006 (556377.000.000) 08/12 14:45:05 Image size of job updated: 230264
	100  -  MemoryUsage of job (MB)
	101464  -  ResidentSetSize of job (KB)
...
005 (556377.000.000) 08/12 14:45:31 Job terminated.
	(1) Normal termination (return value 0)
		Usr 0 00:01:13, Sys 0 00:00:03  -  Run Remote Usage
		Usr 0 00:00:00, Sys 0 00:00:00  -  Run Local Usage
		Usr 0 00:01:13, Sys 0 00:00:03  -  Total Remote Usage
		Usr 0 00:00:00, Sys 0 00:00:00  -  Total Local Usage
	586473  -  Run Bytes Sent By Job
	62715  -  Run Bytes Received By Job
	586473  -  Total Bytes Sent By Job
	62715  -  Total Bytes Received By Job
	Partitionable Resources :    Usage  Request          
	   Cpus                 :                 1          
	   Disk (KB)            :     1897     1897          
	   Memory (MB)          :      100      100          
...
000 (557637.000.000) 08/13 11:57:26 Job submitted from host: <18.12.1.74:48322>
...
001 (557637.000.000) 08/13 12:22:18 Job executing on host: <18.12.9.52:43066>
...
006 (557637.000.000) 08/13 12:22:26 Image size of job updated: 2
	3  -  MemoryUsage of job (MB)
	2352  -  ResidentSetSize of job (KB)
...
006 (557637.000.000) 08/13 12:25:45 Image size of job updated: 230264
	3  -  MemoryUsage of job (MB)
	2352  -  ResidentSetSize of job (KB)
...
005 (557637.000.000) 08/13 12:25:45 Job terminated.
	(1) Normal termination (return value 0)
		Usr 0 00:00:58, Sys 0 00:00:01  -  Run Remote Usage
		Usr 0 00:00:00, Sys 0 00:00:00  -  Run Local Usage
		Usr 0 00:00:58, Sys 0 00:00:01  -  Total Remote Usage
		Usr 0 00:00:00, Sys 0 00:00:00  -  Total Local Usage
	586192  -  Run Bytes Sent By Job
	62715  -  Run Bytes Received By Job
	586192  -  Total Bytes Sent By Job
	62715  -  Total Bytes Received By Job
	Partitionable Resources :    Usage  Request          
	   Cpus                 :                 1          
	   Disk (KB)            :      659      659          
	   Memory (MB)          :        3        3          
...
000 (558153.000.000) 08/13 14:31:09 Job submitted from host: <18.12.1.74:48322>
...
001 (558153.000.000) 08/13 14:56:19 Job executing on host: <18.12.9.40:47592>
...
006 (558153.000.000) 08/13 14:56:27 Image size of job updated: 11704
	2  -  MemoryUsage of job (MB)
	1472  -  ResidentSetSize of job (KB)
...
006 (558153.000.000) 08/13 15:01:27 Image size of job updated: 230260
	112  -  MemoryUsage of job (MB)
	114620  -  ResidentSetSize of job (KB)
...
005 (558153.000.000) 08/13 15:01:39 Job terminated.
	(1) Normal termination (return value 0)
		Usr 0 00:01:02, Sys 0 00:00:02  -  Run Remote Usage
		Usr 0 00:00:00, Sys 0 00:00:00  -  Run Local Usage
		Usr 0 00:01:02, Sys 0 00:00:02  -  Total Remote Usage
		Usr 0 00:00:00, Sys 0 00:00:00  -  Total Local Usage
	586258  -  Run Bytes Sent By Job
	62714  -  Run Bytes Received By Job
	586258  -  Total Bytes Sent By Job
	62714  -  Total Bytes Received By Job
	Partitionable Resources :    Usage  Request          
	   Cpus                 :                 1          
	   Disk (KB)            :      659      659          
	   Memory (MB)          :      112      112          
...
000 (565490.000.000) 08/20 12:47:32 Job submitted from host: <18.12.1.74:48322>
...
001 (565490.000.000) 08/20 12:47:50 Job executing on host: <18.12.9.41:47519>
...
006 (565490.000.000) 08/20 12:47:59 Image size of job updated: 144336
	28  -  MemoryUsage of job (MB)
	27836  -  ResidentSetSize of job (KB)
...
006 (565490.000.000) 08/20 12:50:26 Image size of job updated: 230260
	28  -  MemoryUsage of job (MB)
	27836  -  ResidentSetSize of job (KB)
...
005 (565490.000.000) 08/20 12:59:30 Job terminated.
	(1) Normal termination (return value 0)
		Usr 0 00:01:01, Sys 0 00:00:01  -  Run Remote Usage
		Usr 0 00:00:00, Sys 0 00:00:00  -  Run Local Usage
		Usr 0 00:01:01, Sys 0 00:00:01  -  Total Remote Usage
		Usr 0 00:00:00, Sys 0 00:00:00  -  Total Local Usage
	586528  -  Run Bytes Sent By Job
	62731  -  Run Bytes Received By Job
	586528  -  Total Bytes Sent By Job
	62731  -  Total Bytes Received By Job
	Partitionable Resources :    Usage  Request          
	   Cpus                 :                 1          
	   Disk (KB)            :      659      659          
	   Memory (MB)          :       28       28          
...
000 (782983.000.000) 10/02 11:05:21 Job submitted from host: <18.12.1.74:41314>
...
001 (782983.000.000) 10/02 11:08:51 Job executing on host: <18.12.8.221:45767>
...
006 (782983.000.000) 10/02 11:08:52 Image size of job updated: 2
	0  -  MemoryUsage of job (MB)
	0  -  ResidentSetSize of job (KB)
...
005 (782983.000.000) 10/02 11:13:57 Job terminated.
	(1) Normal termination (return value 0)
		Usr 0 00:00:00, Sys 0 00:00:00  -  Run Remote Usage
		Usr 0 00:00:00, Sys 0 00:00:00  -  Run Local Usage
		Usr 0 00:00:00, Sys 0 00:00:00  -  Total Remote Usage
		Usr 0 00:00:00, Sys 0 00:00:00  -  Total Local Usage
	585566  -  Run Bytes Sent By Job
	62733  -  Run Bytes Received By Job
	585566  -  Total Bytes Sent By Job
	62733  -  Total Bytes Received By Job
	Partitionable Resources :    Usage  Request          
	   Cpus                 :                 1          
	   Disk (KB)            :      658      658          
	   Memory (MB)          :        0        0          
...
000 (783164.000.000) 10/02 16:13:22 Job submitted from host: <18.12.1.74:45913>
...
001 (783164.000.000) 10/02 16:13:58 Job executing on host: <18.12.9.76:43139>
...
006 (783164.000.000) 10/02 16:13:59 Image size of job updated: 2
	0  -  MemoryUsage of job (MB)
	0  -  ResidentSetSize of job (KB)
...
005 (783164.000.000) 10/02 16:13:59 Job terminated.
	(1) Normal termination (return value 0)
		Usr 0 00:00:00, Sys 0 00:00:00  -  Run Remote Usage
		Usr 0 00:00:00, Sys 0 00:00:00  -  Run Local Usage
		Usr 0 00:00:00, Sys 0 00:00:00  -  Total Remote Usage
		Usr 0 00:00:00, Sys 0 00:00:00  -  Total Local Usage
	585610  -  Run Bytes Sent By Job
	62733  -  Run Bytes Received By Job
	585610  -  Total Bytes Sent By Job
	62733  -  Total Bytes Received By Job
	Partitionable Resources :    Usage  Request          
	   Cpus                 :                 1          
	   Disk (KB)            :      658      658          
	   Memory (MB)          :        0        0          
...
000 (783345.000.000) 10/02 16:48:35 Job submitted from host: <18.12.1.74:45913>
...
001 (783345.000.000) 10/02 16:48:52 Job executing on host: <18.12.9.49:46643>
...
006 (783345.000.000) 10/02 16:48:53 Image size of job updated: 2
	0  -  MemoryUsage of job (MB)
	0  -  ResidentSetSize of job (KB)
...
005 (783345.000.000) 10/02 16:48:55 Job terminated.
	(1) Normal termination (return value 0)
		Usr 0 00:00:00, Sys 0 00:00:00  -  Run Remote Usage
		Usr 0 00:00:00, Sys 0 00:00:00  -  Run Local Usage
		Usr 0 00:00:00, Sys 0 00:00:00  -  Total Remote Usage
		Usr 0 00:00:00, Sys 0 00:00:00  -  Total Local Usage
	585892  -  Run Bytes Sent By Job
	62733  -  Run Bytes Received By Job
	585892  -  Total Bytes Sent By Job
	62733  -  Total Bytes Received By Job
	Partitionable Resources :    Usage  Request          
	   Cpus                 :                 1          
	   Disk (KB)            :      658      658          
	   Memory (MB)          :        0        0          
...
000 (783528.000.000) 10/05 09:25:35 Job submitted from host: <18.12.1.74:45913>
...
001 (783528.000.000) 10/05 09:25:51 Job executing on host: <18.12.6.101:45329>
...
006 (783528.000.000) 10/05 09:26:00 Image size of job updated: 17148
	2  -  MemoryUsage of job (MB)
	1464  -  ResidentSetSize of job (KB)
...
005 (783528.000.000) 10/05 09:26:15 Job terminated.
	(1) Normal termination (return value 0)
		Usr 0 00:00:00, Sys 0 00:00:00  -  Run Remote Usage
		Usr 0 00:00:00, Sys 0 00:00:00  -  Run Local Usage
		Usr 0 00:00:00, Sys 0 00:00:00  -  Total Remote Usage
		Usr 0 00:00:00, Sys 0 00:00:00  -  Total Local Usage
	585927  -  Run Bytes Sent By Job
	62732  -  Run Bytes Received By Job
	585927  -  Total Bytes Sent By Job
	62732  -  Total Bytes Received By Job
	Partitionable Resources :    Usage  Request          
	   Cpus                 :                 1          
	   Disk (KB)            :      658      658          
	   Memory (MB)          :        2        2          
...
000 (783709.000.000) 10/05 10:00:21 Job submitted from host: <18.12.1.74:45913>
...
001 (783709.000.000) 10/05 10:00:57 Job executing on host: <18.12.9.54:49928>
...
006 (783709.000.000) 10/05 10:00:58 Image size of job updated: 2
	0  -  MemoryUsage of job (MB)
	0  -  ResidentSetSize of job (KB)
...
005 (783709.000.000) 10/05 10:00:59 Job terminated.
	(1) Normal termination (return value 0)
		Usr 0 00:00:00, Sys 0 00:00:00  -  Run Remote Usage
		Usr 0 00:00:00, Sys 0 00:00:00  -  Run Local Usage
		Usr 0 00:00:00, Sys 0 00:00:00  -  Total Remote Usage
		Usr 0 00:00:00, Sys 0 00:00:00  -  Total Local Usage
	585449  -  Run Bytes Sent By Job
	62731  -  Run Bytes Received By Job
	585449  -  Total Bytes Sent By Job
	62731  -  Total Bytes Received By Job
	Partitionable Resources :    Usage  Request          
	   Cpus                 :                 1          
	   Disk (KB)            :      658      658          
	   Memory (MB)          :        0        0          
...
000 (783891.000.000) 10/05 12:25:06 Job submitted from host: <18.12.1.74:45913>
...
001 (783891.000.000) 10/05 12:25:19 Job executing on host: <18.12.9.81:48833>
...
006 (783891.000.000) 10/05 12:25:22 Image size of job updated: 2
	0  -  MemoryUsage of job (MB)
	0  -  ResidentSetSize of job (KB)
...
005 (783891.000.000) 10/05 12:25:28 Job terminated.
	(1) Normal termination (return value 0)
		Usr 0 00:00:00, Sys 0 00:00:00  -  Run Remote Usage
		Usr 0 00:00:00, Sys 0 00:00:00  -  Run Local Usage
		Usr 0 00:00:00, Sys 0 00:00:00  -  Total Remote Usage
		Usr 0 00:00:00, Sys 0 00:00:00  -  Total Local Usage
	585752  -  Run Bytes Sent By Job
	62732  -  Run Bytes Received By Job
	585752  -  Total Bytes Sent By Job
	62732  -  Total Bytes Received By Job
	Partitionable Resources :    Usage  Request          
	   Cpus                 :                 1          
	   Disk (KB)            :      658      658          
	   Memory (MB)          :        0        0          
...
000 (784072.000.000) 10/05 12:28:41 Job submitted from host: <18.12.1.74:45913>
...
001 (784072.000.000) 10/05 12:28:54 Job executing on host: <18.12.9.35:48906>
...
006 (784072.000.000) 10/05 12:29:03 Image size of job updated: 72344
	17  -  MemoryUsage of job (MB)
	16836  -  ResidentSetSize of job (KB)
...
006 (784072.000.000) 10/05 12:31:56 Image size of job updated: 230256
	17  -  MemoryUsage of job (MB)
	16836  -  ResidentSetSize of job (KB)
...
005 (784072.000.000) 10/05 12:31:56 Job terminated.
	(1) Normal termination (return value 0)
		Usr 0 00:00:53, Sys 0 00:00:01  -  Run Remote Usage
		Usr 0 00:00:00, Sys 0 00:00:00  -  Run Local Usage
		Usr 0 00:00:53, Sys 0 00:00:01  -  Total Remote Usage
		Usr 0 00:00:00, Sys 0 00:00:00  -  Total Local Usage
	587056  -  Run Bytes Sent By Job
	62733  -  Run Bytes Received By Job
	587056  -  Total Bytes Sent By Job
	62733  -  Total Bytes Received By Job
	Partitionable Resources :    Usage  Request          
	   Cpus                 :                 1          
	   Disk (KB)            :      660      660          
	   Memory (MB)          :       17       17          
...
000 (786141.000.000) 10/05 14:34:41 Job submitted from host: <18.12.1.74:45913>
...
001 (786141.000.000) 10/05 14:35:53 Job executing on host: <18.12.8.91:45256>
...
006 (786141.000.000) 10/05 14:36:07 Image size of job updated: 2
	3  -  MemoryUsage of job (MB)
	2356  -  ResidentSetSize of job (KB)
...
006 (786141.000.000) 10/05 14:37:22 Image size of job updated: 230264
	3  -  MemoryUsage of job (MB)
	2356  -  ResidentSetSize of job (KB)
...
005 (786141.000.000) 10/05 14:37:23 Job terminated.
	(1) Normal termination (return value 0)
		Usr 0 00:00:41, Sys 0 00:00:01  -  Run Remote Usage
		Usr 0 00:00:00, Sys 0 00:00:00  -  Run Local Usage
		Usr 0 00:00:41, Sys 0 00:00:01  -  Total Remote Usage
		Usr 0 00:00:00, Sys 0 00:00:00  -  Total Local Usage
	586396  -  Run Bytes Sent By Job
	62729  -  Run Bytes Received By Job
	586396  -  Total Bytes Sent By Job
	62729  -  Total Bytes Received By Job
	Partitionable Resources :    Usage  Request          
	   Cpus                 :                 1          
	   Disk (KB)            :      659      659          
	   Memory (MB)          :        3        3          
...
000 (787980.000.000) 10/08 16:09:51 Job submitted from host: <18.12.1.74:45913>
...
001 (787980.000.000) 10/08 16:25:40 Job executing on host: <18.12.9.65:49271>
...
006 (787980.000.000) 10/08 16:25:49 Image size of job updated: 49268
	3  -  MemoryUsage of job (MB)
	2748  -  ResidentSetSize of job (KB)
...
006 (787980.000.000) 10/08 16:27:32 Image size of job updated: 230244
	3  -  MemoryUsage of job (MB)
	2748  -  ResidentSetSize of job (KB)
...
005 (787980.000.000) 10/08 16:27:33 Job terminated.
	(1) Normal termination (return value 0)
		Usr 0 00:00:48, Sys 0 00:00:01  -  Run Remote Usage
		Usr 0 00:00:00, Sys 0 00:00:00  -  Run Local Usage
		Usr 0 00:00:48, Sys 0 00:00:01  -  Total Remote Usage
		Usr 0 00:00:00, Sys 0 00:00:00  -  Total Local Usage
	585349  -  Run Bytes Sent By Job
	62697  -  Run Bytes Received By Job
	585349  -  Total Bytes Sent By Job
	62697  -  Total Bytes Received By Job
	Partitionable Resources :    Usage  Request          
	   Cpus                 :                 1          
	   Disk (KB)            :      658      658          
	   Memory (MB)          :        3        3          
...
000 (788343.000.000) 10/09 10:00:30 Job submitted from host: <18.12.1.74:45913>
...
001 (788343.000.000) 10/09 10:05:38 Job executing on host: <18.12.9.59:43869>
...
006 (788343.000.000) 10/09 10:05:46 Image size of job updated: 2
	3  -  MemoryUsage of job (MB)
	2356  -  ResidentSetSize of job (KB)
...
006 (788343.000.000) 10/09 10:07:11 Image size of job updated: 230248
	3  -  MemoryUsage of job (MB)
	2356  -  ResidentSetSize of job (KB)
...
005 (788343.000.000) 10/09 10:07:11 Job terminated.
	(1) Normal termination (return value 0)
		Usr 0 00:00:55, Sys 0 00:00:01  -  Run Remote Usage
		Usr 0 00:00:00, Sys 0 00:00:00  -  Run Local Usage
		Usr 0 00:00:55, Sys 0 00:00:01  -  Total Remote Usage
		Usr 0 00:00:00, Sys 0 00:00:00  -  Total Local Usage
	585260  -  Run Bytes Sent By Job
	62694  -  Run Bytes Received By Job
	585260  -  Total Bytes Sent By Job
	62694  -  Total Bytes Received By Job
	Partitionable Resources :    Usage  Request          
	   Cpus                 :                 1          
	   Disk (KB)            :      658      658          
	   Memory (MB)          :        3        3          
...
000 (788890.000.000) 10/12 11:22:09 Job submitted from host: <18.12.1.74:45913>
...
001 (788890.000.000) 10/12 11:29:56 Job executing on host: <18.12.8.203:48395>
...
006 (788890.000.000) 10/12 11:30:05 Image size of job updated: 229984
	94  -  MemoryUsage of job (MB)
	95860  -  ResidentSetSize of job (KB)
...
006 (788890.000.000) 10/12 11:31:52 Image size of job updated: 230248
	94  -  MemoryUsage of job (MB)
	95860  -  ResidentSetSize of job (KB)
...
005 (788890.000.000) 10/12 11:31:52 Job terminated.
	(1) Normal termination (return value 0)
		Usr 0 00:01:04, Sys 0 00:00:01  -  Run Remote Usage
		Usr 0 00:00:00, Sys 0 00:00:00  -  Run Local Usage
		Usr 0 00:01:04, Sys 0 00:00:01  -  Total Remote Usage
		Usr 0 00:00:00, Sys 0 00:00:00  -  Total Local Usage
	585299  -  Run Bytes Sent By Job
	62702  -  Run Bytes Received By Job
	585299  -  Total Bytes Sent By Job
	62702  -  Total Bytes Received By Job
	Partitionable Resources :    Usage  Request          
	   Cpus                 :                 1          
	   Disk (KB)            :      658      658          
	   Memory (MB)          :       94       94          
...
