
----------------------------------------------------
Job started on Mon Oct 12 11:28:57 EDT 2015 at WN: t2bat0029.cmsaf.mit.edu 
Job is running on Linux t2bat0029.cmsaf.mit.edu 2.6.32-358.el6.x86_64 #1 SMP Fri Feb 22 20:37:17 CST 2013 x86_64 x86_64 x86_64 GNU/Linux
Filesystem            Size  Used Avail Use% Mounted on
/dev/sda3              20G  3.1G   16G  17% /
tmpfs                 7.8G     0  7.8G   0% /dev/shm
/dev/sda1              97M   33M   60M  36% /boot
/dev/sda4             415G   58G  358G  14% /export/data1
/dev/sdb1             1.8T  1.5T  379G  80% /export/00b
/dev/sdc1             1.8T  1.5T  378G  80% /export/00c
/dev/sdd1             1.8T  1.5T  383G  80% /export/00d
/dev/sde1             1.8T  1.5T  369G  80% /export/00e
/dev/sdf1             1.8T  1.5T  394G  79% /export/00f
fuse_dfs              5.0P  4.0P  1.1P  80% /mnt/hadoop
cvmfs2                 98G   55G   43G  57% /cvmfs/cms.cern.ch
t2srv0004:/export/db  135G  187M  135G   1% /net/t2srv0004/db
cvmfs2                 98G   55G   43G  57% /cvmfs/oasis.opensciencegrid.org
cvmfs2                 98G   55G   43G  57% /cvmfs/cdfcfs.fnal.gov
cvmfs2                 98G   55G   43G  57% /cvmfs/cvmfs.cmsaf.mit.edu
gcc (GCC) 4.4.7 20120313 (Red Hat 4.4.7-3)
Copyright (C) 2010 Free Software Foundation, Inc.
This is free software; see the source for copying conditions.  There is NO
warranty; not even for MERCHANTABILITY or FITNESS FOR A PARTICULAR PURPOSE.

Processing...
0/127925
10000/127925
20000/127925
30000/127925
40000/127925
50000/127925
60000/127925
70000/127925
80000/127925
90000/127925
100000/127925
110000/127925
120000/127925
Macro finished: 
CPU time (min)  = 1.71317
Real time (min) = 2.42335
total 1.7M
-rw-r--r--  1 obaron obaron  108K Oct 12 11:01 jetRAA_PbPb_data_forest.txt
-rw-r--r--  1 obaron obaron   94K Oct 12 11:01 jetRAA_PbPb_data_akPu4_select.txt
-rw-r--r--  1 obaron obaron   94K Oct 12 11:01 jetRAA_PbPb_data_akPu3_select.txt
-rw-r--r--  1 obaron obaron   94K Oct 12 11:01 jetRAA_PbPb_data_akPu2_select.txt
-rw-r--r--  1 obaron obaron   70K Oct 12 11:21 RAA_read_data_pbpb.C
-rw-r--r--  1 obaron obaron   11K Oct 12 11:21 RAA_read_data_pbpb_C.d
-rwxr-xr-x  1 obaron obaron  101K Oct 12 11:21 RAA_read_data_pbpb_C.so
-rw-rw-r--  1 obaron obaron   61K Oct 12 11:28 jetRAA_run_PbPb_Data.tar
-rwxr-xr-x  1 obaron obaron  1.2K Oct 12 11:28 condor_exec.exe
drwxr-xr-x 10 condor root    4.0K Oct 12 11:28 ..
-rw-r--r--  1 condor condor   20K Oct 12 11:28 .job.ad
-rw-r--r--  1 condor condor  5.5K Oct 12 11:28 .machine.ad
-rwx------  1 obaron obaron    49 Oct 12 11:28 .chirp.config
-rw-r--r--  1 obaron obaron     0 Oct 12 11:28 _condor_stderr
drwx------  2 obaron obaron  4.0K Oct 12 11:28 .
-rw-r--r--  1 obaron obaron  1.7K Oct 12 11:31 _condor_stdout
-rw-r--r--  1 obaron obaron 1009K Oct 12 11:31 PbPb_Data_histograms_FromForest_pileupCutFIX_ZDCmCut_30GeVcut_akPu4_20_eta_20_325.root
Done!
Copied output files to hadoop rootfiles/JetRAA/June29
