
----------------------------------------------------
Job started on Mon Oct 12 10:55:03 EDT 2015 at WN: t2bat0252.cmsaf.mit.edu 
Job is running on Linux t2bat0252.cmsaf.mit.edu 2.6.32-358.el6.x86_64 #1 SMP Fri Feb 22 20:37:17 CST 2013 x86_64 x86_64 x86_64 GNU/Linux
Filesystem            Size  Used Avail Use% Mounted on
/dev/sda3              20G  3.0G   16G  16% /
tmpfs                  12G     0   12G   0% /dev/shm
/dev/sda1              97M   32M   61M  35% /boot
/dev/sda4             874G   67G  807G   8% /export/data1
/dev/sdb1             1.8T  1.5T  385G  80% /export/00b
/dev/sdc1             1.8T  1.5T  383G  80% /export/00c
/dev/sdd1             1.8T  1.5T  371G  80% /export/00d
/dev/sde1             1.8T  1.5T  396G  79% /export/00e
/dev/sdf1             1.8T  1.5T  382G  80% /export/00f
fuse_dfs              5.0P  4.0P  1.1P  80% /mnt/hadoop
cvmfs2                 98G   63G   36G  64% /cvmfs/cms.cern.ch
t2srv0004:/export/db  135G  187M  135G   1% /net/t2srv0004/db
gcc (GCC) 4.4.7 20120313 (Red Hat 4.4.7-3)
Copyright (C) 2010 Free Software Foundation, Inc.
This is free software; see the source for copying conditions.  There is NO
warranty; not even for MERCHANTABILITY or FITNESS FOR A PARTICULAR PURPOSE.

Processing...
0/237841
10000/237841
20000/237841
30000/237841
40000/237841
50000/237841
60000/237841
70000/237841
80000/237841
90000/237841
100000/237841
110000/237841
120000/237841
130000/237841
140000/237841
150000/237841
160000/237841
170000/237841
180000/237841
190000/237841
200000/237841
210000/237841
220000/237841
230000/237841
Macro finished: 
CPU time (min)  = 2.53383
Real time (min) = 4.05058
total 1.7M
-rw-r--r--  1 obaron obaron 108K Oct 12 10:08 jetRAA_PbPb_data_forest.txt
-rw-r--r--  1 obaron obaron  94K Oct 12 10:08 jetRAA_PbPb_data_akPu4_select.txt
-rw-r--r--  1 obaron obaron  94K Oct 12 10:08 jetRAA_PbPb_data_akPu3_select.txt
-rw-r--r--  1 obaron obaron  94K Oct 12 10:08 jetRAA_PbPb_data_akPu2_select.txt
-rw-r--r--  1 obaron obaron  70K Oct 12 10:40 RAA_read_data_pbpb.C
-rw-r--r--  1 obaron obaron  11K Oct 12 10:40 RAA_read_data_pbpb_C.d
-rwxr-xr-x  1 obaron obaron 101K Oct 12 10:40 RAA_read_data_pbpb_C.so
-rw-rw-r--  1 obaron obaron  61K Oct 12 10:55 jetRAA_run_PbPb_Data.tar
-rwxr-xr-x  1 obaron obaron 1.2K Oct 12 10:55 condor_exec.exe
drwxr-xr-x 19 condor root   4.0K Oct 12 10:55 ..
-rw-r--r--  1 condor condor 5.6K Oct 12 10:55 .machine.ad
-rw-r--r--  1 condor condor  20K Oct 12 10:55 .job.ad
-rwx------  1 obaron obaron   50 Oct 12 10:55 .chirp.config
-rw-r--r--  1 obaron obaron    0 Oct 12 10:55 _condor_stderr
drwx------  2 obaron obaron 4.0K Oct 12 10:55 .
-rw-r--r--  1 obaron obaron 1.7K Oct 12 10:59 _condor_stdout
-rw-r--r--  1 obaron obaron 1.1M Oct 12 10:59 PbPb_Data_histograms_FromForest_pileupCutFIX_ZDCmCut_30GeVcut_akPu3_20_eta_20_780.root
Done!
Copied output files to hadoop rootfiles/JetRAA/June29
