
----------------------------------------------------
Job started on Mon Oct 12 11:31:55 EDT 2015 at WN: t2bat0203.cmsaf.mit.edu 
Job is running on Linux t2bat0203.cmsaf.mit.edu 2.6.32-358.el6.x86_64 #1 SMP Fri Feb 22 20:37:17 CST 2013 x86_64 x86_64 x86_64 GNU/Linux
Filesystem            Size  Used Avail Use% Mounted on
/dev/sda3              20G  2.5G   17G  13% /
tmpfs                  12G     0   12G   0% /dev/shm
/dev/sda1              97M   32M   61M  35% /boot
/dev/sda4             874G   38G  836G   5% /export/data1
/dev/sdb1             1.8T  1.5T  381G  80% /export/00b
/dev/sdc1             1.8T  1.5T  379G  80% /export/00c
/dev/sdd1             1.8T  1.5T  389G  79% /export/00d
/dev/sde1             1.8T  1.5T  368G  80% /export/00e
/dev/sdf1             1.8T  1.5T  399G  79% /export/00f
fuse_dfs              5.0P  4.0P  1.1P  80% /mnt/hadoop
cvmfs2                 98G   35G   64G  36% /cvmfs/cms.cern.ch
t2srv0004:/export/db  135G  187M  135G   1% /net/t2srv0004/db
cvmfs2                 98G   35G   64G  36% /cvmfs/oasis.opensciencegrid.org
cvmfs2                 98G   35G   64G  36% /cvmfs/cdfcfs.fnal.gov
cvmfs2                 98G   35G   64G  36% /cvmfs/cvmfs.cmsaf.mit.edu
gcc (GCC) 4.4.7 20120313 (Red Hat 4.4.7-3)
Copyright (C) 2010 Free Software Foundation, Inc.
This is free software; see the source for copying conditions.  There is NO
warranty; not even for MERCHANTABILITY or FITNESS FOR A PARTICULAR PURPOSE.

Processing...
0/199533
10000/199533
20000/199533
30000/199533
40000/199533
50000/199533
60000/199533
70000/199533
80000/199533
90000/199533
100000/199533
110000/199533
120000/199533
130000/199533
140000/199533
150000/199533
160000/199533
170000/199533
180000/199533
190000/199533
Macro finished: 
CPU time (min)  = 2.052
Real time (min) = 3.00625
total 1.7M
-rw-r--r--  1 obaron obaron 108K Oct 12 11:01 jetRAA_PbPb_data_forest.txt
-rw-r--r--  1 obaron obaron  94K Oct 12 11:01 jetRAA_PbPb_data_akPu4_select.txt
-rw-r--r--  1 obaron obaron  94K Oct 12 11:01 jetRAA_PbPb_data_akPu3_select.txt
-rw-r--r--  1 obaron obaron  94K Oct 12 11:01 jetRAA_PbPb_data_akPu2_select.txt
-rw-r--r--  1 obaron obaron  70K Oct 12 11:21 RAA_read_data_pbpb.C
-rw-r--r--  1 obaron obaron  11K Oct 12 11:21 RAA_read_data_pbpb_C.d
-rwxr-xr-x  1 obaron obaron 101K Oct 12 11:21 RAA_read_data_pbpb_C.so
-rw-rw-r--  1 obaron obaron  61K Oct 12 11:31 jetRAA_run_PbPb_Data.tar
-rwxr-xr-x  1 obaron obaron 1.2K Oct 12 11:31 condor_exec.exe
-rw-r--r--  1 condor condor  20K Oct 12 11:31 .job.ad
drwxr-xr-x 19 condor root   4.0K Oct 12 11:31 ..
-rw-r--r--  1 condor condor 5.6K Oct 12 11:31 .machine.ad
-rwx------  1 obaron obaron   50 Oct 12 11:31 .chirp.config
-rw-r--r--  1 obaron obaron    0 Oct 12 11:31 _condor_stderr
drwx------  2 obaron obaron 4.0K Oct 12 11:31 .
-rw-r--r--  1 obaron obaron 1.8K Oct 12 11:34 _condor_stdout
-rw-r--r--  1 obaron obaron 1.1M Oct 12 11:34 PbPb_Data_histograms_FromForest_pileupCutFIX_ZDCmCut_30GeVcut_akPu4_20_eta_20_420.root
Done!
Copied output files to hadoop rootfiles/JetRAA/June29
