
----------------------------------------------------
Job started on Thu Aug 20 21:10:42 EDT 2015 at WN: lnbat0017.cmsaf.mit.edu 
Job is running on Linux lnbat0017.cmsaf.mit.edu 2.6.32-358.el6.x86_64 #1 SMP Fri Feb 22 20:37:17 CST 2013 x86_64 x86_64 x86_64 GNU/Linux
Filesystem            Size  Used Avail Use% Mounted on
/dev/sda3              20G  4.0G   15G  21% /
tmpfs                  12G     0   12G   0% /dev/shm
/dev/sda1              97M   32M   61M  35% /boot
/dev/sda4             874G   53G  821G   7% /export/data1
fuse_dfs              4.9P  4.6P  323T  94% /mnt/hadoop
/dev/sdc1             1.8T  1.7T  131G  93% /export/00b
/dev/sdd1             1.8T  1.7T  132G  93% /export/00c
/dev/sde1             1.8T  1.7T  136G  93% /export/00d
/dev/sdb1             1.8T  1.7T  123G  94% /export/00e
/dev/sdf1             1.8T  1.7T  117G  94% /export/00f
t2srv0004:/export/db  135G  187M  135G   1% /net/t2srv0004/db
cvmfs2                 98G   45G   54G  46% /cvmfs/cms.cern.ch
cvmfs2                 98G   45G   54G  46% /cvmfs/cvmfs.cmsaf.mit.edu
gcc (GCC) 4.4.7 20120313 (Red Hat 4.4.7-3)
Copyright (C) 2010 Free Software Foundation, Inc.
This is free software; see the source for copying conditions.  There is NO
warranty; not even for MERCHANTABILITY or FITNESS FOR A PARTICULAR PURPOSE.

Processing...
0/176899
10000/176899
20000/176899
30000/176899
40000/176899
50000/176899
60000/176899
70000/176899
80000/176899
90000/176899
100000/176899
110000/176899
120000/176899
130000/176899
140000/176899
150000/176899
160000/176899
170000/176899
Macro finished: 
CPU time (min)  = 1.87083
Real time (min) = 2.51341
total 1.7M
-rw-r--r--  1 obaron obaron   94K Aug 20 20:49 jetRAA_PbPb_data_akPu3_select.txt
-rw-r--r--  1 obaron obaron   70K Aug 20 20:49 RAA_read_data_pbpb.C
-rw-r--r--  1 obaron obaron  108K Aug 20 20:49 jetRAA_PbPb_data_forest.txt
-rw-r--r--  1 obaron obaron   94K Aug 20 20:49 jetRAA_PbPb_data_akPu2_select.txt
-rw-r--r--  1 obaron obaron   94K Aug 20 20:50 jetRAA_PbPb_data_akPu4_select.txt
-rw-r--r--  1 obaron obaron   11K Aug 20 20:57 RAA_read_data_pbpb_C.d
-rwxr-xr-x  1 obaron obaron  101K Aug 20 20:58 RAA_read_data_pbpb_C.so
-rw-rw-r--  1 obaron obaron   61K Aug 20 21:10 jetRAA_run_PbPb_Data.tar
-rwxr-xr-x  1 obaron obaron  1.2K Aug 20 21:10 condor_exec.exe
-rw-r--r--  1 condor condor  5.7K Aug 20 21:10 .machine.ad
-rw-r--r--  1 condor condor   20K Aug 20 21:10 .job.ad
-rwx------  1 obaron obaron    50 Aug 20 21:10 .chirp.config
drwx------  2 obaron obaron  4.0K Aug 20 21:10 .
-rw-r--r--  1 obaron obaron   678 Aug 20 21:10 _condor_stderr
drwxr-xr-x 19 condor root    4.0K Aug 20 21:11 ..
-rw-r--r--  1 obaron obaron  1.6K Aug 20 21:13 _condor_stdout
-rw-r--r--  1 obaron obaron 1016K Aug 20 21:13 PbPb_Data_histograms_FromForest_pileupCutFIX_ZDCmCut_akPu2_20_eta_20_880.root
Done!
Copied output files to hadoop rootfiles/JetRAA/June29
