000 (556161.000.000) 08/12 11:33:50 Job submitted from host: <18.12.1.74:48322>
...
001 (556161.000.000) 08/12 12:04:19 Job executing on host: <18.12.9.82:48979>
...
006 (556161.000.000) 08/12 12:04:27 Image size of job updated: 230464
	96  -  MemoryUsage of job (MB)
	98204  -  ResidentSetSize of job (KB)
...
006 (556161.000.000) 08/12 12:09:27 Image size of job updated: 230596
	101  -  MemoryUsage of job (MB)
	103164  -  ResidentSetSize of job (KB)
...
005 (556161.000.000) 08/12 12:10:34 Job terminated.
	(1) Normal termination (return value 0)
		Usr 0 00:01:23, Sys 0 00:00:02  -  Run Remote Usage
		Usr 0 00:00:00, Sys 0 00:00:00  -  Run Local Usage
		Usr 0 00:01:23, Sys 0 00:00:02  -  Total Remote Usage
		Usr 0 00:00:00, Sys 0 00:00:00  -  Total Local Usage
	586290  -  Run Bytes Sent By Job
	62715  -  Run Bytes Received By Job
	586290  -  Total Bytes Sent By Job
	62715  -  Total Bytes Received By Job
	Partitionable Resources :    Usage  Request          
	   Cpus                 :                 1          
	   Disk (KB)            :      659      659          
	   Memory (MB)          :      101      101          
...
000 (566530.000.000) 08/20 21:09:59 Job submitted from host: <18.12.1.74:48322>
...
001 (566530.000.000) 08/20 21:10:25 Job executing on host: <18.12.9.49:41460>
...
006 (566530.000.000) 08/20 21:10:34 Image size of job updated: 93604
	3  -  MemoryUsage of job (MB)
	2424  -  ResidentSetSize of job (KB)
...
006 (566530.000.000) 08/20 21:12:52 Image size of job updated: 230596
	3  -  MemoryUsage of job (MB)
	2424  -  ResidentSetSize of job (KB)
...
022 (566530.000.000) 08/20 21:12:53 Job disconnected, attempting to reconnect
    Socket between submit and execute hosts closed unexpectedly
    Trying to reconnect to slot21@t2bat0305.cmsaf.mit.edu <18.12.9.49:41460>
...
023 (566530.000.000) 08/20 21:12:54 Job reconnected to slot21@t2bat0305.cmsaf.mit.edu
    startd address: <18.12.9.49:41460>
    starter address: <18.12.9.49:46935>
...
022 (566530.000.000) 08/20 21:12:54 Job disconnected, attempting to reconnect
    Socket between submit and execute hosts closed unexpectedly
    Trying to reconnect to slot21@t2bat0305.cmsaf.mit.edu <18.12.9.49:41460>
...
023 (566530.000.000) 08/20 21:12:54 Job reconnected to slot21@t2bat0305.cmsaf.mit.edu
    startd address: <18.12.9.49:41460>
    starter address: <18.12.9.49:46935>
...
022 (566530.000.000) 08/20 21:12:55 Job disconnected, attempting to reconnect
    Socket between submit and execute hosts closed unexpectedly
    Trying to reconnect to slot21@t2bat0305.cmsaf.mit.edu <18.12.9.49:41460>
...
023 (566530.000.000) 08/20 21:12:56 Job reconnected to slot21@t2bat0305.cmsaf.mit.edu
    startd address: <18.12.9.49:41460>
    starter address: <18.12.9.49:46935>
...
022 (566530.000.000) 08/20 21:12:57 Job disconnected, attempting to reconnect
    Socket between submit and execute hosts closed unexpectedly
    Trying to reconnect to slot21@t2bat0305.cmsaf.mit.edu <18.12.9.49:41460>
...
023 (566530.000.000) 08/20 21:12:57 Job reconnected to slot21@t2bat0305.cmsaf.mit.edu
    startd address: <18.12.9.49:41460>
    starter address: <18.12.9.49:46935>
...
007 (566530.000.000) 08/20 21:12:58 Shadow exception!
	Error from slot21@t2bat0305.cmsaf.mit.edu: Repeated attempts to transfer output failed for unknown reasons
	0  -  Run Bytes Sent By Job
	62731  -  Run Bytes Received By Job
...
001 (566530.000.000) 08/20 21:13:14 Job executing on host: <18.12.9.72:40730>
...
005 (566530.000.000) 08/20 21:22:09 Job terminated.
	(1) Normal termination (return value 0)
		Usr 0 00:01:22, Sys 0 00:00:01  -  Run Remote Usage
		Usr 0 00:00:00, Sys 0 00:00:00  -  Run Local Usage
		Usr 0 00:01:22, Sys 0 00:00:01  -  Total Remote Usage
		Usr 0 00:00:00, Sys 0 00:00:00  -  Total Local Usage
	586346  -  Run Bytes Sent By Job
	62731  -  Run Bytes Received By Job
	586346  -  Total Bytes Sent By Job
	125462  -  Total Bytes Received By Job
	Partitionable Resources :    Usage  Request          
	   Cpus                 :                 1          
	   Disk (KB)            :      750      750          
	   Memory (MB)          :        3        3          
...
000 (782535.000.000) 10/01 13:04:38 Job submitted from host: <18.12.1.74:47665>
...
001 (782535.000.000) 10/01 13:16:41 Job executing on host: <18.12.9.67:41533>
...
006 (782535.000.000) 10/01 13:16:50 Image size of job updated: 192600
	77  -  MemoryUsage of job (MB)
	78468  -  ResidentSetSize of job (KB)
...
006 (782535.000.000) 10/01 13:21:50 Image size of job updated: 230600
	114  -  MemoryUsage of job (MB)
	116288  -  ResidentSetSize of job (KB)
...
005 (782535.000.000) 10/01 13:22:30 Job terminated.
	(1) Normal termination (return value 0)
		Usr 0 00:01:09, Sys 0 00:00:01  -  Run Remote Usage
		Usr 0 00:00:00, Sys 0 00:00:00  -  Run Local Usage
		Usr 0 00:01:09, Sys 0 00:00:01  -  Total Remote Usage
		Usr 0 00:00:00, Sys 0 00:00:00  -  Total Local Usage
	586345  -  Run Bytes Sent By Job
	62730  -  Run Bytes Received By Job
	586345  -  Total Bytes Sent By Job
	62730  -  Total Bytes Received By Job
	Partitionable Resources :    Usage  Request          
	   Cpus                 :                 1          
	   Disk (KB)            :      659      659          
	   Memory (MB)          :      114      114          
...
000 (782716.000.000) 10/01 14:32:33 Job submitted from host: <18.12.1.74:47665>
...
001 (782716.000.000) 10/01 14:34:17 Job executing on host: <18.12.6.37:47154>
...
006 (782716.000.000) 10/01 14:34:26 Image size of job updated: 187712
	75  -  MemoryUsage of job (MB)
	76016  -  ResidentSetSize of job (KB)
...
006 (782716.000.000) 10/01 14:36:31 Image size of job updated: 227560
	75  -  MemoryUsage of job (MB)
	76016  -  ResidentSetSize of job (KB)
...
005 (782716.000.000) 10/01 14:39:19 Job terminated.
	(1) Normal termination (return value 0)
		Usr 0 00:00:49, Sys 0 00:00:01  -  Run Remote Usage
		Usr 0 00:00:00, Sys 0 00:00:00  -  Run Local Usage
		Usr 0 00:00:49, Sys 0 00:00:01  -  Total Remote Usage
		Usr 0 00:00:00, Sys 0 00:00:00  -  Total Local Usage
	4305792  -  Run Bytes Sent By Job
	62736  -  Run Bytes Received By Job
	4305792  -  Total Bytes Sent By Job
	62736  -  Total Bytes Received By Job
	Partitionable Resources :    Usage  Request          
	   Cpus                 :                 1          
	   Disk (KB)            :     4291     4291          
	   Memory (MB)          :       75       75          
...
000 (788257.000.000) 10/09 09:23:50 Job submitted from host: <18.12.1.74:45913>
...
001 (788257.000.000) 10/09 09:24:18 Job executing on host: <18.12.12.68:42555>
...
006 (788257.000.000) 10/09 09:24:26 Image size of job updated: 93584
	3  -  MemoryUsage of job (MB)
	2420  -  ResidentSetSize of job (KB)
...
006 (788257.000.000) 10/09 09:27:26 Image size of job updated: 230584
	3  -  MemoryUsage of job (MB)
	2420  -  ResidentSetSize of job (KB)
...
005 (788257.000.000) 10/09 09:27:26 Job terminated.
	(1) Normal termination (return value 0)
		Usr 0 00:01:54, Sys 0 00:00:02  -  Run Remote Usage
		Usr 0 00:00:00, Sys 0 00:00:00  -  Run Local Usage
		Usr 0 00:01:54, Sys 0 00:00:02  -  Total Remote Usage
		Usr 0 00:00:00, Sys 0 00:00:00  -  Total Local Usage
	585390  -  Run Bytes Sent By Job
	62698  -  Run Bytes Received By Job
	585390  -  Total Bytes Sent By Job
	62698  -  Total Bytes Received By Job
	Partitionable Resources :    Usage  Request          
	   Cpus                 :                 1          
	   Disk (KB)            :      658      658          
	   Memory (MB)          :        3        3          
...
000 (788622.000.000) 10/12 09:48:10 Job submitted from host: <18.12.1.74:45913>
...
001 (788622.000.000) 10/12 10:04:48 Job executing on host: <18.12.8.41:48906>
...
006 (788622.000.000) 10/12 10:04:57 Image size of job updated: 193756
	79  -  MemoryUsage of job (MB)
	80824  -  ResidentSetSize of job (KB)
...
006 (788622.000.000) 10/12 10:07:37 Image size of job updated: 230588
	79  -  MemoryUsage of job (MB)
	80824  -  ResidentSetSize of job (KB)
...
005 (788622.000.000) 10/12 10:07:37 Job terminated.
	(1) Normal termination (return value 0)
		Usr 0 00:02:13, Sys 0 00:00:03  -  Run Remote Usage
		Usr 0 00:00:00, Sys 0 00:00:00  -  Run Local Usage
		Usr 0 00:02:13, Sys 0 00:00:03  -  Total Remote Usage
		Usr 0 00:00:00, Sys 0 00:00:00  -  Total Local Usage
	585184  -  Run Bytes Sent By Job
	62703  -  Run Bytes Received By Job
	585184  -  Total Bytes Sent By Job
	62703  -  Total Bytes Received By Job
	Partitionable Resources :    Usage  Request          
	   Cpus                 :                 1          
	   Disk (KB)            :      658      658          
	   Memory (MB)          :       79       79          
...
