000 (556401.000.000) 08/12 14:10:53 Job submitted from host: <18.12.1.74:48322>
...
001 (556401.000.000) 08/12 14:37:09 Job executing on host: <18.12.9.55:44599>
...
006 (556401.000.000) 08/12 14:37:18 Image size of job updated: 187644
	71  -  MemoryUsage of job (MB)
	72588  -  ResidentSetSize of job (KB)
...
006 (556401.000.000) 08/12 14:42:19 Image size of job updated: 230132
	101  -  MemoryUsage of job (MB)
	102592  -  ResidentSetSize of job (KB)
...
006 (556401.000.000) 08/12 14:47:20 Image size of job updated: 230132
	106  -  MemoryUsage of job (MB)
	108196  -  ResidentSetSize of job (KB)
...
005 (556401.000.000) 08/12 14:49:16 Job terminated.
	(1) Normal termination (return value 0)
		Usr 0 00:00:40, Sys 0 00:00:02  -  Run Remote Usage
		Usr 0 00:00:00, Sys 0 00:00:00  -  Run Local Usage
		Usr 0 00:00:40, Sys 0 00:00:02  -  Total Remote Usage
		Usr 0 00:00:00, Sys 0 00:00:00  -  Total Local Usage
	586144  -  Run Bytes Sent By Job
	62715  -  Run Bytes Received By Job
	586144  -  Total Bytes Sent By Job
	62715  -  Total Bytes Received By Job
	Partitionable Resources :    Usage  Request          
	   Cpus                 :                 1          
	   Disk (KB)            :      659      659          
	   Memory (MB)          :      106      106          
...
000 (557661.000.000) 08/13 11:57:29 Job submitted from host: <18.12.1.74:48322>
...
001 (557661.000.000) 08/13 12:29:39 Job executing on host: <18.12.9.47:41168>
...
006 (557661.000.000) 08/13 12:29:48 Image size of job updated: 188308
	72  -  MemoryUsage of job (MB)
	73500  -  ResidentSetSize of job (KB)
...
006 (557661.000.000) 08/13 12:31:27 Image size of job updated: 230132
	72  -  MemoryUsage of job (MB)
	73500  -  ResidentSetSize of job (KB)
...
005 (557661.000.000) 08/13 12:31:27 Job terminated.
	(1) Normal termination (return value 0)
		Usr 0 00:00:36, Sys 0 00:00:01  -  Run Remote Usage
		Usr 0 00:00:00, Sys 0 00:00:00  -  Run Local Usage
		Usr 0 00:00:36, Sys 0 00:00:01  -  Total Remote Usage
		Usr 0 00:00:00, Sys 0 00:00:00  -  Total Local Usage
	586144  -  Run Bytes Sent By Job
	62715  -  Run Bytes Received By Job
	586144  -  Total Bytes Sent By Job
	62715  -  Total Bytes Received By Job
	Partitionable Resources :    Usage  Request          
	   Cpus                 :                 1          
	   Disk (KB)            :      659      659          
	   Memory (MB)          :       72       72          
...
000 (558177.000.000) 08/13 14:31:11 Job submitted from host: <18.12.1.74:48322>
...
001 (558177.000.000) 08/13 15:01:43 Job executing on host: <18.12.9.47:41168>
...
006 (558177.000.000) 08/13 15:01:51 Image size of job updated: 192484
	77  -  MemoryUsage of job (MB)
	78252  -  ResidentSetSize of job (KB)
...
006 (558177.000.000) 08/13 15:03:04 Image size of job updated: 230128
	77  -  MemoryUsage of job (MB)
	78252  -  ResidentSetSize of job (KB)
...
005 (558177.000.000) 08/13 15:03:04 Job terminated.
	(1) Normal termination (return value 0)
		Usr 0 00:00:44, Sys 0 00:00:01  -  Run Remote Usage
		Usr 0 00:00:00, Sys 0 00:00:00  -  Run Local Usage
		Usr 0 00:00:44, Sys 0 00:00:01  -  Total Remote Usage
		Usr 0 00:00:00, Sys 0 00:00:00  -  Total Local Usage
	585929  -  Run Bytes Sent By Job
	62714  -  Run Bytes Received By Job
	585929  -  Total Bytes Sent By Job
	62714  -  Total Bytes Received By Job
	Partitionable Resources :    Usage  Request          
	   Cpus                 :                 1          
	   Disk (KB)            :      659      659          
	   Memory (MB)          :       77       77          
...
000 (565514.000.000) 08/20 12:53:06 Job submitted from host: <18.12.1.74:48322>
...
001 (565514.000.000) 08/20 12:53:35 Job executing on host: <18.12.8.186:47154>
...
006 (565514.000.000) 08/20 12:53:44 Image size of job updated: 2
	3  -  MemoryUsage of job (MB)
	2340  -  ResidentSetSize of job (KB)
...
006 (565514.000.000) 08/20 12:55:26 Image size of job updated: 230260
	3  -  MemoryUsage of job (MB)
	2340  -  ResidentSetSize of job (KB)
...
005 (565514.000.000) 08/20 13:03:50 Job terminated.
	(1) Normal termination (return value 0)
		Usr 0 00:00:53, Sys 0 00:00:00  -  Run Remote Usage
		Usr 0 00:00:00, Sys 0 00:00:00  -  Run Local Usage
		Usr 0 00:00:53, Sys 0 00:00:00  -  Total Remote Usage
		Usr 0 00:00:00, Sys 0 00:00:00  -  Total Local Usage
	585999  -  Run Bytes Sent By Job
	62731  -  Run Bytes Received By Job
	585999  -  Total Bytes Sent By Job
	62731  -  Total Bytes Received By Job
	Partitionable Resources :    Usage  Request          
	   Cpus                 :                 1          
	   Disk (KB)            :      659      659          
	   Memory (MB)          :        3        3          
...
000 (783007.000.000) 10/02 11:05:36 Job submitted from host: <18.12.1.74:41314>
...
001 (783007.000.000) 10/02 11:13:56 Job executing on host: <18.12.8.199:41314>
...
006 (783007.000.000) 10/02 11:14:02 Image size of job updated: 2
	0  -  MemoryUsage of job (MB)
	0  -  ResidentSetSize of job (KB)
...
005 (783007.000.000) 10/02 11:19:13 Job terminated.
	(1) Normal termination (return value 0)
		Usr 0 00:00:00, Sys 0 00:00:00  -  Run Remote Usage
		Usr 0 00:00:00, Sys 0 00:00:00  -  Run Local Usage
		Usr 0 00:00:00, Sys 0 00:00:00  -  Total Remote Usage
		Usr 0 00:00:00, Sys 0 00:00:00  -  Total Local Usage
	585710  -  Run Bytes Sent By Job
	62733  -  Run Bytes Received By Job
	585710  -  Total Bytes Sent By Job
	62733  -  Total Bytes Received By Job
	Partitionable Resources :    Usage  Request          
	   Cpus                 :                 1          
	   Disk (KB)            :      658      658          
	   Memory (MB)          :        0        0          
...
000 (783188.000.000) 10/02 16:13:25 Job submitted from host: <18.12.1.74:45913>
...
001 (783188.000.000) 10/02 16:14:15 Job executing on host: <18.12.9.8:49125>
...
006 (783188.000.000) 10/02 16:14:15 Image size of job updated: 2
	0  -  MemoryUsage of job (MB)
	0  -  ResidentSetSize of job (KB)
...
005 (783188.000.000) 10/02 16:14:16 Job terminated.
	(1) Normal termination (return value 0)
		Usr 0 00:00:00, Sys 0 00:00:00  -  Run Remote Usage
		Usr 0 00:00:00, Sys 0 00:00:00  -  Run Local Usage
		Usr 0 00:00:00, Sys 0 00:00:00  -  Total Remote Usage
		Usr 0 00:00:00, Sys 0 00:00:00  -  Total Local Usage
	585339  -  Run Bytes Sent By Job
	62733  -  Run Bytes Received By Job
	585339  -  Total Bytes Sent By Job
	62733  -  Total Bytes Received By Job
	Partitionable Resources :    Usage  Request          
	   Cpus                 :                 1          
	   Disk (KB)            :      658      658          
	   Memory (MB)          :        0        0          
...
000 (783369.000.000) 10/02 16:48:38 Job submitted from host: <18.12.1.74:45913>
...
001 (783369.000.000) 10/02 16:48:50 Job executing on host: <18.12.9.30:45767>
...
006 (783369.000.000) 10/02 16:48:50 Image size of job updated: 2
	0  -  MemoryUsage of job (MB)
	0  -  ResidentSetSize of job (KB)
...
005 (783369.000.000) 10/02 16:48:50 Job terminated.
	(1) Normal termination (return value 0)
		Usr 0 00:00:00, Sys 0 00:00:00  -  Run Remote Usage
		Usr 0 00:00:00, Sys 0 00:00:00  -  Run Local Usage
		Usr 0 00:00:00, Sys 0 00:00:00  -  Total Remote Usage
		Usr 0 00:00:00, Sys 0 00:00:00  -  Total Local Usage
	586110  -  Run Bytes Sent By Job
	62733  -  Run Bytes Received By Job
	586110  -  Total Bytes Sent By Job
	62733  -  Total Bytes Received By Job
	Partitionable Resources :    Usage  Request          
	   Cpus                 :                 1          
	   Disk (KB)            :      659      659          
	   Memory (MB)          :        0        0          
...
000 (783552.000.000) 10/05 09:25:44 Job submitted from host: <18.12.1.74:45913>
...
001 (783552.000.000) 10/05 09:26:03 Job executing on host: <18.12.6.91:49052>
...
006 (783552.000.000) 10/05 09:26:04 Image size of job updated: 69200
	0  -  MemoryUsage of job (MB)
	0  -  ResidentSetSize of job (KB)
...
005 (783552.000.000) 10/05 09:26:08 Job terminated.
	(1) Normal termination (return value 0)
		Usr 0 00:00:00, Sys 0 00:00:00  -  Run Remote Usage
		Usr 0 00:00:00, Sys 0 00:00:00  -  Run Local Usage
		Usr 0 00:00:00, Sys 0 00:00:00  -  Total Remote Usage
		Usr 0 00:00:00, Sys 0 00:00:00  -  Total Local Usage
	585650  -  Run Bytes Sent By Job
	62732  -  Run Bytes Received By Job
	585650  -  Total Bytes Sent By Job
	62732  -  Total Bytes Received By Job
	Partitionable Resources :    Usage  Request          
	   Cpus                 :                 1          
	   Disk (KB)            :      658      658          
	   Memory (MB)          :        0        0          
...
000 (783733.000.000) 10/05 10:00:24 Job submitted from host: <18.12.1.74:45913>
...
001 (783733.000.000) 10/05 10:01:23 Job executing on host: <18.12.9.78:43066>
...
006 (783733.000.000) 10/05 10:01:32 Image size of job updated: 2
	3  -  MemoryUsage of job (MB)
	2364  -  ResidentSetSize of job (KB)
...
006 (783733.000.000) 10/05 10:01:41 Image size of job updated: 13384
	3  -  MemoryUsage of job (MB)
	2364  -  ResidentSetSize of job (KB)
...
005 (783733.000.000) 10/05 10:01:41 Job terminated.
	(1) Normal termination (return value 0)
		Usr 0 00:00:00, Sys 0 00:00:00  -  Run Remote Usage
		Usr 0 00:00:00, Sys 0 00:00:00  -  Run Local Usage
		Usr 0 00:00:00, Sys 0 00:00:00  -  Total Remote Usage
		Usr 0 00:00:00, Sys 0 00:00:00  -  Total Local Usage
	585752  -  Run Bytes Sent By Job
	62731  -  Run Bytes Received By Job
	585752  -  Total Bytes Sent By Job
	62731  -  Total Bytes Received By Job
	Partitionable Resources :    Usage  Request          
	   Cpus                 :                 1          
	   Disk (KB)            :      658      658          
	   Memory (MB)          :        3        3          
...
000 (783915.000.000) 10/05 12:25:10 Job submitted from host: <18.12.1.74:45913>
...
001 (783915.000.000) 10/05 12:25:18 Job executing on host: <18.12.9.37:40511>
...
006 (783915.000.000) 10/05 12:25:22 Image size of job updated: 18488
	0  -  MemoryUsage of job (MB)
	0  -  ResidentSetSize of job (KB)
...
005 (783915.000.000) 10/05 12:25:28 Job terminated.
	(1) Normal termination (return value 0)
		Usr 0 00:00:00, Sys 0 00:00:00  -  Run Remote Usage
		Usr 0 00:00:00, Sys 0 00:00:00  -  Run Local Usage
		Usr 0 00:00:00, Sys 0 00:00:00  -  Total Remote Usage
		Usr 0 00:00:00, Sys 0 00:00:00  -  Total Local Usage
	586032  -  Run Bytes Sent By Job
	62732  -  Run Bytes Received By Job
	586032  -  Total Bytes Sent By Job
	62732  -  Total Bytes Received By Job
	Partitionable Resources :    Usage  Request          
	   Cpus                 :                 1          
	   Disk (KB)            :      659      659          
	   Memory (MB)          :        0        0          
...
000 (784096.000.000) 10/05 12:28:45 Job submitted from host: <18.12.1.74:45913>
...
001 (784096.000.000) 10/05 12:29:18 Job executing on host: <18.12.9.68:47957>
...
006 (784096.000.000) 10/05 12:29:32 Image size of job updated: 230124
	94  -  MemoryUsage of job (MB)
	96116  -  ResidentSetSize of job (KB)
...
005 (784096.000.000) 10/05 12:30:26 Job terminated.
	(1) Normal termination (return value 0)
		Usr 0 00:00:29, Sys 0 00:00:00  -  Run Remote Usage
		Usr 0 00:00:00, Sys 0 00:00:00  -  Run Local Usage
		Usr 0 00:00:29, Sys 0 00:00:00  -  Total Remote Usage
		Usr 0 00:00:00, Sys 0 00:00:00  -  Total Local Usage
	586788  -  Run Bytes Sent By Job
	62733  -  Run Bytes Received By Job
	586788  -  Total Bytes Sent By Job
	62733  -  Total Bytes Received By Job
	Partitionable Resources :    Usage  Request          
	   Cpus                 :                 1          
	   Disk (KB)            :      659      659          
	   Memory (MB)          :       94       94          
...
000 (786165.000.000) 10/05 14:34:43 Job submitted from host: <18.12.1.74:45913>
...
001 (786165.000.000) 10/05 14:35:51 Job executing on host: <18.12.9.72:41679>
...
006 (786165.000.000) 10/05 14:36:00 Image size of job updated: 187640
	71  -  MemoryUsage of job (MB)
	72576  -  ResidentSetSize of job (KB)
...
006 (786165.000.000) 10/05 14:36:56 Image size of job updated: 230124
	71  -  MemoryUsage of job (MB)
	72576  -  ResidentSetSize of job (KB)
...
005 (786165.000.000) 10/05 14:36:57 Job terminated.
	(1) Normal termination (return value 0)
		Usr 0 00:00:31, Sys 0 00:00:00  -  Run Remote Usage
		Usr 0 00:00:00, Sys 0 00:00:00  -  Run Local Usage
		Usr 0 00:00:31, Sys 0 00:00:00  -  Total Remote Usage
		Usr 0 00:00:00, Sys 0 00:00:00  -  Total Local Usage
	586419  -  Run Bytes Sent By Job
	62729  -  Run Bytes Received By Job
	586419  -  Total Bytes Sent By Job
	62729  -  Total Bytes Received By Job
	Partitionable Resources :    Usage  Request          
	   Cpus                 :                 1          
	   Disk (KB)            :      659      659          
	   Memory (MB)          :       71       71          
...
000 (788004.000.000) 10/08 16:10:02 Job submitted from host: <18.12.1.74:45913>
...
001 (788004.000.000) 10/08 16:20:21 Job executing on host: <18.12.8.202:46935>
...
006 (788004.000.000) 10/08 16:20:29 Image size of job updated: 225104
	90  -  MemoryUsage of job (MB)
	91408  -  ResidentSetSize of job (KB)
...
006 (788004.000.000) 10/08 16:21:31 Image size of job updated: 230116
	90  -  MemoryUsage of job (MB)
	91408  -  ResidentSetSize of job (KB)
...
005 (788004.000.000) 10/08 16:21:31 Job terminated.
	(1) Normal termination (return value 0)
		Usr 0 00:00:44, Sys 0 00:00:00  -  Run Remote Usage
		Usr 0 00:00:00, Sys 0 00:00:00  -  Run Local Usage
		Usr 0 00:00:44, Sys 0 00:00:00  -  Total Remote Usage
		Usr 0 00:00:00, Sys 0 00:00:00  -  Total Local Usage
	585241  -  Run Bytes Sent By Job
	62697  -  Run Bytes Received By Job
	585241  -  Total Bytes Sent By Job
	62697  -  Total Bytes Received By Job
	Partitionable Resources :    Usage  Request          
	   Cpus                 :                 1          
	   Disk (KB)            :      658      658          
	   Memory (MB)          :       90       90          
...
000 (788367.000.000) 10/09 10:00:32 Job submitted from host: <18.12.1.74:45913>
...
001 (788367.000.000) 10/09 10:07:35 Job executing on host: <18.12.8.68:45329>
...
006 (788367.000.000) 10/09 10:07:45 Image size of job updated: 230116
	94  -  MemoryUsage of job (MB)
	95944  -  ResidentSetSize of job (KB)
...
005 (788367.000.000) 10/09 10:08:45 Job terminated.
	(1) Normal termination (return value 0)
		Usr 0 00:00:45, Sys 0 00:00:01  -  Run Remote Usage
		Usr 0 00:00:00, Sys 0 00:00:00  -  Run Local Usage
		Usr 0 00:00:45, Sys 0 00:00:01  -  Total Remote Usage
		Usr 0 00:00:00, Sys 0 00:00:00  -  Total Local Usage
	585028  -  Run Bytes Sent By Job
	62694  -  Run Bytes Received By Job
	585028  -  Total Bytes Sent By Job
	62694  -  Total Bytes Received By Job
	Partitionable Resources :    Usage  Request          
	   Cpus                 :                 1          
	   Disk (KB)            :      658      658          
	   Memory (MB)          :       94       94          
...
000 (788914.000.000) 10/12 11:22:11 Job submitted from host: <18.12.1.74:45913>
...
001 (788914.000.000) 10/12 11:34:03 Job executing on host: <18.12.8.202:46935>
...
006 (788914.000.000) 10/12 11:34:11 Image size of job updated: 2
	3  -  MemoryUsage of job (MB)
	2356  -  ResidentSetSize of job (KB)
...
006 (788914.000.000) 10/12 11:35:17 Image size of job updated: 230112
	3  -  MemoryUsage of job (MB)
	2356  -  ResidentSetSize of job (KB)
...
005 (788914.000.000) 10/12 11:35:17 Job terminated.
	(1) Normal termination (return value 0)
		Usr 0 00:00:50, Sys 0 00:00:01  -  Run Remote Usage
		Usr 0 00:00:00, Sys 0 00:00:00  -  Run Local Usage
		Usr 0 00:00:50, Sys 0 00:00:01  -  Total Remote Usage
		Usr 0 00:00:00, Sys 0 00:00:00  -  Total Local Usage
	585269  -  Run Bytes Sent By Job
	62702  -  Run Bytes Received By Job
	585269  -  Total Bytes Sent By Job
	62702  -  Total Bytes Received By Job
	Partitionable Resources :    Usage  Request          
	   Cpus                 :                 1          
	   Disk (KB)            :      658      658          
	   Memory (MB)          :        3        3          
...
