000 (554346.000.000) 08/11 09:09:23 Job submitted from host: <18.12.1.74:48322>
...
001 (554346.000.000) 08/11 09:09:55 Job executing on host: <18.12.9.55:44599>
...
006 (554346.000.000) 08/11 09:10:03 Image size of job updated: 193800
	82  -  MemoryUsage of job (MB)
	83504  -  ResidentSetSize of job (KB)
...
006 (554346.000.000) 08/11 09:11:46 Image size of job updated: 230380
	82  -  MemoryUsage of job (MB)
	83504  -  ResidentSetSize of job (KB)
...
005 (554346.000.000) 08/11 09:11:46 Job terminated.
	(1) Normal termination (return value 0)
		Usr 0 00:00:56, Sys 0 00:00:00  -  Run Remote Usage
		Usr 0 00:00:00, Sys 0 00:00:00  -  Run Local Usage
		Usr 0 00:00:56, Sys 0 00:00:00  -  Total Remote Usage
		Usr 0 00:00:00, Sys 0 00:00:00  -  Total Local Usage
	586258  -  Run Bytes Sent By Job
	62717  -  Run Bytes Received By Job
	586258  -  Total Bytes Sent By Job
	62717  -  Total Bytes Received By Job
	Partitionable Resources :    Usage  Request          
	   Cpus                 :                 1          
	   Disk (KB)            :      659      659          
	   Memory (MB)          :       82       82          
...
000 (558061.000.000) 08/13 13:34:29 Job submitted from host: <18.12.1.74:48322>
...
001 (558061.000.000) 08/13 14:08:11 Job executing on host: <18.12.8.199:40730>
...
006 (558061.000.000) 08/13 14:08:19 Image size of job updated: 2
	3  -  MemoryUsage of job (MB)
	2352  -  ResidentSetSize of job (KB)
...
006 (558061.000.000) 08/13 14:11:04 Image size of job updated: 230376
	3  -  MemoryUsage of job (MB)
	2352  -  ResidentSetSize of job (KB)
...
005 (558061.000.000) 08/13 14:11:05 Job terminated.
	(1) Normal termination (return value 0)
		Usr 0 00:01:28, Sys 0 00:00:01  -  Run Remote Usage
		Usr 0 00:00:00, Sys 0 00:00:00  -  Run Local Usage
		Usr 0 00:01:28, Sys 0 00:00:01  -  Total Remote Usage
		Usr 0 00:00:00, Sys 0 00:00:00  -  Total Local Usage
	586196  -  Run Bytes Sent By Job
	62720  -  Run Bytes Received By Job
	586196  -  Total Bytes Sent By Job
	62720  -  Total Bytes Received By Job
	Partitionable Resources :    Usage  Request          
	   Cpus                 :                 1          
	   Disk (KB)            :      659      659          
	   Memory (MB)          :        3        3          
...
000 (566352.000.000) 08/20 20:29:43 Job submitted from host: <18.12.1.74:48322>
...
001 (566352.000.000) 08/20 20:30:07 Job executing on host: <18.12.8.12:45037>
...
006 (566352.000.000) 08/20 20:30:16 Image size of job updated: 2
	3  -  MemoryUsage of job (MB)
	2348  -  ResidentSetSize of job (KB)
...
006 (566352.000.000) 08/20 20:35:17 Image size of job updated: 230376
	99  -  MemoryUsage of job (MB)
	101156  -  ResidentSetSize of job (KB)
...
006 (566352.000.000) 08/20 20:35:41 Image size of job updated: 238436
	99  -  MemoryUsage of job (MB)
	101156  -  ResidentSetSize of job (KB)
...
005 (566352.000.000) 08/20 20:41:53 Job terminated.
	(1) Normal termination (return value 0)
		Usr 0 00:01:22, Sys 0 00:00:02  -  Run Remote Usage
		Usr 0 00:00:00, Sys 0 00:00:00  -  Run Local Usage
		Usr 0 00:01:22, Sys 0 00:00:02  -  Total Remote Usage
		Usr 0 00:00:00, Sys 0 00:00:00  -  Total Local Usage
	586585  -  Run Bytes Sent By Job
	62732  -  Run Bytes Received By Job
	586585  -  Total Bytes Sent By Job
	62732  -  Total Bytes Received By Job
	Partitionable Resources :    Usage  Request          
	   Cpus                 :                 1          
	   Disk (KB)            :      659      659          
	   Memory (MB)          :       99       99          
...
000 (782900.000.000) 10/01 15:59:59 Job submitted from host: <18.12.1.74:47665>
...
001 (782900.000.000) 10/01 16:00:51 Job executing on host: <18.12.8.224:42044>
...
006 (782900.000.000) 10/01 16:01:01 Image size of job updated: 13384
	2  -  MemoryUsage of job (MB)
	1984  -  ResidentSetSize of job (KB)
...
006 (782900.000.000) 10/01 16:06:01 Image size of job updated: 230380
	88  -  MemoryUsage of job (MB)
	89736  -  ResidentSetSize of job (KB)
...
006 (782900.000.000) 10/01 16:11:02 Image size of job updated: 230380
	96  -  MemoryUsage of job (MB)
	97948  -  ResidentSetSize of job (KB)
...
022 (782900.000.000) 10/01 16:30:18 Job disconnected, attempting to reconnect
    Local schedd and job shadow died, schedd now running again
    Trying to reconnect to slot8@t2bat0224.cmsaf.mit.edu <18.12.8.224:42044>
...
024 (782900.000.000) 10/01 16:32:23 Job reconnection failed
    Job disconnected too long: JobLeaseDuration (1200 seconds) expired
    Can not reconnect to slot8@t2bat0224.cmsaf.mit.edu, rescheduling job
...
001 (782900.000.000) 10/01 16:36:19 Job executing on host: <18.12.6.9:41460>
...
006 (782900.000.000) 10/01 16:36:36 Image size of job updated: 2
	3  -  MemoryUsage of job (MB)
	2360  -  ResidentSetSize of job (KB)
...
006 (782900.000.000) 10/01 16:41:34 Image size of job updated: 230372
	93  -  MemoryUsage of job (MB)
	94708  -  ResidentSetSize of job (KB)
...
006 (782900.000.000) 10/01 16:46:34 Image size of job updated: 230372
	104  -  MemoryUsage of job (MB)
	105700  -  ResidentSetSize of job (KB)
...
005 (782900.000.000) 10/01 16:51:02 Job terminated.
	(1) Normal termination (return value 0)
		Usr 0 00:01:11, Sys 0 00:00:00  -  Run Remote Usage
		Usr 0 00:00:00, Sys 0 00:00:00  -  Run Local Usage
		Usr 0 00:01:11, Sys 0 00:00:00  -  Total Remote Usage
		Usr 0 00:00:00, Sys 0 00:00:00  -  Total Local Usage
	586233  -  Run Bytes Sent By Job
	62734  -  Run Bytes Received By Job
	586233  -  Total Bytes Sent By Job
	62734  -  Total Bytes Received By Job
	Partitionable Resources :    Usage  Request          
	   Cpus                 :                 1          
	   Disk (KB)            :      659      659          
	   Memory (MB)          :      104      104          
...
000 (786058.000.000) 10/05 14:19:19 Job submitted from host: <18.12.1.74:45913>
...
001 (786058.000.000) 10/05 14:20:23 Job executing on host: <18.12.9.21:46351>
...
006 (786058.000.000) 10/05 14:20:32 Image size of job updated: 200180
	84  -  MemoryUsage of job (MB)
	85980  -  ResidentSetSize of job (KB)
...
006 (786058.000.000) 10/05 14:21:55 Image size of job updated: 230372
	84  -  MemoryUsage of job (MB)
	85980  -  ResidentSetSize of job (KB)
...
005 (786058.000.000) 10/05 14:21:56 Job terminated.
	(1) Normal termination (return value 0)
		Usr 0 00:00:54, Sys 0 00:00:00  -  Run Remote Usage
		Usr 0 00:00:00, Sys 0 00:00:00  -  Run Local Usage
		Usr 0 00:00:54, Sys 0 00:00:00  -  Total Remote Usage
		Usr 0 00:00:00, Sys 0 00:00:00  -  Total Local Usage
	586327  -  Run Bytes Sent By Job
	62732  -  Run Bytes Received By Job
	586327  -  Total Bytes Sent By Job
	62732  -  Total Bytes Received By Job
	Partitionable Resources :    Usage  Request          
	   Cpus                 :                 1          
	   Disk (KB)            :      659      659          
	   Memory (MB)          :       84       84          
...
000 (786424.000.000) 10/07 09:51:30 Job submitted from host: <18.12.1.74:45913>
...
001 (786424.000.000) 10/07 09:55:52 Job executing on host: <18.12.8.164:47081>
...
006 (786424.000.000) 10/07 09:56:00 Image size of job updated: 71156
	16  -  MemoryUsage of job (MB)
	15512  -  ResidentSetSize of job (KB)
...
006 (786424.000.000) 10/07 09:58:31 Image size of job updated: 230416
	16  -  MemoryUsage of job (MB)
	15512  -  ResidentSetSize of job (KB)
...
005 (786424.000.000) 10/07 09:58:32 Job terminated.
	(1) Normal termination (return value 0)
		Usr 0 00:01:33, Sys 0 00:00:01  -  Run Remote Usage
		Usr 0 00:00:00, Sys 0 00:00:00  -  Run Local Usage
		Usr 0 00:01:33, Sys 0 00:00:01  -  Total Remote Usage
		Usr 0 00:00:00, Sys 0 00:00:00  -  Total Local Usage
	586289  -  Run Bytes Sent By Job
	62734  -  Run Bytes Received By Job
	586289  -  Total Bytes Sent By Job
	62734  -  Total Bytes Received By Job
	Partitionable Resources :    Usage  Request          
	   Cpus                 :                 1          
	   Disk (KB)            :      659      659          
	   Memory (MB)          :       16       16          
...
000 (786605.000.000) 10/07 11:13:01 Job submitted from host: <18.12.1.74:45913>
...
001 (786605.000.000) 10/07 11:22:50 Job executing on host: <18.12.8.200:44672>
...
006 (786605.000.000) 10/07 11:22:58 Image size of job updated: 2
	2  -  MemoryUsage of job (MB)
	1736  -  ResidentSetSize of job (KB)
...
006 (786605.000.000) 10/07 11:24:56 Image size of job updated: 230408
	2  -  MemoryUsage of job (MB)
	1736  -  ResidentSetSize of job (KB)
...
005 (786605.000.000) 10/07 11:24:57 Job terminated.
	(1) Normal termination (return value 0)
		Usr 0 00:01:18, Sys 0 00:00:01  -  Run Remote Usage
		Usr 0 00:00:00, Sys 0 00:00:00  -  Run Local Usage
		Usr 0 00:01:18, Sys 0 00:00:01  -  Total Remote Usage
		Usr 0 00:00:00, Sys 0 00:00:00  -  Total Local Usage
	585210  -  Run Bytes Sent By Job
	62746  -  Run Bytes Received By Job
	585210  -  Total Bytes Sent By Job
	62746  -  Total Bytes Received By Job
	Partitionable Resources :    Usage  Request          
	   Cpus                 :                 1          
	   Disk (KB)            :      658      658          
	   Memory (MB)          :        2        2          
...
000 (787532.000.000) 10/08 12:42:47 Job submitted from host: <18.12.1.74:45913>
...
001 (787532.000.000) 10/08 12:48:46 Job executing on host: <18.12.12.14:46132>
...
006 (787532.000.000) 10/08 12:48:56 Image size of job updated: 224356
	90  -  MemoryUsage of job (MB)
	91424  -  ResidentSetSize of job (KB)
...
006 (787532.000.000) 10/08 12:50:34 Image size of job updated: 230376
	90  -  MemoryUsage of job (MB)
	91424  -  ResidentSetSize of job (KB)
...
005 (787532.000.000) 10/08 12:50:34 Job terminated.
	(1) Normal termination (return value 0)
		Usr 0 00:01:05, Sys 0 00:00:00  -  Run Remote Usage
		Usr 0 00:00:00, Sys 0 00:00:00  -  Run Local Usage
		Usr 0 00:01:05, Sys 0 00:00:00  -  Total Remote Usage
		Usr 0 00:00:00, Sys 0 00:00:00  -  Total Local Usage
	585112  -  Run Bytes Sent By Job
	62749  -  Run Bytes Received By Job
	585112  -  Total Bytes Sent By Job
	62749  -  Total Bytes Received By Job
	Partitionable Resources :    Usage  Request          
	   Cpus                 :                 1          
	   Disk (KB)            :      658      658          
	   Memory (MB)          :       90       90          
...
000 (787714.000.000) 10/08 14:27:19 Job submitted from host: <18.12.1.74:45913>
...
001 (787714.000.000) 10/08 14:39:28 Job executing on host: <18.12.9.8:49125>
...
006 (787714.000.000) 10/08 14:39:36 Image size of job updated: 2
	3  -  MemoryUsage of job (MB)
	2344  -  ResidentSetSize of job (KB)
...
006 (787714.000.000) 10/08 14:41:45 Image size of job updated: 230364
	3  -  MemoryUsage of job (MB)
	2344  -  ResidentSetSize of job (KB)
...
005 (787714.000.000) 10/08 14:41:45 Job terminated.
	(1) Normal termination (return value 0)
		Usr 0 00:01:25, Sys 0 00:00:01  -  Run Remote Usage
		Usr 0 00:00:00, Sys 0 00:00:00  -  Run Local Usage
		Usr 0 00:01:25, Sys 0 00:00:01  -  Total Remote Usage
		Usr 0 00:00:00, Sys 0 00:00:00  -  Total Local Usage
	585335  -  Run Bytes Sent By Job
	62691  -  Run Bytes Received By Job
	585335  -  Total Bytes Sent By Job
	62691  -  Total Bytes Received By Job
	Partitionable Resources :    Usage  Request          
	   Cpus                 :                 1          
	   Disk (KB)            :      658      658          
	   Memory (MB)          :        3        3          
...
000 (787897.000.000) 10/08 15:16:39 Job submitted from host: <18.12.1.74:45913>
...
001 (787897.000.000) 10/08 15:26:09 Job executing on host: <18.12.8.97:47300>
...
006 (787897.000.000) 10/08 15:26:18 Image size of job updated: 230356
	99  -  MemoryUsage of job (MB)
	100660  -  ResidentSetSize of job (KB)
...
005 (787897.000.000) 10/08 15:27:41 Job terminated.
	(1) Normal termination (return value 0)
		Usr 0 00:00:56, Sys 0 00:00:01  -  Run Remote Usage
		Usr 0 00:00:00, Sys 0 00:00:00  -  Run Local Usage
		Usr 0 00:00:56, Sys 0 00:00:01  -  Total Remote Usage
		Usr 0 00:00:00, Sys 0 00:00:00  -  Total Local Usage
	585334  -  Run Bytes Sent By Job
	62696  -  Run Bytes Received By Job
	585334  -  Total Bytes Sent By Job
	62696  -  Total Bytes Received By Job
	Partitionable Resources :    Usage  Request          
	   Cpus                 :                 1          
	   Disk (KB)            :      658      658          
	   Memory (MB)          :       99       99          
...
000 (788807.000.000) 10/12 10:42:45 Job submitted from host: <18.12.1.74:45913>
...
001 (788807.000.000) 10/12 10:52:58 Job executing on host: <18.12.6.90:49563>
...
006 (788807.000.000) 10/12 10:53:07 Image size of job updated: 93608
	3  -  MemoryUsage of job (MB)
	2420  -  ResidentSetSize of job (KB)
...
006 (788807.000.000) 10/12 10:55:08 Image size of job updated: 230392
	3  -  MemoryUsage of job (MB)
	2420  -  ResidentSetSize of job (KB)
...
005 (788807.000.000) 10/12 10:55:08 Job terminated.
	(1) Normal termination (return value 0)
		Usr 0 00:01:27, Sys 0 00:00:01  -  Run Remote Usage
		Usr 0 00:00:00, Sys 0 00:00:00  -  Run Local Usage
		Usr 0 00:01:27, Sys 0 00:00:01  -  Total Remote Usage
		Usr 0 00:00:00, Sys 0 00:00:00  -  Total Local Usage
	585238  -  Run Bytes Sent By Job
	62704  -  Run Bytes Received By Job
	585238  -  Total Bytes Sent By Job
	62704  -  Total Bytes Received By Job
	Partitionable Resources :    Usage  Request          
	   Cpus                 :                 1          
	   Disk (KB)            :      658      658          
	   Memory (MB)          :        3        3          
...
