000 (556128.000.000) 08/12 11:33:47 Job submitted from host: <18.12.1.74:48322>
...
001 (556128.000.000) 08/12 12:01:04 Job executing on host: <18.12.8.181:40584>
...
006 (556128.000.000) 08/12 12:01:12 Image size of job updated: 2
	3  -  MemoryUsage of job (MB)
	2348  -  ResidentSetSize of job (KB)
...
006 (556128.000.000) 08/12 12:04:46 Image size of job updated: 230492
	3  -  MemoryUsage of job (MB)
	2348  -  ResidentSetSize of job (KB)
...
005 (556128.000.000) 08/12 12:04:47 Job terminated.
	(1) Normal termination (return value 0)
		Usr 0 00:01:24, Sys 0 00:00:01  -  Run Remote Usage
		Usr 0 00:00:00, Sys 0 00:00:00  -  Run Local Usage
		Usr 0 00:01:24, Sys 0 00:00:01  -  Total Remote Usage
		Usr 0 00:00:00, Sys 0 00:00:00  -  Total Local Usage
	586262  -  Run Bytes Sent By Job
	62715  -  Run Bytes Received By Job
	586262  -  Total Bytes Sent By Job
	62715  -  Total Bytes Received By Job
	Partitionable Resources :    Usage  Request          
	   Cpus                 :                 1          
	   Disk (KB)            :      659      659          
	   Memory (MB)          :        3        3          
...
000 (566497.000.000) 08/20 21:07:59 Job submitted from host: <18.12.1.74:48322>
...
001 (566497.000.000) 08/20 21:08:19 Job executing on host: <18.12.9.52:43066>
...
006 (566497.000.000) 08/20 21:08:28 Image size of job updated: 2
	3  -  MemoryUsage of job (MB)
	2356  -  ResidentSetSize of job (KB)
...
006 (566497.000.000) 08/20 21:11:04 Image size of job updated: 230496
	3  -  MemoryUsage of job (MB)
	2356  -  ResidentSetSize of job (KB)
...
005 (566497.000.000) 08/20 21:17:20 Job terminated.
	(1) Normal termination (return value 0)
		Usr 0 00:01:35, Sys 0 00:00:01  -  Run Remote Usage
		Usr 0 00:00:00, Sys 0 00:00:00  -  Run Local Usage
		Usr 0 00:01:35, Sys 0 00:00:01  -  Total Remote Usage
		Usr 0 00:00:00, Sys 0 00:00:00  -  Total Local Usage
	586230  -  Run Bytes Sent By Job
	62731  -  Run Bytes Received By Job
	586230  -  Total Bytes Sent By Job
	62731  -  Total Bytes Received By Job
	Partitionable Resources :    Usage  Request          
	   Cpus                 :                 1          
	   Disk (KB)            :      659      659          
	   Memory (MB)          :        3        3          
...
000 (782502.000.000) 10/01 13:04:35 Job submitted from host: <18.12.1.74:47665>
...
001 (782502.000.000) 10/01 13:16:10 Job executing on host: <18.12.9.44:46716>
...
006 (782502.000.000) 10/01 13:16:18 Image size of job updated: 31196
	3  -  MemoryUsage of job (MB)
	2796  -  ResidentSetSize of job (KB)
...
006 (782502.000.000) 10/01 13:21:18 Image size of job updated: 230496
	85  -  MemoryUsage of job (MB)
	86128  -  ResidentSetSize of job (KB)
...
006 (782502.000.000) 10/01 13:26:19 Image size of job updated: 230496
	97  -  MemoryUsage of job (MB)
	98744  -  ResidentSetSize of job (KB)
...
006 (782502.000.000) 10/01 13:31:20 Image size of job updated: 230496
	100  -  MemoryUsage of job (MB)
	101956  -  ResidentSetSize of job (KB)
...
006 (782502.000.000) 10/01 13:31:55 Image size of job updated: 230632
	100  -  MemoryUsage of job (MB)
	101956  -  ResidentSetSize of job (KB)
...
005 (782502.000.000) 10/01 13:33:13 Job terminated.
	(1) Normal termination (return value 0)
		Usr 0 00:01:49, Sys 0 00:00:03  -  Run Remote Usage
		Usr 0 00:00:00, Sys 0 00:00:00  -  Run Local Usage
		Usr 0 00:01:49, Sys 0 00:00:03  -  Total Remote Usage
		Usr 0 00:00:00, Sys 0 00:00:00  -  Total Local Usage
	586510  -  Run Bytes Sent By Job
	62730  -  Run Bytes Received By Job
	586510  -  Total Bytes Sent By Job
	62730  -  Total Bytes Received By Job
	Partitionable Resources :    Usage  Request          
	   Cpus                 :                 1          
	   Disk (KB)            :      659      659          
	   Memory (MB)          :      100      100          
...
000 (782683.000.000) 10/01 14:32:15 Job submitted from host: <18.12.1.74:47665>
...
001 (782683.000.000) 10/01 14:34:33 Job executing on host: <18.12.6.41:46351>
...
006 (782683.000.000) 10/01 14:34:47 Image size of job updated: 226236
	92  -  MemoryUsage of job (MB)
	93372  -  ResidentSetSize of job (KB)
...
006 (782683.000.000) 10/01 14:39:48 Image size of job updated: 227444
	100  -  MemoryUsage of job (MB)
	102292  -  ResidentSetSize of job (KB)
...
005 (782683.000.000) 10/01 14:44:58 Job terminated.
	(1) Normal termination (return value 0)
		Usr 0 00:00:59, Sys 0 00:00:01  -  Run Remote Usage
		Usr 0 00:00:00, Sys 0 00:00:00  -  Run Local Usage
		Usr 0 00:00:59, Sys 0 00:00:01  -  Total Remote Usage
		Usr 0 00:00:00, Sys 0 00:00:00  -  Total Local Usage
	4632731  -  Run Bytes Sent By Job
	62736  -  Run Bytes Received By Job
	4632731  -  Total Bytes Sent By Job
	62736  -  Total Bytes Received By Job
	Partitionable Resources :    Usage  Request          
	   Cpus                 :                 1          
	   Disk (KB)            :     4610     4610          
	   Memory (MB)          :      100      100          
...
000 (788224.000.000) 10/09 09:23:46 Job submitted from host: <18.12.1.74:45913>
...
001 (788224.000.000) 10/09 09:24:17 Job executing on host: <18.12.8.190:41095>
...
006 (788224.000.000) 10/09 09:24:26 Image size of job updated: 9248
	2  -  MemoryUsage of job (MB)
	1268  -  ResidentSetSize of job (KB)
...
006 (788224.000.000) 10/09 09:29:27 Image size of job updated: 230480
	118  -  MemoryUsage of job (MB)
	119872  -  ResidentSetSize of job (KB)
...
005 (788224.000.000) 10/09 09:30:12 Job terminated.
	(1) Normal termination (return value 0)
		Usr 0 00:01:51, Sys 0 00:00:02  -  Run Remote Usage
		Usr 0 00:00:00, Sys 0 00:00:00  -  Run Local Usage
		Usr 0 00:01:51, Sys 0 00:00:02  -  Total Remote Usage
		Usr 0 00:00:00, Sys 0 00:00:00  -  Total Local Usage
	585494  -  Run Bytes Sent By Job
	62698  -  Run Bytes Received By Job
	585494  -  Total Bytes Sent By Job
	62698  -  Total Bytes Received By Job
	Partitionable Resources :    Usage  Request          
	   Cpus                 :                 1          
	   Disk (KB)            :      658      658          
	   Memory (MB)          :      118      118          
...
000 (788589.000.000) 10/12 09:48:07 Job submitted from host: <18.12.1.74:45913>
...
001 (788589.000.000) 10/12 09:58:57 Job executing on host: <18.12.8.1:41241>
...
006 (788589.000.000) 10/12 09:59:06 Image size of job updated: 230480
	96  -  MemoryUsage of job (MB)
	98140  -  ResidentSetSize of job (KB)
...
006 (788589.000.000) 10/12 10:04:07 Image size of job updated: 230480
	114  -  MemoryUsage of job (MB)
	116508  -  ResidentSetSize of job (KB)
...
005 (788589.000.000) 10/12 10:04:53 Job terminated.
	(1) Normal termination (return value 0)
		Usr 0 00:01:50, Sys 0 00:00:01  -  Run Remote Usage
		Usr 0 00:00:00, Sys 0 00:00:00  -  Run Local Usage
		Usr 0 00:01:50, Sys 0 00:00:01  -  Total Remote Usage
		Usr 0 00:00:00, Sys 0 00:00:00  -  Total Local Usage
	585229  -  Run Bytes Sent By Job
	62703  -  Run Bytes Received By Job
	585229  -  Total Bytes Sent By Job
	62703  -  Total Bytes Received By Job
	Partitionable Resources :    Usage  Request          
	   Cpus                 :                 1          
	   Disk (KB)            :      658      658          
	   Memory (MB)          :      114      114          
...
