
----------------------------------------------------
Job started on Thu Aug 20 13:01:14 EDT 2015 at WN: hibat0020.cmsaf.mit.edu 
Job is running on Linux hibat0020.cmsaf.mit.edu 2.6.32-358.el6.x86_64 #1 SMP Fri Feb 22 20:37:17 CST 2013 x86_64 x86_64 x86_64 GNU/Linux
Filesystem            Size  Used Avail Use% Mounted on
/dev/sda3              20G  3.1G   16G  17% /
tmpfs                  24G     0   24G   0% /dev/shm
/dev/sda1              97M   32M   61M  35% /boot
/dev/sda4             1.8T   46G  1.8T   3% /export/data1
/dev/sdb1             1.8T  1.7T  129G  93% /export/00b
/dev/sdc1             1.8T  1.7T  133G  93% /export/00c
/dev/sdd1             1.8T  1.7T  126G  94% /export/00d
/dev/sde1             1.8T  1.7T  145G  93% /export/00e
/dev/sdf1             1.8T  1.7T  131G  93% /export/00f
fuse_dfs              4.9P  4.6P  328T  94% /mnt/hadoop
cvmfs2                 98G   35G   64G  36% /cvmfs/cms.cern.ch
t2srv0004:/export/db  135G  187M  135G   1% /net/t2srv0004/db
hisrv0001:/export/home
                      2.0T  1.7T  187G  91% /net/hisrv0001/home
cvmfs2                 98G   35G   64G  36% /cvmfs/cvmfs.cmsaf.mit.edu
gcc (GCC) 4.4.7 20120313 (Red Hat 4.4.7-3)
Copyright (C) 2010 Free Software Foundation, Inc.
This is free software; see the source for copying conditions.  There is NO
warranty; not even for MERCHANTABILITY or FITNESS FOR A PARTICULAR PURPOSE.

Processing...
0/141672
10000/141672
20000/141672
30000/141672
40000/141672
50000/141672
60000/141672
70000/141672
80000/141672
90000/141672
100000/141672
110000/141672
120000/141672
130000/141672
140000/141672
Macro finished: 
CPU time (min)  = 1.78217
Real time (min) = 2.4174
total 1.8M
-rw-r--r--  1 obaron obaron 108K Aug 13 15:28 jetRAA_PbPb_data_forest.txt
-rw-r--r--  1 obaron obaron  94K Aug 13 15:28 jetRAA_PbPb_data_akPu4_select.txt
-rw-r--r--  1 obaron obaron  94K Aug 13 15:28 jetRAA_PbPb_data_akPu3_select.txt
-rw-r--r--  1 obaron obaron  94K Aug 13 15:28 jetRAA_PbPb_data_akPu2_select.txt
-rw-r--r--  1 obaron obaron  70K Aug 20 12:29 RAA_read_data_pbpb.C
-rw-r--r--  1 obaron obaron  11K Aug 20 12:30 RAA_read_data_pbpb_C.d
-rwxr-xr-x  1 obaron obaron 101K Aug 20 12:30 RAA_read_data_pbpb_C.so
-rw-rw-r--  1 obaron obaron  61K Aug 20 12:58 jetRAA_run_PbPb_Data.tar
-rwxr-xr-x  1 obaron obaron 1.2K Aug 20 12:58 condor_exec.exe
drwxr-xr-x 17 condor root   4.0K Aug 20 13:01 ..
-rw-r--r--  1 condor condor 5.0K Aug 20 13:01 .machine.ad
-rw-r--r--  1 condor condor  20K Aug 20 13:01 .job.ad
drwxr-xr-x  2 obaron obaron 4.0K Aug 20 13:01 .
-rw-r--r--  1 obaron obaron  678 Aug 20 13:01 _condor_stderr
-rw-r--r--  1 obaron obaron 1.7K Aug 20 13:03 _condor_stdout
-rw-r--r--  1 obaron obaron 1.1M Aug 20 13:03 PbPb_Data_histograms_FromForest_pileupCutFIX_ZDCmCut_akPu4_20_eta_20_895.root
Done!
Copied output files to hadoop rootfiles/JetRAA/June29
