000 (556470.000.000) 08/12 14:11:00 Job submitted from host: <18.12.1.74:48322>
...
001 (556470.000.000) 08/12 14:50:09 Job executing on host: <18.12.8.78:47446>
...
006 (556470.000.000) 08/12 14:50:18 Image size of job updated: 2
	3  -  MemoryUsage of job (MB)
	2348  -  ResidentSetSize of job (KB)
...
006 (556470.000.000) 08/12 14:54:15 Image size of job updated: 230764
	3  -  MemoryUsage of job (MB)
	2348  -  ResidentSetSize of job (KB)
...
005 (556470.000.000) 08/12 14:54:15 Job terminated.
	(1) Normal termination (return value 0)
		Usr 0 00:02:20, Sys 0 00:00:04  -  Run Remote Usage
		Usr 0 00:00:00, Sys 0 00:00:00  -  Run Local Usage
		Usr 0 00:02:20, Sys 0 00:00:04  -  Total Remote Usage
		Usr 0 00:00:00, Sys 0 00:00:00  -  Total Local Usage
	586076  -  Run Bytes Sent By Job
	62715  -  Run Bytes Received By Job
	586076  -  Total Bytes Sent By Job
	62715  -  Total Bytes Received By Job
	Partitionable Resources :    Usage  Request          
	   Cpus                 :                 1          
	   Disk (KB)            :      659      659          
	   Memory (MB)          :        3        3          
...
000 (557730.000.000) 08/13 11:57:35 Job submitted from host: <18.12.1.74:48322>
...
001 (557730.000.000) 08/13 12:45:35 Job executing on host: <18.12.9.80:43650>
...
006 (557730.000.000) 08/13 12:45:44 Image size of job updated: 230228
	95  -  MemoryUsage of job (MB)
	97100  -  ResidentSetSize of job (KB)
...
006 (557730.000.000) 08/13 12:50:45 Image size of job updated: 230764
	99  -  MemoryUsage of job (MB)
	101360  -  ResidentSetSize of job (KB)
...
005 (557730.000.000) 08/13 12:53:03 Job terminated.
	(1) Normal termination (return value 0)
		Usr 0 00:02:00, Sys 0 00:00:02  -  Run Remote Usage
		Usr 0 00:00:00, Sys 0 00:00:00  -  Run Local Usage
		Usr 0 00:02:00, Sys 0 00:00:02  -  Total Remote Usage
		Usr 0 00:00:00, Sys 0 00:00:00  -  Total Local Usage
	586347  -  Run Bytes Sent By Job
	62715  -  Run Bytes Received By Job
	586347  -  Total Bytes Sent By Job
	62715  -  Total Bytes Received By Job
	Partitionable Resources :    Usage  Request          
	   Cpus                 :                 1          
	   Disk (KB)            :      659      659          
	   Memory (MB)          :       99       99          
...
000 (558246.000.000) 08/13 14:31:18 Job submitted from host: <18.12.1.74:48322>
...
001 (558246.000.000) 08/13 15:11:54 Job executing on host: <18.12.9.80:43650>
...
006 (558246.000.000) 08/13 15:12:02 Image size of job updated: 2
	3  -  MemoryUsage of job (MB)
	2348  -  ResidentSetSize of job (KB)
...
006 (558246.000.000) 08/13 15:17:02 Image size of job updated: 230768
	98  -  MemoryUsage of job (MB)
	100340  -  ResidentSetSize of job (KB)
...
005 (558246.000.000) 08/13 15:17:46 Job terminated.
	(1) Normal termination (return value 0)
		Usr 0 00:02:02, Sys 0 00:00:03  -  Run Remote Usage
		Usr 0 00:00:00, Sys 0 00:00:00  -  Run Local Usage
		Usr 0 00:02:02, Sys 0 00:00:03  -  Total Remote Usage
		Usr 0 00:00:00, Sys 0 00:00:00  -  Total Local Usage
	586347  -  Run Bytes Sent By Job
	62714  -  Run Bytes Received By Job
	586347  -  Total Bytes Sent By Job
	62714  -  Total Bytes Received By Job
	Partitionable Resources :    Usage  Request          
	   Cpus                 :                 1          
	   Disk (KB)            :      659      659          
	   Memory (MB)          :       98       98          
...
000 (565583.000.000) 08/20 12:59:48 Job submitted from host: <18.12.1.74:48322>
...
001 (565583.000.000) 08/20 13:00:15 Job executing on host: <18.12.9.44:45183>
...
006 (565583.000.000) 08/20 13:00:25 Image size of job updated: 2
	3  -  MemoryUsage of job (MB)
	2356  -  ResidentSetSize of job (KB)
...
006 (565583.000.000) 08/20 13:05:25 Image size of job updated: 231132
	103  -  MemoryUsage of job (MB)
	105228  -  ResidentSetSize of job (KB)
...
005 (565583.000.000) 08/20 13:18:04 Job terminated.
	(1) Normal termination (return value 0)
		Usr 0 00:02:12, Sys 0 00:00:05  -  Run Remote Usage
		Usr 0 00:00:00, Sys 0 00:00:00  -  Run Local Usage
		Usr 0 00:02:12, Sys 0 00:00:05  -  Total Remote Usage
		Usr 0 00:00:00, Sys 0 00:00:00  -  Total Local Usage
	586538  -  Run Bytes Sent By Job
	62731  -  Run Bytes Received By Job
	586538  -  Total Bytes Sent By Job
	62731  -  Total Bytes Received By Job
	Partitionable Resources :    Usage  Request          
	   Cpus                 :                 1          
	   Disk (KB)            :      659      659          
	   Memory (MB)          :      103      103          
...
