000 (556048.000.000) 08/12 11:33:39 Job submitted from host: <18.12.1.74:48322>
...
001 (556048.000.000) 08/12 11:48:32 Job executing on host: <18.12.8.35:49344>
...
006 (556048.000.000) 08/12 11:48:41 Image size of job updated: 2
	3  -  MemoryUsage of job (MB)
	2348  -  ResidentSetSize of job (KB)
...
006 (556048.000.000) 08/12 11:51:30 Image size of job updated: 238132
	3  -  MemoryUsage of job (MB)
	2348  -  ResidentSetSize of job (KB)
...
005 (556048.000.000) 08/12 11:51:30 Job terminated.
	(1) Normal termination (return value 0)
		Usr 0 00:00:53, Sys 0 00:00:02  -  Run Remote Usage
		Usr 0 00:00:00, Sys 0 00:00:00  -  Run Local Usage
		Usr 0 00:00:53, Sys 0 00:00:02  -  Total Remote Usage
		Usr 0 00:00:00, Sys 0 00:00:00  -  Total Local Usage
	586064  -  Run Bytes Sent By Job
	62715  -  Run Bytes Received By Job
	586064  -  Total Bytes Sent By Job
	62715  -  Total Bytes Received By Job
	Partitionable Resources :    Usage  Request          
	   Cpus                 :                 1          
	   Disk (KB)            :      659      659          
	   Memory (MB)          :        3        3          
...
000 (566417.000.000) 08/20 21:02:18 Job submitted from host: <18.12.1.74:48322>
...
007 (566417.000.000) 08/20 21:02:58 Shadow exception!
	Error from slot17@lnbat0017.cmsaf.mit.edu: Failed to transfer files
	0  -  Run Bytes Sent By Job
	0  -  Run Bytes Received By Job
...
001 (566417.000.000) 08/20 21:03:00 Job executing on host: <18.12.8.221:47592>
...
006 (566417.000.000) 08/20 21:03:09 Image size of job updated: 2
	3  -  MemoryUsage of job (MB)
	2356  -  ResidentSetSize of job (KB)
...
006 (566417.000.000) 08/20 21:04:09 Image size of job updated: 229944
	3  -  MemoryUsage of job (MB)
	2356  -  ResidentSetSize of job (KB)
...
005 (566417.000.000) 08/20 21:10:34 Job terminated.
	(1) Normal termination (return value 0)
		Usr 0 00:00:37, Sys 0 00:00:00  -  Run Remote Usage
		Usr 0 00:00:00, Sys 0 00:00:00  -  Run Local Usage
		Usr 0 00:00:37, Sys 0 00:00:00  -  Total Remote Usage
		Usr 0 00:00:00, Sys 0 00:00:00  -  Total Local Usage
	585976  -  Run Bytes Sent By Job
	62731  -  Run Bytes Received By Job
	585976  -  Total Bytes Sent By Job
	62731  -  Total Bytes Received By Job
	Partitionable Resources :    Usage  Request          
	   Cpus                 :                 1          
	   Disk (KB)            :      659      659          
	   Memory (MB)          :        3        3          
...
000 (782422.000.000) 10/01 13:04:25 Job submitted from host: <18.12.1.74:47665>
...
001 (782422.000.000) 10/01 13:13:14 Job executing on host: <18.12.9.37:40511>
...
006 (782422.000.000) 10/01 13:13:23 Image size of job updated: 93592
	3  -  MemoryUsage of job (MB)
	2748  -  ResidentSetSize of job (KB)
...
006 (782422.000.000) 10/01 13:18:14 Image size of job updated: 229936
	3  -  MemoryUsage of job (MB)
	2748  -  ResidentSetSize of job (KB)
...
005 (782422.000.000) 10/01 13:18:19 Job terminated.
	(1) Normal termination (return value 0)
		Usr 0 00:00:33, Sys 0 00:00:01  -  Run Remote Usage
		Usr 0 00:00:00, Sys 0 00:00:00  -  Run Local Usage
		Usr 0 00:00:33, Sys 0 00:00:01  -  Total Remote Usage
		Usr 0 00:00:00, Sys 0 00:00:00  -  Total Local Usage
	586311  -  Run Bytes Sent By Job
	62730  -  Run Bytes Received By Job
	586311  -  Total Bytes Sent By Job
	62730  -  Total Bytes Received By Job
	Partitionable Resources :    Usage  Request          
	   Cpus                 :                 1          
	   Disk (KB)            :      659      659          
	   Memory (MB)          :        3        3          
...
000 (782603.000.000) 10/01 14:30:52 Job submitted from host: <18.12.1.74:47665>
...
001 (782603.000.000) 10/01 14:34:14 Job executing on host: <18.12.9.52:44526>
...
006 (782603.000.000) 10/01 14:34:23 Image size of job updated: 2
	3  -  MemoryUsage of job (MB)
	2348  -  ResidentSetSize of job (KB)
...
006 (782603.000.000) 10/01 14:39:32 Image size of job updated: 227116
	104  -  MemoryUsage of job (MB)
	105904  -  ResidentSetSize of job (KB)
...
005 (782603.000.000) 10/01 14:44:34 Job terminated.
	(1) Normal termination (return value 0)
		Usr 0 00:00:13, Sys 0 00:00:00  -  Run Remote Usage
		Usr 0 00:00:00, Sys 0 00:00:00  -  Run Local Usage
		Usr 0 00:00:13, Sys 0 00:00:00  -  Total Remote Usage
		Usr 0 00:00:00, Sys 0 00:00:00  -  Total Local Usage
	1902018  -  Run Bytes Sent By Job
	62736  -  Run Bytes Received By Job
	1902018  -  Total Bytes Sent By Job
	62736  -  Total Bytes Received By Job
	Partitionable Resources :    Usage  Request          
	   Cpus                 :                 1          
	   Disk (KB)            :     1944     1944          
	   Memory (MB)          :      104      104          
...
000 (788144.000.000) 10/09 09:23:38 Job submitted from host: <18.12.1.74:45913>
...
001 (788144.000.000) 10/09 09:24:05 Job executing on host: <18.12.8.150:43577>
...
006 (788144.000.000) 10/09 09:24:14 Image size of job updated: 23544
	2  -  MemoryUsage of job (MB)
	1988  -  ResidentSetSize of job (KB)
...
006 (788144.000.000) 10/09 09:25:27 Image size of job updated: 230020
	2  -  MemoryUsage of job (MB)
	1988  -  ResidentSetSize of job (KB)
...
005 (788144.000.000) 10/09 09:25:27 Job terminated.
	(1) Normal termination (return value 0)
		Usr 0 00:00:35, Sys 0 00:00:00  -  Run Remote Usage
		Usr 0 00:00:00, Sys 0 00:00:00  -  Run Local Usage
		Usr 0 00:00:35, Sys 0 00:00:00  -  Total Remote Usage
		Usr 0 00:00:00, Sys 0 00:00:00  -  Total Local Usage
	585295  -  Run Bytes Sent By Job
	62698  -  Run Bytes Received By Job
	585295  -  Total Bytes Sent By Job
	62698  -  Total Bytes Received By Job
	Partitionable Resources :    Usage  Request          
	   Cpus                 :                 1          
	   Disk (KB)            :      658      658          
	   Memory (MB)          :        2        2          
...
000 (788509.000.000) 10/12 09:47:59 Job submitted from host: <18.12.1.74:45913>
...
001 (788509.000.000) 10/12 09:52:52 Job executing on host: <18.12.12.67:45621>
...
006 (788509.000.000) 10/12 09:53:01 Image size of job updated: 2
	3  -  MemoryUsage of job (MB)
	2352  -  ResidentSetSize of job (KB)
...
006 (788509.000.000) 10/12 09:54:02 Image size of job updated: 230020
	3  -  MemoryUsage of job (MB)
	2352  -  ResidentSetSize of job (KB)
...
005 (788509.000.000) 10/12 09:54:02 Job terminated.
	(1) Normal termination (return value 0)
		Usr 0 00:00:34, Sys 0 00:00:00  -  Run Remote Usage
		Usr 0 00:00:00, Sys 0 00:00:00  -  Run Local Usage
		Usr 0 00:00:34, Sys 0 00:00:00  -  Total Remote Usage
		Usr 0 00:00:00, Sys 0 00:00:00  -  Total Local Usage
	585013  -  Run Bytes Sent By Job
	62703  -  Run Bytes Received By Job
	585013  -  Total Bytes Sent By Job
	62703  -  Total Bytes Received By Job
	Partitionable Resources :    Usage  Request          
	   Cpus                 :                 1          
	   Disk (KB)            :      658      658          
	   Memory (MB)          :        3        3          
...
