000 (556446.000.000) 08/12 14:10:58 Job submitted from host: <18.12.1.74:48322>
...
001 (556446.000.000) 08/12 14:45:56 Job executing on host: <18.12.8.213:47300>
...
006 (556446.000.000) 08/12 14:46:05 Image size of job updated: 2
	3  -  MemoryUsage of job (MB)
	2348  -  ResidentSetSize of job (KB)
...
006 (556446.000.000) 08/12 14:49:04 Image size of job updated: 230524
	3  -  MemoryUsage of job (MB)
	2348  -  ResidentSetSize of job (KB)
...
005 (556446.000.000) 08/12 14:49:05 Job terminated.
	(1) Normal termination (return value 0)
		Usr 0 00:01:21, Sys 0 00:00:01  -  Run Remote Usage
		Usr 0 00:00:00, Sys 0 00:00:00  -  Run Local Usage
		Usr 0 00:01:21, Sys 0 00:00:01  -  Total Remote Usage
		Usr 0 00:00:00, Sys 0 00:00:00  -  Total Local Usage
	586207  -  Run Bytes Sent By Job
	62715  -  Run Bytes Received By Job
	586207  -  Total Bytes Sent By Job
	62715  -  Total Bytes Received By Job
	Partitionable Resources :    Usage  Request          
	   Cpus                 :                 1          
	   Disk (KB)            :      659      659          
	   Memory (MB)          :        3        3          
...
000 (557706.000.000) 08/13 11:57:33 Job submitted from host: <18.12.1.74:48322>
...
001 (557706.000.000) 08/13 12:39:36 Job executing on host: <18.12.12.4:43066>
...
006 (557706.000.000) 08/13 12:39:45 Image size of job updated: 2
	3  -  MemoryUsage of job (MB)
	2336  -  ResidentSetSize of job (KB)
...
006 (557706.000.000) 08/13 12:42:29 Image size of job updated: 230516
	3  -  MemoryUsage of job (MB)
	2336  -  ResidentSetSize of job (KB)
...
005 (557706.000.000) 08/13 12:42:29 Job terminated.
	(1) Normal termination (return value 0)
		Usr 0 00:01:52, Sys 0 00:00:02  -  Run Remote Usage
		Usr 0 00:00:00, Sys 0 00:00:00  -  Run Local Usage
		Usr 0 00:01:52, Sys 0 00:00:02  -  Total Remote Usage
		Usr 0 00:00:00, Sys 0 00:00:00  -  Total Local Usage
	586207  -  Run Bytes Sent By Job
	62715  -  Run Bytes Received By Job
	586207  -  Total Bytes Sent By Job
	62715  -  Total Bytes Received By Job
	Partitionable Resources :    Usage  Request          
	   Cpus                 :                 1          
	   Disk (KB)            :      659      659          
	   Memory (MB)          :        3        3          
...
000 (558222.000.000) 08/13 14:31:16 Job submitted from host: <18.12.1.74:48322>
...
001 (558222.000.000) 08/13 15:07:10 Job executing on host: <18.12.9.30:44672>
...
006 (558222.000.000) 08/13 15:07:19 Image size of job updated: 9528
	2  -  MemoryUsage of job (MB)
	1416  -  ResidentSetSize of job (KB)
...
006 (558222.000.000) 08/13 15:12:20 Image size of job updated: 230524
	114  -  MemoryUsage of job (MB)
	115968  -  ResidentSetSize of job (KB)
...
005 (558222.000.000) 08/13 15:14:26 Job terminated.
	(1) Normal termination (return value 0)
		Usr 0 00:01:30, Sys 0 00:00:03  -  Run Remote Usage
		Usr 0 00:00:00, Sys 0 00:00:00  -  Run Local Usage
		Usr 0 00:01:30, Sys 0 00:00:03  -  Total Remote Usage
		Usr 0 00:00:00, Sys 0 00:00:00  -  Total Local Usage
	586327  -  Run Bytes Sent By Job
	62714  -  Run Bytes Received By Job
	586327  -  Total Bytes Sent By Job
	62714  -  Total Bytes Received By Job
	Partitionable Resources :    Usage  Request          
	   Cpus                 :                 1          
	   Disk (KB)            :      659      659          
	   Memory (MB)          :      114      114          
...
000 (565559.000.000) 08/20 12:57:38 Job submitted from host: <18.12.1.74:48322>
...
001 (565559.000.000) 08/20 12:58:11 Job executing on host: <18.12.9.61:42555>
...
006 (565559.000.000) 08/20 12:58:21 Image size of job updated: 2
	3  -  MemoryUsage of job (MB)
	2344  -  ResidentSetSize of job (KB)
...
006 (565559.000.000) 08/20 13:00:46 Image size of job updated: 230516
	3  -  MemoryUsage of job (MB)
	2344  -  ResidentSetSize of job (KB)
...
005 (565559.000.000) 08/20 13:07:13 Job terminated.
	(1) Normal termination (return value 0)
		Usr 0 00:01:18, Sys 0 00:00:01  -  Run Remote Usage
		Usr 0 00:00:00, Sys 0 00:00:00  -  Run Local Usage
		Usr 0 00:01:18, Sys 0 00:00:01  -  Total Remote Usage
		Usr 0 00:00:00, Sys 0 00:00:00  -  Total Local Usage
	586318  -  Run Bytes Sent By Job
	62731  -  Run Bytes Received By Job
	586318  -  Total Bytes Sent By Job
	62731  -  Total Bytes Received By Job
	Partitionable Resources :    Usage  Request          
	   Cpus                 :                 1          
	   Disk (KB)            :      659      659          
	   Memory (MB)          :        3        3          
...
000 (783052.000.000) 10/02 11:07:21 Job submitted from host: <18.12.1.74:41314>
...
001 (783052.000.000) 10/02 11:08:53 Job executing on host: <18.12.8.189:40000>
...
006 (783052.000.000) 10/02 11:08:54 Image size of job updated: 2
	0  -  MemoryUsage of job (MB)
	0  -  ResidentSetSize of job (KB)
...
005 (783052.000.000) 10/02 11:13:59 Job terminated.
	(1) Normal termination (return value 0)
		Usr 0 00:00:00, Sys 0 00:00:00  -  Run Remote Usage
		Usr 0 00:00:00, Sys 0 00:00:00  -  Run Local Usage
		Usr 0 00:00:00, Sys 0 00:00:00  -  Total Remote Usage
		Usr 0 00:00:00, Sys 0 00:00:00  -  Total Local Usage
	585487  -  Run Bytes Sent By Job
	62733  -  Run Bytes Received By Job
	585487  -  Total Bytes Sent By Job
	62733  -  Total Bytes Received By Job
	Partitionable Resources :    Usage  Request          
	   Cpus                 :                 1          
	   Disk (KB)            :      658      658          
	   Memory (MB)          :        0        0          
...
000 (783233.000.000) 10/02 16:13:30 Job submitted from host: <18.12.1.74:45913>
...
001 (783233.000.000) 10/02 16:14:27 Job executing on host: <18.12.8.58:43650>
...
006 (783233.000.000) 10/02 16:14:29 Image size of job updated: 2
	0  -  MemoryUsage of job (MB)
	0  -  ResidentSetSize of job (KB)
...
005 (783233.000.000) 10/02 16:14:29 Job terminated.
	(1) Normal termination (return value 0)
		Usr 0 00:00:00, Sys 0 00:00:00  -  Run Remote Usage
		Usr 0 00:00:00, Sys 0 00:00:00  -  Run Local Usage
		Usr 0 00:00:00, Sys 0 00:00:00  -  Total Remote Usage
		Usr 0 00:00:00, Sys 0 00:00:00  -  Total Local Usage
	585416  -  Run Bytes Sent By Job
	62733  -  Run Bytes Received By Job
	585416  -  Total Bytes Sent By Job
	62733  -  Total Bytes Received By Job
	Partitionable Resources :    Usage  Request          
	   Cpus                 :                 1          
	   Disk (KB)            :      658      658          
	   Memory (MB)          :        0        0          
...
000 (783414.000.000) 10/02 16:48:57 Job submitted from host: <18.12.1.74:45913>
...
001 (783414.000.000) 10/02 16:48:58 Job executing on host: <18.12.9.62:46132>
...
006 (783414.000.000) 10/02 16:48:59 Image size of job updated: 2
	0  -  MemoryUsage of job (MB)
	0  -  ResidentSetSize of job (KB)
...
005 (783414.000.000) 10/02 16:48:59 Job terminated.
	(1) Normal termination (return value 0)
		Usr 0 00:00:00, Sys 0 00:00:00  -  Run Remote Usage
		Usr 0 00:00:00, Sys 0 00:00:00  -  Run Local Usage
		Usr 0 00:00:00, Sys 0 00:00:00  -  Total Remote Usage
		Usr 0 00:00:00, Sys 0 00:00:00  -  Total Local Usage
	585974  -  Run Bytes Sent By Job
	62733  -  Run Bytes Received By Job
	585974  -  Total Bytes Sent By Job
	62733  -  Total Bytes Received By Job
	Partitionable Resources :    Usage  Request          
	   Cpus                 :                 1          
	   Disk (KB)            :      659      659          
	   Memory (MB)          :        0        0          
...
000 (783597.000.000) 10/05 09:25:51 Job submitted from host: <18.12.1.74:45913>
...
001 (783597.000.000) 10/05 09:26:13 Job executing on host: <18.12.8.239:46205>
...
006 (783597.000.000) 10/05 09:26:13 Image size of job updated: 2
	0  -  MemoryUsage of job (MB)
	0  -  ResidentSetSize of job (KB)
...
005 (783597.000.000) 10/05 09:26:15 Job terminated.
	(1) Normal termination (return value 0)
		Usr 0 00:00:00, Sys 0 00:00:00  -  Run Remote Usage
		Usr 0 00:00:00, Sys 0 00:00:00  -  Run Local Usage
		Usr 0 00:00:00, Sys 0 00:00:00  -  Total Remote Usage
		Usr 0 00:00:00, Sys 0 00:00:00  -  Total Local Usage
	585630  -  Run Bytes Sent By Job
	62732  -  Run Bytes Received By Job
	585630  -  Total Bytes Sent By Job
	62732  -  Total Bytes Received By Job
	Partitionable Resources :    Usage  Request          
	   Cpus                 :                 1          
	   Disk (KB)            :      658      658          
	   Memory (MB)          :        0        0          
...
000 (783778.000.000) 10/05 10:00:28 Job submitted from host: <18.12.1.74:45913>
...
001 (783778.000.000) 10/05 10:01:18 Job executing on host: <18.12.6.94:47738>
...
006 (783778.000.000) 10/05 10:01:27 Image size of job updated: 13384
	2  -  MemoryUsage of job (MB)
	1984  -  ResidentSetSize of job (KB)
...
006 (783778.000.000) 10/05 10:01:42 Image size of job updated: 69208
	2  -  MemoryUsage of job (MB)
	1984  -  ResidentSetSize of job (KB)
...
005 (783778.000.000) 10/05 10:01:42 Job terminated.
	(1) Normal termination (return value 0)
		Usr 0 00:00:00, Sys 0 00:00:00  -  Run Remote Usage
		Usr 0 00:00:00, Sys 0 00:00:00  -  Run Local Usage
		Usr 0 00:00:00, Sys 0 00:00:00  -  Total Remote Usage
		Usr 0 00:00:00, Sys 0 00:00:00  -  Total Local Usage
	585357  -  Run Bytes Sent By Job
	62731  -  Run Bytes Received By Job
	585357  -  Total Bytes Sent By Job
	62731  -  Total Bytes Received By Job
	Partitionable Resources :    Usage  Request          
	   Cpus                 :                 1          
	   Disk (KB)            :      658      658          
	   Memory (MB)          :        2        2          
...
000 (783960.000.000) 10/05 12:25:33 Job submitted from host: <18.12.1.74:45913>
...
001 (783960.000.000) 10/05 12:25:35 Job executing on host: <18.12.9.76:43139>
...
006 (783960.000.000) 10/05 12:25:36 Image size of job updated: 2
	0  -  MemoryUsage of job (MB)
	0  -  ResidentSetSize of job (KB)
...
005 (783960.000.000) 10/05 12:25:36 Job terminated.
	(1) Normal termination (return value 0)
		Usr 0 00:00:00, Sys 0 00:00:00  -  Run Remote Usage
		Usr 0 00:00:00, Sys 0 00:00:00  -  Run Local Usage
		Usr 0 00:00:00, Sys 0 00:00:00  -  Total Remote Usage
		Usr 0 00:00:00, Sys 0 00:00:00  -  Total Local Usage
	585752  -  Run Bytes Sent By Job
	62732  -  Run Bytes Received By Job
	585752  -  Total Bytes Sent By Job
	62732  -  Total Bytes Received By Job
	Partitionable Resources :    Usage  Request          
	   Cpus                 :                 1          
	   Disk (KB)            :      659      659          
	   Memory (MB)          :        0        0          
...
000 (784141.000.000) 10/05 12:28:52 Job submitted from host: <18.12.1.74:45913>
...
001 (784141.000.000) 10/05 12:29:25 Job executing on host: <18.12.9.12:41752>
...
006 (784141.000.000) 10/05 12:29:33 Image size of job updated: 93580
	3  -  MemoryUsage of job (MB)
	2416  -  ResidentSetSize of job (KB)
...
006 (784141.000.000) 10/05 12:31:07 Image size of job updated: 230520
	3  -  MemoryUsage of job (MB)
	2416  -  ResidentSetSize of job (KB)
...
005 (784141.000.000) 10/05 12:31:07 Job terminated.
	(1) Normal termination (return value 0)
		Usr 0 00:01:03, Sys 0 00:00:00  -  Run Remote Usage
		Usr 0 00:00:00, Sys 0 00:00:00  -  Run Local Usage
		Usr 0 00:01:03, Sys 0 00:00:00  -  Total Remote Usage
		Usr 0 00:00:00, Sys 0 00:00:00  -  Total Local Usage
	586618  -  Run Bytes Sent By Job
	62733  -  Run Bytes Received By Job
	586618  -  Total Bytes Sent By Job
	62733  -  Total Bytes Received By Job
	Partitionable Resources :    Usage  Request          
	   Cpus                 :                 1          
	   Disk (KB)            :      659      659          
	   Memory (MB)          :        3        3          
...
000 (786210.000.000) 10/05 14:34:48 Job submitted from host: <18.12.1.74:45913>
...
001 (786210.000.000) 10/05 14:36:03 Job executing on host: <18.12.8.69:41314>
...
006 (786210.000.000) 10/05 14:36:11 Image size of job updated: 1196
	1  -  MemoryUsage of job (MB)
	152  -  ResidentSetSize of job (KB)
...
006 (786210.000.000) 10/05 14:38:18 Image size of job updated: 230520
	1  -  MemoryUsage of job (MB)
	152  -  ResidentSetSize of job (KB)
...
005 (786210.000.000) 10/05 14:38:18 Job terminated.
	(1) Normal termination (return value 0)
		Usr 0 00:01:36, Sys 0 00:00:02  -  Run Remote Usage
		Usr 0 00:00:00, Sys 0 00:00:00  -  Run Local Usage
		Usr 0 00:01:36, Sys 0 00:00:02  -  Total Remote Usage
		Usr 0 00:00:00, Sys 0 00:00:00  -  Total Local Usage
	586245  -  Run Bytes Sent By Job
	62729  -  Run Bytes Received By Job
	586245  -  Total Bytes Sent By Job
	62729  -  Total Bytes Received By Job
	Partitionable Resources :    Usage  Request          
	   Cpus                 :                 1          
	   Disk (KB)            :      659      659          
	   Memory (MB)          :        1        1          
...
000 (788049.000.000) 10/08 16:10:25 Job submitted from host: <18.12.1.74:45913>
...
001 (788049.000.000) 10/08 16:27:53 Job executing on host: <18.12.12.68:42555>
...
006 (788049.000.000) 10/08 16:28:01 Image size of job updated: 2
	3  -  MemoryUsage of job (MB)
	2340  -  ResidentSetSize of job (KB)
...
006 (788049.000.000) 10/08 16:31:10 Image size of job updated: 230504
	3  -  MemoryUsage of job (MB)
	2340  -  ResidentSetSize of job (KB)
...
005 (788049.000.000) 10/08 16:31:11 Job terminated.
	(1) Normal termination (return value 0)
		Usr 0 00:01:49, Sys 0 00:00:01  -  Run Remote Usage
		Usr 0 00:00:00, Sys 0 00:00:00  -  Run Local Usage
		Usr 0 00:01:49, Sys 0 00:00:01  -  Total Remote Usage
		Usr 0 00:00:00, Sys 0 00:00:00  -  Total Local Usage
	585361  -  Run Bytes Sent By Job
	62697  -  Run Bytes Received By Job
	585361  -  Total Bytes Sent By Job
	62697  -  Total Bytes Received By Job
	Partitionable Resources :    Usage  Request          
	   Cpus                 :                 1          
	   Disk (KB)            :      658      658          
	   Memory (MB)          :        3        3          
...
000 (788412.000.000) 10/09 10:00:37 Job submitted from host: <18.12.1.74:45913>
...
001 (788412.000.000) 10/09 10:11:24 Job executing on host: <18.12.6.23:46716>
...
006 (788412.000.000) 10/09 10:11:33 Image size of job updated: 2
	3  -  MemoryUsage of job (MB)
	2348  -  ResidentSetSize of job (KB)
...
006 (788412.000.000) 10/09 10:13:50 Image size of job updated: 230508
	3  -  MemoryUsage of job (MB)
	2348  -  ResidentSetSize of job (KB)
...
005 (788412.000.000) 10/09 10:13:50 Job terminated.
	(1) Normal termination (return value 0)
		Usr 0 00:01:41, Sys 0 00:00:01  -  Run Remote Usage
		Usr 0 00:00:00, Sys 0 00:00:00  -  Run Local Usage
		Usr 0 00:01:41, Sys 0 00:00:01  -  Total Remote Usage
		Usr 0 00:00:00, Sys 0 00:00:00  -  Total Local Usage
	585216  -  Run Bytes Sent By Job
	62694  -  Run Bytes Received By Job
	585216  -  Total Bytes Sent By Job
	62694  -  Total Bytes Received By Job
	Partitionable Resources :    Usage  Request          
	   Cpus                 :                 1          
	   Disk (KB)            :      658      658          
	   Memory (MB)          :        3        3          
...
000 (788959.000.000) 10/12 11:22:16 Job submitted from host: <18.12.1.74:45913>
...
001 (788959.000.000) 10/12 11:37:45 Job executing on host: <18.12.8.31:44015>
...
006 (788959.000.000) 10/12 11:37:54 Image size of job updated: 2
	3  -  MemoryUsage of job (MB)
	2356  -  ResidentSetSize of job (KB)
...
006 (788959.000.000) 10/12 11:40:42 Image size of job updated: 230508
	3  -  MemoryUsage of job (MB)
	2356  -  ResidentSetSize of job (KB)
...
005 (788959.000.000) 10/12 11:40:42 Job terminated.
	(1) Normal termination (return value 0)
		Usr 0 00:01:55, Sys 0 00:00:03  -  Run Remote Usage
		Usr 0 00:00:00, Sys 0 00:00:00  -  Run Local Usage
		Usr 0 00:01:55, Sys 0 00:00:03  -  Total Remote Usage
		Usr 0 00:00:00, Sys 0 00:00:00  -  Total Local Usage
	585369  -  Run Bytes Sent By Job
	62702  -  Run Bytes Received By Job
	585369  -  Total Bytes Sent By Job
	62702  -  Total Bytes Received By Job
	Partitionable Resources :    Usage  Request          
	   Cpus                 :                 1          
	   Disk (KB)            :      658      658          
	   Memory (MB)          :        3        3          
...
