000 (556435.000.000) 08/12 14:10:57 Job submitted from host: <18.12.1.74:48322>
...
001 (556435.000.000) 08/12 14:44:56 Job executing on host: <18.12.9.82:48979>
...
006 (556435.000.000) 08/12 14:45:04 Image size of job updated: 93600
	3  -  MemoryUsage of job (MB)
	2424  -  ResidentSetSize of job (KB)
...
006 (556435.000.000) 08/12 14:50:04 Image size of job updated: 230540
	84  -  MemoryUsage of job (MB)
	85304  -  ResidentSetSize of job (KB)
...
006 (556435.000.000) 08/12 14:55:05 Image size of job updated: 230540
	88  -  MemoryUsage of job (MB)
	89436  -  ResidentSetSize of job (KB)
...
005 (556435.000.000) 08/12 14:59:54 Job terminated.
	(1) Normal termination (return value 0)
		Usr 0 00:01:38, Sys 0 00:00:05  -  Run Remote Usage
		Usr 0 00:00:00, Sys 0 00:00:00  -  Run Local Usage
		Usr 0 00:01:38, Sys 0 00:00:05  -  Total Remote Usage
		Usr 0 00:00:00, Sys 0 00:00:00  -  Total Local Usage
	586074  -  Run Bytes Sent By Job
	62715  -  Run Bytes Received By Job
	586074  -  Total Bytes Sent By Job
	62715  -  Total Bytes Received By Job
	Partitionable Resources :    Usage  Request          
	   Cpus                 :                 1          
	   Disk (KB)            :      659      659          
	   Memory (MB)          :       88       88          
...
000 (557695.000.000) 08/13 11:57:32 Job submitted from host: <18.12.1.74:48322>
...
001 (557695.000.000) 08/13 12:38:08 Job executing on host: <18.12.9.38:45329>
...
006 (557695.000.000) 08/13 12:38:16 Image size of job updated: 69568
	14  -  MemoryUsage of job (MB)
	13824  -  ResidentSetSize of job (KB)
...
006 (557695.000.000) 08/13 12:43:16 Image size of job updated: 230536
	101  -  MemoryUsage of job (MB)
	102860  -  ResidentSetSize of job (KB)
...
005 (557695.000.000) 08/13 12:47:39 Job terminated.
	(1) Normal termination (return value 0)
		Usr 0 00:01:44, Sys 0 00:00:03  -  Run Remote Usage
		Usr 0 00:00:00, Sys 0 00:00:00  -  Run Local Usage
		Usr 0 00:01:44, Sys 0 00:00:03  -  Total Remote Usage
		Usr 0 00:00:00, Sys 0 00:00:00  -  Total Local Usage
	586570  -  Run Bytes Sent By Job
	62715  -  Run Bytes Received By Job
	586570  -  Total Bytes Sent By Job
	62715  -  Total Bytes Received By Job
	Partitionable Resources :    Usage  Request          
	   Cpus                 :                 1          
	   Disk (KB)            :      659      659          
	   Memory (MB)          :      101      101          
...
000 (558211.000.000) 08/13 14:31:15 Job submitted from host: <18.12.1.74:48322>
...
001 (558211.000.000) 08/13 15:05:30 Job executing on host: <18.12.9.80:43650>
...
006 (558211.000.000) 08/13 15:05:39 Image size of job updated: 2
	3  -  MemoryUsage of job (MB)
	2348  -  ResidentSetSize of job (KB)
...
006 (558211.000.000) 08/13 15:08:41 Image size of job updated: 230540
	3  -  MemoryUsage of job (MB)
	2348  -  ResidentSetSize of job (KB)
...
005 (558211.000.000) 08/13 15:08:41 Job terminated.
	(1) Normal termination (return value 0)
		Usr 0 00:01:34, Sys 0 00:00:02  -  Run Remote Usage
		Usr 0 00:00:00, Sys 0 00:00:00  -  Run Local Usage
		Usr 0 00:01:34, Sys 0 00:00:02  -  Total Remote Usage
		Usr 0 00:00:00, Sys 0 00:00:00  -  Total Local Usage
	586291  -  Run Bytes Sent By Job
	62714  -  Run Bytes Received By Job
	586291  -  Total Bytes Sent By Job
	62714  -  Total Bytes Received By Job
	Partitionable Resources :    Usage  Request          
	   Cpus                 :                 1          
	   Disk (KB)            :      659      659          
	   Memory (MB)          :        3        3          
...
000 (565548.000.000) 08/20 12:56:25 Job submitted from host: <18.12.1.74:48322>
...
001 (565548.000.000) 08/20 12:58:06 Job executing on host: <18.12.8.12:45037>
...
006 (565548.000.000) 08/20 12:58:14 Image size of job updated: 2
	3  -  MemoryUsage of job (MB)
	2340  -  ResidentSetSize of job (KB)
...
006 (565548.000.000) 08/20 13:03:14 Image size of job updated: 230536
	93  -  MemoryUsage of job (MB)
	95076  -  ResidentSetSize of job (KB)
...
006 (565548.000.000) 08/20 13:04:27 Image size of job updated: 237716
	93  -  MemoryUsage of job (MB)
	95076  -  ResidentSetSize of job (KB)
...
005 (565548.000.000) 08/20 13:11:09 Job terminated.
	(1) Normal termination (return value 0)
		Usr 0 00:01:45, Sys 0 00:00:03  -  Run Remote Usage
		Usr 0 00:00:00, Sys 0 00:00:00  -  Run Local Usage
		Usr 0 00:01:45, Sys 0 00:00:03  -  Total Remote Usage
		Usr 0 00:00:00, Sys 0 00:00:00  -  Total Local Usage
	586625  -  Run Bytes Sent By Job
	62731  -  Run Bytes Received By Job
	586625  -  Total Bytes Sent By Job
	62731  -  Total Bytes Received By Job
	Partitionable Resources :    Usage  Request          
	   Cpus                 :                 1          
	   Disk (KB)            :      659      659          
	   Memory (MB)          :       93       93          
...
