000 (556167.000.000) 08/12 11:33:51 Job submitted from host: <18.12.1.74:48322>
...
001 (556167.000.000) 08/12 12:05:20 Job executing on host: <18.12.8.163:40511>
...
006 (556167.000.000) 08/12 12:05:28 Image size of job updated: 69304
	14  -  MemoryUsage of job (MB)
	13440  -  ResidentSetSize of job (KB)
...
006 (556167.000.000) 08/12 12:10:28 Image size of job updated: 230668
	107  -  MemoryUsage of job (MB)
	108580  -  ResidentSetSize of job (KB)
...
005 (556167.000.000) 08/12 12:12:19 Job terminated.
	(1) Normal termination (return value 0)
		Usr 0 00:01:42, Sys 0 00:00:01  -  Run Remote Usage
		Usr 0 00:00:00, Sys 0 00:00:00  -  Run Local Usage
		Usr 0 00:01:42, Sys 0 00:00:01  -  Total Remote Usage
		Usr 0 00:00:00, Sys 0 00:00:00  -  Total Local Usage
	586277  -  Run Bytes Sent By Job
	62715  -  Run Bytes Received By Job
	586277  -  Total Bytes Sent By Job
	62715  -  Total Bytes Received By Job
	Partitionable Resources :    Usage  Request          
	   Cpus                 :                 1          
	   Disk (KB)            :      659      659          
	   Memory (MB)          :      107      107          
...
000 (566536.000.000) 08/20 21:10:33 Job submitted from host: <18.12.1.74:48322>
...
001 (566536.000.000) 08/20 21:10:37 Job executing on host: <18.12.9.40:47592>
...
006 (566536.000.000) 08/20 21:10:46 Image size of job updated: 2
	3  -  MemoryUsage of job (MB)
	2356  -  ResidentSetSize of job (KB)
...
006 (566536.000.000) 08/20 21:15:47 Image size of job updated: 230676
	97  -  MemoryUsage of job (MB)
	98392  -  ResidentSetSize of job (KB)
...
022 (566536.000.000) 08/20 21:17:57 Job disconnected, attempting to reconnect
    Socket between submit and execute hosts closed unexpectedly
    Trying to reconnect to slot26@t2bat0296.cmsaf.mit.edu <18.12.9.40:47592>
...
023 (566536.000.000) 08/20 21:17:59 Job reconnected to slot26@t2bat0296.cmsaf.mit.edu
    startd address: <18.12.9.40:47592>
    starter address: <18.12.9.40:41241>
...
022 (566536.000.000) 08/20 21:17:59 Job disconnected, attempting to reconnect
    Socket between submit and execute hosts closed unexpectedly
    Trying to reconnect to slot26@t2bat0296.cmsaf.mit.edu <18.12.9.40:47592>
...
023 (566536.000.000) 08/20 21:17:59 Job reconnected to slot26@t2bat0296.cmsaf.mit.edu
    startd address: <18.12.9.40:47592>
    starter address: <18.12.9.40:41241>
...
005 (566536.000.000) 08/20 21:24:42 Job terminated.
	(1) Normal termination (return value 0)
		Usr 0 00:01:56, Sys 0 00:00:02  -  Run Remote Usage
		Usr 0 00:00:00, Sys 0 00:00:00  -  Run Local Usage
		Usr 0 00:01:56, Sys 0 00:00:02  -  Total Remote Usage
		Usr 0 00:00:00, Sys 0 00:00:00  -  Total Local Usage
	586524  -  Run Bytes Sent By Job
	62731  -  Run Bytes Received By Job
	586524  -  Total Bytes Sent By Job
	62731  -  Total Bytes Received By Job
	Partitionable Resources :    Usage  Request          
	   Cpus                 :                 1          
	   Disk (KB)            :      659      659          
	   Memory (MB)          :       97       97          
...
