
----------------------------------------------------
Job started on Thu Aug 20 21:01:16 EDT 2015 at WN: t2bat0095.cmsaf.mit.edu 
Job is running on Linux t2bat0095.cmsaf.mit.edu 2.6.32-358.el6.x86_64 #1 SMP Fri Feb 22 20:37:17 CST 2013 x86_64 x86_64 x86_64 GNU/Linux
Filesystem            Size  Used Avail Use% Mounted on
/dev/sda3              20G  3.9G   15G  21% /
tmpfs                 7.8G     0  7.8G   0% /dev/shm
/dev/sda1              97M   33M   60M  36% /boot
/dev/sda4             644G   86G  558G  14% /export/data1
/dev/sdb1             1.8T  1.7T  121G  94% /export/00b
/dev/sdc1             1.8T  1.7T  123G  94% /export/00c
/dev/sdd1             1.8T  1.7T  130G  93% /export/00d
/dev/sde1             1.8T  1.7T  131G  93% /export/00e
/dev/sdf1             1.8T  1.7T  132G  93% /export/00f
fuse_dfs              4.9P  4.6P  323T  94% /mnt/hadoop
t2srv0004:/export/db  135G  187M  135G   1% /net/t2srv0004/db
cvmfs2                 98G   82G   17G  84% /cvmfs/cms.cern.ch
cvmfs2                 98G   82G   17G  84% /cvmfs/cvmfs.cmsaf.mit.edu
gcc (GCC) 4.4.7 20120313 (Red Hat 4.4.7-3)
Copyright (C) 2010 Free Software Foundation, Inc.
This is free software; see the source for copying conditions.  There is NO
warranty; not even for MERCHANTABILITY or FITNESS FOR A PARTICULAR PURPOSE.

Processing...
0/56303
10000/56303
20000/56303
30000/56303
40000/56303
50000/56303
Macro finished: 
CPU time (min)  = 0.407667
Real time (min) = 0.69154
total 1.6M
-rw-r--r-- 1 obaron obaron  94K Aug 20 20:49 jetRAA_PbPb_data_akPu3_select.txt
-rw-r--r-- 1 obaron obaron  70K Aug 20 20:49 RAA_read_data_pbpb.C
-rw-r--r-- 1 obaron obaron 108K Aug 20 20:49 jetRAA_PbPb_data_forest.txt
-rw-r--r-- 1 obaron obaron  94K Aug 20 20:49 jetRAA_PbPb_data_akPu2_select.txt
-rw-r--r-- 1 obaron obaron  94K Aug 20 20:50 jetRAA_PbPb_data_akPu4_select.txt
-rw-r--r-- 1 obaron obaron  11K Aug 20 20:57 RAA_read_data_pbpb_C.d
-rwxr-xr-x 1 obaron obaron 101K Aug 20 20:58 RAA_read_data_pbpb_C.so
-rw-r--r-- 1 condor condor 5.4K Aug 20 21:01 .machine.ad
-rw-r--r-- 1 condor condor  20K Aug 20 21:01 .job.ad
-rwx------ 1 obaron obaron   49 Aug 20 21:01 .chirp.config
-rw-rw-r-- 1 obaron obaron  61K Aug 20 21:01 jetRAA_run_PbPb_Data.tar
-rwxr-xr-x 1 obaron obaron 1.2K Aug 20 21:01 condor_exec.exe
drwx------ 2 obaron obaron 4.0K Aug 20 21:01 .
-rw-r--r-- 1 obaron obaron  678 Aug 20 21:01 _condor_stderr
drwxr-xr-x 9 condor root   4.0K Aug 20 21:01 ..
-rw-r--r-- 1 obaron obaron 1.5K Aug 20 21:01 _condor_stdout
-rw-r--r-- 1 obaron obaron 882K Aug 20 21:01 PbPb_Data_histograms_FromForest_pileupCutFIX_ZDCmCut_akPu2_20_eta_20_170.root
Done!
Copied output files to hadoop rootfiles/JetRAA/June29
