000 (556351.000.000) 08/12 14:10:48 Job submitted from host: <18.12.1.74:48322>
...
001 (556351.000.000) 08/12 14:26:24 Job executing on host: <18.12.9.55:44599>
...
006 (556351.000.000) 08/12 14:26:33 Image size of job updated: 93604
	3  -  MemoryUsage of job (MB)
	2428  -  ResidentSetSize of job (KB)
...
006 (556351.000.000) 08/12 14:31:34 Image size of job updated: 230008
	101  -  MemoryUsage of job (MB)
	103300  -  ResidentSetSize of job (KB)
...
006 (556351.000.000) 08/12 14:36:34 Image size of job updated: 230140
	109  -  MemoryUsage of job (MB)
	110896  -  ResidentSetSize of job (KB)
...
005 (556351.000.000) 08/12 14:37:07 Job terminated.
	(1) Normal termination (return value 0)
		Usr 0 00:00:32, Sys 0 00:00:02  -  Run Remote Usage
		Usr 0 00:00:00, Sys 0 00:00:00  -  Run Local Usage
		Usr 0 00:00:32, Sys 0 00:00:02  -  Total Remote Usage
		Usr 0 00:00:00, Sys 0 00:00:00  -  Total Local Usage
	586120  -  Run Bytes Sent By Job
	62715  -  Run Bytes Received By Job
	586120  -  Total Bytes Sent By Job
	62715  -  Total Bytes Received By Job
	Partitionable Resources :    Usage  Request          
	   Cpus                 :                 1          
	   Disk (KB)            :      659      659          
	   Memory (MB)          :      109      109          
...
000 (557611.000.000) 08/13 11:57:23 Job submitted from host: <18.12.1.74:48322>
...
001 (557611.000.000) 08/13 12:18:12 Job executing on host: <18.12.9.41:47519>
...
006 (557611.000.000) 08/13 12:18:20 Image size of job updated: 193800
	78  -  MemoryUsage of job (MB)
	79576  -  ResidentSetSize of job (KB)
...
006 (557611.000.000) 08/13 12:21:23 Image size of job updated: 230144
	78  -  MemoryUsage of job (MB)
	79576  -  ResidentSetSize of job (KB)
...
005 (557611.000.000) 08/13 12:21:23 Job terminated.
	(1) Normal termination (return value 0)
		Usr 0 00:00:34, Sys 0 00:00:01  -  Run Remote Usage
		Usr 0 00:00:00, Sys 0 00:00:00  -  Run Local Usage
		Usr 0 00:00:34, Sys 0 00:00:01  -  Total Remote Usage
		Usr 0 00:00:00, Sys 0 00:00:00  -  Total Local Usage
	586400  -  Run Bytes Sent By Job
	62715  -  Run Bytes Received By Job
	586400  -  Total Bytes Sent By Job
	62715  -  Total Bytes Received By Job
	Partitionable Resources :    Usage  Request          
	   Cpus                 :                 1          
	   Disk (KB)            :      659      659          
	   Memory (MB)          :       78       78          
...
000 (558127.000.000) 08/13 14:31:06 Job submitted from host: <18.12.1.74:48322>
...
001 (558127.000.000) 08/13 14:50:45 Job executing on host: <18.12.9.80:43650>
...
006 (558127.000.000) 08/13 14:50:53 Image size of job updated: 229908
	93  -  MemoryUsage of job (MB)
	94440  -  ResidentSetSize of job (KB)
...
006 (558127.000.000) 08/13 14:51:49 Image size of job updated: 230064
	93  -  MemoryUsage of job (MB)
	94440  -  ResidentSetSize of job (KB)
...
005 (558127.000.000) 08/13 14:51:49 Job terminated.
	(1) Normal termination (return value 0)
		Usr 0 00:00:30, Sys 0 00:00:01  -  Run Remote Usage
		Usr 0 00:00:00, Sys 0 00:00:00  -  Run Local Usage
		Usr 0 00:00:30, Sys 0 00:00:01  -  Total Remote Usage
		Usr 0 00:00:00, Sys 0 00:00:00  -  Total Local Usage
	586120  -  Run Bytes Sent By Job
	62714  -  Run Bytes Received By Job
	586120  -  Total Bytes Sent By Job
	62714  -  Total Bytes Received By Job
	Partitionable Resources :    Usage  Request          
	   Cpus                 :                 1          
	   Disk (KB)            :      659      659          
	   Memory (MB)          :       93       93          
...
000 (565464.000.000) 08/20 12:42:06 Job submitted from host: <18.12.1.74:48322>
...
001 (565464.000.000) 08/20 12:45:22 Job executing on host: <18.12.8.217:43504>
...
006 (565464.000.000) 08/20 12:45:31 Image size of job updated: 2
	3  -  MemoryUsage of job (MB)
	2348  -  ResidentSetSize of job (KB)
...
006 (565464.000.000) 08/20 12:46:19 Image size of job updated: 230136
	3  -  MemoryUsage of job (MB)
	2348  -  ResidentSetSize of job (KB)
...
005 (565464.000.000) 08/20 12:54:34 Job terminated.
	(1) Normal termination (return value 0)
		Usr 0 00:00:29, Sys 0 00:00:00  -  Run Remote Usage
		Usr 0 00:00:00, Sys 0 00:00:00  -  Run Local Usage
		Usr 0 00:00:29, Sys 0 00:00:00  -  Total Remote Usage
		Usr 0 00:00:00, Sys 0 00:00:00  -  Total Local Usage
	586120  -  Run Bytes Sent By Job
	62731  -  Run Bytes Received By Job
	586120  -  Total Bytes Sent By Job
	62731  -  Total Bytes Received By Job
	Partitionable Resources :    Usage  Request          
	   Cpus                 :                 1          
	   Disk (KB)            :      659      659          
	   Memory (MB)          :        3        3          
...
000 (782957.000.000) 10/02 11:04:12 Job submitted from host: <18.12.1.74:41314>
...
001 (782957.000.000) 10/02 11:08:37 Job executing on host: <18.12.8.102:47373>
...
006 (782957.000.000) 10/02 11:08:45 Image size of job updated: 2
	0  -  MemoryUsage of job (MB)
	0  -  ResidentSetSize of job (KB)
...
005 (782957.000.000) 10/02 11:13:48 Job terminated.
	(1) Normal termination (return value 0)
		Usr 0 00:00:00, Sys 0 00:00:00  -  Run Remote Usage
		Usr 0 00:00:00, Sys 0 00:00:00  -  Run Local Usage
		Usr 0 00:00:00, Sys 0 00:00:00  -  Total Remote Usage
		Usr 0 00:00:00, Sys 0 00:00:00  -  Total Local Usage
	585658  -  Run Bytes Sent By Job
	62733  -  Run Bytes Received By Job
	585658  -  Total Bytes Sent By Job
	62733  -  Total Bytes Received By Job
	Partitionable Resources :    Usage  Request          
	   Cpus                 :                 1          
	   Disk (KB)            :      658      658          
	   Memory (MB)          :        0        0          
...
000 (783138.000.000) 10/02 16:13:19 Job submitted from host: <18.12.1.74:45913>
...
001 (783138.000.000) 10/02 16:14:03 Job executing on host: <18.12.6.16:42263>
...
006 (783138.000.000) 10/02 16:14:06 Image size of job updated: 2
	0  -  MemoryUsage of job (MB)
	0  -  ResidentSetSize of job (KB)
...
005 (783138.000.000) 10/02 16:14:07 Job terminated.
	(1) Normal termination (return value 0)
		Usr 0 00:00:00, Sys 0 00:00:00  -  Run Remote Usage
		Usr 0 00:00:00, Sys 0 00:00:00  -  Run Local Usage
		Usr 0 00:00:00, Sys 0 00:00:00  -  Total Remote Usage
		Usr 0 00:00:00, Sys 0 00:00:00  -  Total Local Usage
	585283  -  Run Bytes Sent By Job
	62733  -  Run Bytes Received By Job
	585283  -  Total Bytes Sent By Job
	62733  -  Total Bytes Received By Job
	Partitionable Resources :    Usage  Request          
	   Cpus                 :                 1          
	   Disk (KB)            :      658      658          
	   Memory (MB)          :        0        0          
...
000 (783319.000.000) 10/02 16:48:32 Job submitted from host: <18.12.1.74:45913>
...
001 (783319.000.000) 10/02 16:48:59 Job executing on host: <18.12.8.187:45548>
...
006 (783319.000.000) 10/02 16:49:01 Image size of job updated: 2
	0  -  MemoryUsage of job (MB)
	0  -  ResidentSetSize of job (KB)
...
005 (783319.000.000) 10/02 16:49:01 Job terminated.
	(1) Normal termination (return value 0)
		Usr 0 00:00:00, Sys 0 00:00:00  -  Run Remote Usage
		Usr 0 00:00:00, Sys 0 00:00:00  -  Run Local Usage
		Usr 0 00:00:00, Sys 0 00:00:00  -  Total Remote Usage
		Usr 0 00:00:00, Sys 0 00:00:00  -  Total Local Usage
	585698  -  Run Bytes Sent By Job
	62733  -  Run Bytes Received By Job
	585698  -  Total Bytes Sent By Job
	62733  -  Total Bytes Received By Job
	Partitionable Resources :    Usage  Request          
	   Cpus                 :                 1          
	   Disk (KB)            :      658      658          
	   Memory (MB)          :        0        0          
...
000 (783502.000.000) 10/05 09:25:32 Job submitted from host: <18.12.1.74:45913>
...
001 (783502.000.000) 10/05 09:25:54 Job executing on host: <18.12.6.84:44891>
...
006 (783502.000.000) 10/05 09:26:02 Image size of job updated: 13384
	2  -  MemoryUsage of job (MB)
	1984  -  ResidentSetSize of job (KB)
...
005 (783502.000.000) 10/05 09:26:10 Job terminated.
	(1) Normal termination (return value 0)
		Usr 0 00:00:00, Sys 0 00:00:00  -  Run Remote Usage
		Usr 0 00:00:00, Sys 0 00:00:00  -  Run Local Usage
		Usr 0 00:00:00, Sys 0 00:00:00  -  Total Remote Usage
		Usr 0 00:00:00, Sys 0 00:00:00  -  Total Local Usage
	585650  -  Run Bytes Sent By Job
	62732  -  Run Bytes Received By Job
	585650  -  Total Bytes Sent By Job
	62732  -  Total Bytes Received By Job
	Partitionable Resources :    Usage  Request          
	   Cpus                 :                 1          
	   Disk (KB)            :      658      658          
	   Memory (MB)          :        2        2          
...
000 (783683.000.000) 10/05 10:00:19 Job submitted from host: <18.12.1.74:45913>
...
001 (783683.000.000) 10/05 10:00:52 Job executing on host: <18.12.8.127:41898>
...
006 (783683.000.000) 10/05 10:01:00 Image size of job updated: 1196
	1  -  MemoryUsage of job (MB)
	152  -  ResidentSetSize of job (KB)
...
006 (783683.000.000) 10/05 10:01:34 Image size of job updated: 26048
	1  -  MemoryUsage of job (MB)
	152  -  ResidentSetSize of job (KB)
...
005 (783683.000.000) 10/05 10:01:34 Job terminated.
	(1) Normal termination (return value 0)
		Usr 0 00:00:00, Sys 0 00:00:00  -  Run Remote Usage
		Usr 0 00:00:00, Sys 0 00:00:00  -  Run Local Usage
		Usr 0 00:00:00, Sys 0 00:00:00  -  Total Remote Usage
		Usr 0 00:00:00, Sys 0 00:00:00  -  Total Local Usage
	585508  -  Run Bytes Sent By Job
	62731  -  Run Bytes Received By Job
	585508  -  Total Bytes Sent By Job
	62731  -  Total Bytes Received By Job
	Partitionable Resources :    Usage  Request          
	   Cpus                 :                 1          
	   Disk (KB)            :      658      658          
	   Memory (MB)          :        1        1          
...
000 (783865.000.000) 10/05 12:25:04 Job submitted from host: <18.12.1.74:45913>
...
001 (783865.000.000) 10/05 12:25:15 Job executing on host: <18.12.9.27:40876>
...
006 (783865.000.000) 10/05 12:25:24 Image size of job updated: 9524
	2  -  MemoryUsage of job (MB)
	1316  -  ResidentSetSize of job (KB)
...
006 (783865.000.000) 10/05 12:26:05 Image size of job updated: 109524
	2  -  MemoryUsage of job (MB)
	1316  -  ResidentSetSize of job (KB)
...
005 (783865.000.000) 10/05 12:26:05 Job terminated.
	(1) Normal termination (return value 0)
		Usr 0 00:00:00, Sys 0 00:00:00  -  Run Remote Usage
		Usr 0 00:00:00, Sys 0 00:00:00  -  Run Local Usage
		Usr 0 00:00:00, Sys 0 00:00:00  -  Total Remote Usage
		Usr 0 00:00:00, Sys 0 00:00:00  -  Total Local Usage
	586032  -  Run Bytes Sent By Job
	62732  -  Run Bytes Received By Job
	586032  -  Total Bytes Sent By Job
	62732  -  Total Bytes Received By Job
	Partitionable Resources :    Usage  Request          
	   Cpus                 :                 1          
	   Disk (KB)            :      659      659          
	   Memory (MB)          :        2        2          
...
000 (784046.000.000) 10/05 12:28:38 Job submitted from host: <18.12.1.74:45913>
...
001 (784046.000.000) 10/05 12:28:49 Job executing on host: <18.12.8.13:48541>
...
006 (784046.000.000) 10/05 12:28:58 Image size of job updated: 28744
	2  -  MemoryUsage of job (MB)
	1616  -  ResidentSetSize of job (KB)
...
006 (784046.000.000) 10/05 12:30:28 Image size of job updated: 230144
	2  -  MemoryUsage of job (MB)
	1616  -  ResidentSetSize of job (KB)
...
005 (784046.000.000) 10/05 12:30:28 Job terminated.
	(1) Normal termination (return value 0)
		Usr 0 00:00:28, Sys 0 00:00:00  -  Run Remote Usage
		Usr 0 00:00:00, Sys 0 00:00:00  -  Run Local Usage
		Usr 0 00:00:28, Sys 0 00:00:00  -  Total Remote Usage
		Usr 0 00:00:00, Sys 0 00:00:00  -  Total Local Usage
	587047  -  Run Bytes Sent By Job
	62733  -  Run Bytes Received By Job
	587047  -  Total Bytes Sent By Job
	62733  -  Total Bytes Received By Job
	Partitionable Resources :    Usage  Request          
	   Cpus                 :                 1          
	   Disk (KB)            :      660      660          
	   Memory (MB)          :        2        2          
...
000 (786115.000.000) 10/05 14:34:39 Job submitted from host: <18.12.1.74:45913>
...
001 (786115.000.000) 10/05 14:35:16 Job executing on host: <18.12.8.81:48395>
...
006 (786115.000.000) 10/05 14:35:25 Image size of job updated: 187644
	75  -  MemoryUsage of job (MB)
	75960  -  ResidentSetSize of job (KB)
...
006 (786115.000.000) 10/05 14:36:07 Image size of job updated: 230140
	75  -  MemoryUsage of job (MB)
	75960  -  ResidentSetSize of job (KB)
...
005 (786115.000.000) 10/05 14:36:08 Job terminated.
	(1) Normal termination (return value 0)
		Usr 0 00:00:31, Sys 0 00:00:01  -  Run Remote Usage
		Usr 0 00:00:00, Sys 0 00:00:00  -  Run Local Usage
		Usr 0 00:00:31, Sys 0 00:00:01  -  Total Remote Usage
		Usr 0 00:00:00, Sys 0 00:00:00  -  Total Local Usage
	586322  -  Run Bytes Sent By Job
	62729  -  Run Bytes Received By Job
	586322  -  Total Bytes Sent By Job
	62729  -  Total Bytes Received By Job
	Partitionable Resources :    Usage  Request          
	   Cpus                 :                 1          
	   Disk (KB)            :      659      659          
	   Memory (MB)          :       75       75          
...
000 (787954.000.000) 10/08 16:09:40 Job submitted from host: <18.12.1.74:45913>
...
001 (787954.000.000) 10/08 16:23:53 Job executing on host: <18.12.6.87:41898>
...
006 (787954.000.000) 10/08 16:24:01 Image size of job updated: 229888
	93  -  MemoryUsage of job (MB)
	94404  -  ResidentSetSize of job (KB)
...
006 (787954.000.000) 10/08 16:24:51 Image size of job updated: 230152
	93  -  MemoryUsage of job (MB)
	94404  -  ResidentSetSize of job (KB)
...
005 (787954.000.000) 10/08 16:24:52 Job terminated.
	(1) Normal termination (return value 0)
		Usr 0 00:00:35, Sys 0 00:00:00  -  Run Remote Usage
		Usr 0 00:00:00, Sys 0 00:00:00  -  Run Local Usage
		Usr 0 00:00:35, Sys 0 00:00:00  -  Total Remote Usage
		Usr 0 00:00:00, Sys 0 00:00:00  -  Total Local Usage
	585332  -  Run Bytes Sent By Job
	62697  -  Run Bytes Received By Job
	585332  -  Total Bytes Sent By Job
	62697  -  Total Bytes Received By Job
	Partitionable Resources :    Usage  Request          
	   Cpus                 :                 1          
	   Disk (KB)            :      658      658          
	   Memory (MB)          :       93       93          
...
000 (788317.000.000) 10/09 10:00:27 Job submitted from host: <18.12.1.74:45913>
...
001 (788317.000.000) 10/09 10:01:06 Job executing on host: <18.12.8.1:41241>
...
006 (788317.000.000) 10/09 10:01:15 Image size of job updated: 144344
	28  -  MemoryUsage of job (MB)
	27820  -  ResidentSetSize of job (KB)
...
006 (788317.000.000) 10/09 10:02:27 Image size of job updated: 230124
	28  -  MemoryUsage of job (MB)
	27820  -  ResidentSetSize of job (KB)
...
005 (788317.000.000) 10/09 10:02:27 Job terminated.
	(1) Normal termination (return value 0)
		Usr 0 00:00:30, Sys 0 00:00:00  -  Run Remote Usage
		Usr 0 00:00:00, Sys 0 00:00:00  -  Run Local Usage
		Usr 0 00:00:30, Sys 0 00:00:00  -  Total Remote Usage
		Usr 0 00:00:00, Sys 0 00:00:00  -  Total Local Usage
	585075  -  Run Bytes Sent By Job
	62694  -  Run Bytes Received By Job
	585075  -  Total Bytes Sent By Job
	62694  -  Total Bytes Received By Job
	Partitionable Resources :    Usage  Request          
	   Cpus                 :                 1          
	   Disk (KB)            :      658      658          
	   Memory (MB)          :       28       28          
...
000 (788864.000.000) 10/12 11:22:06 Job submitted from host: <18.12.1.74:45913>
...
001 (788864.000.000) 10/12 11:26:18 Job executing on host: <18.12.6.87:41898>
...
006 (788864.000.000) 10/12 11:26:27 Image size of job updated: 2
	3  -  MemoryUsage of job (MB)
	2340  -  ResidentSetSize of job (KB)
...
006 (788864.000.000) 10/12 11:27:24 Image size of job updated: 230028
	3  -  MemoryUsage of job (MB)
	2340  -  ResidentSetSize of job (KB)
...
005 (788864.000.000) 10/12 11:27:24 Job terminated.
	(1) Normal termination (return value 0)
		Usr 0 00:00:36, Sys 0 00:00:01  -  Run Remote Usage
		Usr 0 00:00:00, Sys 0 00:00:00  -  Run Local Usage
		Usr 0 00:00:36, Sys 0 00:00:01  -  Total Remote Usage
		Usr 0 00:00:00, Sys 0 00:00:00  -  Total Local Usage
	585337  -  Run Bytes Sent By Job
	62702  -  Run Bytes Received By Job
	585337  -  Total Bytes Sent By Job
	62702  -  Total Bytes Received By Job
	Partitionable Resources :    Usage  Request          
	   Cpus                 :                 1          
	   Disk (KB)            :      658      658          
	   Memory (MB)          :        3        3          
...
