000 (556329.000.000) 08/12 14:10:45 Job submitted from host: <18.12.1.74:48322>
...
001 (556329.000.000) 08/12 14:21:24 Job executing on host: <18.12.8.149:40949>
...
006 (556329.000.000) 08/12 14:21:32 Image size of job updated: 60920
	3  -  MemoryUsage of job (MB)
	2504  -  ResidentSetSize of job (KB)
...
006 (556329.000.000) 08/12 14:26:33 Image size of job updated: 230112
	95  -  MemoryUsage of job (MB)
	96468  -  ResidentSetSize of job (KB)
...
005 (556329.000.000) 08/12 14:28:16 Job terminated.
	(1) Normal termination (return value 0)
		Usr 0 00:00:34, Sys 0 00:00:01  -  Run Remote Usage
		Usr 0 00:00:00, Sys 0 00:00:00  -  Run Local Usage
		Usr 0 00:00:34, Sys 0 00:00:01  -  Total Remote Usage
		Usr 0 00:00:00, Sys 0 00:00:00  -  Total Local Usage
	585876  -  Run Bytes Sent By Job
	62715  -  Run Bytes Received By Job
	585876  -  Total Bytes Sent By Job
	62715  -  Total Bytes Received By Job
	Partitionable Resources :    Usage  Request          
	   Cpus                 :                 1          
	   Disk (KB)            :      658      658          
	   Memory (MB)          :       95       95          
...
000 (557589.000.000) 08/13 11:57:21 Job submitted from host: <18.12.1.74:48322>
...
001 (557589.000.000) 08/13 12:11:00 Job executing on host: <18.12.9.40:47592>
...
006 (557589.000.000) 08/13 12:11:09 Image size of job updated: 69180
	14  -  MemoryUsage of job (MB)
	13316  -  ResidentSetSize of job (KB)
...
006 (557589.000.000) 08/13 12:15:14 Image size of job updated: 230080
	14  -  MemoryUsage of job (MB)
	13316  -  ResidentSetSize of job (KB)
...
005 (557589.000.000) 08/13 12:15:14 Job terminated.
	(1) Normal termination (return value 0)
		Usr 0 00:00:35, Sys 0 00:00:01  -  Run Remote Usage
		Usr 0 00:00:00, Sys 0 00:00:00  -  Run Local Usage
		Usr 0 00:00:35, Sys 0 00:00:01  -  Total Remote Usage
		Usr 0 00:00:00, Sys 0 00:00:00  -  Total Local Usage
	586182  -  Run Bytes Sent By Job
	62715  -  Run Bytes Received By Job
	586182  -  Total Bytes Sent By Job
	62715  -  Total Bytes Received By Job
	Partitionable Resources :    Usage  Request          
	   Cpus                 :                 1          
	   Disk (KB)            :      659      659          
	   Memory (MB)          :       14       14          
...
000 (558105.000.000) 08/13 14:31:04 Job submitted from host: <18.12.1.74:48322>
...
001 (558105.000.000) 08/13 14:42:54 Job executing on host: <18.12.9.80:43650>
...
006 (558105.000.000) 08/13 14:43:03 Image size of job updated: 229940
	93  -  MemoryUsage of job (MB)
	94564  -  ResidentSetSize of job (KB)
...
006 (558105.000.000) 08/13 14:45:40 Image size of job updated: 230072
	93  -  MemoryUsage of job (MB)
	94564  -  ResidentSetSize of job (KB)
...
005 (558105.000.000) 08/13 14:45:40 Job terminated.
	(1) Normal termination (return value 0)
		Usr 0 00:00:31, Sys 0 00:00:01  -  Run Remote Usage
		Usr 0 00:00:00, Sys 0 00:00:00  -  Run Local Usage
		Usr 0 00:00:31, Sys 0 00:00:01  -  Total Remote Usage
		Usr 0 00:00:00, Sys 0 00:00:00  -  Total Local Usage
	586120  -  Run Bytes Sent By Job
	62714  -  Run Bytes Received By Job
	586120  -  Total Bytes Sent By Job
	62714  -  Total Bytes Received By Job
	Partitionable Resources :    Usage  Request          
	   Cpus                 :                 1          
	   Disk (KB)            :      659      659          
	   Memory (MB)          :       93       93          
...
000 (565442.000.000) 08/20 12:36:49 Job submitted from host: <18.12.1.74:48322>
...
001 (565442.000.000) 08/20 12:44:29 Job executing on host: <18.12.8.154:41168>
...
006 (565442.000.000) 08/20 12:44:38 Image size of job updated: 69176
	14  -  MemoryUsage of job (MB)
	13320  -  ResidentSetSize of job (KB)
...
006 (565442.000.000) 08/20 12:47:25 Image size of job updated: 230076
	14  -  MemoryUsage of job (MB)
	13320  -  ResidentSetSize of job (KB)
...
022 (565442.000.000) 08/20 12:47:26 Job disconnected, attempting to reconnect
    Socket between submit and execute hosts closed unexpectedly
    Trying to reconnect to slot7@t2bat0154.cmsaf.mit.edu <18.12.8.154:41168>
...
023 (565442.000.000) 08/20 12:47:27 Job reconnected to slot7@t2bat0154.cmsaf.mit.edu
    startd address: <18.12.8.154:41168>
    starter address: <18.12.8.154:45695>
...
022 (565442.000.000) 08/20 12:47:33 Job disconnected, attempting to reconnect
    Socket between submit and execute hosts closed unexpectedly
    Trying to reconnect to slot7@t2bat0154.cmsaf.mit.edu <18.12.8.154:41168>
...
023 (565442.000.000) 08/20 12:47:34 Job reconnected to slot7@t2bat0154.cmsaf.mit.edu
    startd address: <18.12.8.154:41168>
    starter address: <18.12.8.154:45695>
...
005 (565442.000.000) 08/20 12:55:33 Job terminated.
	(1) Normal termination (return value 0)
		Usr 0 00:00:32, Sys 0 00:00:01  -  Run Remote Usage
		Usr 0 00:00:00, Sys 0 00:00:00  -  Run Local Usage
		Usr 0 00:00:32, Sys 0 00:00:01  -  Total Remote Usage
		Usr 0 00:00:00, Sys 0 00:00:00  -  Total Local Usage
	586119  -  Run Bytes Sent By Job
	62731  -  Run Bytes Received By Job
	586119  -  Total Bytes Sent By Job
	62731  -  Total Bytes Received By Job
	Partitionable Resources :    Usage  Request          
	   Cpus                 :                 1          
	   Disk (KB)            :      659      659          
	   Memory (MB)          :       14       14          
...
000 (782935.000.000) 10/02 11:02:48 Job submitted from host: <18.12.1.74:41314>
...
001 (782935.000.000) 10/02 11:11:43 Job executing on host: <18.12.8.72:48103>
...
006 (782935.000.000) 10/02 11:11:46 Image size of job updated: 2
	0  -  MemoryUsage of job (MB)
	0  -  ResidentSetSize of job (KB)
...
005 (782935.000.000) 10/02 11:15:43 Job terminated.
	(1) Normal termination (return value 0)
		Usr 0 00:00:00, Sys 0 00:00:00  -  Run Remote Usage
		Usr 0 00:00:00, Sys 0 00:00:00  -  Run Local Usage
		Usr 0 00:00:00, Sys 0 00:00:00  -  Total Remote Usage
		Usr 0 00:00:00, Sys 0 00:00:00  -  Total Local Usage
	585394  -  Run Bytes Sent By Job
	62733  -  Run Bytes Received By Job
	585394  -  Total Bytes Sent By Job
	62733  -  Total Bytes Received By Job
	Partitionable Resources :    Usage  Request          
	   Cpus                 :                 1          
	   Disk (KB)            :      658      658          
	   Memory (MB)          :        0        0          
...
000 (783116.000.000) 10/02 16:13:17 Job submitted from host: <18.12.1.74:45913>
...
001 (783116.000.000) 10/02 16:14:20 Job executing on host: <18.12.9.31:46862>
...
006 (783116.000.000) 10/02 16:14:24 Image size of job updated: 1196
	0  -  MemoryUsage of job (MB)
	0  -  ResidentSetSize of job (KB)
...
005 (783116.000.000) 10/02 16:14:24 Job terminated.
	(1) Normal termination (return value 0)
		Usr 0 00:00:00, Sys 0 00:00:00  -  Run Remote Usage
		Usr 0 00:00:00, Sys 0 00:00:00  -  Run Local Usage
		Usr 0 00:00:00, Sys 0 00:00:00  -  Total Remote Usage
		Usr 0 00:00:00, Sys 0 00:00:00  -  Total Local Usage
	585746  -  Run Bytes Sent By Job
	62733  -  Run Bytes Received By Job
	585746  -  Total Bytes Sent By Job
	62733  -  Total Bytes Received By Job
	Partitionable Resources :    Usage  Request          
	   Cpus                 :                 1          
	   Disk (KB)            :      658      658          
	   Memory (MB)          :        0        0          
...
000 (783297.000.000) 10/02 16:48:30 Job submitted from host: <18.12.1.74:45913>
...
001 (783297.000.000) 10/02 16:48:41 Job executing on host: <18.12.9.27:40876>
...
006 (783297.000.000) 10/02 16:48:50 Image size of job updated: 1196
	1  -  MemoryUsage of job (MB)
	156  -  ResidentSetSize of job (KB)
...
006 (783297.000.000) 10/02 16:49:03 Image size of job updated: 9244
	1  -  MemoryUsage of job (MB)
	156  -  ResidentSetSize of job (KB)
...
005 (783297.000.000) 10/02 16:49:04 Job terminated.
	(1) Normal termination (return value 0)
		Usr 0 00:00:00, Sys 0 00:00:00  -  Run Remote Usage
		Usr 0 00:00:00, Sys 0 00:00:00  -  Run Local Usage
		Usr 0 00:00:00, Sys 0 00:00:00  -  Total Remote Usage
		Usr 0 00:00:00, Sys 0 00:00:00  -  Total Local Usage
	586116  -  Run Bytes Sent By Job
	62733  -  Run Bytes Received By Job
	586116  -  Total Bytes Sent By Job
	62733  -  Total Bytes Received By Job
	Partitionable Resources :    Usage  Request          
	   Cpus                 :                 1          
	   Disk (KB)            :      659      659          
	   Memory (MB)          :        1        1          
...
000 (783480.000.000) 10/05 09:25:30 Job submitted from host: <18.12.1.74:45913>
...
001 (783480.000.000) 10/05 09:25:46 Job executing on host: <18.12.6.93:44745>
...
006 (783480.000.000) 10/05 09:25:54 Image size of job updated: 13384
	2  -  MemoryUsage of job (MB)
	1988  -  ResidentSetSize of job (KB)
...
005 (783480.000.000) 10/05 09:26:04 Job terminated.
	(1) Normal termination (return value 0)
		Usr 0 00:00:00, Sys 0 00:00:00  -  Run Remote Usage
		Usr 0 00:00:00, Sys 0 00:00:00  -  Run Local Usage
		Usr 0 00:00:00, Sys 0 00:00:00  -  Total Remote Usage
		Usr 0 00:00:00, Sys 0 00:00:00  -  Total Local Usage
	585650  -  Run Bytes Sent By Job
	62732  -  Run Bytes Received By Job
	585650  -  Total Bytes Sent By Job
	62732  -  Total Bytes Received By Job
	Partitionable Resources :    Usage  Request          
	   Cpus                 :                 1          
	   Disk (KB)            :      658      658          
	   Memory (MB)          :        2        2          
...
000 (783661.000.000) 10/05 10:00:17 Job submitted from host: <18.12.1.74:45913>
...
001 (783661.000.000) 10/05 10:01:05 Job executing on host: <18.12.9.79:40219>
...
006 (783661.000.000) 10/05 10:01:13 Image size of job updated: 2
	3  -  MemoryUsage of job (MB)
	2344  -  ResidentSetSize of job (KB)
...
006 (783661.000.000) 10/05 10:01:38 Image size of job updated: 13384
	3  -  MemoryUsage of job (MB)
	2344  -  ResidentSetSize of job (KB)
...
005 (783661.000.000) 10/05 10:01:39 Job terminated.
	(1) Normal termination (return value 0)
		Usr 0 00:00:00, Sys 0 00:00:00  -  Run Remote Usage
		Usr 0 00:00:00, Sys 0 00:00:00  -  Run Local Usage
		Usr 0 00:00:00, Sys 0 00:00:00  -  Total Remote Usage
		Usr 0 00:00:00, Sys 0 00:00:00  -  Total Local Usage
	585752  -  Run Bytes Sent By Job
	62731  -  Run Bytes Received By Job
	585752  -  Total Bytes Sent By Job
	62731  -  Total Bytes Received By Job
	Partitionable Resources :    Usage  Request          
	   Cpus                 :                 1          
	   Disk (KB)            :      658      658          
	   Memory (MB)          :        3        3          
...
000 (783843.000.000) 10/05 12:25:02 Job submitted from host: <18.12.1.74:45913>
...
001 (783843.000.000) 10/05 12:25:11 Job executing on host: <18.12.9.37:40511>
...
006 (783843.000.000) 10/05 12:25:16 Image size of job updated: 75604
	0  -  MemoryUsage of job (MB)
	0  -  ResidentSetSize of job (KB)
...
005 (783843.000.000) 10/05 12:25:17 Job terminated.
	(1) Normal termination (return value 0)
		Usr 0 00:00:00, Sys 0 00:00:00  -  Run Remote Usage
		Usr 0 00:00:00, Sys 0 00:00:00  -  Run Local Usage
		Usr 0 00:00:00, Sys 0 00:00:00  -  Total Remote Usage
		Usr 0 00:00:00, Sys 0 00:00:00  -  Total Local Usage
	586032  -  Run Bytes Sent By Job
	62732  -  Run Bytes Received By Job
	586032  -  Total Bytes Sent By Job
	62732  -  Total Bytes Received By Job
	Partitionable Resources :    Usage  Request          
	   Cpus                 :                 1          
	   Disk (KB)            :      659      659          
	   Memory (MB)          :        0        0          
...
000 (784024.000.000) 10/05 12:28:36 Job submitted from host: <18.12.1.74:45913>
...
001 (784024.000.000) 10/05 12:28:54 Job executing on host: <18.12.9.56:45329>
...
006 (784024.000.000) 10/05 12:29:07 Image size of job updated: 229936
	93  -  MemoryUsage of job (MB)
	94628  -  ResidentSetSize of job (KB)
...
006 (784024.000.000) 10/05 12:29:41 Image size of job updated: 230068
	93  -  MemoryUsage of job (MB)
	94628  -  ResidentSetSize of job (KB)
...
005 (784024.000.000) 10/05 12:29:41 Job terminated.
	(1) Normal termination (return value 0)
		Usr 0 00:00:21, Sys 0 00:00:00  -  Run Remote Usage
		Usr 0 00:00:00, Sys 0 00:00:00  -  Run Local Usage
		Usr 0 00:00:21, Sys 0 00:00:00  -  Total Remote Usage
		Usr 0 00:00:00, Sys 0 00:00:00  -  Total Local Usage
	586820  -  Run Bytes Sent By Job
	62733  -  Run Bytes Received By Job
	586820  -  Total Bytes Sent By Job
	62733  -  Total Bytes Received By Job
	Partitionable Resources :    Usage  Request          
	   Cpus                 :                 1          
	   Disk (KB)            :      659      659          
	   Memory (MB)          :       93       93          
...
000 (786093.000.000) 10/05 14:34:36 Job submitted from host: <18.12.1.74:45913>
...
001 (786093.000.000) 10/05 14:35:22 Job executing on host: <18.12.8.80:47008>
...
006 (786093.000.000) 10/05 14:35:30 Image size of job updated: 229944
	93  -  MemoryUsage of job (MB)
	94572  -  ResidentSetSize of job (KB)
...
006 (786093.000.000) 10/05 14:36:18 Image size of job updated: 230080
	93  -  MemoryUsage of job (MB)
	94572  -  ResidentSetSize of job (KB)
...
005 (786093.000.000) 10/05 14:36:19 Job terminated.
	(1) Normal termination (return value 0)
		Usr 0 00:00:32, Sys 0 00:00:01  -  Run Remote Usage
		Usr 0 00:00:00, Sys 0 00:00:00  -  Run Local Usage
		Usr 0 00:00:32, Sys 0 00:00:01  -  Total Remote Usage
		Usr 0 00:00:00, Sys 0 00:00:00  -  Total Local Usage
	586323  -  Run Bytes Sent By Job
	62729  -  Run Bytes Received By Job
	586323  -  Total Bytes Sent By Job
	62729  -  Total Bytes Received By Job
	Partitionable Resources :    Usage  Request          
	   Cpus                 :                 1          
	   Disk (KB)            :      659      659          
	   Memory (MB)          :       93       93          
...
000 (787932.000.000) 10/08 16:09:30 Job submitted from host: <18.12.1.74:45913>
...
001 (787932.000.000) 10/08 16:10:19 Job executing on host: <18.12.9.26:44234>
...
006 (787932.000.000) 10/08 16:10:28 Image size of job updated: 9772
	2  -  MemoryUsage of job (MB)
	1420  -  ResidentSetSize of job (KB)
...
006 (787932.000.000) 10/08 16:13:17 Image size of job updated: 230064
	2  -  MemoryUsage of job (MB)
	1420  -  ResidentSetSize of job (KB)
...
005 (787932.000.000) 10/08 16:13:17 Job terminated.
	(1) Normal termination (return value 0)
		Usr 0 00:00:32, Sys 0 00:00:00  -  Run Remote Usage
		Usr 0 00:00:00, Sys 0 00:00:00  -  Run Local Usage
		Usr 0 00:00:32, Sys 0 00:00:00  -  Total Remote Usage
		Usr 0 00:00:00, Sys 0 00:00:00  -  Total Local Usage
	585408  -  Run Bytes Sent By Job
	62697  -  Run Bytes Received By Job
	585408  -  Total Bytes Sent By Job
	62697  -  Total Bytes Received By Job
	Partitionable Resources :    Usage  Request          
	   Cpus                 :                 1          
	   Disk (KB)            :      658      658          
	   Memory (MB)          :        2        2          
...
000 (788295.000.000) 10/09 10:00:25 Job submitted from host: <18.12.1.74:45913>
...
001 (788295.000.000) 10/09 10:03:06 Job executing on host: <18.12.8.253:47957>
...
006 (788295.000.000) 10/09 10:03:15 Image size of job updated: 144208
	28  -  MemoryUsage of job (MB)
	27900  -  ResidentSetSize of job (KB)
...
006 (788295.000.000) 10/09 10:05:12 Image size of job updated: 230064
	28  -  MemoryUsage of job (MB)
	27900  -  ResidentSetSize of job (KB)
...
005 (788295.000.000) 10/09 10:05:12 Job terminated.
	(1) Normal termination (return value 0)
		Usr 0 00:00:38, Sys 0 00:00:00  -  Run Remote Usage
		Usr 0 00:00:00, Sys 0 00:00:00  -  Run Local Usage
		Usr 0 00:00:38, Sys 0 00:00:00  -  Total Remote Usage
		Usr 0 00:00:00, Sys 0 00:00:00  -  Total Local Usage
	585075  -  Run Bytes Sent By Job
	62694  -  Run Bytes Received By Job
	585075  -  Total Bytes Sent By Job
	62694  -  Total Bytes Received By Job
	Partitionable Resources :    Usage  Request          
	   Cpus                 :                 1          
	   Disk (KB)            :      658      658          
	   Memory (MB)          :       28       28          
...
000 (788842.000.000) 10/12 11:22:04 Job submitted from host: <18.12.1.74:45913>
...
001 (788842.000.000) 10/12 11:28:51 Job executing on host: <18.12.8.203:48395>
...
006 (788842.000.000) 10/12 11:29:00 Image size of job updated: 2
	3  -  MemoryUsage of job (MB)
	2364  -  ResidentSetSize of job (KB)
...
006 (788842.000.000) 10/12 11:29:55 Image size of job updated: 230060
	3  -  MemoryUsage of job (MB)
	2364  -  ResidentSetSize of job (KB)
...
005 (788842.000.000) 10/12 11:29:55 Job terminated.
	(1) Normal termination (return value 0)
		Usr 0 00:00:34, Sys 0 00:00:01  -  Run Remote Usage
		Usr 0 00:00:00, Sys 0 00:00:00  -  Run Local Usage
		Usr 0 00:00:34, Sys 0 00:00:01  -  Total Remote Usage
		Usr 0 00:00:00, Sys 0 00:00:00  -  Total Local Usage
	585229  -  Run Bytes Sent By Job
	62702  -  Run Bytes Received By Job
	585229  -  Total Bytes Sent By Job
	62702  -  Total Bytes Received By Job
	Partitionable Resources :    Usage  Request          
	   Cpus                 :                 1          
	   Disk (KB)            :      658      658          
	   Memory (MB)          :        3        3          
...
