
----------------------------------------------------
Job started on Mon Oct 12 11:42:50 EDT 2015 at WN: t2bat0329.cmsaf.mit.edu 
Job is running on Linux t2bat0329.cmsaf.mit.edu 2.6.32-358.el6.x86_64 #1 SMP Fri Feb 22 20:37:17 CST 2013 x86_64 x86_64 x86_64 GNU/Linux
Filesystem            Size  Used Avail Use% Mounted on
/dev/sda3              20G  2.4G   17G  13% /
tmpfs                  32G     0   32G   0% /dev/shm
/dev/sda1              97M   32M   61M  35% /boot
/dev/sda4             416G   29G  387G   7% /export/data1
fuse_dfs              5.0P  4.0P  1.1P  80% /mnt/hadoop
/dev/sdb1             3.6T  2.9T  744G  80% /export/00b
/dev/sdc1             3.6T  2.9T  742G  80% /export/00c
/dev/sdd1             3.6T  2.9T  755G  80% /export/00d
/dev/sde1             3.6T  2.9T  776G  79% /export/00e
/dev/sdf1             3.6T  2.9T  754G  80% /export/00f
/dev/sdg1             3.6T  2.9T  721G  81% /export/00g
t2srv0004:/export/db  135G  187M  135G   1% /net/t2srv0004/db
cvmfs2                 98G   24G   75G  25% /cvmfs/cms.cern.ch
cvmfs2                 98G   24G   75G  25% /cvmfs/oasis.opensciencegrid.org
cvmfs2                 98G   24G   75G  25% /cvmfs/cdfcfs.fnal.gov
cvmfs2                 98G   24G   75G  25% /cvmfs/cvmfs.cmsaf.mit.edu
gcc (GCC) 4.4.7 20120313 (Red Hat 4.4.7-3)
Copyright (C) 2010 Free Software Foundation, Inc.
This is free software; see the source for copying conditions.  There is NO
warranty; not even for MERCHANTABILITY or FITNESS FOR A PARTICULAR PURPOSE.

Processing...
0/184319
10000/184319
20000/184319
30000/184319
40000/184319
50000/184319
60000/184319
70000/184319
80000/184319
90000/184319
100000/184319
110000/184319
120000/184319
130000/184319
140000/184319
150000/184319
160000/184319
170000/184319
180000/184319
Macro finished: 
CPU time (min)  = 1.646
Real time (min) = 2.12872
total 1.7M
-rw-r--r--  1 obaron obaron  108K Oct 12 11:01 jetRAA_PbPb_data_forest.txt
-rw-r--r--  1 obaron obaron   94K Oct 12 11:01 jetRAA_PbPb_data_akPu4_select.txt
-rw-r--r--  1 obaron obaron   94K Oct 12 11:01 jetRAA_PbPb_data_akPu3_select.txt
-rw-r--r--  1 obaron obaron   94K Oct 12 11:01 jetRAA_PbPb_data_akPu2_select.txt
-rw-r--r--  1 obaron obaron   70K Oct 12 11:21 RAA_read_data_pbpb.C
-rw-r--r--  1 obaron obaron   11K Oct 12 11:21 RAA_read_data_pbpb_C.d
-rwxr-xr-x  1 obaron obaron  101K Oct 12 11:21 RAA_read_data_pbpb_C.so
-rw-rw-r--  1 obaron obaron   61K Oct 12 11:42 jetRAA_run_PbPb_Data.tar
-rwxr-xr-x  1 obaron obaron  1.2K Oct 12 11:42 condor_exec.exe
-rw-r--r--  1 condor condor   20K Oct 12 11:42 .job.ad
drwxr-xr-x 35 condor root    4.0K Oct 12 11:42 ..
-rw-r--r--  1 condor condor  5.5K Oct 12 11:42 .machine.ad
-rwx------  1 obaron obaron    49 Oct 12 11:42 .chirp.config
-rw-r--r--  1 obaron obaron     0 Oct 12 11:42 _condor_stderr
drwx------  2 obaron obaron  4.0K Oct 12 11:42 .
-rw-r--r--  1 obaron obaron  1.8K Oct 12 11:45 _condor_stdout
-rw-r--r--  1 obaron obaron 1006K Oct 12 11:45 PbPb_Data_histograms_FromForest_pileupCutFIX_ZDCmCut_30GeVcut_akPu4_20_eta_20_790.root
Done!
Copied output files to hadoop rootfiles/JetRAA/June29
