000 (556416.000.000) 08/12 14:10:55 Job submitted from host: <18.12.1.74:48322>
...
001 (556416.000.000) 08/12 14:40:56 Job executing on host: <18.12.9.80:43650>
...
006 (556416.000.000) 08/12 14:41:04 Image size of job updated: 226564
	91  -  MemoryUsage of job (MB)
	93064  -  ResidentSetSize of job (KB)
...
006 (556416.000.000) 08/12 14:46:04 Image size of job updated: 230080
	94  -  MemoryUsage of job (MB)
	96064  -  ResidentSetSize of job (KB)
...
005 (556416.000.000) 08/12 14:49:00 Job terminated.
	(1) Normal termination (return value 0)
		Usr 0 00:00:45, Sys 0 00:00:02  -  Run Remote Usage
		Usr 0 00:00:00, Sys 0 00:00:00  -  Run Local Usage
		Usr 0 00:00:45, Sys 0 00:00:02  -  Total Remote Usage
		Usr 0 00:00:00, Sys 0 00:00:00  -  Total Local Usage
	586144  -  Run Bytes Sent By Job
	62715  -  Run Bytes Received By Job
	586144  -  Total Bytes Sent By Job
	62715  -  Total Bytes Received By Job
	Partitionable Resources :    Usage  Request          
	   Cpus                 :                 1          
	   Disk (KB)            :      659      659          
	   Memory (MB)          :       94       94          
...
000 (557676.000.000) 08/13 11:57:30 Job submitted from host: <18.12.1.74:48322>
...
001 (557676.000.000) 08/13 12:35:36 Job executing on host: <18.12.9.41:47519>
...
006 (557676.000.000) 08/13 12:35:44 Image size of job updated: 2
	3  -  MemoryUsage of job (MB)
	2352  -  ResidentSetSize of job (KB)
...
006 (557676.000.000) 08/13 12:39:51 Image size of job updated: 230084
	3  -  MemoryUsage of job (MB)
	2352  -  ResidentSetSize of job (KB)
...
005 (557676.000.000) 08/13 12:39:51 Job terminated.
	(1) Normal termination (return value 0)
		Usr 0 00:00:43, Sys 0 00:00:01  -  Run Remote Usage
		Usr 0 00:00:00, Sys 0 00:00:00  -  Run Local Usage
		Usr 0 00:00:43, Sys 0 00:00:01  -  Total Remote Usage
		Usr 0 00:00:00, Sys 0 00:00:00  -  Total Local Usage
	586424  -  Run Bytes Sent By Job
	62715  -  Run Bytes Received By Job
	586424  -  Total Bytes Sent By Job
	62715  -  Total Bytes Received By Job
	Partitionable Resources :    Usage  Request          
	   Cpus                 :                 1          
	   Disk (KB)            :      659      659          
	   Memory (MB)          :        3        3          
...
000 (558192.000.000) 08/13 14:31:13 Job submitted from host: <18.12.1.74:48322>
...
001 (558192.000.000) 08/13 15:03:39 Job executing on host: <18.12.9.56:42482>
...
006 (558192.000.000) 08/13 15:03:48 Image size of job updated: 2
	3  -  MemoryUsage of job (MB)
	2352  -  ResidentSetSize of job (KB)
...
006 (558192.000.000) 08/13 15:05:29 Image size of job updated: 230076
	3  -  MemoryUsage of job (MB)
	2352  -  ResidentSetSize of job (KB)
...
005 (558192.000.000) 08/13 15:05:29 Job terminated.
	(1) Normal termination (return value 0)
		Usr 0 00:00:41, Sys 0 00:00:01  -  Run Remote Usage
		Usr 0 00:00:00, Sys 0 00:00:00  -  Run Local Usage
		Usr 0 00:00:41, Sys 0 00:00:01  -  Total Remote Usage
		Usr 0 00:00:00, Sys 0 00:00:00  -  Total Local Usage
	585929  -  Run Bytes Sent By Job
	62714  -  Run Bytes Received By Job
	585929  -  Total Bytes Sent By Job
	62714  -  Total Bytes Received By Job
	Partitionable Resources :    Usage  Request          
	   Cpus                 :                 1          
	   Disk (KB)            :      659      659          
	   Memory (MB)          :        3        3          
...
000 (565529.000.000) 08/20 12:54:56 Job submitted from host: <18.12.1.74:48322>
...
001 (565529.000.000) 08/20 12:55:14 Job executing on host: <18.12.8.238:45183>
...
006 (565529.000.000) 08/20 12:55:24 Image size of job updated: 93584
	3  -  MemoryUsage of job (MB)
	2428  -  ResidentSetSize of job (KB)
...
006 (565529.000.000) 08/20 12:56:48 Image size of job updated: 230084
	3  -  MemoryUsage of job (MB)
	2428  -  ResidentSetSize of job (KB)
...
005 (565529.000.000) 08/20 13:04:48 Job terminated.
	(1) Normal termination (return value 0)
		Usr 0 00:00:49, Sys 0 00:00:00  -  Run Remote Usage
		Usr 0 00:00:00, Sys 0 00:00:00  -  Run Local Usage
		Usr 0 00:00:49, Sys 0 00:00:00  -  Total Remote Usage
		Usr 0 00:00:00, Sys 0 00:00:00  -  Total Local Usage
	585996  -  Run Bytes Sent By Job
	62731  -  Run Bytes Received By Job
	585996  -  Total Bytes Sent By Job
	62731  -  Total Bytes Received By Job
	Partitionable Resources :    Usage  Request          
	   Cpus                 :                 1          
	   Disk (KB)            :      659      659          
	   Memory (MB)          :        3        3          
...
000 (783022.000.000) 10/02 11:06:15 Job submitted from host: <18.12.1.74:41314>
...
001 (783022.000.000) 10/02 11:08:46 Job executing on host: <18.12.6.45:48541>
...
006 (783022.000.000) 10/02 11:08:51 Image size of job updated: 2
	0  -  MemoryUsage of job (MB)
	0  -  ResidentSetSize of job (KB)
...
005 (783022.000.000) 10/02 11:13:56 Job terminated.
	(1) Normal termination (return value 0)
		Usr 0 00:00:00, Sys 0 00:00:00  -  Run Remote Usage
		Usr 0 00:00:00, Sys 0 00:00:00  -  Run Local Usage
		Usr 0 00:00:00, Sys 0 00:00:00  -  Total Remote Usage
		Usr 0 00:00:00, Sys 0 00:00:00  -  Total Local Usage
	585410  -  Run Bytes Sent By Job
	62733  -  Run Bytes Received By Job
	585410  -  Total Bytes Sent By Job
	62733  -  Total Bytes Received By Job
	Partitionable Resources :    Usage  Request          
	   Cpus                 :                 1          
	   Disk (KB)            :      658      658          
	   Memory (MB)          :        0        0          
...
000 (783203.000.000) 10/02 16:13:26 Job submitted from host: <18.12.1.74:45913>
...
001 (783203.000.000) 10/02 16:13:58 Job executing on host: <18.12.9.78:43066>
...
006 (783203.000.000) 10/02 16:13:58 Image size of job updated: 2
	0  -  MemoryUsage of job (MB)
	0  -  ResidentSetSize of job (KB)
...
005 (783203.000.000) 10/02 16:13:58 Job terminated.
	(1) Normal termination (return value 0)
		Usr 0 00:00:00, Sys 0 00:00:00  -  Run Remote Usage
		Usr 0 00:00:00, Sys 0 00:00:00  -  Run Local Usage
		Usr 0 00:00:00, Sys 0 00:00:00  -  Total Remote Usage
		Usr 0 00:00:00, Sys 0 00:00:00  -  Total Local Usage
	585395  -  Run Bytes Sent By Job
	62733  -  Run Bytes Received By Job
	585395  -  Total Bytes Sent By Job
	62733  -  Total Bytes Received By Job
	Partitionable Resources :    Usage  Request          
	   Cpus                 :                 1          
	   Disk (KB)            :      658      658          
	   Memory (MB)          :        0        0          
...
000 (783384.000.000) 10/02 16:48:42 Job submitted from host: <18.12.1.74:45913>
...
001 (783384.000.000) 10/02 16:48:52 Job executing on host: <18.12.9.74:45110>
...
006 (783384.000.000) 10/02 16:48:52 Image size of job updated: 2
	0  -  MemoryUsage of job (MB)
	0  -  ResidentSetSize of job (KB)
...
005 (783384.000.000) 10/02 16:48:53 Job terminated.
	(1) Normal termination (return value 0)
		Usr 0 00:00:00, Sys 0 00:00:00  -  Run Remote Usage
		Usr 0 00:00:00, Sys 0 00:00:00  -  Run Local Usage
		Usr 0 00:00:00, Sys 0 00:00:00  -  Total Remote Usage
		Usr 0 00:00:00, Sys 0 00:00:00  -  Total Local Usage
	585830  -  Run Bytes Sent By Job
	62733  -  Run Bytes Received By Job
	585830  -  Total Bytes Sent By Job
	62733  -  Total Bytes Received By Job
	Partitionable Resources :    Usage  Request          
	   Cpus                 :                 1          
	   Disk (KB)            :      659      659          
	   Memory (MB)          :        0        0          
...
000 (783567.000.000) 10/05 09:25:48 Job submitted from host: <18.12.1.74:45913>
...
001 (783567.000.000) 10/05 09:26:08 Job executing on host: <18.12.8.108:40876>
...
006 (783567.000.000) 10/05 09:26:12 Image size of job updated: 2
	0  -  MemoryUsage of job (MB)
	0  -  ResidentSetSize of job (KB)
...
005 (783567.000.000) 10/05 09:26:13 Job terminated.
	(1) Normal termination (return value 0)
		Usr 0 00:00:00, Sys 0 00:00:00  -  Run Remote Usage
		Usr 0 00:00:00, Sys 0 00:00:00  -  Run Local Usage
		Usr 0 00:00:00, Sys 0 00:00:00  -  Total Remote Usage
		Usr 0 00:00:00, Sys 0 00:00:00  -  Total Local Usage
	585442  -  Run Bytes Sent By Job
	62732  -  Run Bytes Received By Job
	585442  -  Total Bytes Sent By Job
	62732  -  Total Bytes Received By Job
	Partitionable Resources :    Usage  Request          
	   Cpus                 :                 1          
	   Disk (KB)            :      658      658          
	   Memory (MB)          :        0        0          
...
000 (783748.000.000) 10/05 10:00:25 Job submitted from host: <18.12.1.74:45913>
...
001 (783748.000.000) 10/05 10:01:01 Job executing on host: <18.12.8.240:47081>
...
006 (783748.000.000) 10/05 10:01:10 Image size of job updated: 2
	3  -  MemoryUsage of job (MB)
	2344  -  ResidentSetSize of job (KB)
...
006 (783748.000.000) 10/05 10:01:36 Image size of job updated: 13384
	3  -  MemoryUsage of job (MB)
	2344  -  ResidentSetSize of job (KB)
...
005 (783748.000.000) 10/05 10:01:38 Job terminated.
	(1) Normal termination (return value 0)
		Usr 0 00:00:00, Sys 0 00:00:00  -  Run Remote Usage
		Usr 0 00:00:00, Sys 0 00:00:00  -  Run Local Usage
		Usr 0 00:00:00, Sys 0 00:00:00  -  Total Remote Usage
		Usr 0 00:00:00, Sys 0 00:00:00  -  Total Local Usage
	585552  -  Run Bytes Sent By Job
	62731  -  Run Bytes Received By Job
	585552  -  Total Bytes Sent By Job
	62731  -  Total Bytes Received By Job
	Partitionable Resources :    Usage  Request          
	   Cpus                 :                 1          
	   Disk (KB)            :      658      658          
	   Memory (MB)          :        3        3          
...
000 (783930.000.000) 10/05 12:25:13 Job submitted from host: <18.12.1.74:45913>
...
001 (783930.000.000) 10/05 12:25:26 Job executing on host: <18.12.6.40:43942>
...
006 (783930.000.000) 10/05 12:25:26 Image size of job updated: 2
	0  -  MemoryUsage of job (MB)
	0  -  ResidentSetSize of job (KB)
...
005 (783930.000.000) 10/05 12:25:29 Job terminated.
	(1) Normal termination (return value 0)
		Usr 0 00:00:00, Sys 0 00:00:00  -  Run Remote Usage
		Usr 0 00:00:00, Sys 0 00:00:00  -  Run Local Usage
		Usr 0 00:00:00, Sys 0 00:00:00  -  Total Remote Usage
		Usr 0 00:00:00, Sys 0 00:00:00  -  Total Local Usage
	585536  -  Run Bytes Sent By Job
	62732  -  Run Bytes Received By Job
	585536  -  Total Bytes Sent By Job
	62732  -  Total Bytes Received By Job
	Partitionable Resources :    Usage  Request          
	   Cpus                 :                 1          
	   Disk (KB)            :      658      658          
	   Memory (MB)          :        0        0          
...
000 (784111.000.000) 10/05 12:28:48 Job submitted from host: <18.12.1.74:45913>
...
001 (784111.000.000) 10/05 12:29:22 Job executing on host: <18.12.8.4:41387>
...
006 (784111.000.000) 10/05 12:29:31 Image size of job updated: 1196
	1  -  MemoryUsage of job (MB)
	152  -  ResidentSetSize of job (KB)
...
006 (784111.000.000) 10/05 12:30:23 Image size of job updated: 230076
	1  -  MemoryUsage of job (MB)
	152  -  ResidentSetSize of job (KB)
...
005 (784111.000.000) 10/05 12:30:23 Job terminated.
	(1) Normal termination (return value 0)
		Usr 0 00:00:28, Sys 0 00:00:00  -  Run Remote Usage
		Usr 0 00:00:00, Sys 0 00:00:00  -  Run Local Usage
		Usr 0 00:00:28, Sys 0 00:00:00  -  Total Remote Usage
		Usr 0 00:00:00, Sys 0 00:00:00  -  Total Local Usage
	586497  -  Run Bytes Sent By Job
	62733  -  Run Bytes Received By Job
	586497  -  Total Bytes Sent By Job
	62733  -  Total Bytes Received By Job
	Partitionable Resources :    Usage  Request          
	   Cpus                 :                 1          
	   Disk (KB)            :      659      659          
	   Memory (MB)          :        1        1          
...
000 (786180.000.000) 10/05 14:34:45 Job submitted from host: <18.12.1.74:45913>
...
001 (786180.000.000) 10/05 14:35:55 Job executing on host: <18.12.8.39:40730>
...
006 (786180.000.000) 10/05 14:36:03 Image size of job updated: 1196
	1  -  MemoryUsage of job (MB)
	156  -  ResidentSetSize of job (KB)
...
006 (786180.000.000) 10/05 14:37:35 Image size of job updated: 230080
	1  -  MemoryUsage of job (MB)
	156  -  ResidentSetSize of job (KB)
...
005 (786180.000.000) 10/05 14:37:35 Job terminated.
	(1) Normal termination (return value 0)
		Usr 0 00:00:52, Sys 0 00:00:02  -  Run Remote Usage
		Usr 0 00:00:00, Sys 0 00:00:00  -  Run Local Usage
		Usr 0 00:00:52, Sys 0 00:00:02  -  Total Remote Usage
		Usr 0 00:00:00, Sys 0 00:00:00  -  Total Local Usage
	586126  -  Run Bytes Sent By Job
	62729  -  Run Bytes Received By Job
	586126  -  Total Bytes Sent By Job
	62729  -  Total Bytes Received By Job
	Partitionable Resources :    Usage  Request          
	   Cpus                 :                 1          
	   Disk (KB)            :      659      659          
	   Memory (MB)          :        1        1          
...
000 (788019.000.000) 10/08 16:10:10 Job submitted from host: <18.12.1.74:45913>
...
001 (788019.000.000) 10/08 16:28:52 Job executing on host: <18.12.8.202:46935>
...
006 (788019.000.000) 10/08 16:29:01 Image size of job updated: 70632
	15  -  MemoryUsage of job (MB)
	14944  -  ResidentSetSize of job (KB)
...
006 (788019.000.000) 10/08 16:30:06 Image size of job updated: 230068
	15  -  MemoryUsage of job (MB)
	14944  -  ResidentSetSize of job (KB)
...
005 (788019.000.000) 10/08 16:30:06 Job terminated.
	(1) Normal termination (return value 0)
		Usr 0 00:00:40, Sys 0 00:00:00  -  Run Remote Usage
		Usr 0 00:00:00, Sys 0 00:00:00  -  Run Local Usage
		Usr 0 00:00:40, Sys 0 00:00:00  -  Total Remote Usage
		Usr 0 00:00:00, Sys 0 00:00:00  -  Total Local Usage
	585240  -  Run Bytes Sent By Job
	62697  -  Run Bytes Received By Job
	585240  -  Total Bytes Sent By Job
	62697  -  Total Bytes Received By Job
	Partitionable Resources :    Usage  Request          
	   Cpus                 :                 1          
	   Disk (KB)            :      658      658          
	   Memory (MB)          :       15       15          
...
000 (788382.000.000) 10/09 10:00:34 Job submitted from host: <18.12.1.74:45913>
...
001 (788382.000.000) 10/09 10:09:17 Job executing on host: <18.12.9.76:43139>
...
006 (788382.000.000) 10/09 10:09:26 Image size of job updated: 2
	3  -  MemoryUsage of job (MB)
	2368  -  ResidentSetSize of job (KB)
...
006 (788382.000.000) 10/09 10:10:36 Image size of job updated: 230064
	3  -  MemoryUsage of job (MB)
	2368  -  ResidentSetSize of job (KB)
...
005 (788382.000.000) 10/09 10:10:36 Job terminated.
	(1) Normal termination (return value 0)
		Usr 0 00:00:40, Sys 0 00:00:01  -  Run Remote Usage
		Usr 0 00:00:00, Sys 0 00:00:00  -  Run Local Usage
		Usr 0 00:00:40, Sys 0 00:00:01  -  Total Remote Usage
		Usr 0 00:00:00, Sys 0 00:00:00  -  Total Local Usage
	585154  -  Run Bytes Sent By Job
	62694  -  Run Bytes Received By Job
	585154  -  Total Bytes Sent By Job
	62694  -  Total Bytes Received By Job
	Partitionable Resources :    Usage  Request          
	   Cpus                 :                 1          
	   Disk (KB)            :      658      658          
	   Memory (MB)          :        3        3          
...
000 (788929.000.000) 10/12 11:22:13 Job submitted from host: <18.12.1.74:45913>
...
001 (788929.000.000) 10/12 11:35:24 Job executing on host: <18.12.8.202:46935>
...
006 (788929.000.000) 10/12 11:35:33 Image size of job updated: 230064
	94  -  MemoryUsage of job (MB)
	96096  -  ResidentSetSize of job (KB)
...
005 (788929.000.000) 10/12 11:36:45 Job terminated.
	(1) Normal termination (return value 0)
		Usr 0 00:00:40, Sys 0 00:00:00  -  Run Remote Usage
		Usr 0 00:00:00, Sys 0 00:00:00  -  Run Local Usage
		Usr 0 00:00:40, Sys 0 00:00:00  -  Total Remote Usage
		Usr 0 00:00:00, Sys 0 00:00:00  -  Total Local Usage
	585252  -  Run Bytes Sent By Job
	62702  -  Run Bytes Received By Job
	585252  -  Total Bytes Sent By Job
	62702  -  Total Bytes Received By Job
	Partitionable Resources :    Usage  Request          
	   Cpus                 :                 1          
	   Disk (KB)            :      658      658          
	   Memory (MB)          :       94       94          
...
