000 (556133.000.000) 08/12 11:33:47 Job submitted from host: <18.12.1.74:48322>
...
001 (556133.000.000) 08/12 12:01:22 Job executing on host: <18.12.8.234:44015>
...
006 (556133.000.000) 08/12 12:01:31 Image size of job updated: 2
	3  -  MemoryUsage of job (MB)
	2344  -  ResidentSetSize of job (KB)
...
006 (556133.000.000) 08/12 12:06:32 Image size of job updated: 230592
	101  -  MemoryUsage of job (MB)
	102912  -  ResidentSetSize of job (KB)
...
005 (556133.000.000) 08/12 12:07:52 Job terminated.
	(1) Normal termination (return value 0)
		Usr 0 00:01:16, Sys 0 00:00:01  -  Run Remote Usage
		Usr 0 00:00:00, Sys 0 00:00:00  -  Run Local Usage
		Usr 0 00:01:16, Sys 0 00:00:01  -  Total Remote Usage
		Usr 0 00:00:00, Sys 0 00:00:00  -  Total Local Usage
	585964  -  Run Bytes Sent By Job
	62715  -  Run Bytes Received By Job
	585964  -  Total Bytes Sent By Job
	62715  -  Total Bytes Received By Job
	Partitionable Resources :    Usage  Request          
	   Cpus                 :                 1          
	   Disk (KB)            :      659      659          
	   Memory (MB)          :      101      101          
...
000 (566502.000.000) 08/20 21:08:17 Job submitted from host: <18.12.1.74:48322>
...
001 (566502.000.000) 08/20 21:08:38 Job executing on host: <18.12.6.44:44015>
...
006 (566502.000.000) 08/20 21:08:48 Image size of job updated: 230192
	95  -  MemoryUsage of job (MB)
	96928  -  ResidentSetSize of job (KB)
...
006 (566502.000.000) 08/20 21:10:55 Image size of job updated: 230456
	95  -  MemoryUsage of job (MB)
	96928  -  ResidentSetSize of job (KB)
...
005 (566502.000.000) 08/20 21:17:18 Job terminated.
	(1) Normal termination (return value 0)
		Usr 0 00:01:16, Sys 0 00:00:00  -  Run Remote Usage
		Usr 0 00:00:00, Sys 0 00:00:00  -  Run Local Usage
		Usr 0 00:01:16, Sys 0 00:00:00  -  Total Remote Usage
		Usr 0 00:00:00, Sys 0 00:00:00  -  Total Local Usage
	586089  -  Run Bytes Sent By Job
	62731  -  Run Bytes Received By Job
	586089  -  Total Bytes Sent By Job
	62731  -  Total Bytes Received By Job
	Partitionable Resources :    Usage  Request          
	   Cpus                 :                 1          
	   Disk (KB)            :      659      659          
	   Memory (MB)          :       95       95          
...
