
----------------------------------------------------
Job started on Mon Oct 12 10:02:35 EDT 2015 at WN: t2bat0334.cmsaf.mit.edu 
Job is running on Linux t2bat0334.cmsaf.mit.edu 2.6.32-358.el6.x86_64 #1 SMP Fri Feb 22 20:37:17 CST 2013 x86_64 x86_64 x86_64 GNU/Linux
Filesystem            Size  Used Avail Use% Mounted on
/dev/sda3              20G  3.1G   16G  17% /
tmpfs                  32G     0   32G   0% /dev/shm
/dev/sda1              97M   32M   61M  35% /boot
/dev/sda4             416G   89G  327G  22% /export/data1
fuse_dfs              5.0P  4.0P  1.1P  80% /mnt/hadoop
/dev/sdb1             3.6T  2.9T  734G  81% /export/00b
/dev/sdc1             3.6T  2.9T  731G  81% /export/00c
/dev/sdd1             3.6T  2.9T  759G  80% /export/00d
/dev/sde1             3.6T  2.9T  754G  80% /export/00e
/dev/sdf1             3.6T  2.9T  757G  80% /export/00f
/dev/sdg1             3.6T  2.9T  766G  80% /export/00g
cvmfs2                 98G   83G   15G  85% /cvmfs/cms.cern.ch
t2srv0004:/export/db  135G  187M  135G   1% /net/t2srv0004/db
gcc (GCC) 4.4.7 20120313 (Red Hat 4.4.7-3)
Copyright (C) 2010 Free Software Foundation, Inc.
This is free software; see the source for copying conditions.  There is NO
warranty; not even for MERCHANTABILITY or FITNESS FOR A PARTICULAR PURPOSE.

Processing...
0/141672
10000/141672
20000/141672
30000/141672
40000/141672
50000/141672
60000/141672
70000/141672
80000/141672
90000/141672
100000/141672
110000/141672
120000/141672
130000/141672
140000/141672
Macro finished: 
CPU time (min)  = 1.28417
Real time (min) = 1.68992
total 1.7M
-rw-r--r--  1 obaron obaron 108K Oct  9 10:24 jetRAA_PbPb_data_forest.txt
-rw-r--r--  1 obaron obaron  94K Oct  9 10:24 jetRAA_PbPb_data_akPu4_select.txt
-rw-r--r--  1 obaron obaron  94K Oct  9 10:24 jetRAA_PbPb_data_akPu3_select.txt
-rw-r--r--  1 obaron obaron  94K Oct  9 10:24 jetRAA_PbPb_data_akPu2_select.txt
-rw-r--r--  1 obaron obaron  70K Oct 12 09:36 RAA_read_data_pbpb.C
-rw-r--r--  1 obaron obaron  11K Oct 12 09:36 RAA_read_data_pbpb_C.d
-rwxr-xr-x  1 obaron obaron 101K Oct 12 09:36 RAA_read_data_pbpb_C.so
-rw-rw-r--  1 obaron obaron  61K Oct 12 10:02 jetRAA_run_PbPb_Data.tar
-rwxr-xr-x  1 obaron obaron 1.2K Oct 12 10:02 condor_exec.exe
-rw-r--r--  1 condor condor  20K Oct 12 10:02 .job.ad
-rw-r--r--  1 condor condor 5.5K Oct 12 10:02 .machine.ad
-rwx------  1 obaron obaron   49 Oct 12 10:02 .chirp.config
-rw-r--r--  1 obaron obaron    0 Oct 12 10:02 _condor_stderr
drwx------  2 obaron obaron 4.0K Oct 12 10:02 .
drwxr-xr-x 33 condor root   4.0K Oct 12 10:03 ..
-rw-r--r--  1 obaron obaron 1.6K Oct 12 10:04 _condor_stdout
-rw-r--r--  1 obaron obaron 983K Oct 12 10:04 PbPb_Data_histograms_FromForest_pileupCutFIX_ZDCmCut_30GeVcut_akPu2_20_eta_20_895.root
Done!
Copied output files to hadoop rootfiles/JetRAA/June29
