000 (556482.000.000) 08/12 14:11:01 Job submitted from host: <18.12.1.74:48322>
...
001 (556482.000.000) 08/12 14:51:55 Job executing on host: <18.12.9.43:40073>
...
006 (556482.000.000) 08/12 14:52:04 Image size of job updated: 2
	3  -  MemoryUsage of job (MB)
	2356  -  ResidentSetSize of job (KB)
...
006 (556482.000.000) 08/12 14:57:05 Image size of job updated: 230848
	108  -  MemoryUsage of job (MB)
	109820  -  ResidentSetSize of job (KB)
...
006 (556482.000.000) 08/12 15:02:05 Image size of job updated: 230848
	111  -  MemoryUsage of job (MB)
	113660  -  ResidentSetSize of job (KB)
...
006 (556482.000.000) 08/12 15:07:05 Image size of job updated: 230848
	113  -  MemoryUsage of job (MB)
	115348  -  ResidentSetSize of job (KB)
...
005 (556482.000.000) 08/12 15:12:45 Job terminated.
	(1) Normal termination (return value 0)
		Usr 0 00:01:32, Sys 0 00:00:03  -  Run Remote Usage
		Usr 0 00:00:00, Sys 0 00:00:00  -  Run Local Usage
		Usr 0 00:01:32, Sys 0 00:00:03  -  Total Remote Usage
		Usr 0 00:00:00, Sys 0 00:00:00  -  Total Local Usage
	586515  -  Run Bytes Sent By Job
	62715  -  Run Bytes Received By Job
	586515  -  Total Bytes Sent By Job
	62715  -  Total Bytes Received By Job
	Partitionable Resources :    Usage  Request          
	   Cpus                 :                 1          
	   Disk (KB)            :      659      659          
	   Memory (MB)          :      113      113          
...
000 (557742.000.000) 08/13 11:57:37 Job submitted from host: <18.12.1.74:48322>
...
001 (557742.000.000) 08/13 12:48:01 Job executing on host: <18.12.9.80:43650>
...
006 (557742.000.000) 08/13 12:48:10 Image size of job updated: 2
	3  -  MemoryUsage of job (MB)
	2348  -  ResidentSetSize of job (KB)
...
006 (557742.000.000) 08/13 12:51:00 Image size of job updated: 230364
	3  -  MemoryUsage of job (MB)
	2348  -  ResidentSetSize of job (KB)
...
005 (557742.000.000) 08/13 12:51:00 Job terminated.
	(1) Normal termination (return value 0)
		Usr 0 00:01:18, Sys 0 00:00:01  -  Run Remote Usage
		Usr 0 00:00:00, Sys 0 00:00:00  -  Run Local Usage
		Usr 0 00:01:18, Sys 0 00:00:01  -  Total Remote Usage
		Usr 0 00:00:00, Sys 0 00:00:00  -  Total Local Usage
	586234  -  Run Bytes Sent By Job
	62715  -  Run Bytes Received By Job
	586234  -  Total Bytes Sent By Job
	62715  -  Total Bytes Received By Job
	Partitionable Resources :    Usage  Request          
	   Cpus                 :                 1          
	   Disk (KB)            :      659      659          
	   Memory (MB)          :        3        3          
...
000 (558258.000.000) 08/13 14:31:19 Job submitted from host: <18.12.1.74:48322>
...
001 (558258.000.000) 08/13 15:14:00 Job executing on host: <18.12.6.31:42701>
...
006 (558258.000.000) 08/13 15:14:08 Image size of job updated: 230372
	99  -  MemoryUsage of job (MB)
	100716  -  ResidentSetSize of job (KB)
...
006 (558258.000.000) 08/13 15:16:48 Image size of job updated: 230504
	99  -  MemoryUsage of job (MB)
	100716  -  ResidentSetSize of job (KB)
...
005 (558258.000.000) 08/13 15:16:48 Job terminated.
	(1) Normal termination (return value 0)
		Usr 0 00:01:24, Sys 0 00:00:01  -  Run Remote Usage
		Usr 0 00:00:00, Sys 0 00:00:00  -  Run Local Usage
		Usr 0 00:01:24, Sys 0 00:00:01  -  Total Remote Usage
		Usr 0 00:00:00, Sys 0 00:00:00  -  Total Local Usage
	585964  -  Run Bytes Sent By Job
	62714  -  Run Bytes Received By Job
	585964  -  Total Bytes Sent By Job
	62714  -  Total Bytes Received By Job
	Partitionable Resources :    Usage  Request          
	   Cpus                 :                 1          
	   Disk (KB)            :      659      659          
	   Memory (MB)          :       99       99          
...
000 (565595.000.000) 08/20 13:00:36 Job submitted from host: <18.12.1.74:48322>
...
001 (565595.000.000) 08/20 13:01:14 Job executing on host: <18.12.8.188:42190>
...
006 (565595.000.000) 08/20 13:01:25 Image size of job updated: 230236
	95  -  MemoryUsage of job (MB)
	96892  -  ResidentSetSize of job (KB)
...
006 (565595.000.000) 08/20 13:05:16 Image size of job updated: 230368
	95  -  MemoryUsage of job (MB)
	96892  -  ResidentSetSize of job (KB)
...
005 (565595.000.000) 08/20 13:11:45 Job terminated.
	(1) Normal termination (return value 0)
		Usr 0 00:01:33, Sys 0 00:00:01  -  Run Remote Usage
		Usr 0 00:00:00, Sys 0 00:00:00  -  Run Local Usage
		Usr 0 00:01:33, Sys 0 00:00:01  -  Total Remote Usage
		Usr 0 00:00:00, Sys 0 00:00:00  -  Total Local Usage
	586090  -  Run Bytes Sent By Job
	62731  -  Run Bytes Received By Job
	586090  -  Total Bytes Sent By Job
	62731  -  Total Bytes Received By Job
	Partitionable Resources :    Usage  Request          
	   Cpus                 :                 1          
	   Disk (KB)            :      659      659          
	   Memory (MB)          :       95       95          
...
000 (783088.000.000) 10/02 11:08:36 Job submitted from host: <18.12.1.74:41314>
...
001 (783088.000.000) 10/02 11:14:51 Job executing on host: <18.12.8.68:45329>
...
006 (783088.000.000) 10/02 11:14:52 Image size of job updated: 2
	0  -  MemoryUsage of job (MB)
	0  -  ResidentSetSize of job (KB)
...
005 (783088.000.000) 10/02 11:20:07 Job terminated.
	(1) Normal termination (return value 0)
		Usr 0 00:00:00, Sys 0 00:00:00  -  Run Remote Usage
		Usr 0 00:00:00, Sys 0 00:00:00  -  Run Local Usage
		Usr 0 00:00:00, Sys 0 00:00:00  -  Total Remote Usage
		Usr 0 00:00:00, Sys 0 00:00:00  -  Total Local Usage
	585538  -  Run Bytes Sent By Job
	62733  -  Run Bytes Received By Job
	585538  -  Total Bytes Sent By Job
	62733  -  Total Bytes Received By Job
	Partitionable Resources :    Usage  Request          
	   Cpus                 :                 1          
	   Disk (KB)            :      658      658          
	   Memory (MB)          :        0        0          
...
000 (783269.000.000) 10/02 16:13:33 Job submitted from host: <18.12.1.74:45913>
...
001 (783269.000.000) 10/02 16:14:05 Job executing on host: <18.12.8.14:40730>
...
006 (783269.000.000) 10/02 16:14:06 Image size of job updated: 2
	0  -  MemoryUsage of job (MB)
	0  -  ResidentSetSize of job (KB)
...
005 (783269.000.000) 10/02 16:14:06 Job terminated.
	(1) Normal termination (return value 0)
		Usr 0 00:00:00, Sys 0 00:00:00  -  Run Remote Usage
		Usr 0 00:00:00, Sys 0 00:00:00  -  Run Local Usage
		Usr 0 00:00:00, Sys 0 00:00:00  -  Total Remote Usage
		Usr 0 00:00:00, Sys 0 00:00:00  -  Total Local Usage
	585890  -  Run Bytes Sent By Job
	62733  -  Run Bytes Received By Job
	585890  -  Total Bytes Sent By Job
	62733  -  Total Bytes Received By Job
	Partitionable Resources :    Usage  Request          
	   Cpus                 :                 1          
	   Disk (KB)            :      659      659          
	   Memory (MB)          :        0        0          
...
000 (783450.000.000) 10/02 16:49:07 Job submitted from host: <18.12.1.74:45913>
...
001 (783450.000.000) 10/02 16:49:09 Job executing on host: <18.12.9.27:40876>
...
006 (783450.000.000) 10/02 16:49:10 Image size of job updated: 93588
	0  -  MemoryUsage of job (MB)
	0  -  ResidentSetSize of job (KB)
...
005 (783450.000.000) 10/02 16:49:11 Job terminated.
	(1) Normal termination (return value 0)
		Usr 0 00:00:00, Sys 0 00:00:00  -  Run Remote Usage
		Usr 0 00:00:00, Sys 0 00:00:00  -  Run Local Usage
		Usr 0 00:00:00, Sys 0 00:00:00  -  Total Remote Usage
		Usr 0 00:00:00, Sys 0 00:00:00  -  Total Local Usage
	586116  -  Run Bytes Sent By Job
	62733  -  Run Bytes Received By Job
	586116  -  Total Bytes Sent By Job
	62733  -  Total Bytes Received By Job
	Partitionable Resources :    Usage  Request          
	   Cpus                 :                 1          
	   Disk (KB)            :      659      659          
	   Memory (MB)          :        0        0          
...
000 (783633.000.000) 10/05 09:25:55 Job submitted from host: <18.12.1.74:45913>
...
001 (783633.000.000) 10/05 09:26:14 Job executing on host: <18.12.6.96:46132>
...
006 (783633.000.000) 10/05 09:26:14 Image size of job updated: 2
	0  -  MemoryUsage of job (MB)
	0  -  ResidentSetSize of job (KB)
...
005 (783633.000.000) 10/05 09:26:17 Job terminated.
	(1) Normal termination (return value 0)
		Usr 0 00:00:00, Sys 0 00:00:00  -  Run Remote Usage
		Usr 0 00:00:00, Sys 0 00:00:00  -  Run Local Usage
		Usr 0 00:00:00, Sys 0 00:00:00  -  Total Remote Usage
		Usr 0 00:00:00, Sys 0 00:00:00  -  Total Local Usage
	585650  -  Run Bytes Sent By Job
	62732  -  Run Bytes Received By Job
	585650  -  Total Bytes Sent By Job
	62732  -  Total Bytes Received By Job
	Partitionable Resources :    Usage  Request          
	   Cpus                 :                 1          
	   Disk (KB)            :      658      658          
	   Memory (MB)          :        0        0          
...
000 (783814.000.000) 10/05 10:00:31 Job submitted from host: <18.12.1.74:45913>
...
001 (783814.000.000) 10/05 10:00:58 Job executing on host: <18.12.9.48:44380>
...
006 (783814.000.000) 10/05 10:00:58 Image size of job updated: 2
	0  -  MemoryUsage of job (MB)
	0  -  ResidentSetSize of job (KB)
...
005 (783814.000.000) 10/05 10:00:59 Job terminated.
	(1) Normal termination (return value 0)
		Usr 0 00:00:00, Sys 0 00:00:00  -  Run Remote Usage
		Usr 0 00:00:00, Sys 0 00:00:00  -  Run Local Usage
		Usr 0 00:00:00, Sys 0 00:00:00  -  Total Remote Usage
		Usr 0 00:00:00, Sys 0 00:00:00  -  Total Local Usage
	585808  -  Run Bytes Sent By Job
	62731  -  Run Bytes Received By Job
	585808  -  Total Bytes Sent By Job
	62731  -  Total Bytes Received By Job
	Partitionable Resources :    Usage  Request          
	   Cpus                 :                 1          
	   Disk (KB)            :      659      659          
	   Memory (MB)          :        0        0          
...
000 (783996.000.000) 10/05 12:25:38 Job submitted from host: <18.12.1.74:45913>
...
001 (783996.000.000) 10/05 12:25:46 Job executing on host: <18.12.9.68:47957>
...
006 (783996.000.000) 10/05 12:25:47 Image size of job updated: 2
	0  -  MemoryUsage of job (MB)
	0  -  ResidentSetSize of job (KB)
...
005 (783996.000.000) 10/05 12:25:47 Job terminated.
	(1) Normal termination (return value 0)
		Usr 0 00:00:00, Sys 0 00:00:00  -  Run Remote Usage
		Usr 0 00:00:00, Sys 0 00:00:00  -  Run Local Usage
		Usr 0 00:00:00, Sys 0 00:00:00  -  Total Remote Usage
		Usr 0 00:00:00, Sys 0 00:00:00  -  Total Local Usage
	585752  -  Run Bytes Sent By Job
	62732  -  Run Bytes Received By Job
	585752  -  Total Bytes Sent By Job
	62732  -  Total Bytes Received By Job
	Partitionable Resources :    Usage  Request          
	   Cpus                 :                 1          
	   Disk (KB)            :      659      659          
	   Memory (MB)          :        0        0          
...
000 (784177.000.000) 10/05 12:28:55 Job submitted from host: <18.12.1.74:45913>
...
001 (784177.000.000) 10/05 12:29:23 Job executing on host: <18.12.9.83:43431>
...
006 (784177.000.000) 10/05 12:29:32 Image size of job updated: 193788
	78  -  MemoryUsage of job (MB)
	79556  -  ResidentSetSize of job (KB)
...
006 (784177.000.000) 10/05 12:30:55 Image size of job updated: 230348
	78  -  MemoryUsage of job (MB)
	79556  -  ResidentSetSize of job (KB)
...
005 (784177.000.000) 10/05 12:30:56 Job terminated.
	(1) Normal termination (return value 0)
		Usr 0 00:01:06, Sys 0 00:00:00  -  Run Remote Usage
		Usr 0 00:00:00, Sys 0 00:00:00  -  Run Local Usage
		Usr 0 00:01:06, Sys 0 00:00:00  -  Total Remote Usage
		Usr 0 00:00:00, Sys 0 00:00:00  -  Total Local Usage
	586944  -  Run Bytes Sent By Job
	62733  -  Run Bytes Received By Job
	586944  -  Total Bytes Sent By Job
	62733  -  Total Bytes Received By Job
	Partitionable Resources :    Usage  Request          
	   Cpus                 :                 1          
	   Disk (KB)            :      660      660          
	   Memory (MB)          :       78       78          
...
000 (786246.000.000) 10/05 14:34:51 Job submitted from host: <18.12.1.74:45913>
...
001 (786246.000.000) 10/05 14:35:42 Job executing on host: <18.12.8.210:46789>
...
006 (786246.000.000) 10/05 14:35:51 Image size of job updated: 145124
	29  -  MemoryUsage of job (MB)
	29084  -  ResidentSetSize of job (KB)
...
006 (786246.000.000) 10/05 14:37:32 Image size of job updated: 230368
	29  -  MemoryUsage of job (MB)
	29084  -  ResidentSetSize of job (KB)
...
005 (786246.000.000) 10/05 14:37:32 Job terminated.
	(1) Normal termination (return value 0)
		Usr 0 00:01:22, Sys 0 00:00:01  -  Run Remote Usage
		Usr 0 00:00:00, Sys 0 00:00:00  -  Run Local Usage
		Usr 0 00:01:22, Sys 0 00:00:01  -  Total Remote Usage
		Usr 0 00:00:00, Sys 0 00:00:00  -  Total Local Usage
	586234  -  Run Bytes Sent By Job
	62729  -  Run Bytes Received By Job
	586234  -  Total Bytes Sent By Job
	62729  -  Total Bytes Received By Job
	Partitionable Resources :    Usage  Request          
	   Cpus                 :                 1          
	   Disk (KB)            :      659      659          
	   Memory (MB)          :       29       29          
...
000 (788085.000.000) 10/08 16:10:39 Job submitted from host: <18.12.1.74:45913>
...
001 (788085.000.000) 10/08 16:27:56 Job executing on host: <18.12.9.17:47811>
...
006 (788085.000.000) 10/08 16:28:05 Image size of job updated: 188168
	72  -  MemoryUsage of job (MB)
	73392  -  ResidentSetSize of job (KB)
...
006 (788085.000.000) 10/08 16:29:49 Image size of job updated: 230380
	72  -  MemoryUsage of job (MB)
	73392  -  ResidentSetSize of job (KB)
...
005 (788085.000.000) 10/08 16:29:49 Job terminated.
	(1) Normal termination (return value 0)
		Usr 0 00:01:20, Sys 0 00:00:01  -  Run Remote Usage
		Usr 0 00:00:00, Sys 0 00:00:00  -  Run Local Usage
		Usr 0 00:01:20, Sys 0 00:00:01  -  Total Remote Usage
		Usr 0 00:00:00, Sys 0 00:00:00  -  Total Local Usage
	585334  -  Run Bytes Sent By Job
	62697  -  Run Bytes Received By Job
	585334  -  Total Bytes Sent By Job
	62697  -  Total Bytes Received By Job
	Partitionable Resources :    Usage  Request          
	   Cpus                 :                 1          
	   Disk (KB)            :      658      658          
	   Memory (MB)          :       72       72          
...
000 (788448.000.000) 10/09 10:00:41 Job submitted from host: <18.12.1.74:45913>
...
001 (788448.000.000) 10/09 10:14:32 Job executing on host: <18.12.9.59:43869>
...
006 (788448.000.000) 10/09 10:14:41 Image size of job updated: 230380
	95  -  MemoryUsage of job (MB)
	97132  -  ResidentSetSize of job (KB)
...
005 (788448.000.000) 10/09 10:18:48 Job terminated.
	(1) Normal termination (return value 0)
		Usr 0 00:01:11, Sys 0 00:00:02  -  Run Remote Usage
		Usr 0 00:00:00, Sys 0 00:00:00  -  Run Local Usage
		Usr 0 00:01:11, Sys 0 00:00:02  -  Total Remote Usage
		Usr 0 00:00:00, Sys 0 00:00:00  -  Total Local Usage
	585301  -  Run Bytes Sent By Job
	62694  -  Run Bytes Received By Job
	585301  -  Total Bytes Sent By Job
	62694  -  Total Bytes Received By Job
	Partitionable Resources :    Usage  Request          
	   Cpus                 :                 1          
	   Disk (KB)            :      658      658          
	   Memory (MB)          :       95       95          
...
000 (788995.000.000) 10/12 11:22:20 Job submitted from host: <18.12.1.74:45913>
...
001 (788995.000.000) 10/12 11:40:22 Job executing on host: <18.12.8.59:48906>
...
006 (788995.000.000) 10/12 11:40:31 Image size of job updated: 230380
	95  -  MemoryUsage of job (MB)
	97188  -  ResidentSetSize of job (KB)
...
005 (788995.000.000) 10/12 11:42:32 Job terminated.
	(1) Normal termination (return value 0)
		Usr 0 00:01:19, Sys 0 00:00:02  -  Run Remote Usage
		Usr 0 00:00:00, Sys 0 00:00:00  -  Run Local Usage
		Usr 0 00:01:19, Sys 0 00:00:02  -  Total Remote Usage
		Usr 0 00:00:00, Sys 0 00:00:00  -  Total Local Usage
	585360  -  Run Bytes Sent By Job
	62702  -  Run Bytes Received By Job
	585360  -  Total Bytes Sent By Job
	62702  -  Total Bytes Received By Job
	Partitionable Resources :    Usage  Request          
	   Cpus                 :                 1          
	   Disk (KB)            :      658      658          
	   Memory (MB)          :       95       95          
...
