
----------------------------------------------------
Job started on Mon Oct 12 10:01:36 EDT 2015 at WN: t2bat0301.cmsaf.mit.edu 
Job is running on Linux t2bat0301.cmsaf.mit.edu 2.6.32-358.el6.x86_64 #1 SMP Fri Feb 22 20:37:17 CST 2013 x86_64 x86_64 x86_64 GNU/Linux
Filesystem            Size  Used Avail Use% Mounted on
/dev/sda3              20G  2.5G   17G  13% /
tmpfs                  32G     0   32G   0% /dev/shm
/dev/sda1              97M   32M   61M  35% /boot
/dev/sda4             416G   60G  357G  15% /export/data1
fuse_dfs              5.0P  4.0P  1.1P  80% /mnt/hadoop
/dev/sdb1             3.6T  2.9T  742G  80% /export/00b
/dev/sdc1             3.6T  2.9T  780G  79% /export/00c
/dev/sdd1             3.6T  2.9T  786G  79% /export/00d
/dev/sde1             3.6T  2.9T  789G  79% /export/00e
/dev/sdf1             3.6T  2.9T  744G  80% /export/00f
/dev/sdg1             3.6T  2.9T  777G  79% /export/00g
/dev/sdh1             3.6T  2.9T  762G  80% /export/00h
/dev/sdi1             3.6T  2.8T  825G  78% /export/00i
/dev/sdj1             3.6T  2.9T  792G  79% /export/00j
/dev/sdk1             3.6T  2.9T  796G  79% /export/00k
/dev/sdl1             3.6T  2.9T  780G  79% /export/00l
t2srv0004:/export/db  135G  187M  135G   1% /net/t2srv0004/db
cvmfs2                 98G   54G   45G  55% /cvmfs/cms.cern.ch
gcc (GCC) 4.4.7 20120313 (Red Hat 4.4.7-3)
Copyright (C) 2010 Free Software Foundation, Inc.
This is free software; see the source for copying conditions.  There is NO
warranty; not even for MERCHANTABILITY or FITNESS FOR A PARTICULAR PURPOSE.

Processing...
0/178403
10000/178403
20000/178403
30000/178403
40000/178403
50000/178403
60000/178403
70000/178403
80000/178403
90000/178403
100000/178403
110000/178403
120000/178403
130000/178403
140000/178403
150000/178403
160000/178403
170000/178403
Macro finished: 
CPU time (min)  = 1.5575
Real time (min) = 2.22537
total 1.7M
-rw-r--r--  1 obaron obaron 108K Oct  9 10:24 jetRAA_PbPb_data_forest.txt
-rw-r--r--  1 obaron obaron  94K Oct  9 10:24 jetRAA_PbPb_data_akPu4_select.txt
-rw-r--r--  1 obaron obaron  94K Oct  9 10:24 jetRAA_PbPb_data_akPu3_select.txt
-rw-r--r--  1 obaron obaron  94K Oct  9 10:24 jetRAA_PbPb_data_akPu2_select.txt
-rw-r--r--  1 obaron obaron  70K Oct 12 09:36 RAA_read_data_pbpb.C
-rw-r--r--  1 obaron obaron  11K Oct 12 09:36 RAA_read_data_pbpb_C.d
-rwxr-xr-x  1 obaron obaron 101K Oct 12 09:36 RAA_read_data_pbpb_C.so
-rw-rw-r--  1 obaron obaron  61K Oct 12 10:01 jetRAA_run_PbPb_Data.tar
-rwxr-xr-x  1 obaron obaron 1.2K Oct 12 10:01 condor_exec.exe
drwxr-xr-x 34 condor root   4.0K Oct 12 10:01 ..
-rw-r--r--  1 condor condor 5.5K Oct 12 10:01 .machine.ad
-rw-r--r--  1 condor condor  20K Oct 12 10:01 .job.ad
-rwx------  1 obaron obaron   49 Oct 12 10:01 .chirp.config
-rw-r--r--  1 obaron obaron    0 Oct 12 10:01 _condor_stderr
drwx------  2 obaron obaron 4.0K Oct 12 10:01 .
-rw-r--r--  1 obaron obaron 1.9K Oct 12 10:03 _condor_stdout
-rw-r--r--  1 obaron obaron 973K Oct 12 10:03 PbPb_Data_histograms_FromForest_pileupCutFIX_ZDCmCut_30GeVcut_akPu2_20_eta_20_745.root
Done!
Copied output files to hadoop rootfiles/JetRAA/June29
