000 (556112.000.000) 08/12 11:33:45 Job submitted from host: <18.12.1.74:48322>
...
001 (556112.000.000) 08/12 11:59:21 Job executing on host: <18.12.12.67:49709>
...
006 (556112.000.000) 08/12 11:59:29 Image size of job updated: 2
	3  -  MemoryUsage of job (MB)
	2344  -  ResidentSetSize of job (KB)
...
006 (556112.000.000) 08/12 12:02:38 Image size of job updated: 230156
	3  -  MemoryUsage of job (MB)
	2344  -  ResidentSetSize of job (KB)
...
005 (556112.000.000) 08/12 12:02:38 Job terminated.
	(1) Normal termination (return value 0)
		Usr 0 00:00:51, Sys 0 00:00:01  -  Run Remote Usage
		Usr 0 00:00:00, Sys 0 00:00:00  -  Run Local Usage
		Usr 0 00:00:51, Sys 0 00:00:01  -  Total Remote Usage
		Usr 0 00:00:00, Sys 0 00:00:00  -  Total Local Usage
	585885  -  Run Bytes Sent By Job
	62715  -  Run Bytes Received By Job
	585885  -  Total Bytes Sent By Job
	62715  -  Total Bytes Received By Job
	Partitionable Resources :    Usage  Request          
	   Cpus                 :                 1          
	   Disk (KB)            :      658      658          
	   Memory (MB)          :        3        3          
...
000 (566481.000.000) 08/20 21:06:56 Job submitted from host: <18.12.1.74:48322>
...
001 (566481.000.000) 08/20 21:07:05 Job executing on host: <18.12.8.14:43942>
...
006 (566481.000.000) 08/20 21:07:13 Image size of job updated: 188368
	72  -  MemoryUsage of job (MB)
	73500  -  ResidentSetSize of job (KB)
...
006 (566481.000.000) 08/20 21:10:42 Image size of job updated: 230156
	72  -  MemoryUsage of job (MB)
	73500  -  ResidentSetSize of job (KB)
...
005 (566481.000.000) 08/20 21:17:06 Job terminated.
	(1) Normal termination (return value 0)
		Usr 0 00:00:50, Sys 0 00:00:01  -  Run Remote Usage
		Usr 0 00:00:00, Sys 0 00:00:00  -  Run Local Usage
		Usr 0 00:00:50, Sys 0 00:00:01  -  Total Remote Usage
		Usr 0 00:00:00, Sys 0 00:00:00  -  Total Local Usage
	586347  -  Run Bytes Sent By Job
	62731  -  Run Bytes Received By Job
	586347  -  Total Bytes Sent By Job
	62731  -  Total Bytes Received By Job
	Partitionable Resources :    Usage  Request          
	   Cpus                 :                 1          
	   Disk (KB)            :      659      659          
	   Memory (MB)          :       72       72          
...
