000 (554278.000.000) 08/11 09:09:13 Job submitted from host: <18.12.1.74:48322>
...
001 (554278.000.000) 08/11 09:09:28 Job executing on host: <18.12.9.79:45986>
...
006 (554278.000.000) 08/11 09:09:37 Image size of job updated: 230384
	99  -  MemoryUsage of job (MB)
	100808  -  ResidentSetSize of job (KB)
...
005 (554278.000.000) 08/11 09:11:28 Job terminated.
	(1) Normal termination (return value 0)
		Usr 0 00:01:00, Sys 0 00:00:01  -  Run Remote Usage
		Usr 0 00:00:00, Sys 0 00:00:00  -  Run Local Usage
		Usr 0 00:01:00, Sys 0 00:00:01  -  Total Remote Usage
		Usr 0 00:00:00, Sys 0 00:00:00  -  Total Local Usage
	586221  -  Run Bytes Sent By Job
	62717  -  Run Bytes Received By Job
	586221  -  Total Bytes Sent By Job
	62717  -  Total Bytes Received By Job
	Partitionable Resources :    Usage  Request          
	   Cpus                 :                 1          
	   Disk (KB)            :      659      659          
	   Memory (MB)          :       99       99          
...
000 (557993.000.000) 08/13 13:34:22 Job submitted from host: <18.12.1.74:48322>
...
001 (557993.000.000) 08/13 13:56:56 Job executing on host: <18.12.6.31:42701>
...
006 (557993.000.000) 08/13 13:57:04 Image size of job updated: 192440
	80  -  MemoryUsage of job (MB)
	81700  -  ResidentSetSize of job (KB)
...
006 (557993.000.000) 08/13 14:00:09 Image size of job updated: 230368
	80  -  MemoryUsage of job (MB)
	81700  -  ResidentSetSize of job (KB)
...
005 (557993.000.000) 08/13 14:00:09 Job terminated.
	(1) Normal termination (return value 0)
		Usr 0 00:01:19, Sys 0 00:00:01  -  Run Remote Usage
		Usr 0 00:00:00, Sys 0 00:00:00  -  Run Local Usage
		Usr 0 00:01:19, Sys 0 00:00:01  -  Total Remote Usage
		Usr 0 00:00:00, Sys 0 00:00:00  -  Total Local Usage
	586165  -  Run Bytes Sent By Job
	62720  -  Run Bytes Received By Job
	586165  -  Total Bytes Sent By Job
	62720  -  Total Bytes Received By Job
	Partitionable Resources :    Usage  Request          
	   Cpus                 :                 1          
	   Disk (KB)            :      659      659          
	   Memory (MB)          :       80       80          
...
000 (566284.000.000) 08/20 20:25:27 Job submitted from host: <18.12.1.74:48322>
...
001 (566284.000.000) 08/20 20:25:35 Job executing on host: <18.12.8.226:43431>
...
006 (566284.000.000) 08/20 20:25:44 Image size of job updated: 230252
	95  -  MemoryUsage of job (MB)
	97200  -  ResidentSetSize of job (KB)
...
006 (566284.000.000) 08/20 20:28:59 Image size of job updated: 230384
	95  -  MemoryUsage of job (MB)
	97200  -  ResidentSetSize of job (KB)
...
005 (566284.000.000) 08/20 20:35:24 Job terminated.
	(1) Normal termination (return value 0)
		Usr 0 00:01:24, Sys 0 00:00:01  -  Run Remote Usage
		Usr 0 00:00:00, Sys 0 00:00:00  -  Run Local Usage
		Usr 0 00:01:24, Sys 0 00:00:01  -  Total Remote Usage
		Usr 0 00:00:00, Sys 0 00:00:00  -  Total Local Usage
	586220  -  Run Bytes Sent By Job
	62732  -  Run Bytes Received By Job
	586220  -  Total Bytes Sent By Job
	62732  -  Total Bytes Received By Job
	Partitionable Resources :    Usage  Request          
	   Cpus                 :                 1          
	   Disk (KB)            :      659      659          
	   Memory (MB)          :       95       95          
...
