000 (556324.000.000) 08/12 14:10:45 Job submitted from host: <18.12.1.74:48322>
...
001 (556324.000.000) 08/12 14:20:25 Job executing on host: <18.12.9.82:48979>
...
006 (556324.000.000) 08/12 14:20:33 Image size of job updated: 2
	3  -  MemoryUsage of job (MB)
	2344  -  ResidentSetSize of job (KB)
...
006 (556324.000.000) 08/12 14:25:33 Image size of job updated: 230208
	92  -  MemoryUsage of job (MB)
	93708  -  ResidentSetSize of job (KB)
...
006 (556324.000.000) 08/12 14:35:35 Image size of job updated: 230208
	94  -  MemoryUsage of job (MB)
	95728  -  ResidentSetSize of job (KB)
...
005 (556324.000.000) 08/12 14:39:49 Job terminated.
	(1) Normal termination (return value 0)
		Usr 0 00:00:58, Sys 0 00:00:03  -  Run Remote Usage
		Usr 0 00:00:00, Sys 0 00:00:00  -  Run Local Usage
		Usr 0 00:00:58, Sys 0 00:00:03  -  Total Remote Usage
		Usr 0 00:00:00, Sys 0 00:00:00  -  Total Local Usage
	586179  -  Run Bytes Sent By Job
	62715  -  Run Bytes Received By Job
	586179  -  Total Bytes Sent By Job
	62715  -  Total Bytes Received By Job
	Partitionable Resources :    Usage  Request          
	   Cpus                 :                 1          
	   Disk (KB)            :      659      659          
	   Memory (MB)          :       94       94          
...
000 (557584.000.000) 08/13 11:57:20 Job submitted from host: <18.12.1.74:48322>
...
001 (557584.000.000) 08/13 12:09:25 Job executing on host: <18.12.9.47:41168>
...
006 (557584.000.000) 08/13 12:09:33 Image size of job updated: 230212
	95  -  MemoryUsage of job (MB)
	96352  -  ResidentSetSize of job (KB)
...
005 (557584.000.000) 08/13 12:12:11 Job terminated.
	(1) Normal termination (return value 0)
		Usr 0 00:00:51, Sys 0 00:00:01  -  Run Remote Usage
		Usr 0 00:00:00, Sys 0 00:00:00  -  Run Local Usage
		Usr 0 00:00:51, Sys 0 00:00:01  -  Total Remote Usage
		Usr 0 00:00:00, Sys 0 00:00:00  -  Total Local Usage
	585962  -  Run Bytes Sent By Job
	62715  -  Run Bytes Received By Job
	585962  -  Total Bytes Sent By Job
	62715  -  Total Bytes Received By Job
	Partitionable Resources :    Usage  Request          
	   Cpus                 :                 1          
	   Disk (KB)            :      659      659          
	   Memory (MB)          :       95       95          
...
000 (558100.000.000) 08/13 14:31:04 Job submitted from host: <18.12.1.74:48322>
...
001 (558100.000.000) 08/13 14:40:47 Job executing on host: <18.12.9.80:43650>
...
006 (558100.000.000) 08/13 14:40:56 Image size of job updated: 2
	3  -  MemoryUsage of job (MB)
	2352  -  ResidentSetSize of job (KB)
...
006 (558100.000.000) 08/13 14:42:52 Image size of job updated: 230200
	3  -  MemoryUsage of job (MB)
	2352  -  ResidentSetSize of job (KB)
...
005 (558100.000.000) 08/13 14:42:52 Job terminated.
	(1) Normal termination (return value 0)
		Usr 0 00:00:50, Sys 0 00:00:01  -  Run Remote Usage
		Usr 0 00:00:00, Sys 0 00:00:00  -  Run Local Usage
		Usr 0 00:00:50, Sys 0 00:00:01  -  Total Remote Usage
		Usr 0 00:00:00, Sys 0 00:00:00  -  Total Local Usage
	586180  -  Run Bytes Sent By Job
	62714  -  Run Bytes Received By Job
	586180  -  Total Bytes Sent By Job
	62714  -  Total Bytes Received By Job
	Partitionable Resources :    Usage  Request          
	   Cpus                 :                 1          
	   Disk (KB)            :      659      659          
	   Memory (MB)          :        3        3          
...
000 (565437.000.000) 08/20 12:36:20 Job submitted from host: <18.12.1.74:48322>
...
001 (565437.000.000) 08/20 12:44:08 Job executing on host: <18.12.6.14:49344>
...
006 (565437.000.000) 08/20 12:44:17 Image size of job updated: 2
	3  -  MemoryUsage of job (MB)
	2348  -  ResidentSetSize of job (KB)
...
006 (565437.000.000) 08/20 12:47:02 Image size of job updated: 230212
	3  -  MemoryUsage of job (MB)
	2348  -  ResidentSetSize of job (KB)
...
005 (565437.000.000) 08/20 12:55:16 Job terminated.
	(1) Normal termination (return value 0)
		Usr 0 00:01:01, Sys 0 00:00:01  -  Run Remote Usage
		Usr 0 00:00:00, Sys 0 00:00:00  -  Run Local Usage
		Usr 0 00:01:01, Sys 0 00:00:01  -  Total Remote Usage
		Usr 0 00:00:00, Sys 0 00:00:00  -  Total Local Usage
	586034  -  Run Bytes Sent By Job
	62731  -  Run Bytes Received By Job
	586034  -  Total Bytes Sent By Job
	62731  -  Total Bytes Received By Job
	Partitionable Resources :    Usage  Request          
	   Cpus                 :                 1          
	   Disk (KB)            :      659      659          
	   Memory (MB)          :        3        3          
...
000 (782930.000.000) 10/02 11:02:21 Job submitted from host: <18.12.1.74:41314>
...
001 (782930.000.000) 10/02 11:11:19 Job executing on host: <18.12.8.243:40876>
...
006 (782930.000.000) 10/02 11:11:23 Image size of job updated: 2
	0  -  MemoryUsage of job (MB)
	0  -  ResidentSetSize of job (KB)
...
005 (782930.000.000) 10/02 11:14:48 Job terminated.
	(1) Normal termination (return value 0)
		Usr 0 00:00:00, Sys 0 00:00:00  -  Run Remote Usage
		Usr 0 00:00:00, Sys 0 00:00:00  -  Run Local Usage
		Usr 0 00:00:00, Sys 0 00:00:00  -  Total Remote Usage
		Usr 0 00:00:00, Sys 0 00:00:00  -  Total Local Usage
	585486  -  Run Bytes Sent By Job
	62733  -  Run Bytes Received By Job
	585486  -  Total Bytes Sent By Job
	62733  -  Total Bytes Received By Job
	Partitionable Resources :    Usage  Request          
	   Cpus                 :                 1          
	   Disk (KB)            :      658      658          
	   Memory (MB)          :        0        0          
...
000 (783111.000.000) 10/02 16:13:17 Job submitted from host: <18.12.1.74:45913>
...
001 (783111.000.000) 10/02 16:13:59 Job executing on host: <18.12.9.42:43285>
...
006 (783111.000.000) 10/02 16:14:01 Image size of job updated: 2
	0  -  MemoryUsage of job (MB)
	0  -  ResidentSetSize of job (KB)
...
005 (783111.000.000) 10/02 16:14:03 Job terminated.
	(1) Normal termination (return value 0)
		Usr 0 00:00:00, Sys 0 00:00:00  -  Run Remote Usage
		Usr 0 00:00:00, Sys 0 00:00:00  -  Run Local Usage
		Usr 0 00:00:00, Sys 0 00:00:00  -  Total Remote Usage
		Usr 0 00:00:00, Sys 0 00:00:00  -  Total Local Usage
	586240  -  Run Bytes Sent By Job
	62733  -  Run Bytes Received By Job
	586240  -  Total Bytes Sent By Job
	62733  -  Total Bytes Received By Job
	Partitionable Resources :    Usage  Request          
	   Cpus                 :                 1          
	   Disk (KB)            :      659      659          
	   Memory (MB)          :        0        0          
...
000 (783292.000.000) 10/02 16:48:30 Job submitted from host: <18.12.1.74:45913>
...
001 (783292.000.000) 10/02 16:48:51 Job executing on host: <18.12.8.225:47957>
...
006 (783292.000.000) 10/02 16:48:56 Image size of job updated: 2
	0  -  MemoryUsage of job (MB)
	0  -  ResidentSetSize of job (KB)
...
005 (783292.000.000) 10/02 16:48:56 Job terminated.
	(1) Normal termination (return value 0)
		Usr 0 00:00:00, Sys 0 00:00:00  -  Run Remote Usage
		Usr 0 00:00:00, Sys 0 00:00:00  -  Run Local Usage
		Usr 0 00:00:00, Sys 0 00:00:00  -  Total Remote Usage
		Usr 0 00:00:00, Sys 0 00:00:00  -  Total Local Usage
	585560  -  Run Bytes Sent By Job
	62733  -  Run Bytes Received By Job
	585560  -  Total Bytes Sent By Job
	62733  -  Total Bytes Received By Job
	Partitionable Resources :    Usage  Request          
	   Cpus                 :                 1          
	   Disk (KB)            :      658      658          
	   Memory (MB)          :        0        0          
...
000 (783475.000.000) 10/05 09:25:30 Job submitted from host: <18.12.1.74:45913>
...
001 (783475.000.000) 10/05 09:25:44 Job executing on host: <18.12.12.6:43066>
...
006 (783475.000.000) 10/05 09:25:53 Image size of job updated: 141668
	2  -  MemoryUsage of job (MB)
	2028  -  ResidentSetSize of job (KB)
...
005 (783475.000.000) 10/05 09:26:03 Job terminated.
	(1) Normal termination (return value 0)
		Usr 0 00:00:00, Sys 0 00:00:00  -  Run Remote Usage
		Usr 0 00:00:00, Sys 0 00:00:00  -  Run Local Usage
		Usr 0 00:00:00, Sys 0 00:00:00  -  Total Remote Usage
		Usr 0 00:00:00, Sys 0 00:00:00  -  Total Local Usage
	585554  -  Run Bytes Sent By Job
	62732  -  Run Bytes Received By Job
	585554  -  Total Bytes Sent By Job
	62732  -  Total Bytes Received By Job
	Partitionable Resources :    Usage  Request          
	   Cpus                 :                 1          
	   Disk (KB)            :      658      658          
	   Memory (MB)          :        2        2          
...
000 (783656.000.000) 10/05 10:00:16 Job submitted from host: <18.12.1.74:45913>
...
001 (783656.000.000) 10/05 10:00:48 Job executing on host: <18.12.8.232:43796>
...
006 (783656.000.000) 10/05 10:00:55 Image size of job updated: 2
	0  -  MemoryUsage of job (MB)
	0  -  ResidentSetSize of job (KB)
...
005 (783656.000.000) 10/05 10:00:57 Job terminated.
	(1) Normal termination (return value 0)
		Usr 0 00:00:00, Sys 0 00:00:00  -  Run Remote Usage
		Usr 0 00:00:00, Sys 0 00:00:00  -  Run Local Usage
		Usr 0 00:00:00, Sys 0 00:00:00  -  Total Remote Usage
		Usr 0 00:00:00, Sys 0 00:00:00  -  Total Local Usage
	585696  -  Run Bytes Sent By Job
	62731  -  Run Bytes Received By Job
	585696  -  Total Bytes Sent By Job
	62731  -  Total Bytes Received By Job
	Partitionable Resources :    Usage  Request          
	   Cpus                 :                 1          
	   Disk (KB)            :      658      658          
	   Memory (MB)          :        0        0          
...
000 (783838.000.000) 10/05 12:25:01 Job submitted from host: <18.12.1.74:45913>
...
001 (783838.000.000) 10/05 12:25:18 Job executing on host: <18.12.9.31:46862>
...
006 (783838.000.000) 10/05 12:25:26 Image size of job updated: 69176
	14  -  MemoryUsage of job (MB)
	13332  -  ResidentSetSize of job (KB)
...
005 (783838.000.000) 10/05 12:25:28 Job terminated.
	(1) Normal termination (return value 0)
		Usr 0 00:00:00, Sys 0 00:00:00  -  Run Remote Usage
		Usr 0 00:00:00, Sys 0 00:00:00  -  Run Local Usage
		Usr 0 00:00:00, Sys 0 00:00:00  -  Total Remote Usage
		Usr 0 00:00:00, Sys 0 00:00:00  -  Total Local Usage
	586032  -  Run Bytes Sent By Job
	62732  -  Run Bytes Received By Job
	586032  -  Total Bytes Sent By Job
	62732  -  Total Bytes Received By Job
	Partitionable Resources :    Usage  Request          
	   Cpus                 :                 1          
	   Disk (KB)            :      659      659          
	   Memory (MB)          :       14       14          
...
000 (784019.000.000) 10/05 12:28:36 Job submitted from host: <18.12.1.74:45913>
...
001 (784019.000.000) 10/05 12:28:48 Job executing on host: <18.12.9.46:43942>
...
006 (784019.000.000) 10/05 12:29:02 Image size of job updated: 230208
	95  -  MemoryUsage of job (MB)
	96384  -  ResidentSetSize of job (KB)
...
005 (784019.000.000) 10/05 12:30:00 Job terminated.
	(1) Normal termination (return value 0)
		Usr 0 00:00:39, Sys 0 00:00:00  -  Run Remote Usage
		Usr 0 00:00:00, Sys 0 00:00:00  -  Run Local Usage
		Usr 0 00:00:39, Sys 0 00:00:00  -  Total Remote Usage
		Usr 0 00:00:00, Sys 0 00:00:00  -  Total Local Usage
	587107  -  Run Bytes Sent By Job
	62733  -  Run Bytes Received By Job
	587107  -  Total Bytes Sent By Job
	62733  -  Total Bytes Received By Job
	Partitionable Resources :    Usage  Request          
	   Cpus                 :                 1          
	   Disk (KB)            :      660      660          
	   Memory (MB)          :       95       95          
...
000 (786088.000.000) 10/05 14:34:36 Job submitted from host: <18.12.1.74:45913>
...
001 (786088.000.000) 10/05 14:35:15 Job executing on host: <18.12.9.54:49928>
...
006 (786088.000.000) 10/05 14:35:24 Image size of job updated: 2
	3  -  MemoryUsage of job (MB)
	2344  -  ResidentSetSize of job (KB)
...
006 (786088.000.000) 10/05 14:36:32 Image size of job updated: 230208
	3  -  MemoryUsage of job (MB)
	2344  -  ResidentSetSize of job (KB)
...
005 (786088.000.000) 10/05 14:36:32 Job terminated.
	(1) Normal termination (return value 0)
		Usr 0 00:00:54, Sys 0 00:00:01  -  Run Remote Usage
		Usr 0 00:00:00, Sys 0 00:00:00  -  Run Local Usage
		Usr 0 00:00:54, Sys 0 00:00:01  -  Total Remote Usage
		Usr 0 00:00:00, Sys 0 00:00:00  -  Total Local Usage
	586511  -  Run Bytes Sent By Job
	62729  -  Run Bytes Received By Job
	586511  -  Total Bytes Sent By Job
	62729  -  Total Bytes Received By Job
	Partitionable Resources :    Usage  Request          
	   Cpus                 :                 1          
	   Disk (KB)            :      659      659          
	   Memory (MB)          :        3        3          
...
000 (787927.000.000) 10/08 16:09:28 Job submitted from host: <18.12.1.74:45913>
...
001 (787927.000.000) 10/08 16:14:54 Job executing on host: <18.12.9.32:47227>
...
006 (787927.000.000) 10/08 16:15:03 Image size of job updated: 69180
	13  -  MemoryUsage of job (MB)
	13296  -  ResidentSetSize of job (KB)
...
006 (787927.000.000) 10/08 16:19:40 Image size of job updated: 230200
	13  -  MemoryUsage of job (MB)
	13296  -  ResidentSetSize of job (KB)
...
005 (787927.000.000) 10/08 16:19:40 Job terminated.
	(1) Normal termination (return value 0)
		Usr 0 00:00:57, Sys 0 00:00:01  -  Run Remote Usage
		Usr 0 00:00:00, Sys 0 00:00:00  -  Run Local Usage
		Usr 0 00:00:57, Sys 0 00:00:01  -  Total Remote Usage
		Usr 0 00:00:00, Sys 0 00:00:00  -  Total Local Usage
	585614  -  Run Bytes Sent By Job
	62697  -  Run Bytes Received By Job
	585614  -  Total Bytes Sent By Job
	62697  -  Total Bytes Received By Job
	Partitionable Resources :    Usage  Request          
	   Cpus                 :                 1          
	   Disk (KB)            :      658      658          
	   Memory (MB)          :       13       13          
...
000 (788290.000.000) 10/09 10:00:25 Job submitted from host: <18.12.1.74:45913>
...
001 (788290.000.000) 10/09 10:02:05 Job executing on host: <18.12.9.57:41971>
...
006 (788290.000.000) 10/09 10:02:14 Image size of job updated: 13384
	2  -  MemoryUsage of job (MB)
	1980  -  ResidentSetSize of job (KB)
...
006 (788290.000.000) 10/09 10:04:40 Image size of job updated: 230200
	2  -  MemoryUsage of job (MB)
	1980  -  ResidentSetSize of job (KB)
...
005 (788290.000.000) 10/09 10:04:40 Job terminated.
	(1) Normal termination (return value 0)
		Usr 0 00:00:48, Sys 0 00:00:01  -  Run Remote Usage
		Usr 0 00:00:00, Sys 0 00:00:00  -  Run Local Usage
		Usr 0 00:00:48, Sys 0 00:00:01  -  Total Remote Usage
		Usr 0 00:00:00, Sys 0 00:00:00  -  Total Local Usage
	585191  -  Run Bytes Sent By Job
	62694  -  Run Bytes Received By Job
	585191  -  Total Bytes Sent By Job
	62694  -  Total Bytes Received By Job
	Partitionable Resources :    Usage  Request          
	   Cpus                 :                 1          
	   Disk (KB)            :      658      658          
	   Memory (MB)          :        2        2          
...
000 (788837.000.000) 10/12 11:22:03 Job submitted from host: <18.12.1.74:45913>
...
001 (788837.000.000) 10/12 11:32:38 Job executing on host: <18.12.9.0:45621>
...
006 (788837.000.000) 10/12 11:32:47 Image size of job updated: 2
	3  -  MemoryUsage of job (MB)
	2344  -  ResidentSetSize of job (KB)
...
006 (788837.000.000) 10/12 11:34:34 Image size of job updated: 230196
	3  -  MemoryUsage of job (MB)
	2344  -  ResidentSetSize of job (KB)
...
005 (788837.000.000) 10/12 11:34:34 Job terminated.
	(1) Normal termination (return value 0)
		Usr 0 00:00:59, Sys 0 00:00:01  -  Run Remote Usage
		Usr 0 00:00:00, Sys 0 00:00:00  -  Run Local Usage
		Usr 0 00:00:59, Sys 0 00:00:01  -  Total Remote Usage
		Usr 0 00:00:00, Sys 0 00:00:00  -  Total Local Usage
	585287  -  Run Bytes Sent By Job
	62702  -  Run Bytes Received By Job
	585287  -  Total Bytes Sent By Job
	62702  -  Total Bytes Received By Job
	Partitionable Resources :    Usage  Request          
	   Cpus                 :                 1          
	   Disk (KB)            :      658      658          
	   Memory (MB)          :        3        3          
...
