000 (556088.000.000) 08/12 11:33:43 Job submitted from host: <18.12.1.74:48322>
...
001 (556088.000.000) 08/12 11:55:19 Job executing on host: <18.12.6.85:41241>
...
006 (556088.000.000) 08/12 11:55:28 Image size of job updated: 2
	3  -  MemoryUsage of job (MB)
	2340  -  ResidentSetSize of job (KB)
...
006 (556088.000.000) 08/12 11:58:21 Image size of job updated: 230372
	3  -  MemoryUsage of job (MB)
	2340  -  ResidentSetSize of job (KB)
...
005 (556088.000.000) 08/12 11:58:22 Job terminated.
	(1) Normal termination (return value 0)
		Usr 0 00:01:26, Sys 0 00:00:02  -  Run Remote Usage
		Usr 0 00:00:00, Sys 0 00:00:00  -  Run Local Usage
		Usr 0 00:01:26, Sys 0 00:00:02  -  Total Remote Usage
		Usr 0 00:00:00, Sys 0 00:00:00  -  Total Local Usage
	586076  -  Run Bytes Sent By Job
	62715  -  Run Bytes Received By Job
	586076  -  Total Bytes Sent By Job
	62715  -  Total Bytes Received By Job
	Partitionable Resources :    Usage  Request          
	   Cpus                 :                 1          
	   Disk (KB)            :      659      659          
	   Memory (MB)          :        3        3          
...
000 (566457.000.000) 08/20 21:05:06 Job submitted from host: <18.12.1.74:48322>
...
007 (566457.000.000) 08/20 21:05:24 Shadow exception!
	Error from slot28@t2bat0332.cmsaf.mit.edu: Failed to transfer files
	0  -  Run Bytes Sent By Job
	0  -  Run Bytes Received By Job
...
007 (566457.000.000) 08/20 21:05:33 Shadow exception!
	Error from slot22@t2bat0285.cmsaf.mit.edu: Failed to transfer files
	0  -  Run Bytes Sent By Job
	0  -  Run Bytes Received By Job
...
001 (566457.000.000) 08/20 21:05:48 Job executing on host: <18.12.9.61:42555>
...
006 (566457.000.000) 08/20 21:05:57 Image size of job updated: 230240
	96  -  MemoryUsage of job (MB)
	97456  -  ResidentSetSize of job (KB)
...
006 (566457.000.000) 08/20 21:07:40 Image size of job updated: 230372
	96  -  MemoryUsage of job (MB)
	97456  -  ResidentSetSize of job (KB)
...
005 (566457.000.000) 08/20 21:14:09 Job terminated.
	(1) Normal termination (return value 0)
		Usr 0 00:01:14, Sys 0 00:00:01  -  Run Remote Usage
		Usr 0 00:00:00, Sys 0 00:00:00  -  Run Local Usage
		Usr 0 00:01:14, Sys 0 00:00:01  -  Total Remote Usage
		Usr 0 00:00:00, Sys 0 00:00:00  -  Total Local Usage
	586144  -  Run Bytes Sent By Job
	62731  -  Run Bytes Received By Job
	586144  -  Total Bytes Sent By Job
	62731  -  Total Bytes Received By Job
	Partitionable Resources :    Usage  Request          
	   Cpus                 :                 1          
	   Disk (KB)            :      659      659          
	   Memory (MB)          :       96       96          
...
