
----------------------------------------------------
Job started on Thu Aug 20 20:30:14 EDT 2015 at WN: t2bat0208.cmsaf.mit.edu 
Job is running on Linux t2bat0208.cmsaf.mit.edu 2.6.32-358.el6.x86_64 #1 SMP Fri Feb 22 20:37:17 CST 2013 x86_64 x86_64 x86_64 GNU/Linux
Filesystem            Size  Used Avail Use% Mounted on
/dev/sda3              20G  3.3G   16G  18% /
tmpfs                  12G     0   12G   0% /dev/shm
/dev/sda1              97M   32M   61M  35% /boot
/dev/sda4             874G   55G  820G   7% /export/data1
/dev/sdb1             1.8T  1.7T  136G  93% /export/00b
/dev/sdc1             1.8T  1.7T  126G  94% /export/00c
/dev/sdd1             1.8T  1.7T  116G  94% /export/00d
/dev/sde1             1.8T  1.7T  128G  94% /export/00e
/dev/sdf1             1.8T  1.7T  131G  93% /export/00f
fuse_dfs              4.9P  4.6P  323T  94% /mnt/hadoop
t2srv0004:/export/db  135G  187M  135G   1% /net/t2srv0004/db
cvmfs2                 98G   39G   60G  40% /cvmfs/cms.cern.ch
cvmfs2                 98G   39G   60G  40% /cvmfs/cvmfs.cmsaf.mit.edu
cvmfs2                 98G   39G   60G  40% /cvmfs/oasis.opensciencegrid.org
cvmfs2                 98G   39G   60G  40% /cvmfs/cdfcfs.fnal.gov
gcc (GCC) 4.4.7 20120313 (Red Hat 4.4.7-3)
Copyright (C) 2010 Free Software Foundation, Inc.
This is free software; see the source for copying conditions.  There is NO
warranty; not even for MERCHANTABILITY or FITNESS FOR A PARTICULAR PURPOSE.

Processing...
0/205388
10000/205388
20000/205388
30000/205388
40000/205388
50000/205388
60000/205388
70000/205388
80000/205388
90000/205388
100000/205388
110000/205388
120000/205388
130000/205388
140000/205388
150000/205388
160000/205388
170000/205388
180000/205388
190000/205388
200000/205388
Macro finished: 
CPU time (min)  = 2.095
Real time (min) = 2.62822
total 1.8M
-rw-r--r--  1 obaron obaron  94K Aug 20 13:21 jetRAA_PbPb_data_akPu2_select.txt
-rw-r--r--  1 obaron obaron  94K Aug 20 13:21 jetRAA_PbPb_data_akPu4_select.txt
-rw-r--r--  1 obaron obaron 108K Aug 20 13:22 jetRAA_PbPb_data_forest.txt
-rw-r--r--  1 obaron obaron  94K Aug 20 13:22 jetRAA_PbPb_data_akPu3_select.txt
-rw-r--r--  1 obaron obaron  70K Aug 20 20:03 RAA_read_data_pbpb.C
-rw-r--r--  1 obaron obaron  11K Aug 20 20:04 RAA_read_data_pbpb_C.d
-rwxr-xr-x  1 obaron obaron 101K Aug 20 20:05 RAA_read_data_pbpb_C.so
-rw-rw-r--  1 obaron obaron  61K Aug 20 20:30 jetRAA_run_PbPb_Data.tar
-rwxr-xr-x  1 obaron obaron 1.2K Aug 20 20:30 condor_exec.exe
-rw-r--r--  1 condor condor 5.6K Aug 20 20:30 .machine.ad
-rw-r--r--  1 condor condor  20K Aug 20 20:30 .job.ad
-rwx------  1 obaron obaron   50 Aug 20 20:30 .chirp.config
drwx------  2 obaron obaron 4.0K Aug 20 20:30 .
-rw-r--r--  1 obaron obaron  678 Aug 20 20:30 _condor_stderr
drwxr-xr-x 18 condor root   4.0K Aug 20 20:31 ..
-rw-r--r--  1 obaron obaron 1.8K Aug 20 20:32 _condor_stdout
-rw-r--r--  1 obaron obaron 1.1M Aug 20 20:32 PbPb_Data_histograms_FromForest_pileupCutFIX_ZDCmCut_akPu3_20_eta_20_875.root
Done!
Copied output files to hadoop rootfiles/JetRAA/June29
