
----------------------------------------------------
Job started on Thu Aug 20 12:54:41 EDT 2015 at WN: t2bat0109.cmsaf.mit.edu 
Job is running on Linux t2bat0109.cmsaf.mit.edu 2.6.32-358.el6.x86_64 #1 SMP Fri Feb 22 20:37:17 CST 2013 x86_64 x86_64 x86_64 GNU/Linux
Filesystem            Size  Used Avail Use% Mounted on
/dev/sda3              20G  3.6G   16G  19% /
tmpfs                 7.8G     0  7.8G   0% /dev/shm
/dev/sda1              97M   33M   60M  36% /boot
/dev/sda4             415G   76G  340G  19% /export/data1
fuse_dfs              4.9P  4.6P  328T  94% /mnt/hadoop
/dev/sdb1             1.8T  1.8T   63G  97% /export/00b
/dev/sdc1             1.8T  1.8T   56G  97% /export/00c
/dev/sdd1             1.8T  1.2T  635G  66% /export/00d
/dev/sde1             1.8T  1.8T   56G  97% /export/00e
/dev/sdf1             1.8T  1.8T   59G  97% /export/00f
cvmfs2                 98G   70G   29G  72% /cvmfs/cms.cern.ch
t2srv0004:/export/db  135G  187M  135G   1% /net/t2srv0004/db
cvmfs2                 98G   70G   29G  72% /cvmfs/cvmfs.cmsaf.mit.edu
gcc (GCC) 4.4.7 20120313 (Red Hat 4.4.7-3)
Copyright (C) 2010 Free Software Foundation, Inc.
This is free software; see the source for copying conditions.  There is NO
warranty; not even for MERCHANTABILITY or FITNESS FOR A PARTICULAR PURPOSE.

Processing...
0/162086
10000/162086
20000/162086
30000/162086
40000/162086
50000/162086
60000/162086
70000/162086
80000/162086
90000/162086
100000/162086
110000/162086
120000/162086
130000/162086
140000/162086
150000/162086
160000/162086
Macro finished: 
CPU time (min)  = 1.257
Real time (min) = 2.43569
total 1.8M
-rw-r--r-- 1 obaron obaron 108K Aug 13 15:28 jetRAA_PbPb_data_forest.txt
-rw-r--r-- 1 obaron obaron  94K Aug 13 15:28 jetRAA_PbPb_data_akPu4_select.txt
-rw-r--r-- 1 obaron obaron  94K Aug 13 15:28 jetRAA_PbPb_data_akPu3_select.txt
-rw-r--r-- 1 obaron obaron  94K Aug 13 15:28 jetRAA_PbPb_data_akPu2_select.txt
-rw-r--r-- 1 obaron obaron  70K Aug 20 12:29 RAA_read_data_pbpb.C
-rw-r--r-- 1 obaron obaron  11K Aug 20 12:30 RAA_read_data_pbpb_C.d
-rwxr-xr-x 1 obaron obaron 101K Aug 20 12:30 RAA_read_data_pbpb_C.so
-rw-r--r-- 1 condor condor  20K Aug 20 12:54 .job.ad
drwxr-xr-x 9 condor root   4.0K Aug 20 12:54 ..
-rw-r--r-- 1 condor condor 5.5K Aug 20 12:54 .machine.ad
-rwx------ 1 obaron obaron   50 Aug 20 12:54 .chirp.config
-rw-rw-r-- 1 obaron obaron  61K Aug 20 12:54 jetRAA_run_PbPb_Data.tar
-rwxr-xr-x 1 obaron obaron 1.2K Aug 20 12:54 condor_exec.exe
drwx------ 2 obaron obaron 4.0K Aug 20 12:54 .
-rw-r--r-- 1 obaron obaron  678 Aug 20 12:54 _condor_stderr
-rw-r--r-- 1 obaron obaron 1.6K Aug 20 12:57 _condor_stdout
-rw-r--r-- 1 obaron obaron 1.1M Aug 20 12:57 PbPb_Data_histograms_FromForest_pileupCutFIX_ZDCmCut_akPu4_20_eta_20_540.root
Done!
Copied output files to hadoop rootfiles/JetRAA/June29
