000 (556354.000.000) 08/12 14:10:48 Job submitted from host: <18.12.1.74:48322>
...
001 (556354.000.000) 08/12 14:26:39 Job executing on host: <18.12.6.84:45767>
...
006 (556354.000.000) 08/12 14:26:48 Image size of job updated: 2
	3  -  MemoryUsage of job (MB)
	2348  -  ResidentSetSize of job (KB)
...
006 (556354.000.000) 08/12 14:31:48 Image size of job updated: 229944
	96  -  MemoryUsage of job (MB)
	97392  -  ResidentSetSize of job (KB)
...
005 (556354.000.000) 08/12 14:41:37 Job terminated.
	(1) Normal termination (return value 0)
		Usr 0 00:00:36, Sys 0 00:00:01  -  Run Remote Usage
		Usr 0 00:00:00, Sys 0 00:00:00  -  Run Local Usage
		Usr 0 00:00:36, Sys 0 00:00:01  -  Total Remote Usage
		Usr 0 00:00:00, Sys 0 00:00:00  -  Total Local Usage
	586162  -  Run Bytes Sent By Job
	62715  -  Run Bytes Received By Job
	586162  -  Total Bytes Sent By Job
	62715  -  Total Bytes Received By Job
	Partitionable Resources :    Usage  Request          
	   Cpus                 :                 1          
	   Disk (KB)            :      659      659          
	   Memory (MB)          :       96       96          
...
000 (557614.000.000) 08/13 11:57:23 Job submitted from host: <18.12.1.74:48322>
...
001 (557614.000.000) 08/13 12:18:34 Job executing on host: <18.12.8.12:45037>
...
006 (557614.000.000) 08/13 12:18:43 Image size of job updated: 68260
	14  -  MemoryUsage of job (MB)
	13708  -  ResidentSetSize of job (KB)
...
006 (557614.000.000) 08/13 12:22:08 Image size of job updated: 229948
	14  -  MemoryUsage of job (MB)
	13708  -  ResidentSetSize of job (KB)
...
005 (557614.000.000) 08/13 12:22:08 Job terminated.
	(1) Normal termination (return value 0)
		Usr 0 00:00:27, Sys 0 00:00:01  -  Run Remote Usage
		Usr 0 00:00:00, Sys 0 00:00:00  -  Run Local Usage
		Usr 0 00:00:27, Sys 0 00:00:01  -  Total Remote Usage
		Usr 0 00:00:00, Sys 0 00:00:00  -  Total Local Usage
	586388  -  Run Bytes Sent By Job
	62715  -  Run Bytes Received By Job
	586388  -  Total Bytes Sent By Job
	62715  -  Total Bytes Received By Job
	Partitionable Resources :    Usage  Request          
	   Cpus                 :                 1          
	   Disk (KB)            :      659      659          
	   Memory (MB)          :       14       14          
...
000 (558130.000.000) 08/13 14:31:07 Job submitted from host: <18.12.1.74:48322>
...
001 (558130.000.000) 08/13 14:51:21 Job executing on host: <18.12.9.51:45549>
...
006 (558130.000.000) 08/13 14:51:29 Image size of job updated: 229948
	94  -  MemoryUsage of job (MB)
	96144  -  ResidentSetSize of job (KB)
...
006 (558130.000.000) 08/13 14:56:29 Image size of job updated: 229948
	113  -  MemoryUsage of job (MB)
	114748  -  ResidentSetSize of job (KB)
...
005 (558130.000.000) 08/13 14:56:57 Job terminated.
	(1) Normal termination (return value 0)
		Usr 0 00:00:28, Sys 0 00:00:00  -  Run Remote Usage
		Usr 0 00:00:00, Sys 0 00:00:00  -  Run Local Usage
		Usr 0 00:00:28, Sys 0 00:00:00  -  Total Remote Usage
		Usr 0 00:00:00, Sys 0 00:00:00  -  Total Local Usage
	586106  -  Run Bytes Sent By Job
	62714  -  Run Bytes Received By Job
	586106  -  Total Bytes Sent By Job
	62714  -  Total Bytes Received By Job
	Partitionable Resources :    Usage  Request          
	   Cpus                 :                 1          
	   Disk (KB)            :      659      659          
	   Memory (MB)          :      113      113          
...
000 (565467.000.000) 08/20 12:42:49 Job submitted from host: <18.12.1.74:48322>
...
001 (565467.000.000) 08/20 12:45:28 Job executing on host: <18.12.8.218:43942>
...
006 (565467.000.000) 08/20 12:45:37 Image size of job updated: 146256
	31  -  MemoryUsage of job (MB)
	30976  -  ResidentSetSize of job (KB)
...
006 (565467.000.000) 08/20 12:46:38 Image size of job updated: 229944
	31  -  MemoryUsage of job (MB)
	30976  -  ResidentSetSize of job (KB)
...
005 (565467.000.000) 08/20 12:54:57 Job terminated.
	(1) Normal termination (return value 0)
		Usr 0 00:00:32, Sys 0 00:00:00  -  Run Remote Usage
		Usr 0 00:00:00, Sys 0 00:00:00  -  Run Local Usage
		Usr 0 00:00:32, Sys 0 00:00:00  -  Total Remote Usage
		Usr 0 00:00:00, Sys 0 00:00:00  -  Total Local Usage
	585963  -  Run Bytes Sent By Job
	62731  -  Run Bytes Received By Job
	585963  -  Total Bytes Sent By Job
	62731  -  Total Bytes Received By Job
	Partitionable Resources :    Usage  Request          
	   Cpus                 :                 1          
	   Disk (KB)            :      659      659          
	   Memory (MB)          :       31       31          
...
