000 (556098.000.000) 08/12 11:33:44 Job submitted from host: <18.12.1.74:48322>
...
001 (556098.000.000) 08/12 11:57:20 Job executing on host: <18.12.8.255:47738>
...
006 (556098.000.000) 08/12 11:57:28 Image size of job updated: 193800
	78  -  MemoryUsage of job (MB)
	79552  -  ResidentSetSize of job (KB)
...
006 (556098.000.000) 08/12 12:02:07 Image size of job updated: 230312
	78  -  MemoryUsage of job (MB)
	79552  -  ResidentSetSize of job (KB)
...
005 (556098.000.000) 08/12 12:02:07 Job terminated.
	(1) Normal termination (return value 0)
		Usr 0 00:01:05, Sys 0 00:00:01  -  Run Remote Usage
		Usr 0 00:00:00, Sys 0 00:00:00  -  Run Local Usage
		Usr 0 00:01:05, Sys 0 00:00:01  -  Total Remote Usage
		Usr 0 00:00:00, Sys 0 00:00:00  -  Total Local Usage
	585953  -  Run Bytes Sent By Job
	62715  -  Run Bytes Received By Job
	585953  -  Total Bytes Sent By Job
	62715  -  Total Bytes Received By Job
	Partitionable Resources :    Usage  Request          
	   Cpus                 :                 1          
	   Disk (KB)            :      659      659          
	   Memory (MB)          :       78       78          
...
000 (566467.000.000) 08/20 21:05:54 Job submitted from host: <18.12.1.74:48322>
...
001 (566467.000.000) 08/20 21:07:02 Job executing on host: <18.12.9.58:41971>
...
006 (566467.000.000) 08/20 21:07:11 Image size of job updated: 193672
	73  -  MemoryUsage of job (MB)
	73816  -  ResidentSetSize of job (KB)
...
006 (566467.000.000) 08/20 21:12:12 Image size of job updated: 230316
	85  -  MemoryUsage of job (MB)
	86304  -  ResidentSetSize of job (KB)
...
006 (566467.000.000) 08/20 21:17:12 Image size of job updated: 230316
	91  -  MemoryUsage of job (MB)
	92296  -  ResidentSetSize of job (KB)
...
006 (566467.000.000) 08/20 21:22:13 Image size of job updated: 230316
	92  -  MemoryUsage of job (MB)
	93700  -  ResidentSetSize of job (KB)
...
006 (566467.000.000) 08/20 21:27:13 Image size of job updated: 230316
	92  -  MemoryUsage of job (MB)
	94056  -  ResidentSetSize of job (KB)
...
006 (566467.000.000) 08/20 21:37:15 Image size of job updated: 230316
	95  -  MemoryUsage of job (MB)
	96780  -  ResidentSetSize of job (KB)
...
022 (566467.000.000) 08/20 21:38:41 Job disconnected, attempting to reconnect
    Socket between submit and execute hosts closed unexpectedly
    Trying to reconnect to slot21@t2bat0314.cmsaf.mit.edu <18.12.9.58:41971>
...
023 (566467.000.000) 08/20 21:38:41 Job reconnected to slot21@t2bat0314.cmsaf.mit.edu
    startd address: <18.12.9.58:41971>
    starter address: <18.12.9.58:40877>
...
022 (566467.000.000) 08/20 21:38:42 Job disconnected, attempting to reconnect
    Socket between submit and execute hosts closed unexpectedly
    Trying to reconnect to slot21@t2bat0314.cmsaf.mit.edu <18.12.9.58:41971>
...
023 (566467.000.000) 08/20 21:38:42 Job reconnected to slot21@t2bat0314.cmsaf.mit.edu
    startd address: <18.12.9.58:41971>
    starter address: <18.12.9.58:40877>
...
005 (566467.000.000) 08/20 21:45:26 Job terminated.
	(1) Normal termination (return value 0)
		Usr 0 00:01:06, Sys 0 00:00:03  -  Run Remote Usage
		Usr 0 00:00:00, Sys 0 00:00:00  -  Run Local Usage
		Usr 0 00:01:06, Sys 0 00:00:03  -  Total Remote Usage
		Usr 0 00:00:00, Sys 0 00:00:00  -  Total Local Usage
	586133  -  Run Bytes Sent By Job
	62731  -  Run Bytes Received By Job
	586133  -  Total Bytes Sent By Job
	62731  -  Total Bytes Received By Job
	Partitionable Resources :    Usage  Request          
	   Cpus                 :                 1          
	   Disk (KB)            :      659      659          
	   Memory (MB)          :       95       95          
...
000 (782472.000.000) 10/01 13:04:31 Job submitted from host: <18.12.1.74:47665>
...
001 (782472.000.000) 10/01 13:15:18 Job executing on host: <18.12.9.26:44234>
...
006 (782472.000.000) 10/01 13:15:26 Image size of job updated: 93592
	2  -  MemoryUsage of job (MB)
	1984  -  ResidentSetSize of job (KB)
...
006 (782472.000.000) 10/01 13:20:26 Image size of job updated: 230316
	89  -  MemoryUsage of job (MB)
	90844  -  ResidentSetSize of job (KB)
...
005 (782472.000.000) 10/01 13:23:06 Job terminated.
	(1) Normal termination (return value 0)
		Usr 0 00:01:09, Sys 0 00:00:02  -  Run Remote Usage
		Usr 0 00:00:00, Sys 0 00:00:00  -  Run Local Usage
		Usr 0 00:01:09, Sys 0 00:00:02  -  Total Remote Usage
		Usr 0 00:00:00, Sys 0 00:00:00  -  Total Local Usage
	586344  -  Run Bytes Sent By Job
	62730  -  Run Bytes Received By Job
	586344  -  Total Bytes Sent By Job
	62730  -  Total Bytes Received By Job
	Partitionable Resources :    Usage  Request          
	   Cpus                 :                 1          
	   Disk (KB)            :      659      659          
	   Memory (MB)          :       89       89          
...
000 (782653.000.000) 10/01 14:31:43 Job submitted from host: <18.12.1.74:47665>
...
001 (782653.000.000) 10/01 14:33:24 Job executing on host: <18.12.8.173:43139>
...
006 (782653.000.000) 10/01 14:33:33 Image size of job updated: 193660
	78  -  MemoryUsage of job (MB)
	79568  -  ResidentSetSize of job (KB)
...
006 (782653.000.000) 10/01 14:34:39 Image size of job updated: 227408
	78  -  MemoryUsage of job (MB)
	79568  -  ResidentSetSize of job (KB)
...
005 (782653.000.000) 10/01 14:37:52 Job terminated.
	(1) Normal termination (return value 0)
		Usr 0 00:00:27, Sys 0 00:00:00  -  Run Remote Usage
		Usr 0 00:00:00, Sys 0 00:00:00  -  Run Local Usage
		Usr 0 00:00:27, Sys 0 00:00:00  -  Total Remote Usage
		Usr 0 00:00:00, Sys 0 00:00:00  -  Total Local Usage
	3226989  -  Run Bytes Sent By Job
	62736  -  Run Bytes Received By Job
	3226989  -  Total Bytes Sent By Job
	62736  -  Total Bytes Received By Job
	Partitionable Resources :    Usage  Request          
	   Cpus                 :                 1          
	   Disk (KB)            :     3238     3238          
	   Memory (MB)          :       78       78          
...
000 (788194.000.000) 10/09 09:23:43 Job submitted from host: <18.12.1.74:45913>
...
001 (788194.000.000) 10/09 09:24:11 Job executing on host: <18.12.8.127:41898>
...
006 (788194.000.000) 10/09 09:24:21 Image size of job updated: 9244
	2  -  MemoryUsage of job (MB)
	1172  -  ResidentSetSize of job (KB)
...
006 (788194.000.000) 10/09 09:27:39 Image size of job updated: 238364
	2  -  MemoryUsage of job (MB)
	1172  -  ResidentSetSize of job (KB)
...
005 (788194.000.000) 10/09 09:27:39 Job terminated.
	(1) Normal termination (return value 0)
		Usr 0 00:00:53, Sys 0 00:00:01  -  Run Remote Usage
		Usr 0 00:00:00, Sys 0 00:00:00  -  Run Local Usage
		Usr 0 00:00:53, Sys 0 00:00:01  -  Total Remote Usage
		Usr 0 00:00:00, Sys 0 00:00:00  -  Total Local Usage
	585195  -  Run Bytes Sent By Job
	62698  -  Run Bytes Received By Job
	585195  -  Total Bytes Sent By Job
	62698  -  Total Bytes Received By Job
	Partitionable Resources :    Usage  Request          
	   Cpus                 :                 1          
	   Disk (KB)            :      657      657          
	   Memory (MB)          :        2        2          
...
000 (788559.000.000) 10/12 09:48:04 Job submitted from host: <18.12.1.74:45913>
...
001 (788559.000.000) 10/12 09:57:36 Job executing on host: <18.12.12.15:48833>
...
006 (788559.000.000) 10/12 09:57:45 Image size of job updated: 230292
	99  -  MemoryUsage of job (MB)
	100364  -  ResidentSetSize of job (KB)
...
005 (788559.000.000) 10/12 09:59:36 Job terminated.
	(1) Normal termination (return value 0)
		Usr 0 00:01:17, Sys 0 00:00:01  -  Run Remote Usage
		Usr 0 00:00:00, Sys 0 00:00:00  -  Run Local Usage
		Usr 0 00:01:17, Sys 0 00:00:01  -  Total Remote Usage
		Usr 0 00:00:00, Sys 0 00:00:00  -  Total Local Usage
	585100  -  Run Bytes Sent By Job
	62703  -  Run Bytes Received By Job
	585100  -  Total Bytes Sent By Job
	62703  -  Total Bytes Received By Job
	Partitionable Resources :    Usage  Request          
	   Cpus                 :                 1          
	   Disk (KB)            :      658      658          
	   Memory (MB)          :       99       99          
...
