000 (556052.000.000) 08/12 11:33:39 Job submitted from host: <18.12.1.74:48322>
...
001 (556052.000.000) 08/12 11:49:38 Job executing on host: <18.12.9.82:48979>
...
006 (556052.000.000) 08/12 11:49:47 Image size of job updated: 187692
	75  -  MemoryUsage of job (MB)
	76060  -  ResidentSetSize of job (KB)
...
006 (556052.000.000) 08/12 11:54:49 Image size of job updated: 230228
	91  -  MemoryUsage of job (MB)
	92628  -  ResidentSetSize of job (KB)
...
006 (556052.000.000) 08/12 11:59:49 Image size of job updated: 230228
	91  -  MemoryUsage of job (MB)
	92664  -  ResidentSetSize of job (KB)
...
006 (556052.000.000) 08/12 12:03:51 Image size of job updated: 230360
	91  -  MemoryUsage of job (MB)
	92664  -  ResidentSetSize of job (KB)
...
005 (556052.000.000) 08/12 12:03:51 Job terminated.
	(1) Normal termination (return value 0)
		Usr 0 00:00:52, Sys 0 00:00:01  -  Run Remote Usage
		Usr 0 00:00:00, Sys 0 00:00:00  -  Run Local Usage
		Usr 0 00:00:52, Sys 0 00:00:01  -  Total Remote Usage
		Usr 0 00:00:00, Sys 0 00:00:00  -  Total Local Usage
	586191  -  Run Bytes Sent By Job
	62715  -  Run Bytes Received By Job
	586191  -  Total Bytes Sent By Job
	62715  -  Total Bytes Received By Job
	Partitionable Resources :    Usage  Request          
	   Cpus                 :                 1          
	   Disk (KB)            :      659      659          
	   Memory (MB)          :       91       91          
...
000 (566421.000.000) 08/20 21:02:29 Job submitted from host: <18.12.1.74:48322>
...
001 (566421.000.000) 08/20 21:03:00 Job executing on host: <18.12.8.122:49928>
...
006 (566421.000.000) 08/20 21:03:09 Image size of job updated: 229940
	92  -  MemoryUsage of job (MB)
	94160  -  ResidentSetSize of job (KB)
...
006 (566421.000.000) 08/20 21:05:56 Image size of job updated: 230364
	92  -  MemoryUsage of job (MB)
	94160  -  ResidentSetSize of job (KB)
...
005 (566421.000.000) 08/20 21:12:21 Job terminated.
	(1) Normal termination (return value 0)
		Usr 0 00:00:52, Sys 0 00:00:01  -  Run Remote Usage
		Usr 0 00:00:00, Sys 0 00:00:00  -  Run Local Usage
		Usr 0 00:00:52, Sys 0 00:00:01  -  Total Remote Usage
		Usr 0 00:00:00, Sys 0 00:00:00  -  Total Local Usage
	585984  -  Run Bytes Sent By Job
	62731  -  Run Bytes Received By Job
	585984  -  Total Bytes Sent By Job
	62731  -  Total Bytes Received By Job
	Partitionable Resources :    Usage  Request          
	   Cpus                 :                 1          
	   Disk (KB)            :      658      658          
	   Memory (MB)          :       92       92          
...
000 (782426.000.000) 10/01 13:04:25 Job submitted from host: <18.12.1.74:47665>
...
001 (782426.000.000) 10/01 13:13:16 Job executing on host: <18.12.6.46:47154>
...
006 (782426.000.000) 10/01 13:13:25 Image size of job updated: 229940
	93  -  MemoryUsage of job (MB)
	94396  -  ResidentSetSize of job (KB)
...
006 (782426.000.000) 10/01 13:17:52 Image size of job updated: 230360
	93  -  MemoryUsage of job (MB)
	94396  -  ResidentSetSize of job (KB)
...
005 (782426.000.000) 10/01 13:17:52 Job terminated.
	(1) Normal termination (return value 0)
		Usr 0 00:00:53, Sys 0 00:00:01  -  Run Remote Usage
		Usr 0 00:00:00, Sys 0 00:00:00  -  Run Local Usage
		Usr 0 00:00:53, Sys 0 00:00:01  -  Total Remote Usage
		Usr 0 00:00:00, Sys 0 00:00:00  -  Total Local Usage
	586048  -  Run Bytes Sent By Job
	62730  -  Run Bytes Received By Job
	586048  -  Total Bytes Sent By Job
	62730  -  Total Bytes Received By Job
	Partitionable Resources :    Usage  Request          
	   Cpus                 :                 1          
	   Disk (KB)            :      659      659          
	   Memory (MB)          :       93       93          
...
000 (782607.000.000) 10/01 14:31:14 Job submitted from host: <18.12.1.74:47665>
...
001 (782607.000.000) 10/01 14:33:27 Job executing on host: <18.12.8.201:41606>
...
006 (782607.000.000) 10/01 14:33:38 Image size of job updated: 2
	3  -  MemoryUsage of job (MB)
	2348  -  ResidentSetSize of job (KB)
...
006 (782607.000.000) 10/01 14:38:39 Image size of job updated: 227416
	88  -  MemoryUsage of job (MB)
	89832  -  ResidentSetSize of job (KB)
...
005 (782607.000.000) 10/01 14:43:24 Job terminated.
	(1) Normal termination (return value 0)
		Usr 0 00:00:25, Sys 0 00:00:00  -  Run Remote Usage
		Usr 0 00:00:00, Sys 0 00:00:00  -  Run Local Usage
		Usr 0 00:00:25, Sys 0 00:00:00  -  Total Remote Usage
		Usr 0 00:00:00, Sys 0 00:00:00  -  Total Local Usage
	2991665  -  Run Bytes Sent By Job
	62736  -  Run Bytes Received By Job
	2991665  -  Total Bytes Sent By Job
	62736  -  Total Bytes Received By Job
	Partitionable Resources :    Usage  Request          
	   Cpus                 :                 1          
	   Disk (KB)            :     3008     3008          
	   Memory (MB)          :       88       88          
...
000 (788148.000.000) 10/09 09:23:38 Job submitted from host: <18.12.1.74:45913>
...
001 (788148.000.000) 10/09 09:24:12 Job executing on host: <18.12.8.215:48468>
...
006 (788148.000.000) 10/09 09:24:20 Image size of job updated: 13384
	2  -  MemoryUsage of job (MB)
	1980  -  ResidentSetSize of job (KB)
...
006 (788148.000.000) 10/09 09:26:34 Image size of job updated: 230336
	2  -  MemoryUsage of job (MB)
	1980  -  ResidentSetSize of job (KB)
...
005 (788148.000.000) 10/09 09:26:34 Job terminated.
	(1) Normal termination (return value 0)
		Usr 0 00:01:02, Sys 0 00:00:01  -  Run Remote Usage
		Usr 0 00:00:00, Sys 0 00:00:00  -  Run Local Usage
		Usr 0 00:01:02, Sys 0 00:00:01  -  Total Remote Usage
		Usr 0 00:00:00, Sys 0 00:00:00  -  Total Local Usage
	585292  -  Run Bytes Sent By Job
	62698  -  Run Bytes Received By Job
	585292  -  Total Bytes Sent By Job
	62698  -  Total Bytes Received By Job
	Partitionable Resources :    Usage  Request          
	   Cpus                 :                 1          
	   Disk (KB)            :      658      658          
	   Memory (MB)          :        2        2          
...
000 (788513.000.000) 10/12 09:47:59 Job submitted from host: <18.12.1.74:45913>
...
001 (788513.000.000) 10/12 09:54:37 Job executing on host: <18.12.8.70:46935>
...
006 (788513.000.000) 10/12 09:54:45 Image size of job updated: 2
	3  -  MemoryUsage of job (MB)
	2344  -  ResidentSetSize of job (KB)
...
006 (788513.000.000) 10/12 09:57:04 Image size of job updated: 230344
	3  -  MemoryUsage of job (MB)
	2344  -  ResidentSetSize of job (KB)
...
005 (788513.000.000) 10/12 09:57:05 Job terminated.
	(1) Normal termination (return value 0)
		Usr 0 00:00:49, Sys 0 00:00:00  -  Run Remote Usage
		Usr 0 00:00:00, Sys 0 00:00:00  -  Run Local Usage
		Usr 0 00:00:49, Sys 0 00:00:00  -  Total Remote Usage
		Usr 0 00:00:00, Sys 0 00:00:00  -  Total Local Usage
	585086  -  Run Bytes Sent By Job
	62703  -  Run Bytes Received By Job
	585086  -  Total Bytes Sent By Job
	62703  -  Total Bytes Received By Job
	Partitionable Resources :    Usage  Request          
	   Cpus                 :                 1          
	   Disk (KB)            :      658      658          
	   Memory (MB)          :        3        3          
...
