000 (556101.000.000) 08/12 11:33:44 Job submitted from host: <18.12.1.74:48322>
...
001 (556101.000.000) 08/12 11:58:20 Job executing on host: <18.12.8.212:45621>
...
006 (556101.000.000) 08/12 11:58:28 Image size of job updated: 2
	3  -  MemoryUsage of job (MB)
	2348  -  ResidentSetSize of job (KB)
...
006 (556101.000.000) 08/12 12:03:28 Image size of job updated: 230520
	85  -  MemoryUsage of job (MB)
	86460  -  ResidentSetSize of job (KB)
...
005 (556101.000.000) 08/12 12:05:24 Job terminated.
	(1) Normal termination (return value 0)
		Usr 0 00:01:15, Sys 0 00:00:01  -  Run Remote Usage
		Usr 0 00:00:00, Sys 0 00:00:00  -  Run Local Usage
		Usr 0 00:01:15, Sys 0 00:00:01  -  Total Remote Usage
		Usr 0 00:00:00, Sys 0 00:00:00  -  Total Local Usage
	585990  -  Run Bytes Sent By Job
	62715  -  Run Bytes Received By Job
	585990  -  Total Bytes Sent By Job
	62715  -  Total Bytes Received By Job
	Partitionable Resources :    Usage  Request          
	   Cpus                 :                 1          
	   Disk (KB)            :      659      659          
	   Memory (MB)          :       85       85          
...
000 (566470.000.000) 08/20 21:06:16 Job submitted from host: <18.12.1.74:48322>
...
001 (566470.000.000) 08/20 21:07:06 Job executing on host: <18.12.9.68:45548>
...
006 (566470.000.000) 08/20 21:07:15 Image size of job updated: 230520
	89  -  MemoryUsage of job (MB)
	90504  -  ResidentSetSize of job (KB)
...
005 (566470.000.000) 08/20 21:15:35 Job terminated.
	(1) Normal termination (return value 0)
		Usr 0 00:01:06, Sys 0 00:00:01  -  Run Remote Usage
		Usr 0 00:00:00, Sys 0 00:00:00  -  Run Local Usage
		Usr 0 00:01:06, Sys 0 00:00:01  -  Total Remote Usage
		Usr 0 00:00:00, Sys 0 00:00:00  -  Total Local Usage
	586174  -  Run Bytes Sent By Job
	62731  -  Run Bytes Received By Job
	586174  -  Total Bytes Sent By Job
	62731  -  Total Bytes Received By Job
	Partitionable Resources :    Usage  Request          
	   Cpus                 :                 1          
	   Disk (KB)            :      659      659          
	   Memory (MB)          :       89       89          
...
000 (782475.000.000) 10/01 13:04:31 Job submitted from host: <18.12.1.74:47665>
...
001 (782475.000.000) 10/01 13:15:18 Job executing on host: <18.12.9.26:44234>
...
006 (782475.000.000) 10/01 13:15:26 Image size of job updated: 13384
	2  -  MemoryUsage of job (MB)
	1268  -  ResidentSetSize of job (KB)
...
006 (782475.000.000) 10/01 13:20:26 Image size of job updated: 230520
	89  -  MemoryUsage of job (MB)
	90444  -  ResidentSetSize of job (KB)
...
005 (782475.000.000) 10/01 13:23:41 Job terminated.
	(1) Normal termination (return value 0)
		Usr 0 00:01:26, Sys 0 00:00:02  -  Run Remote Usage
		Usr 0 00:00:00, Sys 0 00:00:00  -  Run Local Usage
		Usr 0 00:01:26, Sys 0 00:00:02  -  Total Remote Usage
		Usr 0 00:00:00, Sys 0 00:00:00  -  Total Local Usage
	586382  -  Run Bytes Sent By Job
	62730  -  Run Bytes Received By Job
	586382  -  Total Bytes Sent By Job
	62730  -  Total Bytes Received By Job
	Partitionable Resources :    Usage  Request          
	   Cpus                 :                 1          
	   Disk (KB)            :      659      659          
	   Memory (MB)          :       89       89          
...
000 (782656.000.000) 10/01 14:31:44 Job submitted from host: <18.12.1.74:47665>
...
001 (782656.000.000) 10/01 14:33:26 Job executing on host: <18.12.8.221:45767>
...
006 (782656.000.000) 10/01 14:33:35 Image size of job updated: 13384
	2  -  MemoryUsage of job (MB)
	1980  -  ResidentSetSize of job (KB)
...
006 (782656.000.000) 10/01 14:36:25 Image size of job updated: 227512
	2  -  MemoryUsage of job (MB)
	1980  -  ResidentSetSize of job (KB)
...
005 (782656.000.000) 10/01 14:39:18 Job terminated.
	(1) Normal termination (return value 0)
		Usr 0 00:00:45, Sys 0 00:00:01  -  Run Remote Usage
		Usr 0 00:00:00, Sys 0 00:00:00  -  Run Local Usage
		Usr 0 00:00:45, Sys 0 00:00:01  -  Total Remote Usage
		Usr 0 00:00:00, Sys 0 00:00:00  -  Total Local Usage
	3864770  -  Run Bytes Sent By Job
	62736  -  Run Bytes Received By Job
	3864770  -  Total Bytes Sent By Job
	62736  -  Total Bytes Received By Job
	Partitionable Resources :    Usage  Request          
	   Cpus                 :                 1          
	   Disk (KB)            :     3860     3860          
	   Memory (MB)          :        2        2          
...
000 (788197.000.000) 10/09 09:23:44 Job submitted from host: <18.12.1.74:45913>
...
001 (788197.000.000) 10/09 09:24:13 Job executing on host: <18.12.8.191:46716>
...
006 (788197.000.000) 10/09 09:24:22 Image size of job updated: 13384
	2  -  MemoryUsage of job (MB)
	1988  -  ResidentSetSize of job (KB)
...
006 (788197.000.000) 10/09 09:26:34 Image size of job updated: 230500
	2  -  MemoryUsage of job (MB)
	1988  -  ResidentSetSize of job (KB)
...
005 (788197.000.000) 10/09 09:26:34 Job terminated.
	(1) Normal termination (return value 0)
		Usr 0 00:01:31, Sys 0 00:00:01  -  Run Remote Usage
		Usr 0 00:00:00, Sys 0 00:00:00  -  Run Local Usage
		Usr 0 00:01:31, Sys 0 00:00:01  -  Total Remote Usage
		Usr 0 00:00:00, Sys 0 00:00:00  -  Total Local Usage
	585438  -  Run Bytes Sent By Job
	62698  -  Run Bytes Received By Job
	585438  -  Total Bytes Sent By Job
	62698  -  Total Bytes Received By Job
	Partitionable Resources :    Usage  Request          
	   Cpus                 :                 1          
	   Disk (KB)            :      658      658          
	   Memory (MB)          :        2        2          
...
000 (788562.000.000) 10/12 09:48:04 Job submitted from host: <18.12.1.74:45913>
...
001 (788562.000.000) 10/12 09:57:39 Job executing on host: <18.12.9.21:46351>
...
006 (788562.000.000) 10/12 09:57:47 Image size of job updated: 2
	3  -  MemoryUsage of job (MB)
	2348  -  ResidentSetSize of job (KB)
...
006 (788562.000.000) 10/12 09:59:50 Image size of job updated: 230500
	3  -  MemoryUsage of job (MB)
	2348  -  ResidentSetSize of job (KB)
...
005 (788562.000.000) 10/12 09:59:50 Job terminated.
	(1) Normal termination (return value 0)
		Usr 0 00:01:29, Sys 0 00:00:01  -  Run Remote Usage
		Usr 0 00:00:00, Sys 0 00:00:00  -  Run Local Usage
		Usr 0 00:01:29, Sys 0 00:00:01  -  Total Remote Usage
		Usr 0 00:00:00, Sys 0 00:00:00  -  Total Local Usage
	585173  -  Run Bytes Sent By Job
	62703  -  Run Bytes Received By Job
	585173  -  Total Bytes Sent By Job
	62703  -  Total Bytes Received By Job
	Partitionable Resources :    Usage  Request          
	   Cpus                 :                 1          
	   Disk (KB)            :      658      658          
	   Memory (MB)          :        3        3          
...
