000 (556407.000.000) 08/12 14:10:54 Job submitted from host: <18.12.1.74:48322>
...
001 (556407.000.000) 08/12 14:38:56 Job executing on host: <18.12.12.8:43577>
...
006 (556407.000.000) 08/12 14:39:05 Image size of job updated: 2
	3  -  MemoryUsage of job (MB)
	2344  -  ResidentSetSize of job (KB)
...
006 (556407.000.000) 08/12 14:44:06 Image size of job updated: 230376
	88  -  MemoryUsage of job (MB)
	90080  -  ResidentSetSize of job (KB)
...
006 (556407.000.000) 08/12 14:49:06 Image size of job updated: 230376
	89  -  MemoryUsage of job (MB)
	90208  -  ResidentSetSize of job (KB)
...
006 (556407.000.000) 08/12 15:03:31 Image size of job updated: 238444
	89  -  MemoryUsage of job (MB)
	90208  -  ResidentSetSize of job (KB)
...
005 (556407.000.000) 08/12 15:03:32 Job terminated.
	(1) Normal termination (return value 0)
		Usr 0 00:01:19, Sys 0 00:00:02  -  Run Remote Usage
		Usr 0 00:00:00, Sys 0 00:00:00  -  Run Local Usage
		Usr 0 00:01:19, Sys 0 00:00:02  -  Total Remote Usage
		Usr 0 00:00:00, Sys 0 00:00:00  -  Total Local Usage
	586165  -  Run Bytes Sent By Job
	62715  -  Run Bytes Received By Job
	586165  -  Total Bytes Sent By Job
	62715  -  Total Bytes Received By Job
	Partitionable Resources :    Usage  Request          
	   Cpus                 :                 1          
	   Disk (KB)            :      659      659          
	   Memory (MB)          :       89       89          
...
000 (557667.000.000) 08/13 11:57:30 Job submitted from host: <18.12.1.74:48322>
...
001 (557667.000.000) 08/13 12:32:00 Job executing on host: <18.12.8.218:43942>
...
006 (557667.000.000) 08/13 12:32:09 Image size of job updated: 9884
	2  -  MemoryUsage of job (MB)
	1252  -  ResidentSetSize of job (KB)
...
006 (557667.000.000) 08/13 12:37:09 Image size of job updated: 230368
	92  -  MemoryUsage of job (MB)
	93652  -  ResidentSetSize of job (KB)
...
005 (557667.000.000) 08/13 12:38:59 Job terminated.
	(1) Normal termination (return value 0)
		Usr 0 00:01:23, Sys 0 00:00:01  -  Run Remote Usage
		Usr 0 00:00:00, Sys 0 00:00:00  -  Run Local Usage
		Usr 0 00:01:23, Sys 0 00:00:01  -  Total Remote Usage
		Usr 0 00:00:00, Sys 0 00:00:00  -  Total Local Usage
	586164  -  Run Bytes Sent By Job
	62715  -  Run Bytes Received By Job
	586164  -  Total Bytes Sent By Job
	62715  -  Total Bytes Received By Job
	Partitionable Resources :    Usage  Request          
	   Cpus                 :                 1          
	   Disk (KB)            :      659      659          
	   Memory (MB)          :       92       92          
...
000 (558183.000.000) 08/13 14:31:12 Job submitted from host: <18.12.1.74:48322>
...
001 (558183.000.000) 08/13 15:02:12 Job executing on host: <18.12.9.57:41971>
...
006 (558183.000.000) 08/13 15:02:21 Image size of job updated: 2
	3  -  MemoryUsage of job (MB)
	2356  -  ResidentSetSize of job (KB)
...
006 (558183.000.000) 08/13 15:07:22 Image size of job updated: 230372
	105  -  MemoryUsage of job (MB)
	106996  -  ResidentSetSize of job (KB)
...
005 (558183.000.000) 08/13 15:09:07 Job terminated.
	(1) Normal termination (return value 0)
		Usr 0 00:01:15, Sys 0 00:00:02  -  Run Remote Usage
		Usr 0 00:00:00, Sys 0 00:00:00  -  Run Local Usage
		Usr 0 00:01:15, Sys 0 00:00:02  -  Total Remote Usage
		Usr 0 00:00:00, Sys 0 00:00:00  -  Total Local Usage
	585894  -  Run Bytes Sent By Job
	62714  -  Run Bytes Received By Job
	585894  -  Total Bytes Sent By Job
	62714  -  Total Bytes Received By Job
	Partitionable Resources :    Usage  Request          
	   Cpus                 :                 1          
	   Disk (KB)            :      659      659          
	   Memory (MB)          :      105      105          
...
000 (565520.000.000) 08/20 12:53:57 Job submitted from host: <18.12.1.74:48322>
...
001 (565520.000.000) 08/20 12:54:09 Job executing on host: <18.12.8.112:41825>
...
006 (565520.000.000) 08/20 12:54:18 Image size of job updated: 192484
	77  -  MemoryUsage of job (MB)
	78236  -  ResidentSetSize of job (KB)
...
006 (565520.000.000) 08/20 12:56:49 Image size of job updated: 230372
	77  -  MemoryUsage of job (MB)
	78236  -  ResidentSetSize of job (KB)
...
005 (565520.000.000) 08/20 13:04:48 Job terminated.
	(1) Normal termination (return value 0)
		Usr 0 00:00:57, Sys 0 00:00:02  -  Run Remote Usage
		Usr 0 00:00:00, Sys 0 00:00:00  -  Run Local Usage
		Usr 0 00:00:57, Sys 0 00:00:02  -  Total Remote Usage
		Usr 0 00:00:00, Sys 0 00:00:00  -  Total Local Usage
	585988  -  Run Bytes Sent By Job
	62731  -  Run Bytes Received By Job
	585988  -  Total Bytes Sent By Job
	62731  -  Total Bytes Received By Job
	Partitionable Resources :    Usage  Request          
	   Cpus                 :                 1          
	   Disk (KB)            :      659      659          
	   Memory (MB)          :       77       77          
...
