000 (554331.000.000) 08/11 09:09:21 Job submitted from host: <18.12.1.74:48322>
...
001 (554331.000.000) 08/11 09:09:54 Job executing on host: <18.12.9.0:46935>
...
006 (554331.000.000) 08/11 09:10:03 Image size of job updated: 224872
	91  -  MemoryUsage of job (MB)
	92868  -  ResidentSetSize of job (KB)
...
006 (554331.000.000) 08/11 09:13:00 Image size of job updated: 230780
	91  -  MemoryUsage of job (MB)
	92868  -  ResidentSetSize of job (KB)
...
005 (554331.000.000) 08/11 09:13:00 Job terminated.
	(1) Normal termination (return value 0)
		Usr 0 00:01:47, Sys 0 00:00:01  -  Run Remote Usage
		Usr 0 00:00:00, Sys 0 00:00:00  -  Run Local Usage
		Usr 0 00:01:47, Sys 0 00:00:01  -  Total Remote Usage
		Usr 0 00:00:00, Sys 0 00:00:00  -  Total Local Usage
	586087  -  Run Bytes Sent By Job
	62717  -  Run Bytes Received By Job
	586087  -  Total Bytes Sent By Job
	62717  -  Total Bytes Received By Job
	Partitionable Resources :    Usage  Request          
	   Cpus                 :                 1          
	   Disk (KB)            :      659      659          
	   Memory (MB)          :       91       91          
...
000 (558046.000.000) 08/13 13:34:27 Job submitted from host: <18.12.1.74:48322>
...
001 (558046.000.000) 08/13 14:05:05 Job executing on host: <18.12.9.67:40730>
...
006 (558046.000.000) 08/13 14:05:14 Image size of job updated: 2
	3  -  MemoryUsage of job (MB)
	2356  -  ResidentSetSize of job (KB)
...
006 (558046.000.000) 08/13 14:10:15 Image size of job updated: 230780
	111  -  MemoryUsage of job (MB)
	112840  -  ResidentSetSize of job (KB)
...
005 (558046.000.000) 08/13 14:10:27 Job terminated.
	(1) Normal termination (return value 0)
		Usr 0 00:02:04, Sys 0 00:00:03  -  Run Remote Usage
		Usr 0 00:00:00, Sys 0 00:00:00  -  Run Local Usage
		Usr 0 00:02:04, Sys 0 00:00:03  -  Total Remote Usage
		Usr 0 00:00:00, Sys 0 00:00:00  -  Total Local Usage
	586361  -  Run Bytes Sent By Job
	62720  -  Run Bytes Received By Job
	586361  -  Total Bytes Sent By Job
	62720  -  Total Bytes Received By Job
	Partitionable Resources :    Usage  Request          
	   Cpus                 :                 1          
	   Disk (KB)            :      659      659          
	   Memory (MB)          :      111      111          
...
000 (566337.000.000) 08/20 20:28:56 Job submitted from host: <18.12.1.74:48322>
...
001 (566337.000.000) 08/20 20:29:15 Job executing on host: <18.12.9.49:41460>
...
006 (566337.000.000) 08/20 20:29:23 Image size of job updated: 193856
	78  -  MemoryUsage of job (MB)
	79632  -  ResidentSetSize of job (KB)
...
006 (566337.000.000) 08/20 20:32:23 Image size of job updated: 230780
	78  -  MemoryUsage of job (MB)
	79632  -  ResidentSetSize of job (KB)
...
005 (566337.000.000) 08/20 20:39:01 Job terminated.
	(1) Normal termination (return value 0)
		Usr 0 00:01:52, Sys 0 00:00:02  -  Run Remote Usage
		Usr 0 00:00:00, Sys 0 00:00:00  -  Run Local Usage
		Usr 0 00:01:52, Sys 0 00:00:02  -  Total Remote Usage
		Usr 0 00:00:00, Sys 0 00:00:00  -  Total Local Usage
	586415  -  Run Bytes Sent By Job
	62732  -  Run Bytes Received By Job
	586415  -  Total Bytes Sent By Job
	62732  -  Total Bytes Received By Job
	Partitionable Resources :    Usage  Request          
	   Cpus                 :                 1          
	   Disk (KB)            :      659      659          
	   Memory (MB)          :       78       78          
...
000 (782885.000.000) 10/01 15:59:50 Job submitted from host: <18.12.1.74:47665>
...
001 (782885.000.000) 10/01 16:00:53 Job executing on host: <18.12.8.25:40949>
...
006 (782885.000.000) 10/01 16:01:03 Image size of job updated: 2
	3  -  MemoryUsage of job (MB)
	2340  -  ResidentSetSize of job (KB)
...
006 (782885.000.000) 10/01 16:06:04 Image size of job updated: 230776
	93  -  MemoryUsage of job (MB)
	95152  -  ResidentSetSize of job (KB)
...
006 (782885.000.000) 10/01 16:11:04 Image size of job updated: 230776
	95  -  MemoryUsage of job (MB)
	96980  -  ResidentSetSize of job (KB)
...
022 (782885.000.000) 10/01 16:15:26 Job disconnected, attempting to reconnect
    Socket between submit and execute hosts closed unexpectedly
    Trying to reconnect to slot8@t2bat0025.cmsaf.mit.edu <18.12.8.25:40949>
...
023 (782885.000.000) 10/01 16:15:26 Job reconnected to slot8@t2bat0025.cmsaf.mit.edu
    startd address: <18.12.8.25:40949>
    starter address: <18.12.8.25:44234>
...
022 (782885.000.000) 10/01 16:17:13 Job disconnected, attempting to reconnect
    Socket between submit and execute hosts closed unexpectedly
    Trying to reconnect to slot8@t2bat0025.cmsaf.mit.edu <18.12.8.25:40949>
...
023 (782885.000.000) 10/01 16:17:13 Job reconnected to slot8@t2bat0025.cmsaf.mit.edu
    startd address: <18.12.8.25:40949>
    starter address: <18.12.8.25:44234>
...
022 (782885.000.000) 10/01 16:17:13 Job disconnected, attempting to reconnect
    Socket between submit and execute hosts closed unexpectedly
    Trying to reconnect to slot8@t2bat0025.cmsaf.mit.edu <18.12.8.25:40949>
...
023 (782885.000.000) 10/01 16:17:13 Job reconnected to slot8@t2bat0025.cmsaf.mit.edu
    startd address: <18.12.8.25:40949>
    starter address: <18.12.8.25:44234>
...
022 (782885.000.000) 10/01 16:30:18 Job disconnected, attempting to reconnect
    Local schedd and job shadow died, schedd now running again
    Trying to reconnect to slot8@t2bat0025.cmsaf.mit.edu <18.12.8.25:40949>
...
024 (782885.000.000) 10/01 16:32:11 Job reconnection failed
    Job disconnected too long: JobLeaseDuration (1200 seconds) expired
    Can not reconnect to slot8@t2bat0025.cmsaf.mit.edu, rescheduling job
...
001 (782885.000.000) 10/01 16:34:55 Job executing on host: <18.12.8.1:41241>
...
006 (782885.000.000) 10/01 16:35:03 Image size of job updated: 143816
	18  -  MemoryUsage of job (MB)
	18196  -  ResidentSetSize of job (KB)
...
006 (782885.000.000) 10/01 16:40:03 Image size of job updated: 230780
	90  -  MemoryUsage of job (MB)
	91588  -  ResidentSetSize of job (KB)
...
006 (782885.000.000) 10/01 16:45:04 Image size of job updated: 230780
	91  -  MemoryUsage of job (MB)
	92400  -  ResidentSetSize of job (KB)
...
005 (782885.000.000) 10/01 16:52:13 Job terminated.
	(1) Normal termination (return value 0)
		Usr 0 00:02:01, Sys 0 00:00:01  -  Run Remote Usage
		Usr 0 00:00:00, Sys 0 00:00:00  -  Run Local Usage
		Usr 0 00:02:01, Sys 0 00:00:01  -  Total Remote Usage
		Usr 0 00:00:00, Sys 0 00:00:00  -  Total Local Usage
	586215  -  Run Bytes Sent By Job
	62734  -  Run Bytes Received By Job
	586215  -  Total Bytes Sent By Job
	62734  -  Total Bytes Received By Job
	Partitionable Resources :    Usage  Request          
	   Cpus                 :                 1          
	   Disk (KB)            :      659      659          
	   Memory (MB)          :       91       91          
...
000 (786043.000.000) 10/05 14:19:15 Job submitted from host: <18.12.1.74:45913>
...
001 (786043.000.000) 10/05 14:20:10 Job executing on host: <18.12.9.56:45329>
...
006 (786043.000.000) 10/05 14:20:19 Image size of job updated: 2
	3  -  MemoryUsage of job (MB)
	2368  -  ResidentSetSize of job (KB)
...
006 (786043.000.000) 10/05 14:22:31 Image size of job updated: 230780
	3  -  MemoryUsage of job (MB)
	2368  -  ResidentSetSize of job (KB)
...
005 (786043.000.000) 10/05 14:22:31 Job terminated.
	(1) Normal termination (return value 0)
		Usr 0 00:01:48, Sys 0 00:00:01  -  Run Remote Usage
		Usr 0 00:00:00, Sys 0 00:00:00  -  Run Local Usage
		Usr 0 00:01:48, Sys 0 00:00:01  -  Total Remote Usage
		Usr 0 00:00:00, Sys 0 00:00:00  -  Total Local Usage
	586690  -  Run Bytes Sent By Job
	62732  -  Run Bytes Received By Job
	586690  -  Total Bytes Sent By Job
	62732  -  Total Bytes Received By Job
	Partitionable Resources :    Usage  Request          
	   Cpus                 :                 1          
	   Disk (KB)            :      659      659          
	   Memory (MB)          :        3        3          
...
000 (786409.000.000) 10/07 09:51:28 Job submitted from host: <18.12.1.74:45913>
...
001 (786409.000.000) 10/07 09:53:42 Job executing on host: <18.12.8.239:46205>
...
006 (786409.000.000) 10/07 09:53:50 Image size of job updated: 187692
	73  -  MemoryUsage of job (MB)
	73884  -  ResidentSetSize of job (KB)
...
006 (786409.000.000) 10/07 09:57:30 Image size of job updated: 230776
	73  -  MemoryUsage of job (MB)
	73884  -  ResidentSetSize of job (KB)
...
005 (786409.000.000) 10/07 09:57:30 Job terminated.
	(1) Normal termination (return value 0)
		Usr 0 00:02:15, Sys 0 00:00:02  -  Run Remote Usage
		Usr 0 00:00:00, Sys 0 00:00:00  -  Run Local Usage
		Usr 0 00:02:15, Sys 0 00:00:02  -  Total Remote Usage
		Usr 0 00:00:00, Sys 0 00:00:00  -  Total Local Usage
	586301  -  Run Bytes Sent By Job
	62734  -  Run Bytes Received By Job
	586301  -  Total Bytes Sent By Job
	62734  -  Total Bytes Received By Job
	Partitionable Resources :    Usage  Request          
	   Cpus                 :                 1          
	   Disk (KB)            :      659      659          
	   Memory (MB)          :       73       73          
...
000 (786590.000.000) 10/07 11:13:00 Job submitted from host: <18.12.1.74:45913>
...
001 (786590.000.000) 10/07 11:25:21 Job executing on host: <18.12.9.6:46935>
...
006 (786590.000.000) 10/07 11:25:30 Image size of job updated: 230632
	97  -  MemoryUsage of job (MB)
	98324  -  ResidentSetSize of job (KB)
...
006 (786590.000.000) 10/07 11:29:14 Image size of job updated: 230764
	97  -  MemoryUsage of job (MB)
	98324  -  ResidentSetSize of job (KB)
...
005 (786590.000.000) 10/07 11:29:14 Job terminated.
	(1) Normal termination (return value 0)
		Usr 0 00:02:19, Sys 0 00:00:02  -  Run Remote Usage
		Usr 0 00:00:00, Sys 0 00:00:00  -  Run Local Usage
		Usr 0 00:02:19, Sys 0 00:00:02  -  Total Remote Usage
		Usr 0 00:00:00, Sys 0 00:00:00  -  Total Local Usage
	585454  -  Run Bytes Sent By Job
	62746  -  Run Bytes Received By Job
	585454  -  Total Bytes Sent By Job
	62746  -  Total Bytes Received By Job
	Partitionable Resources :    Usage  Request          
	   Cpus                 :                 1          
	   Disk (KB)            :      658      658          
	   Memory (MB)          :       97       97          
...
000 (787517.000.000) 10/08 12:42:45 Job submitted from host: <18.12.1.74:45913>
...
001 (787517.000.000) 10/08 12:50:06 Job executing on host: <18.12.9.74:45110>
...
006 (787517.000.000) 10/08 12:50:14 Image size of job updated: 93596
	3  -  MemoryUsage of job (MB)
	2420  -  ResidentSetSize of job (KB)
...
006 (787517.000.000) 10/08 12:52:34 Image size of job updated: 230760
	3  -  MemoryUsage of job (MB)
	2420  -  ResidentSetSize of job (KB)
...
005 (787517.000.000) 10/08 12:52:34 Job terminated.
	(1) Normal termination (return value 0)
		Usr 0 00:01:22, Sys 0 00:00:00  -  Run Remote Usage
		Usr 0 00:00:00, Sys 0 00:00:00  -  Run Local Usage
		Usr 0 00:01:22, Sys 0 00:00:00  -  Total Remote Usage
		Usr 0 00:00:00, Sys 0 00:00:00  -  Total Local Usage
	585527  -  Run Bytes Sent By Job
	62749  -  Run Bytes Received By Job
	585527  -  Total Bytes Sent By Job
	62749  -  Total Bytes Received By Job
	Partitionable Resources :    Usage  Request          
	   Cpus                 :                 1          
	   Disk (KB)            :      658      658          
	   Memory (MB)          :        3        3          
...
000 (787699.000.000) 10/08 14:27:17 Job submitted from host: <18.12.1.74:45913>
...
001 (787699.000.000) 10/08 14:42:46 Job executing on host: <18.12.9.83:43431>
...
006 (787699.000.000) 10/08 14:42:55 Image size of job updated: 187648
	71  -  MemoryUsage of job (MB)
	72456  -  ResidentSetSize of job (KB)
...
006 (787699.000.000) 10/08 14:45:35 Image size of job updated: 230764
	71  -  MemoryUsage of job (MB)
	72456  -  ResidentSetSize of job (KB)
...
005 (787699.000.000) 10/08 14:45:35 Job terminated.
	(1) Normal termination (return value 0)
		Usr 0 00:02:05, Sys 0 00:00:02  -  Run Remote Usage
		Usr 0 00:00:00, Sys 0 00:00:00  -  Run Local Usage
		Usr 0 00:02:05, Sys 0 00:00:02  -  Total Remote Usage
		Usr 0 00:00:00, Sys 0 00:00:00  -  Total Local Usage
	585723  -  Run Bytes Sent By Job
	62691  -  Run Bytes Received By Job
	585723  -  Total Bytes Sent By Job
	62691  -  Total Bytes Received By Job
	Partitionable Resources :    Usage  Request          
	   Cpus                 :                 1          
	   Disk (KB)            :      658      658          
	   Memory (MB)          :       71       71          
...
000 (787882.000.000) 10/08 15:16:38 Job submitted from host: <18.12.1.74:45913>
...
001 (787882.000.000) 10/08 15:26:07 Job executing on host: <18.12.8.65:48176>
...
006 (787882.000.000) 10/08 15:26:16 Image size of job updated: 2
	3  -  MemoryUsage of job (MB)
	2340  -  ResidentSetSize of job (KB)
...
006 (787882.000.000) 10/08 15:29:21 Image size of job updated: 230764
	3  -  MemoryUsage of job (MB)
	2340  -  ResidentSetSize of job (KB)
...
005 (787882.000.000) 10/08 15:29:22 Job terminated.
	(1) Normal termination (return value 0)
		Usr 0 00:02:20, Sys 0 00:00:03  -  Run Remote Usage
		Usr 0 00:00:00, Sys 0 00:00:00  -  Run Local Usage
		Usr 0 00:02:20, Sys 0 00:00:03  -  Total Remote Usage
		Usr 0 00:00:00, Sys 0 00:00:00  -  Total Local Usage
	585460  -  Run Bytes Sent By Job
	62696  -  Run Bytes Received By Job
	585460  -  Total Bytes Sent By Job
	62696  -  Total Bytes Received By Job
	Partitionable Resources :    Usage  Request          
	   Cpus                 :                 1          
	   Disk (KB)            :      658      658          
	   Memory (MB)          :        3        3          
...
000 (788792.000.000) 10/12 10:42:43 Job submitted from host: <18.12.1.74:45913>
...
001 (788792.000.000) 10/12 10:55:03 Job executing on host: <18.12.8.252:46059>
...
006 (788792.000.000) 10/12 10:55:12 Image size of job updated: 2
	3  -  MemoryUsage of job (MB)
	2348  -  ResidentSetSize of job (KB)
...
006 (788792.000.000) 10/12 10:59:09 Image size of job updated: 230760
	3  -  MemoryUsage of job (MB)
	2348  -  ResidentSetSize of job (KB)
...
005 (788792.000.000) 10/12 10:59:09 Job terminated.
	(1) Normal termination (return value 0)
		Usr 0 00:02:22, Sys 0 00:00:02  -  Run Remote Usage
		Usr 0 00:00:00, Sys 0 00:00:00  -  Run Local Usage
		Usr 0 00:02:22, Sys 0 00:00:02  -  Total Remote Usage
		Usr 0 00:00:00, Sys 0 00:00:00  -  Total Local Usage
	585254  -  Run Bytes Sent By Job
	62704  -  Run Bytes Received By Job
	585254  -  Total Bytes Sent By Job
	62704  -  Total Bytes Received By Job
	Partitionable Resources :    Usage  Request          
	   Cpus                 :                 1          
	   Disk (KB)            :      658      658          
	   Memory (MB)          :        3        3          
...
