
----------------------------------------------------
Job started on Thu Aug 20 21:09:03 EDT 2015 at WN: t2bat0338.cmsaf.mit.edu 
Job is running on Linux t2bat0338.cmsaf.mit.edu 2.6.32-358.el6.x86_64 #1 SMP Fri Feb 22 20:37:17 CST 2013 x86_64 x86_64 x86_64 GNU/Linux
Filesystem            Size  Used Avail Use% Mounted on
/dev/sda3              20G   14G  5.3G  73% /
tmpfs                  32G     0   32G   0% /dev/shm
/dev/sda1              97M   32M   61M  35% /boot
/dev/sda4             416G  110G  306G  27% /export/data1
fuse_dfs              4.9P  4.6P  323T  94% /mnt/hadoop
/dev/sdb1             3.6T  3.4T  248G  94% /export/00b
/dev/sdc1             3.6T  3.4T  264G  93% /export/00c
/dev/sdd1             3.6T  3.4T  258G  93% /export/00d
/dev/sde1             3.6T  3.4T  262G  93% /export/00e
/dev/sdf1             3.6T  3.4T  252G  94% /export/00f
/dev/sdg1             3.6T  3.4T  282G  93% /export/00g
cvmfs2                 98G   74G   24G  76% /cvmfs/cms.cern.ch
t2srv0004:/export/db  135G  187M  135G   1% /net/t2srv0004/db
cvmfs2                 98G   74G   24G  76% /cvmfs/cvmfs.cmsaf.mit.edu
gcc (GCC) 4.4.7 20120313 (Red Hat 4.4.7-3)
Copyright (C) 2010 Free Software Foundation, Inc.
This is free software; see the source for copying conditions.  There is NO
warranty; not even for MERCHANTABILITY or FITNESS FOR A PARTICULAR PURPOSE.

Processing...
0/191005
10000/191005
20000/191005
30000/191005
40000/191005
50000/191005
60000/191005
70000/191005
80000/191005
90000/191005
100000/191005
110000/191005
120000/191005
130000/191005
140000/191005
150000/191005
160000/191005
170000/191005
180000/191005
190000/191005
Macro finished: 
CPU time (min)  = 1.707
Real time (min) = 2.74717
total 1.7M
-rw-r--r--  1 obaron obaron  94K Aug 20 20:49 jetRAA_PbPb_data_akPu3_select.txt
-rw-r--r--  1 obaron obaron  70K Aug 20 20:49 RAA_read_data_pbpb.C
-rw-r--r--  1 obaron obaron 108K Aug 20 20:49 jetRAA_PbPb_data_forest.txt
-rw-r--r--  1 obaron obaron  94K Aug 20 20:49 jetRAA_PbPb_data_akPu2_select.txt
-rw-r--r--  1 obaron obaron  94K Aug 20 20:50 jetRAA_PbPb_data_akPu4_select.txt
-rw-r--r--  1 obaron obaron  11K Aug 20 20:57 RAA_read_data_pbpb_C.d
-rwxr-xr-x  1 obaron obaron 101K Aug 20 20:58 RAA_read_data_pbpb_C.so
-rw-rw-r--  1 obaron obaron  61K Aug 20 21:09 jetRAA_run_PbPb_Data.tar
-rwxr-xr-x  1 obaron obaron 1.2K Aug 20 21:09 condor_exec.exe
drwxr-xr-x 34 condor root   4.0K Aug 20 21:09 ..
-rw-r--r--  1 condor condor 5.4K Aug 20 21:09 .machine.ad
-rw-r--r--  1 condor condor  20K Aug 20 21:09 .job.ad
-rwx------  1 obaron obaron   49 Aug 20 21:09 .chirp.config
drwx------  2 obaron obaron 4.0K Aug 20 21:09 .
-rw-r--r--  1 obaron obaron  678 Aug 20 21:09 _condor_stderr
-rw-r--r--  1 obaron obaron 1.7K Aug 20 21:11 _condor_stdout
-rw-r--r--  1 obaron obaron 1.1M Aug 20 21:11 PbPb_Data_histograms_FromForest_pileupCutFIX_ZDCmCut_akPu2_20_eta_20_740.root
Done!
Copied output files to hadoop rootfiles/JetRAA/June29
