000 (556103.000.000) 08/12 11:33:44 Job submitted from host: <18.12.1.74:48322>
...
001 (556103.000.000) 08/12 11:58:20 Job executing on host: <18.12.8.244:40803>
...
006 (556103.000.000) 08/12 11:58:28 Image size of job updated: 228780
	92  -  MemoryUsage of job (MB)
	94096  -  ResidentSetSize of job (KB)
...
006 (556103.000.000) 08/12 12:00:07 Image size of job updated: 230012
	92  -  MemoryUsage of job (MB)
	94096  -  ResidentSetSize of job (KB)
...
005 (556103.000.000) 08/12 12:00:07 Job terminated.
	(1) Normal termination (return value 0)
		Usr 0 00:00:45, Sys 0 00:00:00  -  Run Remote Usage
		Usr 0 00:00:00, Sys 0 00:00:00  -  Run Local Usage
		Usr 0 00:00:45, Sys 0 00:00:00  -  Total Remote Usage
		Usr 0 00:00:00, Sys 0 00:00:00  -  Total Local Usage
	585873  -  Run Bytes Sent By Job
	62715  -  Run Bytes Received By Job
	585873  -  Total Bytes Sent By Job
	62715  -  Total Bytes Received By Job
	Partitionable Resources :    Usage  Request          
	   Cpus                 :                 1          
	   Disk (KB)            :      658      658          
	   Memory (MB)          :       92       92          
...
000 (566472.000.000) 08/20 21:06:28 Job submitted from host: <18.12.1.74:48322>
...
001 (566472.000.000) 08/20 21:07:01 Job executing on host: <18.12.8.239:42847>
...
006 (566472.000.000) 08/20 21:07:11 Image size of job updated: 2
	3  -  MemoryUsage of job (MB)
	2340  -  ResidentSetSize of job (KB)
...
006 (566472.000.000) 08/20 21:08:10 Image size of job updated: 230012
	3  -  MemoryUsage of job (MB)
	2340  -  ResidentSetSize of job (KB)
...
005 (566472.000.000) 08/20 21:14:28 Job terminated.
	(1) Normal termination (return value 0)
		Usr 0 00:00:37, Sys 0 00:00:00  -  Run Remote Usage
		Usr 0 00:00:00, Sys 0 00:00:00  -  Run Local Usage
		Usr 0 00:00:37, Sys 0 00:00:00  -  Total Remote Usage
		Usr 0 00:00:00, Sys 0 00:00:00  -  Total Local Usage
	585999  -  Run Bytes Sent By Job
	62731  -  Run Bytes Received By Job
	585999  -  Total Bytes Sent By Job
	62731  -  Total Bytes Received By Job
	Partitionable Resources :    Usage  Request          
	   Cpus                 :                 1          
	   Disk (KB)            :      659      659          
	   Memory (MB)          :        3        3          
...
000 (782477.000.000) 10/01 13:04:31 Job submitted from host: <18.12.1.74:47665>
...
001 (782477.000.000) 10/01 13:15:13 Job executing on host: <18.12.8.155:43431>
...
006 (782477.000.000) 10/01 13:15:22 Image size of job updated: 68260
	13  -  MemoryUsage of job (MB)
	12384  -  ResidentSetSize of job (KB)
...
006 (782477.000.000) 10/01 13:20:15 Image size of job updated: 230016
	13  -  MemoryUsage of job (MB)
	12384  -  ResidentSetSize of job (KB)
...
005 (782477.000.000) 10/01 13:20:16 Job terminated.
	(1) Normal termination (return value 0)
		Usr 0 00:00:41, Sys 0 00:00:01  -  Run Remote Usage
		Usr 0 00:00:00, Sys 0 00:00:00  -  Run Local Usage
		Usr 0 00:00:41, Sys 0 00:00:01  -  Total Remote Usage
		Usr 0 00:00:00, Sys 0 00:00:00  -  Total Local Usage
	586143  -  Run Bytes Sent By Job
	62730  -  Run Bytes Received By Job
	586143  -  Total Bytes Sent By Job
	62730  -  Total Bytes Received By Job
	Partitionable Resources :    Usage  Request          
	   Cpus                 :                 1          
	   Disk (KB)            :      659      659          
	   Memory (MB)          :       13       13          
...
000 (782658.000.000) 10/01 14:31:44 Job submitted from host: <18.12.1.74:47665>
...
001 (782658.000.000) 10/01 14:33:24 Job executing on host: <18.12.6.24:47957>
...
006 (782658.000.000) 10/01 14:33:33 Image size of job updated: 2
	2  -  MemoryUsage of job (MB)
	1720  -  ResidentSetSize of job (KB)
...
006 (782658.000.000) 10/01 14:37:57 Image size of job updated: 227172
	2  -  MemoryUsage of job (MB)
	1720  -  ResidentSetSize of job (KB)
...
005 (782658.000.000) 10/01 14:41:18 Job terminated.
	(1) Normal termination (return value 0)
		Usr 0 00:00:22, Sys 0 00:00:00  -  Run Remote Usage
		Usr 0 00:00:00, Sys 0 00:00:00  -  Run Local Usage
		Usr 0 00:00:22, Sys 0 00:00:00  -  Total Remote Usage
		Usr 0 00:00:00, Sys 0 00:00:00  -  Total Local Usage
	2221027  -  Run Bytes Sent By Job
	62736  -  Run Bytes Received By Job
	2221027  -  Total Bytes Sent By Job
	62736  -  Total Bytes Received By Job
	Partitionable Resources :    Usage  Request          
	   Cpus                 :                 1          
	   Disk (KB)            :     2255     2255          
	   Memory (MB)          :        2        2          
...
000 (788199.000.000) 10/09 09:23:44 Job submitted from host: <18.12.1.74:45913>
...
001 (788199.000.000) 10/09 09:24:11 Job executing on host: <18.12.6.95:45621>
...
006 (788199.000.000) 10/09 09:24:20 Image size of job updated: 13384
	2  -  MemoryUsage of job (MB)
	1988  -  ResidentSetSize of job (KB)
...
006 (788199.000.000) 10/09 09:25:47 Image size of job updated: 230024
	2  -  MemoryUsage of job (MB)
	1988  -  ResidentSetSize of job (KB)
...
005 (788199.000.000) 10/09 09:25:47 Job terminated.
	(1) Normal termination (return value 0)
		Usr 0 00:00:46, Sys 0 00:00:01  -  Run Remote Usage
		Usr 0 00:00:00, Sys 0 00:00:00  -  Run Local Usage
		Usr 0 00:00:46, Sys 0 00:00:01  -  Total Remote Usage
		Usr 0 00:00:00, Sys 0 00:00:00  -  Total Local Usage
	585572  -  Run Bytes Sent By Job
	62698  -  Run Bytes Received By Job
	585572  -  Total Bytes Sent By Job
	62698  -  Total Bytes Received By Job
	Partitionable Resources :    Usage  Request          
	   Cpus                 :                 1          
	   Disk (KB)            :      658      658          
	   Memory (MB)          :        2        2          
...
000 (788564.000.000) 10/12 09:48:04 Job submitted from host: <18.12.1.74:45913>
...
001 (788564.000.000) 10/12 09:57:41 Job executing on host: <18.12.6.96:46132>
...
006 (788564.000.000) 10/12 09:57:50 Image size of job updated: 192464
	77  -  MemoryUsage of job (MB)
	78208  -  ResidentSetSize of job (KB)
...
006 (788564.000.000) 10/12 09:59:00 Image size of job updated: 238216
	77  -  MemoryUsage of job (MB)
	78208  -  ResidentSetSize of job (KB)
...
005 (788564.000.000) 10/12 09:59:00 Job terminated.
	(1) Normal termination (return value 0)
		Usr 0 00:00:55, Sys 0 00:00:01  -  Run Remote Usage
		Usr 0 00:00:00, Sys 0 00:00:00  -  Run Local Usage
		Usr 0 00:00:55, Sys 0 00:00:01  -  Total Remote Usage
		Usr 0 00:00:00, Sys 0 00:00:00  -  Total Local Usage
	585149  -  Run Bytes Sent By Job
	62703  -  Run Bytes Received By Job
	585149  -  Total Bytes Sent By Job
	62703  -  Total Bytes Received By Job
	Partitionable Resources :    Usage  Request          
	   Cpus                 :                 1          
	   Disk (KB)            :      658      658          
	   Memory (MB)          :       77       77          
...
