000 (556000.000.000) 08/12 11:33:34 Job submitted from host: <18.12.1.74:48322>
...
001 (556000.000.000) 08/12 11:35:20 Job executing on host: <18.12.8.255:47738>
...
006 (556000.000.000) 08/12 11:35:28 Image size of job updated: 24512
	2  -  MemoryUsage of job (MB)
	1588  -  ResidentSetSize of job (KB)
...
006 (556000.000.000) 08/12 11:40:28 Image size of job updated: 230116
	85  -  MemoryUsage of job (MB)
	86384  -  ResidentSetSize of job (KB)
...
006 (556000.000.000) 08/12 11:45:29 Image size of job updated: 230116
	96  -  MemoryUsage of job (MB)
	97976  -  ResidentSetSize of job (KB)
...
005 (556000.000.000) 08/12 11:47:38 Job terminated.
	(1) Normal termination (return value 0)
		Usr 0 00:00:49, Sys 0 00:00:01  -  Run Remote Usage
		Usr 0 00:00:00, Sys 0 00:00:00  -  Run Local Usage
		Usr 0 00:00:49, Sys 0 00:00:01  -  Total Remote Usage
		Usr 0 00:00:00, Sys 0 00:00:00  -  Total Local Usage
	586123  -  Run Bytes Sent By Job
	62715  -  Run Bytes Received By Job
	586123  -  Total Bytes Sent By Job
	62715  -  Total Bytes Received By Job
	Partitionable Resources :    Usage  Request          
	   Cpus                 :                 1          
	   Disk (KB)            :      659      659          
	   Memory (MB)          :       96       96          
...
000 (566369.000.000) 08/20 20:59:43 Job submitted from host: <18.12.1.74:48322>
...
001 (566369.000.000) 08/20 21:00:34 Job executing on host: <18.12.8.14:43942>
...
006 (566369.000.000) 08/20 21:00:43 Image size of job updated: 2
	3  -  MemoryUsage of job (MB)
	2352  -  ResidentSetSize of job (KB)
...
006 (566369.000.000) 08/20 21:05:44 Image size of job updated: 230116
	109  -  MemoryUsage of job (MB)
	111084  -  ResidentSetSize of job (KB)
...
022 (566369.000.000) 08/20 21:07:16 Job disconnected, attempting to reconnect
    Socket between submit and execute hosts closed unexpectedly
    Trying to reconnect to slot29@t2bat0014.cmsaf.mit.edu <18.12.8.14:43942>
...
023 (566369.000.000) 08/20 21:07:17 Job reconnected to slot29@t2bat0014.cmsaf.mit.edu
    startd address: <18.12.8.14:43942>
    starter address: <18.12.8.14:46935>
...
005 (566369.000.000) 08/20 21:13:40 Job terminated.
	(1) Normal termination (return value 0)
		Usr 0 00:00:53, Sys 0 00:00:01  -  Run Remote Usage
		Usr 0 00:00:00, Sys 0 00:00:00  -  Run Local Usage
		Usr 0 00:00:53, Sys 0 00:00:01  -  Total Remote Usage
		Usr 0 00:00:00, Sys 0 00:00:00  -  Total Local Usage
	586367  -  Run Bytes Sent By Job
	62731  -  Run Bytes Received By Job
	586367  -  Total Bytes Sent By Job
	62731  -  Total Bytes Received By Job
	Partitionable Resources :    Usage  Request          
	   Cpus                 :                 1          
	   Disk (KB)            :      659      659          
	   Memory (MB)          :      109      109          
...
