000 (556040.000.000) 08/12 11:33:38 Job submitted from host: <18.12.1.74:48322>
...
001 (556040.000.000) 08/12 11:47:20 Job executing on host: <18.12.9.49:41460>
...
006 (556040.000.000) 08/12 11:47:29 Image size of job updated: 2
	3  -  MemoryUsage of job (MB)
	2340  -  ResidentSetSize of job (KB)
...
006 (556040.000.000) 08/12 11:52:30 Image size of job updated: 230080
	109  -  MemoryUsage of job (MB)
	110908  -  ResidentSetSize of job (KB)
...
005 (556040.000.000) 08/12 11:54:09 Job terminated.
	(1) Normal termination (return value 0)
		Usr 0 00:00:29, Sys 0 00:00:01  -  Run Remote Usage
		Usr 0 00:00:00, Sys 0 00:00:00  -  Run Local Usage
		Usr 0 00:00:29, Sys 0 00:00:01  -  Total Remote Usage
		Usr 0 00:00:00, Sys 0 00:00:00  -  Total Local Usage
	585902  -  Run Bytes Sent By Job
	62715  -  Run Bytes Received By Job
	585902  -  Total Bytes Sent By Job
	62715  -  Total Bytes Received By Job
	Partitionable Resources :    Usage  Request          
	   Cpus                 :                 1          
	   Disk (KB)            :      658      658          
	   Memory (MB)          :      109      109          
...
000 (566409.000.000) 08/20 21:01:50 Job submitted from host: <18.12.1.74:48322>
...
001 (566409.000.000) 08/20 21:02:04 Job executing on host: <18.12.8.216:40000>
...
006 (566409.000.000) 08/20 21:02:12 Image size of job updated: 69304
	14  -  MemoryUsage of job (MB)
	13428  -  ResidentSetSize of job (KB)
...
006 (566409.000.000) 08/20 21:03:18 Image size of job updated: 230080
	14  -  MemoryUsage of job (MB)
	13428  -  ResidentSetSize of job (KB)
...
022 (566409.000.000) 08/20 21:03:18 Job disconnected, attempting to reconnect
    Socket between submit and execute hosts closed unexpectedly
    Trying to reconnect to slot10@t2bat0216.cmsaf.mit.edu <18.12.8.216:40000>
...
023 (566409.000.000) 08/20 21:03:18 Job reconnected to slot10@t2bat0216.cmsaf.mit.edu
    startd address: <18.12.8.216:40000>
    starter address: <18.12.8.216:41241>
...
022 (566409.000.000) 08/20 21:03:19 Job disconnected, attempting to reconnect
    Socket between submit and execute hosts closed unexpectedly
    Trying to reconnect to slot10@t2bat0216.cmsaf.mit.edu <18.12.8.216:40000>
...
023 (566409.000.000) 08/20 21:03:19 Job reconnected to slot10@t2bat0216.cmsaf.mit.edu
    startd address: <18.12.8.216:40000>
    starter address: <18.12.8.216:41241>
...
022 (566409.000.000) 08/20 21:03:21 Job disconnected, attempting to reconnect
    Socket between submit and execute hosts closed unexpectedly
    Trying to reconnect to slot10@t2bat0216.cmsaf.mit.edu <18.12.8.216:40000>
...
023 (566409.000.000) 08/20 21:03:22 Job reconnected to slot10@t2bat0216.cmsaf.mit.edu
    startd address: <18.12.8.216:40000>
    starter address: <18.12.8.216:41241>
...
022 (566409.000.000) 08/20 21:03:22 Job disconnected, attempting to reconnect
    Socket between submit and execute hosts closed unexpectedly
    Trying to reconnect to slot10@t2bat0216.cmsaf.mit.edu <18.12.8.216:40000>
...
023 (566409.000.000) 08/20 21:03:22 Job reconnected to slot10@t2bat0216.cmsaf.mit.edu
    startd address: <18.12.8.216:40000>
    starter address: <18.12.8.216:41241>
...
005 (566409.000.000) 08/20 21:09:34 Job terminated.
	(1) Normal termination (return value 0)
		Usr 0 00:00:32, Sys 0 00:00:00  -  Run Remote Usage
		Usr 0 00:00:00, Sys 0 00:00:00  -  Run Local Usage
		Usr 0 00:00:32, Sys 0 00:00:00  -  Total Remote Usage
		Usr 0 00:00:00, Sys 0 00:00:00  -  Total Local Usage
	585975  -  Run Bytes Sent By Job
	62731  -  Run Bytes Received By Job
	585975  -  Total Bytes Sent By Job
	62731  -  Total Bytes Received By Job
	Partitionable Resources :    Usage  Request          
	   Cpus                 :                 1          
	   Disk (KB)            :      659      659          
	   Memory (MB)          :       14       14          
...
