000 (556428.000.000) 08/12 14:10:56 Job submitted from host: <18.12.1.74:48322>
...
001 (556428.000.000) 08/12 14:43:38 Job executing on host: <18.12.6.93:48103>
...
006 (556428.000.000) 08/12 14:43:47 Image size of job updated: 2
	3  -  MemoryUsage of job (MB)
	2344  -  ResidentSetSize of job (KB)
...
006 (556428.000.000) 08/12 14:48:48 Image size of job updated: 229984
	103  -  MemoryUsage of job (MB)
	105264  -  ResidentSetSize of job (KB)
...
005 (556428.000.000) 08/12 14:51:52 Job terminated.
	(1) Normal termination (return value 0)
		Usr 0 00:00:43, Sys 0 00:00:01  -  Run Remote Usage
		Usr 0 00:00:00, Sys 0 00:00:00  -  Run Local Usage
		Usr 0 00:00:43, Sys 0 00:00:01  -  Total Remote Usage
		Usr 0 00:00:00, Sys 0 00:00:00  -  Total Local Usage
	586185  -  Run Bytes Sent By Job
	62715  -  Run Bytes Received By Job
	586185  -  Total Bytes Sent By Job
	62715  -  Total Bytes Received By Job
	Partitionable Resources :    Usage  Request          
	   Cpus                 :                 1          
	   Disk (KB)            :      659      659          
	   Memory (MB)          :      103      103          
...
000 (557688.000.000) 08/13 11:57:31 Job submitted from host: <18.12.1.74:48322>
...
001 (557688.000.000) 08/13 12:37:45 Job executing on host: <18.12.9.37:49636>
...
006 (557688.000.000) 08/13 12:37:53 Image size of job updated: 187648
	71  -  MemoryUsage of job (MB)
	72580  -  ResidentSetSize of job (KB)
...
006 (557688.000.000) 08/13 12:42:54 Image size of job updated: 229988
	108  -  MemoryUsage of job (MB)
	110176  -  ResidentSetSize of job (KB)
...
005 (557688.000.000) 08/13 12:43:02 Job terminated.
	(1) Normal termination (return value 0)
		Usr 0 00:00:39, Sys 0 00:00:01  -  Run Remote Usage
		Usr 0 00:00:00, Sys 0 00:00:00  -  Run Local Usage
		Usr 0 00:00:39, Sys 0 00:00:01  -  Total Remote Usage
		Usr 0 00:00:00, Sys 0 00:00:00  -  Total Local Usage
	586412  -  Run Bytes Sent By Job
	62715  -  Run Bytes Received By Job
	586412  -  Total Bytes Sent By Job
	62715  -  Total Bytes Received By Job
	Partitionable Resources :    Usage  Request          
	   Cpus                 :                 1          
	   Disk (KB)            :      659      659          
	   Memory (MB)          :      108      108          
...
000 (558204.000.000) 08/13 14:31:14 Job submitted from host: <18.12.1.74:48322>
...
001 (558204.000.000) 08/13 15:05:00 Job executing on host: <18.12.6.31:42701>
...
006 (558204.000.000) 08/13 15:05:08 Image size of job updated: 224896
	92  -  MemoryUsage of job (MB)
	93700  -  ResidentSetSize of job (KB)
...
006 (558204.000.000) 08/13 15:07:08 Image size of job updated: 229988
	92  -  MemoryUsage of job (MB)
	93700  -  ResidentSetSize of job (KB)
...
005 (558204.000.000) 08/13 15:07:09 Job terminated.
	(1) Normal termination (return value 0)
		Usr 0 00:00:35, Sys 0 00:00:00  -  Run Remote Usage
		Usr 0 00:00:00, Sys 0 00:00:00  -  Run Local Usage
		Usr 0 00:00:35, Sys 0 00:00:00  -  Total Remote Usage
		Usr 0 00:00:00, Sys 0 00:00:00  -  Total Local Usage
	585861  -  Run Bytes Sent By Job
	62714  -  Run Bytes Received By Job
	585861  -  Total Bytes Sent By Job
	62714  -  Total Bytes Received By Job
	Partitionable Resources :    Usage  Request          
	   Cpus                 :                 1          
	   Disk (KB)            :      659      659          
	   Memory (MB)          :       92       92          
...
000 (565541.000.000) 08/20 12:55:51 Job submitted from host: <18.12.1.74:48322>
...
001 (565541.000.000) 08/20 12:56:55 Job executing on host: <18.12.9.27:43942>
...
006 (565541.000.000) 08/20 12:57:04 Image size of job updated: 193792
	78  -  MemoryUsage of job (MB)
	79544  -  ResidentSetSize of job (KB)
...
006 (565541.000.000) 08/20 12:59:34 Image size of job updated: 229984
	78  -  MemoryUsage of job (MB)
	79544  -  ResidentSetSize of job (KB)
...
005 (565541.000.000) 08/20 13:06:09 Job terminated.
	(1) Normal termination (return value 0)
		Usr 0 00:00:38, Sys 0 00:00:01  -  Run Remote Usage
		Usr 0 00:00:00, Sys 0 00:00:00  -  Run Local Usage
		Usr 0 00:00:38, Sys 0 00:00:01  -  Total Remote Usage
		Usr 0 00:00:00, Sys 0 00:00:00  -  Total Local Usage
	586323  -  Run Bytes Sent By Job
	62731  -  Run Bytes Received By Job
	586323  -  Total Bytes Sent By Job
	62731  -  Total Bytes Received By Job
	Partitionable Resources :    Usage  Request          
	   Cpus                 :                 1          
	   Disk (KB)            :      659      659          
	   Memory (MB)          :       78       78          
...
000 (783034.000.000) 10/02 11:06:30 Job submitted from host: <18.12.1.74:41314>
...
001 (783034.000.000) 10/02 11:14:02 Job executing on host: <18.12.12.4:44088>
...
006 (783034.000.000) 10/02 11:14:02 Image size of job updated: 2
	0  -  MemoryUsage of job (MB)
	0  -  ResidentSetSize of job (KB)
...
005 (783034.000.000) 10/02 11:19:13 Job terminated.
	(1) Normal termination (return value 0)
		Usr 0 00:00:00, Sys 0 00:00:00  -  Run Remote Usage
		Usr 0 00:00:00, Sys 0 00:00:00  -  Run Local Usage
		Usr 0 00:00:00, Sys 0 00:00:00  -  Total Remote Usage
		Usr 0 00:00:00, Sys 0 00:00:00  -  Total Local Usage
	585490  -  Run Bytes Sent By Job
	62733  -  Run Bytes Received By Job
	585490  -  Total Bytes Sent By Job
	62733  -  Total Bytes Received By Job
	Partitionable Resources :    Usage  Request          
	   Cpus                 :                 1          
	   Disk (KB)            :      658      658          
	   Memory (MB)          :        0        0          
...
000 (783215.000.000) 10/02 16:13:28 Job submitted from host: <18.12.1.74:45913>
...
001 (783215.000.000) 10/02 16:14:29 Job executing on host: <18.12.8.154:45110>
...
006 (783215.000.000) 10/02 16:14:30 Image size of job updated: 2
	0  -  MemoryUsage of job (MB)
	0  -  ResidentSetSize of job (KB)
...
005 (783215.000.000) 10/02 16:14:30 Job terminated.
	(1) Normal termination (return value 0)
		Usr 0 00:00:00, Sys 0 00:00:00  -  Run Remote Usage
		Usr 0 00:00:00, Sys 0 00:00:00  -  Run Local Usage
		Usr 0 00:00:00, Sys 0 00:00:00  -  Total Remote Usage
		Usr 0 00:00:00, Sys 0 00:00:00  -  Total Local Usage
	585339  -  Run Bytes Sent By Job
	62733  -  Run Bytes Received By Job
	585339  -  Total Bytes Sent By Job
	62733  -  Total Bytes Received By Job
	Partitionable Resources :    Usage  Request          
	   Cpus                 :                 1          
	   Disk (KB)            :      658      658          
	   Memory (MB)          :        0        0          
...
000 (783396.000.000) 10/02 16:48:49 Job submitted from host: <18.12.1.74:45913>
...
001 (783396.000.000) 10/02 16:48:54 Job executing on host: <18.12.9.76:43139>
...
006 (783396.000.000) 10/02 16:48:54 Image size of job updated: 2
	0  -  MemoryUsage of job (MB)
	0  -  ResidentSetSize of job (KB)
...
005 (783396.000.000) 10/02 16:48:55 Job terminated.
	(1) Normal termination (return value 0)
		Usr 0 00:00:00, Sys 0 00:00:00  -  Run Remote Usage
		Usr 0 00:00:00, Sys 0 00:00:00  -  Run Local Usage
		Usr 0 00:00:00, Sys 0 00:00:00  -  Total Remote Usage
		Usr 0 00:00:00, Sys 0 00:00:00  -  Total Local Usage
	585830  -  Run Bytes Sent By Job
	62733  -  Run Bytes Received By Job
	585830  -  Total Bytes Sent By Job
	62733  -  Total Bytes Received By Job
	Partitionable Resources :    Usage  Request          
	   Cpus                 :                 1          
	   Disk (KB)            :      659      659          
	   Memory (MB)          :        0        0          
...
000 (783579.000.000) 10/05 09:25:50 Job submitted from host: <18.12.1.74:45913>
...
001 (783579.000.000) 10/05 09:26:10 Job executing on host: <18.12.6.93:44745>
...
006 (783579.000.000) 10/05 09:26:13 Image size of job updated: 13384
	0  -  MemoryUsage of job (MB)
	0  -  ResidentSetSize of job (KB)
...
005 (783579.000.000) 10/05 09:26:14 Job terminated.
	(1) Normal termination (return value 0)
		Usr 0 00:00:00, Sys 0 00:00:00  -  Run Remote Usage
		Usr 0 00:00:00, Sys 0 00:00:00  -  Run Local Usage
		Usr 0 00:00:00, Sys 0 00:00:00  -  Total Remote Usage
		Usr 0 00:00:00, Sys 0 00:00:00  -  Total Local Usage
	585650  -  Run Bytes Sent By Job
	62732  -  Run Bytes Received By Job
	585650  -  Total Bytes Sent By Job
	62732  -  Total Bytes Received By Job
	Partitionable Resources :    Usage  Request          
	   Cpus                 :                 1          
	   Disk (KB)            :      658      658          
	   Memory (MB)          :        0        0          
...
000 (783760.000.000) 10/05 10:00:26 Job submitted from host: <18.12.1.74:45913>
...
001 (783760.000.000) 10/05 10:00:53 Job executing on host: <18.12.8.224:42044>
...
006 (783760.000.000) 10/05 10:00:57 Image size of job updated: 2
	0  -  MemoryUsage of job (MB)
	0  -  ResidentSetSize of job (KB)
...
005 (783760.000.000) 10/05 10:00:57 Job terminated.
	(1) Normal termination (return value 0)
		Usr 0 00:00:00, Sys 0 00:00:00  -  Run Remote Usage
		Usr 0 00:00:00, Sys 0 00:00:00  -  Run Local Usage
		Usr 0 00:00:00, Sys 0 00:00:00  -  Total Remote Usage
		Usr 0 00:00:00, Sys 0 00:00:00  -  Total Local Usage
	585337  -  Run Bytes Sent By Job
	62731  -  Run Bytes Received By Job
	585337  -  Total Bytes Sent By Job
	62731  -  Total Bytes Received By Job
	Partitionable Resources :    Usage  Request          
	   Cpus                 :                 1          
	   Disk (KB)            :      658      658          
	   Memory (MB)          :        0        0          
...
000 (783942.000.000) 10/05 12:25:16 Job submitted from host: <18.12.1.74:45913>
...
001 (783942.000.000) 10/05 12:25:29 Job executing on host: <18.12.9.63:46716>
...
006 (783942.000.000) 10/05 12:25:29 Image size of job updated: 2
	0  -  MemoryUsage of job (MB)
	0  -  ResidentSetSize of job (KB)
...
005 (783942.000.000) 10/05 12:25:31 Job terminated.
	(1) Normal termination (return value 0)
		Usr 0 00:00:00, Sys 0 00:00:00  -  Run Remote Usage
		Usr 0 00:00:00, Sys 0 00:00:00  -  Run Local Usage
		Usr 0 00:00:00, Sys 0 00:00:00  -  Total Remote Usage
		Usr 0 00:00:00, Sys 0 00:00:00  -  Total Local Usage
	586026  -  Run Bytes Sent By Job
	62732  -  Run Bytes Received By Job
	586026  -  Total Bytes Sent By Job
	62732  -  Total Bytes Received By Job
	Partitionable Resources :    Usage  Request          
	   Cpus                 :                 1          
	   Disk (KB)            :      659      659          
	   Memory (MB)          :        0        0          
...
000 (784123.000.000) 10/05 12:28:50 Job submitted from host: <18.12.1.74:45913>
...
001 (784123.000.000) 10/05 12:29:20 Job executing on host: <18.12.8.13:48541>
...
006 (784123.000.000) 10/05 12:29:29 Image size of job updated: 2
	3  -  MemoryUsage of job (MB)
	2348  -  ResidentSetSize of job (KB)
...
006 (784123.000.000) 10/05 12:31:09 Image size of job updated: 229984
	3  -  MemoryUsage of job (MB)
	2348  -  ResidentSetSize of job (KB)
...
005 (784123.000.000) 10/05 12:31:09 Job terminated.
	(1) Normal termination (return value 0)
		Usr 0 00:00:34, Sys 0 00:00:01  -  Run Remote Usage
		Usr 0 00:00:00, Sys 0 00:00:00  -  Run Local Usage
		Usr 0 00:00:34, Sys 0 00:00:01  -  Total Remote Usage
		Usr 0 00:00:00, Sys 0 00:00:00  -  Total Local Usage
	587056  -  Run Bytes Sent By Job
	62733  -  Run Bytes Received By Job
	587056  -  Total Bytes Sent By Job
	62733  -  Total Bytes Received By Job
	Partitionable Resources :    Usage  Request          
	   Cpus                 :                 1          
	   Disk (KB)            :      660      660          
	   Memory (MB)          :        3        3          
...
000 (786192.000.000) 10/05 14:34:46 Job submitted from host: <18.12.1.74:45913>
...
001 (786192.000.000) 10/05 14:36:05 Job executing on host: <18.12.9.33:44307>
...
006 (786192.000.000) 10/05 14:36:14 Image size of job updated: 2
	3  -  MemoryUsage of job (MB)
	2364  -  ResidentSetSize of job (KB)
...
006 (786192.000.000) 10/05 14:38:58 Image size of job updated: 229988
	3  -  MemoryUsage of job (MB)
	2364  -  ResidentSetSize of job (KB)
...
005 (786192.000.000) 10/05 14:38:58 Job terminated.
	(1) Normal termination (return value 0)
		Usr 0 00:00:38, Sys 0 00:00:00  -  Run Remote Usage
		Usr 0 00:00:00, Sys 0 00:00:00  -  Run Local Usage
		Usr 0 00:00:38, Sys 0 00:00:00  -  Total Remote Usage
		Usr 0 00:00:00, Sys 0 00:00:00  -  Total Local Usage
	586685  -  Run Bytes Sent By Job
	62729  -  Run Bytes Received By Job
	586685  -  Total Bytes Sent By Job
	62729  -  Total Bytes Received By Job
	Partitionable Resources :    Usage  Request          
	   Cpus                 :                 1          
	   Disk (KB)            :      659      659          
	   Memory (MB)          :        3        3          
...
000 (788031.000.000) 10/08 16:10:15 Job submitted from host: <18.12.1.74:45913>
...
001 (788031.000.000) 10/08 16:22:54 Job executing on host: <18.12.8.173:43139>
...
006 (788031.000.000) 10/08 16:23:03 Image size of job updated: 102728
	17  -  MemoryUsage of job (MB)
	17400  -  ResidentSetSize of job (KB)
...
006 (788031.000.000) 10/08 16:24:30 Image size of job updated: 229968
	17  -  MemoryUsage of job (MB)
	17400  -  ResidentSetSize of job (KB)
...
005 (788031.000.000) 10/08 16:24:31 Job terminated.
	(1) Normal termination (return value 0)
		Usr 0 00:00:30, Sys 0 00:00:00  -  Run Remote Usage
		Usr 0 00:00:00, Sys 0 00:00:00  -  Run Local Usage
		Usr 0 00:00:30, Sys 0 00:00:00  -  Total Remote Usage
		Usr 0 00:00:00, Sys 0 00:00:00  -  Total Local Usage
	585231  -  Run Bytes Sent By Job
	62697  -  Run Bytes Received By Job
	585231  -  Total Bytes Sent By Job
	62697  -  Total Bytes Received By Job
	Partitionable Resources :    Usage  Request          
	   Cpus                 :                 1          
	   Disk (KB)            :      658      658          
	   Memory (MB)          :       17       17          
...
000 (788394.000.000) 10/09 10:00:35 Job submitted from host: <18.12.1.74:45913>
...
001 (788394.000.000) 10/09 10:10:20 Job executing on host: <18.12.9.55:45694>
...
006 (788394.000.000) 10/09 10:10:28 Image size of job updated: 2
	3  -  MemoryUsage of job (MB)
	2352  -  ResidentSetSize of job (KB)
...
006 (788394.000.000) 10/09 10:11:21 Image size of job updated: 230004
	3  -  MemoryUsage of job (MB)
	2352  -  ResidentSetSize of job (KB)
...
005 (788394.000.000) 10/09 10:11:21 Job terminated.
	(1) Normal termination (return value 0)
		Usr 0 00:00:35, Sys 0 00:00:01  -  Run Remote Usage
		Usr 0 00:00:00, Sys 0 00:00:00  -  Run Local Usage
		Usr 0 00:00:35, Sys 0 00:00:01  -  Total Remote Usage
		Usr 0 00:00:00, Sys 0 00:00:00  -  Total Local Usage
	585286  -  Run Bytes Sent By Job
	62694  -  Run Bytes Received By Job
	585286  -  Total Bytes Sent By Job
	62694  -  Total Bytes Received By Job
	Partitionable Resources :    Usage  Request          
	   Cpus                 :                 1          
	   Disk (KB)            :      658      658          
	   Memory (MB)          :        3        3          
...
000 (788941.000.000) 10/12 11:22:15 Job submitted from host: <18.12.1.74:45913>
...
001 (788941.000.000) 10/12 11:36:28 Job executing on host: <18.12.12.1:45256>
...
006 (788941.000.000) 10/12 11:36:36 Image size of job updated: 124364
	18  -  MemoryUsage of job (MB)
	17700  -  ResidentSetSize of job (KB)
...
006 (788941.000.000) 10/12 11:38:08 Image size of job updated: 230020
	18  -  MemoryUsage of job (MB)
	17700  -  ResidentSetSize of job (KB)
...
005 (788941.000.000) 10/12 11:38:08 Job terminated.
	(1) Normal termination (return value 0)
		Usr 0 00:00:45, Sys 0 00:00:01  -  Run Remote Usage
		Usr 0 00:00:00, Sys 0 00:00:00  -  Run Local Usage
		Usr 0 00:00:45, Sys 0 00:00:01  -  Total Remote Usage
		Usr 0 00:00:00, Sys 0 00:00:00  -  Total Local Usage
	585264  -  Run Bytes Sent By Job
	62702  -  Run Bytes Received By Job
	585264  -  Total Bytes Sent By Job
	62702  -  Total Bytes Received By Job
	Partitionable Resources :    Usage  Request          
	   Cpus                 :                 1          
	   Disk (KB)            :      658      658          
	   Memory (MB)          :       18       18          
...
