000 (556135.000.000) 08/12 11:33:48 Job submitted from host: <18.12.1.74:48322>
...
001 (556135.000.000) 08/12 12:01:31 Job executing on host: <18.12.8.209:42336>
...
006 (556135.000.000) 08/12 12:01:40 Image size of job updated: 144996
	29  -  MemoryUsage of job (MB)
	28736  -  ResidentSetSize of job (KB)
...
006 (556135.000.000) 08/12 12:06:41 Image size of job updated: 230476
	88  -  MemoryUsage of job (MB)
	89124  -  ResidentSetSize of job (KB)
...
006 (556135.000.000) 08/12 12:11:41 Image size of job updated: 230476
	98  -  MemoryUsage of job (MB)
	99460  -  ResidentSetSize of job (KB)
...
006 (556135.000.000) 08/12 12:16:41 Image size of job updated: 230476
	98  -  MemoryUsage of job (MB)
	99516  -  ResidentSetSize of job (KB)
...
005 (556135.000.000) 08/12 12:17:13 Job terminated.
	(1) Normal termination (return value 0)
		Usr 0 00:01:20, Sys 0 00:00:01  -  Run Remote Usage
		Usr 0 00:00:00, Sys 0 00:00:00  -  Run Local Usage
		Usr 0 00:01:20, Sys 0 00:00:01  -  Total Remote Usage
		Usr 0 00:00:00, Sys 0 00:00:00  -  Total Local Usage
	585992  -  Run Bytes Sent By Job
	62715  -  Run Bytes Received By Job
	585992  -  Total Bytes Sent By Job
	62715  -  Total Bytes Received By Job
	Partitionable Resources :    Usage  Request          
	   Cpus                 :                 1          
	   Disk (KB)            :      659      659          
	   Memory (MB)          :       98       98          
...
000 (566504.000.000) 08/20 21:08:25 Job submitted from host: <18.12.1.74:48322>
...
001 (566504.000.000) 08/20 21:09:01 Job executing on host: <18.12.9.35:44891>
...
006 (566504.000.000) 08/20 21:09:11 Image size of job updated: 2
	3  -  MemoryUsage of job (MB)
	2348  -  ResidentSetSize of job (KB)
...
006 (566504.000.000) 08/20 21:14:12 Image size of job updated: 230468
	111  -  MemoryUsage of job (MB)
	113588  -  ResidentSetSize of job (KB)
...
005 (566504.000.000) 08/20 21:22:20 Job terminated.
	(1) Normal termination (return value 0)
		Usr 0 00:01:31, Sys 0 00:00:02  -  Run Remote Usage
		Usr 0 00:00:00, Sys 0 00:00:00  -  Run Local Usage
		Usr 0 00:01:31, Sys 0 00:00:02  -  Total Remote Usage
		Usr 0 00:00:00, Sys 0 00:00:00  -  Total Local Usage
	586454  -  Run Bytes Sent By Job
	62731  -  Run Bytes Received By Job
	586454  -  Total Bytes Sent By Job
	62731  -  Total Bytes Received By Job
	Partitionable Resources :    Usage  Request          
	   Cpus                 :                 1          
	   Disk (KB)            :      659      659          
	   Memory (MB)          :      111      111          
...
000 (782509.000.000) 10/01 13:04:35 Job submitted from host: <18.12.1.74:47665>
...
001 (782509.000.000) 10/01 13:16:27 Job executing on host: <18.12.8.133:47665>
...
006 (782509.000.000) 10/01 13:16:35 Image size of job updated: 229276
	95  -  MemoryUsage of job (MB)
	96616  -  ResidentSetSize of job (KB)
...
006 (782509.000.000) 10/01 13:21:35 Image size of job updated: 230472
	101  -  MemoryUsage of job (MB)
	103212  -  ResidentSetSize of job (KB)
...
005 (782509.000.000) 10/01 13:24:48 Job terminated.
	(1) Normal termination (return value 0)
		Usr 0 00:01:04, Sys 0 00:00:01  -  Run Remote Usage
		Usr 0 00:00:00, Sys 0 00:00:00  -  Run Local Usage
		Usr 0 00:01:04, Sys 0 00:00:01  -  Total Remote Usage
		Usr 0 00:00:00, Sys 0 00:00:00  -  Total Local Usage
	586262  -  Run Bytes Sent By Job
	62730  -  Run Bytes Received By Job
	586262  -  Total Bytes Sent By Job
	62730  -  Total Bytes Received By Job
	Partitionable Resources :    Usage  Request          
	   Cpus                 :                 1          
	   Disk (KB)            :      659      659          
	   Memory (MB)          :      101      101          
...
000 (782690.000.000) 10/01 14:32:16 Job submitted from host: <18.12.1.74:47665>
...
001 (782690.000.000) 10/01 14:34:11 Job executing on host: <18.12.6.56:47592>
...
006 (782690.000.000) 10/01 14:34:21 Image size of job updated: 192464
	77  -  MemoryUsage of job (MB)
	78264  -  ResidentSetSize of job (KB)
...
006 (782690.000.000) 10/01 14:38:04 Image size of job updated: 227488
	77  -  MemoryUsage of job (MB)
	78264  -  ResidentSetSize of job (KB)
...
005 (782690.000.000) 10/01 14:41:17 Job terminated.
	(1) Normal termination (return value 0)
		Usr 0 00:00:47, Sys 0 00:00:01  -  Run Remote Usage
		Usr 0 00:00:00, Sys 0 00:00:00  -  Run Local Usage
		Usr 0 00:00:47, Sys 0 00:00:01  -  Total Remote Usage
		Usr 0 00:00:00, Sys 0 00:00:00  -  Total Local Usage
	4004419  -  Run Bytes Sent By Job
	62736  -  Run Bytes Received By Job
	4004419  -  Total Bytes Sent By Job
	62736  -  Total Bytes Received By Job
	Partitionable Resources :    Usage  Request          
	   Cpus                 :                 1          
	   Disk (KB)            :     3997     3997          
	   Memory (MB)          :       77       77          
...
000 (788231.000.000) 10/09 09:23:47 Job submitted from host: <18.12.1.74:45913>
...
001 (788231.000.000) 10/09 09:24:17 Job executing on host: <18.12.12.67:45621>
...
006 (788231.000.000) 10/09 09:24:26 Image size of job updated: 2
	3  -  MemoryUsage of job (MB)
	2344  -  ResidentSetSize of job (KB)
...
006 (788231.000.000) 10/09 09:27:02 Image size of job updated: 230456
	3  -  MemoryUsage of job (MB)
	2344  -  ResidentSetSize of job (KB)
...
005 (788231.000.000) 10/09 09:27:03 Job terminated.
	(1) Normal termination (return value 0)
		Usr 0 00:01:44, Sys 0 00:00:01  -  Run Remote Usage
		Usr 0 00:00:00, Sys 0 00:00:00  -  Run Local Usage
		Usr 0 00:01:44, Sys 0 00:00:01  -  Total Remote Usage
		Usr 0 00:00:00, Sys 0 00:00:00  -  Total Local Usage
	585220  -  Run Bytes Sent By Job
	62698  -  Run Bytes Received By Job
	585220  -  Total Bytes Sent By Job
	62698  -  Total Bytes Received By Job
	Partitionable Resources :    Usage  Request          
	   Cpus                 :                 1          
	   Disk (KB)            :      658      658          
	   Memory (MB)          :        3        3          
...
000 (788596.000.000) 10/12 09:48:07 Job submitted from host: <18.12.1.74:45913>
...
001 (788596.000.000) 10/12 09:59:09 Job executing on host: <18.12.8.221:45767>
...
006 (788596.000.000) 10/12 09:59:18 Image size of job updated: 2
	3  -  MemoryUsage of job (MB)
	2360  -  ResidentSetSize of job (KB)
...
006 (788596.000.000) 10/12 10:01:23 Image size of job updated: 230456
	3  -  MemoryUsage of job (MB)
	2360  -  ResidentSetSize of job (KB)
...
005 (788596.000.000) 10/12 10:01:24 Job terminated.
	(1) Normal termination (return value 0)
		Usr 0 00:01:39, Sys 0 00:00:02  -  Run Remote Usage
		Usr 0 00:00:00, Sys 0 00:00:00  -  Run Local Usage
		Usr 0 00:01:39, Sys 0 00:00:02  -  Total Remote Usage
		Usr 0 00:00:00, Sys 0 00:00:00  -  Total Local Usage
	585172  -  Run Bytes Sent By Job
	62703  -  Run Bytes Received By Job
	585172  -  Total Bytes Sent By Job
	62703  -  Total Bytes Received By Job
	Partitionable Resources :    Usage  Request          
	   Cpus                 :                 1          
	   Disk (KB)            :      658      658          
	   Memory (MB)          :        3        3          
...
