000 (556077.000.000) 08/12 11:33:42 Job submitted from host: <18.12.1.74:48322>
...
001 (556077.000.000) 08/12 11:53:20 Job executing on host: <18.12.8.239:42847>
...
006 (556077.000.000) 08/12 11:53:28 Image size of job updated: 2
	3  -  MemoryUsage of job (MB)
	2344  -  ResidentSetSize of job (KB)
...
006 (556077.000.000) 08/12 11:58:28 Image size of job updated: 230636
	101  -  MemoryUsage of job (MB)
	103220  -  ResidentSetSize of job (KB)
...
005 (556077.000.000) 08/12 12:00:41 Job terminated.
	(1) Normal termination (return value 0)
		Usr 0 00:01:35, Sys 0 00:00:01  -  Run Remote Usage
		Usr 0 00:00:00, Sys 0 00:00:00  -  Run Local Usage
		Usr 0 00:01:35, Sys 0 00:00:01  -  Total Remote Usage
		Usr 0 00:00:00, Sys 0 00:00:00  -  Total Local Usage
	586034  -  Run Bytes Sent By Job
	62715  -  Run Bytes Received By Job
	586034  -  Total Bytes Sent By Job
	62715  -  Total Bytes Received By Job
	Partitionable Resources :    Usage  Request          
	   Cpus                 :                 1          
	   Disk (KB)            :      659      659          
	   Memory (MB)          :      101      101          
...
000 (566446.000.000) 08/20 21:04:02 Job submitted from host: <18.12.1.74:48322>
...
007 (566446.000.000) 08/20 21:05:22 Shadow exception!
	Error from slot27@t2bat0297.cmsaf.mit.edu: Failed to transfer files
	0  -  Run Bytes Sent By Job
	0  -  Run Bytes Received By Job
...
001 (566446.000.000) 08/20 21:05:31 Job executing on host: <18.12.9.31:49271>
...
006 (566446.000.000) 08/20 21:05:41 Image size of job updated: 187688
	71  -  MemoryUsage of job (MB)
	72584  -  ResidentSetSize of job (KB)
...
006 (566446.000.000) 08/20 21:10:41 Image size of job updated: 230492
	101  -  MemoryUsage of job (MB)
	102948  -  ResidentSetSize of job (KB)
...
006 (566446.000.000) 08/20 21:13:18 Image size of job updated: 230628
	101  -  MemoryUsage of job (MB)
	102948  -  ResidentSetSize of job (KB)
...
005 (566446.000.000) 08/20 21:19:43 Job terminated.
	(1) Normal termination (return value 0)
		Usr 0 00:01:44, Sys 0 00:00:03  -  Run Remote Usage
		Usr 0 00:00:00, Sys 0 00:00:00  -  Run Local Usage
		Usr 0 00:01:44, Sys 0 00:00:03  -  Total Remote Usage
		Usr 0 00:00:00, Sys 0 00:00:00  -  Total Local Usage
	586496  -  Run Bytes Sent By Job
	62731  -  Run Bytes Received By Job
	586496  -  Total Bytes Sent By Job
	62731  -  Total Bytes Received By Job
	Partitionable Resources :    Usage  Request          
	   Cpus                 :                 1          
	   Disk (KB)            :      659      659          
	   Memory (MB)          :      101      101          
...
