000 (554213.000.000) 08/11 09:09:03 Job submitted from host: <18.12.1.74:48322>
...
001 (554213.000.000) 08/11 09:09:20 Job executing on host: <18.12.8.240:44818>
...
006 (554213.000.000) 08/11 09:09:29 Image size of job updated: 193764
	82  -  MemoryUsage of job (MB)
	83264  -  ResidentSetSize of job (KB)
...
006 (554213.000.000) 08/11 09:10:17 Image size of job updated: 230052
	82  -  MemoryUsage of job (MB)
	83264  -  ResidentSetSize of job (KB)
...
005 (554213.000.000) 08/11 09:10:17 Job terminated.
	(1) Normal termination (return value 0)
		Usr 0 00:00:28, Sys 0 00:00:00  -  Run Remote Usage
		Usr 0 00:00:00, Sys 0 00:00:00  -  Run Local Usage
		Usr 0 00:00:28, Sys 0 00:00:00  -  Total Remote Usage
		Usr 0 00:00:00, Sys 0 00:00:00  -  Total Local Usage
	585850  -  Run Bytes Sent By Job
	62717  -  Run Bytes Received By Job
	585850  -  Total Bytes Sent By Job
	62717  -  Total Bytes Received By Job
	Partitionable Resources :    Usage  Request          
	   Cpus                 :                 1          
	   Disk (KB)            :      658      658          
	   Memory (MB)          :       82       82          
...
000 (557928.000.000) 08/13 13:34:16 Job submitted from host: <18.12.1.74:48322>
...
001 (557928.000.000) 08/13 13:45:56 Job executing on host: <18.12.9.47:41168>
...
006 (557928.000.000) 08/13 13:46:04 Image size of job updated: 2
	3  -  MemoryUsage of job (MB)
	2344  -  ResidentSetSize of job (KB)
...
006 (557928.000.000) 08/13 13:47:38 Image size of job updated: 230048
	3  -  MemoryUsage of job (MB)
	2344  -  ResidentSetSize of job (KB)
...
005 (557928.000.000) 08/13 13:47:38 Job terminated.
	(1) Normal termination (return value 0)
		Usr 0 00:00:32, Sys 0 00:00:00  -  Run Remote Usage
		Usr 0 00:00:00, Sys 0 00:00:00  -  Run Local Usage
		Usr 0 00:00:32, Sys 0 00:00:00  -  Total Remote Usage
		Usr 0 00:00:00, Sys 0 00:00:00  -  Total Local Usage
	586120  -  Run Bytes Sent By Job
	62720  -  Run Bytes Received By Job
	586120  -  Total Bytes Sent By Job
	62720  -  Total Bytes Received By Job
	Partitionable Resources :    Usage  Request          
	   Cpus                 :                 1          
	   Disk (KB)            :      659      659          
	   Memory (MB)          :        3        3          
...
000 (566219.000.000) 08/20 20:20:44 Job submitted from host: <18.12.1.74:48322>
...
001 (566219.000.000) 08/20 20:21:01 Job executing on host: <18.12.9.34:48906>
...
006 (566219.000.000) 08/20 20:21:11 Image size of job updated: 93584
	2  -  MemoryUsage of job (MB)
	1272  -  ResidentSetSize of job (KB)
...
006 (566219.000.000) 08/20 20:23:33 Image size of job updated: 230052
	2  -  MemoryUsage of job (MB)
	1272  -  ResidentSetSize of job (KB)
...
005 (566219.000.000) 08/20 20:30:08 Job terminated.
	(1) Normal termination (return value 0)
		Usr 0 00:00:34, Sys 0 00:00:01  -  Run Remote Usage
		Usr 0 00:00:00, Sys 0 00:00:00  -  Run Local Usage
		Usr 0 00:00:34, Sys 0 00:00:01  -  Total Remote Usage
		Usr 0 00:00:00, Sys 0 00:00:00  -  Total Local Usage
	586455  -  Run Bytes Sent By Job
	62732  -  Run Bytes Received By Job
	586455  -  Total Bytes Sent By Job
	62732  -  Total Bytes Received By Job
	Partitionable Resources :    Usage  Request          
	   Cpus                 :                 1          
	   Disk (KB)            :      659      659          
	   Memory (MB)          :        2        2          
...
