
----------------------------------------------------
Job started on Mon Aug 10 16:57:41 EDT 2015 at WN: t2bat0308.cmsaf.mit.edu 
Job is running on Linux t2bat0308.cmsaf.mit.edu 2.6.32-358.el6.x86_64 #1 SMP Fri Feb 22 20:37:17 CST 2013 x86_64 x86_64 x86_64 GNU/Linux
Filesystem            Size  Used Avail Use% Mounted on
/dev/sda3              20G  3.4G   16G  18% /
tmpfs                  32G     0   32G   0% /dev/shm
/dev/sda1              97M   32M   61M  35% /boot
/dev/sda4             416G   18G  398G   5% /export/data1
fuse_dfs              4.9P  4.7P  235T  96% /mnt/hadoop
/dev/sdb1             3.6T  3.5T  170G  96% /export/00b
/dev/sdc1             3.6T  3.5T  178G  96% /export/00c
/dev/sdd1             3.6T  3.5T  173G  96% /export/00d
/dev/sde1             3.6T  3.5T  179G  96% /export/00e
/dev/sdf1             3.6T  3.5T  172G  96% /export/00f
/dev/sdg1             3.6T  3.4T  208G  95% /export/00g
t2srv0004:/export/db  135G  187M  135G   1% /net/t2srv0004/db
cvmfs2                 98G   15G   84G  15% /cvmfs/cms.cern.ch
gcc (GCC) 4.4.7 20120313 (Red Hat 4.4.7-3)
Copyright (C) 2010 Free Software Foundation, Inc.
This is free software; see the source for copying conditions.  There is NO
warranty; not even for MERCHANTABILITY or FITNESS FOR A PARTICULAR PURPOSE.

Processing...
0/414
Macro finished: 
CPU time (min)  = 0.009
Real time (min) = 0.0211234
total 1.3M
-rw-r--r--  1 obaron obaron 108K Aug 10 16:53 jetRAA_PbPb_data_forest.txt
-rw-r--r--  1 obaron obaron  94K Aug 10 16:53 jetRAA_PbPb_data_akPu4_select.txt
-rw-r--r--  1 obaron obaron  94K Aug 10 16:53 jetRAA_PbPb_data_akPu3_select.txt
-rw-r--r--  1 obaron obaron  94K Aug 10 16:53 jetRAA_PbPb_data_akPu2_select.txt
-rw-r--r--  1 obaron obaron  70K Aug 10 16:53 RAA_read_data_pbpb.C
-rw-r--r--  1 obaron obaron  11K Aug 10 16:57 RAA_read_data_pbpb_C.d
-rwxr-xr-x  1 obaron obaron 101K Aug 10 16:57 RAA_read_data_pbpb_C.so
-rw-rw-r--  1 obaron obaron  61K Aug 10 16:57 jetRAA_run_PbPb_Data.tar
-rwxr-xr-x  1 obaron obaron 1.2K Aug 10 16:57 condor_exec.exe
drwxr-xr-x 29 condor root   4.0K Aug 10 16:57 ..
-rw-r--r--  1 condor condor 5.4K Aug 10 16:57 .machine.ad
-rw-r--r--  1 condor condor  20K Aug 10 16:57 .job.ad
-rwx------  1 obaron obaron   49 Aug 10 16:57 .chirp.config
drwx------  2 obaron obaron 4.0K Aug 10 16:57 .
-rw-r--r--  1 obaron obaron  678 Aug 10 16:57 _condor_stderr
-rw-r--r--  1 obaron obaron 1.4K Aug 10 16:57 _condor_stdout
-rw-r--r--  1 obaron obaron 537K Aug 10 16:57 PbPb_Data_histograms_FromForest_pileupCutFIX_ZDCmCut_akPu3_20_eta_20_7.root
Done!
Copied output files to hadoop rootfiles/JetRAA/June29
