000 (554319.000.000) 08/11 09:09:20 Job submitted from host: <18.12.1.74:48322>
...
001 (554319.000.000) 08/11 09:09:53 Job executing on host: <18.12.12.14:48760>
...
006 (554319.000.000) 08/11 09:10:01 Image size of job updated: 189704
	74  -  MemoryUsage of job (MB)
	75660  -  ResidentSetSize of job (KB)
...
006 (554319.000.000) 08/11 09:12:14 Image size of job updated: 230400
	74  -  MemoryUsage of job (MB)
	75660  -  ResidentSetSize of job (KB)
...
005 (554319.000.000) 08/11 09:12:14 Job terminated.
	(1) Normal termination (return value 0)
		Usr 0 00:01:10, Sys 0 00:00:01  -  Run Remote Usage
		Usr 0 00:00:00, Sys 0 00:00:00  -  Run Local Usage
		Usr 0 00:01:10, Sys 0 00:00:01  -  Total Remote Usage
		Usr 0 00:00:00, Sys 0 00:00:00  -  Total Local Usage
	585976  -  Run Bytes Sent By Job
	62717  -  Run Bytes Received By Job
	585976  -  Total Bytes Sent By Job
	62717  -  Total Bytes Received By Job
	Partitionable Resources :    Usage  Request          
	   Cpus                 :                 1          
	   Disk (KB)            :      658      658          
	   Memory (MB)          :       74       74          
...
000 (558034.000.000) 08/13 13:34:26 Job submitted from host: <18.12.1.74:48322>
...
001 (558034.000.000) 08/13 14:03:21 Job executing on host: <18.12.8.199:40730>
...
006 (558034.000.000) 08/13 14:03:30 Image size of job updated: 2
	3  -  MemoryUsage of job (MB)
	2344  -  ResidentSetSize of job (KB)
...
006 (558034.000.000) 08/13 14:08:09 Image size of job updated: 230404
	3  -  MemoryUsage of job (MB)
	2344  -  ResidentSetSize of job (KB)
...
005 (558034.000.000) 08/13 14:08:09 Job terminated.
	(1) Normal termination (return value 0)
		Usr 0 00:01:39, Sys 0 00:00:02  -  Run Remote Usage
		Usr 0 00:00:00, Sys 0 00:00:00  -  Run Local Usage
		Usr 0 00:01:39, Sys 0 00:00:02  -  Total Remote Usage
		Usr 0 00:00:00, Sys 0 00:00:00  -  Total Local Usage
	586193  -  Run Bytes Sent By Job
	62720  -  Run Bytes Received By Job
	586193  -  Total Bytes Sent By Job
	62720  -  Total Bytes Received By Job
	Partitionable Resources :    Usage  Request          
	   Cpus                 :                 1          
	   Disk (KB)            :      659      659          
	   Memory (MB)          :        3        3          
...
000 (566325.000.000) 08/20 20:28:12 Job submitted from host: <18.12.1.74:48322>
...
001 (566325.000.000) 08/20 20:29:12 Job executing on host: <18.12.8.13:49782>
...
006 (566325.000.000) 08/20 20:29:21 Image size of job updated: 2
	3  -  MemoryUsage of job (MB)
	2348  -  ResidentSetSize of job (KB)
...
006 (566325.000.000) 08/20 20:34:22 Image size of job updated: 230400
	113  -  MemoryUsage of job (MB)
	114944  -  ResidentSetSize of job (KB)
...
005 (566325.000.000) 08/20 20:42:42 Job terminated.
	(1) Normal termination (return value 0)
		Usr 0 00:01:30, Sys 0 00:00:02  -  Run Remote Usage
		Usr 0 00:00:00, Sys 0 00:00:00  -  Run Local Usage
		Usr 0 00:01:30, Sys 0 00:00:02  -  Total Remote Usage
		Usr 0 00:00:00, Sys 0 00:00:00  -  Total Local Usage
	586584  -  Run Bytes Sent By Job
	62732  -  Run Bytes Received By Job
	586584  -  Total Bytes Sent By Job
	62732  -  Total Bytes Received By Job
	Partitionable Resources :    Usage  Request          
	   Cpus                 :                 1          
	   Disk (KB)            :      659      659          
	   Memory (MB)          :      113      113          
...
000 (782873.000.000) 10/01 15:59:15 Job submitted from host: <18.12.1.74:47665>
...
001 (782873.000.000) 10/01 16:00:50 Job executing on host: <18.12.8.201:41606>
...
006 (782873.000.000) 10/01 16:01:01 Image size of job updated: 2
	3  -  MemoryUsage of job (MB)
	2348  -  ResidentSetSize of job (KB)
...
006 (782873.000.000) 10/01 16:06:01 Image size of job updated: 230408
	100  -  MemoryUsage of job (MB)
	102192  -  ResidentSetSize of job (KB)
...
005 (782873.000.000) 10/01 16:11:49 Job terminated.
	(1) Normal termination (return value 0)
		Usr 0 00:01:08, Sys 0 00:00:01  -  Run Remote Usage
		Usr 0 00:00:00, Sys 0 00:00:00  -  Run Local Usage
		Usr 0 00:01:08, Sys 0 00:00:01  -  Total Remote Usage
		Usr 0 00:00:00, Sys 0 00:00:00  -  Total Local Usage
	586101  -  Run Bytes Sent By Job
	62734  -  Run Bytes Received By Job
	586101  -  Total Bytes Sent By Job
	62734  -  Total Bytes Received By Job
	Partitionable Resources :    Usage  Request          
	   Cpus                 :                 1          
	   Disk (KB)            :      659      659          
	   Memory (MB)          :      100      100          
...
000 (786031.000.000) 10/05 14:19:12 Job submitted from host: <18.12.1.74:45913>
...
001 (786031.000.000) 10/05 14:20:05 Job executing on host: <18.12.8.80:47008>
...
006 (786031.000.000) 10/05 14:20:13 Image size of job updated: 187724
	71  -  MemoryUsage of job (MB)
	72552  -  ResidentSetSize of job (KB)
...
006 (786031.000.000) 10/05 14:22:09 Image size of job updated: 230404
	71  -  MemoryUsage of job (MB)
	72552  -  ResidentSetSize of job (KB)
...
005 (786031.000.000) 10/05 14:22:09 Job terminated.
	(1) Normal termination (return value 0)
		Usr 0 00:01:15, Sys 0 00:00:02  -  Run Remote Usage
		Usr 0 00:00:00, Sys 0 00:00:00  -  Run Local Usage
		Usr 0 00:01:15, Sys 0 00:00:02  -  Total Remote Usage
		Usr 0 00:00:00, Sys 0 00:00:00  -  Total Local Usage
	586451  -  Run Bytes Sent By Job
	62732  -  Run Bytes Received By Job
	586451  -  Total Bytes Sent By Job
	62732  -  Total Bytes Received By Job
	Partitionable Resources :    Usage  Request          
	   Cpus                 :                 1          
	   Disk (KB)            :      659      659          
	   Memory (MB)          :       71       71          
...
000 (786397.000.000) 10/07 09:51:27 Job submitted from host: <18.12.1.74:45913>
...
001 (786397.000.000) 10/07 09:53:27 Job executing on host: <18.12.12.10:46132>
...
006 (786397.000.000) 10/07 09:53:35 Image size of job updated: 2
	3  -  MemoryUsage of job (MB)
	2348  -  ResidentSetSize of job (KB)
...
006 (786397.000.000) 10/07 09:55:46 Image size of job updated: 230404
	3  -  MemoryUsage of job (MB)
	2348  -  ResidentSetSize of job (KB)
...
005 (786397.000.000) 10/07 09:55:46 Job terminated.
	(1) Normal termination (return value 0)
		Usr 0 00:01:26, Sys 0 00:00:01  -  Run Remote Usage
		Usr 0 00:00:00, Sys 0 00:00:00  -  Run Local Usage
		Usr 0 00:01:26, Sys 0 00:00:01  -  Total Remote Usage
		Usr 0 00:00:00, Sys 0 00:00:00  -  Total Local Usage
	586260  -  Run Bytes Sent By Job
	62734  -  Run Bytes Received By Job
	586260  -  Total Bytes Sent By Job
	62734  -  Total Bytes Received By Job
	Partitionable Resources :    Usage  Request          
	   Cpus                 :                 1          
	   Disk (KB)            :      659      659          
	   Memory (MB)          :        3        3          
...
000 (786578.000.000) 10/07 11:12:58 Job submitted from host: <18.12.1.74:45913>
...
001 (786578.000.000) 10/07 11:21:47 Job executing on host: <18.12.9.63:46716>
...
006 (786578.000.000) 10/07 11:21:56 Image size of job updated: 2
	3  -  MemoryUsage of job (MB)
	2356  -  ResidentSetSize of job (KB)
...
006 (786578.000.000) 10/07 11:23:48 Image size of job updated: 230388
	3  -  MemoryUsage of job (MB)
	2356  -  ResidentSetSize of job (KB)
...
005 (786578.000.000) 10/07 11:23:48 Job terminated.
	(1) Normal termination (return value 0)
		Usr 0 00:01:21, Sys 0 00:00:01  -  Run Remote Usage
		Usr 0 00:00:00, Sys 0 00:00:00  -  Run Local Usage
		Usr 0 00:01:21, Sys 0 00:00:01  -  Total Remote Usage
		Usr 0 00:00:00, Sys 0 00:00:00  -  Total Local Usage
	585396  -  Run Bytes Sent By Job
	62746  -  Run Bytes Received By Job
	585396  -  Total Bytes Sent By Job
	62746  -  Total Bytes Received By Job
	Partitionable Resources :    Usage  Request          
	   Cpus                 :                 1          
	   Disk (KB)            :      658      658          
	   Memory (MB)          :        3        3          
...
000 (787505.000.000) 10/08 12:42:44 Job submitted from host: <18.12.1.74:45913>
...
001 (787505.000.000) 10/08 12:49:57 Job executing on host: <18.12.9.78:43066>
...
006 (787505.000.000) 10/08 12:50:05 Image size of job updated: 2
	3  -  MemoryUsage of job (MB)
	2356  -  ResidentSetSize of job (KB)
...
006 (787505.000.000) 10/08 12:51:25 Image size of job updated: 230392
	3  -  MemoryUsage of job (MB)
	2356  -  ResidentSetSize of job (KB)
...
005 (787505.000.000) 10/08 12:51:25 Job terminated.
	(1) Normal termination (return value 0)
		Usr 0 00:01:07, Sys 0 00:00:01  -  Run Remote Usage
		Usr 0 00:00:00, Sys 0 00:00:00  -  Run Local Usage
		Usr 0 00:01:07, Sys 0 00:00:01  -  Total Remote Usage
		Usr 0 00:00:00, Sys 0 00:00:00  -  Total Local Usage
	585184  -  Run Bytes Sent By Job
	62749  -  Run Bytes Received By Job
	585184  -  Total Bytes Sent By Job
	62749  -  Total Bytes Received By Job
	Partitionable Resources :    Usage  Request          
	   Cpus                 :                 1          
	   Disk (KB)            :      658      658          
	   Memory (MB)          :        3        3          
...
000 (787687.000.000) 10/08 14:27:16 Job submitted from host: <18.12.1.74:45913>
...
001 (787687.000.000) 10/08 14:38:02 Job executing on host: <18.12.12.11:44964>
...
006 (787687.000.000) 10/08 14:38:10 Image size of job updated: 2
	3  -  MemoryUsage of job (MB)
	2344  -  ResidentSetSize of job (KB)
...
006 (787687.000.000) 10/08 14:40:43 Image size of job updated: 230376
	3  -  MemoryUsage of job (MB)
	2344  -  ResidentSetSize of job (KB)
...
005 (787687.000.000) 10/08 14:40:43 Job terminated.
	(1) Normal termination (return value 0)
		Usr 0 00:01:30, Sys 0 00:00:02  -  Run Remote Usage
		Usr 0 00:00:00, Sys 0 00:00:00  -  Run Local Usage
		Usr 0 00:01:30, Sys 0 00:00:02  -  Total Remote Usage
		Usr 0 00:00:00, Sys 0 00:00:00  -  Total Local Usage
	585349  -  Run Bytes Sent By Job
	62691  -  Run Bytes Received By Job
	585349  -  Total Bytes Sent By Job
	62691  -  Total Bytes Received By Job
	Partitionable Resources :    Usage  Request          
	   Cpus                 :                 1          
	   Disk (KB)            :      658      658          
	   Memory (MB)          :        3        3          
...
000 (787870.000.000) 10/08 15:16:37 Job submitted from host: <18.12.1.74:45913>
...
001 (787870.000.000) 10/08 15:24:42 Job executing on host: <18.12.9.68:47957>
...
006 (787870.000.000) 10/08 15:24:50 Image size of job updated: 2
	3  -  MemoryUsage of job (MB)
	2352  -  ResidentSetSize of job (KB)
...
006 (787870.000.000) 10/08 15:26:38 Image size of job updated: 230392
	3  -  MemoryUsage of job (MB)
	2352  -  ResidentSetSize of job (KB)
...
005 (787870.000.000) 10/08 15:26:38 Job terminated.
	(1) Normal termination (return value 0)
		Usr 0 00:01:24, Sys 0 00:00:01  -  Run Remote Usage
		Usr 0 00:00:00, Sys 0 00:00:00  -  Run Local Usage
		Usr 0 00:01:24, Sys 0 00:00:01  -  Total Remote Usage
		Usr 0 00:00:00, Sys 0 00:00:00  -  Total Local Usage
	585404  -  Run Bytes Sent By Job
	62696  -  Run Bytes Received By Job
	585404  -  Total Bytes Sent By Job
	62696  -  Total Bytes Received By Job
	Partitionable Resources :    Usage  Request          
	   Cpus                 :                 1          
	   Disk (KB)            :      658      658          
	   Memory (MB)          :        3        3          
...
000 (788780.000.000) 10/12 10:42:41 Job submitted from host: <18.12.1.74:45913>
...
001 (788780.000.000) 10/12 10:51:38 Job executing on host: <18.12.9.41:45840>
...
006 (788780.000.000) 10/12 10:51:46 Image size of job updated: 2
	3  -  MemoryUsage of job (MB)
	2348  -  ResidentSetSize of job (KB)
...
006 (788780.000.000) 10/12 10:56:46 Image size of job updated: 230432
	112  -  MemoryUsage of job (MB)
	114436  -  ResidentSetSize of job (KB)
...
005 (788780.000.000) 10/12 10:58:13 Job terminated.
	(1) Normal termination (return value 0)
		Usr 0 00:01:23, Sys 0 00:00:03  -  Run Remote Usage
		Usr 0 00:00:00, Sys 0 00:00:00  -  Run Local Usage
		Usr 0 00:01:23, Sys 0 00:00:03  -  Total Remote Usage
		Usr 0 00:00:00, Sys 0 00:00:00  -  Total Local Usage
	585777  -  Run Bytes Sent By Job
	62704  -  Run Bytes Received By Job
	585777  -  Total Bytes Sent By Job
	62704  -  Total Bytes Received By Job
	Partitionable Resources :    Usage  Request          
	   Cpus                 :                 1          
	   Disk (KB)            :      659      659          
	   Memory (MB)          :      112      112          
...
