000 (556465.000.000) 08/12 14:11:00 Job submitted from host: <18.12.1.74:48322>
...
001 (556465.000.000) 08/12 14:49:29 Job executing on host: <18.12.9.82:48979>
...
006 (556465.000.000) 08/12 14:49:38 Image size of job updated: 2
	3  -  MemoryUsage of job (MB)
	2348  -  ResidentSetSize of job (KB)
...
006 (556465.000.000) 08/12 14:54:39 Image size of job updated: 230364
	110  -  MemoryUsage of job (MB)
	111772  -  ResidentSetSize of job (KB)
...
006 (556465.000.000) 08/12 14:59:40 Image size of job updated: 230364
	110  -  MemoryUsage of job (MB)
	111968  -  ResidentSetSize of job (KB)
...
005 (556465.000.000) 08/12 15:01:34 Job terminated.
	(1) Normal termination (return value 0)
		Usr 0 00:01:09, Sys 0 00:00:03  -  Run Remote Usage
		Usr 0 00:00:00, Sys 0 00:00:00  -  Run Local Usage
		Usr 0 00:01:09, Sys 0 00:00:03  -  Total Remote Usage
		Usr 0 00:00:00, Sys 0 00:00:00  -  Total Local Usage
	586023  -  Run Bytes Sent By Job
	62715  -  Run Bytes Received By Job
	586023  -  Total Bytes Sent By Job
	62715  -  Total Bytes Received By Job
	Partitionable Resources :    Usage  Request          
	   Cpus                 :                 1          
	   Disk (KB)            :      659      659          
	   Memory (MB)          :      110      110          
...
000 (557725.000.000) 08/13 11:57:35 Job submitted from host: <18.12.1.74:48322>
...
001 (557725.000.000) 08/13 12:44:25 Job executing on host: <18.12.9.52:43066>
...
006 (557725.000.000) 08/13 12:44:33 Image size of job updated: 2
	3  -  MemoryUsage of job (MB)
	2348  -  ResidentSetSize of job (KB)
...
006 (557725.000.000) 08/13 12:46:18 Image size of job updated: 230328
	3  -  MemoryUsage of job (MB)
	2348  -  ResidentSetSize of job (KB)
...
005 (557725.000.000) 08/13 12:46:18 Job terminated.
	(1) Normal termination (return value 0)
		Usr 0 00:01:05, Sys 0 00:00:01  -  Run Remote Usage
		Usr 0 00:00:00, Sys 0 00:00:00  -  Run Local Usage
		Usr 0 00:01:05, Sys 0 00:00:01  -  Total Remote Usage
		Usr 0 00:00:00, Sys 0 00:00:00  -  Total Local Usage
	586237  -  Run Bytes Sent By Job
	62715  -  Run Bytes Received By Job
	586237  -  Total Bytes Sent By Job
	62715  -  Total Bytes Received By Job
	Partitionable Resources :    Usage  Request          
	   Cpus                 :                 1          
	   Disk (KB)            :      659      659          
	   Memory (MB)          :        3        3          
...
000 (558241.000.000) 08/13 14:31:17 Job submitted from host: <18.12.1.74:48322>
...
001 (558241.000.000) 08/13 15:11:15 Job executing on host: <18.12.9.63:42190>
...
006 (558241.000.000) 08/13 15:11:23 Image size of job updated: 2
	3  -  MemoryUsage of job (MB)
	2356  -  ResidentSetSize of job (KB)
...
006 (558241.000.000) 08/13 15:13:57 Image size of job updated: 230364
	3  -  MemoryUsage of job (MB)
	2356  -  ResidentSetSize of job (KB)
...
005 (558241.000.000) 08/13 15:13:58 Job terminated.
	(1) Normal termination (return value 0)
		Usr 0 00:01:10, Sys 0 00:00:01  -  Run Remote Usage
		Usr 0 00:00:00, Sys 0 00:00:00  -  Run Local Usage
		Usr 0 00:01:10, Sys 0 00:00:01  -  Total Remote Usage
		Usr 0 00:00:00, Sys 0 00:00:00  -  Total Local Usage
	586022  -  Run Bytes Sent By Job
	62714  -  Run Bytes Received By Job
	586022  -  Total Bytes Sent By Job
	62714  -  Total Bytes Received By Job
	Partitionable Resources :    Usage  Request          
	   Cpus                 :                 1          
	   Disk (KB)            :      659      659          
	   Memory (MB)          :        3        3          
...
000 (565578.000.000) 08/20 12:59:29 Job submitted from host: <18.12.1.74:48322>
...
001 (565578.000.000) 08/20 12:59:47 Job executing on host: <18.12.8.228:44161>
...
006 (565578.000.000) 08/20 12:59:56 Image size of job updated: 230364
	95  -  MemoryUsage of job (MB)
	97044  -  ResidentSetSize of job (KB)
...
005 (565578.000.000) 08/20 13:08:34 Job terminated.
	(1) Normal termination (return value 0)
		Usr 0 00:01:24, Sys 0 00:00:01  -  Run Remote Usage
		Usr 0 00:00:00, Sys 0 00:00:00  -  Run Local Usage
		Usr 0 00:01:24, Sys 0 00:00:01  -  Total Remote Usage
		Usr 0 00:00:00, Sys 0 00:00:00  -  Total Local Usage
	586093  -  Run Bytes Sent By Job
	62731  -  Run Bytes Received By Job
	586093  -  Total Bytes Sent By Job
	62731  -  Total Bytes Received By Job
	Partitionable Resources :    Usage  Request          
	   Cpus                 :                 1          
	   Disk (KB)            :      659      659          
	   Memory (MB)          :       95       95          
...
