000 (556074.000.000) 08/12 11:33:41 Job submitted from host: <18.12.1.74:48322>
...
001 (556074.000.000) 08/12 11:53:11 Job executing on host: <18.12.8.78:47446>
...
006 (556074.000.000) 08/12 11:53:19 Image size of job updated: 191156
	76  -  MemoryUsage of job (MB)
	77144  -  ResidentSetSize of job (KB)
...
006 (556074.000.000) 08/12 11:58:16 Image size of job updated: 230452
	76  -  MemoryUsage of job (MB)
	77144  -  ResidentSetSize of job (KB)
...
005 (556074.000.000) 08/12 11:58:16 Job terminated.
	(1) Normal termination (return value 0)
		Usr 0 00:01:45, Sys 0 00:00:04  -  Run Remote Usage
		Usr 0 00:00:00, Sys 0 00:00:00  -  Run Local Usage
		Usr 0 00:01:45, Sys 0 00:00:04  -  Total Remote Usage
		Usr 0 00:00:00, Sys 0 00:00:00  -  Total Local Usage
	586238  -  Run Bytes Sent By Job
	62715  -  Run Bytes Received By Job
	586238  -  Total Bytes Sent By Job
	62715  -  Total Bytes Received By Job
	Partitionable Resources :    Usage  Request          
	   Cpus                 :                 1          
	   Disk (KB)            :      659      659          
	   Memory (MB)          :       76       76          
...
000 (566443.000.000) 08/20 21:03:43 Job submitted from host: <18.12.1.74:48322>
...
001 (566443.000.000) 08/20 21:04:08 Job executing on host: <18.12.9.47:41168>
...
006 (566443.000.000) 08/20 21:04:20 Image size of job updated: 224808
	92  -  MemoryUsage of job (MB)
	94044  -  ResidentSetSize of job (KB)
...
006 (566443.000.000) 08/20 21:06:18 Image size of job updated: 230452
	92  -  MemoryUsage of job (MB)
	94044  -  ResidentSetSize of job (KB)
...
022 (566443.000.000) 08/20 21:06:19 Job disconnected, attempting to reconnect
    Socket between submit and execute hosts closed unexpectedly
    Trying to reconnect to slot27@t2bat0303.cmsaf.mit.edu <18.12.9.47:41168>
...
023 (566443.000.000) 08/20 21:06:21 Job reconnected to slot27@t2bat0303.cmsaf.mit.edu
    startd address: <18.12.9.47:41168>
    starter address: <18.12.9.47:46644>
...
022 (566443.000.000) 08/20 21:06:24 Job disconnected, attempting to reconnect
    Socket between submit and execute hosts closed unexpectedly
    Trying to reconnect to slot27@t2bat0303.cmsaf.mit.edu <18.12.9.47:41168>
...
023 (566443.000.000) 08/20 21:06:24 Job reconnected to slot27@t2bat0303.cmsaf.mit.edu
    startd address: <18.12.9.47:41168>
    starter address: <18.12.9.47:46644>
...
005 (566443.000.000) 08/20 21:12:26 Job terminated.
	(1) Normal termination (return value 0)
		Usr 0 00:01:19, Sys 0 00:00:01  -  Run Remote Usage
		Usr 0 00:00:00, Sys 0 00:00:00  -  Run Local Usage
		Usr 0 00:01:19, Sys 0 00:00:01  -  Total Remote Usage
		Usr 0 00:00:00, Sys 0 00:00:00  -  Total Local Usage
	586205  -  Run Bytes Sent By Job
	62731  -  Run Bytes Received By Job
	586205  -  Total Bytes Sent By Job
	62731  -  Total Bytes Received By Job
	Partitionable Resources :    Usage  Request          
	   Cpus                 :                 1          
	   Disk (KB)            :      659      659          
	   Memory (MB)          :       92       92          
...
