000 (556323.000.000) 08/12 14:10:45 Job submitted from host: <18.12.1.74:48322>
...
001 (556323.000.000) 08/12 14:20:25 Job executing on host: <18.12.9.57:41971>
...
006 (556323.000.000) 08/12 14:20:33 Image size of job updated: 193752
	82  -  MemoryUsage of job (MB)
	82964  -  ResidentSetSize of job (KB)
...
006 (556323.000.000) 08/12 14:25:33 Image size of job updated: 230112
	99  -  MemoryUsage of job (MB)
	100836  -  ResidentSetSize of job (KB)
...
006 (556323.000.000) 08/12 14:30:34 Image size of job updated: 230376
	102  -  MemoryUsage of job (MB)
	103684  -  ResidentSetSize of job (KB)
...
005 (556323.000.000) 08/12 14:33:57 Job terminated.
	(1) Normal termination (return value 0)
		Usr 0 00:00:46, Sys 0 00:00:02  -  Run Remote Usage
		Usr 0 00:00:00, Sys 0 00:00:00  -  Run Local Usage
		Usr 0 00:00:46, Sys 0 00:00:02  -  Total Remote Usage
		Usr 0 00:00:00, Sys 0 00:00:00  -  Total Local Usage
	586043  -  Run Bytes Sent By Job
	62715  -  Run Bytes Received By Job
	586043  -  Total Bytes Sent By Job
	62715  -  Total Bytes Received By Job
	Partitionable Resources :    Usage  Request          
	   Cpus                 :                 1          
	   Disk (KB)            :      659      659          
	   Memory (MB)          :      102      102          
...
000 (557583.000.000) 08/13 11:57:20 Job submitted from host: <18.12.1.74:48322>
...
001 (557583.000.000) 08/13 12:09:01 Job executing on host: <18.12.9.52:43066>
...
006 (557583.000.000) 08/13 12:09:09 Image size of job updated: 230120
	93  -  MemoryUsage of job (MB)
	95104  -  ResidentSetSize of job (KB)
...
006 (557583.000.000) 08/13 12:10:36 Image size of job updated: 230252
	93  -  MemoryUsage of job (MB)
	95104  -  ResidentSetSize of job (KB)
...
005 (557583.000.000) 08/13 12:10:36 Job terminated.
	(1) Normal termination (return value 0)
		Usr 0 00:00:43, Sys 0 00:00:01  -  Run Remote Usage
		Usr 0 00:00:00, Sys 0 00:00:00  -  Run Local Usage
		Usr 0 00:00:43, Sys 0 00:00:01  -  Total Remote Usage
		Usr 0 00:00:00, Sys 0 00:00:00  -  Total Local Usage
	586155  -  Run Bytes Sent By Job
	62715  -  Run Bytes Received By Job
	586155  -  Total Bytes Sent By Job
	62715  -  Total Bytes Received By Job
	Partitionable Resources :    Usage  Request          
	   Cpus                 :                 1          
	   Disk (KB)            :      659      659          
	   Memory (MB)          :       93       93          
...
000 (558099.000.000) 08/13 14:31:04 Job submitted from host: <18.12.1.74:48322>
...
001 (558099.000.000) 08/13 14:40:25 Job executing on host: <18.12.9.50:43066>
...
006 (558099.000.000) 08/13 14:40:33 Image size of job updated: 230120
	93  -  MemoryUsage of job (MB)
	95128  -  ResidentSetSize of job (KB)
...
006 (558099.000.000) 08/13 14:42:35 Image size of job updated: 230252
	93  -  MemoryUsage of job (MB)
	95128  -  ResidentSetSize of job (KB)
...
005 (558099.000.000) 08/13 14:42:35 Job terminated.
	(1) Normal termination (return value 0)
		Usr 0 00:00:47, Sys 0 00:00:01  -  Run Remote Usage
		Usr 0 00:00:00, Sys 0 00:00:00  -  Run Local Usage
		Usr 0 00:00:47, Sys 0 00:00:01  -  Total Remote Usage
		Usr 0 00:00:00, Sys 0 00:00:00  -  Total Local Usage
	586153  -  Run Bytes Sent By Job
	62714  -  Run Bytes Received By Job
	586153  -  Total Bytes Sent By Job
	62714  -  Total Bytes Received By Job
	Partitionable Resources :    Usage  Request          
	   Cpus                 :                 1          
	   Disk (KB)            :      659      659          
	   Memory (MB)          :       93       93          
...
000 (565436.000.000) 08/20 12:36:10 Job submitted from host: <18.12.1.74:48322>
...
001 (565436.000.000) 08/20 12:37:20 Job executing on host: <18.12.8.12:45037>
...
006 (565436.000.000) 08/20 12:37:29 Image size of job updated: 2
	3  -  MemoryUsage of job (MB)
	2352  -  ResidentSetSize of job (KB)
...
006 (565436.000.000) 08/20 12:40:17 Image size of job updated: 230256
	3  -  MemoryUsage of job (MB)
	2352  -  ResidentSetSize of job (KB)
...
005 (565436.000.000) 08/20 12:48:57 Job terminated.
	(1) Normal termination (return value 0)
		Usr 0 00:00:48, Sys 0 00:00:01  -  Run Remote Usage
		Usr 0 00:00:00, Sys 0 00:00:00  -  Run Local Usage
		Usr 0 00:00:48, Sys 0 00:00:01  -  Total Remote Usage
		Usr 0 00:00:00, Sys 0 00:00:00  -  Total Local Usage
	586490  -  Run Bytes Sent By Job
	62731  -  Run Bytes Received By Job
	586490  -  Total Bytes Sent By Job
	62731  -  Total Bytes Received By Job
	Partitionable Resources :    Usage  Request          
	   Cpus                 :                 1          
	   Disk (KB)            :      659      659          
	   Memory (MB)          :        3        3          
...
000 (782929.000.000) 10/02 11:02:21 Job submitted from host: <18.12.1.74:41314>
...
001 (782929.000.000) 10/02 11:08:34 Job executing on host: <18.12.9.78:43066>
...
006 (782929.000.000) 10/02 11:08:36 Image size of job updated: 72352
	0  -  MemoryUsage of job (MB)
	0  -  ResidentSetSize of job (KB)
...
005 (782929.000.000) 10/02 11:13:46 Job terminated.
	(1) Normal termination (return value 0)
		Usr 0 00:00:00, Sys 0 00:00:00  -  Run Remote Usage
		Usr 0 00:00:00, Sys 0 00:00:00  -  Run Local Usage
		Usr 0 00:00:00, Sys 0 00:00:00  -  Total Remote Usage
		Usr 0 00:00:00, Sys 0 00:00:00  -  Total Local Usage
	585463  -  Run Bytes Sent By Job
	62733  -  Run Bytes Received By Job
	585463  -  Total Bytes Sent By Job
	62733  -  Total Bytes Received By Job
	Partitionable Resources :    Usage  Request          
	   Cpus                 :                 1          
	   Disk (KB)            :      658      658          
	   Memory (MB)          :        0        0          
...
000 (783110.000.000) 10/02 16:13:17 Job submitted from host: <18.12.1.74:45913>
...
001 (783110.000.000) 10/02 16:14:04 Job executing on host: <18.12.9.76:43139>
...
006 (783110.000.000) 10/02 16:14:04 Image size of job updated: 2
	0  -  MemoryUsage of job (MB)
	0  -  ResidentSetSize of job (KB)
...
005 (783110.000.000) 10/02 16:14:05 Job terminated.
	(1) Normal termination (return value 0)
		Usr 0 00:00:00, Sys 0 00:00:00  -  Run Remote Usage
		Usr 0 00:00:00, Sys 0 00:00:00  -  Run Local Usage
		Usr 0 00:00:00, Sys 0 00:00:00  -  Total Remote Usage
		Usr 0 00:00:00, Sys 0 00:00:00  -  Total Local Usage
	585607  -  Run Bytes Sent By Job
	62733  -  Run Bytes Received By Job
	585607  -  Total Bytes Sent By Job
	62733  -  Total Bytes Received By Job
	Partitionable Resources :    Usage  Request          
	   Cpus                 :                 1          
	   Disk (KB)            :      658      658          
	   Memory (MB)          :        0        0          
...
000 (783291.000.000) 10/02 16:48:30 Job submitted from host: <18.12.1.74:45913>
...
001 (783291.000.000) 10/02 16:48:57 Job executing on host: <18.12.9.35:48906>
...
006 (783291.000.000) 10/02 16:48:58 Image size of job updated: 2
	0  -  MemoryUsage of job (MB)
	0  -  ResidentSetSize of job (KB)
...
005 (783291.000.000) 10/02 16:48:59 Job terminated.
	(1) Normal termination (return value 0)
		Usr 0 00:00:00, Sys 0 00:00:00  -  Run Remote Usage
		Usr 0 00:00:00, Sys 0 00:00:00  -  Run Local Usage
		Usr 0 00:00:00, Sys 0 00:00:00  -  Total Remote Usage
		Usr 0 00:00:00, Sys 0 00:00:00  -  Total Local Usage
	585749  -  Run Bytes Sent By Job
	62733  -  Run Bytes Received By Job
	585749  -  Total Bytes Sent By Job
	62733  -  Total Bytes Received By Job
	Partitionable Resources :    Usage  Request          
	   Cpus                 :                 1          
	   Disk (KB)            :      658      658          
	   Memory (MB)          :        0        0          
...
000 (783474.000.000) 10/05 09:25:30 Job submitted from host: <18.12.1.74:45913>
...
001 (783474.000.000) 10/05 09:25:45 Job executing on host: <18.12.6.81:44307>
...
006 (783474.000.000) 10/05 09:25:54 Image size of job updated: 13384
	2  -  MemoryUsage of job (MB)
	1984  -  ResidentSetSize of job (KB)
...
006 (783474.000.000) 10/05 09:26:02 Image size of job updated: 69232
	2  -  MemoryUsage of job (MB)
	1984  -  ResidentSetSize of job (KB)
...
005 (783474.000.000) 10/05 09:26:05 Job terminated.
	(1) Normal termination (return value 0)
		Usr 0 00:00:00, Sys 0 00:00:00  -  Run Remote Usage
		Usr 0 00:00:00, Sys 0 00:00:00  -  Run Local Usage
		Usr 0 00:00:00, Sys 0 00:00:00  -  Total Remote Usage
		Usr 0 00:00:00, Sys 0 00:00:00  -  Total Local Usage
	585647  -  Run Bytes Sent By Job
	62732  -  Run Bytes Received By Job
	585647  -  Total Bytes Sent By Job
	62732  -  Total Bytes Received By Job
	Partitionable Resources :    Usage  Request          
	   Cpus                 :                 1          
	   Disk (KB)            :      658      658          
	   Memory (MB)          :        2        2          
...
000 (783655.000.000) 10/05 10:00:16 Job submitted from host: <18.12.1.74:45913>
...
001 (783655.000.000) 10/05 10:00:48 Job executing on host: <18.12.8.150:43577>
...
006 (783655.000.000) 10/05 10:00:55 Image size of job updated: 13384
	0  -  MemoryUsage of job (MB)
	0  -  ResidentSetSize of job (KB)
...
005 (783655.000.000) 10/05 10:00:56 Job terminated.
	(1) Normal termination (return value 0)
		Usr 0 00:00:00, Sys 0 00:00:00  -  Run Remote Usage
		Usr 0 00:00:00, Sys 0 00:00:00  -  Run Local Usage
		Usr 0 00:00:00, Sys 0 00:00:00  -  Total Remote Usage
		Usr 0 00:00:00, Sys 0 00:00:00  -  Total Local Usage
	585550  -  Run Bytes Sent By Job
	62731  -  Run Bytes Received By Job
	585550  -  Total Bytes Sent By Job
	62731  -  Total Bytes Received By Job
	Partitionable Resources :    Usage  Request          
	   Cpus                 :                 1          
	   Disk (KB)            :      658      658          
	   Memory (MB)          :        0        0          
...
000 (783837.000.000) 10/05 12:25:01 Job submitted from host: <18.12.1.74:45913>
...
001 (783837.000.000) 10/05 12:25:12 Job executing on host: <18.12.9.58:43723>
...
006 (783837.000.000) 10/05 12:25:14 Image size of job updated: 144076
	0  -  MemoryUsage of job (MB)
	0  -  ResidentSetSize of job (KB)
...
005 (783837.000.000) 10/05 12:25:15 Job terminated.
	(1) Normal termination (return value 0)
		Usr 0 00:00:00, Sys 0 00:00:00  -  Run Remote Usage
		Usr 0 00:00:00, Sys 0 00:00:00  -  Run Local Usage
		Usr 0 00:00:00, Sys 0 00:00:00  -  Total Remote Usage
		Usr 0 00:00:00, Sys 0 00:00:00  -  Total Local Usage
	585806  -  Run Bytes Sent By Job
	62732  -  Run Bytes Received By Job
	585806  -  Total Bytes Sent By Job
	62732  -  Total Bytes Received By Job
	Partitionable Resources :    Usage  Request          
	   Cpus                 :                 1          
	   Disk (KB)            :      658      658          
	   Memory (MB)          :        0        0          
...
000 (784018.000.000) 10/05 12:28:36 Job submitted from host: <18.12.1.74:45913>
...
001 (784018.000.000) 10/05 12:28:48 Job executing on host: <18.12.9.50:45037>
...
006 (784018.000.000) 10/05 12:29:02 Image size of job updated: 230132
	93  -  MemoryUsage of job (MB)
	95220  -  ResidentSetSize of job (KB)
...
006 (784018.000.000) 10/05 12:29:54 Image size of job updated: 230264
	93  -  MemoryUsage of job (MB)
	95220  -  ResidentSetSize of job (KB)
...
005 (784018.000.000) 10/05 12:29:54 Job terminated.
	(1) Normal termination (return value 0)
		Usr 0 00:00:39, Sys 0 00:00:00  -  Run Remote Usage
		Usr 0 00:00:00, Sys 0 00:00:00  -  Run Local Usage
		Usr 0 00:00:39, Sys 0 00:00:00  -  Total Remote Usage
		Usr 0 00:00:00, Sys 0 00:00:00  -  Total Local Usage
	586854  -  Run Bytes Sent By Job
	62733  -  Run Bytes Received By Job
	586854  -  Total Bytes Sent By Job
	62733  -  Total Bytes Received By Job
	Partitionable Resources :    Usage  Request          
	   Cpus                 :                 1          
	   Disk (KB)            :      659      659          
	   Memory (MB)          :       93       93          
...
000 (786087.000.000) 10/05 14:34:36 Job submitted from host: <18.12.1.74:45913>
...
001 (786087.000.000) 10/05 14:35:15 Job executing on host: <18.12.8.34:40949>
...
006 (786087.000.000) 10/05 14:35:24 Image size of job updated: 1196
	1  -  MemoryUsage of job (MB)
	156  -  ResidentSetSize of job (KB)
...
006 (786087.000.000) 10/05 14:38:02 Image size of job updated: 230388
	1  -  MemoryUsage of job (MB)
	156  -  ResidentSetSize of job (KB)
...
005 (786087.000.000) 10/05 14:38:02 Job terminated.
	(1) Normal termination (return value 0)
		Usr 0 00:01:02, Sys 0 00:00:01  -  Run Remote Usage
		Usr 0 00:00:00, Sys 0 00:00:00  -  Run Local Usage
		Usr 0 00:01:02, Sys 0 00:00:01  -  Total Remote Usage
		Usr 0 00:00:00, Sys 0 00:00:00  -  Total Local Usage
	586211  -  Run Bytes Sent By Job
	62729  -  Run Bytes Received By Job
	586211  -  Total Bytes Sent By Job
	62729  -  Total Bytes Received By Job
	Partitionable Resources :    Usage  Request          
	   Cpus                 :                 1          
	   Disk (KB)            :      659      659          
	   Memory (MB)          :        1        1          
...
000 (787926.000.000) 10/08 16:09:27 Job submitted from host: <18.12.1.74:45913>
...
001 (787926.000.000) 10/08 16:11:54 Job executing on host: <18.12.8.11:44453>
...
006 (787926.000.000) 10/08 16:12:03 Image size of job updated: 2
	3  -  MemoryUsage of job (MB)
	2344  -  ResidentSetSize of job (KB)
...
006 (787926.000.000) 10/08 16:13:40 Image size of job updated: 230372
	3  -  MemoryUsage of job (MB)
	2344  -  ResidentSetSize of job (KB)
...
005 (787926.000.000) 10/08 16:13:40 Job terminated.
	(1) Normal termination (return value 0)
		Usr 0 00:00:53, Sys 0 00:00:01  -  Run Remote Usage
		Usr 0 00:00:00, Sys 0 00:00:00  -  Run Local Usage
		Usr 0 00:00:53, Sys 0 00:00:01  -  Total Remote Usage
		Usr 0 00:00:00, Sys 0 00:00:00  -  Total Local Usage
	585036  -  Run Bytes Sent By Job
	62697  -  Run Bytes Received By Job
	585036  -  Total Bytes Sent By Job
	62697  -  Total Bytes Received By Job
	Partitionable Resources :    Usage  Request          
	   Cpus                 :                 1          
	   Disk (KB)            :      658      658          
	   Memory (MB)          :        3        3          
...
000 (788289.000.000) 10/09 10:00:24 Job submitted from host: <18.12.1.74:45913>
...
001 (788289.000.000) 10/09 10:09:50 Job executing on host: <18.12.8.80:47008>
...
006 (788289.000.000) 10/09 10:09:59 Image size of job updated: 192428
	77  -  MemoryUsage of job (MB)
	78184  -  ResidentSetSize of job (KB)
...
006 (788289.000.000) 10/09 10:15:00 Image size of job updated: 230368
	114  -  MemoryUsage of job (MB)
	116212  -  ResidentSetSize of job (KB)
...
005 (788289.000.000) 10/09 10:15:04 Job terminated.
	(1) Normal termination (return value 0)
		Usr 0 00:00:45, Sys 0 00:00:01  -  Run Remote Usage
		Usr 0 00:00:00, Sys 0 00:00:00  -  Run Local Usage
		Usr 0 00:00:45, Sys 0 00:00:01  -  Total Remote Usage
		Usr 0 00:00:00, Sys 0 00:00:00  -  Total Local Usage
	585108  -  Run Bytes Sent By Job
	62694  -  Run Bytes Received By Job
	585108  -  Total Bytes Sent By Job
	62694  -  Total Bytes Received By Job
	Partitionable Resources :    Usage  Request          
	   Cpus                 :                 1          
	   Disk (KB)            :      658      658          
	   Memory (MB)          :      114      114          
...
000 (788836.000.000) 10/12 11:22:03 Job submitted from host: <18.12.1.74:45913>
...
001 (788836.000.000) 10/12 11:31:46 Job executing on host: <18.12.8.208:49709>
...
006 (788836.000.000) 10/12 11:31:55 Image size of job updated: 68256
	13  -  MemoryUsage of job (MB)
	12380  -  ResidentSetSize of job (KB)
...
006 (788836.000.000) 10/12 11:36:56 Image size of job updated: 230104
	105  -  MemoryUsage of job (MB)
	107244  -  ResidentSetSize of job (KB)
...
006 (788836.000.000) 10/12 11:38:54 Image size of job updated: 230236
	105  -  MemoryUsage of job (MB)
	107244  -  ResidentSetSize of job (KB)
...
005 (788836.000.000) 10/12 11:38:55 Job terminated.
	(1) Normal termination (return value 0)
		Usr 0 00:00:57, Sys 0 00:00:01  -  Run Remote Usage
		Usr 0 00:00:00, Sys 0 00:00:00  -  Run Local Usage
		Usr 0 00:00:57, Sys 0 00:00:01  -  Total Remote Usage
		Usr 0 00:00:00, Sys 0 00:00:00  -  Total Local Usage
	585262  -  Run Bytes Sent By Job
	62702  -  Run Bytes Received By Job
	585262  -  Total Bytes Sent By Job
	62702  -  Total Bytes Received By Job
	Partitionable Resources :    Usage  Request          
	   Cpus                 :                 1          
	   Disk (KB)            :      658      658          
	   Memory (MB)          :      105      105          
...
