000 (556049.000.000) 08/12 11:33:39 Job submitted from host: <18.12.1.74:48322>
...
001 (556049.000.000) 08/12 11:48:41 Job executing on host: <18.12.9.37:49636>
...
006 (556049.000.000) 08/12 11:48:49 Image size of job updated: 2
	3  -  MemoryUsage of job (MB)
	2348  -  ResidentSetSize of job (KB)
...
006 (556049.000.000) 08/12 11:53:49 Image size of job updated: 229992
	106  -  MemoryUsage of job (MB)
	107988  -  ResidentSetSize of job (KB)
...
006 (556049.000.000) 08/12 12:21:44 Image size of job updated: 230124
	106  -  MemoryUsage of job (MB)
	107988  -  ResidentSetSize of job (KB)
...
005 (556049.000.000) 08/12 12:21:44 Job terminated.
	(1) Normal termination (return value 0)
		Usr 0 00:00:40, Sys 0 00:00:01  -  Run Remote Usage
		Usr 0 00:00:00, Sys 0 00:00:00  -  Run Local Usage
		Usr 0 00:00:40, Sys 0 00:00:01  -  Total Remote Usage
		Usr 0 00:00:00, Sys 0 00:00:00  -  Total Local Usage
	586412  -  Run Bytes Sent By Job
	62715  -  Run Bytes Received By Job
	586412  -  Total Bytes Sent By Job
	62715  -  Total Bytes Received By Job
	Partitionable Resources :    Usage  Request          
	   Cpus                 :                 1          
	   Disk (KB)            :      659      659          
	   Memory (MB)          :      106      106          
...
000 (566418.000.000) 08/20 21:02:22 Job submitted from host: <18.12.1.74:48322>
...
001 (566418.000.000) 08/20 21:02:59 Job executing on host: <18.12.9.27:43942>
...
006 (566418.000.000) 08/20 21:03:08 Image size of job updated: 187688
	75  -  MemoryUsage of job (MB)
	76080  -  ResidentSetSize of job (KB)
...
006 (566418.000.000) 08/20 21:06:07 Image size of job updated: 230032
	75  -  MemoryUsage of job (MB)
	76080  -  ResidentSetSize of job (KB)
...
022 (566418.000.000) 08/20 21:06:10 Job disconnected, attempting to reconnect
    Socket between submit and execute hosts closed unexpectedly
    Trying to reconnect to slot16@t2bat0283.cmsaf.mit.edu <18.12.9.27:43942>
...
023 (566418.000.000) 08/20 21:06:10 Job reconnected to slot16@t2bat0283.cmsaf.mit.edu
    startd address: <18.12.9.27:43942>
    starter address: <18.12.9.27:46060>
...
005 (566418.000.000) 08/20 21:12:26 Job terminated.
	(1) Normal termination (return value 0)
		Usr 0 00:00:36, Sys 0 00:00:01  -  Run Remote Usage
		Usr 0 00:00:00, Sys 0 00:00:00  -  Run Local Usage
		Usr 0 00:00:36, Sys 0 00:00:01  -  Total Remote Usage
		Usr 0 00:00:00, Sys 0 00:00:00  -  Total Local Usage
	586321  -  Run Bytes Sent By Job
	62731  -  Run Bytes Received By Job
	586321  -  Total Bytes Sent By Job
	62731  -  Total Bytes Received By Job
	Partitionable Resources :    Usage  Request          
	   Cpus                 :                 1          
	   Disk (KB)            :      659      659          
	   Memory (MB)          :       75       75          
...
000 (782423.000.000) 10/01 13:04:25 Job submitted from host: <18.12.1.74:47665>
...
001 (782423.000.000) 10/01 13:13:14 Job executing on host: <18.12.6.26:48541>
...
006 (782423.000.000) 10/01 13:13:22 Image size of job updated: 229856
	96  -  MemoryUsage of job (MB)
	98116  -  ResidentSetSize of job (KB)
...
006 (782423.000.000) 10/01 13:14:49 Image size of job updated: 230124
	96  -  MemoryUsage of job (MB)
	98116  -  ResidentSetSize of job (KB)
...
005 (782423.000.000) 10/01 13:14:49 Job terminated.
	(1) Normal termination (return value 0)
		Usr 0 00:00:36, Sys 0 00:00:00  -  Run Remote Usage
		Usr 0 00:00:00, Sys 0 00:00:00  -  Run Local Usage
		Usr 0 00:00:36, Sys 0 00:00:00  -  Total Remote Usage
		Usr 0 00:00:00, Sys 0 00:00:00  -  Total Local Usage
	585986  -  Run Bytes Sent By Job
	62730  -  Run Bytes Received By Job
	585986  -  Total Bytes Sent By Job
	62730  -  Total Bytes Received By Job
	Partitionable Resources :    Usage  Request          
	   Cpus                 :                 1          
	   Disk (KB)            :      659      659          
	   Memory (MB)          :       96       96          
...
000 (782604.000.000) 10/01 14:30:53 Job submitted from host: <18.12.1.74:47665>
...
001 (782604.000.000) 10/01 14:34:23 Job executing on host: <18.12.9.74:45110>
...
006 (782604.000.000) 10/01 14:34:33 Image size of job updated: 49268
	3  -  MemoryUsage of job (MB)
	2744  -  ResidentSetSize of job (KB)
...
006 (782604.000.000) 10/01 14:39:36 Image size of job updated: 227120
	104  -  MemoryUsage of job (MB)
	106288  -  ResidentSetSize of job (KB)
...
006 (782604.000.000) 10/01 14:40:52 Image size of job updated: 227252
	104  -  MemoryUsage of job (MB)
	106288  -  ResidentSetSize of job (KB)
...
005 (782604.000.000) 10/01 14:44:46 Job terminated.
	(1) Normal termination (return value 0)
		Usr 0 00:00:19, Sys 0 00:00:00  -  Run Remote Usage
		Usr 0 00:00:00, Sys 0 00:00:00  -  Run Local Usage
		Usr 0 00:00:19, Sys 0 00:00:00  -  Total Remote Usage
		Usr 0 00:00:00, Sys 0 00:00:00  -  Total Local Usage
	2138181  -  Run Bytes Sent By Job
	62736  -  Run Bytes Received By Job
	2138181  -  Total Bytes Sent By Job
	62736  -  Total Bytes Received By Job
	Partitionable Resources :    Usage  Request          
	   Cpus                 :                 1          
	   Disk (KB)            :     2174     2174          
	   Memory (MB)          :      104      104          
...
000 (788145.000.000) 10/09 09:23:38 Job submitted from host: <18.12.1.74:45913>
...
001 (788145.000.000) 10/09 09:24:08 Job executing on host: <18.12.8.233:46570>
...
006 (788145.000.000) 10/09 09:24:17 Image size of job updated: 9244
	2  -  MemoryUsage of job (MB)
	1156  -  ResidentSetSize of job (KB)
...
006 (788145.000.000) 10/09 09:25:20 Image size of job updated: 230020
	2  -  MemoryUsage of job (MB)
	1156  -  ResidentSetSize of job (KB)
...
005 (788145.000.000) 10/09 09:25:20 Job terminated.
	(1) Normal termination (return value 0)
		Usr 0 00:00:35, Sys 0 00:00:00  -  Run Remote Usage
		Usr 0 00:00:00, Sys 0 00:00:00  -  Run Local Usage
		Usr 0 00:00:35, Sys 0 00:00:00  -  Total Remote Usage
		Usr 0 00:00:00, Sys 0 00:00:00  -  Total Local Usage
	585228  -  Run Bytes Sent By Job
	62698  -  Run Bytes Received By Job
	585228  -  Total Bytes Sent By Job
	62698  -  Total Bytes Received By Job
	Partitionable Resources :    Usage  Request          
	   Cpus                 :                 1          
	   Disk (KB)            :      658      658          
	   Memory (MB)          :        2        2          
...
000 (788510.000.000) 10/12 09:47:59 Job submitted from host: <18.12.1.74:45913>
...
001 (788510.000.000) 10/12 09:53:00 Job executing on host: <18.12.12.68:42555>
...
006 (788510.000.000) 10/12 09:53:09 Image size of job updated: 193652
	78  -  MemoryUsage of job (MB)
	79524  -  ResidentSetSize of job (KB)
...
006 (788510.000.000) 10/12 09:54:28 Image size of job updated: 230020
	78  -  MemoryUsage of job (MB)
	79524  -  ResidentSetSize of job (KB)
...
005 (788510.000.000) 10/12 09:54:28 Job terminated.
	(1) Normal termination (return value 0)
		Usr 0 00:00:48, Sys 0 00:00:01  -  Run Remote Usage
		Usr 0 00:00:00, Sys 0 00:00:00  -  Run Local Usage
		Usr 0 00:00:48, Sys 0 00:00:01  -  Total Remote Usage
		Usr 0 00:00:00, Sys 0 00:00:00  -  Total Local Usage
	585022  -  Run Bytes Sent By Job
	62703  -  Run Bytes Received By Job
	585022  -  Total Bytes Sent By Job
	62703  -  Total Bytes Received By Job
	Partitionable Resources :    Usage  Request          
	   Cpus                 :                 1          
	   Disk (KB)            :      658      658          
	   Memory (MB)          :       78       78          
...
