000 (556415.000.000) 08/12 14:10:54 Job submitted from host: <18.12.1.74:48322>
...
001 (556415.000.000) 08/12 14:40:56 Job executing on host: <18.12.9.41:47519>
...
006 (556415.000.000) 08/12 14:41:04 Image size of job updated: 224432
	89  -  MemoryUsage of job (MB)
	90136  -  ResidentSetSize of job (KB)
...
006 (556415.000.000) 08/12 14:46:04 Image size of job updated: 230000
	100  -  MemoryUsage of job (MB)
	101968  -  ResidentSetSize of job (KB)
...
006 (556415.000.000) 08/12 14:51:04 Image size of job updated: 230264
	104  -  MemoryUsage of job (MB)
	105596  -  ResidentSetSize of job (KB)
...
005 (556415.000.000) 08/12 14:51:40 Job terminated.
	(1) Normal termination (return value 0)
		Usr 0 00:01:04, Sys 0 00:00:03  -  Run Remote Usage
		Usr 0 00:00:00, Sys 0 00:00:00  -  Run Local Usage
		Usr 0 00:01:04, Sys 0 00:00:03  -  Total Remote Usage
		Usr 0 00:00:00, Sys 0 00:00:00  -  Total Local Usage
	586459  -  Run Bytes Sent By Job
	62715  -  Run Bytes Received By Job
	586459  -  Total Bytes Sent By Job
	62715  -  Total Bytes Received By Job
	Partitionable Resources :    Usage  Request          
	   Cpus                 :                 1          
	   Disk (KB)            :      659      659          
	   Memory (MB)          :      104      104          
...
000 (557675.000.000) 08/13 11:57:30 Job submitted from host: <18.12.1.74:48322>
...
001 (557675.000.000) 08/13 12:35:13 Job executing on host: <18.12.9.63:42190>
...
006 (557675.000.000) 08/13 12:35:22 Image size of job updated: 2
	3  -  MemoryUsage of job (MB)
	2348  -  ResidentSetSize of job (KB)
...
006 (557675.000.000) 08/13 12:37:05 Image size of job updated: 230264
	3  -  MemoryUsage of job (MB)
	2348  -  ResidentSetSize of job (KB)
...
005 (557675.000.000) 08/13 12:37:05 Job terminated.
	(1) Normal termination (return value 0)
		Usr 0 00:00:51, Sys 0 00:00:01  -  Run Remote Usage
		Usr 0 00:00:00, Sys 0 00:00:00  -  Run Local Usage
		Usr 0 00:00:51, Sys 0 00:00:01  -  Total Remote Usage
		Usr 0 00:00:00, Sys 0 00:00:00  -  Total Local Usage
	586180  -  Run Bytes Sent By Job
	62715  -  Run Bytes Received By Job
	586180  -  Total Bytes Sent By Job
	62715  -  Total Bytes Received By Job
	Partitionable Resources :    Usage  Request          
	   Cpus                 :                 1          
	   Disk (KB)            :      659      659          
	   Memory (MB)          :        3        3          
...
000 (558191.000.000) 08/13 14:31:13 Job submitted from host: <18.12.1.74:48322>
...
001 (558191.000.000) 08/13 15:03:37 Job executing on host: <18.12.9.80:43650>
...
006 (558191.000.000) 08/13 15:03:45 Image size of job updated: 229996
	79  -  MemoryUsage of job (MB)
	80596  -  ResidentSetSize of job (KB)
...
006 (558191.000.000) 08/13 15:05:14 Image size of job updated: 230260
	79  -  MemoryUsage of job (MB)
	80596  -  ResidentSetSize of job (KB)
...
005 (558191.000.000) 08/13 15:05:14 Job terminated.
	(1) Normal termination (return value 0)
		Usr 0 00:00:48, Sys 0 00:00:01  -  Run Remote Usage
		Usr 0 00:00:00, Sys 0 00:00:00  -  Run Local Usage
		Usr 0 00:00:48, Sys 0 00:00:01  -  Total Remote Usage
		Usr 0 00:00:00, Sys 0 00:00:00  -  Total Local Usage
	586179  -  Run Bytes Sent By Job
	62714  -  Run Bytes Received By Job
	586179  -  Total Bytes Sent By Job
	62714  -  Total Bytes Received By Job
	Partitionable Resources :    Usage  Request          
	   Cpus                 :                 1          
	   Disk (KB)            :      659      659          
	   Memory (MB)          :       79       79          
...
000 (565528.000.000) 08/20 12:54:46 Job submitted from host: <18.12.1.74:48322>
...
001 (565528.000.000) 08/20 12:55:07 Job executing on host: <18.12.8.181:40584>
...
006 (565528.000.000) 08/20 12:55:16 Image size of job updated: 69172
	15  -  MemoryUsage of job (MB)
	14664  -  ResidentSetSize of job (KB)
...
006 (565528.000.000) 08/20 12:58:11 Image size of job updated: 230260
	15  -  MemoryUsage of job (MB)
	14664  -  ResidentSetSize of job (KB)
...
005 (565528.000.000) 08/20 13:05:52 Job terminated.
	(1) Normal termination (return value 0)
		Usr 0 00:00:49, Sys 0 00:00:00  -  Run Remote Usage
		Usr 0 00:00:00, Sys 0 00:00:00  -  Run Local Usage
		Usr 0 00:00:49, Sys 0 00:00:00  -  Total Remote Usage
		Usr 0 00:00:00, Sys 0 00:00:00  -  Total Local Usage
	586035  -  Run Bytes Sent By Job
	62731  -  Run Bytes Received By Job
	586035  -  Total Bytes Sent By Job
	62731  -  Total Bytes Received By Job
	Partitionable Resources :    Usage  Request          
	   Cpus                 :                 1          
	   Disk (KB)            :      659      659          
	   Memory (MB)          :       15       15          
...
