000 (554338.000.000) 08/11 09:09:22 Job submitted from host: <18.12.1.74:48322>
...
001 (554338.000.000) 08/11 09:09:55 Job executing on host: <18.12.8.11:46643>
...
006 (554338.000.000) 08/11 09:10:03 Image size of job updated: 2
	3  -  MemoryUsage of job (MB)
	2340  -  ResidentSetSize of job (KB)
...
006 (554338.000.000) 08/11 09:12:14 Image size of job updated: 230576
	3  -  MemoryUsage of job (MB)
	2340  -  ResidentSetSize of job (KB)
...
005 (554338.000.000) 08/11 09:12:14 Job terminated.
	(1) Normal termination (return value 0)
		Usr 0 00:01:29, Sys 0 00:00:01  -  Run Remote Usage
		Usr 0 00:00:00, Sys 0 00:00:00  -  Run Local Usage
		Usr 0 00:01:29, Sys 0 00:00:01  -  Total Remote Usage
		Usr 0 00:00:00, Sys 0 00:00:00  -  Total Local Usage
	586033  -  Run Bytes Sent By Job
	62717  -  Run Bytes Received By Job
	586033  -  Total Bytes Sent By Job
	62717  -  Total Bytes Received By Job
	Partitionable Resources :    Usage  Request          
	   Cpus                 :                 1          
	   Disk (KB)            :      659      659          
	   Memory (MB)          :        3        3          
...
000 (558053.000.000) 08/13 13:34:28 Job submitted from host: <18.12.1.74:48322>
...
001 (558053.000.000) 08/13 14:06:33 Job executing on host: <18.12.8.218:43942>
...
006 (558053.000.000) 08/13 14:06:42 Image size of job updated: 2
	3  -  MemoryUsage of job (MB)
	2356  -  ResidentSetSize of job (KB)
...
006 (558053.000.000) 08/13 14:11:43 Image size of job updated: 230576
	100  -  MemoryUsage of job (MB)
	101732  -  ResidentSetSize of job (KB)
...
005 (558053.000.000) 08/13 14:12:00 Job terminated.
	(1) Normal termination (return value 0)
		Usr 0 00:02:00, Sys 0 00:00:02  -  Run Remote Usage
		Usr 0 00:00:00, Sys 0 00:00:00  -  Run Local Usage
		Usr 0 00:02:00, Sys 0 00:00:02  -  Total Remote Usage
		Usr 0 00:00:00, Sys 0 00:00:00  -  Total Local Usage
	586249  -  Run Bytes Sent By Job
	62720  -  Run Bytes Received By Job
	586249  -  Total Bytes Sent By Job
	62720  -  Total Bytes Received By Job
	Partitionable Resources :    Usage  Request          
	   Cpus                 :                 1          
	   Disk (KB)            :      659      659          
	   Memory (MB)          :      100      100          
...
000 (566344.000.000) 08/20 20:29:13 Job submitted from host: <18.12.1.74:48322>
...
001 (566344.000.000) 08/20 20:29:42 Job executing on host: <18.12.9.28:40000>
...
006 (566344.000.000) 08/20 20:29:51 Image size of job updated: 187616
	75  -  MemoryUsage of job (MB)
	75916  -  ResidentSetSize of job (KB)
...
006 (566344.000.000) 08/20 20:34:51 Image size of job updated: 230580
	105  -  MemoryUsage of job (MB)
	106780  -  ResidentSetSize of job (KB)
...
005 (566344.000.000) 08/20 20:41:58 Job terminated.
	(1) Normal termination (return value 0)
		Usr 0 00:01:42, Sys 0 00:00:02  -  Run Remote Usage
		Usr 0 00:00:00, Sys 0 00:00:00  -  Run Local Usage
		Usr 0 00:01:42, Sys 0 00:00:02  -  Total Remote Usage
		Usr 0 00:00:00, Sys 0 00:00:00  -  Total Local Usage
	586640  -  Run Bytes Sent By Job
	62732  -  Run Bytes Received By Job
	586640  -  Total Bytes Sent By Job
	62732  -  Total Bytes Received By Job
	Partitionable Resources :    Usage  Request          
	   Cpus                 :                 1          
	   Disk (KB)            :      659      659          
	   Memory (MB)          :      105      105          
...
