
----------------------------------------------------
Job started on Thu Aug 20 12:53:52 EDT 2015 at WN: t2bat0021.cmsaf.mit.edu 
Job is running on Linux t2bat0021.cmsaf.mit.edu 2.6.32-358.el6.x86_64 #1 SMP Fri Feb 22 20:37:17 CST 2013 x86_64 x86_64 x86_64 GNU/Linux
Filesystem            Size  Used Avail Use% Mounted on
/dev/sda3              20G  3.6G   16G  20% /
tmpfs                 7.8G     0  7.8G   0% /dev/shm
/dev/sda1              97M   33M   60M  36% /boot
/dev/sda4             415G   67G  348G  17% /export/data1
/dev/sdb1             1.8T  1.7T  136G  93% /export/00b
/dev/sdc1             1.8T  1.7T  127G  94% /export/00c
/dev/sdd1             1.8T  1.7T  128G  94% /export/00d
/dev/sde1             1.8T  1.7T  130G  93% /export/00e
/dev/sdf1             1.8T  1.7T  136G  93% /export/00f
fuse_dfs              4.9P  4.6P  328T  94% /mnt/hadoop
cvmfs2                 98G   64G   34G  66% /cvmfs/cms.cern.ch
t2srv0004:/export/db  135G  187M  135G   1% /net/t2srv0004/db
cvmfs2                 98G   64G   34G  66% /cvmfs/cvmfs.cmsaf.mit.edu
gcc (GCC) 4.4.7 20120313 (Red Hat 4.4.7-3)
Copyright (C) 2010 Free Software Foundation, Inc.
This is free software; see the source for copying conditions.  There is NO
warranty; not even for MERCHANTABILITY or FITNESS FOR A PARTICULAR PURPOSE.

Processing...
0/104434
10000/104434
20000/104434
30000/104434
40000/104434
50000/104434
60000/104434
70000/104434
80000/104434
90000/104434
100000/104434
Macro finished: 
CPU time (min)  = 1.24833
Real time (min) = 2.21088
total 1.7M
-rw-r--r-- 1 obaron obaron 108K Aug 13 15:28 jetRAA_PbPb_data_forest.txt
-rw-r--r-- 1 obaron obaron  94K Aug 13 15:28 jetRAA_PbPb_data_akPu4_select.txt
-rw-r--r-- 1 obaron obaron  94K Aug 13 15:28 jetRAA_PbPb_data_akPu3_select.txt
-rw-r--r-- 1 obaron obaron  94K Aug 13 15:28 jetRAA_PbPb_data_akPu2_select.txt
-rw-r--r-- 1 obaron obaron  70K Aug 20 12:29 RAA_read_data_pbpb.C
-rw-r--r-- 1 obaron obaron  11K Aug 20 12:30 RAA_read_data_pbpb_C.d
-rwxr-xr-x 1 obaron obaron 101K Aug 20 12:30 RAA_read_data_pbpb_C.so
-rw-rw-r-- 1 obaron obaron  61K Aug 20 12:53 jetRAA_run_PbPb_Data.tar
-rwxr-xr-x 1 obaron obaron 1.2K Aug 20 12:53 condor_exec.exe
-rw-r--r-- 1 condor condor 5.5K Aug 20 12:53 .machine.ad
-rw-r--r-- 1 condor condor  20K Aug 20 12:53 .job.ad
-rwx------ 1 obaron obaron   49 Aug 20 12:53 .chirp.config
drwx------ 2 obaron obaron 4.0K Aug 20 12:53 .
-rw-r--r-- 1 obaron obaron  678 Aug 20 12:53 _condor_stderr
drwxr-xr-x 7 condor root   4.0K Aug 20 12:55 ..
-rw-r--r-- 1 obaron obaron 1.5K Aug 20 12:56 _condor_stdout
-rw-r--r-- 1 obaron obaron 998K Aug 20 12:56 PbPb_Data_histograms_FromForest_pileupCutFIX_ZDCmCut_akPu4_20_eta_20_505.root
Done!
Copied output files to hadoop rootfiles/JetRAA/June29
