
----------------------------------------------------
Job started on Thu Aug 20 20:29:18 EDT 2015 at WN: t2bat0248.cmsaf.mit.edu 
Job is running on Linux t2bat0248.cmsaf.mit.edu 2.6.32-358.el6.x86_64 #1 SMP Fri Feb 22 20:37:17 CST 2013 x86_64 x86_64 x86_64 GNU/Linux
Filesystem            Size  Used Avail Use% Mounted on
/dev/sda3              20G  4.0G   15G  21% /
tmpfs                  12G     0   12G   0% /dev/shm
/dev/sda1              97M   32M   61M  35% /boot
/dev/sda4             874G   88G  787G  10% /export/data1
/dev/sdb1             1.8T  1.7T  130G  93% /export/00b
/dev/sdc1             1.8T  1.7T  126G  94% /export/00c
/dev/sdd1             1.8T  1.7T  134G  93% /export/00d
/dev/sde1             1.8T  1.7T  124G  94% /export/00e
/dev/sdf1             1.8T  1.7T  126G  94% /export/00f
fuse_dfs              4.9P  4.6P  323T  94% /mnt/hadoop
cvmfs2                 98G   57G   42G  58% /cvmfs/cms.cern.ch
t2srv0004:/export/db  135G  187M  135G   1% /net/t2srv0004/db
cvmfs2                 98G   57G   42G  58% /cvmfs/cvmfs.cmsaf.mit.edu
cvmfs2                 98G   57G   42G  58% /cvmfs/oasis.opensciencegrid.org
cvmfs2                 98G   57G   42G  58% /cvmfs/cdfcfs.fnal.gov
gcc (GCC) 4.4.7 20120313 (Red Hat 4.4.7-3)
Copyright (C) 2010 Free Software Foundation, Inc.
This is free software; see the source for copying conditions.  There is NO
warranty; not even for MERCHANTABILITY or FITNESS FOR A PARTICULAR PURPOSE.

Processing...
0/184319
10000/184319
20000/184319
30000/184319
40000/184319
50000/184319
60000/184319
70000/184319
80000/184319
90000/184319
100000/184319
110000/184319
120000/184319
130000/184319
140000/184319
150000/184319
160000/184319
170000/184319
180000/184319
Macro finished: 
CPU time (min)  = 1.932
Real time (min) = 7.21075
total 1.7M
-rw-r--r--  1 obaron obaron  94K Aug 20 13:21 jetRAA_PbPb_data_akPu2_select.txt
-rw-r--r--  1 obaron obaron  94K Aug 20 13:21 jetRAA_PbPb_data_akPu4_select.txt
-rw-r--r--  1 obaron obaron 108K Aug 20 13:22 jetRAA_PbPb_data_forest.txt
-rw-r--r--  1 obaron obaron  94K Aug 20 13:22 jetRAA_PbPb_data_akPu3_select.txt
-rw-r--r--  1 obaron obaron  70K Aug 20 20:03 RAA_read_data_pbpb.C
-rw-r--r--  1 obaron obaron  11K Aug 20 20:04 RAA_read_data_pbpb_C.d
-rwxr-xr-x  1 obaron obaron 101K Aug 20 20:05 RAA_read_data_pbpb_C.so
-rw-r--r--  1 condor condor  20K Aug 20 20:29 .job.ad
drwxr-xr-x 19 condor root   4.0K Aug 20 20:29 ..
-rw-r--r--  1 condor condor 5.5K Aug 20 20:29 .machine.ad
-rwx------  1 obaron obaron   50 Aug 20 20:29 .chirp.config
-rw-rw-r--  1 obaron obaron  61K Aug 20 20:29 jetRAA_run_PbPb_Data.tar
-rwxr-xr-x  1 obaron obaron 1.2K Aug 20 20:29 condor_exec.exe
drwx------  2 obaron obaron 4.0K Aug 20 20:29 .
-rw-r--r--  1 obaron obaron  678 Aug 20 20:29 _condor_stderr
-rw-r--r--  1 obaron obaron 1.8K Aug 20 20:36 _condor_stdout
-rw-r--r--  1 obaron obaron 1.1M Aug 20 20:36 PbPb_Data_histograms_FromForest_pileupCutFIX_ZDCmCut_akPu3_20_eta_20_790.root
Done!
Copied output files to hadoop rootfiles/JetRAA/June29
