000 (556111.000.000) 08/12 11:33:45 Job submitted from host: <18.12.1.74:48322>
...
001 (556111.000.000) 08/12 11:59:20 Job executing on host: <18.12.8.152:47811>
...
006 (556111.000.000) 08/12 11:59:28 Image size of job updated: 2
	3  -  MemoryUsage of job (MB)
	2344  -  ResidentSetSize of job (KB)
...
006 (556111.000.000) 08/12 12:02:23 Image size of job updated: 230088
	3  -  MemoryUsage of job (MB)
	2344  -  ResidentSetSize of job (KB)
...
005 (556111.000.000) 08/12 12:02:23 Job terminated.
	(1) Normal termination (return value 0)
		Usr 0 00:00:32, Sys 0 00:00:01  -  Run Remote Usage
		Usr 0 00:00:00, Sys 0 00:00:00  -  Run Local Usage
		Usr 0 00:00:32, Sys 0 00:00:01  -  Total Remote Usage
		Usr 0 00:00:00, Sys 0 00:00:00  -  Total Local Usage
	586076  -  Run Bytes Sent By Job
	62715  -  Run Bytes Received By Job
	586076  -  Total Bytes Sent By Job
	62715  -  Total Bytes Received By Job
	Partitionable Resources :    Usage  Request          
	   Cpus                 :                 1          
	   Disk (KB)            :      659      659          
	   Memory (MB)          :        3        3          
...
000 (566480.000.000) 08/20 21:06:49 Job submitted from host: <18.12.1.74:48322>
...
001 (566480.000.000) 08/20 21:07:05 Job executing on host: <18.12.8.155:42555>
...
006 (566480.000.000) 08/20 21:07:13 Image size of job updated: 2
	3  -  MemoryUsage of job (MB)
	2340  -  ResidentSetSize of job (KB)
...
006 (566480.000.000) 08/20 21:08:53 Image size of job updated: 230160
	3  -  MemoryUsage of job (MB)
	2340  -  ResidentSetSize of job (KB)
...
005 (566480.000.000) 08/20 21:15:22 Job terminated.
	(1) Normal termination (return value 0)
		Usr 0 00:00:51, Sys 0 00:00:01  -  Run Remote Usage
		Usr 0 00:00:00, Sys 0 00:00:00  -  Run Local Usage
		Usr 0 00:00:51, Sys 0 00:00:01  -  Total Remote Usage
		Usr 0 00:00:00, Sys 0 00:00:00  -  Total Local Usage
	585987  -  Run Bytes Sent By Job
	62731  -  Run Bytes Received By Job
	585987  -  Total Bytes Sent By Job
	62731  -  Total Bytes Received By Job
	Partitionable Resources :    Usage  Request          
	   Cpus                 :                 1          
	   Disk (KB)            :      659      659          
	   Memory (MB)          :        3        3          
...
