
----------------------------------------------------
Job started on Mon Oct 12 10:00:28 EDT 2015 at WN: t2bat0310.cmsaf.mit.edu 
Job is running on Linux t2bat0310.cmsaf.mit.edu 2.6.32-358.el6.x86_64 #1 SMP Fri Feb 22 20:37:17 CST 2013 x86_64 x86_64 x86_64 GNU/Linux
Filesystem            Size  Used Avail Use% Mounted on
/dev/sda3              20G  3.0G   16G  16% /
tmpfs                  32G     0   32G   0% /dev/shm
/dev/sda1              97M   32M   61M  35% /boot
/dev/sda4             416G   90G  326G  22% /export/data1
fuse_dfs              5.0P  4.0P  1.1P  80% /mnt/hadoop
/dev/sdb1             3.6T  3.0T  611G  84% /export/00b
/dev/sdc1             3.6T  3.1T  575G  85% /export/00c
/dev/sdd1             3.6T  3.1T  573G  85% /export/00d
/dev/sde1             3.6T  3.0T  604G  84% /export/00e
/dev/sdf1             3.6T  3.1T  594G  84% /export/00f
/dev/sdg1             3.6T  3.1T  589G  84% /export/00g
/dev/sdh1             3.6T  1.9T  1.8T  53% /export/00h
cvmfs2                 98G   83G   15G  85% /cvmfs/cms.cern.ch
t2srv0004:/export/db  135G  187M  135G   1% /net/t2srv0004/db
gcc (GCC) 4.4.7 20120313 (Red Hat 4.4.7-3)
Copyright (C) 2010 Free Software Foundation, Inc.
This is free software; see the source for copying conditions.  There is NO
warranty; not even for MERCHANTABILITY or FITNESS FOR A PARTICULAR PURPOSE.

Processing...
0/100287
10000/100287
20000/100287
30000/100287
40000/100287
50000/100287
60000/100287
70000/100287
80000/100287
90000/100287
100000/100287
Macro finished: 
CPU time (min)  = 0.926
Real time (min) = 1.48065
total 1.9M
-rw-r--r--  1 obaron obaron 108K Oct  9 10:24 jetRAA_PbPb_data_forest.txt
-rw-r--r--  1 obaron obaron  94K Oct  9 10:24 jetRAA_PbPb_data_akPu4_select.txt
-rw-r--r--  1 obaron obaron  94K Oct  9 10:24 jetRAA_PbPb_data_akPu3_select.txt
-rw-r--r--  1 obaron obaron  94K Oct  9 10:24 jetRAA_PbPb_data_akPu2_select.txt
-rw-r--r--  1 obaron obaron  70K Oct 12 09:36 RAA_read_data_pbpb.C
-rw-r--r--  1 obaron obaron  11K Oct 12 09:36 RAA_read_data_pbpb_C.d
-rwxr-xr-x  1 obaron obaron 101K Oct 12 09:36 RAA_read_data_pbpb_C.so
-rw-rw-r--  1 obaron obaron  61K Oct 12 10:00 jetRAA_run_PbPb_Data.tar
-rwxr-xr-x  1 obaron obaron 1.2K Oct 12 10:00 condor_exec.exe
drwxr-xr-x 34 condor root   4.0K Oct 12 10:00 ..
-rw-r--r--  1 condor condor 5.6K Oct 12 10:00 .machine.ad
-rw-r--r--  1 condor condor  20K Oct 12 10:00 .job.ad
-rwx------  1 obaron obaron   49 Oct 12 10:00 .chirp.config
-rw-r--r--  1 obaron obaron    0 Oct 12 10:00 _condor_stderr
drwx------  2 obaron obaron 4.0K Oct 12 10:00 .
-rw-r--r--  1 obaron obaron 1.6K Oct 12 10:01 _condor_stdout
-rw-r--r--  1 obaron obaron 1.2M Oct 12 10:01 PbPb_Data_histograms_FromForest_pileupCutFIX_ZDCmCut_30GeVcut_akPu2_20_eta_20_450.root
Done!
Copied output files to hadoop rootfiles/JetRAA/June29
