000 (556432.000.000) 08/12 14:10:56 Job submitted from host: <18.12.1.74:48322>
...
001 (556432.000.000) 08/12 14:43:56 Job executing on host: <18.12.8.40:44599>
...
006 (556432.000.000) 08/12 14:44:04 Image size of job updated: 230268
	96  -  MemoryUsage of job (MB)
	97536  -  ResidentSetSize of job (KB)
...
006 (556432.000.000) 08/12 14:48:02 Image size of job updated: 231068
	96  -  MemoryUsage of job (MB)
	97536  -  ResidentSetSize of job (KB)
...
005 (556432.000.000) 08/12 14:48:02 Job terminated.
	(1) Normal termination (return value 0)
		Usr 0 00:02:43, Sys 0 00:00:05  -  Run Remote Usage
		Usr 0 00:00:00, Sys 0 00:00:00  -  Run Local Usage
		Usr 0 00:02:43, Sys 0 00:00:05  -  Total Remote Usage
		Usr 0 00:00:00, Sys 0 00:00:00  -  Total Local Usage
	586062  -  Run Bytes Sent By Job
	62715  -  Run Bytes Received By Job
	586062  -  Total Bytes Sent By Job
	62715  -  Total Bytes Received By Job
	Partitionable Resources :    Usage  Request          
	   Cpus                 :                 1          
	   Disk (KB)            :      659      659          
	   Memory (MB)          :       96       96          
...
000 (557692.000.000) 08/13 11:57:32 Job submitted from host: <18.12.1.74:48322>
...
001 (557692.000.000) 08/13 12:37:49 Job executing on host: <18.12.9.57:41971>
...
006 (557692.000.000) 08/13 12:37:58 Image size of job updated: 230264
	97  -  MemoryUsage of job (MB)
	99176  -  ResidentSetSize of job (KB)
...
006 (557692.000.000) 08/13 12:42:59 Image size of job updated: 231048
	108  -  MemoryUsage of job (MB)
	110480  -  ResidentSetSize of job (KB)
...
005 (557692.000.000) 08/13 12:45:07 Job terminated.
	(1) Normal termination (return value 0)
		Usr 0 00:01:51, Sys 0 00:00:02  -  Run Remote Usage
		Usr 0 00:00:00, Sys 0 00:00:00  -  Run Local Usage
		Usr 0 00:01:51, Sys 0 00:00:02  -  Total Remote Usage
		Usr 0 00:00:00, Sys 0 00:00:00  -  Total Local Usage
	586220  -  Run Bytes Sent By Job
	62715  -  Run Bytes Received By Job
	586220  -  Total Bytes Sent By Job
	62715  -  Total Bytes Received By Job
	Partitionable Resources :    Usage  Request          
	   Cpus                 :                 1          
	   Disk (KB)            :      659      659          
	   Memory (MB)          :      108      108          
...
000 (558208.000.000) 08/13 14:31:14 Job submitted from host: <18.12.1.74:48322>
...
001 (558208.000.000) 08/13 15:05:17 Job executing on host: <18.12.8.199:40730>
...
006 (558208.000.000) 08/13 15:05:25 Image size of job updated: 93584
	3  -  MemoryUsage of job (MB)
	2424  -  ResidentSetSize of job (KB)
...
006 (558208.000.000) 08/13 15:10:25 Image size of job updated: 231064
	102  -  MemoryUsage of job (MB)
	103920  -  ResidentSetSize of job (KB)
...
005 (558208.000.000) 08/13 15:12:01 Job terminated.
	(1) Normal termination (return value 0)
		Usr 0 00:02:11, Sys 0 00:00:02  -  Run Remote Usage
		Usr 0 00:00:00, Sys 0 00:00:00  -  Run Local Usage
		Usr 0 00:02:11, Sys 0 00:00:02  -  Total Remote Usage
		Usr 0 00:00:00, Sys 0 00:00:00  -  Total Local Usage
	586062  -  Run Bytes Sent By Job
	62714  -  Run Bytes Received By Job
	586062  -  Total Bytes Sent By Job
	62714  -  Total Bytes Received By Job
	Partitionable Resources :    Usage  Request          
	   Cpus                 :                 1          
	   Disk (KB)            :      659      659          
	   Memory (MB)          :      102      102          
...
000 (565545.000.000) 08/20 12:56:13 Job submitted from host: <18.12.1.74:48322>
...
001 (565545.000.000) 08/20 12:58:06 Job executing on host: <18.12.8.14:43942>
...
006 (565545.000.000) 08/20 12:58:14 Image size of job updated: 2
	3  -  MemoryUsage of job (MB)
	2352  -  ResidentSetSize of job (KB)
...
006 (565545.000.000) 08/20 13:03:14 Image size of job updated: 231032
	115  -  MemoryUsage of job (MB)
	117144  -  ResidentSetSize of job (KB)
...
005 (565545.000.000) 08/20 13:10:07 Job terminated.
	(1) Normal termination (return value 0)
		Usr 0 00:01:58, Sys 0 00:00:03  -  Run Remote Usage
		Usr 0 00:00:00, Sys 0 00:00:00  -  Run Local Usage
		Usr 0 00:01:58, Sys 0 00:00:03  -  Total Remote Usage
		Usr 0 00:00:00, Sys 0 00:00:00  -  Total Local Usage
	586668  -  Run Bytes Sent By Job
	62731  -  Run Bytes Received By Job
	586668  -  Total Bytes Sent By Job
	62731  -  Total Bytes Received By Job
	Partitionable Resources :    Usage  Request          
	   Cpus                 :                 1          
	   Disk (KB)            :      659      659          
	   Memory (MB)          :      115      115          
...
