
----------------------------------------------------
Job started on Thu Aug 13 13:34:22 EDT 2015 at WN: hibat0031.cmsaf.mit.edu 
Job is running on Linux hibat0031.cmsaf.mit.edu 2.6.32-358.el6.x86_64 #1 SMP Fri Feb 22 20:37:17 CST 2013 x86_64 x86_64 x86_64 GNU/Linux
Filesystem            Size  Used Avail Use% Mounted on
/dev/sda3              20G  3.7G   16G  20% /
tmpfs                  24G     0   24G   0% /dev/shm
/dev/sda1              97M   32M   61M  35% /boot
/dev/sda4             874G  107G  768G  13% /export/data1
/dev/sdb1             1.8T  1.7T  162G  92% /export/00b
/dev/sdc1             1.8T  1.7T  163G  92% /export/00c
/dev/sdd1             1.8T  1.7T  163G  92% /export/00d
/dev/sde1             1.8T  1.7T  162G  92% /export/00e
/dev/sdf1             1.8T  1.7T  184G  91% /export/00f
fuse_dfs              4.9P  4.5P  446T  92% /mnt/hadoop
cvmfs2                 98G   96G  1.8G  99% /cvmfs/cms.cern.ch
t2srv0004:/export/db  135G  187M  135G   1% /net/t2srv0004/db
cvmfs2                 98G   96G  1.8G  99% /cvmfs/oasis.opensciencegrid.org
cvmfs2                 98G   96G  1.8G  99% /cvmfs/cdfcfs.fnal.gov
cvmfs2                 98G   96G  1.8G  99% /cvmfs/cvmfs.cmsaf.mit.edu
gcc (GCC) 4.4.7 20120313 (Red Hat 4.4.7-3)
Copyright (C) 2010 Free Software Foundation, Inc.
This is free software; see the source for copying conditions.  There is NO
warranty; not even for MERCHANTABILITY or FITNESS FOR A PARTICULAR PURPOSE.

Processing...
0/2600
Macro finished: 
CPU time (min)  = 0.0393333
Real time (min) = 0.334318
total 1.4M
-rw-r--r--  1 obaron obaron  94K Aug 13 13:20 jetRAA_PbPb_data_akPu2_select.txt
-rw-r--r--  1 obaron obaron 108K Aug 13 13:20 jetRAA_PbPb_data_forest.txt
-rw-r--r--  1 obaron obaron  94K Aug 13 13:20 jetRAA_PbPb_data_akPu4_select.txt
-rw-r--r--  1 obaron obaron  94K Aug 13 13:20 jetRAA_PbPb_data_akPu3_select.txt
-rw-r--r--  1 obaron obaron  70K Aug 13 13:31 RAA_read_data_pbpb.C
-rw-r--r--  1 obaron obaron  11K Aug 13 13:32 RAA_read_data_pbpb_C.d
-rwxr-xr-x  1 obaron obaron 101K Aug 13 13:32 RAA_read_data_pbpb_C.so
-rw-rw-r--  1 obaron obaron  61K Aug 13 13:34 jetRAA_run_PbPb_Data.tar
-rwxr-xr-x  1 obaron obaron 1.2K Aug 13 13:34 condor_exec.exe
drwxr-xr-x 14 condor root   4.0K Aug 13 13:34 ..
-rw-r--r--  1 condor condor  20K Aug 13 13:34 .job.ad
-rw-r--r--  1 condor condor 5.4K Aug 13 13:34 .machine.ad
-rwx------  1 obaron obaron   49 Aug 13 13:34 .chirp.config
drwx------  2 obaron obaron 4.0K Aug 13 13:34 .
-rw-r--r--  1 obaron obaron  678 Aug 13 13:34 _condor_stderr
-rw-r--r--  1 obaron obaron 1.6K Aug 13 13:34 _condor_stdout
-rw-r--r--  1 obaron obaron 630K Aug 13 13:34 PbPb_Data_histograms_FromForest_pileupCutFIX_ZDCmCut_akPu3_20_eta_20_5.root
Done!
Copied output files to hadoop rootfiles/JetRAA/June29
