000 (556456.000.000) 08/12 14:10:59 Job submitted from host: <18.12.1.74:48322>
...
001 (556456.000.000) 08/12 14:48:18 Job executing on host: <18.12.9.33:40000>
...
006 (556456.000.000) 08/12 14:48:27 Image size of job updated: 2
	3  -  MemoryUsage of job (MB)
	2356  -  ResidentSetSize of job (KB)
...
006 (556456.000.000) 08/12 14:53:28 Image size of job updated: 230352
	100  -  MemoryUsage of job (MB)
	101556  -  ResidentSetSize of job (KB)
...
006 (556456.000.000) 08/12 14:58:28 Image size of job updated: 230484
	107  -  MemoryUsage of job (MB)
	109368  -  ResidentSetSize of job (KB)
...
006 (556456.000.000) 08/12 15:03:28 Image size of job updated: 230772
	107  -  MemoryUsage of job (MB)
	109368  -  ResidentSetSize of job (KB)
...
005 (556456.000.000) 08/12 15:07:09 Job terminated.
	(1) Normal termination (return value 0)
		Usr 0 00:01:38, Sys 0 00:00:04  -  Run Remote Usage
		Usr 0 00:00:00, Sys 0 00:00:00  -  Run Local Usage
		Usr 0 00:01:38, Sys 0 00:00:04  -  Total Remote Usage
		Usr 0 00:00:00, Sys 0 00:00:00  -  Total Local Usage
	586340  -  Run Bytes Sent By Job
	62715  -  Run Bytes Received By Job
	586340  -  Total Bytes Sent By Job
	62715  -  Total Bytes Received By Job
	Partitionable Resources :    Usage  Request          
	   Cpus                 :                 1          
	   Disk (KB)            :      659      659          
	   Memory (MB)          :      107      107          
...
000 (557716.000.000) 08/13 11:57:34 Job submitted from host: <18.12.1.74:48322>
...
001 (557716.000.000) 08/13 12:42:17 Job executing on host: <18.12.9.47:41168>
...
006 (557716.000.000) 08/13 12:42:26 Image size of job updated: 191136
	74  -  MemoryUsage of job (MB)
	75676  -  ResidentSetSize of job (KB)
...
006 (557716.000.000) 08/13 12:45:35 Image size of job updated: 230768
	74  -  MemoryUsage of job (MB)
	75676  -  ResidentSetSize of job (KB)
...
005 (557716.000.000) 08/13 12:45:36 Job terminated.
	(1) Normal termination (return value 0)
		Usr 0 00:01:33, Sys 0 00:00:01  -  Run Remote Usage
		Usr 0 00:00:00, Sys 0 00:00:00  -  Run Local Usage
		Usr 0 00:01:33, Sys 0 00:00:01  -  Total Remote Usage
		Usr 0 00:00:00, Sys 0 00:00:00  -  Total Local Usage
	586276  -  Run Bytes Sent By Job
	62715  -  Run Bytes Received By Job
	586276  -  Total Bytes Sent By Job
	62715  -  Total Bytes Received By Job
	Partitionable Resources :    Usage  Request          
	   Cpus                 :                 1          
	   Disk (KB)            :      659      659          
	   Memory (MB)          :       74       74          
...
000 (558232.000.000) 08/13 14:31:17 Job submitted from host: <18.12.1.74:48322>
...
001 (558232.000.000) 08/13 15:09:09 Job executing on host: <18.12.9.57:41971>
...
006 (558232.000.000) 08/13 15:09:18 Image size of job updated: 193756
	78  -  MemoryUsage of job (MB)
	79564  -  ResidentSetSize of job (KB)
...
006 (558232.000.000) 08/13 15:11:46 Image size of job updated: 230796
	78  -  MemoryUsage of job (MB)
	79564  -  ResidentSetSize of job (KB)
...
005 (558232.000.000) 08/13 15:11:46 Job terminated.
	(1) Normal termination (return value 0)
		Usr 0 00:01:34, Sys 0 00:00:02  -  Run Remote Usage
		Usr 0 00:00:00, Sys 0 00:00:00  -  Run Local Usage
		Usr 0 00:01:34, Sys 0 00:00:02  -  Total Remote Usage
		Usr 0 00:00:00, Sys 0 00:00:00  -  Total Local Usage
	585949  -  Run Bytes Sent By Job
	62714  -  Run Bytes Received By Job
	585949  -  Total Bytes Sent By Job
	62714  -  Total Bytes Received By Job
	Partitionable Resources :    Usage  Request          
	   Cpus                 :                 1          
	   Disk (KB)            :      659      659          
	   Memory (MB)          :       78       78          
...
000 (565569.000.000) 08/20 12:58:08 Job submitted from host: <18.12.1.74:48322>
...
001 (565569.000.000) 08/20 12:59:45 Job executing on host: <18.12.9.33:40000>
...
006 (565569.000.000) 08/20 13:00:03 Image size of job updated: 93588
	3  -  MemoryUsage of job (MB)
	2432  -  ResidentSetSize of job (KB)
...
006 (565569.000.000) 08/20 13:05:04 Image size of job updated: 230772
	98  -  MemoryUsage of job (MB)
	99492  -  ResidentSetSize of job (KB)
...
005 (565569.000.000) 08/20 13:12:26 Job terminated.
	(1) Normal termination (return value 0)
		Usr 0 00:01:41, Sys 0 00:00:03  -  Run Remote Usage
		Usr 0 00:00:00, Sys 0 00:00:00  -  Run Local Usage
		Usr 0 00:01:41, Sys 0 00:00:03  -  Total Remote Usage
		Usr 0 00:00:00, Sys 0 00:00:00  -  Total Local Usage
	586468  -  Run Bytes Sent By Job
	62731  -  Run Bytes Received By Job
	586468  -  Total Bytes Sent By Job
	62731  -  Total Bytes Received By Job
	Partitionable Resources :    Usage  Request          
	   Cpus                 :                 1          
	   Disk (KB)            :      659      659          
	   Memory (MB)          :       98       98          
...
