
----------------------------------------------------
Job started on Mon Oct 12 10:49:13 EDT 2015 at WN: t2bat0315.cmsaf.mit.edu 
Job is running on Linux t2bat0315.cmsaf.mit.edu 2.6.32-358.el6.x86_64 #1 SMP Fri Feb 22 20:37:17 CST 2013 x86_64 x86_64 x86_64 GNU/Linux
Filesystem            Size  Used Avail Use% Mounted on
/dev/sda3              20G  2.8G   16G  15% /
tmpfs                  32G     0   32G   0% /dev/shm
/dev/sda1              97M   32M   61M  35% /boot
/dev/sda4             416G   55G  361G  14% /export/data1
fuse_dfs              5.0P  4.0P  1.1P  80% /mnt/hadoop
/dev/sdb1             3.6T  3.1T  530G  86% /export/00b
/dev/sdc1             3.6T  3.1T  523G  86% /export/00c
/dev/sdd1             3.6T  3.1T  540G  86% /export/00d
/dev/sde1             3.6T  3.1T  548G  86% /export/00e
/dev/sdf1             3.6T  3.1T  544G  86% /export/00f
/dev/sdg1             3.6T  3.1T  560G  85% /export/00g
/dev/sdh1             3.6T  1.7T  2.0T  46% /export/00h
cvmfs2                 98G   50G   49G  51% /cvmfs/cms.cern.ch
t2srv0004:/export/db  135G  187M  135G   1% /net/t2srv0004/db
cvmfs2                 98G   50G   49G  51% /cvmfs/oasis.opensciencegrid.org
cvmfs2                 98G   50G   49G  51% /cvmfs/cdfcfs.fnal.gov
cvmfs2                 98G   50G   49G  51% /cvmfs/cvmfs.cmsaf.mit.edu
gcc (GCC) 4.4.7 20120313 (Red Hat 4.4.7-3)
Copyright (C) 2010 Free Software Foundation, Inc.
This is free software; see the source for copying conditions.  There is NO
warranty; not even for MERCHANTABILITY or FITNESS FOR A PARTICULAR PURPOSE.

Processing...
0/56303
10000/56303
20000/56303
30000/56303
40000/56303
50000/56303
Macro finished: 
CPU time (min)  = 0.529833
Real time (min) = 1.23242
total 1.6M
-rw-r--r--  1 obaron obaron 108K Oct 12 10:08 jetRAA_PbPb_data_forest.txt
-rw-r--r--  1 obaron obaron  94K Oct 12 10:08 jetRAA_PbPb_data_akPu4_select.txt
-rw-r--r--  1 obaron obaron  94K Oct 12 10:08 jetRAA_PbPb_data_akPu3_select.txt
-rw-r--r--  1 obaron obaron  94K Oct 12 10:08 jetRAA_PbPb_data_akPu2_select.txt
-rw-r--r--  1 obaron obaron  70K Oct 12 10:40 RAA_read_data_pbpb.C
-rw-r--r--  1 obaron obaron  11K Oct 12 10:40 RAA_read_data_pbpb_C.d
-rwxr-xr-x  1 obaron obaron 101K Oct 12 10:40 RAA_read_data_pbpb_C.so
-rw-rw-r--  1 obaron obaron  61K Oct 12 10:49 jetRAA_run_PbPb_Data.tar
-rwxr-xr-x  1 obaron obaron 1.2K Oct 12 10:49 condor_exec.exe
drwxr-xr-x 34 condor root   4.0K Oct 12 10:49 ..
-rw-r--r--  1 condor condor 5.4K Oct 12 10:49 .machine.ad
-rw-r--r--  1 condor condor  20K Oct 12 10:49 .job.ad
-rwx------  1 obaron obaron   49 Oct 12 10:49 .chirp.config
-rw-r--r--  1 obaron obaron    0 Oct 12 10:49 _condor_stderr
drwx------  2 obaron obaron 4.0K Oct 12 10:49 .
-rw-r--r--  1 obaron obaron 1.7K Oct 12 10:50 _condor_stdout
-rw-r--r--  1 obaron obaron 851K Oct 12 10:50 PbPb_Data_histograms_FromForest_pileupCutFIX_ZDCmCut_30GeVcut_akPu3_20_eta_20_170.root
Done!
Copied output files to hadoop rootfiles/JetRAA/June29
