000 (556059.000.000) 08/12 11:33:40 Job submitted from host: <18.12.1.74:48322>
...
001 (556059.000.000) 08/12 11:50:34 Job executing on host: <18.12.8.154:41168>
...
006 (556059.000.000) 08/12 11:50:43 Image size of job updated: 2
	3  -  MemoryUsage of job (MB)
	2360  -  ResidentSetSize of job (KB)
...
006 (556059.000.000) 08/12 11:52:50 Image size of job updated: 230308
	3  -  MemoryUsage of job (MB)
	2360  -  ResidentSetSize of job (KB)
...
005 (556059.000.000) 08/12 11:52:50 Job terminated.
	(1) Normal termination (return value 0)
		Usr 0 00:00:59, Sys 0 00:00:00  -  Run Remote Usage
		Usr 0 00:00:00, Sys 0 00:00:00  -  Run Local Usage
		Usr 0 00:00:59, Sys 0 00:00:00  -  Total Remote Usage
		Usr 0 00:00:00, Sys 0 00:00:00  -  Total Local Usage
	586151  -  Run Bytes Sent By Job
	62715  -  Run Bytes Received By Job
	586151  -  Total Bytes Sent By Job
	62715  -  Total Bytes Received By Job
	Partitionable Resources :    Usage  Request          
	   Cpus                 :                 1          
	   Disk (KB)            :      659      659          
	   Memory (MB)          :        3        3          
...
000 (566428.000.000) 08/20 21:02:51 Job submitted from host: <18.12.1.74:48322>
...
007 (566428.000.000) 08/20 21:03:00 Shadow exception!
	Error from slot12@hibat0034.cmsaf.mit.edu: Failed to transfer files
	0  -  Run Bytes Sent By Job
	0  -  Run Bytes Received By Job
...
007 (566428.000.000) 08/20 21:04:04 Shadow exception!
	Error from slot30@t2bat0291.cmsaf.mit.edu: Failed to transfer files
	0  -  Run Bytes Sent By Job
	0  -  Run Bytes Received By Job
...
007 (566428.000.000) 08/20 21:04:13 Shadow exception!
	Error from slot28@t2bat0334.cmsaf.mit.edu: Failed to transfer files
	0  -  Run Bytes Sent By Job
	0  -  Run Bytes Received By Job
...
007 (566428.000.000) 08/20 21:04:21 Shadow exception!
	Error from slot21@t2bat0339.cmsaf.mit.edu: Failed to transfer files
	0  -  Run Bytes Sent By Job
	0  -  Run Bytes Received By Job
...
007 (566428.000.000) 08/20 21:04:23 Shadow exception!
	Error from slot21@t2bat0339.cmsaf.mit.edu: Failed to transfer files
	0  -  Run Bytes Sent By Job
	0  -  Run Bytes Received By Job
...
007 (566428.000.000) 08/20 21:04:30 Shadow exception!
	Error from slot21@t2bat0339.cmsaf.mit.edu: Failed to transfer files
	0  -  Run Bytes Sent By Job
	0  -  Run Bytes Received By Job
...
007 (566428.000.000) 08/20 21:05:22 Shadow exception!
	Error from slot32@t2bat0287.cmsaf.mit.edu: Failed to transfer files
	0  -  Run Bytes Sent By Job
	0  -  Run Bytes Received By Job
...
007 (566428.000.000) 08/20 21:05:24 Shadow exception!
	Error from slot32@t2bat0287.cmsaf.mit.edu: Failed to transfer files
	0  -  Run Bytes Sent By Job
	0  -  Run Bytes Received By Job
...
007 (566428.000.000) 08/20 21:05:33 Shadow exception!
	Error from slot32@t2bat0287.cmsaf.mit.edu: Failed to transfer files
	0  -  Run Bytes Sent By Job
	0  -  Run Bytes Received By Job
...
007 (566428.000.000) 08/20 21:05:40 Shadow exception!
	Error from slot32@t2bat0287.cmsaf.mit.edu: Failed to transfer files
	0  -  Run Bytes Sent By Job
	0  -  Run Bytes Received By Job
...
001 (566428.000.000) 08/20 21:05:57 Job executing on host: <18.12.9.78:42044>
...
006 (566428.000.000) 08/20 21:06:06 Image size of job updated: 93728
	3  -  MemoryUsage of job (MB)
	2440  -  ResidentSetSize of job (KB)
...
006 (566428.000.000) 08/20 21:11:06 Image size of job updated: 230308
	100  -  MemoryUsage of job (MB)
	102280  -  ResidentSetSize of job (KB)
...
005 (566428.000.000) 08/20 21:17:29 Job terminated.
	(1) Normal termination (return value 0)
		Usr 0 00:00:53, Sys 0 00:00:00  -  Run Remote Usage
		Usr 0 00:00:00, Sys 0 00:00:00  -  Run Local Usage
		Usr 0 00:00:53, Sys 0 00:00:00  -  Total Remote Usage
		Usr 0 00:00:00, Sys 0 00:00:00  -  Total Local Usage
	586117  -  Run Bytes Sent By Job
	62731  -  Run Bytes Received By Job
	586117  -  Total Bytes Sent By Job
	62731  -  Total Bytes Received By Job
	Partitionable Resources :    Usage  Request          
	   Cpus                 :                 1          
	   Disk (KB)            :      659      659          
	   Memory (MB)          :      100      100          
...
000 (782433.000.000) 10/01 13:04:26 Job submitted from host: <18.12.1.74:47665>
...
001 (782433.000.000) 10/01 13:13:14 Job executing on host: <18.12.9.37:40511>
...
006 (782433.000.000) 10/01 13:13:23 Image size of job updated: 49268
	3  -  MemoryUsage of job (MB)
	2752  -  ResidentSetSize of job (KB)
...
006 (782433.000.000) 10/01 13:18:23 Image size of job updated: 230312
	111  -  MemoryUsage of job (MB)
	112824  -  ResidentSetSize of job (KB)
...
005 (782433.000.000) 10/01 13:18:53 Job terminated.
	(1) Normal termination (return value 0)
		Usr 0 00:01:01, Sys 0 00:00:02  -  Run Remote Usage
		Usr 0 00:00:00, Sys 0 00:00:00  -  Run Local Usage
		Usr 0 00:01:01, Sys 0 00:00:02  -  Total Remote Usage
		Usr 0 00:00:00, Sys 0 00:00:00  -  Total Local Usage
	586397  -  Run Bytes Sent By Job
	62730  -  Run Bytes Received By Job
	586397  -  Total Bytes Sent By Job
	62730  -  Total Bytes Received By Job
	Partitionable Resources :    Usage  Request          
	   Cpus                 :                 1          
	   Disk (KB)            :      659      659          
	   Memory (MB)          :      111      111          
...
000 (782614.000.000) 10/01 14:31:16 Job submitted from host: <18.12.1.74:47665>
...
001 (782614.000.000) 10/01 14:33:10 Job executing on host: <18.12.9.59:43869>
...
006 (782614.000.000) 10/01 14:33:20 Image size of job updated: 224764
	90  -  MemoryUsage of job (MB)
	91544  -  ResidentSetSize of job (KB)
...
006 (782614.000.000) 10/01 14:35:28 Image size of job updated: 227396
	90  -  MemoryUsage of job (MB)
	91544  -  ResidentSetSize of job (KB)
...
005 (782614.000.000) 10/01 14:38:24 Job terminated.
	(1) Normal termination (return value 0)
		Usr 0 00:00:24, Sys 0 00:00:00  -  Run Remote Usage
		Usr 0 00:00:00, Sys 0 00:00:00  -  Run Local Usage
		Usr 0 00:00:24, Sys 0 00:00:00  -  Total Remote Usage
		Usr 0 00:00:00, Sys 0 00:00:00  -  Total Local Usage
	3177619  -  Run Bytes Sent By Job
	62736  -  Run Bytes Received By Job
	3177619  -  Total Bytes Sent By Job
	62736  -  Total Bytes Received By Job
	Partitionable Resources :    Usage  Request          
	   Cpus                 :                 1          
	   Disk (KB)            :     3189     3189          
	   Memory (MB)          :       90       90          
...
000 (788155.000.000) 10/09 09:23:39 Job submitted from host: <18.12.1.74:45913>
...
001 (788155.000.000) 10/09 09:24:11 Job executing on host: <18.12.12.17:49928>
...
006 (788155.000.000) 10/09 09:24:19 Image size of job updated: 13384
	2  -  MemoryUsage of job (MB)
	1984  -  ResidentSetSize of job (KB)
...
006 (788155.000.000) 10/09 09:26:34 Image size of job updated: 230296
	2  -  MemoryUsage of job (MB)
	1984  -  ResidentSetSize of job (KB)
...
005 (788155.000.000) 10/09 09:26:34 Job terminated.
	(1) Normal termination (return value 0)
		Usr 0 00:01:12, Sys 0 00:00:01  -  Run Remote Usage
		Usr 0 00:00:00, Sys 0 00:00:00  -  Run Local Usage
		Usr 0 00:01:12, Sys 0 00:00:01  -  Total Remote Usage
		Usr 0 00:00:00, Sys 0 00:00:00  -  Total Local Usage
	585526  -  Run Bytes Sent By Job
	62698  -  Run Bytes Received By Job
	585526  -  Total Bytes Sent By Job
	62698  -  Total Bytes Received By Job
	Partitionable Resources :    Usage  Request          
	   Cpus                 :                 1          
	   Disk (KB)            :      658      658          
	   Memory (MB)          :        2        2          
...
000 (788520.000.000) 10/12 09:48:00 Job submitted from host: <18.12.1.74:45913>
...
001 (788520.000.000) 10/12 09:53:51 Job executing on host: <18.12.8.26:45110>
...
006 (788520.000.000) 10/12 09:53:59 Image size of job updated: 230164
	95  -  MemoryUsage of job (MB)
	96524  -  ResidentSetSize of job (KB)
...
006 (788520.000.000) 10/12 09:56:29 Image size of job updated: 230296
	95  -  MemoryUsage of job (MB)
	96524  -  ResidentSetSize of job (KB)
...
005 (788520.000.000) 10/12 09:56:29 Job terminated.
	(1) Normal termination (return value 0)
		Usr 0 00:01:44, Sys 0 00:00:04  -  Run Remote Usage
		Usr 0 00:00:00, Sys 0 00:00:00  -  Run Local Usage
		Usr 0 00:01:44, Sys 0 00:00:04  -  Total Remote Usage
		Usr 0 00:00:00, Sys 0 00:00:00  -  Total Local Usage
	585099  -  Run Bytes Sent By Job
	62703  -  Run Bytes Received By Job
	585099  -  Total Bytes Sent By Job
	62703  -  Total Bytes Received By Job
	Partitionable Resources :    Usage  Request          
	   Cpus                 :                 1          
	   Disk (KB)            :      658      658          
	   Memory (MB)          :       95       95          
...
