
----------------------------------------------------
Job started on Thu Aug 20 21:09:40 EDT 2015 at WN: t2bat0216.cmsaf.mit.edu 
Job is running on Linux t2bat0216.cmsaf.mit.edu 2.6.32-358.el6.x86_64 #1 SMP Fri Feb 22 20:37:17 CST 2013 x86_64 x86_64 x86_64 GNU/Linux
Filesystem            Size  Used Avail Use% Mounted on
/dev/sda3              20G  3.4G   16G  18% /
tmpfs                  12G     0   12G   0% /dev/shm
/dev/sda1              97M   32M   61M  35% /boot
/dev/sda4             874G   38G  837G   5% /export/data1
/dev/sdb1             1.8T  1.7T  132G  93% /export/00b
/dev/sdc1             1.8T  1.7T  123G  94% /export/00c
/dev/sdd1             1.8T  1.7T  131G  93% /export/00d
/dev/sde1             1.8T  1.7T  115G  94% /export/00e
/dev/sdf1             1.8T  1.7T  136G  93% /export/00f
fuse_dfs              4.9P  4.6P  323T  94% /mnt/hadoop
cvmfs2                 98G   22G   76G  23% /cvmfs/cms.cern.ch
t2srv0004:/export/db  135G  187M  135G   1% /net/t2srv0004/db
cvmfs2                 98G   22G   76G  23% /cvmfs/cvmfs.cmsaf.mit.edu
gcc (GCC) 4.4.7 20120313 (Red Hat 4.4.7-3)
Copyright (C) 2010 Free Software Foundation, Inc.
This is free software; see the source for copying conditions.  There is NO
warranty; not even for MERCHANTABILITY or FITNESS FOR A PARTICULAR PURPOSE.

Processing...
0/146795
10000/146795
20000/146795
30000/146795
40000/146795
50000/146795
60000/146795
70000/146795
80000/146795
90000/146795
100000/146795
110000/146795
120000/146795
130000/146795
140000/146795
Macro finished: 
CPU time (min)  = 1.51567
Real time (min) = 8.26071
total 1.7M
-rw-r--r--  1 obaron obaron  94K Aug 20 20:49 jetRAA_PbPb_data_akPu3_select.txt
-rw-r--r--  1 obaron obaron  70K Aug 20 20:49 RAA_read_data_pbpb.C
-rw-r--r--  1 obaron obaron 108K Aug 20 20:49 jetRAA_PbPb_data_forest.txt
-rw-r--r--  1 obaron obaron  94K Aug 20 20:49 jetRAA_PbPb_data_akPu2_select.txt
-rw-r--r--  1 obaron obaron  94K Aug 20 20:50 jetRAA_PbPb_data_akPu4_select.txt
-rw-r--r--  1 obaron obaron  11K Aug 20 20:57 RAA_read_data_pbpb_C.d
-rwxr-xr-x  1 obaron obaron 101K Aug 20 20:58 RAA_read_data_pbpb_C.so
-rw-r--r--  1 condor condor  20K Aug 20 21:09 .job.ad
drwxr-xr-x 19 condor root   4.0K Aug 20 21:09 ..
-rw-r--r--  1 condor condor 5.6K Aug 20 21:09 .machine.ad
-rwx------  1 obaron obaron   50 Aug 20 21:09 .chirp.config
-rw-rw-r--  1 obaron obaron  61K Aug 20 21:09 jetRAA_run_PbPb_Data.tar
-rwxr-xr-x  1 obaron obaron 1.2K Aug 20 21:09 condor_exec.exe
drwx------  2 obaron obaron 4.0K Aug 20 21:09 .
-rw-r--r--  1 obaron obaron  678 Aug 20 21:09 _condor_stderr
-rw-r--r--  1 obaron obaron 1.6K Aug 20 21:17 _condor_stdout
-rw-r--r--  1 obaron obaron 991K Aug 20 21:17 PbPb_Data_histograms_FromForest_pileupCutFIX_ZDCmCut_akPu2_20_eta_20_800.root
Done!
Copied output files to hadoop rootfiles/JetRAA/June29
