000 (556143.000.000) 08/12 11:33:49 Job submitted from host: <18.12.1.74:48322>
...
001 (556143.000.000) 08/12 12:02:20 Job executing on host: <18.12.9.34:48906>
...
006 (556143.000.000) 08/12 12:02:28 Image size of job updated: 187688
	71  -  MemoryUsage of job (MB)
	72584  -  ResidentSetSize of job (KB)
...
006 (556143.000.000) 08/12 12:07:28 Image size of job updated: 230420
	108  -  MemoryUsage of job (MB)
	110244  -  ResidentSetSize of job (KB)
...
005 (556143.000.000) 08/12 12:13:37 Job terminated.
	(1) Normal termination (return value 0)
		Usr 0 00:01:20, Sys 0 00:00:03  -  Run Remote Usage
		Usr 0 00:00:00, Sys 0 00:00:00  -  Run Local Usage
		Usr 0 00:01:20, Sys 0 00:00:03  -  Total Remote Usage
		Usr 0 00:00:00, Sys 0 00:00:00  -  Total Local Usage
	586314  -  Run Bytes Sent By Job
	62715  -  Run Bytes Received By Job
	586314  -  Total Bytes Sent By Job
	62715  -  Total Bytes Received By Job
	Partitionable Resources :    Usage  Request          
	   Cpus                 :                 1          
	   Disk (KB)            :      659      659          
	   Memory (MB)          :      108      108          
...
000 (566512.000.000) 08/20 21:08:50 Job submitted from host: <18.12.1.74:48322>
...
001 (566512.000.000) 08/20 21:09:10 Job executing on host: <18.12.9.41:47519>
...
006 (566512.000.000) 08/20 21:09:19 Image size of job updated: 68256
	15  -  MemoryUsage of job (MB)
	14924  -  ResidentSetSize of job (KB)
...
006 (566512.000.000) 08/20 21:14:02 Image size of job updated: 230416
	15  -  MemoryUsage of job (MB)
	14924  -  ResidentSetSize of job (KB)
...
005 (566512.000.000) 08/20 21:20:32 Job terminated.
	(1) Normal termination (return value 0)
		Usr 0 00:01:20, Sys 0 00:00:02  -  Run Remote Usage
		Usr 0 00:00:00, Sys 0 00:00:00  -  Run Local Usage
		Usr 0 00:01:20, Sys 0 00:00:02  -  Total Remote Usage
		Usr 0 00:00:00, Sys 0 00:00:00  -  Total Local Usage
	586440  -  Run Bytes Sent By Job
	62731  -  Run Bytes Received By Job
	586440  -  Total Bytes Sent By Job
	62731  -  Total Bytes Received By Job
	Partitionable Resources :    Usage  Request          
	   Cpus                 :                 1          
	   Disk (KB)            :      659      659          
	   Memory (MB)          :       15       15          
...
