000 (556036.000.000) 08/12 11:33:38 Job submitted from host: <18.12.1.74:48322>
...
001 (556036.000.000) 08/12 11:46:19 Job executing on host: <18.12.8.181:40584>
...
006 (556036.000.000) 08/12 11:46:28 Image size of job updated: 2
	3  -  MemoryUsage of job (MB)
	2348  -  ResidentSetSize of job (KB)
...
006 (556036.000.000) 08/12 11:50:01 Image size of job updated: 230164
	3  -  MemoryUsage of job (MB)
	2348  -  ResidentSetSize of job (KB)
...
005 (556036.000.000) 08/12 11:50:01 Job terminated.
	(1) Normal termination (return value 0)
		Usr 0 00:00:36, Sys 0 00:00:00  -  Run Remote Usage
		Usr 0 00:00:00, Sys 0 00:00:00  -  Run Local Usage
		Usr 0 00:00:36, Sys 0 00:00:00  -  Total Remote Usage
		Usr 0 00:00:00, Sys 0 00:00:00  -  Total Local Usage
	586075  -  Run Bytes Sent By Job
	62715  -  Run Bytes Received By Job
	586075  -  Total Bytes Sent By Job
	62715  -  Total Bytes Received By Job
	Partitionable Resources :    Usage  Request          
	   Cpus                 :                 1          
	   Disk (KB)            :      659      659          
	   Memory (MB)          :        3        3          
...
000 (566405.000.000) 08/20 21:01:41 Job submitted from host: <18.12.1.74:48322>
...
007 (566405.000.000) 08/20 21:02:01 Shadow exception!
	Error from slot11@t2bat0296.cmsaf.mit.edu: Failed to transfer files
	0  -  Run Bytes Sent By Job
	0  -  Run Bytes Received By Job
...
001 (566405.000.000) 08/20 21:02:57 Job executing on host: <18.12.9.29:41168>
...
006 (566405.000.000) 08/20 21:03:06 Image size of job updated: 2
	3  -  MemoryUsage of job (MB)
	2352  -  ResidentSetSize of job (KB)
...
006 (566405.000.000) 08/20 21:05:49 Image size of job updated: 230160
	3  -  MemoryUsage of job (MB)
	2352  -  ResidentSetSize of job (KB)
...
005 (566405.000.000) 08/20 21:12:17 Job terminated.
	(1) Normal termination (return value 0)
		Usr 0 00:00:43, Sys 0 00:00:01  -  Run Remote Usage
		Usr 0 00:00:00, Sys 0 00:00:00  -  Run Local Usage
		Usr 0 00:00:43, Sys 0 00:00:01  -  Total Remote Usage
		Usr 0 00:00:00, Sys 0 00:00:00  -  Total Local Usage
	586323  -  Run Bytes Sent By Job
	62731  -  Run Bytes Received By Job
	586323  -  Total Bytes Sent By Job
	62731  -  Total Bytes Received By Job
	Partitionable Resources :    Usage  Request          
	   Cpus                 :                 1          
	   Disk (KB)            :      659      659          
	   Memory (MB)          :        3        3          
...
