000 (556350.000.000) 08/12 14:10:48 Job submitted from host: <18.12.1.74:48322>
...
001 (556350.000.000) 08/12 14:26:24 Job executing on host: <18.12.9.36:47227>
...
006 (556350.000.000) 08/12 14:26:33 Image size of job updated: 193768
	78  -  MemoryUsage of job (MB)
	79620  -  ResidentSetSize of job (KB)
...
006 (556350.000.000) 08/12 14:31:35 Image size of job updated: 229996
	109  -  MemoryUsage of job (MB)
	110632  -  ResidentSetSize of job (KB)
...
005 (556350.000.000) 08/12 14:35:19 Job terminated.
	(1) Normal termination (return value 0)
		Usr 0 00:00:31, Sys 0 00:00:01  -  Run Remote Usage
		Usr 0 00:00:00, Sys 0 00:00:00  -  Run Local Usage
		Usr 0 00:00:31, Sys 0 00:00:01  -  Total Remote Usage
		Usr 0 00:00:00, Sys 0 00:00:00  -  Total Local Usage
	586386  -  Run Bytes Sent By Job
	62715  -  Run Bytes Received By Job
	586386  -  Total Bytes Sent By Job
	62715  -  Total Bytes Received By Job
	Partitionable Resources :    Usage  Request          
	   Cpus                 :                 1          
	   Disk (KB)            :      659      659          
	   Memory (MB)          :      109      109          
...
000 (557610.000.000) 08/13 11:57:23 Job submitted from host: <18.12.1.74:48322>
...
001 (557610.000.000) 08/13 12:17:22 Job executing on host: <18.12.9.52:43066>
...
006 (557610.000.000) 08/13 12:17:30 Image size of job updated: 229992
	93  -  MemoryUsage of job (MB)
	94848  -  ResidentSetSize of job (KB)
...
005 (557610.000.000) 08/13 12:18:41 Job terminated.
	(1) Normal termination (return value 0)
		Usr 0 00:00:27, Sys 0 00:00:00  -  Run Remote Usage
		Usr 0 00:00:00, Sys 0 00:00:00  -  Run Local Usage
		Usr 0 00:00:27, Sys 0 00:00:00  -  Total Remote Usage
		Usr 0 00:00:00, Sys 0 00:00:00  -  Total Local Usage
	586104  -  Run Bytes Sent By Job
	62715  -  Run Bytes Received By Job
	586104  -  Total Bytes Sent By Job
	62715  -  Total Bytes Received By Job
	Partitionable Resources :    Usage  Request          
	   Cpus                 :                 1          
	   Disk (KB)            :      659      659          
	   Memory (MB)          :       93       93          
...
000 (558126.000.000) 08/13 14:31:06 Job submitted from host: <18.12.1.74:48322>
...
001 (558126.000.000) 08/13 14:50:45 Job executing on host: <18.12.9.39:46205>
...
006 (558126.000.000) 08/13 14:50:53 Image size of job updated: 2
	3  -  MemoryUsage of job (MB)
	2348  -  ResidentSetSize of job (KB)
...
006 (558126.000.000) 08/13 14:53:39 Image size of job updated: 229992
	3  -  MemoryUsage of job (MB)
	2348  -  ResidentSetSize of job (KB)
...
005 (558126.000.000) 08/13 14:53:40 Job terminated.
	(1) Normal termination (return value 0)
		Usr 0 00:00:29, Sys 0 00:00:01  -  Run Remote Usage
		Usr 0 00:00:00, Sys 0 00:00:00  -  Run Local Usage
		Usr 0 00:00:29, Sys 0 00:00:01  -  Total Remote Usage
		Usr 0 00:00:00, Sys 0 00:00:00  -  Total Local Usage
	586386  -  Run Bytes Sent By Job
	62714  -  Run Bytes Received By Job
	586386  -  Total Bytes Sent By Job
	62714  -  Total Bytes Received By Job
	Partitionable Resources :    Usage  Request          
	   Cpus                 :                 1          
	   Disk (KB)            :      659      659          
	   Memory (MB)          :        3        3          
...
000 (565463.000.000) 08/20 12:41:28 Job submitted from host: <18.12.1.74:48322>
...
001 (565463.000.000) 08/20 12:45:22 Job executing on host: <18.12.8.127:44745>
...
006 (565463.000.000) 08/20 12:45:31 Image size of job updated: 2
	2  -  MemoryUsage of job (MB)
	1724  -  ResidentSetSize of job (KB)
...
006 (565463.000.000) 08/20 12:46:49 Image size of job updated: 230032
	2  -  MemoryUsage of job (MB)
	1724  -  ResidentSetSize of job (KB)
...
005 (565463.000.000) 08/20 12:55:16 Job terminated.
	(1) Normal termination (return value 0)
		Usr 0 00:00:23, Sys 0 00:00:01  -  Run Remote Usage
		Usr 0 00:00:00, Sys 0 00:00:00  -  Run Local Usage
		Usr 0 00:00:23, Sys 0 00:00:01  -  Total Remote Usage
		Usr 0 00:00:00, Sys 0 00:00:00  -  Total Local Usage
	586075  -  Run Bytes Sent By Job
	62731  -  Run Bytes Received By Job
	586075  -  Total Bytes Sent By Job
	62731  -  Total Bytes Received By Job
	Partitionable Resources :    Usage  Request          
	   Cpus                 :                 1          
	   Disk (KB)            :      658      658          
	   Memory (MB)          :        2        2          
...
