000 (556147.000.000) 08/12 11:33:49 Job submitted from host: <18.12.1.74:48322>
...
001 (556147.000.000) 08/12 12:02:38 Job executing on host: <18.12.6.57:46935>
...
006 (556147.000.000) 08/12 12:02:47 Image size of job updated: 2
	3  -  MemoryUsage of job (MB)
	2344  -  ResidentSetSize of job (KB)
...
006 (556147.000.000) 08/12 12:04:46 Image size of job updated: 230520
	3  -  MemoryUsage of job (MB)
	2344  -  ResidentSetSize of job (KB)
...
005 (556147.000.000) 08/12 12:04:46 Job terminated.
	(1) Normal termination (return value 0)
		Usr 0 00:01:03, Sys 0 00:00:00  -  Run Remote Usage
		Usr 0 00:00:00, Sys 0 00:00:00  -  Run Local Usage
		Usr 0 00:01:03, Sys 0 00:00:00  -  Total Remote Usage
		Usr 0 00:00:00, Sys 0 00:00:00  -  Total Local Usage
	586034  -  Run Bytes Sent By Job
	62715  -  Run Bytes Received By Job
	586034  -  Total Bytes Sent By Job
	62715  -  Total Bytes Received By Job
	Partitionable Resources :    Usage  Request          
	   Cpus                 :                 1          
	   Disk (KB)            :      659      659          
	   Memory (MB)          :        3        3          
...
000 (566516.000.000) 08/20 21:09:03 Job submitted from host: <18.12.1.74:48322>
...
001 (566516.000.000) 08/20 21:09:38 Job executing on host: <18.12.9.72:40730>
...
006 (566516.000.000) 08/20 21:09:49 Image size of job updated: 2
	3  -  MemoryUsage of job (MB)
	2372  -  ResidentSetSize of job (KB)
...
006 (566516.000.000) 08/20 21:11:44 Image size of job updated: 230520
	3  -  MemoryUsage of job (MB)
	2372  -  ResidentSetSize of job (KB)
...
022 (566516.000.000) 08/20 21:11:45 Job disconnected, attempting to reconnect
    Socket between submit and execute hosts closed unexpectedly
    Trying to reconnect to slot22@t2bat0328.cmsaf.mit.edu <18.12.9.72:40730>
...
023 (566516.000.000) 08/20 21:11:45 Job reconnected to slot22@t2bat0328.cmsaf.mit.edu
    startd address: <18.12.9.72:40730>
    starter address: <18.12.9.72:44235>
...
022 (566516.000.000) 08/20 21:11:46 Job disconnected, attempting to reconnect
    Socket between submit and execute hosts closed unexpectedly
    Trying to reconnect to slot22@t2bat0328.cmsaf.mit.edu <18.12.9.72:40730>
...
023 (566516.000.000) 08/20 21:11:46 Job reconnected to slot22@t2bat0328.cmsaf.mit.edu
    startd address: <18.12.9.72:40730>
    starter address: <18.12.9.72:44235>
...
022 (566516.000.000) 08/20 21:11:46 Job disconnected, attempting to reconnect
    Socket between submit and execute hosts closed unexpectedly
    Trying to reconnect to slot22@t2bat0328.cmsaf.mit.edu <18.12.9.72:40730>
...
023 (566516.000.000) 08/20 21:11:46 Job reconnected to slot22@t2bat0328.cmsaf.mit.edu
    startd address: <18.12.9.72:40730>
    starter address: <18.12.9.72:44235>
...
022 (566516.000.000) 08/20 21:11:47 Job disconnected, attempting to reconnect
    Socket between submit and execute hosts closed unexpectedly
    Trying to reconnect to slot22@t2bat0328.cmsaf.mit.edu <18.12.9.72:40730>
...
023 (566516.000.000) 08/20 21:11:47 Job reconnected to slot22@t2bat0328.cmsaf.mit.edu
    startd address: <18.12.9.72:40730>
    starter address: <18.12.9.72:44235>
...
007 (566516.000.000) 08/20 21:11:47 Shadow exception!
	Error from slot22@t2bat0328.cmsaf.mit.edu: Repeated attempts to transfer output failed for unknown reasons
	0  -  Run Bytes Sent By Job
	62731  -  Run Bytes Received By Job
...
001 (566516.000.000) 08/20 21:12:12 Job executing on host: <18.12.9.38:45329>
...
006 (566516.000.000) 08/20 21:12:21 Image size of job updated: 250000
	71  -  MemoryUsage of job (MB)
	72568  -  ResidentSetSize of job (KB)
...
005 (566516.000.000) 08/20 21:22:43 Job terminated.
	(1) Normal termination (return value 0)
		Usr 0 00:00:59, Sys 0 00:00:01  -  Run Remote Usage
		Usr 0 00:00:00, Sys 0 00:00:00  -  Run Local Usage
		Usr 0 00:00:59, Sys 0 00:00:01  -  Total Remote Usage
		Usr 0 00:00:00, Sys 0 00:00:00  -  Total Local Usage
	586528  -  Run Bytes Sent By Job
	62731  -  Run Bytes Received By Job
	586528  -  Total Bytes Sent By Job
	125462  -  Total Bytes Received By Job
	Partitionable Resources :    Usage  Request          
	   Cpus                 :                 1          
	   Disk (KB)            :      750      750          
	   Memory (MB)          :       71       71          
...
000 (782521.000.000) 10/01 13:04:37 Job submitted from host: <18.12.1.74:47665>
...
001 (782521.000.000) 10/01 13:16:14 Job executing on host: <18.12.8.181:45402>
...
006 (782521.000.000) 10/01 13:16:27 Image size of job updated: 13384
	2  -  MemoryUsage of job (MB)
	1984  -  ResidentSetSize of job (KB)
...
006 (782521.000.000) 10/01 13:21:27 Image size of job updated: 230496
	96  -  MemoryUsage of job (MB)
	98072  -  ResidentSetSize of job (KB)
...
005 (782521.000.000) 10/01 13:21:36 Job terminated.
	(1) Normal termination (return value 0)
		Usr 0 00:00:48, Sys 0 00:00:00  -  Run Remote Usage
		Usr 0 00:00:00, Sys 0 00:00:00  -  Run Local Usage
		Usr 0 00:00:48, Sys 0 00:00:00  -  Total Remote Usage
		Usr 0 00:00:00, Sys 0 00:00:00  -  Total Local Usage
	586048  -  Run Bytes Sent By Job
	62730  -  Run Bytes Received By Job
	586048  -  Total Bytes Sent By Job
	62730  -  Total Bytes Received By Job
	Partitionable Resources :    Usage  Request          
	   Cpus                 :                 1          
	   Disk (KB)            :      659      659          
	   Memory (MB)          :       96       96          
...
000 (782702.000.000) 10/01 14:32:20 Job submitted from host: <18.12.1.74:47665>
...
001 (782702.000.000) 10/01 14:34:15 Job executing on host: <18.12.8.144:48614>
...
006 (782702.000.000) 10/01 14:34:52 Image size of job updated: 69176
	13  -  MemoryUsage of job (MB)
	13304  -  ResidentSetSize of job (KB)
...
006 (782702.000.000) 10/01 14:37:57 Image size of job updated: 227532
	13  -  MemoryUsage of job (MB)
	13304  -  ResidentSetSize of job (KB)
...
005 (782702.000.000) 10/01 14:41:17 Job terminated.
	(1) Normal termination (return value 0)
		Usr 0 00:00:26, Sys 0 00:00:01  -  Run Remote Usage
		Usr 0 00:00:00, Sys 0 00:00:00  -  Run Local Usage
		Usr 0 00:00:26, Sys 0 00:00:01  -  Total Remote Usage
		Usr 0 00:00:00, Sys 0 00:00:00  -  Total Local Usage
	2821989  -  Run Bytes Sent By Job
	62736  -  Run Bytes Received By Job
	2821989  -  Total Bytes Sent By Job
	62736  -  Total Bytes Received By Job
	Partitionable Resources :    Usage  Request          
	   Cpus                 :                 1          
	   Disk (KB)            :     2842     2842          
	   Memory (MB)          :       13       13          
...
000 (788243.000.000) 10/09 09:23:48 Job submitted from host: <18.12.1.74:45913>
...
001 (788243.000.000) 10/09 09:24:18 Job executing on host: <18.12.8.237:43650>
...
006 (788243.000.000) 10/09 09:24:26 Image size of job updated: 2
	3  -  MemoryUsage of job (MB)
	2340  -  ResidentSetSize of job (KB)
...
006 (788243.000.000) 10/09 09:27:35 Image size of job updated: 230484
	3  -  MemoryUsage of job (MB)
	2340  -  ResidentSetSize of job (KB)
...
005 (788243.000.000) 10/09 09:27:35 Job terminated.
	(1) Normal termination (return value 0)
		Usr 0 00:01:03, Sys 0 00:00:01  -  Run Remote Usage
		Usr 0 00:00:00, Sys 0 00:00:00  -  Run Local Usage
		Usr 0 00:01:03, Sys 0 00:00:01  -  Total Remote Usage
		Usr 0 00:00:00, Sys 0 00:00:00  -  Total Local Usage
	585368  -  Run Bytes Sent By Job
	62698  -  Run Bytes Received By Job
	585368  -  Total Bytes Sent By Job
	62698  -  Total Bytes Received By Job
	Partitionable Resources :    Usage  Request          
	   Cpus                 :                 1          
	   Disk (KB)            :      658      658          
	   Memory (MB)          :        3        3          
...
000 (788608.000.000) 10/12 09:48:09 Job submitted from host: <18.12.1.74:45913>
...
001 (788608.000.000) 10/12 10:00:36 Job executing on host: <18.12.8.53:49125>
...
006 (788608.000.000) 10/12 10:00:44 Image size of job updated: 2
	3  -  MemoryUsage of job (MB)
	2348  -  ResidentSetSize of job (KB)
...
006 (788608.000.000) 10/12 10:03:31 Image size of job updated: 230488
	3  -  MemoryUsage of job (MB)
	2348  -  ResidentSetSize of job (KB)
...
005 (788608.000.000) 10/12 10:03:31 Job terminated.
	(1) Normal termination (return value 0)
		Usr 0 00:01:21, Sys 0 00:00:02  -  Run Remote Usage
		Usr 0 00:00:00, Sys 0 00:00:00  -  Run Local Usage
		Usr 0 00:01:21, Sys 0 00:00:02  -  Total Remote Usage
		Usr 0 00:00:00, Sys 0 00:00:00  -  Total Local Usage
	585085  -  Run Bytes Sent By Job
	62703  -  Run Bytes Received By Job
	585085  -  Total Bytes Sent By Job
	62703  -  Total Bytes Received By Job
	Partitionable Resources :    Usage  Request          
	   Cpus                 :                 1          
	   Disk (KB)            :      658      658          
	   Memory (MB)          :        3        3          
...
