000 (554228.000.000) 08/11 09:09:04 Job submitted from host: <18.12.1.74:48322>
...
001 (554228.000.000) 08/11 09:09:18 Job executing on host: <18.12.8.214:46351>
...
006 (554228.000.000) 08/11 09:09:27 Image size of job updated: 2
	3  -  MemoryUsage of job (MB)
	2352  -  ResidentSetSize of job (KB)
...
006 (554228.000.000) 08/11 09:10:16 Image size of job updated: 230072
	3  -  MemoryUsage of job (MB)
	2352  -  ResidentSetSize of job (KB)
...
005 (554228.000.000) 08/11 09:10:16 Job terminated.
	(1) Normal termination (return value 0)
		Usr 0 00:00:22, Sys 0 00:00:00  -  Run Remote Usage
		Usr 0 00:00:00, Sys 0 00:00:00  -  Run Local Usage
		Usr 0 00:00:22, Sys 0 00:00:00  -  Total Remote Usage
		Usr 0 00:00:00, Sys 0 00:00:00  -  Total Local Usage
	585833  -  Run Bytes Sent By Job
	62717  -  Run Bytes Received By Job
	585833  -  Total Bytes Sent By Job
	62717  -  Total Bytes Received By Job
	Partitionable Resources :    Usage  Request          
	   Cpus                 :                 1          
	   Disk (KB)            :      658      658          
	   Memory (MB)          :        3        3          
...
000 (557943.000.000) 08/13 13:34:17 Job submitted from host: <18.12.1.74:48322>
...
001 (557943.000.000) 08/13 13:47:56 Job executing on host: <18.12.9.47:41168>
...
006 (557943.000.000) 08/13 13:48:04 Image size of job updated: 2
	3  -  MemoryUsage of job (MB)
	2344  -  ResidentSetSize of job (KB)
...
006 (557943.000.000) 08/13 13:50:47 Image size of job updated: 230076
	3  -  MemoryUsage of job (MB)
	2344  -  ResidentSetSize of job (KB)
...
005 (557943.000.000) 08/13 13:50:47 Job terminated.
	(1) Normal termination (return value 0)
		Usr 0 00:00:34, Sys 0 00:00:00  -  Run Remote Usage
		Usr 0 00:00:00, Sys 0 00:00:00  -  Run Local Usage
		Usr 0 00:00:34, Sys 0 00:00:00  -  Total Remote Usage
		Usr 0 00:00:00, Sys 0 00:00:00  -  Total Local Usage
	586117  -  Run Bytes Sent By Job
	62720  -  Run Bytes Received By Job
	586117  -  Total Bytes Sent By Job
	62720  -  Total Bytes Received By Job
	Partitionable Resources :    Usage  Request          
	   Cpus                 :                 1          
	   Disk (KB)            :      659      659          
	   Memory (MB)          :        3        3          
...
000 (566234.000.000) 08/20 20:21:55 Job submitted from host: <18.12.1.74:48322>
...
001 (566234.000.000) 08/20 20:22:21 Job executing on host: <18.12.9.4:42409>
...
006 (566234.000.000) 08/20 20:22:30 Image size of job updated: 2
	3  -  MemoryUsage of job (MB)
	2340  -  ResidentSetSize of job (KB)
...
006 (566234.000.000) 08/20 20:23:22 Image size of job updated: 230076
	3  -  MemoryUsage of job (MB)
	2340  -  ResidentSetSize of job (KB)
...
005 (566234.000.000) 08/20 20:30:01 Job terminated.
	(1) Normal termination (return value 0)
		Usr 0 00:00:36, Sys 0 00:00:00  -  Run Remote Usage
		Usr 0 00:00:00, Sys 0 00:00:00  -  Run Local Usage
		Usr 0 00:00:36, Sys 0 00:00:00  -  Total Remote Usage
		Usr 0 00:00:00, Sys 0 00:00:00  -  Total Local Usage
	586120  -  Run Bytes Sent By Job
	62732  -  Run Bytes Received By Job
	586120  -  Total Bytes Sent By Job
	62732  -  Total Bytes Received By Job
	Partitionable Resources :    Usage  Request          
	   Cpus                 :                 1          
	   Disk (KB)            :      659      659          
	   Memory (MB)          :        3        3          
...
000 (782782.000.000) 10/01 15:56:28 Job submitted from host: <18.12.1.74:47665>
...
001 (782782.000.000) 10/01 16:00:20 Job executing on host: <18.12.8.239:46205>
...
006 (782782.000.000) 10/01 16:00:29 Image size of job updated: 2
	3  -  MemoryUsage of job (MB)
	2336  -  ResidentSetSize of job (KB)
...
006 (782782.000.000) 10/01 16:05:30 Image size of job updated: 230072
	96  -  MemoryUsage of job (MB)
	97652  -  ResidentSetSize of job (KB)
...
006 (782782.000.000) 10/01 16:10:31 Image size of job updated: 230072
	99  -  MemoryUsage of job (MB)
	100816  -  ResidentSetSize of job (KB)
...
022 (782782.000.000) 10/01 16:30:14 Job disconnected, attempting to reconnect
    Local schedd and job shadow died, schedd now running again
    Trying to reconnect to slot16@t2bat0239.cmsaf.mit.edu <18.12.8.239:46205>
...
024 (782782.000.000) 10/01 16:31:01 Job reconnection failed
    Job disconnected too long: JobLeaseDuration (1200 seconds) expired
    Can not reconnect to slot16@t2bat0239.cmsaf.mit.edu, rescheduling job
...
001 (782782.000.000) 10/01 16:34:55 Job executing on host: <18.12.8.237:48614>
...
006 (782782.000.000) 10/01 16:35:03 Image size of job updated: 2
	3  -  MemoryUsage of job (MB)
	2344  -  ResidentSetSize of job (KB)
...
006 (782782.000.000) 10/01 16:40:03 Image size of job updated: 230076
	94  -  MemoryUsage of job (MB)
	95976  -  ResidentSetSize of job (KB)
...
005 (782782.000.000) 10/01 16:42:48 Job terminated.
	(1) Normal termination (return value 0)
		Usr 0 00:00:32, Sys 0 00:00:00  -  Run Remote Usage
		Usr 0 00:00:00, Sys 0 00:00:00  -  Run Local Usage
		Usr 0 00:00:32, Sys 0 00:00:00  -  Total Remote Usage
		Usr 0 00:00:00, Sys 0 00:00:00  -  Total Local Usage
	586119  -  Run Bytes Sent By Job
	62734  -  Run Bytes Received By Job
	586119  -  Total Bytes Sent By Job
	62734  -  Total Bytes Received By Job
	Partitionable Resources :    Usage  Request          
	   Cpus                 :                 1          
	   Disk (KB)            :      659      659          
	   Memory (MB)          :       94       94          
...
000 (785940.000.000) 10/05 14:19:02 Job submitted from host: <18.12.1.74:45913>
...
001 (785940.000.000) 10/05 14:19:59 Job executing on host: <18.12.8.184:40730>
...
006 (785940.000.000) 10/05 14:20:07 Image size of job updated: 2
	3  -  MemoryUsage of job (MB)
	2364  -  ResidentSetSize of job (KB)
...
006 (785940.000.000) 10/05 14:20:50 Image size of job updated: 230076
	3  -  MemoryUsage of job (MB)
	2364  -  ResidentSetSize of job (KB)
...
005 (785940.000.000) 10/05 14:20:50 Job terminated.
	(1) Normal termination (return value 0)
		Usr 0 00:00:32, Sys 0 00:00:00  -  Run Remote Usage
		Usr 0 00:00:00, Sys 0 00:00:00  -  Run Local Usage
		Usr 0 00:00:32, Sys 0 00:00:00  -  Total Remote Usage
		Usr 0 00:00:00, Sys 0 00:00:00  -  Total Local Usage
	586338  -  Run Bytes Sent By Job
	62732  -  Run Bytes Received By Job
	586338  -  Total Bytes Sent By Job
	62732  -  Total Bytes Received By Job
	Partitionable Resources :    Usage  Request          
	   Cpus                 :                 1          
	   Disk (KB)            :      659      659          
	   Memory (MB)          :        3        3          
...
000 (786306.000.000) 10/07 09:51:18 Job submitted from host: <18.12.1.74:45913>
...
001 (786306.000.000) 10/07 09:52:04 Job executing on host: <18.12.6.93:44745>
...
006 (786306.000.000) 10/07 09:52:18 Image size of job updated: 1196
	1  -  MemoryUsage of job (MB)
	152  -  ResidentSetSize of job (KB)
...
006 (786306.000.000) 10/07 09:53:33 Image size of job updated: 230108
	1  -  MemoryUsage of job (MB)
	152  -  ResidentSetSize of job (KB)
...
005 (786306.000.000) 10/07 09:53:33 Job terminated.
	(1) Normal termination (return value 0)
		Usr 0 00:00:41, Sys 0 00:00:01  -  Run Remote Usage
		Usr 0 00:00:00, Sys 0 00:00:00  -  Run Local Usage
		Usr 0 00:00:41, Sys 0 00:00:01  -  Total Remote Usage
		Usr 0 00:00:00, Sys 0 00:00:00  -  Total Local Usage
	586167  -  Run Bytes Sent By Job
	62734  -  Run Bytes Received By Job
	586167  -  Total Bytes Sent By Job
	62734  -  Total Bytes Received By Job
	Partitionable Resources :    Usage  Request          
	   Cpus                 :                 1          
	   Disk (KB)            :      659      659          
	   Memory (MB)          :        1        1          
...
000 (786487.000.000) 10/07 11:12:49 Job submitted from host: <18.12.1.74:45913>
...
001 (786487.000.000) 10/07 11:21:26 Job executing on host: <18.12.6.22:42482>
...
006 (786487.000.000) 10/07 11:21:34 Image size of job updated: 2
	3  -  MemoryUsage of job (MB)
	2352  -  ResidentSetSize of job (KB)
...
006 (786487.000.000) 10/07 11:22:29 Image size of job updated: 230064
	3  -  MemoryUsage of job (MB)
	2352  -  ResidentSetSize of job (KB)
...
005 (786487.000.000) 10/07 11:22:29 Job terminated.
	(1) Normal termination (return value 0)
		Usr 0 00:00:41, Sys 0 00:00:01  -  Run Remote Usage
		Usr 0 00:00:00, Sys 0 00:00:00  -  Run Local Usage
		Usr 0 00:00:41, Sys 0 00:00:01  -  Total Remote Usage
		Usr 0 00:00:00, Sys 0 00:00:00  -  Total Local Usage
	585214  -  Run Bytes Sent By Job
	62746  -  Run Bytes Received By Job
	585214  -  Total Bytes Sent By Job
	62746  -  Total Bytes Received By Job
	Partitionable Resources :    Usage  Request          
	   Cpus                 :                 1          
	   Disk (KB)            :      658      658          
	   Memory (MB)          :        3        3          
...
000 (787414.000.000) 10/08 12:42:36 Job submitted from host: <18.12.1.74:45913>
...
001 (787414.000.000) 10/08 12:47:04 Job executing on host: <18.12.9.45:43577>
...
006 (787414.000.000) 10/08 12:47:12 Image size of job updated: 2
	3  -  MemoryUsage of job (MB)
	2356  -  ResidentSetSize of job (KB)
...
006 (787414.000.000) 10/08 12:47:55 Image size of job updated: 230068
	3  -  MemoryUsage of job (MB)
	2356  -  ResidentSetSize of job (KB)
...
005 (787414.000.000) 10/08 12:47:55 Job terminated.
	(1) Normal termination (return value 0)
		Usr 0 00:00:22, Sys 0 00:00:00  -  Run Remote Usage
		Usr 0 00:00:00, Sys 0 00:00:00  -  Run Local Usage
		Usr 0 00:00:22, Sys 0 00:00:00  -  Total Remote Usage
		Usr 0 00:00:00, Sys 0 00:00:00  -  Total Local Usage
	585333  -  Run Bytes Sent By Job
	62749  -  Run Bytes Received By Job
	585333  -  Total Bytes Sent By Job
	62749  -  Total Bytes Received By Job
	Partitionable Resources :    Usage  Request          
	   Cpus                 :                 1          
	   Disk (KB)            :      658      658          
	   Memory (MB)          :        3        3          
...
000 (787596.000.000) 10/08 14:27:07 Job submitted from host: <18.12.1.74:45913>
...
001 (787596.000.000) 10/08 14:30:54 Job executing on host: <18.12.8.71:45185>
...
006 (787596.000.000) 10/08 14:31:03 Image size of job updated: 2
	3  -  MemoryUsage of job (MB)
	2356  -  ResidentSetSize of job (KB)
...
006 (787596.000.000) 10/08 14:31:50 Image size of job updated: 230068
	3  -  MemoryUsage of job (MB)
	2356  -  ResidentSetSize of job (KB)
...
005 (787596.000.000) 10/08 14:31:51 Job terminated.
	(1) Normal termination (return value 0)
		Usr 0 00:00:29, Sys 0 00:00:00  -  Run Remote Usage
		Usr 0 00:00:00, Sys 0 00:00:00  -  Run Local Usage
		Usr 0 00:00:29, Sys 0 00:00:00  -  Total Remote Usage
		Usr 0 00:00:00, Sys 0 00:00:00  -  Total Local Usage
	585221  -  Run Bytes Sent By Job
	62691  -  Run Bytes Received By Job
	585221  -  Total Bytes Sent By Job
	62691  -  Total Bytes Received By Job
	Partitionable Resources :    Usage  Request          
	   Cpus                 :                 1          
	   Disk (KB)            :      658      658          
	   Memory (MB)          :        3        3          
...
000 (787779.000.000) 10/08 15:16:28 Job submitted from host: <18.12.1.74:45913>
...
001 (787779.000.000) 10/08 15:23:58 Job executing on host: <18.12.9.54:49928>
...
006 (787779.000.000) 10/08 15:24:06 Image size of job updated: 230064
	93  -  MemoryUsage of job (MB)
	94952  -  ResidentSetSize of job (KB)
...
005 (787779.000.000) 10/08 15:24:48 Job terminated.
	(1) Normal termination (return value 0)
		Usr 0 00:00:32, Sys 0 00:00:00  -  Run Remote Usage
		Usr 0 00:00:00, Sys 0 00:00:00  -  Run Local Usage
		Usr 0 00:00:32, Sys 0 00:00:00  -  Total Remote Usage
		Usr 0 00:00:00, Sys 0 00:00:00  -  Total Local Usage
	585332  -  Run Bytes Sent By Job
	62696  -  Run Bytes Received By Job
	585332  -  Total Bytes Sent By Job
	62696  -  Total Bytes Received By Job
	Partitionable Resources :    Usage  Request          
	   Cpus                 :                 1          
	   Disk (KB)            :      658      658          
	   Memory (MB)          :       93       93          
...
000 (788689.000.000) 10/12 10:42:30 Job submitted from host: <18.12.1.74:45913>
...
001 (788689.000.000) 10/12 10:52:01 Job executing on host: <18.12.8.20:47592>
...
006 (788689.000.000) 10/12 10:52:09 Image size of job updated: 75612
	21  -  MemoryUsage of job (MB)
	20852  -  ResidentSetSize of job (KB)
...
006 (788689.000.000) 10/12 10:54:26 Image size of job updated: 230068
	21  -  MemoryUsage of job (MB)
	20852  -  ResidentSetSize of job (KB)
...
005 (788689.000.000) 10/12 10:54:26 Job terminated.
	(1) Normal termination (return value 0)
		Usr 0 00:00:30, Sys 0 00:00:00  -  Run Remote Usage
		Usr 0 00:00:00, Sys 0 00:00:00  -  Run Local Usage
		Usr 0 00:00:30, Sys 0 00:00:00  -  Total Remote Usage
		Usr 0 00:00:00, Sys 0 00:00:00  -  Total Local Usage
	585013  -  Run Bytes Sent By Job
	62704  -  Run Bytes Received By Job
	585013  -  Total Bytes Sent By Job
	62704  -  Total Bytes Received By Job
	Partitionable Resources :    Usage  Request          
	   Cpus                 :                 1          
	   Disk (KB)            :      658      658          
	   Memory (MB)          :       21       21          
...
