000 (556081.000.000) 08/12 11:33:42 Job submitted from host: <18.12.1.74:48322>
...
001 (556081.000.000) 08/12 11:53:26 Job executing on host: <18.12.8.163:40511>
...
006 (556081.000.000) 08/12 11:53:34 Image size of job updated: 2
	3  -  MemoryUsage of job (MB)
	2344  -  ResidentSetSize of job (KB)
...
006 (556081.000.000) 08/12 11:58:34 Image size of job updated: 230356
	114  -  MemoryUsage of job (MB)
	116232  -  ResidentSetSize of job (KB)
...
005 (556081.000.000) 08/12 11:58:42 Job terminated.
	(1) Normal termination (return value 0)
		Usr 0 00:01:07, Sys 0 00:00:01  -  Run Remote Usage
		Usr 0 00:00:00, Sys 0 00:00:00  -  Run Local Usage
		Usr 0 00:01:07, Sys 0 00:00:01  -  Total Remote Usage
		Usr 0 00:00:00, Sys 0 00:00:00  -  Total Local Usage
	586179  -  Run Bytes Sent By Job
	62715  -  Run Bytes Received By Job
	586179  -  Total Bytes Sent By Job
	62715  -  Total Bytes Received By Job
	Partitionable Resources :    Usage  Request          
	   Cpus                 :                 1          
	   Disk (KB)            :      659      659          
	   Memory (MB)          :      114      114          
...
000 (566450.000.000) 08/20 21:04:37 Job submitted from host: <18.12.1.74:48322>
...
007 (566450.000.000) 08/20 21:05:24 Shadow exception!
	Error from slot24@t2bat0287.cmsaf.mit.edu: Failed to transfer files
	0  -  Run Bytes Sent By Job
	0  -  Run Bytes Received By Job
...
007 (566450.000.000) 08/20 21:05:33 Shadow exception!
	Error from slot31@t2bat0302.cmsaf.mit.edu: Failed to transfer files
	0  -  Run Bytes Sent By Job
	0  -  Run Bytes Received By Job
...
007 (566450.000.000) 08/20 21:05:44 Shadow exception!
	Error from slot21@t2bat0339.cmsaf.mit.edu: Failed to transfer files
	0  -  Run Bytes Sent By Job
	0  -  Run Bytes Received By Job
...
007 (566450.000.000) 08/20 21:05:56 Shadow exception!
	Error from slot22@t2bat0285.cmsaf.mit.edu: Failed to transfer files
	0  -  Run Bytes Sent By Job
	0  -  Run Bytes Received By Job
...
007 (566450.000.000) 08/20 21:06:18 Shadow exception!
	Error from slot33@t2bat0294.cmsaf.mit.edu: Failed to transfer files
	0  -  Run Bytes Sent By Job
	0  -  Run Bytes Received By Job
...
007 (566450.000.000) 08/20 21:07:00 Shadow exception!
	Error from slot31@t2bat0285.cmsaf.mit.edu: Failed to transfer files
	0  -  Run Bytes Sent By Job
	0  -  Run Bytes Received By Job
...
001 (566450.000.000) 08/20 21:07:03 Job executing on host: <18.12.9.29:41168>
...
006 (566450.000.000) 08/20 21:07:12 Image size of job updated: 188360
	74  -  MemoryUsage of job (MB)
	74948  -  ResidentSetSize of job (KB)
...
006 (566450.000.000) 08/20 21:11:48 Image size of job updated: 230352
	74  -  MemoryUsage of job (MB)
	74948  -  ResidentSetSize of job (KB)
...
022 (566450.000.000) 08/20 21:11:48 Job disconnected, attempting to reconnect
    Socket between submit and execute hosts closed unexpectedly
    Trying to reconnect to slot31@t2bat0285.cmsaf.mit.edu <18.12.9.29:41168>
...
023 (566450.000.000) 08/20 21:11:48 Job reconnected to slot31@t2bat0285.cmsaf.mit.edu
    startd address: <18.12.9.29:41168>
    starter address: <18.12.9.29:40657>
...
022 (566450.000.000) 08/20 21:11:49 Job disconnected, attempting to reconnect
    Socket between submit and execute hosts closed unexpectedly
    Trying to reconnect to slot31@t2bat0285.cmsaf.mit.edu <18.12.9.29:41168>
...
023 (566450.000.000) 08/20 21:11:49 Job reconnected to slot31@t2bat0285.cmsaf.mit.edu
    startd address: <18.12.9.29:41168>
    starter address: <18.12.9.29:40657>
...
022 (566450.000.000) 08/20 21:11:50 Job disconnected, attempting to reconnect
    Socket between submit and execute hosts closed unexpectedly
    Trying to reconnect to slot31@t2bat0285.cmsaf.mit.edu <18.12.9.29:41168>
...
023 (566450.000.000) 08/20 21:11:50 Job reconnected to slot31@t2bat0285.cmsaf.mit.edu
    startd address: <18.12.9.29:41168>
    starter address: <18.12.9.29:40657>
...
005 (566450.000.000) 08/20 21:18:05 Job terminated.
	(1) Normal termination (return value 0)
		Usr 0 00:01:18, Sys 0 00:00:02  -  Run Remote Usage
		Usr 0 00:00:00, Sys 0 00:00:00  -  Run Local Usage
		Usr 0 00:01:18, Sys 0 00:00:02  -  Total Remote Usage
		Usr 0 00:00:00, Sys 0 00:00:00  -  Total Local Usage
	586426  -  Run Bytes Sent By Job
	62731  -  Run Bytes Received By Job
	586426  -  Total Bytes Sent By Job
	62731  -  Total Bytes Received By Job
	Partitionable Resources :    Usage  Request          
	   Cpus                 :                 1          
	   Disk (KB)            :      659      659          
	   Memory (MB)          :       74       74          
...
