000 (556134.000.000) 08/12 11:33:48 Job submitted from host: <18.12.1.74:48322>
...
001 (556134.000.000) 08/12 12:01:20 Job executing on host: <18.12.8.40:44599>
...
006 (556134.000.000) 08/12 12:01:28 Image size of job updated: 2
	3  -  MemoryUsage of job (MB)
	2344  -  ResidentSetSize of job (KB)
...
006 (556134.000.000) 08/12 12:06:28 Image size of job updated: 230680
	94  -  MemoryUsage of job (MB)
	95772  -  ResidentSetSize of job (KB)
...
005 (556134.000.000) 08/12 12:08:38 Job terminated.
	(1) Normal termination (return value 0)
		Usr 0 00:02:45, Sys 0 00:00:07  -  Run Remote Usage
		Usr 0 00:00:00, Sys 0 00:00:00  -  Run Local Usage
		Usr 0 00:02:45, Sys 0 00:00:07  -  Total Remote Usage
		Usr 0 00:00:00, Sys 0 00:00:00  -  Total Local Usage
	586075  -  Run Bytes Sent By Job
	62715  -  Run Bytes Received By Job
	586075  -  Total Bytes Sent By Job
	62715  -  Total Bytes Received By Job
	Partitionable Resources :    Usage  Request          
	   Cpus                 :                 1          
	   Disk (KB)            :      659      659          
	   Memory (MB)          :       94       94          
...
000 (566503.000.000) 08/20 21:08:22 Job submitted from host: <18.12.1.74:48322>
...
001 (566503.000.000) 08/20 21:08:43 Job executing on host: <18.12.8.238:45183>
...
006 (566503.000.000) 08/20 21:08:52 Image size of job updated: 230656
	97  -  MemoryUsage of job (MB)
	98364  -  ResidentSetSize of job (KB)
...
005 (566503.000.000) 08/20 21:17:42 Job terminated.
	(1) Normal termination (return value 0)
		Usr 0 00:01:49, Sys 0 00:00:01  -  Run Remote Usage
		Usr 0 00:00:00, Sys 0 00:00:00  -  Run Local Usage
		Usr 0 00:01:49, Sys 0 00:00:01  -  Total Remote Usage
		Usr 0 00:00:00, Sys 0 00:00:00  -  Total Local Usage
	586201  -  Run Bytes Sent By Job
	62731  -  Run Bytes Received By Job
	586201  -  Total Bytes Sent By Job
	62731  -  Total Bytes Received By Job
	Partitionable Resources :    Usage  Request          
	   Cpus                 :                 1          
	   Disk (KB)            :      659      659          
	   Memory (MB)          :       97       97          
...
000 (782508.000.000) 10/01 13:04:35 Job submitted from host: <18.12.1.74:47665>
...
001 (782508.000.000) 10/01 13:16:52 Job executing on host: <18.12.6.36:45621>
...
006 (782508.000.000) 10/01 13:17:01 Image size of job updated: 230528
	100  -  MemoryUsage of job (MB)
	101764  -  ResidentSetSize of job (KB)
...
006 (782508.000.000) 10/01 13:22:02 Image size of job updated: 230664
	100  -  MemoryUsage of job (MB)
	102000  -  ResidentSetSize of job (KB)
...
005 (782508.000.000) 10/01 13:27:34 Job terminated.
	(1) Normal termination (return value 0)
		Usr 0 00:01:49, Sys 0 00:00:01  -  Run Remote Usage
		Usr 0 00:00:00, Sys 0 00:00:00  -  Run Local Usage
		Usr 0 00:01:49, Sys 0 00:00:01  -  Total Remote Usage
		Usr 0 00:00:00, Sys 0 00:00:00  -  Total Local Usage
	586202  -  Run Bytes Sent By Job
	62730  -  Run Bytes Received By Job
	586202  -  Total Bytes Sent By Job
	62730  -  Total Bytes Received By Job
	Partitionable Resources :    Usage  Request          
	   Cpus                 :                 1          
	   Disk (KB)            :      659      659          
	   Memory (MB)          :      100      100          
...
000 (782689.000.000) 10/01 14:32:16 Job submitted from host: <18.12.1.74:47665>
...
001 (782689.000.000) 10/01 14:34:27 Job executing on host: <18.12.8.11:44453>
...
006 (782689.000.000) 10/01 14:34:38 Image size of job updated: 68516
	13  -  MemoryUsage of job (MB)
	12736  -  ResidentSetSize of job (KB)
...
006 (782689.000.000) 10/01 14:39:43 Image size of job updated: 226712
	92  -  MemoryUsage of job (MB)
	94168  -  ResidentSetSize of job (KB)
...
006 (782689.000.000) 10/01 14:44:39 Image size of job updated: 227572
	93  -  MemoryUsage of job (MB)
	94484  -  ResidentSetSize of job (KB)
...
005 (782689.000.000) 10/01 14:49:04 Job terminated.
	(1) Normal termination (return value 0)
		Usr 0 00:00:57, Sys 0 00:00:01  -  Run Remote Usage
		Usr 0 00:00:00, Sys 0 00:00:00  -  Run Local Usage
		Usr 0 00:00:57, Sys 0 00:00:01  -  Total Remote Usage
		Usr 0 00:00:00, Sys 0 00:00:00  -  Total Local Usage
	5232708  -  Run Bytes Sent By Job
	62736  -  Run Bytes Received By Job
	5232708  -  Total Bytes Sent By Job
	62736  -  Total Bytes Received By Job
	Partitionable Resources :    Usage  Request          
	   Cpus                 :                 1          
	   Disk (KB)            :     5196     5196          
	   Memory (MB)          :       93       93          
...
000 (788230.000.000) 10/09 09:23:47 Job submitted from host: <18.12.1.74:45913>
...
001 (788230.000.000) 10/09 09:24:20 Job executing on host: <18.12.8.239:46205>
...
006 (788230.000.000) 10/09 09:24:28 Image size of job updated: 9520
	2  -  MemoryUsage of job (MB)
	1416  -  ResidentSetSize of job (KB)
...
006 (788230.000.000) 10/09 09:28:45 Image size of job updated: 230668
	2  -  MemoryUsage of job (MB)
	1416  -  ResidentSetSize of job (KB)
...
005 (788230.000.000) 10/09 09:28:45 Job terminated.
	(1) Normal termination (return value 0)
		Usr 0 00:02:07, Sys 0 00:00:02  -  Run Remote Usage
		Usr 0 00:00:00, Sys 0 00:00:00  -  Run Local Usage
		Usr 0 00:02:07, Sys 0 00:00:02  -  Total Remote Usage
		Usr 0 00:00:00, Sys 0 00:00:00  -  Total Local Usage
	585521  -  Run Bytes Sent By Job
	62698  -  Run Bytes Received By Job
	585521  -  Total Bytes Sent By Job
	62698  -  Total Bytes Received By Job
	Partitionable Resources :    Usage  Request          
	   Cpus                 :                 1          
	   Disk (KB)            :      658      658          
	   Memory (MB)          :        2        2          
...
000 (788595.000.000) 10/12 09:48:07 Job submitted from host: <18.12.1.74:45913>
...
001 (788595.000.000) 10/12 09:59:05 Job executing on host: <18.12.12.68:42555>
...
006 (788595.000.000) 10/12 09:59:14 Image size of job updated: 187636
	71  -  MemoryUsage of job (MB)
	72520  -  ResidentSetSize of job (KB)
...
006 (788595.000.000) 10/12 10:02:32 Image size of job updated: 230672
	71  -  MemoryUsage of job (MB)
	72520  -  ResidentSetSize of job (KB)
...
005 (788595.000.000) 10/12 10:02:32 Job terminated.
	(1) Normal termination (return value 0)
		Usr 0 00:02:30, Sys 0 00:00:02  -  Run Remote Usage
		Usr 0 00:00:00, Sys 0 00:00:00  -  Run Local Usage
		Usr 0 00:02:30, Sys 0 00:00:02  -  Total Remote Usage
		Usr 0 00:00:00, Sys 0 00:00:00  -  Total Local Usage
	585257  -  Run Bytes Sent By Job
	62703  -  Run Bytes Received By Job
	585257  -  Total Bytes Sent By Job
	62703  -  Total Bytes Received By Job
	Partitionable Resources :    Usage  Request          
	   Cpus                 :                 1          
	   Disk (KB)            :      658      658          
	   Memory (MB)          :       71       71          
...
