
----------------------------------------------------
Job started on Thu Aug 20 21:03:01 EDT 2015 at WN: t2bat0122.cmsaf.mit.edu 
Job is running on Linux t2bat0122.cmsaf.mit.edu 2.6.32-358.el6.x86_64 #1 SMP Fri Feb 22 20:37:17 CST 2013 x86_64 x86_64 x86_64 GNU/Linux
Filesystem            Size  Used Avail Use% Mounted on
/dev/sda3              20G  3.3G   16G  18% /
tmpfs                 7.8G     0  7.8G   0% /dev/shm
/dev/sda1              97M   33M   60M  36% /boot
/dev/sda4             415G   83G  333G  20% /export/data1
/dev/sdb1             1.8T  1.7T  134G  93% /export/00b
/dev/sdc1             1.8T  1.7T  119G  94% /export/00c
/dev/sdd1             1.8T  1.7T  114G  94% /export/00d
/dev/sde1             1.8T  1.7T  128G  94% /export/00e
/dev/sdf1             1.8T  1.7T  141G  93% /export/00f
fuse_dfs              4.9P  4.6P  323T  94% /mnt/hadoop
cvmfs2                 98G   71G   28G  73% /cvmfs/cms.cern.ch
t2srv0004:/export/db  135G  187M  135G   1% /net/t2srv0004/db
cvmfs2                 98G   71G   28G  73% /cvmfs/cvmfs.cmsaf.mit.edu
gcc (GCC) 4.4.7 20120313 (Red Hat 4.4.7-3)
Copyright (C) 2010 Free Software Foundation, Inc.
This is free software; see the source for copying conditions.  There is NO
warranty; not even for MERCHANTABILITY or FITNESS FOR A PARTICULAR PURPOSE.

Processing...
0/118233
10000/118233
20000/118233
30000/118233
40000/118233
50000/118233
60000/118233
70000/118233
80000/118233
90000/118233
100000/118233
110000/118233
Macro finished: 
CPU time (min)  = 0.92
Real time (min) = 2.8522
total 1.8M
-rw-r--r--  1 obaron obaron  94K Aug 20 20:49 jetRAA_PbPb_data_akPu3_select.txt
-rw-r--r--  1 obaron obaron  70K Aug 20 20:49 RAA_read_data_pbpb.C
-rw-r--r--  1 obaron obaron 108K Aug 20 20:49 jetRAA_PbPb_data_forest.txt
-rw-r--r--  1 obaron obaron  94K Aug 20 20:49 jetRAA_PbPb_data_akPu2_select.txt
-rw-r--r--  1 obaron obaron  94K Aug 20 20:50 jetRAA_PbPb_data_akPu4_select.txt
-rw-r--r--  1 obaron obaron  11K Aug 20 20:57 RAA_read_data_pbpb_C.d
-rwxr-xr-x  1 obaron obaron 101K Aug 20 20:58 RAA_read_data_pbpb_C.so
-rw-rw-r--  1 obaron obaron  61K Aug 20 20:59 jetRAA_run_PbPb_Data.tar
-rwxr-xr-x  1 obaron obaron 1.2K Aug 20 20:59 condor_exec.exe
-rw-r--r--  1 condor condor 5.0K Aug 20 21:02 .machine.ad
-rw-r--r--  1 condor condor  20K Aug 20 21:02 .job.ad
drwxr-xr-x  2 obaron obaron 4.0K Aug 20 21:03 .
-rw-r--r--  1 obaron obaron  678 Aug 20 21:03 _condor_stderr
drwxr-xr-x 18 condor root   4.0K Aug 20 21:04 ..
-rw-r--r--  1 obaron obaron 1.6K Aug 20 21:05 _condor_stdout
-rw-r--r--  1 obaron obaron 1.1M Aug 20 21:05 PbPb_Data_histograms_FromForest_pileupCutFIX_ZDCmCut_akPu2_20_eta_20_295.root
Done!
Copied output files to hadoop rootfiles/JetRAA/June29
