000 (556144.000.000) 08/12 11:33:49 Job submitted from host: <18.12.1.74:48322>
...
001 (556144.000.000) 08/12 12:02:20 Job executing on host: <18.12.9.80:43650>
...
006 (556144.000.000) 08/12 12:02:28 Image size of job updated: 224372
	90  -  MemoryUsage of job (MB)
	91572  -  ResidentSetSize of job (KB)
...
006 (556144.000.000) 08/12 12:07:28 Image size of job updated: 230344
	99  -  MemoryUsage of job (MB)
	101280  -  ResidentSetSize of job (KB)
...
006 (556144.000.000) 08/12 12:12:29 Image size of job updated: 230344
	101  -  MemoryUsage of job (MB)
	102656  -  ResidentSetSize of job (KB)
...
005 (556144.000.000) 08/12 12:13:00 Job terminated.
	(1) Normal termination (return value 0)
		Usr 0 00:01:11, Sys 0 00:00:02  -  Run Remote Usage
		Usr 0 00:00:00, Sys 0 00:00:00  -  Run Local Usage
		Usr 0 00:01:11, Sys 0 00:00:02  -  Total Remote Usage
		Usr 0 00:00:00, Sys 0 00:00:00  -  Total Local Usage
	586248  -  Run Bytes Sent By Job
	62715  -  Run Bytes Received By Job
	586248  -  Total Bytes Sent By Job
	62715  -  Total Bytes Received By Job
	Partitionable Resources :    Usage  Request          
	   Cpus                 :                 1          
	   Disk (KB)            :      659      659          
	   Memory (MB)          :      101      101          
...
000 (566513.000.000) 08/20 21:08:53 Job submitted from host: <18.12.1.74:48322>
...
001 (566513.000.000) 08/20 21:09:02 Job executing on host: <18.12.9.33:40000>
...
006 (566513.000.000) 08/20 21:09:11 Image size of job updated: 187688
	71  -  MemoryUsage of job (MB)
	72576  -  ResidentSetSize of job (KB)
...
006 (566513.000.000) 08/20 21:14:11 Image size of job updated: 230344
	104  -  MemoryUsage of job (MB)
	105528  -  ResidentSetSize of job (KB)
...
005 (566513.000.000) 08/20 21:22:01 Job terminated.
	(1) Normal termination (return value 0)
		Usr 0 00:01:18, Sys 0 00:00:02  -  Run Remote Usage
		Usr 0 00:00:00, Sys 0 00:00:00  -  Run Local Usage
		Usr 0 00:01:18, Sys 0 00:00:02  -  Total Remote Usage
		Usr 0 00:00:00, Sys 0 00:00:00  -  Total Local Usage
	586438  -  Run Bytes Sent By Job
	62731  -  Run Bytes Received By Job
	586438  -  Total Bytes Sent By Job
	62731  -  Total Bytes Received By Job
	Partitionable Resources :    Usage  Request          
	   Cpus                 :                 1          
	   Disk (KB)            :      659      659          
	   Memory (MB)          :      104      104          
...
000 (782518.000.000) 10/01 13:04:36 Job submitted from host: <18.12.1.74:47665>
...
001 (782518.000.000) 10/01 13:16:12 Job executing on host: <18.12.8.242:46205>
...
006 (782518.000.000) 10/01 13:16:20 Image size of job updated: 193800
	78  -  MemoryUsage of job (MB)
	79580  -  ResidentSetSize of job (KB)
...
006 (782518.000.000) 10/01 13:20:44 Image size of job updated: 230464
	78  -  MemoryUsage of job (MB)
	79580  -  ResidentSetSize of job (KB)
...
005 (782518.000.000) 10/01 13:20:45 Job terminated.
	(1) Normal termination (return value 0)
		Usr 0 00:01:07, Sys 0 00:00:00  -  Run Remote Usage
		Usr 0 00:00:00, Sys 0 00:00:00  -  Run Local Usage
		Usr 0 00:01:07, Sys 0 00:00:00  -  Total Remote Usage
		Usr 0 00:00:00, Sys 0 00:00:00  -  Total Local Usage
	586103  -  Run Bytes Sent By Job
	62730  -  Run Bytes Received By Job
	586103  -  Total Bytes Sent By Job
	62730  -  Total Bytes Received By Job
	Partitionable Resources :    Usage  Request          
	   Cpus                 :                 1          
	   Disk (KB)            :      659      659          
	   Memory (MB)          :       78       78          
...
000 (782699.000.000) 10/01 14:32:18 Job submitted from host: <18.12.1.74:47665>
...
001 (782699.000.000) 10/01 14:34:13 Job executing on host: <18.12.8.55:48030>
...
006 (782699.000.000) 10/01 14:34:22 Image size of job updated: 69308
	15  -  MemoryUsage of job (MB)
	15044  -  ResidentSetSize of job (KB)
...
006 (782699.000.000) 10/01 14:37:59 Image size of job updated: 227396
	15  -  MemoryUsage of job (MB)
	15044  -  ResidentSetSize of job (KB)
...
005 (782699.000.000) 10/01 14:41:17 Job terminated.
	(1) Normal termination (return value 0)
		Usr 0 00:01:00, Sys 0 00:00:03  -  Run Remote Usage
		Usr 0 00:00:00, Sys 0 00:00:00  -  Run Local Usage
		Usr 0 00:01:00, Sys 0 00:00:03  -  Total Remote Usage
		Usr 0 00:00:00, Sys 0 00:00:00  -  Total Local Usage
	3707484  -  Run Bytes Sent By Job
	62736  -  Run Bytes Received By Job
	3707484  -  Total Bytes Sent By Job
	62736  -  Total Bytes Received By Job
	Partitionable Resources :    Usage  Request          
	   Cpus                 :                 1          
	   Disk (KB)            :     3707     3707          
	   Memory (MB)          :       15       15          
...
000 (788240.000.000) 10/09 09:23:48 Job submitted from host: <18.12.1.74:45913>
...
001 (788240.000.000) 10/09 09:24:14 Job executing on host: <18.12.12.66:41679>
...
006 (788240.000.000) 10/09 09:24:23 Image size of job updated: 13384
	2  -  MemoryUsage of job (MB)
	1980  -  ResidentSetSize of job (KB)
...
006 (788240.000.000) 10/09 09:26:33 Image size of job updated: 230444
	2  -  MemoryUsage of job (MB)
	1980  -  ResidentSetSize of job (KB)
...
005 (788240.000.000) 10/09 09:26:34 Job terminated.
	(1) Normal termination (return value 0)
		Usr 0 00:01:23, Sys 0 00:00:01  -  Run Remote Usage
		Usr 0 00:00:00, Sys 0 00:00:00  -  Run Local Usage
		Usr 0 00:01:23, Sys 0 00:00:01  -  Total Remote Usage
		Usr 0 00:00:00, Sys 0 00:00:00  -  Total Local Usage
	585357  -  Run Bytes Sent By Job
	62698  -  Run Bytes Received By Job
	585357  -  Total Bytes Sent By Job
	62698  -  Total Bytes Received By Job
	Partitionable Resources :    Usage  Request          
	   Cpus                 :                 1          
	   Disk (KB)            :      658      658          
	   Memory (MB)          :        2        2          
...
000 (788605.000.000) 10/12 09:48:08 Job submitted from host: <18.12.1.74:45913>
...
001 (788605.000.000) 10/12 10:03:25 Job executing on host: <18.12.8.181:45402>
...
006 (788605.000.000) 10/12 10:03:34 Image size of job updated: 2
	3  -  MemoryUsage of job (MB)
	2356  -  ResidentSetSize of job (KB)
...
006 (788605.000.000) 10/12 10:05:31 Image size of job updated: 230444
	3  -  MemoryUsage of job (MB)
	2356  -  ResidentSetSize of job (KB)
...
005 (788605.000.000) 10/12 10:05:32 Job terminated.
	(1) Normal termination (return value 0)
		Usr 0 00:01:02, Sys 0 00:00:00  -  Run Remote Usage
		Usr 0 00:00:00, Sys 0 00:00:00  -  Run Local Usage
		Usr 0 00:01:02, Sys 0 00:00:00  -  Total Remote Usage
		Usr 0 00:00:00, Sys 0 00:00:00  -  Total Local Usage
	585159  -  Run Bytes Sent By Job
	62703  -  Run Bytes Received By Job
	585159  -  Total Bytes Sent By Job
	62703  -  Total Bytes Received By Job
	Partitionable Resources :    Usage  Request          
	   Cpus                 :                 1          
	   Disk (KB)            :      658      658          
	   Memory (MB)          :        3        3          
...
