000 (556085.000.000) 08/12 11:33:42 Job submitted from host: <18.12.1.74:48322>
...
001 (556085.000.000) 08/12 11:54:41 Job executing on host: <18.12.8.170:43212>
...
006 (556085.000.000) 08/12 11:54:50 Image size of job updated: 2
	3  -  MemoryUsage of job (MB)
	2352  -  ResidentSetSize of job (KB)
...
006 (556085.000.000) 08/12 11:56:47 Image size of job updated: 230484
	3  -  MemoryUsage of job (MB)
	2352  -  ResidentSetSize of job (KB)
...
005 (556085.000.000) 08/12 11:56:47 Job terminated.
	(1) Normal termination (return value 0)
		Usr 0 00:01:16, Sys 0 00:00:01  -  Run Remote Usage
		Usr 0 00:00:00, Sys 0 00:00:00  -  Run Local Usage
		Usr 0 00:01:16, Sys 0 00:00:01  -  Total Remote Usage
		Usr 0 00:00:00, Sys 0 00:00:00  -  Total Local Usage
	586006  -  Run Bytes Sent By Job
	62715  -  Run Bytes Received By Job
	586006  -  Total Bytes Sent By Job
	62715  -  Total Bytes Received By Job
	Partitionable Resources :    Usage  Request          
	   Cpus                 :                 1          
	   Disk (KB)            :      659      659          
	   Memory (MB)          :        3        3          
...
000 (566454.000.000) 08/20 21:04:56 Job submitted from host: <18.12.1.74:48322>
...
007 (566454.000.000) 08/20 21:05:24 Shadow exception!
	Error from slot22@t2bat0286.cmsaf.mit.edu: Failed to transfer files
	0  -  Run Bytes Sent By Job
	0  -  Run Bytes Received By Job
...
007 (566454.000.000) 08/20 21:05:34 Shadow exception!
	Error from slot22@t2bat0286.cmsaf.mit.edu: Failed to transfer files
	0  -  Run Bytes Sent By Job
	0  -  Run Bytes Received By Job
...
007 (566454.000.000) 08/20 21:05:44 Shadow exception!
	Error from slot22@t2bat0285.cmsaf.mit.edu: Failed to transfer files
	0  -  Run Bytes Sent By Job
	0  -  Run Bytes Received By Job
...
001 (566454.000.000) 08/20 21:06:00 Job executing on host: <18.12.9.41:47519>
...
006 (566454.000.000) 08/20 21:06:09 Image size of job updated: 9560
	2  -  MemoryUsage of job (MB)
	1420  -  ResidentSetSize of job (KB)
...
006 (566454.000.000) 08/20 21:11:10 Image size of job updated: 230484
	100  -  MemoryUsage of job (MB)
	101848  -  ResidentSetSize of job (KB)
...
005 (566454.000.000) 08/20 21:17:32 Job terminated.
	(1) Normal termination (return value 0)
		Usr 0 00:01:31, Sys 0 00:00:02  -  Run Remote Usage
		Usr 0 00:00:00, Sys 0 00:00:00  -  Run Local Usage
		Usr 0 00:01:31, Sys 0 00:00:02  -  Total Remote Usage
		Usr 0 00:00:00, Sys 0 00:00:00  -  Total Local Usage
	586465  -  Run Bytes Sent By Job
	62731  -  Run Bytes Received By Job
	586465  -  Total Bytes Sent By Job
	62731  -  Total Bytes Received By Job
	Partitionable Resources :    Usage  Request          
	   Cpus                 :                 1          
	   Disk (KB)            :      659      659          
	   Memory (MB)          :      100      100          
...
