000 (554306.000.000) 08/11 09:09:18 Job submitted from host: <18.12.1.74:48322>
...
001 (554306.000.000) 08/11 09:09:51 Job executing on host: <18.12.8.179:40219>
...
006 (554306.000.000) 08/11 09:09:59 Image size of job updated: 2
	3  -  MemoryUsage of job (MB)
	2344  -  ResidentSetSize of job (KB)
...
006 (554306.000.000) 08/11 09:11:55 Image size of job updated: 230560
	3  -  MemoryUsage of job (MB)
	2344  -  ResidentSetSize of job (KB)
...
005 (554306.000.000) 08/11 09:11:55 Job terminated.
	(1) Normal termination (return value 0)
		Usr 0 00:01:16, Sys 0 00:00:00  -  Run Remote Usage
		Usr 0 00:00:00, Sys 0 00:00:00  -  Run Local Usage
		Usr 0 00:01:16, Sys 0 00:00:00  -  Total Remote Usage
		Usr 0 00:00:00, Sys 0 00:00:00  -  Total Local Usage
	586003  -  Run Bytes Sent By Job
	62717  -  Run Bytes Received By Job
	586003  -  Total Bytes Sent By Job
	62717  -  Total Bytes Received By Job
	Partitionable Resources :    Usage  Request          
	   Cpus                 :                 1          
	   Disk (KB)            :      658      658          
	   Memory (MB)          :        3        3          
...
000 (558021.000.000) 08/13 13:34:25 Job submitted from host: <18.12.1.74:48322>
...
001 (558021.000.000) 08/13 14:01:10 Job executing on host: <18.12.9.80:43650>
...
006 (558021.000.000) 08/13 14:01:19 Image size of job updated: 2
	3  -  MemoryUsage of job (MB)
	2352  -  ResidentSetSize of job (KB)
...
006 (558021.000.000) 08/13 14:04:26 Image size of job updated: 230564
	3  -  MemoryUsage of job (MB)
	2352  -  ResidentSetSize of job (KB)
...
005 (558021.000.000) 08/13 14:04:26 Job terminated.
	(1) Normal termination (return value 0)
		Usr 0 00:01:39, Sys 0 00:00:02  -  Run Remote Usage
		Usr 0 00:00:00, Sys 0 00:00:00  -  Run Local Usage
		Usr 0 00:01:39, Sys 0 00:00:02  -  Total Remote Usage
		Usr 0 00:00:00, Sys 0 00:00:00  -  Total Local Usage
	586289  -  Run Bytes Sent By Job
	62720  -  Run Bytes Received By Job
	586289  -  Total Bytes Sent By Job
	62720  -  Total Bytes Received By Job
	Partitionable Resources :    Usage  Request          
	   Cpus                 :                 1          
	   Disk (KB)            :      659      659          
	   Memory (MB)          :        3        3          
...
000 (566312.000.000) 08/20 20:27:20 Job submitted from host: <18.12.1.74:48322>
...
007 (566312.000.000) 08/20 20:27:47 Shadow exception!
	Error from slot27@t2bat0326.cmsaf.mit.edu: Failed to transfer files
	0  -  Run Bytes Sent By Job
	0  -  Run Bytes Received By Job
...
007 (566312.000.000) 08/20 20:27:48 Shadow exception!
	Error from slot27@t2bat0326.cmsaf.mit.edu: Failed to transfer files
	0  -  Run Bytes Sent By Job
	0  -  Run Bytes Received By Job
...
001 (566312.000.000) 08/20 20:27:53 Job executing on host: <18.12.9.70:41095>
...
006 (566312.000.000) 08/20 20:28:02 Image size of job updated: 230612
	96  -  MemoryUsage of job (MB)
	98276  -  ResidentSetSize of job (KB)
...
005 (566312.000.000) 08/20 20:37:33 Job terminated.
	(1) Normal termination (return value 0)
		Usr 0 00:01:28, Sys 0 00:00:01  -  Run Remote Usage
		Usr 0 00:00:00, Sys 0 00:00:00  -  Run Local Usage
		Usr 0 00:01:28, Sys 0 00:00:01  -  Total Remote Usage
		Usr 0 00:00:00, Sys 0 00:00:00  -  Total Local Usage
	586346  -  Run Bytes Sent By Job
	62732  -  Run Bytes Received By Job
	586346  -  Total Bytes Sent By Job
	62732  -  Total Bytes Received By Job
	Partitionable Resources :    Usage  Request          
	   Cpus                 :                 1          
	   Disk (KB)            :      659      659          
	   Memory (MB)          :       96       96          
...
000 (782860.000.000) 10/01 15:58:26 Job submitted from host: <18.12.1.74:47665>
...
007 (782860.000.000) 10/01 16:00:54 Shadow exception!
	Error from slot10@t2bat0175.cmsaf.mit.edu: Failed to transfer files
	0  -  Run Bytes Sent By Job
	0  -  Run Bytes Received By Job
...
001 (782860.000.000) 10/01 16:00:59 Job executing on host: <18.12.8.85:45840>
...
006 (782860.000.000) 10/01 16:01:07 Image size of job updated: 2
	3  -  MemoryUsage of job (MB)
	2352  -  ResidentSetSize of job (KB)
...
006 (782860.000.000) 10/01 16:06:07 Image size of job updated: 230560
	109  -  MemoryUsage of job (MB)
	111200  -  ResidentSetSize of job (KB)
...
006 (782860.000.000) 10/01 16:09:04 Image size of job updated: 230716
	109  -  MemoryUsage of job (MB)
	111200  -  ResidentSetSize of job (KB)
...
022 (782860.000.000) 10/01 16:09:04 Job disconnected, attempting to reconnect
    Socket between submit and execute hosts closed unexpectedly
    Trying to reconnect to slot8@t2bat0085.cmsaf.mit.edu <18.12.8.85:45840>
...
023 (782860.000.000) 10/01 16:09:05 Job reconnected to slot8@t2bat0085.cmsaf.mit.edu
    startd address: <18.12.8.85:45840>
    starter address: <18.12.8.85:40949>
...
022 (782860.000.000) 10/01 16:09:05 Job disconnected, attempting to reconnect
    Socket between submit and execute hosts closed unexpectedly
    Trying to reconnect to slot8@t2bat0085.cmsaf.mit.edu <18.12.8.85:45840>
...
023 (782860.000.000) 10/01 16:09:05 Job reconnected to slot8@t2bat0085.cmsaf.mit.edu
    startd address: <18.12.8.85:45840>
    starter address: <18.12.8.85:40949>
...
022 (782860.000.000) 10/01 16:09:06 Job disconnected, attempting to reconnect
    Socket between submit and execute hosts closed unexpectedly
    Trying to reconnect to slot8@t2bat0085.cmsaf.mit.edu <18.12.8.85:45840>
...
023 (782860.000.000) 10/01 16:09:07 Job reconnected to slot8@t2bat0085.cmsaf.mit.edu
    startd address: <18.12.8.85:45840>
    starter address: <18.12.8.85:40949>
...
022 (782860.000.000) 10/01 16:09:08 Job disconnected, attempting to reconnect
    Socket between submit and execute hosts closed unexpectedly
    Trying to reconnect to slot8@t2bat0085.cmsaf.mit.edu <18.12.8.85:45840>
...
023 (782860.000.000) 10/01 16:09:08 Job reconnected to slot8@t2bat0085.cmsaf.mit.edu
    startd address: <18.12.8.85:45840>
    starter address: <18.12.8.85:40949>
...
007 (782860.000.000) 10/01 16:09:09 Shadow exception!
	Error from slot8@t2bat0085.cmsaf.mit.edu: Repeated attempts to transfer output failed for unknown reasons
	0  -  Run Bytes Sent By Job
	62734  -  Run Bytes Received By Job
...
007 (782860.000.000) 10/01 16:09:34 Shadow exception!
	Error from slot16@t2bat0246.cmsaf.mit.edu: Failed to transfer files
	0  -  Run Bytes Sent By Job
	0  -  Run Bytes Received By Job
...
007 (782860.000.000) 10/01 16:09:34 Shadow exception!
	Error from slot16@t2bat0246.cmsaf.mit.edu: Failed to transfer files
	0  -  Run Bytes Sent By Job
	0  -  Run Bytes Received By Job
...
001 (782860.000.000) 10/01 16:09:36 Job executing on host: <18.12.8.246:40000>
...
022 (782860.000.000) 10/01 16:30:18 Job disconnected, attempting to reconnect
    Local schedd and job shadow died, schedd now running again
    Trying to reconnect to slot16@t2bat0246.cmsaf.mit.edu <18.12.8.246:40000>
...
024 (782860.000.000) 10/01 16:32:43 Job reconnection failed
    Job disconnected too long: JobLeaseDuration (1200 seconds) expired
    Can not reconnect to slot16@t2bat0246.cmsaf.mit.edu, rescheduling job
...
001 (782860.000.000) 10/01 16:34:54 Job executing on host: <18.12.8.203:48395>
...
005 (782860.000.000) 10/01 16:45:43 Job terminated.
	(1) Normal termination (return value 0)
		Usr 0 00:01:15, Sys 0 00:00:00  -  Run Remote Usage
		Usr 0 00:00:00, Sys 0 00:00:00  -  Run Local Usage
		Usr 0 00:01:15, Sys 0 00:00:00  -  Total Remote Usage
		Usr 0 00:00:00, Sys 0 00:00:00  -  Total Local Usage
	586290  -  Run Bytes Sent By Job
	62734  -  Run Bytes Received By Job
	586290  -  Total Bytes Sent By Job
	125468  -  Total Bytes Received By Job
	Partitionable Resources :    Usage  Request          
	   Cpus                 :                 1          
	   Disk (KB)            :      750      750          
	   Memory (MB)          :      123      123          
...
000 (786018.000.000) 10/05 14:19:10 Job submitted from host: <18.12.1.74:45913>
...
001 (786018.000.000) 10/05 14:19:31 Job executing on host: <18.12.8.180:43431>
...
006 (786018.000.000) 10/05 14:19:39 Image size of job updated: 230560
	96  -  MemoryUsage of job (MB)
	98256  -  ResidentSetSize of job (KB)
...
005 (786018.000.000) 10/05 14:21:26 Job terminated.
	(1) Normal termination (return value 0)
		Usr 0 00:01:23, Sys 0 00:00:01  -  Run Remote Usage
		Usr 0 00:00:00, Sys 0 00:00:00  -  Run Local Usage
		Usr 0 00:01:23, Sys 0 00:00:01  -  Total Remote Usage
		Usr 0 00:00:00, Sys 0 00:00:00  -  Total Local Usage
	586547  -  Run Bytes Sent By Job
	62732  -  Run Bytes Received By Job
	586547  -  Total Bytes Sent By Job
	62732  -  Total Bytes Received By Job
	Partitionable Resources :    Usage  Request          
	   Cpus                 :                 1          
	   Disk (KB)            :      659      659          
	   Memory (MB)          :       96       96          
...
000 (786384.000.000) 10/07 09:51:26 Job submitted from host: <18.12.1.74:45913>
...
001 (786384.000.000) 10/07 09:52:04 Job executing on host: <18.12.12.16:44234>
...
006 (786384.000.000) 10/07 09:52:13 Image size of job updated: 230428
	96  -  MemoryUsage of job (MB)
	98088  -  ResidentSetSize of job (KB)
...
006 (786384.000.000) 10/07 09:55:11 Image size of job updated: 233928
	96  -  MemoryUsage of job (MB)
	98088  -  ResidentSetSize of job (KB)
...
005 (786384.000.000) 10/07 09:55:11 Job terminated.
	(1) Normal termination (return value 0)
		Usr 0 00:02:00, Sys 0 00:00:03  -  Run Remote Usage
		Usr 0 00:00:00, Sys 0 00:00:00  -  Run Local Usage
		Usr 0 00:02:00, Sys 0 00:00:03  -  Total Remote Usage
		Usr 0 00:00:00, Sys 0 00:00:00  -  Total Local Usage
	586302  -  Run Bytes Sent By Job
	62734  -  Run Bytes Received By Job
	586302  -  Total Bytes Sent By Job
	62734  -  Total Bytes Received By Job
	Partitionable Resources :    Usage  Request          
	   Cpus                 :                 1          
	   Disk (KB)            :      659      659          
	   Memory (MB)          :       96       96          
...
000 (786565.000.000) 10/07 11:12:57 Job submitted from host: <18.12.1.74:45913>
...
001 (786565.000.000) 10/07 11:22:33 Job executing on host: <18.12.8.207:46716>
...
006 (786565.000.000) 10/07 11:22:42 Image size of job updated: 2
	3  -  MemoryUsage of job (MB)
	2348  -  ResidentSetSize of job (KB)
...
006 (786565.000.000) 10/07 11:25:14 Image size of job updated: 230548
	3  -  MemoryUsage of job (MB)
	2348  -  ResidentSetSize of job (KB)
...
005 (786565.000.000) 10/07 11:25:14 Job terminated.
	(1) Normal termination (return value 0)
		Usr 0 00:01:34, Sys 0 00:00:01  -  Run Remote Usage
		Usr 0 00:00:00, Sys 0 00:00:00  -  Run Local Usage
		Usr 0 00:01:34, Sys 0 00:00:01  -  Total Remote Usage
		Usr 0 00:00:00, Sys 0 00:00:00  -  Total Local Usage
	585384  -  Run Bytes Sent By Job
	62746  -  Run Bytes Received By Job
	585384  -  Total Bytes Sent By Job
	62746  -  Total Bytes Received By Job
	Partitionable Resources :    Usage  Request          
	   Cpus                 :                 1          
	   Disk (KB)            :      658      658          
	   Memory (MB)          :        3        3          
...
000 (787492.000.000) 10/08 12:42:43 Job submitted from host: <18.12.1.74:45913>
...
001 (787492.000.000) 10/08 12:47:22 Job executing on host: <18.12.8.239:46205>
...
006 (787492.000.000) 10/08 12:47:30 Image size of job updated: 75600
	17  -  MemoryUsage of job (MB)
	17184  -  ResidentSetSize of job (KB)
...
006 (787492.000.000) 10/08 12:49:21 Image size of job updated: 230548
	17  -  MemoryUsage of job (MB)
	17184  -  ResidentSetSize of job (KB)
...
005 (787492.000.000) 10/08 12:49:22 Job terminated.
	(1) Normal termination (return value 0)
		Usr 0 00:01:23, Sys 0 00:00:01  -  Run Remote Usage
		Usr 0 00:00:00, Sys 0 00:00:00  -  Run Local Usage
		Usr 0 00:01:23, Sys 0 00:00:01  -  Total Remote Usage
		Usr 0 00:00:00, Sys 0 00:00:00  -  Total Local Usage
	585168  -  Run Bytes Sent By Job
	62749  -  Run Bytes Received By Job
	585168  -  Total Bytes Sent By Job
	62749  -  Total Bytes Received By Job
	Partitionable Resources :    Usage  Request          
	   Cpus                 :                 1          
	   Disk (KB)            :      658      658          
	   Memory (MB)          :       17       17          
...
000 (787674.000.000) 10/08 14:27:15 Job submitted from host: <18.12.1.74:45913>
...
001 (787674.000.000) 10/08 14:37:46 Job executing on host: <18.12.6.19:43577>
...
006 (787674.000.000) 10/08 14:37:56 Image size of job updated: 230544
	97  -  MemoryUsage of job (MB)
	98760  -  ResidentSetSize of job (KB)
...
005 (787674.000.000) 10/08 14:40:18 Job terminated.
	(1) Normal termination (return value 0)
		Usr 0 00:01:52, Sys 0 00:00:01  -  Run Remote Usage
		Usr 0 00:00:00, Sys 0 00:00:00  -  Run Local Usage
		Usr 0 00:01:52, Sys 0 00:00:01  -  Total Remote Usage
		Usr 0 00:00:00, Sys 0 00:00:00  -  Total Local Usage
	585391  -  Run Bytes Sent By Job
	62691  -  Run Bytes Received By Job
	585391  -  Total Bytes Sent By Job
	62691  -  Total Bytes Received By Job
	Partitionable Resources :    Usage  Request          
	   Cpus                 :                 1          
	   Disk (KB)            :      658      658          
	   Memory (MB)          :       97       97          
...
000 (787857.000.000) 10/08 15:16:36 Job submitted from host: <18.12.1.74:45913>
...
001 (787857.000.000) 10/08 15:24:11 Job executing on host: <18.12.9.50:45037>
...
006 (787857.000.000) 10/08 15:24:20 Image size of job updated: 230548
	89  -  MemoryUsage of job (MB)
	90544  -  ResidentSetSize of job (KB)
...
005 (787857.000.000) 10/08 15:26:24 Job terminated.
	(1) Normal termination (return value 0)
		Usr 0 00:01:30, Sys 0 00:00:01  -  Run Remote Usage
		Usr 0 00:00:00, Sys 0 00:00:00  -  Run Local Usage
		Usr 0 00:01:30, Sys 0 00:00:01  -  Total Remote Usage
		Usr 0 00:00:00, Sys 0 00:00:00  -  Total Local Usage
	585502  -  Run Bytes Sent By Job
	62696  -  Run Bytes Received By Job
	585502  -  Total Bytes Sent By Job
	62696  -  Total Bytes Received By Job
	Partitionable Resources :    Usage  Request          
	   Cpus                 :                 1          
	   Disk (KB)            :      658      658          
	   Memory (MB)          :       89       89          
...
000 (788767.000.000) 10/12 10:42:38 Job submitted from host: <18.12.1.74:45913>
...
001 (788767.000.000) 10/12 10:51:13 Job executing on host: <18.12.8.219:42409>
...
006 (788767.000.000) 10/12 10:51:21 Image size of job updated: 144344
	27  -  MemoryUsage of job (MB)
	27172  -  ResidentSetSize of job (KB)
...
006 (788767.000.000) 10/12 10:53:50 Image size of job updated: 230548
	27  -  MemoryUsage of job (MB)
	27172  -  ResidentSetSize of job (KB)
...
005 (788767.000.000) 10/12 10:53:50 Job terminated.
	(1) Normal termination (return value 0)
		Usr 0 00:01:54, Sys 0 00:00:01  -  Run Remote Usage
		Usr 0 00:00:00, Sys 0 00:00:00  -  Run Local Usage
		Usr 0 00:01:54, Sys 0 00:00:01  -  Total Remote Usage
		Usr 0 00:00:00, Sys 0 00:00:00  -  Total Local Usage
	585184  -  Run Bytes Sent By Job
	62704  -  Run Bytes Received By Job
	585184  -  Total Bytes Sent By Job
	62704  -  Total Bytes Received By Job
	Partitionable Resources :    Usage  Request          
	   Cpus                 :                 1          
	   Disk (KB)            :      658      658          
	   Memory (MB)          :       27       27          
...
