000 (556104.000.000) 08/12 11:33:44 Job submitted from host: <18.12.1.74:48322>
...
001 (556104.000.000) 08/12 11:58:20 Job executing on host: <18.12.6.98:46059>
...
006 (556104.000.000) 08/12 11:58:28 Image size of job updated: 2
	3  -  MemoryUsage of job (MB)
	2340  -  ResidentSetSize of job (KB)
...
006 (556104.000.000) 08/12 12:03:28 Image size of job updated: 229988
	95  -  MemoryUsage of job (MB)
	96384  -  ResidentSetSize of job (KB)
...
006 (556104.000.000) 08/12 12:08:29 Image size of job updated: 230252
	97  -  MemoryUsage of job (MB)
	99128  -  ResidentSetSize of job (KB)
...
006 (556104.000.000) 08/12 12:13:29 Image size of job updated: 230252
	99  -  MemoryUsage of job (MB)
	100912  -  ResidentSetSize of job (KB)
...
005 (556104.000.000) 08/12 12:15:17 Job terminated.
	(1) Normal termination (return value 0)
		Usr 0 00:01:10, Sys 0 00:00:02  -  Run Remote Usage
		Usr 0 00:00:00, Sys 0 00:00:00  -  Run Local Usage
		Usr 0 00:01:10, Sys 0 00:00:02  -  Total Remote Usage
		Usr 0 00:00:00, Sys 0 00:00:00  -  Total Local Usage
	586020  -  Run Bytes Sent By Job
	62715  -  Run Bytes Received By Job
	586020  -  Total Bytes Sent By Job
	62715  -  Total Bytes Received By Job
	Partitionable Resources :    Usage  Request          
	   Cpus                 :                 1          
	   Disk (KB)            :      659      659          
	   Memory (MB)          :       99       99          
...
000 (566473.000.000) 08/20 21:06:31 Job submitted from host: <18.12.1.74:48322>
...
007 (566473.000.000) 08/20 21:07:01 Shadow exception!
	Error from slot16@t2bat0208.cmsaf.mit.edu: Failed to transfer files
	0  -  Run Bytes Sent By Job
	0  -  Run Bytes Received By Job
...
007 (566473.000.000) 08/20 21:07:03 Shadow exception!
	Error from slot25@t2bat0312.cmsaf.mit.edu: Failed to transfer files
	0  -  Run Bytes Sent By Job
	0  -  Run Bytes Received By Job
...
001 (566473.000.000) 08/20 21:08:01 Job executing on host: <18.12.8.237:48468>
...
006 (566473.000.000) 08/20 21:08:10 Image size of job updated: 229992
	93  -  MemoryUsage of job (MB)
	95100  -  ResidentSetSize of job (KB)
...
006 (566473.000.000) 08/20 21:09:44 Image size of job updated: 230256
	93  -  MemoryUsage of job (MB)
	95100  -  ResidentSetSize of job (KB)
...
005 (566473.000.000) 08/20 21:16:11 Job terminated.
	(1) Normal termination (return value 0)
		Usr 0 00:00:58, Sys 0 00:00:01  -  Run Remote Usage
		Usr 0 00:00:00, Sys 0 00:00:00  -  Run Local Usage
		Usr 0 00:00:58, Sys 0 00:00:01  -  Total Remote Usage
		Usr 0 00:00:00, Sys 0 00:00:00  -  Total Local Usage
	586032  -  Run Bytes Sent By Job
	62731  -  Run Bytes Received By Job
	586032  -  Total Bytes Sent By Job
	62731  -  Total Bytes Received By Job
	Partitionable Resources :    Usage  Request          
	   Cpus                 :                 1          
	   Disk (KB)            :      659      659          
	   Memory (MB)          :       93       93          
...
000 (782478.000.000) 10/01 13:04:31 Job submitted from host: <18.12.1.74:47665>
...
001 (782478.000.000) 10/01 13:15:12 Job executing on host: <18.12.9.16:40657>
...
006 (782478.000.000) 10/01 13:15:21 Image size of job updated: 229992
	95  -  MemoryUsage of job (MB)
	97116  -  ResidentSetSize of job (KB)
...
006 (782478.000.000) 10/01 13:16:51 Image size of job updated: 230256
	95  -  MemoryUsage of job (MB)
	97116  -  ResidentSetSize of job (KB)
...
005 (782478.000.000) 10/01 13:16:51 Job terminated.
	(1) Normal termination (return value 0)
		Usr 0 00:00:49, Sys 0 00:00:01  -  Run Remote Usage
		Usr 0 00:00:00, Sys 0 00:00:00  -  Run Local Usage
		Usr 0 00:00:49, Sys 0 00:00:01  -  Total Remote Usage
		Usr 0 00:00:00, Sys 0 00:00:00  -  Total Local Usage
	586031  -  Run Bytes Sent By Job
	62730  -  Run Bytes Received By Job
	586031  -  Total Bytes Sent By Job
	62730  -  Total Bytes Received By Job
	Partitionable Resources :    Usage  Request          
	   Cpus                 :                 1          
	   Disk (KB)            :      659      659          
	   Memory (MB)          :       95       95          
...
000 (782659.000.000) 10/01 14:31:44 Job submitted from host: <18.12.1.74:47665>
...
001 (782659.000.000) 10/01 14:33:25 Job executing on host: <18.12.8.140:44453>
...
006 (782659.000.000) 10/01 14:33:35 Image size of job updated: 193788
	78  -  MemoryUsage of job (MB)
	79556  -  ResidentSetSize of job (KB)
...
006 (782659.000.000) 10/01 14:36:04 Image size of job updated: 227284
	78  -  MemoryUsage of job (MB)
	79556  -  ResidentSetSize of job (KB)
...
005 (782659.000.000) 10/01 14:39:03 Job terminated.
	(1) Normal termination (return value 0)
		Usr 0 00:00:30, Sys 0 00:00:01  -  Run Remote Usage
		Usr 0 00:00:00, Sys 0 00:00:00  -  Run Local Usage
		Usr 0 00:00:30, Sys 0 00:00:01  -  Total Remote Usage
		Usr 0 00:00:00, Sys 0 00:00:00  -  Total Local Usage
	2709539  -  Run Bytes Sent By Job
	62736  -  Run Bytes Received By Job
	2709539  -  Total Bytes Sent By Job
	62736  -  Total Bytes Received By Job
	Partitionable Resources :    Usage  Request          
	   Cpus                 :                 1          
	   Disk (KB)            :     2732     2732          
	   Memory (MB)          :       78       78          
...
000 (788200.000.000) 10/09 09:23:44 Job submitted from host: <18.12.1.74:45913>
...
001 (788200.000.000) 10/09 09:24:14 Job executing on host: <18.12.6.96:46132>
...
006 (788200.000.000) 10/09 09:24:23 Image size of job updated: 13384
	2  -  MemoryUsage of job (MB)
	1980  -  ResidentSetSize of job (KB)
...
006 (788200.000.000) 10/09 09:26:08 Image size of job updated: 230264
	2  -  MemoryUsage of job (MB)
	1980  -  ResidentSetSize of job (KB)
...
005 (788200.000.000) 10/09 09:26:08 Job terminated.
	(1) Normal termination (return value 0)
		Usr 0 00:01:02, Sys 0 00:00:01  -  Run Remote Usage
		Usr 0 00:00:00, Sys 0 00:00:00  -  Run Local Usage
		Usr 0 00:01:02, Sys 0 00:00:01  -  Total Remote Usage
		Usr 0 00:00:00, Sys 0 00:00:00  -  Total Local Usage
	585465  -  Run Bytes Sent By Job
	62698  -  Run Bytes Received By Job
	585465  -  Total Bytes Sent By Job
	62698  -  Total Bytes Received By Job
	Partitionable Resources :    Usage  Request          
	   Cpus                 :                 1          
	   Disk (KB)            :      658      658          
	   Memory (MB)          :        2        2          
...
000 (788565.000.000) 10/12 09:48:04 Job submitted from host: <18.12.1.74:45913>
...
001 (788565.000.000) 10/12 09:57:48 Job executing on host: <18.12.8.110:42774>
...
006 (788565.000.000) 10/12 09:57:57 Image size of job updated: 2
	3  -  MemoryUsage of job (MB)
	2352  -  ResidentSetSize of job (KB)
...
006 (788565.000.000) 10/12 09:58:54 Image size of job updated: 230240
	3  -  MemoryUsage of job (MB)
	2352  -  ResidentSetSize of job (KB)
...
005 (788565.000.000) 10/12 09:58:54 Job terminated.
	(1) Normal termination (return value 0)
		Usr 0 00:00:39, Sys 0 00:00:01  -  Run Remote Usage
		Usr 0 00:00:00, Sys 0 00:00:00  -  Run Local Usage
		Usr 0 00:00:39, Sys 0 00:00:01  -  Total Remote Usage
		Usr 0 00:00:00, Sys 0 00:00:00  -  Total Local Usage
	585073  -  Run Bytes Sent By Job
	62703  -  Run Bytes Received By Job
	585073  -  Total Bytes Sent By Job
	62703  -  Total Bytes Received By Job
	Partitionable Resources :    Usage  Request          
	   Cpus                 :                 1          
	   Disk (KB)            :      658      658          
	   Memory (MB)          :        3        3          
...
