000 (554253.000.000) 08/11 09:09:07 Job submitted from host: <18.12.1.74:48322>
...
001 (554253.000.000) 08/11 09:09:20 Job executing on host: <18.12.8.225:46351>
...
006 (554253.000.000) 08/11 09:09:29 Image size of job updated: 2
	3  -  MemoryUsage of job (MB)
	2344  -  ResidentSetSize of job (KB)
...
006 (554253.000.000) 08/11 09:11:32 Image size of job updated: 230744
	3  -  MemoryUsage of job (MB)
	2344  -  ResidentSetSize of job (KB)
...
005 (554253.000.000) 08/11 09:11:32 Job terminated.
	(1) Normal termination (return value 0)
		Usr 0 00:01:21, Sys 0 00:00:01  -  Run Remote Usage
		Usr 0 00:00:00, Sys 0 00:00:00  -  Run Local Usage
		Usr 0 00:01:21, Sys 0 00:00:01  -  Total Remote Usage
		Usr 0 00:00:00, Sys 0 00:00:00  -  Total Local Usage
	586189  -  Run Bytes Sent By Job
	62717  -  Run Bytes Received By Job
	586189  -  Total Bytes Sent By Job
	62717  -  Total Bytes Received By Job
	Partitionable Resources :    Usage  Request          
	   Cpus                 :                 1          
	   Disk (KB)            :      659      659          
	   Memory (MB)          :        3        3          
...
000 (557968.000.000) 08/13 13:34:20 Job submitted from host: <18.12.1.74:48322>
...
001 (557968.000.000) 08/13 13:51:51 Job executing on host: <18.12.9.39:46205>
...
006 (557968.000.000) 08/13 13:51:59 Image size of job updated: 224312
	91  -  MemoryUsage of job (MB)
	93048  -  ResidentSetSize of job (KB)
...
006 (557968.000.000) 08/13 13:56:59 Image size of job updated: 230748
	115  -  MemoryUsage of job (MB)
	116824  -  ResidentSetSize of job (KB)
...
005 (557968.000.000) 08/13 13:59:58 Job terminated.
	(1) Normal termination (return value 0)
		Usr 0 00:01:32, Sys 0 00:00:03  -  Run Remote Usage
		Usr 0 00:00:00, Sys 0 00:00:00  -  Run Local Usage
		Usr 0 00:01:32, Sys 0 00:00:03  -  Total Remote Usage
		Usr 0 00:00:00, Sys 0 00:00:00  -  Total Local Usage
	586541  -  Run Bytes Sent By Job
	62720  -  Run Bytes Received By Job
	586541  -  Total Bytes Sent By Job
	62720  -  Total Bytes Received By Job
	Partitionable Resources :    Usage  Request          
	   Cpus                 :                 1          
	   Disk (KB)            :      659      659          
	   Memory (MB)          :      115      115          
...
000 (566259.000.000) 08/20 20:23:51 Job submitted from host: <18.12.1.74:48322>
...
001 (566259.000.000) 08/20 20:24:28 Job executing on host: <18.12.9.66:48687>
...
006 (566259.000.000) 08/20 20:24:37 Image size of job updated: 229424
	95  -  MemoryUsage of job (MB)
	96624  -  ResidentSetSize of job (KB)
...
006 (566259.000.000) 08/20 20:27:16 Image size of job updated: 230748
	95  -  MemoryUsage of job (MB)
	96624  -  ResidentSetSize of job (KB)
...
005 (566259.000.000) 08/20 20:33:54 Job terminated.
	(1) Normal termination (return value 0)
		Usr 0 00:01:13, Sys 0 00:00:01  -  Run Remote Usage
		Usr 0 00:00:00, Sys 0 00:00:00  -  Run Local Usage
		Usr 0 00:01:13, Sys 0 00:00:01  -  Total Remote Usage
		Usr 0 00:00:00, Sys 0 00:00:00  -  Total Local Usage
	586318  -  Run Bytes Sent By Job
	62732  -  Run Bytes Received By Job
	586318  -  Total Bytes Sent By Job
	62732  -  Total Bytes Received By Job
	Partitionable Resources :    Usage  Request          
	   Cpus                 :                 1          
	   Disk (KB)            :      659      659          
	   Memory (MB)          :       95       95          
...
