000 (556341.000.000) 08/12 14:10:47 Job submitted from host: <18.12.1.74:48322>
...
001 (556341.000.000) 08/12 14:24:27 Job executing on host: <18.12.8.213:47300>
...
006 (556341.000.000) 08/12 14:24:35 Image size of job updated: 2
	3  -  MemoryUsage of job (MB)
	2352  -  ResidentSetSize of job (KB)
...
006 (556341.000.000) 08/12 14:26:37 Image size of job updated: 230064
	3  -  MemoryUsage of job (MB)
	2352  -  ResidentSetSize of job (KB)
...
005 (556341.000.000) 08/12 14:26:37 Job terminated.
	(1) Normal termination (return value 0)
		Usr 0 00:00:29, Sys 0 00:00:00  -  Run Remote Usage
		Usr 0 00:00:00, Sys 0 00:00:00  -  Run Local Usage
		Usr 0 00:00:29, Sys 0 00:00:00  -  Total Remote Usage
		Usr 0 00:00:00, Sys 0 00:00:00  -  Total Local Usage
	586064  -  Run Bytes Sent By Job
	62715  -  Run Bytes Received By Job
	586064  -  Total Bytes Sent By Job
	62715  -  Total Bytes Received By Job
	Partitionable Resources :    Usage  Request          
	   Cpus                 :                 1          
	   Disk (KB)            :      659      659          
	   Memory (MB)          :        3        3          
...
000 (557601.000.000) 08/13 11:57:22 Job submitted from host: <18.12.1.74:48322>
...
001 (557601.000.000) 08/13 12:14:31 Job executing on host: <18.12.9.52:43066>
...
006 (557601.000.000) 08/13 12:14:39 Image size of job updated: 2
	3  -  MemoryUsage of job (MB)
	2352  -  ResidentSetSize of job (KB)
...
006 (557601.000.000) 08/13 12:17:20 Image size of job updated: 230068
	3  -  MemoryUsage of job (MB)
	2352  -  ResidentSetSize of job (KB)
...
005 (557601.000.000) 08/13 12:17:20 Job terminated.
	(1) Normal termination (return value 0)
		Usr 0 00:00:31, Sys 0 00:00:01  -  Run Remote Usage
		Usr 0 00:00:00, Sys 0 00:00:00  -  Run Local Usage
		Usr 0 00:00:31, Sys 0 00:00:01  -  Total Remote Usage
		Usr 0 00:00:00, Sys 0 00:00:00  -  Total Local Usage
	586120  -  Run Bytes Sent By Job
	62715  -  Run Bytes Received By Job
	586120  -  Total Bytes Sent By Job
	62715  -  Total Bytes Received By Job
	Partitionable Resources :    Usage  Request          
	   Cpus                 :                 1          
	   Disk (KB)            :      659      659          
	   Memory (MB)          :        3        3          
...
000 (558117.000.000) 08/13 14:31:05 Job submitted from host: <18.12.1.74:48322>
...
001 (558117.000.000) 08/13 14:48:13 Job executing on host: <18.12.9.80:43650>
...
006 (558117.000.000) 08/13 14:48:21 Image size of job updated: 229932
	93  -  MemoryUsage of job (MB)
	94364  -  ResidentSetSize of job (KB)
...
006 (558117.000.000) 08/13 14:49:42 Image size of job updated: 230064
	93  -  MemoryUsage of job (MB)
	94364  -  ResidentSetSize of job (KB)
...
005 (558117.000.000) 08/13 14:49:42 Job terminated.
	(1) Normal termination (return value 0)
		Usr 0 00:00:31, Sys 0 00:00:00  -  Run Remote Usage
		Usr 0 00:00:00, Sys 0 00:00:00  -  Run Local Usage
		Usr 0 00:00:31, Sys 0 00:00:00  -  Total Remote Usage
		Usr 0 00:00:00, Sys 0 00:00:00  -  Total Local Usage
	586120  -  Run Bytes Sent By Job
	62714  -  Run Bytes Received By Job
	586120  -  Total Bytes Sent By Job
	62714  -  Total Bytes Received By Job
	Partitionable Resources :    Usage  Request          
	   Cpus                 :                 1          
	   Disk (KB)            :      659      659          
	   Memory (MB)          :       93       93          
...
000 (565454.000.000) 08/20 12:39:11 Job submitted from host: <18.12.1.74:48322>
...
001 (565454.000.000) 08/20 12:45:03 Job executing on host: <18.12.8.141:41825>
...
006 (565454.000.000) 08/20 12:45:12 Image size of job updated: 2
	3  -  MemoryUsage of job (MB)
	2348  -  ResidentSetSize of job (KB)
...
006 (565454.000.000) 08/20 12:45:52 Image size of job updated: 230064
	3  -  MemoryUsage of job (MB)
	2348  -  ResidentSetSize of job (KB)
...
005 (565454.000.000) 08/20 12:54:14 Job terminated.
	(1) Normal termination (return value 0)
		Usr 0 00:00:24, Sys 0 00:00:00  -  Run Remote Usage
		Usr 0 00:00:00, Sys 0 00:00:00  -  Run Local Usage
		Usr 0 00:00:24, Sys 0 00:00:00  -  Total Remote Usage
		Usr 0 00:00:00, Sys 0 00:00:00  -  Total Local Usage
	585976  -  Run Bytes Sent By Job
	62731  -  Run Bytes Received By Job
	585976  -  Total Bytes Sent By Job
	62731  -  Total Bytes Received By Job
	Partitionable Resources :    Usage  Request          
	   Cpus                 :                 1          
	   Disk (KB)            :      659      659          
	   Memory (MB)          :        3        3          
...
