
----------------------------------------------------
Job started on Mon Oct 12 10:03:23 EDT 2015 at WN: hibat0008.cmsaf.mit.edu 
Job is running on Linux hibat0008.cmsaf.mit.edu 2.6.32-358.el6.x86_64 #1 SMP Fri Feb 22 20:37:17 CST 2013 x86_64 x86_64 x86_64 GNU/Linux
Filesystem            Size  Used Avail Use% Mounted on
/dev/sda3              20G  3.7G   16G  20% /
tmpfs                  12G     0   12G   0% /dev/shm
/dev/sda1              97M   32M   61M  35% /boot
/dev/sda4             1.8T  6.4G  1.8T   1% /export/data1
/dev/sdb1             1.8T  1.5T  382G  80% /export/00b
/dev/sdc1             1.8T  1.5T  381G  80% /export/00c
/dev/sdd1             1.8T  1.5T  366G  81% /export/00d
/dev/sde1             1.8T  1.5T  387G  79% /export/00e
/dev/sdf1             1.8T  1.5T  392G  79% /export/00f
fuse_dfs              5.0P  4.0P  1.1P  80% /mnt/hadoop
cvmfs2                 98G  4.9G   93G   5% /cvmfs/cms.cern.ch
t2srv0004:/export/db  135G  187M  135G   1% /net/t2srv0004/db
gcc (GCC) 4.4.7 20120313 (Red Hat 4.4.7-3)
Copyright (C) 2010 Free Software Foundation, Inc.
This is free software; see the source for copying conditions.  There is NO
warranty; not even for MERCHANTABILITY or FITNESS FOR A PARTICULAR PURPOSE.

Processing...
0/154840
10000/154840
20000/154840
30000/154840
40000/154840
50000/154840
60000/154840
70000/154840
80000/154840
90000/154840
100000/154840
110000/154840
120000/154840
130000/154840
140000/154840
150000/154840
Macro finished: 
CPU time (min)  = 1.23033
Real time (min) = 1.70013
total 1.7M
-rw-r--r-- 1 obaron obaron  108K Oct  9 10:24 jetRAA_PbPb_data_forest.txt
-rw-r--r-- 1 obaron obaron   94K Oct  9 10:24 jetRAA_PbPb_data_akPu4_select.txt
-rw-r--r-- 1 obaron obaron   94K Oct  9 10:24 jetRAA_PbPb_data_akPu3_select.txt
-rw-r--r-- 1 obaron obaron   94K Oct  9 10:24 jetRAA_PbPb_data_akPu2_select.txt
-rw-r--r-- 1 obaron obaron   70K Oct 12 09:36 RAA_read_data_pbpb.C
-rw-r--r-- 1 obaron obaron   11K Oct 12 09:36 RAA_read_data_pbpb_C.d
-rwxr-xr-x 1 obaron obaron  101K Oct 12 09:36 RAA_read_data_pbpb_C.so
-rw-rw-r-- 1 obaron obaron   61K Oct 12 10:03 jetRAA_run_PbPb_Data.tar
-rwxr-xr-x 1 obaron obaron  1.2K Oct 12 10:03 condor_exec.exe
-rw-r--r-- 1 condor condor   20K Oct 12 10:03 .job.ad
drwxr-xr-x 7 condor root    4.0K Oct 12 10:03 ..
-rw-r--r-- 1 condor condor  5.6K Oct 12 10:03 .machine.ad
-rwx------ 1 obaron obaron    48 Oct 12 10:03 .chirp.config
-rw-r--r-- 1 obaron obaron     0 Oct 12 10:03 _condor_stderr
drwx------ 2 obaron obaron  4.0K Oct 12 10:03 .
-rw-r--r-- 1 obaron obaron  1.5K Oct 12 10:05 _condor_stdout
-rw-r--r-- 1 obaron obaron 1004K Oct 12 10:05 PbPb_Data_histograms_FromForest_pileupCutFIX_ZDCmCut_30GeVcut_akPu2_20_eta_20_750.root
Done!
Copied output files to hadoop rootfiles/JetRAA/June29
