000 (556366.000.000) 08/12 14:10:49 Job submitted from host: <18.12.1.74:48322>
...
001 (556366.000.000) 08/12 14:28:17 Job executing on host: <18.12.8.149:40949>
...
006 (556366.000.000) 08/12 14:28:26 Image size of job updated: 230556
	96  -  MemoryUsage of job (MB)
	98248  -  ResidentSetSize of job (KB)
...
005 (556366.000.000) 08/12 14:38:20 Job terminated.
	(1) Normal termination (return value 0)
		Usr 0 00:01:31, Sys 0 00:00:03  -  Run Remote Usage
		Usr 0 00:00:00, Sys 0 00:00:00  -  Run Local Usage
		Usr 0 00:01:31, Sys 0 00:00:03  -  Total Remote Usage
		Usr 0 00:00:00, Sys 0 00:00:00  -  Total Local Usage
	586031  -  Run Bytes Sent By Job
	62715  -  Run Bytes Received By Job
	586031  -  Total Bytes Sent By Job
	62715  -  Total Bytes Received By Job
	Partitionable Resources :    Usage  Request          
	   Cpus                 :                 1          
	   Disk (KB)            :      658      658          
	   Memory (MB)          :       96       96          
...
000 (557626.000.000) 08/13 11:57:25 Job submitted from host: <18.12.1.74:48322>
...
001 (557626.000.000) 08/13 12:20:29 Job executing on host: <18.12.9.63:42190>
...
006 (557626.000.000) 08/13 12:20:38 Image size of job updated: 230520
	96  -  MemoryUsage of job (MB)
	98252  -  ResidentSetSize of job (KB)
...
005 (557626.000.000) 08/13 12:24:04 Job terminated.
	(1) Normal termination (return value 0)
		Usr 0 00:01:27, Sys 0 00:00:02  -  Run Remote Usage
		Usr 0 00:00:00, Sys 0 00:00:00  -  Run Local Usage
		Usr 0 00:01:27, Sys 0 00:00:02  -  Total Remote Usage
		Usr 0 00:00:00, Sys 0 00:00:00  -  Total Local Usage
	586277  -  Run Bytes Sent By Job
	62715  -  Run Bytes Received By Job
	586277  -  Total Bytes Sent By Job
	62715  -  Total Bytes Received By Job
	Partitionable Resources :    Usage  Request          
	   Cpus                 :                 1          
	   Disk (KB)            :      659      659          
	   Memory (MB)          :       96       96          
...
000 (558142.000.000) 08/13 14:31:08 Job submitted from host: <18.12.1.74:48322>
...
001 (558142.000.000) 08/13 14:54:26 Job executing on host: <18.12.9.43:40073>
...
006 (558142.000.000) 08/13 14:54:34 Image size of job updated: 2
	3  -  MemoryUsage of job (MB)
	2352  -  ResidentSetSize of job (KB)
...
006 (558142.000.000) 08/13 14:59:34 Image size of job updated: 231000
	110  -  MemoryUsage of job (MB)
	112556  -  ResidentSetSize of job (KB)
...
005 (558142.000.000) 08/13 15:02:31 Job terminated.
	(1) Normal termination (return value 0)
		Usr 0 00:01:39, Sys 0 00:00:03  -  Run Remote Usage
		Usr 0 00:00:00, Sys 0 00:00:00  -  Run Local Usage
		Usr 0 00:01:39, Sys 0 00:00:03  -  Total Remote Usage
		Usr 0 00:00:00, Sys 0 00:00:00  -  Total Local Usage
	586556  -  Run Bytes Sent By Job
	62714  -  Run Bytes Received By Job
	586556  -  Total Bytes Sent By Job
	62714  -  Total Bytes Received By Job
	Partitionable Resources :    Usage  Request          
	   Cpus                 :                 1          
	   Disk (KB)            :      659      659          
	   Memory (MB)          :      110      110          
...
000 (565479.000.000) 08/20 12:44:58 Job submitted from host: <18.12.1.74:48322>
...
001 (565479.000.000) 08/20 12:46:38 Job executing on host: <18.12.9.39:46205>
...
006 (565479.000.000) 08/20 12:46:47 Image size of job updated: 2
	3  -  MemoryUsage of job (MB)
	2348  -  ResidentSetSize of job (KB)
...
006 (565479.000.000) 08/20 12:51:33 Image size of job updated: 230516
	3  -  MemoryUsage of job (MB)
	2348  -  ResidentSetSize of job (KB)
...
005 (565479.000.000) 08/20 13:00:29 Job terminated.
	(1) Normal termination (return value 0)
		Usr 0 00:01:31, Sys 0 00:00:02  -  Run Remote Usage
		Usr 0 00:00:00, Sys 0 00:00:00  -  Run Local Usage
		Usr 0 00:01:31, Sys 0 00:00:02  -  Total Remote Usage
		Usr 0 00:00:00, Sys 0 00:00:00  -  Total Local Usage
	586468  -  Run Bytes Sent By Job
	62731  -  Run Bytes Received By Job
	586468  -  Total Bytes Sent By Job
	62731  -  Total Bytes Received By Job
	Partitionable Resources :    Usage  Request          
	   Cpus                 :                 1          
	   Disk (KB)            :      659      659          
	   Memory (MB)          :        3        3          
...
000 (782972.000.000) 10/02 11:05:05 Job submitted from host: <18.12.1.74:41314>
...
001 (782972.000.000) 10/02 11:11:45 Job executing on host: <18.12.8.120:48687>
...
006 (782972.000.000) 10/02 11:11:46 Image size of job updated: 93588
	0  -  MemoryUsage of job (MB)
	0  -  ResidentSetSize of job (KB)
...
005 (782972.000.000) 10/02 11:15:43 Job terminated.
	(1) Normal termination (return value 0)
		Usr 0 00:00:00, Sys 0 00:00:00  -  Run Remote Usage
		Usr 0 00:00:00, Sys 0 00:00:00  -  Run Local Usage
		Usr 0 00:00:00, Sys 0 00:00:00  -  Total Remote Usage
		Usr 0 00:00:00, Sys 0 00:00:00  -  Total Local Usage
	585354  -  Run Bytes Sent By Job
	62733  -  Run Bytes Received By Job
	585354  -  Total Bytes Sent By Job
	62733  -  Total Bytes Received By Job
	Partitionable Resources :    Usage  Request          
	   Cpus                 :                 1          
	   Disk (KB)            :      658      658          
	   Memory (MB)          :        0        0          
...
000 (783153.000.000) 10/02 16:13:21 Job submitted from host: <18.12.1.74:45913>
...
001 (783153.000.000) 10/02 16:14:07 Job executing on host: <18.12.8.154:45110>
...
006 (783153.000.000) 10/02 16:14:08 Image size of job updated: 2
	0  -  MemoryUsage of job (MB)
	0  -  ResidentSetSize of job (KB)
...
005 (783153.000.000) 10/02 16:14:09 Job terminated.
	(1) Normal termination (return value 0)
		Usr 0 00:00:00, Sys 0 00:00:00  -  Run Remote Usage
		Usr 0 00:00:00, Sys 0 00:00:00  -  Run Local Usage
		Usr 0 00:00:00, Sys 0 00:00:00  -  Total Remote Usage
		Usr 0 00:00:00, Sys 0 00:00:00  -  Total Local Usage
	585339  -  Run Bytes Sent By Job
	62733  -  Run Bytes Received By Job
	585339  -  Total Bytes Sent By Job
	62733  -  Total Bytes Received By Job
	Partitionable Resources :    Usage  Request          
	   Cpus                 :                 1          
	   Disk (KB)            :      658      658          
	   Memory (MB)          :        0        0          
...
000 (783334.000.000) 10/02 16:48:34 Job submitted from host: <18.12.1.74:45913>
...
001 (783334.000.000) 10/02 16:49:00 Job executing on host: <18.12.9.16:40657>
...
006 (783334.000.000) 10/02 16:49:01 Image size of job updated: 2
	0  -  MemoryUsage of job (MB)
	0  -  ResidentSetSize of job (KB)
...
005 (783334.000.000) 10/02 16:49:02 Job terminated.
	(1) Normal termination (return value 0)
		Usr 0 00:00:00, Sys 0 00:00:00  -  Run Remote Usage
		Usr 0 00:00:00, Sys 0 00:00:00  -  Run Local Usage
		Usr 0 00:00:00, Sys 0 00:00:00  -  Total Remote Usage
		Usr 0 00:00:00, Sys 0 00:00:00  -  Total Local Usage
	585780  -  Run Bytes Sent By Job
	62733  -  Run Bytes Received By Job
	585780  -  Total Bytes Sent By Job
	62733  -  Total Bytes Received By Job
	Partitionable Resources :    Usage  Request          
	   Cpus                 :                 1          
	   Disk (KB)            :      658      658          
	   Memory (MB)          :        0        0          
...
000 (783517.000.000) 10/05 09:25:34 Job submitted from host: <18.12.1.74:45913>
...
001 (783517.000.000) 10/05 09:25:50 Job executing on host: <18.12.8.164:47081>
...
006 (783517.000.000) 10/05 09:25:58 Image size of job updated: 13384
	2  -  MemoryUsage of job (MB)
	1988  -  ResidentSetSize of job (KB)
...
005 (783517.000.000) 10/05 09:26:10 Job terminated.
	(1) Normal termination (return value 0)
		Usr 0 00:00:00, Sys 0 00:00:00  -  Run Remote Usage
		Usr 0 00:00:00, Sys 0 00:00:00  -  Run Local Usage
		Usr 0 00:00:00, Sys 0 00:00:00  -  Total Remote Usage
		Usr 0 00:00:00, Sys 0 00:00:00  -  Total Local Usage
	585657  -  Run Bytes Sent By Job
	62732  -  Run Bytes Received By Job
	585657  -  Total Bytes Sent By Job
	62732  -  Total Bytes Received By Job
	Partitionable Resources :    Usage  Request          
	   Cpus                 :                 1          
	   Disk (KB)            :      658      658          
	   Memory (MB)          :        2        2          
...
000 (783698.000.000) 10/05 10:00:20 Job submitted from host: <18.12.1.74:45913>
...
001 (783698.000.000) 10/05 10:01:01 Job executing on host: <18.12.12.11:44964>
...
006 (783698.000.000) 10/05 10:01:10 Image size of job updated: 2
	3  -  MemoryUsage of job (MB)
	2344  -  ResidentSetSize of job (KB)
...
006 (783698.000.000) 10/05 10:01:36 Image size of job updated: 13384
	3  -  MemoryUsage of job (MB)
	2344  -  ResidentSetSize of job (KB)
...
005 (783698.000.000) 10/05 10:01:38 Job terminated.
	(1) Normal termination (return value 0)
		Usr 0 00:00:00, Sys 0 00:00:00  -  Run Remote Usage
		Usr 0 00:00:00, Sys 0 00:00:00  -  Run Local Usage
		Usr 0 00:00:00, Sys 0 00:00:00  -  Total Remote Usage
		Usr 0 00:00:00, Sys 0 00:00:00  -  Total Local Usage
	585734  -  Run Bytes Sent By Job
	62731  -  Run Bytes Received By Job
	585734  -  Total Bytes Sent By Job
	62731  -  Total Bytes Received By Job
	Partitionable Resources :    Usage  Request          
	   Cpus                 :                 1          
	   Disk (KB)            :      658      658          
	   Memory (MB)          :        3        3          
...
000 (783880.000.000) 10/05 12:25:05 Job submitted from host: <18.12.1.74:45913>
...
001 (783880.000.000) 10/05 12:25:15 Job executing on host: <18.12.9.50:45037>
...
006 (783880.000.000) 10/05 12:25:17 Image size of job updated: 67992
	0  -  MemoryUsage of job (MB)
	0  -  ResidentSetSize of job (KB)
...
005 (783880.000.000) 10/05 12:25:18 Job terminated.
	(1) Normal termination (return value 0)
		Usr 0 00:00:00, Sys 0 00:00:00  -  Run Remote Usage
		Usr 0 00:00:00, Sys 0 00:00:00  -  Run Local Usage
		Usr 0 00:00:00, Sys 0 00:00:00  -  Total Remote Usage
		Usr 0 00:00:00, Sys 0 00:00:00  -  Total Local Usage
	585808  -  Run Bytes Sent By Job
	62732  -  Run Bytes Received By Job
	585808  -  Total Bytes Sent By Job
	62732  -  Total Bytes Received By Job
	Partitionable Resources :    Usage  Request          
	   Cpus                 :                 1          
	   Disk (KB)            :      658      658          
	   Memory (MB)          :        0        0          
...
000 (784061.000.000) 10/05 12:28:40 Job submitted from host: <18.12.1.74:45913>
...
001 (784061.000.000) 10/05 12:28:48 Job executing on host: <18.12.9.72:41679>
...
006 (784061.000.000) 10/05 12:28:57 Image size of job updated: 187716
	71  -  MemoryUsage of job (MB)
	72528  -  ResidentSetSize of job (KB)
...
006 (784061.000.000) 10/05 12:30:31 Image size of job updated: 230516
	71  -  MemoryUsage of job (MB)
	72528  -  ResidentSetSize of job (KB)
...
005 (784061.000.000) 10/05 12:30:31 Job terminated.
	(1) Normal termination (return value 0)
		Usr 0 00:01:12, Sys 0 00:00:01  -  Run Remote Usage
		Usr 0 00:00:00, Sys 0 00:00:00  -  Run Local Usage
		Usr 0 00:01:12, Sys 0 00:00:01  -  Total Remote Usage
		Usr 0 00:00:00, Sys 0 00:00:00  -  Total Local Usage
	586922  -  Run Bytes Sent By Job
	62733  -  Run Bytes Received By Job
	586922  -  Total Bytes Sent By Job
	62733  -  Total Bytes Received By Job
	Partitionable Resources :    Usage  Request          
	   Cpus                 :                 1          
	   Disk (KB)            :      660      660          
	   Memory (MB)          :       71       71          
...
000 (786130.000.000) 10/05 14:34:40 Job submitted from host: <18.12.1.74:45913>
...
001 (786130.000.000) 10/05 14:35:33 Job executing on host: <18.12.9.21:46351>
...
006 (786130.000.000) 10/05 14:35:42 Image size of job updated: 230516
	96  -  MemoryUsage of job (MB)
	98248  -  ResidentSetSize of job (KB)
...
005 (786130.000.000) 10/05 14:37:37 Job terminated.
	(1) Normal termination (return value 0)
		Usr 0 00:01:35, Sys 0 00:00:01  -  Run Remote Usage
		Usr 0 00:00:00, Sys 0 00:00:00  -  Run Local Usage
		Usr 0 00:01:35, Sys 0 00:00:01  -  Total Remote Usage
		Usr 0 00:00:00, Sys 0 00:00:00  -  Total Local Usage
	586274  -  Run Bytes Sent By Job
	62729  -  Run Bytes Received By Job
	586274  -  Total Bytes Sent By Job
	62729  -  Total Bytes Received By Job
	Partitionable Resources :    Usage  Request          
	   Cpus                 :                 1          
	   Disk (KB)            :      659      659          
	   Memory (MB)          :       96       96          
...
000 (787969.000.000) 10/08 16:09:47 Job submitted from host: <18.12.1.74:45913>
...
001 (787969.000.000) 10/08 16:15:59 Job executing on host: <18.12.6.87:41898>
...
006 (787969.000.000) 10/08 16:16:07 Image size of job updated: 2
	3  -  MemoryUsage of job (MB)
	2340  -  ResidentSetSize of job (KB)
...
006 (787969.000.000) 10/08 16:18:28 Image size of job updated: 230528
	3  -  MemoryUsage of job (MB)
	2340  -  ResidentSetSize of job (KB)
...
005 (787969.000.000) 10/08 16:18:34 Job terminated.
	(1) Normal termination (return value 0)
		Usr 0 00:01:50, Sys 0 00:00:02  -  Run Remote Usage
		Usr 0 00:00:00, Sys 0 00:00:00  -  Run Local Usage
		Usr 0 00:01:50, Sys 0 00:00:02  -  Total Remote Usage
		Usr 0 00:00:00, Sys 0 00:00:00  -  Total Local Usage
	585488  -  Run Bytes Sent By Job
	62697  -  Run Bytes Received By Job
	585488  -  Total Bytes Sent By Job
	62697  -  Total Bytes Received By Job
	Partitionable Resources :    Usage  Request          
	   Cpus                 :                 1          
	   Disk (KB)            :      658      658          
	   Memory (MB)          :        3        3          
...
000 (788332.000.000) 10/09 10:00:29 Job submitted from host: <18.12.1.74:45913>
...
001 (788332.000.000) 10/09 10:12:00 Job executing on host: <18.12.6.45:48541>
...
006 (788332.000.000) 10/09 10:12:09 Image size of job updated: 2
	3  -  MemoryUsage of job (MB)
	2352  -  ResidentSetSize of job (KB)
...
006 (788332.000.000) 10/09 10:14:18 Image size of job updated: 230504
	3  -  MemoryUsage of job (MB)
	2352  -  ResidentSetSize of job (KB)
...
005 (788332.000.000) 10/09 10:14:19 Job terminated.
	(1) Normal termination (return value 0)
		Usr 0 00:01:47, Sys 0 00:00:01  -  Run Remote Usage
		Usr 0 00:00:00, Sys 0 00:00:00  -  Run Local Usage
		Usr 0 00:01:47, Sys 0 00:00:01  -  Total Remote Usage
		Usr 0 00:00:00, Sys 0 00:00:00  -  Total Local Usage
	585231  -  Run Bytes Sent By Job
	62694  -  Run Bytes Received By Job
	585231  -  Total Bytes Sent By Job
	62694  -  Total Bytes Received By Job
	Partitionable Resources :    Usage  Request          
	   Cpus                 :                 1          
	   Disk (KB)            :      658      658          
	   Memory (MB)          :        3        3          
...
000 (788879.000.000) 10/12 11:22:08 Job submitted from host: <18.12.1.74:45913>
...
001 (788879.000.000) 10/12 11:34:46 Job executing on host: <18.12.6.38:46132>
...
006 (788879.000.000) 10/12 11:34:54 Image size of job updated: 187632
	71  -  MemoryUsage of job (MB)
	72512  -  ResidentSetSize of job (KB)
...
006 (788879.000.000) 10/12 11:37:08 Image size of job updated: 230504
	71  -  MemoryUsage of job (MB)
	72512  -  ResidentSetSize of job (KB)
...
005 (788879.000.000) 10/12 11:37:08 Job terminated.
	(1) Normal termination (return value 0)
		Usr 0 00:01:52, Sys 0 00:00:01  -  Run Remote Usage
		Usr 0 00:00:00, Sys 0 00:00:00  -  Run Local Usage
		Usr 0 00:01:52, Sys 0 00:00:01  -  Total Remote Usage
		Usr 0 00:00:00, Sys 0 00:00:00  -  Total Local Usage
	585385  -  Run Bytes Sent By Job
	62702  -  Run Bytes Received By Job
	585385  -  Total Bytes Sent By Job
	62702  -  Total Bytes Received By Job
	Partitionable Resources :    Usage  Request          
	   Cpus                 :                 1          
	   Disk (KB)            :      658      658          
	   Memory (MB)          :       71       71          
...
