000 (554259.000.000) 08/11 09:09:09 Job submitted from host: <18.12.1.74:48322>
...
001 (554259.000.000) 08/11 09:09:22 Job executing on host: <18.12.8.181:40584>
...
006 (554259.000.000) 08/11 09:09:30 Image size of job updated: 2
	3  -  MemoryUsage of job (MB)
	2348  -  ResidentSetSize of job (KB)
...
006 (554259.000.000) 08/11 09:11:25 Image size of job updated: 230708
	3  -  MemoryUsage of job (MB)
	2348  -  ResidentSetSize of job (KB)
...
005 (554259.000.000) 08/11 09:11:26 Job terminated.
	(1) Normal termination (return value 0)
		Usr 0 00:01:24, Sys 0 00:00:00  -  Run Remote Usage
		Usr 0 00:00:00, Sys 0 00:00:00  -  Run Local Usage
		Usr 0 00:01:24, Sys 0 00:00:00  -  Total Remote Usage
		Usr 0 00:00:00, Sys 0 00:00:00  -  Total Local Usage
	586015  -  Run Bytes Sent By Job
	62717  -  Run Bytes Received By Job
	586015  -  Total Bytes Sent By Job
	62717  -  Total Bytes Received By Job
	Partitionable Resources :    Usage  Request          
	   Cpus                 :                 1          
	   Disk (KB)            :      659      659          
	   Memory (MB)          :        3        3          
...
000 (557974.000.000) 08/13 13:34:20 Job submitted from host: <18.12.1.74:48322>
...
001 (557974.000.000) 08/13 13:53:09 Job executing on host: <18.12.9.57:41971>
...
006 (557974.000.000) 08/13 13:53:19 Image size of job updated: 2
	3  -  MemoryUsage of job (MB)
	2348  -  ResidentSetSize of job (KB)
...
006 (557974.000.000) 08/13 13:55:54 Image size of job updated: 230696
	3  -  MemoryUsage of job (MB)
	2348  -  ResidentSetSize of job (KB)
...
005 (557974.000.000) 08/13 13:55:54 Job terminated.
	(1) Normal termination (return value 0)
		Usr 0 00:01:40, Sys 0 00:00:02  -  Run Remote Usage
		Usr 0 00:00:00, Sys 0 00:00:00  -  Run Local Usage
		Usr 0 00:01:40, Sys 0 00:00:02  -  Total Remote Usage
		Usr 0 00:00:00, Sys 0 00:00:00  -  Total Local Usage
	585978  -  Run Bytes Sent By Job
	62720  -  Run Bytes Received By Job
	585978  -  Total Bytes Sent By Job
	62720  -  Total Bytes Received By Job
	Partitionable Resources :    Usage  Request          
	   Cpus                 :                 1          
	   Disk (KB)            :      659      659          
	   Memory (MB)          :        3        3          
...
000 (566265.000.000) 08/20 20:24:15 Job submitted from host: <18.12.1.74:48322>
...
001 (566265.000.000) 08/20 20:24:29 Job executing on host: <18.12.9.67:40730>
...
006 (566265.000.000) 08/20 20:24:39 Image size of job updated: 192472
	79  -  MemoryUsage of job (MB)
	80596  -  ResidentSetSize of job (KB)
...
006 (566265.000.000) 08/20 20:26:50 Image size of job updated: 238120
	79  -  MemoryUsage of job (MB)
	80596  -  ResidentSetSize of job (KB)
...
005 (566265.000.000) 08/20 20:33:30 Job terminated.
	(1) Normal termination (return value 0)
		Usr 0 00:01:30, Sys 0 00:00:01  -  Run Remote Usage
		Usr 0 00:00:00, Sys 0 00:00:00  -  Run Local Usage
		Usr 0 00:01:30, Sys 0 00:00:01  -  Total Remote Usage
		Usr 0 00:00:00, Sys 0 00:00:00  -  Total Local Usage
	586360  -  Run Bytes Sent By Job
	62732  -  Run Bytes Received By Job
	586360  -  Total Bytes Sent By Job
	62732  -  Total Bytes Received By Job
	Partitionable Resources :    Usage  Request          
	   Cpus                 :                 1          
	   Disk (KB)            :      659      659          
	   Memory (MB)          :       79       79          
...
000 (782813.000.000) 10/01 15:57:21 Job submitted from host: <18.12.1.74:47665>
...
001 (782813.000.000) 10/01 16:00:46 Job executing on host: <18.12.8.140:44453>
...
006 (782813.000.000) 10/01 16:00:54 Image size of job updated: 2
	3  -  MemoryUsage of job (MB)
	2372  -  ResidentSetSize of job (KB)
...
006 (782813.000.000) 10/01 16:05:54 Image size of job updated: 230568
	112  -  MemoryUsage of job (MB)
	114308  -  ResidentSetSize of job (KB)
...
006 (782813.000.000) 10/01 16:07:15 Image size of job updated: 230700
	112  -  MemoryUsage of job (MB)
	114308  -  ResidentSetSize of job (KB)
...
022 (782813.000.000) 10/01 16:07:15 Job disconnected, attempting to reconnect
    Socket between submit and execute hosts closed unexpectedly
    Trying to reconnect to slot12@t2bat0140.cmsaf.mit.edu <18.12.8.140:44453>
...
023 (782813.000.000) 10/01 16:07:19 Job reconnected to slot12@t2bat0140.cmsaf.mit.edu
    startd address: <18.12.8.140:44453>
    starter address: <18.12.8.140:44380>
...
022 (782813.000.000) 10/01 16:07:19 Job disconnected, attempting to reconnect
    Socket between submit and execute hosts closed unexpectedly
    Trying to reconnect to slot12@t2bat0140.cmsaf.mit.edu <18.12.8.140:44453>
...
023 (782813.000.000) 10/01 16:07:19 Job reconnected to slot12@t2bat0140.cmsaf.mit.edu
    startd address: <18.12.8.140:44453>
    starter address: <18.12.8.140:44380>
...
022 (782813.000.000) 10/01 16:07:19 Job disconnected, attempting to reconnect
    Socket between submit and execute hosts closed unexpectedly
    Trying to reconnect to slot12@t2bat0140.cmsaf.mit.edu <18.12.8.140:44453>
...
023 (782813.000.000) 10/01 16:07:19 Job reconnected to slot12@t2bat0140.cmsaf.mit.edu
    startd address: <18.12.8.140:44453>
    starter address: <18.12.8.140:44380>
...
022 (782813.000.000) 10/01 16:07:19 Job disconnected, attempting to reconnect
    Socket between submit and execute hosts closed unexpectedly
    Trying to reconnect to slot12@t2bat0140.cmsaf.mit.edu <18.12.8.140:44453>
...
023 (782813.000.000) 10/01 16:07:19 Job reconnected to slot12@t2bat0140.cmsaf.mit.edu
    startd address: <18.12.8.140:44453>
    starter address: <18.12.8.140:44380>
...
007 (782813.000.000) 10/01 16:07:20 Shadow exception!
	Error from slot12@t2bat0140.cmsaf.mit.edu: Repeated attempts to transfer output failed for unknown reasons
	0  -  Run Bytes Sent By Job
	62734  -  Run Bytes Received By Job
...
001 (782813.000.000) 10/01 16:07:38 Job executing on host: <18.12.6.26:48541>
...
022 (782813.000.000) 10/01 16:17:13 Job disconnected, attempting to reconnect
    Socket between submit and execute hosts closed unexpectedly
    Trying to reconnect to slot10@hibat0026.cmsaf.mit.edu <18.12.6.26:48541>
...
022 (782813.000.000) 10/01 16:30:18 Job disconnected, attempting to reconnect
    Local schedd and job shadow died, schedd now running again
    Trying to reconnect to slot10@hibat0026.cmsaf.mit.edu <18.12.6.26:48541>
...
024 (782813.000.000) 10/01 16:32:14 Job reconnection failed
    Job disconnected too long: JobLeaseDuration (1200 seconds) expired
    Can not reconnect to slot10@hibat0026.cmsaf.mit.edu, rescheduling job
...
001 (782813.000.000) 10/01 16:36:17 Job executing on host: <18.12.9.60:42847>
...
005 (782813.000.000) 10/01 16:56:59 Job terminated.
	(1) Normal termination (return value 0)
		Usr 0 00:01:31, Sys 0 00:00:01  -  Run Remote Usage
		Usr 0 00:00:00, Sys 0 00:00:00  -  Run Local Usage
		Usr 0 00:01:31, Sys 0 00:00:01  -  Total Remote Usage
		Usr 0 00:00:00, Sys 0 00:00:00  -  Total Local Usage
	586272  -  Run Bytes Sent By Job
	62734  -  Run Bytes Received By Job
	586272  -  Total Bytes Sent By Job
	125468  -  Total Bytes Received By Job
	Partitionable Resources :    Usage  Request          
	   Cpus                 :                 1          
	   Disk (KB)            :      750      750          
	   Memory (MB)          :      123      123          
...
000 (785971.000.000) 10/05 14:19:05 Job submitted from host: <18.12.1.74:45913>
...
001 (785971.000.000) 10/05 14:19:53 Job executing on host: <18.12.8.189:40000>
...
006 (785971.000.000) 10/05 14:20:02 Image size of job updated: 230572
	100  -  MemoryUsage of job (MB)
	101776  -  ResidentSetSize of job (KB)
...
006 (785971.000.000) 10/05 14:21:58 Image size of job updated: 230708
	100  -  MemoryUsage of job (MB)
	101776  -  ResidentSetSize of job (KB)
...
005 (785971.000.000) 10/05 14:21:58 Job terminated.
	(1) Normal termination (return value 0)
		Usr 0 00:01:28, Sys 0 00:00:01  -  Run Remote Usage
		Usr 0 00:00:00, Sys 0 00:00:00  -  Run Local Usage
		Usr 0 00:01:28, Sys 0 00:00:01  -  Total Remote Usage
		Usr 0 00:00:00, Sys 0 00:00:00  -  Total Local Usage
	586524  -  Run Bytes Sent By Job
	62732  -  Run Bytes Received By Job
	586524  -  Total Bytes Sent By Job
	62732  -  Total Bytes Received By Job
	Partitionable Resources :    Usage  Request          
	   Cpus                 :                 1          
	   Disk (KB)            :      659      659          
	   Memory (MB)          :      100      100          
...
000 (786337.000.000) 10/07 09:51:21 Job submitted from host: <18.12.1.74:45913>
...
001 (786337.000.000) 10/07 09:52:24 Job executing on host: <18.12.8.244:45621>
...
006 (786337.000.000) 10/07 09:52:33 Image size of job updated: 2
	3  -  MemoryUsage of job (MB)
	2364  -  ResidentSetSize of job (KB)
...
006 (786337.000.000) 10/07 09:55:17 Image size of job updated: 230704
	3  -  MemoryUsage of job (MB)
	2364  -  ResidentSetSize of job (KB)
...
005 (786337.000.000) 10/07 09:55:17 Job terminated.
	(1) Normal termination (return value 0)
		Usr 0 00:01:54, Sys 0 00:00:01  -  Run Remote Usage
		Usr 0 00:00:00, Sys 0 00:00:00  -  Run Local Usage
		Usr 0 00:01:54, Sys 0 00:00:01  -  Total Remote Usage
		Usr 0 00:00:00, Sys 0 00:00:00  -  Total Local Usage
	586314  -  Run Bytes Sent By Job
	62734  -  Run Bytes Received By Job
	586314  -  Total Bytes Sent By Job
	62734  -  Total Bytes Received By Job
	Partitionable Resources :    Usage  Request          
	   Cpus                 :                 1          
	   Disk (KB)            :      659      659          
	   Memory (MB)          :        3        3          
...
000 (786518.000.000) 10/07 11:12:52 Job submitted from host: <18.12.1.74:45913>
...
001 (786518.000.000) 10/07 11:18:55 Job executing on host: <18.12.8.254:42847>
...
006 (786518.000.000) 10/07 11:19:03 Image size of job updated: 2
	3  -  MemoryUsage of job (MB)
	2344  -  ResidentSetSize of job (KB)
...
006 (786518.000.000) 10/07 11:21:47 Image size of job updated: 230684
	3  -  MemoryUsage of job (MB)
	2344  -  ResidentSetSize of job (KB)
...
005 (786518.000.000) 10/07 11:21:47 Job terminated.
	(1) Normal termination (return value 0)
		Usr 0 00:01:56, Sys 0 00:00:01  -  Run Remote Usage
		Usr 0 00:00:00, Sys 0 00:00:00  -  Run Local Usage
		Usr 0 00:01:56, Sys 0 00:00:01  -  Total Remote Usage
		Usr 0 00:00:00, Sys 0 00:00:00  -  Total Local Usage
	585413  -  Run Bytes Sent By Job
	62746  -  Run Bytes Received By Job
	585413  -  Total Bytes Sent By Job
	62746  -  Total Bytes Received By Job
	Partitionable Resources :    Usage  Request          
	   Cpus                 :                 1          
	   Disk (KB)            :      658      658          
	   Memory (MB)          :        3        3          
...
000 (787445.000.000) 10/08 12:42:39 Job submitted from host: <18.12.1.74:45913>
...
001 (787445.000.000) 10/08 12:47:04 Job executing on host: <18.12.9.78:43066>
...
006 (787445.000.000) 10/08 12:47:13 Image size of job updated: 193840
	78  -  MemoryUsage of job (MB)
	79596  -  ResidentSetSize of job (KB)
...
006 (787445.000.000) 10/08 12:49:10 Image size of job updated: 230688
	78  -  MemoryUsage of job (MB)
	79596  -  ResidentSetSize of job (KB)
...
005 (787445.000.000) 10/08 12:49:10 Job terminated.
	(1) Normal termination (return value 0)
		Usr 0 00:01:26, Sys 0 00:00:01  -  Run Remote Usage
		Usr 0 00:00:00, Sys 0 00:00:00  -  Run Local Usage
		Usr 0 00:01:26, Sys 0 00:00:01  -  Total Remote Usage
		Usr 0 00:00:00, Sys 0 00:00:00  -  Total Local Usage
	585255  -  Run Bytes Sent By Job
	62749  -  Run Bytes Received By Job
	585255  -  Total Bytes Sent By Job
	62749  -  Total Bytes Received By Job
	Partitionable Resources :    Usage  Request          
	   Cpus                 :                 1          
	   Disk (KB)            :      658      658          
	   Memory (MB)          :       78       78          
...
000 (787627.000.000) 10/08 14:27:10 Job submitted from host: <18.12.1.74:45913>
...
001 (787627.000.000) 10/08 14:39:33 Job executing on host: <18.12.9.38:45694>
...
006 (787627.000.000) 10/08 14:39:42 Image size of job updated: 193708
	78  -  MemoryUsage of job (MB)
	79588  -  ResidentSetSize of job (KB)
...
006 (787627.000.000) 10/08 14:44:43 Image size of job updated: 230552
	112  -  MemoryUsage of job (MB)
	113780  -  ResidentSetSize of job (KB)
...
006 (787627.000.000) 10/08 14:47:19 Image size of job updated: 230684
	112  -  MemoryUsage of job (MB)
	113780  -  ResidentSetSize of job (KB)
...
005 (787627.000.000) 10/08 14:47:19 Job terminated.
	(1) Normal termination (return value 0)
		Usr 0 00:01:41, Sys 0 00:00:02  -  Run Remote Usage
		Usr 0 00:00:00, Sys 0 00:00:00  -  Run Local Usage
		Usr 0 00:01:41, Sys 0 00:00:02  -  Total Remote Usage
		Usr 0 00:00:00, Sys 0 00:00:00  -  Total Local Usage
	585740  -  Run Bytes Sent By Job
	62691  -  Run Bytes Received By Job
	585740  -  Total Bytes Sent By Job
	62691  -  Total Bytes Received By Job
	Partitionable Resources :    Usage  Request          
	   Cpus                 :                 1          
	   Disk (KB)            :      658      658          
	   Memory (MB)          :      112      112          
...
000 (787810.000.000) 10/08 15:16:31 Job submitted from host: <18.12.1.74:45913>
...
001 (787810.000.000) 10/08 15:21:09 Job executing on host: <18.12.9.81:48833>
...
006 (787810.000.000) 10/08 15:21:17 Image size of job updated: 230556
	97  -  MemoryUsage of job (MB)
	98316  -  ResidentSetSize of job (KB)
...
006 (787810.000.000) 10/08 15:23:34 Image size of job updated: 230688
	97  -  MemoryUsage of job (MB)
	98316  -  ResidentSetSize of job (KB)
...
005 (787810.000.000) 10/08 15:23:34 Job terminated.
	(1) Normal termination (return value 0)
		Usr 0 00:01:35, Sys 0 00:00:01  -  Run Remote Usage
		Usr 0 00:00:00, Sys 0 00:00:00  -  Run Local Usage
		Usr 0 00:01:35, Sys 0 00:00:01  -  Total Remote Usage
		Usr 0 00:00:00, Sys 0 00:00:00  -  Total Local Usage
	585458  -  Run Bytes Sent By Job
	62696  -  Run Bytes Received By Job
	585458  -  Total Bytes Sent By Job
	62696  -  Total Bytes Received By Job
	Partitionable Resources :    Usage  Request          
	   Cpus                 :                 1          
	   Disk (KB)            :      658      658          
	   Memory (MB)          :       97       97          
...
000 (788720.000.000) 10/12 10:42:33 Job submitted from host: <18.12.1.74:45913>
...
001 (788720.000.000) 10/12 10:53:07 Job executing on host: <18.12.9.15:49198>
...
006 (788720.000.000) 10/12 10:53:16 Image size of job updated: 2
	3  -  MemoryUsage of job (MB)
	2352  -  ResidentSetSize of job (KB)
...
006 (788720.000.000) 10/12 10:55:37 Image size of job updated: 230684
	3  -  MemoryUsage of job (MB)
	2352  -  ResidentSetSize of job (KB)
...
005 (788720.000.000) 10/12 10:55:37 Job terminated.
	(1) Normal termination (return value 0)
		Usr 0 00:01:57, Sys 0 00:00:01  -  Run Remote Usage
		Usr 0 00:00:00, Sys 0 00:00:00  -  Run Local Usage
		Usr 0 00:01:57, Sys 0 00:00:01  -  Total Remote Usage
		Usr 0 00:00:00, Sys 0 00:00:00  -  Total Local Usage
	585215  -  Run Bytes Sent By Job
	62704  -  Run Bytes Received By Job
	585215  -  Total Bytes Sent By Job
	62704  -  Total Bytes Received By Job
	Partitionable Resources :    Usage  Request          
	   Cpus                 :                 1          
	   Disk (KB)            :      658      658          
	   Memory (MB)          :        3        3          
...
