
----------------------------------------------------
Job started on Mon Oct 12 10:47:14 EDT 2015 at WN: t2bat0032.cmsaf.mit.edu 
Job is running on Linux t2bat0032.cmsaf.mit.edu 2.6.32-358.el6.x86_64 #1 SMP Fri Feb 22 20:37:17 CST 2013 x86_64 x86_64 x86_64 GNU/Linux
Filesystem            Size  Used Avail Use% Mounted on
/dev/sda3              20G  3.0G   16G  16% /
tmpfs                 7.8G     0  7.8G   0% /dev/shm
/dev/sda1              97M   33M   60M  36% /boot
/dev/sda4             415G   83G  333G  20% /export/data1
/dev/sdb1             1.8T  1.5T  373G  80% /export/00b
/dev/sdc1             1.8T  1.5T  390G  79% /export/00c
/dev/sdd1             1.8T  1.5T  387G  79% /export/00d
/dev/sde1             1.8T  1.5T  377G  80% /export/00e
/dev/sdf1             1.8T  1.5T  394G  79% /export/00f
fuse_dfs              5.0P  4.0P  1.1P  80% /mnt/hadoop
cvmfs2                 98G   81G   18G  83% /cvmfs/cms.cern.ch
t2srv0004:/export/db  135G  187M  135G   1% /net/t2srv0004/db
gcc (GCC) 4.4.7 20120313 (Red Hat 4.4.7-3)
Copyright (C) 2010 Free Software Foundation, Inc.
This is free software; see the source for copying conditions.  There is NO
warranty; not even for MERCHANTABILITY or FITNESS FOR A PARTICULAR PURPOSE.

Processing...
0/177666
10000/177666
20000/177666
30000/177666
40000/177666
50000/177666
60000/177666
70000/177666
80000/177666
90000/177666
100000/177666
110000/177666
120000/177666
130000/177666
140000/177666
150000/177666
160000/177666
170000/177666
Macro finished: 
CPU time (min)  = 2.617
Real time (min) = 4.66095
total 1.7M
-rw-r--r--  1 obaron obaron 108K Oct 12 10:08 jetRAA_PbPb_data_forest.txt
-rw-r--r--  1 obaron obaron  94K Oct 12 10:08 jetRAA_PbPb_data_akPu4_select.txt
-rw-r--r--  1 obaron obaron  94K Oct 12 10:08 jetRAA_PbPb_data_akPu3_select.txt
-rw-r--r--  1 obaron obaron  94K Oct 12 10:08 jetRAA_PbPb_data_akPu2_select.txt
-rw-r--r--  1 obaron obaron  70K Oct 12 10:40 RAA_read_data_pbpb.C
-rw-r--r--  1 obaron obaron  11K Oct 12 10:40 RAA_read_data_pbpb_C.d
-rwxr-xr-x  1 obaron obaron 101K Oct 12 10:40 RAA_read_data_pbpb_C.so
-rw-rw-r--  1 obaron obaron  61K Oct 12 10:47 jetRAA_run_PbPb_Data.tar
-rwxr-xr-x  1 obaron obaron 1.2K Oct 12 10:47 condor_exec.exe
drwxr-xr-x 10 condor root   4.0K Oct 12 10:47 ..
-rw-r--r--  1 condor condor  20K Oct 12 10:47 .job.ad
-rw-r--r--  1 condor condor 5.4K Oct 12 10:47 .machine.ad
-rwx------  1 obaron obaron   49 Oct 12 10:47 .chirp.config
-rw-r--r--  1 obaron obaron    0 Oct 12 10:47 _condor_stderr
drwx------  2 obaron obaron 4.0K Oct 12 10:47 .
-rw-r--r--  1 obaron obaron 1.6K Oct 12 10:51 _condor_stdout
-rw-r--r--  1 obaron obaron 981K Oct 12 10:51 PbPb_Data_histograms_FromForest_pileupCutFIX_ZDCmCut_30GeVcut_akPu3_20_eta_20_310.root
Done!
Copied output files to hadoop rootfiles/JetRAA/June29
