000 (554356.000.000) 08/11 09:09:23 Job submitted from host: <18.12.1.74:48322>
...
001 (554356.000.000) 08/11 09:09:57 Job executing on host: <18.12.9.25:42336>
...
006 (554356.000.000) 08/11 09:10:05 Image size of job updated: 187632
	71  -  MemoryUsage of job (MB)
	72584  -  ResidentSetSize of job (KB)
...
006 (554356.000.000) 08/11 09:10:27 Image size of job updated: 230024
	71  -  MemoryUsage of job (MB)
	72584  -  ResidentSetSize of job (KB)
...
005 (554356.000.000) 08/11 09:10:27 Job terminated.
	(1) Normal termination (return value 0)
		Usr 0 00:00:08, Sys 0 00:00:00  -  Run Remote Usage
		Usr 0 00:00:00, Sys 0 00:00:00  -  Run Local Usage
		Usr 0 00:00:08, Sys 0 00:00:00  -  Total Remote Usage
		Usr 0 00:00:00, Sys 0 00:00:00  -  Total Local Usage
	586212  -  Run Bytes Sent By Job
	62717  -  Run Bytes Received By Job
	586212  -  Total Bytes Sent By Job
	62717  -  Total Bytes Received By Job
	Partitionable Resources :    Usage  Request          
	   Cpus                 :                 1          
	   Disk (KB)            :      659      659          
	   Memory (MB)          :       71       71          
...
000 (558071.000.000) 08/13 13:34:30 Job submitted from host: <18.12.1.74:48322>
...
001 (558071.000.000) 08/13 14:10:30 Job executing on host: <18.12.9.67:40730>
...
006 (558071.000.000) 08/13 14:10:39 Image size of job updated: 230028
	94  -  MemoryUsage of job (MB)
	96076  -  ResidentSetSize of job (KB)
...
005 (558071.000.000) 08/13 14:11:00 Job terminated.
	(1) Normal termination (return value 0)
		Usr 0 00:00:11, Sys 0 00:00:00  -  Run Remote Usage
		Usr 0 00:00:00, Sys 0 00:00:00  -  Run Local Usage
		Usr 0 00:00:11, Sys 0 00:00:00  -  Total Remote Usage
		Usr 0 00:00:00, Sys 0 00:00:00  -  Total Local Usage
	586073  -  Run Bytes Sent By Job
	62720  -  Run Bytes Received By Job
	586073  -  Total Bytes Sent By Job
	62720  -  Total Bytes Received By Job
	Partitionable Resources :    Usage  Request          
	   Cpus                 :                 1          
	   Disk (KB)            :      659      659          
	   Memory (MB)          :       94       94          
...
000 (566362.000.000) 08/20 20:30:08 Job submitted from host: <18.12.1.74:48322>
...
001 (566362.000.000) 08/20 20:30:15 Job executing on host: <18.12.9.37:49636>
...
006 (566362.000.000) 08/20 20:30:23 Image size of job updated: 224932
	89  -  MemoryUsage of job (MB)
	91072  -  ResidentSetSize of job (KB)
...
006 (566362.000.000) 08/20 20:31:31 Image size of job updated: 230024
	89  -  MemoryUsage of job (MB)
	91072  -  ResidentSetSize of job (KB)
...
005 (566362.000.000) 08/20 20:37:56 Job terminated.
	(1) Normal termination (return value 0)
		Usr 0 00:00:14, Sys 0 00:00:00  -  Run Remote Usage
		Usr 0 00:00:00, Sys 0 00:00:00  -  Run Local Usage
		Usr 0 00:00:14, Sys 0 00:00:00  -  Total Remote Usage
		Usr 0 00:00:00, Sys 0 00:00:00  -  Total Local Usage
	586407  -  Run Bytes Sent By Job
	62732  -  Run Bytes Received By Job
	586407  -  Total Bytes Sent By Job
	62732  -  Total Bytes Received By Job
	Partitionable Resources :    Usage  Request          
	   Cpus                 :                 1          
	   Disk (KB)            :      659      659          
	   Memory (MB)          :       89       89          
...
