000 (556397.000.000) 08/12 14:10:53 Job submitted from host: <18.12.1.74:48322>
...
001 (556397.000.000) 08/12 14:35:55 Job executing on host: <18.12.8.13:49782>
...
006 (556397.000.000) 08/12 14:36:04 Image size of job updated: 2
	3  -  MemoryUsage of job (MB)
	2352  -  ResidentSetSize of job (KB)
...
006 (556397.000.000) 08/12 14:41:05 Image size of job updated: 230584
	100  -  MemoryUsage of job (MB)
	101728  -  ResidentSetSize of job (KB)
...
006 (556397.000.000) 08/12 14:56:07 Image size of job updated: 230584
	104  -  MemoryUsage of job (MB)
	106400  -  ResidentSetSize of job (KB)
...
005 (556397.000.000) 08/12 15:04:43 Job terminated.
	(1) Normal termination (return value 0)
		Usr 0 00:01:52, Sys 0 00:00:04  -  Run Remote Usage
		Usr 0 00:00:00, Sys 0 00:00:00  -  Run Local Usage
		Usr 0 00:01:52, Sys 0 00:00:04  -  Total Remote Usage
		Usr 0 00:00:00, Sys 0 00:00:00  -  Total Local Usage
	586571  -  Run Bytes Sent By Job
	62715  -  Run Bytes Received By Job
	586571  -  Total Bytes Sent By Job
	62715  -  Total Bytes Received By Job
	Partitionable Resources :    Usage  Request          
	   Cpus                 :                 1          
	   Disk (KB)            :      659      659          
	   Memory (MB)          :      104      104          
...
000 (557657.000.000) 08/13 11:57:28 Job submitted from host: <18.12.1.74:48322>
...
001 (557657.000.000) 08/13 12:29:13 Job executing on host: <18.12.9.40:47592>
...
006 (557657.000.000) 08/13 12:29:22 Image size of job updated: 230320
	96  -  MemoryUsage of job (MB)
	98072  -  ResidentSetSize of job (KB)
...
006 (557657.000.000) 08/13 12:34:23 Image size of job updated: 230588
	104  -  MemoryUsage of job (MB)
	105624  -  ResidentSetSize of job (KB)
...
006 (557657.000.000) 08/13 12:44:24 Image size of job updated: 230588
	114  -  MemoryUsage of job (MB)
	116568  -  ResidentSetSize of job (KB)
...
005 (557657.000.000) 08/13 12:44:57 Job terminated.
	(1) Normal termination (return value 0)
		Usr 0 00:01:46, Sys 0 00:00:03  -  Run Remote Usage
		Usr 0 00:00:00, Sys 0 00:00:00  -  Run Local Usage
		Usr 0 00:01:46, Sys 0 00:00:03  -  Total Remote Usage
		Usr 0 00:00:00, Sys 0 00:00:00  -  Total Local Usage
	586568  -  Run Bytes Sent By Job
	62715  -  Run Bytes Received By Job
	586568  -  Total Bytes Sent By Job
	62715  -  Total Bytes Received By Job
	Partitionable Resources :    Usage  Request          
	   Cpus                 :                 1          
	   Disk (KB)            :      659      659          
	   Memory (MB)          :      114      114          
...
000 (558173.000.000) 08/13 14:31:11 Job submitted from host: <18.12.1.74:48322>
...
001 (558173.000.000) 08/13 15:01:03 Job executing on host: <18.12.9.47:41168>
...
006 (558173.000.000) 08/13 15:01:12 Image size of job updated: 2
	3  -  MemoryUsage of job (MB)
	2352  -  ResidentSetSize of job (KB)
...
006 (558173.000.000) 08/13 15:03:42 Image size of job updated: 230588
	3  -  MemoryUsage of job (MB)
	2352  -  ResidentSetSize of job (KB)
...
005 (558173.000.000) 08/13 15:03:42 Job terminated.
	(1) Normal termination (return value 0)
		Usr 0 00:01:37, Sys 0 00:00:03  -  Run Remote Usage
		Usr 0 00:00:00, Sys 0 00:00:00  -  Run Local Usage
		Usr 0 00:01:37, Sys 0 00:00:03  -  Total Remote Usage
		Usr 0 00:00:00, Sys 0 00:00:00  -  Total Local Usage
	586075  -  Run Bytes Sent By Job
	62714  -  Run Bytes Received By Job
	586075  -  Total Bytes Sent By Job
	62714  -  Total Bytes Received By Job
	Partitionable Resources :    Usage  Request          
	   Cpus                 :                 1          
	   Disk (KB)            :      659      659          
	   Memory (MB)          :        3        3          
...
000 (565510.000.000) 08/20 12:51:49 Job submitted from host: <18.12.1.74:48322>
...
001 (565510.000.000) 08/20 12:52:11 Job executing on host: <18.12.9.68:45548>
...
006 (565510.000.000) 08/20 12:52:20 Image size of job updated: 230456
	96  -  MemoryUsage of job (MB)
	98104  -  ResidentSetSize of job (KB)
...
006 (565510.000.000) 08/20 12:56:24 Image size of job updated: 230588
	96  -  MemoryUsage of job (MB)
	98104  -  ResidentSetSize of job (KB)
...
005 (565510.000.000) 08/20 13:04:53 Job terminated.
	(1) Normal termination (return value 0)
		Usr 0 00:01:32, Sys 0 00:00:02  -  Run Remote Usage
		Usr 0 00:00:00, Sys 0 00:00:00  -  Run Local Usage
		Usr 0 00:01:32, Sys 0 00:00:02  -  Total Remote Usage
		Usr 0 00:00:00, Sys 0 00:00:00  -  Total Local Usage
	586202  -  Run Bytes Sent By Job
	62731  -  Run Bytes Received By Job
	586202  -  Total Bytes Sent By Job
	62731  -  Total Bytes Received By Job
	Partitionable Resources :    Usage  Request          
	   Cpus                 :                 1          
	   Disk (KB)            :      659      659          
	   Memory (MB)          :       96       96          
...
