000 (556026.000.000) 08/12 11:33:37 Job submitted from host: <18.12.1.74:48322>
...
001 (556026.000.000) 08/12 11:44:33 Job executing on host: <18.12.8.152:47811>
...
006 (556026.000.000) 08/12 11:44:42 Image size of job updated: 2
	3  -  MemoryUsage of job (MB)
	2356  -  ResidentSetSize of job (KB)
...
006 (556026.000.000) 08/12 11:45:45 Image size of job updated: 230080
	3  -  MemoryUsage of job (MB)
	2356  -  ResidentSetSize of job (KB)
...
005 (556026.000.000) 08/12 11:45:46 Job terminated.
	(1) Normal termination (return value 0)
		Usr 0 00:00:29, Sys 0 00:00:01  -  Run Remote Usage
		Usr 0 00:00:00, Sys 0 00:00:00  -  Run Local Usage
		Usr 0 00:00:29, Sys 0 00:00:01  -  Total Remote Usage
		Usr 0 00:00:00, Sys 0 00:00:00  -  Total Local Usage
	586052  -  Run Bytes Sent By Job
	62715  -  Run Bytes Received By Job
	586052  -  Total Bytes Sent By Job
	62715  -  Total Bytes Received By Job
	Partitionable Resources :    Usage  Request          
	   Cpus                 :                 1          
	   Disk (KB)            :      659      659          
	   Memory (MB)          :        3        3          
...
000 (566395.000.000) 08/20 21:01:07 Job submitted from host: <18.12.1.74:48322>
...
001 (566395.000.000) 08/20 21:01:14 Job executing on host: <18.12.9.36:47227>
...
006 (566395.000.000) 08/20 21:01:23 Image size of job updated: 2
	3  -  MemoryUsage of job (MB)
	2340  -  ResidentSetSize of job (KB)
...
006 (566395.000.000) 08/20 21:03:56 Image size of job updated: 230076
	3  -  MemoryUsage of job (MB)
	2340  -  ResidentSetSize of job (KB)
...
022 (566395.000.000) 08/20 21:03:57 Job disconnected, attempting to reconnect
    Socket between submit and execute hosts closed unexpectedly
    Trying to reconnect to slot8@t2bat0292.cmsaf.mit.edu <18.12.9.36:47227>
...
023 (566395.000.000) 08/20 21:03:57 Job reconnected to slot8@t2bat0292.cmsaf.mit.edu
    startd address: <18.12.9.36:47227>
    starter address: <18.12.9.36:48687>
...
022 (566395.000.000) 08/20 21:03:57 Job disconnected, attempting to reconnect
    Socket between submit and execute hosts closed unexpectedly
    Trying to reconnect to slot8@t2bat0292.cmsaf.mit.edu <18.12.9.36:47227>
...
023 (566395.000.000) 08/20 21:03:57 Job reconnected to slot8@t2bat0292.cmsaf.mit.edu
    startd address: <18.12.9.36:47227>
    starter address: <18.12.9.36:48687>
...
022 (566395.000.000) 08/20 21:03:57 Job disconnected, attempting to reconnect
    Socket between submit and execute hosts closed unexpectedly
    Trying to reconnect to slot8@t2bat0292.cmsaf.mit.edu <18.12.9.36:47227>
...
023 (566395.000.000) 08/20 21:03:58 Job reconnected to slot8@t2bat0292.cmsaf.mit.edu
    startd address: <18.12.9.36:47227>
    starter address: <18.12.9.36:48687>
...
005 (566395.000.000) 08/20 21:10:23 Job terminated.
	(1) Normal termination (return value 0)
		Usr 0 00:00:33, Sys 0 00:00:01  -  Run Remote Usage
		Usr 0 00:00:00, Sys 0 00:00:00  -  Run Local Usage
		Usr 0 00:00:33, Sys 0 00:00:01  -  Total Remote Usage
		Usr 0 00:00:00, Sys 0 00:00:00  -  Total Local Usage
	586297  -  Run Bytes Sent By Job
	62731  -  Run Bytes Received By Job
	586297  -  Total Bytes Sent By Job
	62731  -  Total Bytes Received By Job
	Partitionable Resources :    Usage  Request          
	   Cpus                 :                 1          
	   Disk (KB)            :      659      659          
	   Memory (MB)          :        3        3          
...
000 (782400.000.000) 10/01 13:04:22 Job submitted from host: <18.12.1.74:47665>
...
001 (782400.000.000) 10/01 13:12:11 Job executing on host: <18.12.6.32:43577>
...
006 (782400.000.000) 10/01 13:12:19 Image size of job updated: 228572
	91  -  MemoryUsage of job (MB)
	93032  -  ResidentSetSize of job (KB)
...
006 (782400.000.000) 10/01 13:13:44 Image size of job updated: 230020
	91  -  MemoryUsage of job (MB)
	93032  -  ResidentSetSize of job (KB)
...
005 (782400.000.000) 10/01 13:13:44 Job terminated.
	(1) Normal termination (return value 0)
		Usr 0 00:00:24, Sys 0 00:00:00  -  Run Remote Usage
		Usr 0 00:00:00, Sys 0 00:00:00  -  Run Local Usage
		Usr 0 00:00:24, Sys 0 00:00:00  -  Total Remote Usage
		Usr 0 00:00:00, Sys 0 00:00:00  -  Total Local Usage
	585887  -  Run Bytes Sent By Job
	62730  -  Run Bytes Received By Job
	585887  -  Total Bytes Sent By Job
	62730  -  Total Bytes Received By Job
	Partitionable Resources :    Usage  Request          
	   Cpus                 :                 1          
	   Disk (KB)            :      658      658          
	   Memory (MB)          :       91       91          
...
000 (782581.000.000) 10/01 14:30:47 Job submitted from host: <18.12.1.74:47665>
...
001 (782581.000.000) 10/01 14:31:41 Job executing on host: <18.12.8.78:49563>
...
006 (782581.000.000) 10/01 14:31:49 Image size of job updated: 2
	3  -  MemoryUsage of job (MB)
	2340  -  ResidentSetSize of job (KB)
...
006 (782581.000.000) 10/01 14:34:32 Image size of job updated: 227196
	3  -  MemoryUsage of job (MB)
	2340  -  ResidentSetSize of job (KB)
...
005 (782581.000.000) 10/01 14:37:11 Job terminated.
	(1) Normal termination (return value 0)
		Usr 0 00:00:13, Sys 0 00:00:00  -  Run Remote Usage
		Usr 0 00:00:00, Sys 0 00:00:00  -  Run Local Usage
		Usr 0 00:00:13, Sys 0 00:00:00  -  Total Remote Usage
		Usr 0 00:00:00, Sys 0 00:00:00  -  Total Local Usage
	1809349  -  Run Bytes Sent By Job
	62736  -  Run Bytes Received By Job
	1809349  -  Total Bytes Sent By Job
	62736  -  Total Bytes Received By Job
	Partitionable Resources :    Usage  Request          
	   Cpus                 :                 1          
	   Disk (KB)            :     1853     1853          
	   Memory (MB)          :        3        3          
...
000 (788122.000.000) 10/09 09:23:36 Job submitted from host: <18.12.1.74:45913>
...
001 (788122.000.000) 10/09 09:24:06 Job executing on host: <18.12.8.150:43577>
...
006 (788122.000.000) 10/09 09:24:15 Image size of job updated: 13384
	2  -  MemoryUsage of job (MB)
	1988  -  ResidentSetSize of job (KB)
...
006 (788122.000.000) 10/09 09:25:27 Image size of job updated: 230000
	2  -  MemoryUsage of job (MB)
	1988  -  ResidentSetSize of job (KB)
...
005 (788122.000.000) 10/09 09:25:27 Job terminated.
	(1) Normal termination (return value 0)
		Usr 0 00:00:32, Sys 0 00:00:00  -  Run Remote Usage
		Usr 0 00:00:00, Sys 0 00:00:00  -  Run Local Usage
		Usr 0 00:00:32, Sys 0 00:00:00  -  Total Remote Usage
		Usr 0 00:00:00, Sys 0 00:00:00  -  Total Local Usage
	585283  -  Run Bytes Sent By Job
	62698  -  Run Bytes Received By Job
	585283  -  Total Bytes Sent By Job
	62698  -  Total Bytes Received By Job
	Partitionable Resources :    Usage  Request          
	   Cpus                 :                 1          
	   Disk (KB)            :      658      658          
	   Memory (MB)          :        2        2          
...
000 (788487.000.000) 10/12 09:47:57 Job submitted from host: <18.12.1.74:45913>
...
001 (788487.000.000) 10/12 09:58:25 Job executing on host: <18.12.6.8:47081>
...
006 (788487.000.000) 10/12 09:58:33 Image size of job updated: 2
	3  -  MemoryUsage of job (MB)
	2340  -  ResidentSetSize of job (KB)
...
006 (788487.000.000) 10/12 09:59:13 Image size of job updated: 230004
	3  -  MemoryUsage of job (MB)
	2340  -  ResidentSetSize of job (KB)
...
005 (788487.000.000) 10/12 09:59:14 Job terminated.
	(1) Normal termination (return value 0)
		Usr 0 00:00:27, Sys 0 00:00:00  -  Run Remote Usage
		Usr 0 00:00:00, Sys 0 00:00:00  -  Run Local Usage
		Usr 0 00:00:27, Sys 0 00:00:00  -  Total Remote Usage
		Usr 0 00:00:00, Sys 0 00:00:00  -  Total Local Usage
	584985  -  Run Bytes Sent By Job
	62703  -  Run Bytes Received By Job
	584985  -  Total Bytes Sent By Job
	62703  -  Total Bytes Received By Job
	Partitionable Resources :    Usage  Request          
	   Cpus                 :                 1          
	   Disk (KB)            :      658      658          
	   Memory (MB)          :        3        3          
...
