000 (554204.000.000) 08/11 09:09:02 Job submitted from host: <18.12.1.74:48322>
...
001 (554204.000.000) 08/11 09:09:13 Job executing on host: <18.12.8.140:42628>
...
006 (554204.000.000) 08/11 09:09:22 Image size of job updated: 2
	3  -  MemoryUsage of job (MB)
	2352  -  ResidentSetSize of job (KB)
...
006 (554204.000.000) 08/11 09:10:16 Image size of job updated: 230044
	3  -  MemoryUsage of job (MB)
	2352  -  ResidentSetSize of job (KB)
...
005 (554204.000.000) 08/11 09:10:16 Job terminated.
	(1) Normal termination (return value 0)
		Usr 0 00:00:31, Sys 0 00:00:00  -  Run Remote Usage
		Usr 0 00:00:00, Sys 0 00:00:00  -  Run Local Usage
		Usr 0 00:00:31, Sys 0 00:00:00  -  Total Remote Usage
		Usr 0 00:00:00, Sys 0 00:00:00  -  Total Local Usage
	585833  -  Run Bytes Sent By Job
	62717  -  Run Bytes Received By Job
	585833  -  Total Bytes Sent By Job
	62717  -  Total Bytes Received By Job
	Partitionable Resources :    Usage  Request          
	   Cpus                 :                 1          
	   Disk (KB)            :      658      658          
	   Memory (MB)          :        3        3          
...
000 (557919.000.000) 08/13 13:34:15 Job submitted from host: <18.12.1.74:48322>
...
001 (557919.000.000) 08/13 13:44:12 Job executing on host: <18.12.9.50:43066>
...
006 (557919.000.000) 08/13 13:44:20 Image size of job updated: 2
	3  -  MemoryUsage of job (MB)
	2352  -  ResidentSetSize of job (KB)
...
006 (557919.000.000) 08/13 13:46:09 Image size of job updated: 230044
	3  -  MemoryUsage of job (MB)
	2352  -  ResidentSetSize of job (KB)
...
005 (557919.000.000) 08/13 13:46:09 Job terminated.
	(1) Normal termination (return value 0)
		Usr 0 00:00:33, Sys 0 00:00:01  -  Run Remote Usage
		Usr 0 00:00:00, Sys 0 00:00:00  -  Run Local Usage
		Usr 0 00:00:33, Sys 0 00:00:01  -  Total Remote Usage
		Usr 0 00:00:00, Sys 0 00:00:00  -  Total Local Usage
	586119  -  Run Bytes Sent By Job
	62720  -  Run Bytes Received By Job
	586119  -  Total Bytes Sent By Job
	62720  -  Total Bytes Received By Job
	Partitionable Resources :    Usage  Request          
	   Cpus                 :                 1          
	   Disk (KB)            :      659      659          
	   Memory (MB)          :        3        3          
...
000 (566210.000.000) 08/20 20:20:09 Job submitted from host: <18.12.1.74:48322>
...
001 (566210.000.000) 08/20 20:21:06 Job executing on host: <18.12.8.12:45037>
...
006 (566210.000.000) 08/20 20:21:14 Image size of job updated: 230048
	95  -  MemoryUsage of job (MB)
	97128  -  ResidentSetSize of job (KB)
...
005 (566210.000.000) 08/20 20:30:28 Job terminated.
	(1) Normal termination (return value 0)
		Usr 0 00:00:38, Sys 0 00:00:01  -  Run Remote Usage
		Usr 0 00:00:00, Sys 0 00:00:00  -  Run Local Usage
		Usr 0 00:00:38, Sys 0 00:00:01  -  Total Remote Usage
		Usr 0 00:00:00, Sys 0 00:00:00  -  Total Local Usage
	586455  -  Run Bytes Sent By Job
	62732  -  Run Bytes Received By Job
	586455  -  Total Bytes Sent By Job
	62732  -  Total Bytes Received By Job
	Partitionable Resources :    Usage  Request          
	   Cpus                 :                 1          
	   Disk (KB)            :      659      659          
	   Memory (MB)          :       95       95          
...
