000 (556100.000.000) 08/12 11:33:44 Job submitted from host: <18.12.1.74:48322>
...
001 (556100.000.000) 08/12 11:58:18 Job executing on host: <18.12.8.78:47446>
...
006 (556100.000.000) 08/12 11:58:26 Image size of job updated: 2
	3  -  MemoryUsage of job (MB)
	2344  -  ResidentSetSize of job (KB)
...
006 (556100.000.000) 08/12 12:02:11 Image size of job updated: 230624
	3  -  MemoryUsage of job (MB)
	2344  -  ResidentSetSize of job (KB)
...
005 (556100.000.000) 08/12 12:02:11 Job terminated.
	(1) Normal termination (return value 0)
		Usr 0 00:02:02, Sys 0 00:00:05  -  Run Remote Usage
		Usr 0 00:00:00, Sys 0 00:00:00  -  Run Local Usage
		Usr 0 00:02:02, Sys 0 00:00:05  -  Total Remote Usage
		Usr 0 00:00:00, Sys 0 00:00:00  -  Total Local Usage
	586276  -  Run Bytes Sent By Job
	62715  -  Run Bytes Received By Job
	586276  -  Total Bytes Sent By Job
	62715  -  Total Bytes Received By Job
	Partitionable Resources :    Usage  Request          
	   Cpus                 :                 1          
	   Disk (KB)            :      659      659          
	   Memory (MB)          :        3        3          
...
000 (566469.000.000) 08/20 21:06:07 Job submitted from host: <18.12.1.74:48322>
...
007 (566469.000.000) 08/20 21:07:00 Shadow exception!
	Error from slot20@t2bat0314.cmsaf.mit.edu: Failed to transfer files
	0  -  Run Bytes Sent By Job
	0  -  Run Bytes Received By Job
...
007 (566469.000.000) 08/20 21:07:02 Shadow exception!
	Error from slot17@t2bat0194.cmsaf.mit.edu: Failed to transfer files
	0  -  Run Bytes Sent By Job
	0  -  Run Bytes Received By Job
...
007 (566469.000.000) 08/20 21:07:03 Shadow exception!
	Error from slot22@t2bat0327.cmsaf.mit.edu: Failed to transfer files
	0  -  Run Bytes Sent By Job
	0  -  Run Bytes Received By Job
...
001 (566469.000.000) 08/20 21:07:54 Job executing on host: <18.12.9.71:41606>
...
006 (566469.000.000) 08/20 21:08:05 Image size of job updated: 230492
	96  -  MemoryUsage of job (MB)
	98140  -  ResidentSetSize of job (KB)
...
006 (566469.000.000) 08/20 21:10:37 Image size of job updated: 230624
	96  -  MemoryUsage of job (MB)
	98140  -  ResidentSetSize of job (KB)
...
005 (566469.000.000) 08/20 21:16:55 Job terminated.
	(1) Normal termination (return value 0)
		Usr 0 00:01:34, Sys 0 00:00:01  -  Run Remote Usage
		Usr 0 00:00:00, Sys 0 00:00:00  -  Run Local Usage
		Usr 0 00:01:34, Sys 0 00:00:01  -  Total Remote Usage
		Usr 0 00:00:00, Sys 0 00:00:00  -  Total Local Usage
	586244  -  Run Bytes Sent By Job
	62731  -  Run Bytes Received By Job
	586244  -  Total Bytes Sent By Job
	62731  -  Total Bytes Received By Job
	Partitionable Resources :    Usage  Request          
	   Cpus                 :                 1          
	   Disk (KB)            :      659      659          
	   Memory (MB)          :       96       96          
...
