
----------------------------------------------------
Job started on Thu Aug 20 20:26:50 EDT 2015 at WN: t2bat0320.cmsaf.mit.edu 
Job is running on Linux t2bat0320.cmsaf.mit.edu 2.6.32-358.el6.x86_64 #1 SMP Fri Feb 22 20:37:17 CST 2013 x86_64 x86_64 x86_64 GNU/Linux
Filesystem            Size  Used Avail Use% Mounted on
/dev/sda3              20G  4.2G   15G  23% /
tmpfs                  32G     0   32G   0% /dev/shm
/dev/sda1              97M   32M   61M  35% /boot
/dev/sda4             416G   56G  360G  14% /export/data1
/dev/sdb1             3.6T  3.3T  343G  91% /export/00b
/dev/sdc1             3.6T  3.3T  350G  91% /export/00c
/dev/sdd1             3.6T  3.3T  353G  91% /export/00d
/dev/sde1             3.6T  3.3T  354G  91% /export/00e
/dev/sdk1             3.6T  3.3T  346G  91% /export/00f
/dev/sdf1             3.6T  3.3T  320G  92% /export/00g
/dev/sdg1             3.6T  3.3T  335G  91% /export/00h
/dev/sdh1             3.6T  3.3T  325G  92% /export/00i
/dev/sdi1             3.6T  3.3T  386G  90% /export/00j
/dev/sdj1             3.6T  3.3T  318G  92% /export/00k
/dev/sdl1             3.6T  3.3T  357G  91% /export/00l
fuse_dfs              4.9P  4.6P  323T  94% /mnt/hadoop
cvmfs2                 98G   25G   74G  26% /cvmfs/cms.cern.ch
t2srv0004:/export/db  135G  187M  135G   1% /net/t2srv0004/db
cvmfs2                 98G   25G   74G  26% /cvmfs/cvmfs.cmsaf.mit.edu
cvmfs2                 98G   25G   74G  26% /cvmfs/oasis.opensciencegrid.org
cvmfs2                 98G   25G   74G  26% /cvmfs/cdfcfs.fnal.gov
gcc (GCC) 4.4.7 20120313 (Red Hat 4.4.7-3)
Copyright (C) 2010 Free Software Foundation, Inc.
This is free software; see the source for copying conditions.  There is NO
warranty; not even for MERCHANTABILITY or FITNESS FOR A PARTICULAR PURPOSE.

Processing...
0/213545
10000/213545
20000/213545
30000/213545
40000/213545
50000/213545
60000/213545
70000/213545
80000/213545
90000/213545
100000/213545
110000/213545
120000/213545
130000/213545
140000/213545
150000/213545
160000/213545
170000/213545
180000/213545
190000/213545
200000/213545
210000/213545
Macro finished: 
CPU time (min)  = 1.91883
Real time (min) = 3.16472
total 1.8M
-rw-r--r--  1 obaron obaron  94K Aug 20 13:21 jetRAA_PbPb_data_akPu2_select.txt
-rw-r--r--  1 obaron obaron  94K Aug 20 13:21 jetRAA_PbPb_data_akPu4_select.txt
-rw-r--r--  1 obaron obaron 108K Aug 20 13:22 jetRAA_PbPb_data_forest.txt
-rw-r--r--  1 obaron obaron  94K Aug 20 13:22 jetRAA_PbPb_data_akPu3_select.txt
-rw-r--r--  1 obaron obaron  70K Aug 20 20:03 RAA_read_data_pbpb.C
-rw-r--r--  1 obaron obaron  11K Aug 20 20:04 RAA_read_data_pbpb_C.d
-rwxr-xr-x  1 obaron obaron 101K Aug 20 20:05 RAA_read_data_pbpb_C.so
-rw-rw-r--  1 obaron obaron  61K Aug 20 20:26 jetRAA_run_PbPb_Data.tar
-rwxr-xr-x  1 obaron obaron 1.2K Aug 20 20:26 condor_exec.exe
-rw-r--r--  1 condor condor 5.6K Aug 20 20:26 .machine.ad
-rw-r--r--  1 condor condor  20K Aug 20 20:26 .job.ad
-rwx------  1 obaron obaron   49 Aug 20 20:26 .chirp.config
drwx------  2 obaron obaron 4.0K Aug 20 20:26 .
-rw-r--r--  1 obaron obaron  678 Aug 20 20:26 _condor_stderr
drwxr-xr-x 34 condor root   4.0K Aug 20 20:27 ..
-rw-r--r--  1 obaron obaron 2.2K Aug 20 20:30 _condor_stdout
-rw-r--r--  1 obaron obaron 1.1M Aug 20 20:30 PbPb_Data_histograms_FromForest_pileupCutFIX_ZDCmCut_akPu3_20_eta_20_535.root
Done!
Copied output files to hadoop rootfiles/JetRAA/June29
