000 (556140.000.000) 08/12 11:33:48 Job submitted from host: <18.12.1.74:48322>
...
001 (556140.000.000) 08/12 12:02:09 Job executing on host: <18.12.8.255:47738>
...
006 (556140.000.000) 08/12 12:02:18 Image size of job updated: 117020
	18  -  MemoryUsage of job (MB)
	17568  -  ResidentSetSize of job (KB)
...
006 (556140.000.000) 08/12 12:07:19 Image size of job updated: 230700
	86  -  MemoryUsage of job (MB)
	87612  -  ResidentSetSize of job (KB)
...
006 (556140.000.000) 08/12 12:10:11 Image size of job updated: 238540
	86  -  MemoryUsage of job (MB)
	87612  -  ResidentSetSize of job (KB)
...
005 (556140.000.000) 08/12 12:10:11 Job terminated.
	(1) Normal termination (return value 0)
		Usr 0 00:01:57, Sys 0 00:00:02  -  Run Remote Usage
		Usr 0 00:00:00, Sys 0 00:00:00  -  Run Local Usage
		Usr 0 00:01:57, Sys 0 00:00:02  -  Total Remote Usage
		Usr 0 00:00:00, Sys 0 00:00:00  -  Total Local Usage
	586090  -  Run Bytes Sent By Job
	62715  -  Run Bytes Received By Job
	586090  -  Total Bytes Sent By Job
	62715  -  Total Bytes Received By Job
	Partitionable Resources :    Usage  Request          
	   Cpus                 :                 1          
	   Disk (KB)            :      659      659          
	   Memory (MB)          :       86       86          
...
000 (566509.000.000) 08/20 21:08:42 Job submitted from host: <18.12.1.74:48322>
...
001 (566509.000.000) 08/20 21:09:10 Job executing on host: <18.12.9.77:46279>
...
006 (566509.000.000) 08/20 21:09:19 Image size of job updated: 72344
	20  -  MemoryUsage of job (MB)
	20332  -  ResidentSetSize of job (KB)
...
006 (566509.000.000) 08/20 21:12:37 Image size of job updated: 230708
	20  -  MemoryUsage of job (MB)
	20332  -  ResidentSetSize of job (KB)
...
005 (566509.000.000) 08/20 21:19:13 Job terminated.
	(1) Normal termination (return value 0)
		Usr 0 00:01:58, Sys 0 00:00:02  -  Run Remote Usage
		Usr 0 00:00:00, Sys 0 00:00:00  -  Run Local Usage
		Usr 0 00:01:58, Sys 0 00:00:02  -  Total Remote Usage
		Usr 0 00:00:00, Sys 0 00:00:00  -  Total Local Usage
	586272  -  Run Bytes Sent By Job
	62731  -  Run Bytes Received By Job
	586272  -  Total Bytes Sent By Job
	62731  -  Total Bytes Received By Job
	Partitionable Resources :    Usage  Request          
	   Cpus                 :                 1          
	   Disk (KB)            :      659      659          
	   Memory (MB)          :       20       20          
...
000 (782514.000.000) 10/01 13:04:36 Job submitted from host: <18.12.1.74:47665>
...
001 (782514.000.000) 10/01 13:16:17 Job executing on host: <18.12.12.16:44234>
...
006 (782514.000.000) 10/01 13:16:27 Image size of job updated: 2
	3  -  MemoryUsage of job (MB)
	2340  -  ResidentSetSize of job (KB)
...
006 (782514.000.000) 10/01 13:20:52 Image size of job updated: 238544
	3  -  MemoryUsage of job (MB)
	2340  -  ResidentSetSize of job (KB)
...
005 (782514.000.000) 10/01 13:20:55 Job terminated.
	(1) Normal termination (return value 0)
		Usr 0 00:01:51, Sys 0 00:00:01  -  Run Remote Usage
		Usr 0 00:00:00, Sys 0 00:00:00  -  Run Local Usage
		Usr 0 00:01:51, Sys 0 00:00:01  -  Total Remote Usage
		Usr 0 00:00:00, Sys 0 00:00:00  -  Total Local Usage
	586216  -  Run Bytes Sent By Job
	62730  -  Run Bytes Received By Job
	586216  -  Total Bytes Sent By Job
	62730  -  Total Bytes Received By Job
	Partitionable Resources :    Usage  Request          
	   Cpus                 :                 1          
	   Disk (KB)            :      659      659          
	   Memory (MB)          :        3        3          
...
000 (782695.000.000) 10/01 14:32:18 Job submitted from host: <18.12.1.74:47665>
...
001 (782695.000.000) 10/01 14:34:13 Job executing on host: <18.12.8.24:46497>
...
006 (782695.000.000) 10/01 14:34:22 Image size of job updated: 2
	3  -  MemoryUsage of job (MB)
	2344  -  ResidentSetSize of job (KB)
...
006 (782695.000.000) 10/01 14:39:23 Image size of job updated: 227612
	101  -  MemoryUsage of job (MB)
	102892  -  ResidentSetSize of job (KB)
...
005 (782695.000.000) 10/01 14:44:26 Job terminated.
	(1) Normal termination (return value 0)
		Usr 0 00:01:37, Sys 0 00:00:05  -  Run Remote Usage
		Usr 0 00:00:00, Sys 0 00:00:00  -  Run Local Usage
		Usr 0 00:01:37, Sys 0 00:00:05  -  Total Remote Usage
		Usr 0 00:00:00, Sys 0 00:00:00  -  Total Local Usage
	5364816  -  Run Bytes Sent By Job
	62736  -  Run Bytes Received By Job
	5364816  -  Total Bytes Sent By Job
	62736  -  Total Bytes Received By Job
	Partitionable Resources :    Usage  Request          
	   Cpus                 :                 1          
	   Disk (KB)            :     5325     5325          
	   Memory (MB)          :      101      101          
...
000 (788236.000.000) 10/09 09:23:48 Job submitted from host: <18.12.1.74:45913>
...
001 (788236.000.000) 10/09 09:24:17 Job executing on host: <18.12.8.237:43650>
...
006 (788236.000.000) 10/09 09:24:26 Image size of job updated: 1196
	1  -  MemoryUsage of job (MB)
	156  -  ResidentSetSize of job (KB)
...
006 (788236.000.000) 10/09 09:28:22 Image size of job updated: 230684
	1  -  MemoryUsage of job (MB)
	156  -  ResidentSetSize of job (KB)
...
005 (788236.000.000) 10/09 09:28:22 Job terminated.
	(1) Normal termination (return value 0)
		Usr 0 00:02:11, Sys 0 00:00:02  -  Run Remote Usage
		Usr 0 00:00:00, Sys 0 00:00:00  -  Run Local Usage
		Usr 0 00:02:11, Sys 0 00:00:02  -  Total Remote Usage
		Usr 0 00:00:00, Sys 0 00:00:00  -  Total Local Usage
	585535  -  Run Bytes Sent By Job
	62698  -  Run Bytes Received By Job
	585535  -  Total Bytes Sent By Job
	62698  -  Total Bytes Received By Job
	Partitionable Resources :    Usage  Request          
	   Cpus                 :                 1          
	   Disk (KB)            :      658      658          
	   Memory (MB)          :        1        1          
...
000 (788601.000.000) 10/12 09:48:08 Job submitted from host: <18.12.1.74:45913>
...
001 (788601.000.000) 10/12 09:59:36 Job executing on host: <18.12.12.11:44964>
...
006 (788601.000.000) 10/12 09:59:45 Image size of job updated: 55008
	3  -  MemoryUsage of job (MB)
	2456  -  ResidentSetSize of job (KB)
...
006 (788601.000.000) 10/12 10:04:03 Image size of job updated: 230692
	3  -  MemoryUsage of job (MB)
	2456  -  ResidentSetSize of job (KB)
...
005 (788601.000.000) 10/12 10:04:03 Job terminated.
	(1) Normal termination (return value 0)
		Usr 0 00:02:25, Sys 0 00:00:05  -  Run Remote Usage
		Usr 0 00:00:00, Sys 0 00:00:00  -  Run Local Usage
		Usr 0 00:02:25, Sys 0 00:00:05  -  Total Remote Usage
		Usr 0 00:00:00, Sys 0 00:00:00  -  Total Local Usage
	585271  -  Run Bytes Sent By Job
	62703  -  Run Bytes Received By Job
	585271  -  Total Bytes Sent By Job
	62703  -  Total Bytes Received By Job
	Partitionable Resources :    Usage  Request          
	   Cpus                 :                 1          
	   Disk (KB)            :      658      658          
	   Memory (MB)          :        3        3          
...
