000 (556318.000.000) 08/12 14:10:44 Job submitted from host: <18.12.1.74:48322>
...
001 (556318.000.000) 08/12 14:18:18 Job executing on host: <18.12.6.84:45767>
...
006 (556318.000.000) 08/12 14:18:26 Image size of job updated: 145264
	29  -  MemoryUsage of job (MB)
	29352  -  ResidentSetSize of job (KB)
...
006 (556318.000.000) 08/12 14:21:20 Image size of job updated: 229968
	29  -  MemoryUsage of job (MB)
	29352  -  ResidentSetSize of job (KB)
...
005 (556318.000.000) 08/12 14:21:21 Job terminated.
	(1) Normal termination (return value 0)
		Usr 0 00:00:43, Sys 0 00:00:01  -  Run Remote Usage
		Usr 0 00:00:00, Sys 0 00:00:00  -  Run Local Usage
		Usr 0 00:00:43, Sys 0 00:00:01  -  Total Remote Usage
		Usr 0 00:00:00, Sys 0 00:00:00  -  Total Local Usage
	586175  -  Run Bytes Sent By Job
	62715  -  Run Bytes Received By Job
	586175  -  Total Bytes Sent By Job
	62715  -  Total Bytes Received By Job
	Partitionable Resources :    Usage  Request          
	   Cpus                 :                 1          
	   Disk (KB)            :      659      659          
	   Memory (MB)          :       29       29          
...
000 (557578.000.000) 08/13 11:57:20 Job submitted from host: <18.12.1.74:48322>
...
001 (557578.000.000) 08/13 12:07:52 Job executing on host: <18.12.9.80:43650>
...
006 (557578.000.000) 08/13 12:08:00 Image size of job updated: 2
	3  -  MemoryUsage of job (MB)
	2352  -  ResidentSetSize of job (KB)
...
006 (557578.000.000) 08/13 12:08:58 Image size of job updated: 229968
	3  -  MemoryUsage of job (MB)
	2352  -  ResidentSetSize of job (KB)
...
005 (557578.000.000) 08/13 12:08:58 Job terminated.
	(1) Normal termination (return value 0)
		Usr 0 00:00:31, Sys 0 00:00:01  -  Run Remote Usage
		Usr 0 00:00:00, Sys 0 00:00:00  -  Run Local Usage
		Usr 0 00:00:31, Sys 0 00:00:01  -  Total Remote Usage
		Usr 0 00:00:00, Sys 0 00:00:00  -  Total Local Usage
	585899  -  Run Bytes Sent By Job
	62715  -  Run Bytes Received By Job
	585899  -  Total Bytes Sent By Job
	62715  -  Total Bytes Received By Job
	Partitionable Resources :    Usage  Request          
	   Cpus                 :                 1          
	   Disk (KB)            :      659      659          
	   Memory (MB)          :        3        3          
...
000 (558094.000.000) 08/13 14:31:03 Job submitted from host: <18.12.1.74:48322>
...
001 (558094.000.000) 08/13 14:38:15 Job executing on host: <18.12.9.50:43066>
...
006 (558094.000.000) 08/13 14:38:24 Image size of job updated: 2
	3  -  MemoryUsage of job (MB)
	2352  -  ResidentSetSize of job (KB)
...
006 (558094.000.000) 08/13 14:39:16 Image size of job updated: 236216
	3  -  MemoryUsage of job (MB)
	2352  -  ResidentSetSize of job (KB)
...
005 (558094.000.000) 08/13 14:39:16 Job terminated.
	(1) Normal termination (return value 0)
		Usr 0 00:00:36, Sys 0 00:00:01  -  Run Remote Usage
		Usr 0 00:00:00, Sys 0 00:00:00  -  Run Local Usage
		Usr 0 00:00:36, Sys 0 00:00:01  -  Total Remote Usage
		Usr 0 00:00:00, Sys 0 00:00:00  -  Total Local Usage
	586117  -  Run Bytes Sent By Job
	62714  -  Run Bytes Received By Job
	586117  -  Total Bytes Sent By Job
	62714  -  Total Bytes Received By Job
	Partitionable Resources :    Usage  Request          
	   Cpus                 :                 1          
	   Disk (KB)            :      659      659          
	   Memory (MB)          :        3        3          
...
000 (565431.000.000) 08/20 12:35:33 Job submitted from host: <18.12.1.74:48322>
...
001 (565431.000.000) 08/20 12:37:42 Job executing on host: <18.12.9.81:48760>
...
006 (565431.000.000) 08/20 12:37:52 Image size of job updated: 2
	3  -  MemoryUsage of job (MB)
	2364  -  ResidentSetSize of job (KB)
...
006 (565431.000.000) 08/20 12:38:39 Image size of job updated: 229968
	3  -  MemoryUsage of job (MB)
	2364  -  ResidentSetSize of job (KB)
...
005 (565431.000.000) 08/20 12:46:55 Job terminated.
	(1) Normal termination (return value 0)
		Usr 0 00:00:34, Sys 0 00:00:00  -  Run Remote Usage
		Usr 0 00:00:00, Sys 0 00:00:00  -  Run Local Usage
		Usr 0 00:00:34, Sys 0 00:00:00  -  Total Remote Usage
		Usr 0 00:00:00, Sys 0 00:00:00  -  Total Local Usage
	586172  -  Run Bytes Sent By Job
	62731  -  Run Bytes Received By Job
	586172  -  Total Bytes Sent By Job
	62731  -  Total Bytes Received By Job
	Partitionable Resources :    Usage  Request          
	   Cpus                 :                 1          
	   Disk (KB)            :      659      659          
	   Memory (MB)          :        3        3          
...
