000 (556481.000.000) 08/12 14:11:01 Job submitted from host: <18.12.1.74:48322>
...
001 (556481.000.000) 08/12 14:51:54 Job executing on host: <18.12.6.93:48103>
...
006 (556481.000.000) 08/12 14:52:03 Image size of job updated: 2
	3  -  MemoryUsage of job (MB)
	2344  -  ResidentSetSize of job (KB)
...
006 (556481.000.000) 08/12 14:57:04 Image size of job updated: 230408
	99  -  MemoryUsage of job (MB)
	100512  -  ResidentSetSize of job (KB)
...
006 (556481.000.000) 08/12 15:07:04 Image size of job updated: 230408
	101  -  MemoryUsage of job (MB)
	102496  -  ResidentSetSize of job (KB)
...
005 (556481.000.000) 08/12 15:07:51 Job terminated.
	(1) Normal termination (return value 0)
		Usr 0 00:01:42, Sys 0 00:00:02  -  Run Remote Usage
		Usr 0 00:00:00, Sys 0 00:00:00  -  Run Local Usage
		Usr 0 00:01:42, Sys 0 00:00:02  -  Total Remote Usage
		Usr 0 00:00:00, Sys 0 00:00:00  -  Total Local Usage
	586303  -  Run Bytes Sent By Job
	62715  -  Run Bytes Received By Job
	586303  -  Total Bytes Sent By Job
	62715  -  Total Bytes Received By Job
	Partitionable Resources :    Usage  Request          
	   Cpus                 :                 1          
	   Disk (KB)            :      659      659          
	   Memory (MB)          :      101      101          
...
000 (557741.000.000) 08/13 11:57:37 Job submitted from host: <18.12.1.74:48322>
...
001 (557741.000.000) 08/13 12:48:02 Job executing on host: <18.12.8.12:45037>
...
006 (557741.000.000) 08/13 12:48:11 Image size of job updated: 193760
	78  -  MemoryUsage of job (MB)
	79576  -  ResidentSetSize of job (KB)
...
006 (557741.000.000) 08/13 12:53:12 Image size of job updated: 230408
	106  -  MemoryUsage of job (MB)
	108028  -  ResidentSetSize of job (KB)
...
005 (557741.000.000) 08/13 12:57:27 Job terminated.
	(1) Normal termination (return value 0)
		Usr 0 00:01:21, Sys 0 00:00:02  -  Run Remote Usage
		Usr 0 00:00:00, Sys 0 00:00:00  -  Run Local Usage
		Usr 0 00:01:21, Sys 0 00:00:02  -  Total Remote Usage
		Usr 0 00:00:00, Sys 0 00:00:00  -  Total Local Usage
	586529  -  Run Bytes Sent By Job
	62715  -  Run Bytes Received By Job
	586529  -  Total Bytes Sent By Job
	62715  -  Total Bytes Received By Job
	Partitionable Resources :    Usage  Request          
	   Cpus                 :                 1          
	   Disk (KB)            :      659      659          
	   Memory (MB)          :      106      106          
...
000 (558257.000.000) 08/13 14:31:19 Job submitted from host: <18.12.1.74:48322>
...
001 (558257.000.000) 08/13 15:14:00 Job executing on host: <18.12.9.63:42190>
...
006 (558257.000.000) 08/13 15:14:08 Image size of job updated: 2
	3  -  MemoryUsage of job (MB)
	2356  -  ResidentSetSize of job (KB)
...
006 (558257.000.000) 08/13 15:16:36 Image size of job updated: 230408
	3  -  MemoryUsage of job (MB)
	2356  -  ResidentSetSize of job (KB)
...
005 (558257.000.000) 08/13 15:16:36 Job terminated.
	(1) Normal termination (return value 0)
		Usr 0 00:01:17, Sys 0 00:00:02  -  Run Remote Usage
		Usr 0 00:00:00, Sys 0 00:00:00  -  Run Local Usage
		Usr 0 00:01:17, Sys 0 00:00:02  -  Total Remote Usage
		Usr 0 00:00:00, Sys 0 00:00:00  -  Total Local Usage
	586033  -  Run Bytes Sent By Job
	62714  -  Run Bytes Received By Job
	586033  -  Total Bytes Sent By Job
	62714  -  Total Bytes Received By Job
	Partitionable Resources :    Usage  Request          
	   Cpus                 :                 1          
	   Disk (KB)            :      659      659          
	   Memory (MB)          :        3        3          
...
000 (565594.000.000) 08/20 13:00:33 Job submitted from host: <18.12.1.74:48322>
...
001 (565594.000.000) 08/20 13:01:13 Job executing on host: <18.12.8.164:49125>
...
006 (565594.000.000) 08/20 13:01:22 Image size of job updated: 2
	2  -  MemoryUsage of job (MB)
	1720  -  ResidentSetSize of job (KB)
...
006 (565594.000.000) 08/20 13:05:36 Image size of job updated: 230424
	2  -  MemoryUsage of job (MB)
	1720  -  ResidentSetSize of job (KB)
...
005 (565594.000.000) 08/20 13:12:02 Job terminated.
	(1) Normal termination (return value 0)
		Usr 0 00:01:58, Sys 0 00:00:02  -  Run Remote Usage
		Usr 0 00:00:00, Sys 0 00:00:00  -  Run Local Usage
		Usr 0 00:01:58, Sys 0 00:00:02  -  Total Remote Usage
		Usr 0 00:00:00, Sys 0 00:00:00  -  Total Local Usage
	586216  -  Run Bytes Sent By Job
	62731  -  Run Bytes Received By Job
	586216  -  Total Bytes Sent By Job
	62731  -  Total Bytes Received By Job
	Partitionable Resources :    Usage  Request          
	   Cpus                 :                 1          
	   Disk (KB)            :      658      658          
	   Memory (MB)          :        2        2          
...
000 (783087.000.000) 10/02 11:08:35 Job submitted from host: <18.12.1.74:41314>
...
001 (783087.000.000) 10/02 11:14:49 Job executing on host: <18.12.8.240:47081>
...
006 (783087.000.000) 10/02 11:14:50 Image size of job updated: 2
	0  -  MemoryUsage of job (MB)
	0  -  ResidentSetSize of job (KB)
...
005 (783087.000.000) 10/02 11:20:06 Job terminated.
	(1) Normal termination (return value 0)
		Usr 0 00:00:00, Sys 0 00:00:00  -  Run Remote Usage
		Usr 0 00:00:00, Sys 0 00:00:00  -  Run Local Usage
		Usr 0 00:00:00, Sys 0 00:00:00  -  Total Remote Usage
		Usr 0 00:00:00, Sys 0 00:00:00  -  Total Local Usage
	585630  -  Run Bytes Sent By Job
	62733  -  Run Bytes Received By Job
	585630  -  Total Bytes Sent By Job
	62733  -  Total Bytes Received By Job
	Partitionable Resources :    Usage  Request          
	   Cpus                 :                 1          
	   Disk (KB)            :      658      658          
	   Memory (MB)          :        0        0          
...
000 (783268.000.000) 10/02 16:13:33 Job submitted from host: <18.12.1.74:45913>
...
001 (783268.000.000) 10/02 16:14:05 Job executing on host: <18.12.9.59:43869>
...
006 (783268.000.000) 10/02 16:14:11 Image size of job updated: 2
	0  -  MemoryUsage of job (MB)
	0  -  ResidentSetSize of job (KB)
...
005 (783268.000.000) 10/02 16:14:11 Job terminated.
	(1) Normal termination (return value 0)
		Usr 0 00:00:00, Sys 0 00:00:00  -  Run Remote Usage
		Usr 0 00:00:00, Sys 0 00:00:00  -  Run Local Usage
		Usr 0 00:00:00, Sys 0 00:00:00  -  Total Remote Usage
		Usr 0 00:00:00, Sys 0 00:00:00  -  Total Local Usage
	585666  -  Run Bytes Sent By Job
	62733  -  Run Bytes Received By Job
	585666  -  Total Bytes Sent By Job
	62733  -  Total Bytes Received By Job
	Partitionable Resources :    Usage  Request          
	   Cpus                 :                 1          
	   Disk (KB)            :      658      658          
	   Memory (MB)          :        0        0          
...
000 (783449.000.000) 10/02 16:49:06 Job submitted from host: <18.12.1.74:45913>
...
001 (783449.000.000) 10/02 16:49:09 Job executing on host: <18.12.8.155:43431>
...
006 (783449.000.000) 10/02 16:49:10 Image size of job updated: 2
	0  -  MemoryUsage of job (MB)
	0  -  ResidentSetSize of job (KB)
...
005 (783449.000.000) 10/02 16:49:10 Job terminated.
	(1) Normal termination (return value 0)
		Usr 0 00:00:00, Sys 0 00:00:00  -  Run Remote Usage
		Usr 0 00:00:00, Sys 0 00:00:00  -  Run Local Usage
		Usr 0 00:00:00, Sys 0 00:00:00  -  Total Remote Usage
		Usr 0 00:00:00, Sys 0 00:00:00  -  Total Local Usage
	585636  -  Run Bytes Sent By Job
	62733  -  Run Bytes Received By Job
	585636  -  Total Bytes Sent By Job
	62733  -  Total Bytes Received By Job
	Partitionable Resources :    Usage  Request          
	   Cpus                 :                 1          
	   Disk (KB)            :      658      658          
	   Memory (MB)          :        0        0          
...
000 (783632.000.000) 10/05 09:25:55 Job submitted from host: <18.12.1.74:45913>
...
001 (783632.000.000) 10/05 09:26:14 Job executing on host: <18.12.8.198:45986>
...
006 (783632.000.000) 10/05 09:26:14 Image size of job updated: 2
	0  -  MemoryUsage of job (MB)
	0  -  ResidentSetSize of job (KB)
...
005 (783632.000.000) 10/05 09:26:16 Job terminated.
	(1) Normal termination (return value 0)
		Usr 0 00:00:00, Sys 0 00:00:00  -  Run Remote Usage
		Usr 0 00:00:00, Sys 0 00:00:00  -  Run Local Usage
		Usr 0 00:00:00, Sys 0 00:00:00  -  Total Remote Usage
		Usr 0 00:00:00, Sys 0 00:00:00  -  Total Local Usage
	585630  -  Run Bytes Sent By Job
	62732  -  Run Bytes Received By Job
	585630  -  Total Bytes Sent By Job
	62732  -  Total Bytes Received By Job
	Partitionable Resources :    Usage  Request          
	   Cpus                 :                 1          
	   Disk (KB)            :      658      658          
	   Memory (MB)          :        0        0          
...
000 (783813.000.000) 10/05 10:00:31 Job submitted from host: <18.12.1.74:45913>
...
001 (783813.000.000) 10/05 10:00:58 Job executing on host: <18.12.9.48:44380>
...
006 (783813.000.000) 10/05 10:00:58 Image size of job updated: 93600
	0  -  MemoryUsage of job (MB)
	0  -  ResidentSetSize of job (KB)
...
005 (783813.000.000) 10/05 10:00:59 Job terminated.
	(1) Normal termination (return value 0)
		Usr 0 00:00:00, Sys 0 00:00:00  -  Run Remote Usage
		Usr 0 00:00:00, Sys 0 00:00:00  -  Run Local Usage
		Usr 0 00:00:00, Sys 0 00:00:00  -  Total Remote Usage
		Usr 0 00:00:00, Sys 0 00:00:00  -  Total Local Usage
	585808  -  Run Bytes Sent By Job
	62731  -  Run Bytes Received By Job
	585808  -  Total Bytes Sent By Job
	62731  -  Total Bytes Received By Job
	Partitionable Resources :    Usage  Request          
	   Cpus                 :                 1          
	   Disk (KB)            :      659      659          
	   Memory (MB)          :        0        0          
...
000 (783995.000.000) 10/05 12:25:38 Job submitted from host: <18.12.1.74:45913>
...
001 (783995.000.000) 10/05 12:25:45 Job executing on host: <18.12.9.82:43869>
...
006 (783995.000.000) 10/05 12:25:45 Image size of job updated: 2
	0  -  MemoryUsage of job (MB)
	0  -  ResidentSetSize of job (KB)
...
005 (783995.000.000) 10/05 12:25:45 Job terminated.
	(1) Normal termination (return value 0)
		Usr 0 00:00:00, Sys 0 00:00:00  -  Run Remote Usage
		Usr 0 00:00:00, Sys 0 00:00:00  -  Run Local Usage
		Usr 0 00:00:00, Sys 0 00:00:00  -  Total Remote Usage
		Usr 0 00:00:00, Sys 0 00:00:00  -  Total Local Usage
	585752  -  Run Bytes Sent By Job
	62732  -  Run Bytes Received By Job
	585752  -  Total Bytes Sent By Job
	62732  -  Total Bytes Received By Job
	Partitionable Resources :    Usage  Request          
	   Cpus                 :                 1          
	   Disk (KB)            :      658      658          
	   Memory (MB)          :        0        0          
...
000 (784176.000.000) 10/05 12:28:55 Job submitted from host: <18.12.1.74:45913>
...
001 (784176.000.000) 10/05 12:29:23 Job executing on host: <18.12.9.69:42336>
...
006 (784176.000.000) 10/05 12:29:32 Image size of job updated: 230276
	95  -  MemoryUsage of job (MB)
	96908  -  ResidentSetSize of job (KB)
...
006 (784176.000.000) 10/05 12:30:50 Image size of job updated: 230408
	95  -  MemoryUsage of job (MB)
	96908  -  ResidentSetSize of job (KB)
...
005 (784176.000.000) 10/05 12:30:50 Job terminated.
	(1) Normal termination (return value 0)
		Usr 0 00:00:58, Sys 0 00:00:00  -  Run Remote Usage
		Usr 0 00:00:00, Sys 0 00:00:00  -  Run Local Usage
		Usr 0 00:00:58, Sys 0 00:00:00  -  Total Remote Usage
		Usr 0 00:00:00, Sys 0 00:00:00  -  Total Local Usage
	586896  -  Run Bytes Sent By Job
	62733  -  Run Bytes Received By Job
	586896  -  Total Bytes Sent By Job
	62733  -  Total Bytes Received By Job
	Partitionable Resources :    Usage  Request          
	   Cpus                 :                 1          
	   Disk (KB)            :      659      659          
	   Memory (MB)          :       95       95          
...
000 (786245.000.000) 10/05 14:34:51 Job submitted from host: <18.12.1.74:45913>
...
001 (786245.000.000) 10/05 14:35:57 Job executing on host: <18.12.8.111:41971>
...
006 (786245.000.000) 10/05 14:36:05 Image size of job updated: 2
	3  -  MemoryUsage of job (MB)
	2356  -  ResidentSetSize of job (KB)
...
006 (786245.000.000) 10/05 14:38:27 Image size of job updated: 230392
	3  -  MemoryUsage of job (MB)
	2356  -  ResidentSetSize of job (KB)
...
005 (786245.000.000) 10/05 14:38:28 Job terminated.
	(1) Normal termination (return value 0)
		Usr 0 00:01:09, Sys 0 00:00:03  -  Run Remote Usage
		Usr 0 00:00:00, Sys 0 00:00:00  -  Run Local Usage
		Usr 0 00:01:09, Sys 0 00:00:03  -  Total Remote Usage
		Usr 0 00:00:00, Sys 0 00:00:00  -  Total Local Usage
	586451  -  Run Bytes Sent By Job
	62729  -  Run Bytes Received By Job
	586451  -  Total Bytes Sent By Job
	62729  -  Total Bytes Received By Job
	Partitionable Resources :    Usage  Request          
	   Cpus                 :                 1          
	   Disk (KB)            :      659      659          
	   Memory (MB)          :        3        3          
...
000 (788084.000.000) 10/08 16:10:38 Job submitted from host: <18.12.1.74:45913>
...
001 (788084.000.000) 10/08 16:33:48 Job executing on host: <18.12.9.42:43285>
...
006 (788084.000.000) 10/08 16:33:57 Image size of job updated: 2
	3  -  MemoryUsage of job (MB)
	2356  -  ResidentSetSize of job (KB)
...
006 (788084.000.000) 10/08 16:38:58 Image size of job updated: 230376
	102  -  MemoryUsage of job (MB)
	104136  -  ResidentSetSize of job (KB)
...
005 (788084.000.000) 10/08 16:39:47 Job terminated.
	(1) Normal termination (return value 0)
		Usr 0 00:01:21, Sys 0 00:00:01  -  Run Remote Usage
		Usr 0 00:00:00, Sys 0 00:00:00  -  Run Local Usage
		Usr 0 00:01:21, Sys 0 00:00:01  -  Total Remote Usage
		Usr 0 00:00:00, Sys 0 00:00:00  -  Total Local Usage
	585828  -  Run Bytes Sent By Job
	62697  -  Run Bytes Received By Job
	585828  -  Total Bytes Sent By Job
	62697  -  Total Bytes Received By Job
	Partitionable Resources :    Usage  Request          
	   Cpus                 :                 1          
	   Disk (KB)            :      659      659          
	   Memory (MB)          :      102      102          
...
000 (788447.000.000) 10/09 10:00:41 Job submitted from host: <18.12.1.74:45913>
...
001 (788447.000.000) 10/09 10:14:31 Job executing on host: <18.12.9.74:45110>
...
006 (788447.000.000) 10/09 10:14:40 Image size of job updated: 2
	3  -  MemoryUsage of job (MB)
	2356  -  ResidentSetSize of job (KB)
...
006 (788447.000.000) 10/09 10:19:02 Image size of job updated: 230372
	3  -  MemoryUsage of job (MB)
	2356  -  ResidentSetSize of job (KB)
...
005 (788447.000.000) 10/09 10:19:02 Job terminated.
	(1) Normal termination (return value 0)
		Usr 0 00:01:12, Sys 0 00:00:01  -  Run Remote Usage
		Usr 0 00:00:00, Sys 0 00:00:00  -  Run Local Usage
		Usr 0 00:01:12, Sys 0 00:00:01  -  Total Remote Usage
		Usr 0 00:00:00, Sys 0 00:00:00  -  Total Local Usage
	585404  -  Run Bytes Sent By Job
	62694  -  Run Bytes Received By Job
	585404  -  Total Bytes Sent By Job
	62694  -  Total Bytes Received By Job
	Partitionable Resources :    Usage  Request          
	   Cpus                 :                 1          
	   Disk (KB)            :      658      658          
	   Memory (MB)          :        3        3          
...
000 (788994.000.000) 10/12 11:22:20 Job submitted from host: <18.12.1.74:45913>
...
001 (788994.000.000) 10/12 11:40:22 Job executing on host: <18.12.9.17:47811>
...
006 (788994.000.000) 10/12 11:40:31 Image size of job updated: 225120
	93  -  MemoryUsage of job (MB)
	94908  -  ResidentSetSize of job (KB)
...
006 (788994.000.000) 10/12 11:42:22 Image size of job updated: 230376
	93  -  MemoryUsage of job (MB)
	94908  -  ResidentSetSize of job (KB)
...
005 (788994.000.000) 10/12 11:42:22 Job terminated.
	(1) Normal termination (return value 0)
		Usr 0 00:01:23, Sys 0 00:00:01  -  Run Remote Usage
		Usr 0 00:00:00, Sys 0 00:00:00  -  Run Local Usage
		Usr 0 00:01:23, Sys 0 00:00:01  -  Total Remote Usage
		Usr 0 00:00:00, Sys 0 00:00:00  -  Total Local Usage
	585357  -  Run Bytes Sent By Job
	62702  -  Run Bytes Received By Job
	585357  -  Total Bytes Sent By Job
	62702  -  Total Bytes Received By Job
	Partitionable Resources :    Usage  Request          
	   Cpus                 :                 1          
	   Disk (KB)            :      658      658          
	   Memory (MB)          :       93       93          
...
