
----------------------------------------------------
Job started on Thu Aug 20 20:27:14 EDT 2015 at WN: lnbat0015.cmsaf.mit.edu 
Job is running on Linux lnbat0015.cmsaf.mit.edu 2.6.32-358.el6.x86_64 #1 SMP Fri Feb 22 20:37:17 CST 2013 x86_64 x86_64 x86_64 GNU/Linux
Filesystem            Size  Used Avail Use% Mounted on
/dev/sda3              20G  3.3G   16G  18% /
tmpfs                  12G     0   12G   0% /dev/shm
/dev/sda1              97M   32M   61M  35% /boot
/dev/sda4             874G   94G  781G  11% /export/data1
fuse_dfs              4.9P  4.6P  323T  94% /mnt/hadoop
/dev/sdc1             1.8T  1.7T  115G  94% /export/00b
/dev/sdd1             1.8T  1.7T  144G  93% /export/00c
/dev/sde1             1.8T  1.7T  115G  94% /export/00d
/dev/sdb1             1.8T  1.7T  135G  93% /export/00e
/dev/sdf1             1.8T  1.7T  129G  93% /export/00f
t2srv0004:/export/db  135G  187M  135G   1% /net/t2srv0004/db
cvmfs2                 98G   83G   15G  85% /cvmfs/cms.cern.ch
cvmfs2                 98G   83G   15G  85% /cvmfs/cvmfs.cmsaf.mit.edu
cvmfs2                 98G   83G   15G  85% /cvmfs/oasis.opensciencegrid.org
cvmfs2                 98G   83G   15G  85% /cvmfs/cdfcfs.fnal.gov
gcc (GCC) 4.4.7 20120313 (Red Hat 4.4.7-3)
Copyright (C) 2010 Free Software Foundation, Inc.
This is free software; see the source for copying conditions.  There is NO
warranty; not even for MERCHANTABILITY or FITNESS FOR A PARTICULAR PURPOSE.

Processing...
0/77185
10000/77185
20000/77185
30000/77185
40000/77185
50000/77185
60000/77185
70000/77185
Macro finished: 
CPU time (min)  = 0.857667
Real time (min) = 1.34354
total 1.8M
-rw-r--r--  1 obaron obaron  94K Aug 20 13:21 jetRAA_PbPb_data_akPu2_select.txt
-rw-r--r--  1 obaron obaron  94K Aug 20 13:21 jetRAA_PbPb_data_akPu4_select.txt
-rw-r--r--  1 obaron obaron 108K Aug 20 13:22 jetRAA_PbPb_data_forest.txt
-rw-r--r--  1 obaron obaron  94K Aug 20 13:22 jetRAA_PbPb_data_akPu3_select.txt
-rw-r--r--  1 obaron obaron  70K Aug 20 20:03 RAA_read_data_pbpb.C
-rw-r--r--  1 obaron obaron  11K Aug 20 20:04 RAA_read_data_pbpb_C.d
-rwxr-xr-x  1 obaron obaron 101K Aug 20 20:05 RAA_read_data_pbpb_C.so
-rw-rw-r--  1 obaron obaron  61K Aug 20 20:27 jetRAA_run_PbPb_Data.tar
-rwxr-xr-x  1 obaron obaron 1.2K Aug 20 20:27 condor_exec.exe
-rw-r--r--  1 condor condor  20K Aug 20 20:27 .job.ad
drwxr-xr-x 19 condor root   4.0K Aug 20 20:27 ..
-rw-r--r--  1 condor condor 5.6K Aug 20 20:27 .machine.ad
-rwx------  1 obaron obaron   50 Aug 20 20:27 .chirp.config
drwx------  2 obaron obaron 4.0K Aug 20 20:27 .
-rw-r--r--  1 obaron obaron  678 Aug 20 20:27 _condor_stderr
-rw-r--r--  1 obaron obaron 1.6K Aug 20 20:28 _condor_stdout
-rw-r--r--  1 obaron obaron 1.1M Aug 20 20:28 PbPb_Data_histograms_FromForest_pileupCutFIX_ZDCmCut_akPu3_20_eta_20_605.root
Done!
Copied output files to hadoop rootfiles/JetRAA/June29
