000 (554247.000.000) 08/11 09:09:06 Job submitted from host: <18.12.1.74:48322>
...
001 (554247.000.000) 08/11 09:09:18 Job executing on host: <18.12.6.84:45767>
...
006 (554247.000.000) 08/11 09:09:27 Image size of job updated: 2
	3  -  MemoryUsage of job (MB)
	2340  -  ResidentSetSize of job (KB)
...
006 (554247.000.000) 08/11 09:11:39 Image size of job updated: 230328
	3  -  MemoryUsage of job (MB)
	2340  -  ResidentSetSize of job (KB)
...
005 (554247.000.000) 08/11 09:11:39 Job terminated.
	(1) Normal termination (return value 0)
		Usr 0 00:01:16, Sys 0 00:00:01  -  Run Remote Usage
		Usr 0 00:00:00, Sys 0 00:00:00  -  Run Local Usage
		Usr 0 00:01:16, Sys 0 00:00:01  -  Total Remote Usage
		Usr 0 00:00:00, Sys 0 00:00:00  -  Total Local Usage
	586105  -  Run Bytes Sent By Job
	62717  -  Run Bytes Received By Job
	586105  -  Total Bytes Sent By Job
	62717  -  Total Bytes Received By Job
	Partitionable Resources :    Usage  Request          
	   Cpus                 :                 1          
	   Disk (KB)            :      659      659          
	   Memory (MB)          :        3        3          
...
000 (557962.000.000) 08/13 13:34:19 Job submitted from host: <18.12.1.74:48322>
...
001 (557962.000.000) 08/13 13:50:48 Job executing on host: <18.12.9.47:41168>
...
006 (557962.000.000) 08/13 13:50:57 Image size of job updated: 2
	3  -  MemoryUsage of job (MB)
	2356  -  ResidentSetSize of job (KB)
...
006 (557962.000.000) 08/13 13:53:02 Image size of job updated: 230328
	3  -  MemoryUsage of job (MB)
	2356  -  ResidentSetSize of job (KB)
...
005 (557962.000.000) 08/13 13:53:02 Job terminated.
	(1) Normal termination (return value 0)
		Usr 0 00:01:05, Sys 0 00:00:01  -  Run Remote Usage
		Usr 0 00:00:00, Sys 0 00:00:00  -  Run Local Usage
		Usr 0 00:01:05, Sys 0 00:00:01  -  Total Remote Usage
		Usr 0 00:00:00, Sys 0 00:00:00  -  Total Local Usage
	586205  -  Run Bytes Sent By Job
	62720  -  Run Bytes Received By Job
	586205  -  Total Bytes Sent By Job
	62720  -  Total Bytes Received By Job
	Partitionable Resources :    Usage  Request          
	   Cpus                 :                 1          
	   Disk (KB)            :      659      659          
	   Memory (MB)          :        3        3          
...
000 (566253.000.000) 08/20 20:23:18 Job submitted from host: <18.12.1.74:48322>
...
001 (566253.000.000) 08/20 20:23:33 Job executing on host: <18.12.8.216:40000>
...
006 (566253.000.000) 08/20 20:23:41 Image size of job updated: 68392
	13  -  MemoryUsage of job (MB)
	12620  -  ResidentSetSize of job (KB)
...
006 (566253.000.000) 08/20 20:25:42 Image size of job updated: 230328
	13  -  MemoryUsage of job (MB)
	12620  -  ResidentSetSize of job (KB)
...
005 (566253.000.000) 08/20 20:32:27 Job terminated.
	(1) Normal termination (return value 0)
		Usr 0 00:01:16, Sys 0 00:00:02  -  Run Remote Usage
		Usr 0 00:00:00, Sys 0 00:00:00  -  Run Local Usage
		Usr 0 00:01:16, Sys 0 00:00:02  -  Total Remote Usage
		Usr 0 00:00:00, Sys 0 00:00:00  -  Total Local Usage
	586204  -  Run Bytes Sent By Job
	62732  -  Run Bytes Received By Job
	586204  -  Total Bytes Sent By Job
	62732  -  Total Bytes Received By Job
	Partitionable Resources :    Usage  Request          
	   Cpus                 :                 1          
	   Disk (KB)            :      659      659          
	   Memory (MB)          :       13       13          
...
000 (782801.000.000) 10/01 15:56:46 Job submitted from host: <18.12.1.74:47665>
...
007 (782801.000.000) 10/01 16:01:03 Shadow exception!
	Error from slot13@t2bat0220.cmsaf.mit.edu: Failed to transfer files
	0  -  Run Bytes Sent By Job
	0  -  Run Bytes Received By Job
...
007 (782801.000.000) 10/01 16:01:30 Shadow exception!
	Error from slot13@t2bat0220.cmsaf.mit.edu: Failed to transfer files
	0  -  Run Bytes Sent By Job
	0  -  Run Bytes Received By Job
...
007 (782801.000.000) 10/01 16:01:34 Shadow exception!
	Error from slot13@t2bat0220.cmsaf.mit.edu: Failed to transfer files
	0  -  Run Bytes Sent By Job
	0  -  Run Bytes Received By Job
...
001 (782801.000.000) 10/01 16:01:39 Job executing on host: <18.12.8.220:40365>
...
006 (782801.000.000) 10/01 16:01:48 Image size of job updated: 2
	3  -  MemoryUsage of job (MB)
	2352  -  ResidentSetSize of job (KB)
...
006 (782801.000.000) 10/01 16:06:49 Image size of job updated: 230324
	100  -  MemoryUsage of job (MB)
	101912  -  ResidentSetSize of job (KB)
...
022 (782801.000.000) 10/01 16:17:13 Job disconnected, attempting to reconnect
    Socket between submit and execute hosts closed unexpectedly
    Trying to reconnect to slot13@t2bat0220.cmsaf.mit.edu <18.12.8.220:40365>
...
023 (782801.000.000) 10/01 16:17:13 Job reconnected to slot13@t2bat0220.cmsaf.mit.edu
    startd address: <18.12.8.220:40365>
    starter address: <18.12.8.220:41606>
...
022 (782801.000.000) 10/01 16:17:13 Job disconnected, attempting to reconnect
    Socket between submit and execute hosts closed unexpectedly
    Trying to reconnect to slot13@t2bat0220.cmsaf.mit.edu <18.12.8.220:40365>
...
023 (782801.000.000) 10/01 16:17:13 Job reconnected to slot13@t2bat0220.cmsaf.mit.edu
    startd address: <18.12.8.220:40365>
    starter address: <18.12.8.220:41606>
...
022 (782801.000.000) 10/01 16:17:13 Job disconnected, attempting to reconnect
    Socket between submit and execute hosts closed unexpectedly
    Trying to reconnect to slot13@t2bat0220.cmsaf.mit.edu <18.12.8.220:40365>
...
023 (782801.000.000) 10/01 16:17:13 Job reconnected to slot13@t2bat0220.cmsaf.mit.edu
    startd address: <18.12.8.220:40365>
    starter address: <18.12.8.220:41606>
...
022 (782801.000.000) 10/01 16:30:15 Job disconnected, attempting to reconnect
    Local schedd and job shadow died, schedd now running again
    Trying to reconnect to slot13@t2bat0220.cmsaf.mit.edu <18.12.8.220:40365>
...
024 (782801.000.000) 10/01 16:31:18 Job reconnection failed
    Job disconnected too long: JobLeaseDuration (1200 seconds) expired
    Can not reconnect to slot13@t2bat0220.cmsaf.mit.edu, rescheduling job
...
001 (782801.000.000) 10/01 16:34:56 Job executing on host: <18.12.12.67:45621>
...
006 (782801.000.000) 10/01 16:35:04 Image size of job updated: 187696
	73  -  MemoryUsage of job (MB)
	74512  -  ResidentSetSize of job (KB)
...
006 (782801.000.000) 10/01 16:40:04 Image size of job updated: 230328
	101  -  MemoryUsage of job (MB)
	102512  -  ResidentSetSize of job (KB)
...
005 (782801.000.000) 10/01 16:41:26 Job terminated.
	(1) Normal termination (return value 0)
		Usr 0 00:00:59, Sys 0 00:00:01  -  Run Remote Usage
		Usr 0 00:00:00, Sys 0 00:00:00  -  Run Local Usage
		Usr 0 00:00:59, Sys 0 00:00:01  -  Total Remote Usage
		Usr 0 00:00:00, Sys 0 00:00:00  -  Total Local Usage
	586062  -  Run Bytes Sent By Job
	62734  -  Run Bytes Received By Job
	586062  -  Total Bytes Sent By Job
	62734  -  Total Bytes Received By Job
	Partitionable Resources :    Usage  Request          
	   Cpus                 :                 1          
	   Disk (KB)            :      659      659          
	   Memory (MB)          :      101      101          
...
000 (785959.000.000) 10/05 14:19:04 Job submitted from host: <18.12.1.74:45913>
...
001 (785959.000.000) 10/05 14:19:43 Job executing on host: <18.12.8.177:42044>
...
006 (785959.000.000) 10/05 14:19:51 Image size of job updated: 2
	3  -  MemoryUsage of job (MB)
	2352  -  ResidentSetSize of job (KB)
...
006 (785959.000.000) 10/05 14:21:04 Image size of job updated: 230328
	3  -  MemoryUsage of job (MB)
	2352  -  ResidentSetSize of job (KB)
...
005 (785959.000.000) 10/05 14:21:05 Job terminated.
	(1) Normal termination (return value 0)
		Usr 0 00:00:57, Sys 0 00:00:01  -  Run Remote Usage
		Usr 0 00:00:00, Sys 0 00:00:00  -  Run Local Usage
		Usr 0 00:00:57, Sys 0 00:00:01  -  Total Remote Usage
		Usr 0 00:00:00, Sys 0 00:00:00  -  Total Local Usage
	586425  -  Run Bytes Sent By Job
	62732  -  Run Bytes Received By Job
	586425  -  Total Bytes Sent By Job
	62732  -  Total Bytes Received By Job
	Partitionable Resources :    Usage  Request          
	   Cpus                 :                 1          
	   Disk (KB)            :      659      659          
	   Memory (MB)          :        3        3          
...
000 (786325.000.000) 10/07 09:51:20 Job submitted from host: <18.12.1.74:45913>
...
001 (786325.000.000) 10/07 09:52:23 Job executing on host: <18.12.8.217:42555>
...
006 (786325.000.000) 10/07 09:52:33 Image size of job updated: 2
	3  -  MemoryUsage of job (MB)
	2368  -  ResidentSetSize of job (KB)
...
006 (786325.000.000) 10/07 09:54:54 Image size of job updated: 230324
	3  -  MemoryUsage of job (MB)
	2368  -  ResidentSetSize of job (KB)
...
005 (786325.000.000) 10/07 09:54:55 Job terminated.
	(1) Normal termination (return value 0)
		Usr 0 00:01:14, Sys 0 00:00:01  -  Run Remote Usage
		Usr 0 00:00:00, Sys 0 00:00:00  -  Run Local Usage
		Usr 0 00:01:14, Sys 0 00:00:01  -  Total Remote Usage
		Usr 0 00:00:00, Sys 0 00:00:00  -  Total Local Usage
	586295  -  Run Bytes Sent By Job
	62734  -  Run Bytes Received By Job
	586295  -  Total Bytes Sent By Job
	62734  -  Total Bytes Received By Job
	Partitionable Resources :    Usage  Request          
	   Cpus                 :                 1          
	   Disk (KB)            :      659      659          
	   Memory (MB)          :        3        3          
...
000 (786506.000.000) 10/07 11:12:51 Job submitted from host: <18.12.1.74:45913>
...
001 (786506.000.000) 10/07 11:18:18 Job executing on host: <18.12.8.188:41533>
...
006 (786506.000.000) 10/07 11:18:26 Image size of job updated: 193784
	78  -  MemoryUsage of job (MB)
	79540  -  ResidentSetSize of job (KB)
...
006 (786506.000.000) 10/07 11:20:02 Image size of job updated: 230316
	78  -  MemoryUsage of job (MB)
	79540  -  ResidentSetSize of job (KB)
...
005 (786506.000.000) 10/07 11:20:02 Job terminated.
	(1) Normal termination (return value 0)
		Usr 0 00:01:10, Sys 0 00:00:01  -  Run Remote Usage
		Usr 0 00:00:00, Sys 0 00:00:00  -  Run Local Usage
		Usr 0 00:01:10, Sys 0 00:00:01  -  Total Remote Usage
		Usr 0 00:00:00, Sys 0 00:00:00  -  Total Local Usage
	585316  -  Run Bytes Sent By Job
	62746  -  Run Bytes Received By Job
	585316  -  Total Bytes Sent By Job
	62746  -  Total Bytes Received By Job
	Partitionable Resources :    Usage  Request          
	   Cpus                 :                 1          
	   Disk (KB)            :      658      658          
	   Memory (MB)          :       78       78          
...
000 (787433.000.000) 10/08 12:42:38 Job submitted from host: <18.12.1.74:45913>
...
001 (787433.000.000) 10/08 12:46:05 Job executing on host: <18.12.8.233:46570>
...
006 (787433.000.000) 10/08 12:46:13 Image size of job updated: 230312
	95  -  MemoryUsage of job (MB)
	96740  -  ResidentSetSize of job (KB)
...
005 (787433.000.000) 10/08 12:47:23 Job terminated.
	(1) Normal termination (return value 0)
		Usr 0 00:00:46, Sys 0 00:00:00  -  Run Remote Usage
		Usr 0 00:00:00, Sys 0 00:00:00  -  Run Local Usage
		Usr 0 00:00:46, Sys 0 00:00:00  -  Total Remote Usage
		Usr 0 00:00:00, Sys 0 00:00:00  -  Total Local Usage
	585086  -  Run Bytes Sent By Job
	62749  -  Run Bytes Received By Job
	585086  -  Total Bytes Sent By Job
	62749  -  Total Bytes Received By Job
	Partitionable Resources :    Usage  Request          
	   Cpus                 :                 1          
	   Disk (KB)            :      658      658          
	   Memory (MB)          :       95       95          
...
000 (787615.000.000) 10/08 14:27:09 Job submitted from host: <18.12.1.74:45913>
...
001 (787615.000.000) 10/08 14:32:30 Job executing on host: <18.12.9.28:49490>
...
006 (787615.000.000) 10/08 14:32:38 Image size of job updated: 2
	3  -  MemoryUsage of job (MB)
	2356  -  ResidentSetSize of job (KB)
...
006 (787615.000.000) 10/08 14:37:38 Image size of job updated: 230316
	113  -  MemoryUsage of job (MB)
	115712  -  ResidentSetSize of job (KB)
...
005 (787615.000.000) 10/08 14:38:03 Job terminated.
	(1) Normal termination (return value 0)
		Usr 0 00:01:07, Sys 0 00:00:01  -  Run Remote Usage
		Usr 0 00:00:00, Sys 0 00:00:00  -  Run Local Usage
		Usr 0 00:01:07, Sys 0 00:00:01  -  Total Remote Usage
		Usr 0 00:00:00, Sys 0 00:00:00  -  Total Local Usage
	585643  -  Run Bytes Sent By Job
	62691  -  Run Bytes Received By Job
	585643  -  Total Bytes Sent By Job
	62691  -  Total Bytes Received By Job
	Partitionable Resources :    Usage  Request          
	   Cpus                 :                 1          
	   Disk (KB)            :      658      658          
	   Memory (MB)          :      113      113          
...
000 (787798.000.000) 10/08 15:16:30 Job submitted from host: <18.12.1.74:45913>
...
001 (787798.000.000) 10/08 15:25:59 Job executing on host: <18.12.9.11:40949>
...
006 (787798.000.000) 10/08 15:26:07 Image size of job updated: 2
	3  -  MemoryUsage of job (MB)
	2344  -  ResidentSetSize of job (KB)
...
006 (787798.000.000) 10/08 15:27:51 Image size of job updated: 230316
	3  -  MemoryUsage of job (MB)
	2344  -  ResidentSetSize of job (KB)
...
005 (787798.000.000) 10/08 15:27:51 Job terminated.
	(1) Normal termination (return value 0)
		Usr 0 00:01:08, Sys 0 00:00:01  -  Run Remote Usage
		Usr 0 00:00:00, Sys 0 00:00:00  -  Run Local Usage
		Usr 0 00:01:08, Sys 0 00:00:01  -  Total Remote Usage
		Usr 0 00:00:00, Sys 0 00:00:00  -  Total Local Usage
	585088  -  Run Bytes Sent By Job
	62696  -  Run Bytes Received By Job
	585088  -  Total Bytes Sent By Job
	62696  -  Total Bytes Received By Job
	Partitionable Resources :    Usage  Request          
	   Cpus                 :                 1          
	   Disk (KB)            :      658      658          
	   Memory (MB)          :        3        3          
...
000 (788708.000.000) 10/12 10:42:32 Job submitted from host: <18.12.1.74:45913>
...
001 (788708.000.000) 10/12 10:47:21 Job executing on host: <18.12.12.14:46132>
...
006 (788708.000.000) 10/12 10:47:29 Image size of job updated: 187636
	71  -  MemoryUsage of job (MB)
	72524  -  ResidentSetSize of job (KB)
...
006 (788708.000.000) 10/12 10:50:20 Image size of job updated: 230312
	71  -  MemoryUsage of job (MB)
	72524  -  ResidentSetSize of job (KB)
...
005 (788708.000.000) 10/12 10:50:20 Job terminated.
	(1) Normal termination (return value 0)
		Usr 0 00:01:21, Sys 0 00:00:03  -  Run Remote Usage
		Usr 0 00:00:00, Sys 0 00:00:00  -  Run Local Usage
		Usr 0 00:01:21, Sys 0 00:00:03  -  Total Remote Usage
		Usr 0 00:00:00, Sys 0 00:00:00  -  Total Local Usage
	585170  -  Run Bytes Sent By Job
	62704  -  Run Bytes Received By Job
	585170  -  Total Bytes Sent By Job
	62704  -  Total Bytes Received By Job
	Partitionable Resources :    Usage  Request          
	   Cpus                 :                 1          
	   Disk (KB)            :      658      658          
	   Memory (MB)          :       71       71          
...
