000 (554329.000.000) 08/11 09:09:21 Job submitted from host: <18.12.1.74:48322>
...
001 (554329.000.000) 08/11 09:09:53 Job executing on host: <18.12.12.68:42044>
...
006 (554329.000.000) 08/11 09:10:02 Image size of job updated: 2
	3  -  MemoryUsage of job (MB)
	2340  -  ResidentSetSize of job (KB)
...
006 (554329.000.000) 08/11 09:11:23 Image size of job updated: 230544
	3  -  MemoryUsage of job (MB)
	2340  -  ResidentSetSize of job (KB)
...
005 (554329.000.000) 08/11 09:11:23 Job terminated.
	(1) Normal termination (return value 0)
		Usr 0 00:00:55, Sys 0 00:00:00  -  Run Remote Usage
		Usr 0 00:00:00, Sys 0 00:00:00  -  Run Local Usage
		Usr 0 00:00:55, Sys 0 00:00:00  -  Total Remote Usage
		Usr 0 00:00:00, Sys 0 00:00:00  -  Total Local Usage
	585997  -  Run Bytes Sent By Job
	62717  -  Run Bytes Received By Job
	585997  -  Total Bytes Sent By Job
	62717  -  Total Bytes Received By Job
	Partitionable Resources :    Usage  Request          
	   Cpus                 :                 1          
	   Disk (KB)            :      658      658          
	   Memory (MB)          :        3        3          
...
000 (558044.000.000) 08/13 13:34:27 Job submitted from host: <18.12.1.74:48322>
...
001 (558044.000.000) 08/13 14:04:56 Job executing on host: <18.12.9.39:46205>
...
006 (558044.000.000) 08/13 14:05:05 Image size of job updated: 74564
	15  -  MemoryUsage of job (MB)
	14564  -  ResidentSetSize of job (KB)
...
006 (558044.000.000) 08/13 14:10:06 Image size of job updated: 230528
	105  -  MemoryUsage of job (MB)
	106928  -  ResidentSetSize of job (KB)
...
005 (558044.000.000) 08/13 14:10:51 Job terminated.
	(1) Normal termination (return value 0)
		Usr 0 00:01:01, Sys 0 00:00:02  -  Run Remote Usage
		Usr 0 00:00:00, Sys 0 00:00:00  -  Run Local Usage
		Usr 0 00:01:01, Sys 0 00:00:02  -  Total Remote Usage
		Usr 0 00:00:00, Sys 0 00:00:00  -  Total Local Usage
	586473  -  Run Bytes Sent By Job
	62720  -  Run Bytes Received By Job
	586473  -  Total Bytes Sent By Job
	62720  -  Total Bytes Received By Job
	Partitionable Resources :    Usage  Request          
	   Cpus                 :                 1          
	   Disk (KB)            :      659      659          
	   Memory (MB)          :      105      105          
...
000 (566335.000.000) 08/20 20:28:49 Job submitted from host: <18.12.1.74:48322>
...
001 (566335.000.000) 08/20 20:29:16 Job executing on host: <18.12.12.67:49709>
...
006 (566335.000.000) 08/20 20:29:24 Image size of job updated: 224676
	88  -  MemoryUsage of job (MB)
	89852  -  ResidentSetSize of job (KB)
...
006 (566335.000.000) 08/20 20:31:04 Image size of job updated: 230544
	88  -  MemoryUsage of job (MB)
	89852  -  ResidentSetSize of job (KB)
...
005 (566335.000.000) 08/20 20:37:48 Job terminated.
	(1) Normal termination (return value 0)
		Usr 0 00:01:10, Sys 0 00:00:01  -  Run Remote Usage
		Usr 0 00:00:00, Sys 0 00:00:00  -  Run Local Usage
		Usr 0 00:01:10, Sys 0 00:00:01  -  Total Remote Usage
		Usr 0 00:00:00, Sys 0 00:00:00  -  Total Local Usage
	586048  -  Run Bytes Sent By Job
	62732  -  Run Bytes Received By Job
	586048  -  Total Bytes Sent By Job
	62732  -  Total Bytes Received By Job
	Partitionable Resources :    Usage  Request          
	   Cpus                 :                 1          
	   Disk (KB)            :      659      659          
	   Memory (MB)          :       88       88          
...
000 (782883.000.000) 10/01 15:59:50 Job submitted from host: <18.12.1.74:47665>
...
001 (782883.000.000) 10/01 16:00:51 Job executing on host: <18.12.12.17:49928>
...
006 (782883.000.000) 10/01 16:01:01 Image size of job updated: 1196
	1  -  MemoryUsage of job (MB)
	152  -  ResidentSetSize of job (KB)
...
006 (782883.000.000) 10/01 16:05:35 Image size of job updated: 230532
	1  -  MemoryUsage of job (MB)
	152  -  ResidentSetSize of job (KB)
...
022 (782883.000.000) 10/01 16:05:36 Job disconnected, attempting to reconnect
    Socket between submit and execute hosts closed unexpectedly
    Trying to reconnect to slot9@lnbat0017.cmsaf.mit.edu <18.12.12.17:49928>
...
023 (782883.000.000) 10/01 16:05:36 Job reconnected to slot9@lnbat0017.cmsaf.mit.edu
    startd address: <18.12.12.17:49928>
    starter address: <18.12.12.17:45621>
...
005 (782883.000.000) 10/01 16:10:20 Job terminated.
	(1) Normal termination (return value 0)
		Usr 0 00:00:52, Sys 0 00:00:00  -  Run Remote Usage
		Usr 0 00:00:00, Sys 0 00:00:00  -  Run Local Usage
		Usr 0 00:00:52, Sys 0 00:00:00  -  Total Remote Usage
		Usr 0 00:00:00, Sys 0 00:00:00  -  Total Local Usage
	586046  -  Run Bytes Sent By Job
	62734  -  Run Bytes Received By Job
	586046  -  Total Bytes Sent By Job
	62734  -  Total Bytes Received By Job
	Partitionable Resources :    Usage  Request          
	   Cpus                 :                 1          
	   Disk (KB)            :      659      659          
	   Memory (MB)          :        1        1          
...
000 (786041.000.000) 10/05 14:19:14 Job submitted from host: <18.12.1.74:45913>
...
001 (786041.000.000) 10/05 14:20:16 Job executing on host: <18.12.8.63:40730>
...
006 (786041.000.000) 10/05 14:20:25 Image size of job updated: 97788
	3  -  MemoryUsage of job (MB)
	2440  -  ResidentSetSize of job (KB)
...
006 (786041.000.000) 10/05 14:21:42 Image size of job updated: 230540
	3  -  MemoryUsage of job (MB)
	2440  -  ResidentSetSize of job (KB)
...
005 (786041.000.000) 10/05 14:21:42 Job terminated.
	(1) Normal termination (return value 0)
		Usr 0 00:00:54, Sys 0 00:00:01  -  Run Remote Usage
		Usr 0 00:00:00, Sys 0 00:00:00  -  Run Local Usage
		Usr 0 00:00:54, Sys 0 00:00:01  -  Total Remote Usage
		Usr 0 00:00:00, Sys 0 00:00:00  -  Total Local Usage
	586174  -  Run Bytes Sent By Job
	62732  -  Run Bytes Received By Job
	586174  -  Total Bytes Sent By Job
	62732  -  Total Bytes Received By Job
	Partitionable Resources :    Usage  Request          
	   Cpus                 :                 1          
	   Disk (KB)            :      659      659          
	   Memory (MB)          :        3        3          
...
000 (786407.000.000) 10/07 09:51:28 Job submitted from host: <18.12.1.74:45913>
...
001 (786407.000.000) 10/07 09:53:36 Job executing on host: <18.12.8.194:48614>
...
006 (786407.000.000) 10/07 09:53:44 Image size of job updated: 193812
	80  -  MemoryUsage of job (MB)
	81268  -  ResidentSetSize of job (KB)
...
006 (786407.000.000) 10/07 09:55:28 Image size of job updated: 230532
	80  -  MemoryUsage of job (MB)
	81268  -  ResidentSetSize of job (KB)
...
005 (786407.000.000) 10/07 09:55:28 Job terminated.
	(1) Normal termination (return value 0)
		Usr 0 00:01:08, Sys 0 00:00:01  -  Run Remote Usage
		Usr 0 00:00:00, Sys 0 00:00:00  -  Run Local Usage
		Usr 0 00:01:08, Sys 0 00:00:01  -  Total Remote Usage
		Usr 0 00:00:00, Sys 0 00:00:00  -  Total Local Usage
	586203  -  Run Bytes Sent By Job
	62734  -  Run Bytes Received By Job
	586203  -  Total Bytes Sent By Job
	62734  -  Total Bytes Received By Job
	Partitionable Resources :    Usage  Request          
	   Cpus                 :                 1          
	   Disk (KB)            :      659      659          
	   Memory (MB)          :       80       80          
...
000 (786588.000.000) 10/07 11:12:59 Job submitted from host: <18.12.1.74:45913>
...
001 (786588.000.000) 10/07 11:22:17 Job executing on host: <18.12.8.210:46789>
...
006 (786588.000.000) 10/07 11:22:32 Image size of job updated: 193796
	78  -  MemoryUsage of job (MB)
	79128  -  ResidentSetSize of job (KB)
...
006 (786588.000.000) 10/07 11:24:03 Image size of job updated: 230520
	78  -  MemoryUsage of job (MB)
	79128  -  ResidentSetSize of job (KB)
...
005 (786588.000.000) 10/07 11:24:03 Job terminated.
	(1) Normal termination (return value 0)
		Usr 0 00:00:55, Sys 0 00:00:00  -  Run Remote Usage
		Usr 0 00:00:00, Sys 0 00:00:00  -  Run Local Usage
		Usr 0 00:00:55, Sys 0 00:00:00  -  Total Remote Usage
		Usr 0 00:00:00, Sys 0 00:00:00  -  Total Local Usage
	585286  -  Run Bytes Sent By Job
	62746  -  Run Bytes Received By Job
	585286  -  Total Bytes Sent By Job
	62746  -  Total Bytes Received By Job
	Partitionable Resources :    Usage  Request          
	   Cpus                 :                 1          
	   Disk (KB)            :      658      658          
	   Memory (MB)          :       78       78          
...
000 (787515.000.000) 10/08 12:42:45 Job submitted from host: <18.12.1.74:45913>
...
001 (787515.000.000) 10/08 12:48:06 Job executing on host: <18.12.8.57:49344>
...
006 (787515.000.000) 10/08 12:48:14 Image size of job updated: 2
	3  -  MemoryUsage of job (MB)
	2348  -  ResidentSetSize of job (KB)
...
006 (787515.000.000) 10/08 12:49:37 Image size of job updated: 230524
	3  -  MemoryUsage of job (MB)
	2348  -  ResidentSetSize of job (KB)
...
005 (787515.000.000) 10/08 12:49:37 Job terminated.
	(1) Normal termination (return value 0)
		Usr 0 00:00:57, Sys 0 00:00:01  -  Run Remote Usage
		Usr 0 00:00:00, Sys 0 00:00:00  -  Run Local Usage
		Usr 0 00:00:57, Sys 0 00:00:01  -  Total Remote Usage
		Usr 0 00:00:00, Sys 0 00:00:00  -  Total Local Usage
	585143  -  Run Bytes Sent By Job
	62749  -  Run Bytes Received By Job
	585143  -  Total Bytes Sent By Job
	62749  -  Total Bytes Received By Job
	Partitionable Resources :    Usage  Request          
	   Cpus                 :                 1          
	   Disk (KB)            :      658      658          
	   Memory (MB)          :        3        3          
...
000 (787697.000.000) 10/08 14:27:17 Job submitted from host: <18.12.1.74:45913>
...
001 (787697.000.000) 10/08 14:42:46 Job executing on host: <18.12.9.60:42847>
...
006 (787697.000.000) 10/08 14:42:55 Image size of job updated: 229940
	94  -  MemoryUsage of job (MB)
	95260  -  ResidentSetSize of job (KB)
...
006 (787697.000.000) 10/08 14:44:01 Image size of job updated: 230520
	94  -  MemoryUsage of job (MB)
	95260  -  ResidentSetSize of job (KB)
...
005 (787697.000.000) 10/08 14:44:01 Job terminated.
	(1) Normal termination (return value 0)
		Usr 0 00:00:49, Sys 0 00:00:00  -  Run Remote Usage
		Usr 0 00:00:00, Sys 0 00:00:00  -  Run Local Usage
		Usr 0 00:00:49, Sys 0 00:00:00  -  Total Remote Usage
		Usr 0 00:00:00, Sys 0 00:00:00  -  Total Local Usage
	585262  -  Run Bytes Sent By Job
	62691  -  Run Bytes Received By Job
	585262  -  Total Bytes Sent By Job
	62691  -  Total Bytes Received By Job
	Partitionable Resources :    Usage  Request          
	   Cpus                 :                 1          
	   Disk (KB)            :      658      658          
	   Memory (MB)          :       94       94          
...
000 (787880.000.000) 10/08 15:16:38 Job submitted from host: <18.12.1.74:45913>
...
001 (787880.000.000) 10/08 15:28:54 Job executing on host: <18.12.8.25:40949>
...
006 (787880.000.000) 10/08 15:29:03 Image size of job updated: 2
	3  -  MemoryUsage of job (MB)
	2344  -  ResidentSetSize of job (KB)
...
006 (787880.000.000) 10/08 15:30:43 Image size of job updated: 230520
	3  -  MemoryUsage of job (MB)
	2344  -  ResidentSetSize of job (KB)
...
005 (787880.000.000) 10/08 15:30:43 Job terminated.
	(1) Normal termination (return value 0)
		Usr 0 00:01:11, Sys 0 00:00:02  -  Run Remote Usage
		Usr 0 00:00:00, Sys 0 00:00:00  -  Run Local Usage
		Usr 0 00:01:11, Sys 0 00:00:02  -  Total Remote Usage
		Usr 0 00:00:00, Sys 0 00:00:00  -  Total Local Usage
	585292  -  Run Bytes Sent By Job
	62696  -  Run Bytes Received By Job
	585292  -  Total Bytes Sent By Job
	62696  -  Total Bytes Received By Job
	Partitionable Resources :    Usage  Request          
	   Cpus                 :                 1          
	   Disk (KB)            :      658      658          
	   Memory (MB)          :        3        3          
...
000 (788790.000.000) 10/12 10:42:42 Job submitted from host: <18.12.1.74:45913>
...
001 (788790.000.000) 10/12 10:51:55 Job executing on host: <18.12.9.77:44015>
...
006 (788790.000.000) 10/12 10:52:03 Image size of job updated: 225000
	89  -  MemoryUsage of job (MB)
	90256  -  ResidentSetSize of job (KB)
...
006 (788790.000.000) 10/12 10:54:11 Image size of job updated: 230528
	89  -  MemoryUsage of job (MB)
	90256  -  ResidentSetSize of job (KB)
...
005 (788790.000.000) 10/12 10:54:11 Job terminated.
	(1) Normal termination (return value 0)
		Usr 0 00:00:53, Sys 0 00:00:00  -  Run Remote Usage
		Usr 0 00:00:00, Sys 0 00:00:00  -  Run Local Usage
		Usr 0 00:00:53, Sys 0 00:00:00  -  Total Remote Usage
		Usr 0 00:00:00, Sys 0 00:00:00  -  Total Local Usage
	585358  -  Run Bytes Sent By Job
	62704  -  Run Bytes Received By Job
	585358  -  Total Bytes Sent By Job
	62704  -  Total Bytes Received By Job
	Partitionable Resources :    Usage  Request          
	   Cpus                 :                 1          
	   Disk (KB)            :      658      658          
	   Memory (MB)          :       89       89          
...
