000 (556344.000.000) 08/12 14:10:47 Job submitted from host: <18.12.1.74:48322>
...
001 (556344.000.000) 08/12 14:25:08 Job executing on host: <18.12.12.10:42701>
...
006 (556344.000.000) 08/12 14:25:17 Image size of job updated: 2
	3  -  MemoryUsage of job (MB)
	2344  -  ResidentSetSize of job (KB)
...
006 (556344.000.000) 08/12 14:27:40 Image size of job updated: 230008
	3  -  MemoryUsage of job (MB)
	2344  -  ResidentSetSize of job (KB)
...
005 (556344.000.000) 08/12 14:27:40 Job terminated.
	(1) Normal termination (return value 0)
		Usr 0 00:00:27, Sys 0 00:00:00  -  Run Remote Usage
		Usr 0 00:00:00, Sys 0 00:00:00  -  Run Local Usage
		Usr 0 00:00:27, Sys 0 00:00:00  -  Total Remote Usage
		Usr 0 00:00:00, Sys 0 00:00:00  -  Total Local Usage
	586050  -  Run Bytes Sent By Job
	62715  -  Run Bytes Received By Job
	586050  -  Total Bytes Sent By Job
	62715  -  Total Bytes Received By Job
	Partitionable Resources :    Usage  Request          
	   Cpus                 :                 1          
	   Disk (KB)            :      659      659          
	   Memory (MB)          :        3        3          
...
000 (557604.000.000) 08/13 11:57:22 Job submitted from host: <18.12.1.74:48322>
...
001 (557604.000.000) 08/13 12:15:09 Job executing on host: <18.12.9.63:42190>
...
006 (557604.000.000) 08/13 12:15:18 Image size of job updated: 230012
	93  -  MemoryUsage of job (MB)
	94484  -  ResidentSetSize of job (KB)
...
005 (557604.000.000) 08/13 12:16:13 Job terminated.
	(1) Normal termination (return value 0)
		Usr 0 00:00:23, Sys 0 00:00:01  -  Run Remote Usage
		Usr 0 00:00:00, Sys 0 00:00:00  -  Run Local Usage
		Usr 0 00:00:23, Sys 0 00:00:01  -  Total Remote Usage
		Usr 0 00:00:00, Sys 0 00:00:00  -  Total Local Usage
	586108  -  Run Bytes Sent By Job
	62715  -  Run Bytes Received By Job
	586108  -  Total Bytes Sent By Job
	62715  -  Total Bytes Received By Job
	Partitionable Resources :    Usage  Request          
	   Cpus                 :                 1          
	   Disk (KB)            :      659      659          
	   Memory (MB)          :       93       93          
...
000 (558120.000.000) 08/13 14:31:06 Job submitted from host: <18.12.1.74:48322>
...
001 (558120.000.000) 08/13 14:49:02 Job executing on host: <18.12.9.50:43066>
...
006 (558120.000.000) 08/13 14:49:10 Image size of job updated: 2
	3  -  MemoryUsage of job (MB)
	2352  -  ResidentSetSize of job (KB)
...
006 (558120.000.000) 08/13 14:50:27 Image size of job updated: 230012
	3  -  MemoryUsage of job (MB)
	2352  -  ResidentSetSize of job (KB)
...
005 (558120.000.000) 08/13 14:50:28 Job terminated.
	(1) Normal termination (return value 0)
		Usr 0 00:00:23, Sys 0 00:00:00  -  Run Remote Usage
		Usr 0 00:00:00, Sys 0 00:00:00  -  Run Local Usage
		Usr 0 00:00:23, Sys 0 00:00:00  -  Total Remote Usage
		Usr 0 00:00:00, Sys 0 00:00:00  -  Total Local Usage
	586105  -  Run Bytes Sent By Job
	62714  -  Run Bytes Received By Job
	586105  -  Total Bytes Sent By Job
	62714  -  Total Bytes Received By Job
	Partitionable Resources :    Usage  Request          
	   Cpus                 :                 1          
	   Disk (KB)            :      659      659          
	   Memory (MB)          :        3        3          
...
000 (565457.000.000) 08/20 12:39:58 Job submitted from host: <18.12.1.74:48322>
...
001 (565457.000.000) 08/20 12:45:08 Job executing on host: <18.12.8.151:45256>
...
006 (565457.000.000) 08/20 12:45:19 Image size of job updated: 2
	3  -  MemoryUsage of job (MB)
	2336  -  ResidentSetSize of job (KB)
...
006 (565457.000.000) 08/20 12:46:05 Image size of job updated: 230020
	3  -  MemoryUsage of job (MB)
	2336  -  ResidentSetSize of job (KB)
...
005 (565457.000.000) 08/20 12:54:26 Job terminated.
	(1) Normal termination (return value 0)
		Usr 0 00:00:21, Sys 0 00:00:00  -  Run Remote Usage
		Usr 0 00:00:00, Sys 0 00:00:00  -  Run Local Usage
		Usr 0 00:00:21, Sys 0 00:00:00  -  Total Remote Usage
		Usr 0 00:00:00, Sys 0 00:00:00  -  Total Local Usage
	586108  -  Run Bytes Sent By Job
	62731  -  Run Bytes Received By Job
	586108  -  Total Bytes Sent By Job
	62731  -  Total Bytes Received By Job
	Partitionable Resources :    Usage  Request          
	   Cpus                 :                 1          
	   Disk (KB)            :      659      659          
	   Memory (MB)          :        3        3          
...
