000 (556054.000.000) 08/12 11:33:39 Job submitted from host: <18.12.1.74:48322>
...
001 (556054.000.000) 08/12 11:49:59 Job executing on host: <18.12.8.178:42190>
...
006 (556054.000.000) 08/12 11:50:07 Image size of job updated: 230452
	96  -  MemoryUsage of job (MB)
	98140  -  ResidentSetSize of job (KB)
...
006 (556054.000.000) 08/12 11:55:07 Image size of job updated: 230584
	114  -  MemoryUsage of job (MB)
	116600  -  ResidentSetSize of job (KB)
...
005 (556054.000.000) 08/12 12:10:27 Job terminated.
	(1) Normal termination (return value 0)
		Usr 0 00:01:23, Sys 0 00:00:01  -  Run Remote Usage
		Usr 0 00:00:00, Sys 0 00:00:00  -  Run Local Usage
		Usr 0 00:01:23, Sys 0 00:00:01  -  Total Remote Usage
		Usr 0 00:00:00, Sys 0 00:00:00  -  Total Local Usage
	586249  -  Run Bytes Sent By Job
	62715  -  Run Bytes Received By Job
	586249  -  Total Bytes Sent By Job
	62715  -  Total Bytes Received By Job
	Partitionable Resources :    Usage  Request          
	   Cpus                 :                 1          
	   Disk (KB)            :      659      659          
	   Memory (MB)          :      114      114          
...
000 (566423.000.000) 08/20 21:02:34 Job submitted from host: <18.12.1.74:48322>
...
007 (566423.000.000) 08/20 21:02:59 Shadow exception!
	Error from slot15@nubat0003.cmsaf.mit.edu: Failed to transfer files
	0  -  Run Bytes Sent By Job
	0  -  Run Bytes Received By Job
...
001 (566423.000.000) 08/20 21:03:02 Job executing on host: <18.12.6.34:42482>
...
006 (566423.000.000) 08/20 21:03:10 Image size of job updated: 75604
	18  -  MemoryUsage of job (MB)
	17780  -  ResidentSetSize of job (KB)
...
006 (566423.000.000) 08/20 21:06:18 Image size of job updated: 230592
	18  -  MemoryUsage of job (MB)
	17780  -  ResidentSetSize of job (KB)
...
022 (566423.000.000) 08/20 21:06:20 Job disconnected, attempting to reconnect
    Socket between submit and execute hosts closed unexpectedly
    Trying to reconnect to slot12@hibat0034.cmsaf.mit.edu <18.12.6.34:42482>
...
023 (566423.000.000) 08/20 21:06:21 Job reconnected to slot12@hibat0034.cmsaf.mit.edu
    startd address: <18.12.6.34:42482>
    starter address: <18.12.6.34:45913>
...
022 (566423.000.000) 08/20 21:06:24 Job disconnected, attempting to reconnect
    Socket between submit and execute hosts closed unexpectedly
    Trying to reconnect to slot12@hibat0034.cmsaf.mit.edu <18.12.6.34:42482>
...
023 (566423.000.000) 08/20 21:06:24 Job reconnected to slot12@hibat0034.cmsaf.mit.edu
    startd address: <18.12.6.34:42482>
    starter address: <18.12.6.34:45913>
...
005 (566423.000.000) 08/20 21:12:29 Job terminated.
	(1) Normal termination (return value 0)
		Usr 0 00:01:34, Sys 0 00:00:01  -  Run Remote Usage
		Usr 0 00:00:00, Sys 0 00:00:00  -  Run Local Usage
		Usr 0 00:01:34, Sys 0 00:00:01  -  Total Remote Usage
		Usr 0 00:00:00, Sys 0 00:00:00  -  Total Local Usage
	586158  -  Run Bytes Sent By Job
	62731  -  Run Bytes Received By Job
	586158  -  Total Bytes Sent By Job
	62731  -  Total Bytes Received By Job
	Partitionable Resources :    Usage  Request          
	   Cpus                 :                 1          
	   Disk (KB)            :      659      659          
	   Memory (MB)          :       18       18          
...
