000 (556331.000.000) 08/12 14:10:46 Job submitted from host: <18.12.1.74:48322>
...
001 (556331.000.000) 08/12 14:21:51 Job executing on host: <18.12.9.34:48906>
...
006 (556331.000.000) 08/12 14:22:00 Image size of job updated: 69172
	13  -  MemoryUsage of job (MB)
	13300  -  ResidentSetSize of job (KB)
...
006 (556331.000.000) 08/12 14:27:01 Image size of job updated: 230056
	112  -  MemoryUsage of job (MB)
	114656  -  ResidentSetSize of job (KB)
...
005 (556331.000.000) 08/12 14:27:04 Job terminated.
	(1) Normal termination (return value 0)
		Usr 0 00:00:41, Sys 0 00:00:02  -  Run Remote Usage
		Usr 0 00:00:00, Sys 0 00:00:00  -  Run Local Usage
		Usr 0 00:00:41, Sys 0 00:00:02  -  Total Remote Usage
		Usr 0 00:00:00, Sys 0 00:00:00  -  Total Local Usage
	586412  -  Run Bytes Sent By Job
	62715  -  Run Bytes Received By Job
	586412  -  Total Bytes Sent By Job
	62715  -  Total Bytes Received By Job
	Partitionable Resources :    Usage  Request          
	   Cpus                 :                 1          
	   Disk (KB)            :      659      659          
	   Memory (MB)          :      112      112          
...
000 (557591.000.000) 08/13 11:57:21 Job submitted from host: <18.12.1.74:48322>
...
001 (557591.000.000) 08/13 12:11:00 Job executing on host: <18.12.9.44:45183>
...
006 (557591.000.000) 08/13 12:11:09 Image size of job updated: 2
	3  -  MemoryUsage of job (MB)
	2348  -  ResidentSetSize of job (KB)
...
006 (557591.000.000) 08/13 12:15:38 Image size of job updated: 230060
	3  -  MemoryUsage of job (MB)
	2348  -  ResidentSetSize of job (KB)
...
005 (557591.000.000) 08/13 12:15:38 Job terminated.
	(1) Normal termination (return value 0)
		Usr 0 00:00:43, Sys 0 00:00:01  -  Run Remote Usage
		Usr 0 00:00:00, Sys 0 00:00:00  -  Run Local Usage
		Usr 0 00:00:43, Sys 0 00:00:01  -  Total Remote Usage
		Usr 0 00:00:00, Sys 0 00:00:00  -  Total Local Usage
	586197  -  Run Bytes Sent By Job
	62715  -  Run Bytes Received By Job
	586197  -  Total Bytes Sent By Job
	62715  -  Total Bytes Received By Job
	Partitionable Resources :    Usage  Request          
	   Cpus                 :                 1          
	   Disk (KB)            :      659      659          
	   Memory (MB)          :        3        3          
...
000 (558107.000.000) 08/13 14:31:04 Job submitted from host: <18.12.1.74:48322>
...
001 (558107.000.000) 08/13 14:43:21 Job executing on host: <18.12.9.51:45549>
...
006 (558107.000.000) 08/13 14:43:30 Image size of job updated: 2
	3  -  MemoryUsage of job (MB)
	2352  -  ResidentSetSize of job (KB)
...
006 (558107.000.000) 08/13 14:45:15 Image size of job updated: 230056
	3  -  MemoryUsage of job (MB)
	2352  -  ResidentSetSize of job (KB)
...
005 (558107.000.000) 08/13 14:45:15 Job terminated.
	(1) Normal termination (return value 0)
		Usr 0 00:00:37, Sys 0 00:00:01  -  Run Remote Usage
		Usr 0 00:00:00, Sys 0 00:00:00  -  Run Local Usage
		Usr 0 00:00:37, Sys 0 00:00:01  -  Total Remote Usage
		Usr 0 00:00:00, Sys 0 00:00:00  -  Total Local Usage
	586128  -  Run Bytes Sent By Job
	62714  -  Run Bytes Received By Job
	586128  -  Total Bytes Sent By Job
	62714  -  Total Bytes Received By Job
	Partitionable Resources :    Usage  Request          
	   Cpus                 :                 1          
	   Disk (KB)            :      659      659          
	   Memory (MB)          :        3        3          
...
000 (565444.000.000) 08/20 12:36:54 Job submitted from host: <18.12.1.74:48322>
...
001 (565444.000.000) 08/20 12:44:30 Job executing on host: <18.12.9.9:40511>
...
006 (565444.000.000) 08/20 12:44:39 Image size of job updated: 230060
	93  -  MemoryUsage of job (MB)
	95180  -  ResidentSetSize of job (KB)
...
005 (565444.000.000) 08/20 12:55:16 Job terminated.
	(1) Normal termination (return value 0)
		Usr 0 00:00:43, Sys 0 00:00:00  -  Run Remote Usage
		Usr 0 00:00:00, Sys 0 00:00:00  -  Run Local Usage
		Usr 0 00:00:43, Sys 0 00:00:00  -  Total Remote Usage
		Usr 0 00:00:00, Sys 0 00:00:00  -  Total Local Usage
	585987  -  Run Bytes Sent By Job
	62731  -  Run Bytes Received By Job
	585987  -  Total Bytes Sent By Job
	62731  -  Total Bytes Received By Job
	Partitionable Resources :    Usage  Request          
	   Cpus                 :                 1          
	   Disk (KB)            :      659      659          
	   Memory (MB)          :       93       93          
...
