
----------------------------------------------------
Job started on Thu Aug 20 20:30:00 EDT 2015 at WN: t2bat0323.cmsaf.mit.edu 
Job is running on Linux t2bat0323.cmsaf.mit.edu 2.6.32-358.el6.x86_64 #1 SMP Fri Feb 22 20:37:17 CST 2013 x86_64 x86_64 x86_64 GNU/Linux
Filesystem            Size  Used Avail Use% Mounted on
/dev/sda3              20G   14G  5.3G  73% /
tmpfs                  32G     0   32G   0% /dev/shm
/dev/sda1              97M   32M   61M  35% /boot
/dev/sda4             416G  109G  307G  27% /export/data1
fuse_dfs              4.9P  4.6P  323T  94% /mnt/hadoop
/dev/sdb1             3.6T  3.4T  266G  93% /export/00b
/dev/sdc1             3.6T  3.4T  270G  93% /export/00c
/dev/sdd1             3.6T  3.4T  251G  94% /export/00d
/dev/sde1             3.6T  3.4T  258G  93% /export/00e
/dev/sdf1             3.6T  3.4T  266G  93% /export/00f
/dev/sdg1             3.6T  3.4T  273G  93% /export/00g
cvmfs2                 98G   79G   20G  81% /cvmfs/cms.cern.ch
t2srv0004:/export/db  135G  187M  135G   1% /net/t2srv0004/db
cvmfs2                 98G   79G   20G  81% /cvmfs/cvmfs.cmsaf.mit.edu
cvmfs2                 98G   79G   20G  81% /cvmfs/oasis.opensciencegrid.org
cvmfs2                 98G   79G   20G  81% /cvmfs/cdfcfs.fnal.gov
gcc (GCC) 4.4.7 20120313 (Red Hat 4.4.7-3)
Copyright (C) 2010 Free Software Foundation, Inc.
This is free software; see the source for copying conditions.  There is NO
warranty; not even for MERCHANTABILITY or FITNESS FOR A PARTICULAR PURPOSE.

Processing...
0/246222
10000/246222
20000/246222
30000/246222
40000/246222
50000/246222
60000/246222
70000/246222
80000/246222
90000/246222
100000/246222
110000/246222
120000/246222
130000/246222
140000/246222
150000/246222
160000/246222
170000/246222
180000/246222
190000/246222
200000/246222
210000/246222
220000/246222
230000/246222
240000/246222
Macro finished: 
CPU time (min)  = 1.88133
Real time (min) = 2.94523
total 2.1M
-rw-r--r--  1 obaron obaron  94K Aug 20 13:21 jetRAA_PbPb_data_akPu2_select.txt
-rw-r--r--  1 obaron obaron  94K Aug 20 13:21 jetRAA_PbPb_data_akPu4_select.txt
-rw-r--r--  1 obaron obaron 108K Aug 20 13:22 jetRAA_PbPb_data_forest.txt
-rw-r--r--  1 obaron obaron  94K Aug 20 13:22 jetRAA_PbPb_data_akPu3_select.txt
-rw-r--r--  1 obaron obaron  70K Aug 20 20:03 RAA_read_data_pbpb.C
-rw-r--r--  1 obaron obaron  11K Aug 20 20:04 RAA_read_data_pbpb_C.d
-rwxr-xr-x  1 obaron obaron 101K Aug 20 20:05 RAA_read_data_pbpb_C.so
-rw-r--r--  1 condor condor  20K Aug 20 20:29 .job.ad
-rw-r--r--  1 condor condor 5.6K Aug 20 20:29 .machine.ad
-rwx------  1 obaron obaron   49 Aug 20 20:29 .chirp.config
-rw-rw-r--  1 obaron obaron  61K Aug 20 20:29 jetRAA_run_PbPb_Data.tar
-rwxr-xr-x  1 obaron obaron 1.2K Aug 20 20:29 condor_exec.exe
drwx------  2 obaron obaron 4.0K Aug 20 20:30 .
-rw-r--r--  1 obaron obaron  678 Aug 20 20:30 _condor_stderr
drwxr-xr-x 32 condor root   4.0K Aug 20 20:31 ..
-rw-r--r--  1 obaron obaron 1.9K Aug 20 20:32 _condor_stdout
-rw-r--r--  1 obaron obaron 1.4M Aug 20 20:32 PbPb_Data_histograms_FromForest_pileupCutFIX_ZDCmCut_akPu3_20_eta_20_835.root
Done!
Copied output files to hadoop rootfiles/JetRAA/June29
