
----------------------------------------------------
Job started on Mon Oct 12 09:48:37 EDT 2015 at WN: nubat0002.cmsaf.mit.edu 
Job is running on Linux nubat0002.cmsaf.mit.edu 2.6.32-358.el6.x86_64 #1 SMP Fri Feb 22 20:37:17 CST 2013 x86_64 x86_64 x86_64 GNU/Linux
Filesystem            Size  Used Avail Use% Mounted on
/dev/sda3              20G  3.8G   15G  20% /
tmpfs                  12G     0   12G   0% /dev/shm
/dev/sda1              97M   32M   61M  35% /boot
/dev/sda4             1.8T   19G  1.8T   2% /export/data1
/dev/sdb1             1.8T  1.6T  289G  85% /export/00b
/dev/sdc1             1.8T  1.5T  307G  84% /export/00c
/dev/sdd1             1.8T  1.6T  288G  85% /export/00d
/dev/sde1             2.7T  2.0T  711G  75% /export/00e
/dev/sdf1             2.7T  2.1T  681G  76% /export/00f
fuse_dfs              5.0P  4.0P  1.1P  80% /mnt/hadoop
cvmfs2                 98G   15G   83G  16% /cvmfs/cms.cern.ch
t2srv0004:/export/db  135G  187M  135G   1% /net/t2srv0004/db
gcc (GCC) 4.4.7 20120313 (Red Hat 4.4.7-3)
Copyright (C) 2010 Free Software Foundation, Inc.
This is free software; see the source for copying conditions.  There is NO
warranty; not even for MERCHANTABILITY or FITNESS FOR A PARTICULAR PURPOSE.

Processing...
0/85910
10000/85910
20000/85910
30000/85910
40000/85910
50000/85910
60000/85910
70000/85910
80000/85910
Macro finished: 
CPU time (min)  = 1.01383
Real time (min) = 7.49912
total 1.5M
-rw-r--r--  1 obaron obaron 108K Oct  9 10:24 jetRAA_PbPb_data_forest.txt
-rw-r--r--  1 obaron obaron  94K Oct  9 10:24 jetRAA_PbPb_data_akPu4_select.txt
-rw-r--r--  1 obaron obaron  94K Oct  9 10:24 jetRAA_PbPb_data_akPu3_select.txt
-rw-r--r--  1 obaron obaron  94K Oct  9 10:24 jetRAA_PbPb_data_akPu2_select.txt
-rw-r--r--  1 obaron obaron  70K Oct 12 09:36 RAA_read_data_pbpb.C
-rw-r--r--  1 obaron obaron  11K Oct 12 09:36 RAA_read_data_pbpb_C.d
-rwxr-xr-x  1 obaron obaron 101K Oct 12 09:36 RAA_read_data_pbpb_C.so
-rw-rw-r--  1 obaron obaron  61K Oct 12 09:48 jetRAA_run_PbPb_Data.tar
-rwxr-xr-x  1 obaron obaron 1.2K Oct 12 09:48 condor_exec.exe
drwxr-xr-x 19 condor root   4.0K Oct 12 09:48 ..
-rw-r--r--  1 condor condor 5.4K Oct 12 09:48 .machine.ad
-rw-r--r--  1 condor condor  20K Oct 12 09:48 .job.ad
-rwx------  1 obaron obaron   50 Oct 12 09:48 .chirp.config
-rw-r--r--  1 obaron obaron    0 Oct 12 09:48 _condor_stderr
drwx------  2 obaron obaron 4.0K Oct 12 09:48 .
-rw-r--r--  1 obaron obaron 1.4K Oct 12 09:56 _condor_stdout
-rw-r--r--  1 obaron obaron 836K Oct 12 09:56 PbPb_Data_histograms_FromForest_pileupCutFIX_ZDCmCut_30GeVcut_akPu2_20_eta_20_130.root
Done!
Copied output files to hadoop rootfiles/JetRAA/June29
