
----------------------------------------------------
Job started on Thu Aug 20 12:45:28 EDT 2015 at WN: t2bat0138.cmsaf.mit.edu 
Job is running on Linux t2bat0138.cmsaf.mit.edu 2.6.32-358.el6.x86_64 #1 SMP Fri Feb 22 20:37:17 CST 2013 x86_64 x86_64 x86_64 GNU/Linux
Filesystem            Size  Used Avail Use% Mounted on
/dev/sda3              20G  3.5G   16G  19% /
tmpfs                 7.8G     0  7.8G   0% /dev/shm
/dev/sda1              97M   33M   60M  36% /boot
/dev/sda4             415G   84G  332G  21% /export/data1
/dev/sdb1             1.8T  1.7T  126G  94% /export/00b
/dev/sdc1             1.8T  1.7T  138G  93% /export/00c
/dev/sdd1             1.8T  1.7T  132G  93% /export/00d
/dev/sde1             1.8T  1.7T  136G  93% /export/00e
/dev/sdf1             1.8T  1.7T  135G  93% /export/00f
fuse_dfs              4.9P  4.6P  328T  94% /mnt/hadoop
t2srv0004:/export/db  135G  187M  135G   1% /net/t2srv0004/db
cvmfs2                 98G   81G   18G  83% /cvmfs/cms.cern.ch
gcc (GCC) 4.4.7 20120313 (Red Hat 4.4.7-3)
Copyright (C) 2010 Free Software Foundation, Inc.
This is free software; see the source for copying conditions.  There is NO
warranty; not even for MERCHANTABILITY or FITNESS FOR A PARTICULAR PURPOSE.

Processing...
0/78516
10000/78516
20000/78516
30000/78516
40000/78516
50000/78516
60000/78516
70000/78516
Macro finished: 
CPU time (min)  = 0.627
Real time (min) = 0.881579
total 1.6M
-rw-r--r-- 1 obaron obaron 108K Aug 13 15:28 jetRAA_PbPb_data_forest.txt
-rw-r--r-- 1 obaron obaron  94K Aug 13 15:28 jetRAA_PbPb_data_akPu4_select.txt
-rw-r--r-- 1 obaron obaron  94K Aug 13 15:28 jetRAA_PbPb_data_akPu3_select.txt
-rw-r--r-- 1 obaron obaron  94K Aug 13 15:28 jetRAA_PbPb_data_akPu2_select.txt
-rw-r--r-- 1 obaron obaron  70K Aug 20 12:29 RAA_read_data_pbpb.C
-rw-r--r-- 1 obaron obaron  11K Aug 20 12:30 RAA_read_data_pbpb_C.d
-rwxr-xr-x 1 obaron obaron 101K Aug 20 12:30 RAA_read_data_pbpb_C.so
drwxr-xr-x 8 condor root   4.0K Aug 20 12:45 ..
-rw-r--r-- 1 condor condor 5.4K Aug 20 12:45 .machine.ad
-rw-r--r-- 1 condor condor  20K Aug 20 12:45 .job.ad
-rwx------ 1 obaron obaron   50 Aug 20 12:45 .chirp.config
-rw-rw-r-- 1 obaron obaron  61K Aug 20 12:45 jetRAA_run_PbPb_Data.tar
-rwxr-xr-x 1 obaron obaron 1.2K Aug 20 12:45 condor_exec.exe
drwx------ 2 obaron obaron 4.0K Aug 20 12:45 .
-rw-r--r-- 1 obaron obaron  678 Aug 20 12:45 _condor_stderr
-rw-r--r-- 1 obaron obaron 1.4K Aug 20 12:46 _condor_stdout
-rw-r--r-- 1 obaron obaron 932K Aug 20 12:46 PbPb_Data_histograms_FromForest_pileupCutFIX_ZDCmCut_akPu4_20_eta_20_255.root
Done!
Copied output files to hadoop rootfiles/JetRAA/June29
