000 (556315.000.000) 08/12 14:10:44 Job submitted from host: <18.12.1.74:48322>
...
001 (556315.000.000) 08/12 14:14:04 Job executing on host: <18.12.8.14:43942>
...
006 (556315.000.000) 08/12 14:14:12 Image size of job updated: 187640
	71  -  MemoryUsage of job (MB)
	72592  -  ResidentSetSize of job (KB)
...
006 (556315.000.000) 08/12 14:19:12 Image size of job updated: 230028
	109  -  MemoryUsage of job (MB)
	111512  -  ResidentSetSize of job (KB)
...
005 (556315.000.000) 08/12 14:23:01 Job terminated.
	(1) Normal termination (return value 0)
		Usr 0 00:00:43, Sys 0 00:00:02  -  Run Remote Usage
		Usr 0 00:00:00, Sys 0 00:00:00  -  Run Local Usage
		Usr 0 00:00:43, Sys 0 00:00:02  -  Total Remote Usage
		Usr 0 00:00:00, Sys 0 00:00:00  -  Total Local Usage
	586196  -  Run Bytes Sent By Job
	62715  -  Run Bytes Received By Job
	586196  -  Total Bytes Sent By Job
	62715  -  Total Bytes Received By Job
	Partitionable Resources :    Usage  Request          
	   Cpus                 :                 1          
	   Disk (KB)            :      659      659          
	   Memory (MB)          :      109      109          
...
000 (557575.000.000) 08/13 11:57:20 Job submitted from host: <18.12.1.74:48322>
...
001 (557575.000.000) 08/13 12:04:00 Job executing on host: <18.12.9.80:43650>
...
006 (557575.000.000) 08/13 12:04:09 Image size of job updated: 69172
	17  -  MemoryUsage of job (MB)
	17024  -  ResidentSetSize of job (KB)
...
006 (557575.000.000) 08/13 12:05:31 Image size of job updated: 230028
	17  -  MemoryUsage of job (MB)
	17024  -  ResidentSetSize of job (KB)
...
005 (557575.000.000) 08/13 12:05:32 Job terminated.
	(1) Normal termination (return value 0)
		Usr 0 00:00:34, Sys 0 00:00:01  -  Run Remote Usage
		Usr 0 00:00:00, Sys 0 00:00:00  -  Run Local Usage
		Usr 0 00:00:34, Sys 0 00:00:01  -  Total Remote Usage
		Usr 0 00:00:00, Sys 0 00:00:00  -  Total Local Usage
	585913  -  Run Bytes Sent By Job
	62715  -  Run Bytes Received By Job
	585913  -  Total Bytes Sent By Job
	62715  -  Total Bytes Received By Job
	Partitionable Resources :    Usage  Request          
	   Cpus                 :                 1          
	   Disk (KB)            :      658      658          
	   Memory (MB)          :       17       17          
...
000 (558091.000.000) 08/13 14:31:03 Job submitted from host: <18.12.1.74:48322>
...
001 (558091.000.000) 08/13 14:37:29 Job executing on host: <18.12.9.51:45549>
...
006 (558091.000.000) 08/13 14:37:38 Image size of job updated: 228048
	91  -  MemoryUsage of job (MB)
	92860  -  ResidentSetSize of job (KB)
...
006 (558091.000.000) 08/13 14:38:44 Image size of job updated: 230020
	91  -  MemoryUsage of job (MB)
	92860  -  ResidentSetSize of job (KB)
...
005 (558091.000.000) 08/13 14:38:44 Job terminated.
	(1) Normal termination (return value 0)
		Usr 0 00:00:32, Sys 0 00:00:01  -  Run Remote Usage
		Usr 0 00:00:00, Sys 0 00:00:00  -  Run Local Usage
		Usr 0 00:00:32, Sys 0 00:00:01  -  Total Remote Usage
		Usr 0 00:00:00, Sys 0 00:00:00  -  Total Local Usage
	586131  -  Run Bytes Sent By Job
	62714  -  Run Bytes Received By Job
	586131  -  Total Bytes Sent By Job
	62714  -  Total Bytes Received By Job
	Partitionable Resources :    Usage  Request          
	   Cpus                 :                 1          
	   Disk (KB)            :      659      659          
	   Memory (MB)          :       91       91          
...
000 (565428.000.000) 08/20 12:34:43 Job submitted from host: <18.12.1.74:48322>
...
001 (565428.000.000) 08/20 12:37:16 Job executing on host: <18.12.9.41:47519>
...
006 (565428.000.000) 08/20 12:37:25 Image size of job updated: 2
	3  -  MemoryUsage of job (MB)
	2348  -  ResidentSetSize of job (KB)
...
006 (565428.000.000) 08/20 12:38:56 Image size of job updated: 230024
	3  -  MemoryUsage of job (MB)
	2348  -  ResidentSetSize of job (KB)
...
022 (565428.000.000) 08/20 12:39:01 Job disconnected, attempting to reconnect
    Socket between submit and execute hosts closed unexpectedly
    Trying to reconnect to slot26@t2bat0297.cmsaf.mit.edu <18.12.9.41:47519>
...
023 (565428.000.000) 08/20 12:39:01 Job reconnected to slot26@t2bat0297.cmsaf.mit.edu
    startd address: <18.12.9.41:47519>
    starter address: <18.12.9.41:40584>
...
005 (565428.000.000) 08/20 12:47:38 Job terminated.
	(1) Normal termination (return value 0)
		Usr 0 00:00:35, Sys 0 00:00:01  -  Run Remote Usage
		Usr 0 00:00:00, Sys 0 00:00:00  -  Run Local Usage
		Usr 0 00:00:35, Sys 0 00:00:01  -  Total Remote Usage
		Usr 0 00:00:00, Sys 0 00:00:00  -  Total Local Usage
	586466  -  Run Bytes Sent By Job
	62731  -  Run Bytes Received By Job
	586466  -  Total Bytes Sent By Job
	62731  -  Total Bytes Received By Job
	Partitionable Resources :    Usage  Request          
	   Cpus                 :                 1          
	   Disk (KB)            :      659      659          
	   Memory (MB)          :        3        3          
...
