000 (556336.000.000) 08/12 14:10:46 Job submitted from host: <18.12.1.74:48322>
...
001 (556336.000.000) 08/12 14:22:28 Job executing on host: <18.12.12.10:42701>
...
006 (556336.000.000) 08/12 14:22:37 Image size of job updated: 52428
	3  -  MemoryUsage of job (MB)
	2432  -  ResidentSetSize of job (KB)
...
006 (556336.000.000) 08/12 14:25:02 Image size of job updated: 230036
	3  -  MemoryUsage of job (MB)
	2432  -  ResidentSetSize of job (KB)
...
005 (556336.000.000) 08/12 14:25:02 Job terminated.
	(1) Normal termination (return value 0)
		Usr 0 00:00:37, Sys 0 00:00:00  -  Run Remote Usage
		Usr 0 00:00:00, Sys 0 00:00:00  -  Run Local Usage
		Usr 0 00:00:37, Sys 0 00:00:00  -  Total Remote Usage
		Usr 0 00:00:00, Sys 0 00:00:00  -  Total Local Usage
	586064  -  Run Bytes Sent By Job
	62715  -  Run Bytes Received By Job
	586064  -  Total Bytes Sent By Job
	62715  -  Total Bytes Received By Job
	Partitionable Resources :    Usage  Request          
	   Cpus                 :                 1          
	   Disk (KB)            :      659      659          
	   Memory (MB)          :        3        3          
...
000 (557596.000.000) 08/13 11:57:22 Job submitted from host: <18.12.1.74:48322>
...
001 (557596.000.000) 08/13 12:12:42 Job executing on host: <18.12.9.52:43066>
...
006 (557596.000.000) 08/13 12:12:51 Image size of job updated: 2
	3  -  MemoryUsage of job (MB)
	2352  -  ResidentSetSize of job (KB)
...
006 (557596.000.000) 08/13 12:14:29 Image size of job updated: 230036
	3  -  MemoryUsage of job (MB)
	2352  -  ResidentSetSize of job (KB)
...
005 (557596.000.000) 08/13 12:14:29 Job terminated.
	(1) Normal termination (return value 0)
		Usr 0 00:00:36, Sys 0 00:00:01  -  Run Remote Usage
		Usr 0 00:00:00, Sys 0 00:00:00  -  Run Local Usage
		Usr 0 00:00:36, Sys 0 00:00:01  -  Total Remote Usage
		Usr 0 00:00:00, Sys 0 00:00:00  -  Total Local Usage
	586120  -  Run Bytes Sent By Job
	62715  -  Run Bytes Received By Job
	586120  -  Total Bytes Sent By Job
	62715  -  Total Bytes Received By Job
	Partitionable Resources :    Usage  Request          
	   Cpus                 :                 1          
	   Disk (KB)            :      659      659          
	   Memory (MB)          :        3        3          
...
000 (558112.000.000) 08/13 14:31:05 Job submitted from host: <18.12.1.74:48322>
...
001 (558112.000.000) 08/13 14:45:49 Job executing on host: <18.12.9.43:40073>
...
006 (558112.000.000) 08/13 14:45:57 Image size of job updated: 2
	3  -  MemoryUsage of job (MB)
	2364  -  ResidentSetSize of job (KB)
...
006 (558112.000.000) 08/13 14:49:33 Image size of job updated: 230520
	3  -  MemoryUsage of job (MB)
	2364  -  ResidentSetSize of job (KB)
...
005 (558112.000.000) 08/13 14:49:33 Job terminated.
	(1) Normal termination (return value 0)
		Usr 0 00:00:37, Sys 0 00:00:01  -  Run Remote Usage
		Usr 0 00:00:00, Sys 0 00:00:00  -  Run Local Usage
		Usr 0 00:00:37, Sys 0 00:00:01  -  Total Remote Usage
		Usr 0 00:00:00, Sys 0 00:00:00  -  Total Local Usage
	586397  -  Run Bytes Sent By Job
	62714  -  Run Bytes Received By Job
	586397  -  Total Bytes Sent By Job
	62714  -  Total Bytes Received By Job
	Partitionable Resources :    Usage  Request          
	   Cpus                 :                 1          
	   Disk (KB)            :      659      659          
	   Memory (MB)          :        3        3          
...
000 (565449.000.000) 08/20 12:37:40 Job submitted from host: <18.12.1.74:48322>
...
001 (565449.000.000) 08/20 12:44:44 Job executing on host: <18.12.9.16:48322>
...
006 (565449.000.000) 08/20 12:44:54 Image size of job updated: 230036
	93  -  MemoryUsage of job (MB)
	94904  -  ResidentSetSize of job (KB)
...
005 (565449.000.000) 08/20 12:54:05 Job terminated.
	(1) Normal termination (return value 0)
		Usr 0 00:00:31, Sys 0 00:00:00  -  Run Remote Usage
		Usr 0 00:00:00, Sys 0 00:00:00  -  Run Local Usage
		Usr 0 00:00:31, Sys 0 00:00:00  -  Total Remote Usage
		Usr 0 00:00:00, Sys 0 00:00:00  -  Total Local Usage
	585975  -  Run Bytes Sent By Job
	62731  -  Run Bytes Received By Job
	585975  -  Total Bytes Sent By Job
	62731  -  Total Bytes Received By Job
	Partitionable Resources :    Usage  Request          
	   Cpus                 :                 1          
	   Disk (KB)            :      659      659          
	   Memory (MB)          :       93       93          
...
