
----------------------------------------------------
Job started on Mon Oct 12 11:42:35 EDT 2015 at WN: t2bat0059.cmsaf.mit.edu 
Job is running on Linux t2bat0059.cmsaf.mit.edu 2.6.32-358.el6.x86_64 #1 SMP Fri Feb 22 20:37:17 CST 2013 x86_64 x86_64 x86_64 GNU/Linux
Filesystem            Size  Used Avail Use% Mounted on
/dev/sda3              20G  3.0G   16G  16% /
tmpfs                 7.8G     0  7.8G   0% /dev/shm
/dev/sda1              97M   33M   60M  36% /boot
/dev/sda4             415G   54G  362G  13% /export/data1
/dev/sdb1             1.8T  1.5T  382G  80% /export/00b
/dev/sdc1             1.8T  1.5T  387G  79% /export/00c
/dev/sdd1             1.8T  1.5T  374G  80% /export/00d
/dev/sde1             1.8T  1.5T  388G  79% /export/00e
/dev/sdf1             1.8T  1.5T  382G  80% /export/00f
fuse_dfs              5.0P  4.0P  1.1P  80% /mnt/hadoop
cvmfs2                 98G   51G   47G  53% /cvmfs/cms.cern.ch
t2srv0004:/export/db  135G  187M  135G   1% /net/t2srv0004/db
cvmfs2                 98G   51G   47G  53% /cvmfs/oasis.opensciencegrid.org
cvmfs2                 98G   51G   47G  53% /cvmfs/cdfcfs.fnal.gov
cvmfs2                 98G   51G   47G  53% /cvmfs/cvmfs.cmsaf.mit.edu
gcc (GCC) 4.4.7 20120313 (Red Hat 4.4.7-3)
Copyright (C) 2010 Free Software Foundation, Inc.
This is free software; see the source for copying conditions.  There is NO
warranty; not even for MERCHANTABILITY or FITNESS FOR A PARTICULAR PURPOSE.

Processing...
0/216436
10000/216436
20000/216436
30000/216436
40000/216436
50000/216436
60000/216436
70000/216436
80000/216436
90000/216436
100000/216436
110000/216436
120000/216436
130000/216436
140000/216436
150000/216436
160000/216436
170000/216436
180000/216436
190000/216436
200000/216436
210000/216436
Macro finished: 
CPU time (min)  = 2.32183
Real time (min) = 2.81115
total 1.7M
-rw-r--r--  1 obaron obaron 108K Oct 12 11:01 jetRAA_PbPb_data_forest.txt
-rw-r--r--  1 obaron obaron  94K Oct 12 11:01 jetRAA_PbPb_data_akPu4_select.txt
-rw-r--r--  1 obaron obaron  94K Oct 12 11:01 jetRAA_PbPb_data_akPu3_select.txt
-rw-r--r--  1 obaron obaron  94K Oct 12 11:01 jetRAA_PbPb_data_akPu2_select.txt
-rw-r--r--  1 obaron obaron  70K Oct 12 11:21 RAA_read_data_pbpb.C
-rw-r--r--  1 obaron obaron  11K Oct 12 11:21 RAA_read_data_pbpb_C.d
-rwxr-xr-x  1 obaron obaron 101K Oct 12 11:21 RAA_read_data_pbpb_C.so
-rw-rw-r--  1 obaron obaron  61K Oct 12 11:42 jetRAA_run_PbPb_Data.tar
-rwxr-xr-x  1 obaron obaron 1.2K Oct 12 11:42 condor_exec.exe
drwxr-xr-x 10 condor root   4.0K Oct 12 11:42 ..
-rw-r--r--  1 condor condor 5.6K Oct 12 11:42 .machine.ad
-rw-r--r--  1 condor condor  20K Oct 12 11:42 .job.ad
-rwx------  1 obaron obaron   49 Oct 12 11:42 .chirp.config
-rw-r--r--  1 obaron obaron    0 Oct 12 11:42 _condor_stderr
drwx------  2 obaron obaron 4.0K Oct 12 11:42 .
-rw-r--r--  1 obaron obaron 1.8K Oct 12 11:45 _condor_stdout
-rw-r--r--  1 obaron obaron 1.1M Oct 12 11:45 PbPb_Data_histograms_FromForest_pileupCutFIX_ZDCmCut_30GeVcut_akPu4_20_eta_20_645.root
Done!
Copied output files to hadoop rootfiles/JetRAA/June29
