000 (556082.000.000) 08/12 11:33:42 Job submitted from host: <18.12.1.74:48322>
...
001 (556082.000.000) 08/12 11:54:11 Job executing on host: <18.12.9.49:41460>
...
006 (556082.000.000) 08/12 11:54:19 Image size of job updated: 2
	3  -  MemoryUsage of job (MB)
	2348  -  ResidentSetSize of job (KB)
...
006 (556082.000.000) 08/12 11:59:19 Image size of job updated: 230316
	106  -  MemoryUsage of job (MB)
	107936  -  ResidentSetSize of job (KB)
...
006 (556082.000.000) 08/12 12:04:19 Image size of job updated: 230316
	108  -  MemoryUsage of job (MB)
	110492  -  ResidentSetSize of job (KB)
...
005 (556082.000.000) 08/12 12:06:10 Job terminated.
	(1) Normal termination (return value 0)
		Usr 0 00:01:06, Sys 0 00:00:03  -  Run Remote Usage
		Usr 0 00:00:00, Sys 0 00:00:00  -  Run Local Usage
		Usr 0 00:01:06, Sys 0 00:00:03  -  Total Remote Usage
		Usr 0 00:00:00, Sys 0 00:00:00  -  Total Local Usage
	586005  -  Run Bytes Sent By Job
	62715  -  Run Bytes Received By Job
	586005  -  Total Bytes Sent By Job
	62715  -  Total Bytes Received By Job
	Partitionable Resources :    Usage  Request          
	   Cpus                 :                 1          
	   Disk (KB)            :      659      659          
	   Memory (MB)          :      108      108          
...
000 (566451.000.000) 08/20 21:04:44 Job submitted from host: <18.12.1.74:48322>
...
007 (566451.000.000) 08/20 21:05:33 Shadow exception!
	Error from slot24@t2bat0324.cmsaf.mit.edu: Failed to transfer files
	0  -  Run Bytes Sent By Job
	0  -  Run Bytes Received By Job
...
007 (566451.000.000) 08/20 21:05:41 Shadow exception!
	Error from slot18@t2bat0334.cmsaf.mit.edu: Failed to transfer files
	0  -  Run Bytes Sent By Job
	0  -  Run Bytes Received By Job
...
001 (566451.000.000) 08/20 21:06:00 Job executing on host: <18.12.8.12:45037>
...
006 (566451.000.000) 08/20 21:06:09 Image size of job updated: 188912
	73  -  MemoryUsage of job (MB)
	74436  -  ResidentSetSize of job (KB)
...
006 (566451.000.000) 08/20 21:10:20 Image size of job updated: 230316
	73  -  MemoryUsage of job (MB)
	74436  -  ResidentSetSize of job (KB)
...
005 (566451.000.000) 08/20 21:16:38 Job terminated.
	(1) Normal termination (return value 0)
		Usr 0 00:01:09, Sys 0 00:00:02  -  Run Remote Usage
		Usr 0 00:00:00, Sys 0 00:00:00  -  Run Local Usage
		Usr 0 00:01:09, Sys 0 00:00:02  -  Total Remote Usage
		Usr 0 00:00:00, Sys 0 00:00:00  -  Total Local Usage
	586412  -  Run Bytes Sent By Job
	62731  -  Run Bytes Received By Job
	586412  -  Total Bytes Sent By Job
	62731  -  Total Bytes Received By Job
	Partitionable Resources :    Usage  Request          
	   Cpus                 :                 1          
	   Disk (KB)            :      659      659          
	   Memory (MB)          :       73       73          
...
000 (782456.000.000) 10/01 13:04:29 Job submitted from host: <18.12.1.74:47665>
...
001 (782456.000.000) 10/01 13:14:19 Job executing on host: <18.12.8.169:42044>
...
006 (782456.000.000) 10/01 13:14:27 Image size of job updated: 2
	3  -  MemoryUsage of job (MB)
	2360  -  ResidentSetSize of job (KB)
...
006 (782456.000.000) 10/01 13:19:27 Image size of job updated: 230316
	108  -  MemoryUsage of job (MB)
	110396  -  ResidentSetSize of job (KB)
...
005 (782456.000.000) 10/01 13:20:24 Job terminated.
	(1) Normal termination (return value 0)
		Usr 0 00:00:59, Sys 0 00:00:00  -  Run Remote Usage
		Usr 0 00:00:00, Sys 0 00:00:00  -  Run Local Usage
		Usr 0 00:00:59, Sys 0 00:00:00  -  Total Remote Usage
		Usr 0 00:00:00, Sys 0 00:00:00  -  Total Local Usage
	586220  -  Run Bytes Sent By Job
	62730  -  Run Bytes Received By Job
	586220  -  Total Bytes Sent By Job
	62730  -  Total Bytes Received By Job
	Partitionable Resources :    Usage  Request          
	   Cpus                 :                 1          
	   Disk (KB)            :      659      659          
	   Memory (MB)          :      108      108          
...
000 (782637.000.000) 10/01 14:31:30 Job submitted from host: <18.12.1.74:47665>
...
001 (782637.000.000) 10/01 14:33:18 Job executing on host: <18.12.9.47:49782>
...
006 (782637.000.000) 10/01 14:33:27 Image size of job updated: 68524
	13  -  MemoryUsage of job (MB)
	12744  -  ResidentSetSize of job (KB)
...
006 (782637.000.000) 10/01 14:38:50 Image size of job updated: 227400
	107  -  MemoryUsage of job (MB)
	108568  -  ResidentSetSize of job (KB)
...
005 (782637.000.000) 10/01 14:44:02 Job terminated.
	(1) Normal termination (return value 0)
		Usr 0 00:00:31, Sys 0 00:00:00  -  Run Remote Usage
		Usr 0 00:00:00, Sys 0 00:00:00  -  Run Local Usage
		Usr 0 00:00:31, Sys 0 00:00:00  -  Total Remote Usage
		Usr 0 00:00:00, Sys 0 00:00:00  -  Total Local Usage
	3278250  -  Run Bytes Sent By Job
	62736  -  Run Bytes Received By Job
	3278250  -  Total Bytes Sent By Job
	62736  -  Total Bytes Received By Job
	Partitionable Resources :    Usage  Request          
	   Cpus                 :                 1          
	   Disk (KB)            :     3288     3288          
	   Memory (MB)          :      107      107          
...
000 (788178.000.000) 10/09 09:23:42 Job submitted from host: <18.12.1.74:45913>
...
001 (788178.000.000) 10/09 09:24:14 Job executing on host: <18.12.8.206:46789>
...
006 (788178.000.000) 10/09 09:24:22 Image size of job updated: 2
	3  -  MemoryUsage of job (MB)
	2352  -  ResidentSetSize of job (KB)
...
006 (788178.000.000) 10/09 09:26:34 Image size of job updated: 230332
	3  -  MemoryUsage of job (MB)
	2352  -  ResidentSetSize of job (KB)
...
005 (788178.000.000) 10/09 09:26:35 Job terminated.
	(1) Normal termination (return value 0)
		Usr 0 00:01:13, Sys 0 00:00:01  -  Run Remote Usage
		Usr 0 00:00:00, Sys 0 00:00:00  -  Run Local Usage
		Usr 0 00:01:13, Sys 0 00:00:01  -  Total Remote Usage
		Usr 0 00:00:00, Sys 0 00:00:00  -  Total Local Usage
	585318  -  Run Bytes Sent By Job
	62698  -  Run Bytes Received By Job
	585318  -  Total Bytes Sent By Job
	62698  -  Total Bytes Received By Job
	Partitionable Resources :    Usage  Request          
	   Cpus                 :                 1          
	   Disk (KB)            :      658      658          
	   Memory (MB)          :        3        3          
...
000 (788543.000.000) 10/12 09:48:02 Job submitted from host: <18.12.1.74:45913>
...
001 (788543.000.000) 10/12 09:56:36 Job executing on host: <18.12.9.64:42336>
...
006 (788543.000.000) 10/12 09:56:45 Image size of job updated: 2
	3  -  MemoryUsage of job (MB)
	2344  -  ResidentSetSize of job (KB)
...
006 (788543.000.000) 10/12 09:58:31 Image size of job updated: 230376
	3  -  MemoryUsage of job (MB)
	2344  -  ResidentSetSize of job (KB)
...
005 (788543.000.000) 10/12 09:58:31 Job terminated.
	(1) Normal termination (return value 0)
		Usr 0 00:00:55, Sys 0 00:00:00  -  Run Remote Usage
		Usr 0 00:00:00, Sys 0 00:00:00  -  Run Local Usage
		Usr 0 00:00:55, Sys 0 00:00:00  -  Total Remote Usage
		Usr 0 00:00:00, Sys 0 00:00:00  -  Total Local Usage
	585537  -  Run Bytes Sent By Job
	62703  -  Run Bytes Received By Job
	585537  -  Total Bytes Sent By Job
	62703  -  Total Bytes Received By Job
	Partitionable Resources :    Usage  Request          
	   Cpus                 :                 1          
	   Disk (KB)            :      658      658          
	   Memory (MB)          :        3        3          
...
