000 (556095.000.000) 08/12 11:33:44 Job submitted from host: <18.12.1.74:48322>
...
001 (556095.000.000) 08/12 11:57:20 Job executing on host: <18.12.12.4:43066>
...
006 (556095.000.000) 08/12 11:57:28 Image size of job updated: 49268
	3  -  MemoryUsage of job (MB)
	2748  -  ResidentSetSize of job (KB)
...
006 (556095.000.000) 08/12 12:02:28 Image size of job updated: 230416
	94  -  MemoryUsage of job (MB)
	95776  -  ResidentSetSize of job (KB)
...
006 (556095.000.000) 08/12 12:06:41 Image size of job updated: 238436
	94  -  MemoryUsage of job (MB)
	95776  -  ResidentSetSize of job (KB)
...
005 (556095.000.000) 08/12 12:06:42 Job terminated.
	(1) Normal termination (return value 0)
		Usr 0 00:01:10, Sys 0 00:00:01  -  Run Remote Usage
		Usr 0 00:00:00, Sys 0 00:00:00  -  Run Local Usage
		Usr 0 00:01:10, Sys 0 00:00:01  -  Total Remote Usage
		Usr 0 00:00:00, Sys 0 00:00:00  -  Total Local Usage
	585935  -  Run Bytes Sent By Job
	62715  -  Run Bytes Received By Job
	585935  -  Total Bytes Sent By Job
	62715  -  Total Bytes Received By Job
	Partitionable Resources :    Usage  Request          
	   Cpus                 :                 1          
	   Disk (KB)            :      658      658          
	   Memory (MB)          :       94       94          
...
000 (566464.000.000) 08/20 21:05:39 Job submitted from host: <18.12.1.74:48322>
...
007 (566464.000.000) 08/20 21:06:59 Shadow exception!
	Error from slot23@t2bat0013.cmsaf.mit.edu: Failed to transfer files
	0  -  Run Bytes Sent By Job
	0  -  Run Bytes Received By Job
...
001 (566464.000.000) 08/20 21:07:01 Job executing on host: <18.12.8.13:49782>
...
006 (566464.000.000) 08/20 21:07:11 Image size of job updated: 68780
	13  -  MemoryUsage of job (MB)
	12948  -  ResidentSetSize of job (KB)
...
006 (566464.000.000) 08/20 21:11:59 Image size of job updated: 230416
	13  -  MemoryUsage of job (MB)
	12948  -  ResidentSetSize of job (KB)
...
005 (566464.000.000) 08/20 21:18:15 Job terminated.
	(1) Normal termination (return value 0)
		Usr 0 00:01:08, Sys 0 00:00:01  -  Run Remote Usage
		Usr 0 00:00:00, Sys 0 00:00:00  -  Run Local Usage
		Usr 0 00:01:08, Sys 0 00:00:01  -  Total Remote Usage
		Usr 0 00:00:00, Sys 0 00:00:00  -  Total Local Usage
	586542  -  Run Bytes Sent By Job
	62731  -  Run Bytes Received By Job
	586542  -  Total Bytes Sent By Job
	62731  -  Total Bytes Received By Job
	Partitionable Resources :    Usage  Request          
	   Cpus                 :                 1          
	   Disk (KB)            :      659      659          
	   Memory (MB)          :       13       13          
...
000 (782469.000.000) 10/01 13:04:30 Job submitted from host: <18.12.1.74:47665>
...
001 (782469.000.000) 10/01 13:17:48 Job executing on host: <18.12.8.240:47081>
...
006 (782469.000.000) 10/01 13:17:57 Image size of job updated: 76024
	17  -  MemoryUsage of job (MB)
	17208  -  ResidentSetSize of job (KB)
...
006 (782469.000.000) 10/01 13:21:50 Image size of job updated: 230416
	17  -  MemoryUsage of job (MB)
	17208  -  ResidentSetSize of job (KB)
...
005 (782469.000.000) 10/01 13:21:50 Job terminated.
	(1) Normal termination (return value 0)
		Usr 0 00:01:07, Sys 0 00:00:01  -  Run Remote Usage
		Usr 0 00:00:00, Sys 0 00:00:00  -  Run Local Usage
		Usr 0 00:01:07, Sys 0 00:00:01  -  Total Remote Usage
		Usr 0 00:00:00, Sys 0 00:00:00  -  Total Local Usage
	586205  -  Run Bytes Sent By Job
	62730  -  Run Bytes Received By Job
	586205  -  Total Bytes Sent By Job
	62730  -  Total Bytes Received By Job
	Partitionable Resources :    Usage  Request          
	   Cpus                 :                 1          
	   Disk (KB)            :      659      659          
	   Memory (MB)          :       17       17          
...
000 (782650.000.000) 10/01 14:31:43 Job submitted from host: <18.12.1.74:47665>
...
001 (782650.000.000) 10/01 14:33:24 Job executing on host: <18.12.8.107:45475>
...
006 (782650.000.000) 10/01 14:33:33 Image size of job updated: 193792
	78  -  MemoryUsage of job (MB)
	79548  -  ResidentSetSize of job (KB)
...
006 (782650.000.000) 10/01 14:36:12 Image size of job updated: 227464
	78  -  MemoryUsage of job (MB)
	79548  -  ResidentSetSize of job (KB)
...
005 (782650.000.000) 10/01 14:39:18 Job terminated.
	(1) Normal termination (return value 0)
		Usr 0 00:00:24, Sys 0 00:00:01  -  Run Remote Usage
		Usr 0 00:00:00, Sys 0 00:00:00  -  Run Local Usage
		Usr 0 00:00:24, Sys 0 00:00:01  -  Total Remote Usage
		Usr 0 00:00:00, Sys 0 00:00:00  -  Total Local Usage
	3179450  -  Run Bytes Sent By Job
	62736  -  Run Bytes Received By Job
	3179450  -  Total Bytes Sent By Job
	62736  -  Total Bytes Received By Job
	Partitionable Resources :    Usage  Request          
	   Cpus                 :                 1          
	   Disk (KB)            :     3191     3191          
	   Memory (MB)          :       78       78          
...
000 (788191.000.000) 10/09 09:23:43 Job submitted from host: <18.12.1.74:45913>
...
001 (788191.000.000) 10/09 09:24:08 Job executing on host: <18.12.8.234:47446>
...
006 (788191.000.000) 10/09 09:24:17 Image size of job updated: 93588
	3  -  MemoryUsage of job (MB)
	2420  -  ResidentSetSize of job (KB)
...
006 (788191.000.000) 10/09 09:26:08 Image size of job updated: 230336
	3  -  MemoryUsage of job (MB)
	2420  -  ResidentSetSize of job (KB)
...
005 (788191.000.000) 10/09 09:26:09 Job terminated.
	(1) Normal termination (return value 0)
		Usr 0 00:01:10, Sys 0 00:00:01  -  Run Remote Usage
		Usr 0 00:00:00, Sys 0 00:00:00  -  Run Local Usage
		Usr 0 00:01:10, Sys 0 00:00:01  -  Total Remote Usage
		Usr 0 00:00:00, Sys 0 00:00:00  -  Total Local Usage
	585382  -  Run Bytes Sent By Job
	62698  -  Run Bytes Received By Job
	585382  -  Total Bytes Sent By Job
	62698  -  Total Bytes Received By Job
	Partitionable Resources :    Usage  Request          
	   Cpus                 :                 1          
	   Disk (KB)            :      658      658          
	   Memory (MB)          :        3        3          
...
000 (788556.000.000) 10/12 09:48:04 Job submitted from host: <18.12.1.74:45913>
...
001 (788556.000.000) 10/12 09:57:20 Job executing on host: <18.12.8.178:45110>
...
006 (788556.000.000) 10/12 09:57:29 Image size of job updated: 146264
	31  -  MemoryUsage of job (MB)
	30968  -  ResidentSetSize of job (KB)
...
006 (788556.000.000) 10/12 09:59:53 Image size of job updated: 230360
	31  -  MemoryUsage of job (MB)
	30968  -  ResidentSetSize of job (KB)
...
005 (788556.000.000) 10/12 09:59:53 Job terminated.
	(1) Normal termination (return value 0)
		Usr 0 00:00:55, Sys 0 00:00:00  -  Run Remote Usage
		Usr 0 00:00:00, Sys 0 00:00:00  -  Run Local Usage
		Usr 0 00:00:55, Sys 0 00:00:00  -  Total Remote Usage
		Usr 0 00:00:00, Sys 0 00:00:00  -  Total Local Usage
	585116  -  Run Bytes Sent By Job
	62703  -  Run Bytes Received By Job
	585116  -  Total Bytes Sent By Job
	62703  -  Total Bytes Received By Job
	Partitionable Resources :    Usage  Request          
	   Cpus                 :                 1          
	   Disk (KB)            :      658      658          
	   Memory (MB)          :       31       31          
...
