000 (554239.000.000) 08/11 09:09:06 Job submitted from host: <18.12.1.74:48322>
...
001 (554239.000.000) 08/11 09:09:18 Job executing on host: <18.12.8.206:41022>
...
006 (554239.000.000) 08/11 09:09:27 Image size of job updated: 192444
	80  -  MemoryUsage of job (MB)
	81672  -  ResidentSetSize of job (KB)
...
006 (554239.000.000) 08/11 09:12:30 Image size of job updated: 230552
	80  -  MemoryUsage of job (MB)
	81672  -  ResidentSetSize of job (KB)
...
005 (554239.000.000) 08/11 09:12:30 Job terminated.
	(1) Normal termination (return value 0)
		Usr 0 00:01:12, Sys 0 00:00:00  -  Run Remote Usage
		Usr 0 00:00:00, Sys 0 00:00:00  -  Run Local Usage
		Usr 0 00:01:12, Sys 0 00:00:00  -  Total Remote Usage
		Usr 0 00:00:00, Sys 0 00:00:00  -  Total Local Usage
	585973  -  Run Bytes Sent By Job
	62717  -  Run Bytes Received By Job
	585973  -  Total Bytes Sent By Job
	62717  -  Total Bytes Received By Job
	Partitionable Resources :    Usage  Request          
	   Cpus                 :                 1          
	   Disk (KB)            :      659      659          
	   Memory (MB)          :       80       80          
...
000 (557954.000.000) 08/13 13:34:18 Job submitted from host: <18.12.1.74:48322>
...
001 (557954.000.000) 08/13 13:49:56 Job executing on host: <18.12.9.56:42482>
...
006 (557954.000.000) 08/13 13:50:05 Image size of job updated: 193808
	82  -  MemoryUsage of job (MB)
	83204  -  ResidentSetSize of job (KB)
...
006 (557954.000.000) 08/13 13:55:06 Image size of job updated: 230560
	103  -  MemoryUsage of job (MB)
	105064  -  ResidentSetSize of job (KB)
...
005 (557954.000.000) 08/13 13:59:56 Job terminated.
	(1) Normal termination (return value 0)
		Usr 0 00:01:25, Sys 0 00:00:01  -  Run Remote Usage
		Usr 0 00:00:00, Sys 0 00:00:00  -  Run Local Usage
		Usr 0 00:01:25, Sys 0 00:00:01  -  Total Remote Usage
		Usr 0 00:00:00, Sys 0 00:00:00  -  Total Local Usage
	586263  -  Run Bytes Sent By Job
	62720  -  Run Bytes Received By Job
	586263  -  Total Bytes Sent By Job
	62720  -  Total Bytes Received By Job
	Partitionable Resources :    Usage  Request          
	   Cpus                 :                 1          
	   Disk (KB)            :      659      659          
	   Memory (MB)          :      103      103          
...
000 (566245.000.000) 08/20 20:22:44 Job submitted from host: <18.12.1.74:48322>
...
001 (566245.000.000) 08/20 20:23:30 Job executing on host: <18.12.8.197:42117>
...
006 (566245.000.000) 08/20 20:23:39 Image size of job updated: 9248
	2  -  MemoryUsage of job (MB)
	1272  -  ResidentSetSize of job (KB)
...
006 (566245.000.000) 08/20 20:25:52 Image size of job updated: 230556
	2  -  MemoryUsage of job (MB)
	1272  -  ResidentSetSize of job (KB)
...
005 (566245.000.000) 08/20 20:32:34 Job terminated.
	(1) Normal termination (return value 0)
		Usr 0 00:01:39, Sys 0 00:00:02  -  Run Remote Usage
		Usr 0 00:00:00, Sys 0 00:00:00  -  Run Local Usage
		Usr 0 00:01:39, Sys 0 00:00:02  -  Total Remote Usage
		Usr 0 00:00:00, Sys 0 00:00:00  -  Total Local Usage
	586118  -  Run Bytes Sent By Job
	62732  -  Run Bytes Received By Job
	586118  -  Total Bytes Sent By Job
	62732  -  Total Bytes Received By Job
	Partitionable Resources :    Usage  Request          
	   Cpus                 :                 1          
	   Disk (KB)            :      659      659          
	   Memory (MB)          :        2        2          
...
000 (782793.000.000) 10/01 15:56:36 Job submitted from host: <18.12.1.74:47665>
...
007 (782793.000.000) 10/01 16:00:35 Shadow exception!
	Error from slot14@hibat0012.cmsaf.mit.edu: Failed to transfer files
	0  -  Run Bytes Sent By Job
	0  -  Run Bytes Received By Job
...
001 (782793.000.000) 10/01 16:00:43 Job executing on host: <18.12.8.218:47519>
...
006 (782793.000.000) 10/01 16:00:51 Image size of job updated: 187648
	71  -  MemoryUsage of job (MB)
	72592  -  ResidentSetSize of job (KB)
...
006 (782793.000.000) 10/01 16:05:51 Image size of job updated: 230428
	92  -  MemoryUsage of job (MB)
	93564  -  ResidentSetSize of job (KB)
...
006 (782793.000.000) 10/01 16:10:52 Image size of job updated: 230560
	101  -  MemoryUsage of job (MB)
	103296  -  ResidentSetSize of job (KB)
...
022 (782793.000.000) 10/01 16:30:15 Job disconnected, attempting to reconnect
    Local schedd and job shadow died, schedd now running again
    Trying to reconnect to slot14@t2bat0218.cmsaf.mit.edu <18.12.8.218:47519>
...
024 (782793.000.000) 10/01 16:31:11 Job reconnection failed
    Job disconnected too long: JobLeaseDuration (1200 seconds) expired
    Can not reconnect to slot14@t2bat0218.cmsaf.mit.edu, rescheduling job
...
001 (782793.000.000) 10/01 16:34:55 Job executing on host: <18.12.8.186:41606>
...
006 (782793.000.000) 10/01 16:35:03 Image size of job updated: 146264
	31  -  MemoryUsage of job (MB)
	30988  -  ResidentSetSize of job (KB)
...
006 (782793.000.000) 10/01 16:40:03 Image size of job updated: 230428
	94  -  MemoryUsage of job (MB)
	96184  -  ResidentSetSize of job (KB)
...
006 (782793.000.000) 10/01 16:44:03 Image size of job updated: 238524
	94  -  MemoryUsage of job (MB)
	96184  -  ResidentSetSize of job (KB)
...
005 (782793.000.000) 10/01 16:46:20 Job terminated.
	(1) Normal termination (return value 0)
		Usr 0 00:01:21, Sys 0 00:00:01  -  Run Remote Usage
		Usr 0 00:00:00, Sys 0 00:00:00  -  Run Local Usage
		Usr 0 00:01:21, Sys 0 00:00:01  -  Total Remote Usage
		Usr 0 00:00:00, Sys 0 00:00:00  -  Total Local Usage
	586260  -  Run Bytes Sent By Job
	62734  -  Run Bytes Received By Job
	586260  -  Total Bytes Sent By Job
	62734  -  Total Bytes Received By Job
	Partitionable Resources :    Usage  Request          
	   Cpus                 :                 1          
	   Disk (KB)            :      659      659          
	   Memory (MB)          :       94       94          
...
000 (785951.000.000) 10/05 14:19:03 Job submitted from host: <18.12.1.74:45913>
...
001 (785951.000.000) 10/05 14:19:55 Job executing on host: <18.12.8.167:42263>
...
006 (785951.000.000) 10/05 14:20:03 Image size of job updated: 2
	3  -  MemoryUsage of job (MB)
	2364  -  ResidentSetSize of job (KB)
...
006 (785951.000.000) 10/05 14:24:47 Image size of job updated: 230552
	3  -  MemoryUsage of job (MB)
	2364  -  ResidentSetSize of job (KB)
...
005 (785951.000.000) 10/05 14:24:47 Job terminated.
	(1) Normal termination (return value 0)
		Usr 0 00:01:12, Sys 0 00:00:01  -  Run Remote Usage
		Usr 0 00:00:00, Sys 0 00:00:00  -  Run Local Usage
		Usr 0 00:01:12, Sys 0 00:00:01  -  Total Remote Usage
		Usr 0 00:00:00, Sys 0 00:00:00  -  Total Local Usage
	586245  -  Run Bytes Sent By Job
	62732  -  Run Bytes Received By Job
	586245  -  Total Bytes Sent By Job
	62732  -  Total Bytes Received By Job
	Partitionable Resources :    Usage  Request          
	   Cpus                 :                 1          
	   Disk (KB)            :      659      659          
	   Memory (MB)          :        3        3          
...
000 (786317.000.000) 10/07 09:51:19 Job submitted from host: <18.12.1.74:45913>
...
001 (786317.000.000) 10/07 09:52:08 Job executing on host: <18.12.8.172:49855>
...
006 (786317.000.000) 10/07 09:52:17 Image size of job updated: 2
	3  -  MemoryUsage of job (MB)
	2336  -  ResidentSetSize of job (KB)
...
006 (786317.000.000) 10/07 09:55:32 Image size of job updated: 230560
	3  -  MemoryUsage of job (MB)
	2336  -  ResidentSetSize of job (KB)
...
005 (786317.000.000) 10/07 09:55:32 Job terminated.
	(1) Normal termination (return value 0)
		Usr 0 00:01:14, Sys 0 00:00:00  -  Run Remote Usage
		Usr 0 00:00:00, Sys 0 00:00:00  -  Run Local Usage
		Usr 0 00:01:14, Sys 0 00:00:00  -  Total Remote Usage
		Usr 0 00:00:00, Sys 0 00:00:00  -  Total Local Usage
	586274  -  Run Bytes Sent By Job
	62734  -  Run Bytes Received By Job
	586274  -  Total Bytes Sent By Job
	62734  -  Total Bytes Received By Job
	Partitionable Resources :    Usage  Request          
	   Cpus                 :                 1          
	   Disk (KB)            :      659      659          
	   Memory (MB)          :        3        3          
...
000 (786498.000.000) 10/07 11:12:50 Job submitted from host: <18.12.1.74:45913>
...
001 (786498.000.000) 10/07 11:17:42 Job executing on host: <18.12.9.60:42847>
...
006 (786498.000.000) 10/07 11:17:50 Image size of job updated: 230404
	96  -  MemoryUsage of job (MB)
	97660  -  ResidentSetSize of job (KB)
...
006 (786498.000.000) 10/07 11:20:06 Image size of job updated: 236252
	96  -  MemoryUsage of job (MB)
	97660  -  ResidentSetSize of job (KB)
...
005 (786498.000.000) 10/07 11:20:06 Job terminated.
	(1) Normal termination (return value 0)
		Usr 0 00:01:19, Sys 0 00:00:02  -  Run Remote Usage
		Usr 0 00:00:00, Sys 0 00:00:00  -  Run Local Usage
		Usr 0 00:01:19, Sys 0 00:00:02  -  Total Remote Usage
		Usr 0 00:00:00, Sys 0 00:00:00  -  Total Local Usage
	585468  -  Run Bytes Sent By Job
	62746  -  Run Bytes Received By Job
	585468  -  Total Bytes Sent By Job
	62746  -  Total Bytes Received By Job
	Partitionable Resources :    Usage  Request          
	   Cpus                 :                 1          
	   Disk (KB)            :      658      658          
	   Memory (MB)          :       96       96          
...
000 (787425.000.000) 10/08 12:42:37 Job submitted from host: <18.12.1.74:45913>
...
001 (787425.000.000) 10/08 12:45:06 Job executing on host: <18.12.9.24:44745>
...
006 (787425.000.000) 10/08 12:45:14 Image size of job updated: 230416
	96  -  MemoryUsage of job (MB)
	97624  -  ResidentSetSize of job (KB)
...
006 (787425.000.000) 10/08 12:46:44 Image size of job updated: 230548
	96  -  MemoryUsage of job (MB)
	97624  -  ResidentSetSize of job (KB)
...
005 (787425.000.000) 10/08 12:46:44 Job terminated.
	(1) Normal termination (return value 0)
		Usr 0 00:01:09, Sys 0 00:00:00  -  Run Remote Usage
		Usr 0 00:00:00, Sys 0 00:00:00  -  Run Local Usage
		Usr 0 00:01:09, Sys 0 00:00:00  -  Total Remote Usage
		Usr 0 00:00:00, Sys 0 00:00:00  -  Total Local Usage
	585374  -  Run Bytes Sent By Job
	62749  -  Run Bytes Received By Job
	585374  -  Total Bytes Sent By Job
	62749  -  Total Bytes Received By Job
	Partitionable Resources :    Usage  Request          
	   Cpus                 :                 1          
	   Disk (KB)            :      658      658          
	   Memory (MB)          :       96       96          
...
000 (787607.000.000) 10/08 14:27:08 Job submitted from host: <18.12.1.74:45913>
...
001 (787607.000.000) 10/08 14:31:49 Job executing on host: <18.12.6.89:44161>
...
006 (787607.000.000) 10/08 14:31:57 Image size of job updated: 230304
	95  -  MemoryUsage of job (MB)
	97232  -  ResidentSetSize of job (KB)
...
006 (787607.000.000) 10/08 14:34:07 Image size of job updated: 230568
	95  -  MemoryUsage of job (MB)
	97232  -  ResidentSetSize of job (KB)
...
005 (787607.000.000) 10/08 14:34:07 Job terminated.
	(1) Normal termination (return value 0)
		Usr 0 00:01:36, Sys 0 00:00:01  -  Run Remote Usage
		Usr 0 00:00:00, Sys 0 00:00:00  -  Run Local Usage
		Usr 0 00:01:36, Sys 0 00:00:01  -  Total Remote Usage
		Usr 0 00:00:00, Sys 0 00:00:00  -  Total Local Usage
	585475  -  Run Bytes Sent By Job
	62691  -  Run Bytes Received By Job
	585475  -  Total Bytes Sent By Job
	62691  -  Total Bytes Received By Job
	Partitionable Resources :    Usage  Request          
	   Cpus                 :                 1          
	   Disk (KB)            :      658      658          
	   Memory (MB)          :       95       95          
...
000 (787790.000.000) 10/08 15:16:29 Job submitted from host: <18.12.1.74:45913>
...
001 (787790.000.000) 10/08 15:20:06 Job executing on host: <18.12.6.35:43358>
...
006 (787790.000.000) 10/08 15:20:15 Image size of job updated: 2
	3  -  MemoryUsage of job (MB)
	2364  -  ResidentSetSize of job (KB)
...
006 (787790.000.000) 10/08 15:22:16 Image size of job updated: 230548
	3  -  MemoryUsage of job (MB)
	2364  -  ResidentSetSize of job (KB)
...
005 (787790.000.000) 10/08 15:22:16 Job terminated.
	(1) Normal termination (return value 0)
		Usr 0 00:01:35, Sys 0 00:00:01  -  Run Remote Usage
		Usr 0 00:00:00, Sys 0 00:00:00  -  Run Local Usage
		Usr 0 00:01:35, Sys 0 00:00:01  -  Total Remote Usage
		Usr 0 00:00:00, Sys 0 00:00:00  -  Total Local Usage
	585361  -  Run Bytes Sent By Job
	62696  -  Run Bytes Received By Job
	585361  -  Total Bytes Sent By Job
	62696  -  Total Bytes Received By Job
	Partitionable Resources :    Usage  Request          
	   Cpus                 :                 1          
	   Disk (KB)            :      658      658          
	   Memory (MB)          :        3        3          
...
000 (788700.000.000) 10/12 10:42:31 Job submitted from host: <18.12.1.74:45913>
...
001 (788700.000.000) 10/12 10:46:15 Job executing on host: <18.12.9.63:46716>
...
006 (788700.000.000) 10/12 10:46:23 Image size of job updated: 193792
	78  -  MemoryUsage of job (MB)
	79548  -  ResidentSetSize of job (KB)
...
006 (788700.000.000) 10/12 10:51:23 Image size of job updated: 230544
	101  -  MemoryUsage of job (MB)
	102784  -  ResidentSetSize of job (KB)
...
005 (788700.000.000) 10/12 10:52:19 Job terminated.
	(1) Normal termination (return value 0)
		Usr 0 00:01:14, Sys 0 00:00:01  -  Run Remote Usage
		Usr 0 00:00:00, Sys 0 00:00:00  -  Run Local Usage
		Usr 0 00:01:14, Sys 0 00:00:01  -  Total Remote Usage
		Usr 0 00:00:00, Sys 0 00:00:00  -  Total Local Usage
	585211  -  Run Bytes Sent By Job
	62704  -  Run Bytes Received By Job
	585211  -  Total Bytes Sent By Job
	62704  -  Total Bytes Received By Job
	Partitionable Resources :    Usage  Request          
	   Cpus                 :                 1          
	   Disk (KB)            :      658      658          
	   Memory (MB)          :      101      101          
...
