000 (554354.000.000) 08/11 09:09:23 Job submitted from host: <18.12.1.74:48322>
...
001 (554354.000.000) 08/11 09:09:56 Job executing on host: <18.12.9.52:43066>
...
006 (554354.000.000) 08/11 09:10:05 Image size of job updated: 2
	3  -  MemoryUsage of job (MB)
	2344  -  ResidentSetSize of job (KB)
...
006 (554354.000.000) 08/11 09:11:39 Image size of job updated: 230360
	3  -  MemoryUsage of job (MB)
	2344  -  ResidentSetSize of job (KB)
...
005 (554354.000.000) 08/11 09:11:39 Job terminated.
	(1) Normal termination (return value 0)
		Usr 0 00:01:04, Sys 0 00:00:01  -  Run Remote Usage
		Usr 0 00:00:00, Sys 0 00:00:00  -  Run Local Usage
		Usr 0 00:01:04, Sys 0 00:00:01  -  Total Remote Usage
		Usr 0 00:00:00, Sys 0 00:00:00  -  Total Local Usage
	586241  -  Run Bytes Sent By Job
	62717  -  Run Bytes Received By Job
	586241  -  Total Bytes Sent By Job
	62717  -  Total Bytes Received By Job
	Partitionable Resources :    Usage  Request          
	   Cpus                 :                 1          
	   Disk (KB)            :      659      659          
	   Memory (MB)          :        3        3          
...
000 (558069.000.000) 08/13 13:34:29 Job submitted from host: <18.12.1.74:48322>
...
001 (558069.000.000) 08/13 14:09:56 Job executing on host: <18.12.9.47:41168>
...
006 (558069.000.000) 08/13 14:10:04 Image size of job updated: 230256
	95  -  MemoryUsage of job (MB)
	96788  -  ResidentSetSize of job (KB)
...
006 (558069.000.000) 08/13 14:12:00 Image size of job updated: 230388
	95  -  MemoryUsage of job (MB)
	96788  -  ResidentSetSize of job (KB)
...
005 (558069.000.000) 08/13 14:12:00 Job terminated.
	(1) Normal termination (return value 0)
		Usr 0 00:01:07, Sys 0 00:00:01  -  Run Remote Usage
		Usr 0 00:00:00, Sys 0 00:00:00  -  Run Local Usage
		Usr 0 00:01:07, Sys 0 00:00:01  -  Total Remote Usage
		Usr 0 00:00:00, Sys 0 00:00:00  -  Total Local Usage
	586235  -  Run Bytes Sent By Job
	62720  -  Run Bytes Received By Job
	586235  -  Total Bytes Sent By Job
	62720  -  Total Bytes Received By Job
	Partitionable Resources :    Usage  Request          
	   Cpus                 :                 1          
	   Disk (KB)            :      659      659          
	   Memory (MB)          :       95       95          
...
000 (566360.000.000) 08/20 20:30:03 Job submitted from host: <18.12.1.74:48322>
...
001 (566360.000.000) 08/20 20:30:15 Job executing on host: <18.12.9.46:48906>
...
006 (566360.000.000) 08/20 20:30:24 Image size of job updated: 230384
	99  -  MemoryUsage of job (MB)
	100848  -  ResidentSetSize of job (KB)
...
005 (566360.000.000) 08/20 20:38:43 Job terminated.
	(1) Normal termination (return value 0)
		Usr 0 00:01:08, Sys 0 00:00:01  -  Run Remote Usage
		Usr 0 00:00:00, Sys 0 00:00:00  -  Run Local Usage
		Usr 0 00:01:08, Sys 0 00:00:01  -  Total Remote Usage
		Usr 0 00:00:00, Sys 0 00:00:00  -  Total Local Usage
	586570  -  Run Bytes Sent By Job
	62732  -  Run Bytes Received By Job
	586570  -  Total Bytes Sent By Job
	62732  -  Total Bytes Received By Job
	Partitionable Resources :    Usage  Request          
	   Cpus                 :                 1          
	   Disk (KB)            :      659      659          
	   Memory (MB)          :       99       99          
...
