
----------------------------------------------------
Job started on Thu Aug 20 21:09:10 EDT 2015 at WN: t2bat0333.cmsaf.mit.edu 
Job is running on Linux t2bat0333.cmsaf.mit.edu 2.6.32-358.el6.x86_64 #1 SMP Fri Feb 22 20:37:17 CST 2013 x86_64 x86_64 x86_64 GNU/Linux
Filesystem            Size  Used Avail Use% Mounted on
/dev/sda3              20G  3.6G   16G  20% /
tmpfs                  32G     0   32G   0% /dev/shm
/dev/sda1              97M   32M   61M  35% /boot
/dev/sda4             416G   57G  359G  14% /export/data1
fuse_dfs              4.9P  4.6P  323T  94% /mnt/hadoop
/dev/sdb1             3.6T  3.4T  256G  94% /export/00b
/dev/sdc1             3.6T  3.4T  283G  93% /export/00c
/dev/sdd1             3.6T  3.4T  258G  93% /export/00d
/dev/sde1             3.6T  3.4T  267G  93% /export/00e
/dev/sdf1             3.6T  3.4T  250G  94% /export/00f
/dev/sdg1             3.6T  3.4T  244G  94% /export/00g
cvmfs2                 98G   26G   73G  27% /cvmfs/cms.cern.ch
t2srv0004:/export/db  135G  187M  135G   1% /net/t2srv0004/db
cvmfs2                 98G   26G   73G  27% /cvmfs/cvmfs.cmsaf.mit.edu
gcc (GCC) 4.4.7 20120313 (Red Hat 4.4.7-3)
Copyright (C) 2010 Free Software Foundation, Inc.
This is free software; see the source for copying conditions.  There is NO
warranty; not even for MERCHANTABILITY or FITNESS FOR A PARTICULAR PURPOSE.

Processing...
0/236737
10000/236737
20000/236737
30000/236737
40000/236737
50000/236737
60000/236737
70000/236737
80000/236737
90000/236737
100000/236737
110000/236737
120000/236737
130000/236737
140000/236737
150000/236737
160000/236737
170000/236737
180000/236737
190000/236737
200000/236737
210000/236737
220000/236737
230000/236737
Macro finished: 
CPU time (min)  = 2.01683
Real time (min) = 3.31124
total 1.8M
-rw-r--r--  1 obaron obaron  94K Aug 20 20:49 jetRAA_PbPb_data_akPu3_select.txt
-rw-r--r--  1 obaron obaron  70K Aug 20 20:49 RAA_read_data_pbpb.C
-rw-r--r--  1 obaron obaron 108K Aug 20 20:49 jetRAA_PbPb_data_forest.txt
-rw-r--r--  1 obaron obaron  94K Aug 20 20:49 jetRAA_PbPb_data_akPu2_select.txt
-rw-r--r--  1 obaron obaron  94K Aug 20 20:50 jetRAA_PbPb_data_akPu4_select.txt
-rw-r--r--  1 obaron obaron  11K Aug 20 20:57 RAA_read_data_pbpb_C.d
-rwxr-xr-x  1 obaron obaron 101K Aug 20 20:58 RAA_read_data_pbpb_C.so
-rw-r--r--  1 condor condor 5.5K Aug 20 21:09 .machine.ad
-rw-r--r--  1 condor condor  20K Aug 20 21:09 .job.ad
-rwx------  1 obaron obaron   49 Aug 20 21:09 .chirp.config
-rw-rw-r--  1 obaron obaron  61K Aug 20 21:09 jetRAA_run_PbPb_Data.tar
-rwxr-xr-x  1 obaron obaron 1.2K Aug 20 21:09 condor_exec.exe
drwx------  2 obaron obaron 4.0K Aug 20 21:09 .
-rw-r--r--  1 obaron obaron  678 Aug 20 21:09 _condor_stderr
drwxr-xr-x 33 condor root   4.0K Aug 20 21:11 ..
-rw-r--r--  1 obaron obaron 1.8K Aug 20 21:12 _condor_stdout
-rw-r--r--  1 obaron obaron 1.1M Aug 20 21:12 PbPb_Data_histograms_FromForest_pileupCutFIX_ZDCmCut_akPu2_20_eta_20_735.root
Done!
Copied output files to hadoop rootfiles/JetRAA/June29
