000 (554292.000.000) 08/11 09:09:17 Job submitted from host: <18.12.1.74:48322>
...
001 (554292.000.000) 08/11 09:09:48 Job executing on host: <18.12.8.248:47884>
...
006 (554292.000.000) 08/11 09:09:56 Image size of job updated: 2
	3  -  MemoryUsage of job (MB)
	2340  -  ResidentSetSize of job (KB)
...
006 (554292.000.000) 08/11 09:11:04 Image size of job updated: 230060
	3  -  MemoryUsage of job (MB)
	2340  -  ResidentSetSize of job (KB)
...
005 (554292.000.000) 08/11 09:11:05 Job terminated.
	(1) Normal termination (return value 0)
		Usr 0 00:00:38, Sys 0 00:00:00  -  Run Remote Usage
		Usr 0 00:00:00, Sys 0 00:00:00  -  Run Local Usage
		Usr 0 00:00:38, Sys 0 00:00:00  -  Total Remote Usage
		Usr 0 00:00:00, Sys 0 00:00:00  -  Total Local Usage
	586071  -  Run Bytes Sent By Job
	62717  -  Run Bytes Received By Job
	586071  -  Total Bytes Sent By Job
	62717  -  Total Bytes Received By Job
	Partitionable Resources :    Usage  Request          
	   Cpus                 :                 1          
	   Disk (KB)            :      659      659          
	   Memory (MB)          :        3        3          
...
000 (558007.000.000) 08/13 13:34:23 Job submitted from host: <18.12.1.74:48322>
...
001 (558007.000.000) 08/13 13:59:45 Job executing on host: <18.12.9.69:48760>
...
006 (558007.000.000) 08/13 13:59:54 Image size of job updated: 188240
	74  -  MemoryUsage of job (MB)
	74824  -  ResidentSetSize of job (KB)
...
006 (558007.000.000) 08/13 14:01:26 Image size of job updated: 230036
	74  -  MemoryUsage of job (MB)
	74824  -  ResidentSetSize of job (KB)
...
005 (558007.000.000) 08/13 14:01:26 Job terminated.
	(1) Normal termination (return value 0)
		Usr 0 00:00:37, Sys 0 00:00:00  -  Run Remote Usage
		Usr 0 00:00:00, Sys 0 00:00:00  -  Run Local Usage
		Usr 0 00:00:37, Sys 0 00:00:00  -  Total Remote Usage
		Usr 0 00:00:00, Sys 0 00:00:00  -  Total Local Usage
	585925  -  Run Bytes Sent By Job
	62720  -  Run Bytes Received By Job
	585925  -  Total Bytes Sent By Job
	62720  -  Total Bytes Received By Job
	Partitionable Resources :    Usage  Request          
	   Cpus                 :                 1          
	   Disk (KB)            :      659      659          
	   Memory (MB)          :       74       74          
...
000 (566298.000.000) 08/20 20:26:16 Job submitted from host: <18.12.1.74:48322>
...
001 (566298.000.000) 08/20 20:26:53 Job executing on host: <18.12.6.23:43723>
...
006 (566298.000.000) 08/20 20:27:02 Image size of job updated: 230064
	94  -  MemoryUsage of job (MB)
	95380  -  ResidentSetSize of job (KB)
...
022 (566298.000.000) 08/20 20:28:16 Job disconnected, attempting to reconnect
    Socket between submit and execute hosts closed unexpectedly
    Trying to reconnect to slot11@hibat0023.cmsaf.mit.edu <18.12.6.23:43723>
...
023 (566298.000.000) 08/20 20:28:16 Job reconnected to slot11@hibat0023.cmsaf.mit.edu
    startd address: <18.12.6.23:43723>
    starter address: <18.12.6.23:48103>
...
022 (566298.000.000) 08/20 20:28:16 Job disconnected, attempting to reconnect
    Socket between submit and execute hosts closed unexpectedly
    Trying to reconnect to slot11@hibat0023.cmsaf.mit.edu <18.12.6.23:43723>
...
023 (566298.000.000) 08/20 20:28:17 Job reconnected to slot11@hibat0023.cmsaf.mit.edu
    startd address: <18.12.6.23:43723>
    starter address: <18.12.6.23:48103>
...
022 (566298.000.000) 08/20 20:28:17 Job disconnected, attempting to reconnect
    Socket between submit and execute hosts closed unexpectedly
    Trying to reconnect to slot11@hibat0023.cmsaf.mit.edu <18.12.6.23:43723>
...
023 (566298.000.000) 08/20 20:28:17 Job reconnected to slot11@hibat0023.cmsaf.mit.edu
    startd address: <18.12.6.23:43723>
    starter address: <18.12.6.23:48103>
...
022 (566298.000.000) 08/20 20:28:20 Job disconnected, attempting to reconnect
    Socket between submit and execute hosts closed unexpectedly
    Trying to reconnect to slot11@hibat0023.cmsaf.mit.edu <18.12.6.23:43723>
...
023 (566298.000.000) 08/20 20:28:20 Job reconnected to slot11@hibat0023.cmsaf.mit.edu
    startd address: <18.12.6.23:43723>
    starter address: <18.12.6.23:48103>
...
007 (566298.000.000) 08/20 20:28:21 Shadow exception!
	Error from slot11@hibat0023.cmsaf.mit.edu: Repeated attempts to transfer output failed for unknown reasons
	0  -  Run Bytes Sent By Job
	62732  -  Run Bytes Received By Job
...
001 (566298.000.000) 08/20 20:28:43 Job executing on host: <18.12.9.55:44599>
...
005 (566298.000.000) 08/20 20:36:39 Job terminated.
	(1) Normal termination (return value 0)
		Usr 0 00:00:45, Sys 0 00:00:02  -  Run Remote Usage
		Usr 0 00:00:00, Sys 0 00:00:00  -  Run Local Usage
		Usr 0 00:00:45, Sys 0 00:00:02  -  Total Remote Usage
		Usr 0 00:00:00, Sys 0 00:00:00  -  Total Local Usage
	586199  -  Run Bytes Sent By Job
	62732  -  Run Bytes Received By Job
	586199  -  Total Bytes Sent By Job
	125464  -  Total Bytes Received By Job
	Partitionable Resources :    Usage  Request          
	   Cpus                 :                 1          
	   Disk (KB)            :      750      750          
	   Memory (MB)          :       98       98          
...
