000 (556355.000.000) 08/12 14:10:48 Job submitted from host: <18.12.1.74:48322>
...
001 (556355.000.000) 08/12 14:26:41 Job executing on host: <18.12.9.80:43650>
...
006 (556355.000.000) 08/12 14:26:49 Image size of job updated: 212460
	84  -  MemoryUsage of job (MB)
	85456  -  ResidentSetSize of job (KB)
...
006 (556355.000.000) 08/12 14:30:36 Image size of job updated: 230100
	84  -  MemoryUsage of job (MB)
	85456  -  ResidentSetSize of job (KB)
...
005 (556355.000.000) 08/12 14:30:37 Job terminated.
	(1) Normal termination (return value 0)
		Usr 0 00:00:35, Sys 0 00:00:01  -  Run Remote Usage
		Usr 0 00:00:00, Sys 0 00:00:00  -  Run Local Usage
		Usr 0 00:00:35, Sys 0 00:00:01  -  Total Remote Usage
		Usr 0 00:00:00, Sys 0 00:00:00  -  Total Local Usage
	586132  -  Run Bytes Sent By Job
	62715  -  Run Bytes Received By Job
	586132  -  Total Bytes Sent By Job
	62715  -  Total Bytes Received By Job
	Partitionable Resources :    Usage  Request          
	   Cpus                 :                 1          
	   Disk (KB)            :      659      659          
	   Memory (MB)          :       84       84          
...
000 (557615.000.000) 08/13 11:57:23 Job submitted from host: <18.12.1.74:48322>
...
001 (557615.000.000) 08/13 12:18:43 Job executing on host: <18.12.9.52:43066>
...
006 (557615.000.000) 08/13 12:18:51 Image size of job updated: 2
	3  -  MemoryUsage of job (MB)
	2352  -  ResidentSetSize of job (KB)
...
006 (557615.000.000) 08/13 12:20:27 Image size of job updated: 238308
	3  -  MemoryUsage of job (MB)
	2352  -  ResidentSetSize of job (KB)
...
005 (557615.000.000) 08/13 12:20:27 Job terminated.
	(1) Normal termination (return value 0)
		Usr 0 00:00:42, Sys 0 00:00:01  -  Run Remote Usage
		Usr 0 00:00:00, Sys 0 00:00:00  -  Run Local Usage
		Usr 0 00:00:42, Sys 0 00:00:01  -  Total Remote Usage
		Usr 0 00:00:00, Sys 0 00:00:00  -  Total Local Usage
	586132  -  Run Bytes Sent By Job
	62715  -  Run Bytes Received By Job
	586132  -  Total Bytes Sent By Job
	62715  -  Total Bytes Received By Job
	Partitionable Resources :    Usage  Request          
	   Cpus                 :                 1          
	   Disk (KB)            :      659      659          
	   Memory (MB)          :        3        3          
...
000 (558131.000.000) 08/13 14:31:07 Job submitted from host: <18.12.1.74:48322>
...
001 (558131.000.000) 08/13 14:51:50 Job executing on host: <18.12.9.80:43650>
...
006 (558131.000.000) 08/13 14:51:59 Image size of job updated: 189756
	76  -  MemoryUsage of job (MB)
	76848  -  ResidentSetSize of job (KB)
...
006 (558131.000.000) 08/13 14:53:03 Image size of job updated: 230096
	76  -  MemoryUsage of job (MB)
	76848  -  ResidentSetSize of job (KB)
...
005 (558131.000.000) 08/13 14:53:03 Job terminated.
	(1) Normal termination (return value 0)
		Usr 0 00:00:36, Sys 0 00:00:01  -  Run Remote Usage
		Usr 0 00:00:00, Sys 0 00:00:00  -  Run Local Usage
		Usr 0 00:00:36, Sys 0 00:00:01  -  Total Remote Usage
		Usr 0 00:00:00, Sys 0 00:00:00  -  Total Local Usage
	586132  -  Run Bytes Sent By Job
	62714  -  Run Bytes Received By Job
	586132  -  Total Bytes Sent By Job
	62714  -  Total Bytes Received By Job
	Partitionable Resources :    Usage  Request          
	   Cpus                 :                 1          
	   Disk (KB)            :      659      659          
	   Memory (MB)          :       76       76          
...
000 (565468.000.000) 08/20 12:42:55 Job submitted from host: <18.12.1.74:48322>
...
001 (565468.000.000) 08/20 12:45:28 Job executing on host: <18.12.8.138:40803>
...
006 (565468.000.000) 08/20 12:45:37 Image size of job updated: 18184
	2  -  MemoryUsage of job (MB)
	1516  -  ResidentSetSize of job (KB)
...
006 (565468.000.000) 08/20 12:46:27 Image size of job updated: 230096
	2  -  MemoryUsage of job (MB)
	1516  -  ResidentSetSize of job (KB)
...
005 (565468.000.000) 08/20 12:54:43 Job terminated.
	(1) Normal termination (return value 0)
		Usr 0 00:00:27, Sys 0 00:00:01  -  Run Remote Usage
		Usr 0 00:00:00, Sys 0 00:00:00  -  Run Local Usage
		Usr 0 00:00:27, Sys 0 00:00:01  -  Total Remote Usage
		Usr 0 00:00:00, Sys 0 00:00:00  -  Total Local Usage
	585897  -  Run Bytes Sent By Job
	62731  -  Run Bytes Received By Job
	585897  -  Total Bytes Sent By Job
	62731  -  Total Bytes Received By Job
	Partitionable Resources :    Usage  Request          
	   Cpus                 :                 1          
	   Disk (KB)            :      658      658          
	   Memory (MB)          :        2        2          
...
