000 (556032.000.000) 08/12 11:33:37 Job submitted from host: <18.12.1.74:48322>
...
001 (556032.000.000) 08/12 11:45:48 Job executing on host: <18.12.8.152:47811>
...
006 (556032.000.000) 08/12 11:45:56 Image size of job updated: 2
	3  -  MemoryUsage of job (MB)
	2352  -  ResidentSetSize of job (KB)
...
006 (556032.000.000) 08/12 11:50:56 Image size of job updated: 229952
	103  -  MemoryUsage of job (MB)
	105112  -  ResidentSetSize of job (KB)
...
005 (556032.000.000) 08/12 11:58:53 Job terminated.
	(1) Normal termination (return value 0)
		Usr 0 00:00:25, Sys 0 00:00:00  -  Run Remote Usage
		Usr 0 00:00:00, Sys 0 00:00:00  -  Run Local Usage
		Usr 0 00:00:25, Sys 0 00:00:00  -  Total Remote Usage
		Usr 0 00:00:00, Sys 0 00:00:00  -  Total Local Usage
	586052  -  Run Bytes Sent By Job
	62715  -  Run Bytes Received By Job
	586052  -  Total Bytes Sent By Job
	62715  -  Total Bytes Received By Job
	Partitionable Resources :    Usage  Request          
	   Cpus                 :                 1          
	   Disk (KB)            :      659      659          
	   Memory (MB)          :      103      103          
...
000 (566401.000.000) 08/20 21:01:27 Job submitted from host: <18.12.1.74:48322>
...
007 (566401.000.000) 08/20 21:01:59 Shadow exception!
	Error from slot21@t2bat0305.cmsaf.mit.edu: Failed to transfer files
	0  -  Run Bytes Sent By Job
	0  -  Run Bytes Received By Job
...
001 (566401.000.000) 08/20 21:02:58 Job executing on host: <18.12.9.73:46643>
...
006 (566401.000.000) 08/20 21:03:06 Image size of job updated: 225336
	89  -  MemoryUsage of job (MB)
	90324  -  ResidentSetSize of job (KB)
...
006 (566401.000.000) 08/20 21:04:56 Image size of job updated: 229948
	89  -  MemoryUsage of job (MB)
	90324  -  ResidentSetSize of job (KB)
...
005 (566401.000.000) 08/20 21:11:26 Job terminated.
	(1) Normal termination (return value 0)
		Usr 0 00:00:26, Sys 0 00:00:00  -  Run Remote Usage
		Usr 0 00:00:00, Sys 0 00:00:00  -  Run Local Usage
		Usr 0 00:00:26, Sys 0 00:00:00  -  Total Remote Usage
		Usr 0 00:00:00, Sys 0 00:00:00  -  Total Local Usage
	586019  -  Run Bytes Sent By Job
	62731  -  Run Bytes Received By Job
	586019  -  Total Bytes Sent By Job
	62731  -  Total Bytes Received By Job
	Partitionable Resources :    Usage  Request          
	   Cpus                 :                 1          
	   Disk (KB)            :      659      659          
	   Memory (MB)          :       89       89          
...
