
----------------------------------------------------
Job started on Thu Aug 20 20:29:12 EDT 2015 at WN: t2bat0327.cmsaf.mit.edu 
Job is running on Linux t2bat0327.cmsaf.mit.edu 2.6.32-358.el6.x86_64 #1 SMP Fri Feb 22 20:37:17 CST 2013 x86_64 x86_64 x86_64 GNU/Linux
Filesystem            Size  Used Avail Use% Mounted on
/dev/sda3              20G  3.7G   16G  20% /
tmpfs                  32G     0   32G   0% /dev/shm
/dev/sda1              97M   32M   61M  35% /boot
/dev/sda4             416G  110G  306G  27% /export/data1
fuse_dfs              4.9P  4.6P  323T  94% /mnt/hadoop
/dev/sdb1             3.6T  3.4T  260G  93% /export/00b
/dev/sdc1             3.6T  3.4T  254G  94% /export/00c
/dev/sdd1             3.6T  3.4T  261G  93% /export/00d
/dev/sde1             3.6T  3.4T  270G  93% /export/00e
/dev/sdf1             3.6T  3.4T  241G  94% /export/00f
/dev/sdg1             3.6T  3.4T  248G  94% /export/00g
cvmfs2                 98G   78G   21G  79% /cvmfs/cms.cern.ch
t2srv0004:/export/db  135G  187M  135G   1% /net/t2srv0004/db
cvmfs2                 98G   78G   21G  79% /cvmfs/cvmfs.cmsaf.mit.edu
cvmfs2                 98G   78G   21G  79% /cvmfs/oasis.opensciencegrid.org
cvmfs2                 98G   78G   21G  79% /cvmfs/cdfcfs.fnal.gov
gcc (GCC) 4.4.7 20120313 (Red Hat 4.4.7-3)
Copyright (C) 2010 Free Software Foundation, Inc.
This is free software; see the source for copying conditions.  There is NO
warranty; not even for MERCHANTABILITY or FITNESS FOR A PARTICULAR PURPOSE.

Processing...
0/167621
10000/167621
20000/167621
30000/167621
40000/167621
50000/167621
60000/167621
70000/167621
80000/167621
90000/167621
100000/167621
110000/167621
120000/167621
130000/167621
140000/167621
150000/167621
160000/167621
Macro finished: 
CPU time (min)  = 1.4555
Real time (min) = 2.5825
total 1.8M
-rw-r--r--  1 obaron obaron  94K Aug 20 13:21 jetRAA_PbPb_data_akPu2_select.txt
-rw-r--r--  1 obaron obaron  94K Aug 20 13:21 jetRAA_PbPb_data_akPu4_select.txt
-rw-r--r--  1 obaron obaron 108K Aug 20 13:22 jetRAA_PbPb_data_forest.txt
-rw-r--r--  1 obaron obaron  94K Aug 20 13:22 jetRAA_PbPb_data_akPu3_select.txt
-rw-r--r--  1 obaron obaron  70K Aug 20 20:03 RAA_read_data_pbpb.C
-rw-r--r--  1 obaron obaron  11K Aug 20 20:04 RAA_read_data_pbpb_C.d
-rwxr-xr-x  1 obaron obaron 101K Aug 20 20:05 RAA_read_data_pbpb_C.so
-rw-r--r--  1 condor condor  20K Aug 20 20:29 .job.ad
-rw-r--r--  1 condor condor 5.5K Aug 20 20:29 .machine.ad
-rwx------  1 obaron obaron   49 Aug 20 20:29 .chirp.config
-rw-rw-r--  1 obaron obaron  61K Aug 20 20:29 jetRAA_run_PbPb_Data.tar
-rwxr-xr-x  1 obaron obaron 1.2K Aug 20 20:29 condor_exec.exe
drwx------  2 obaron obaron 4.0K Aug 20 20:29 .
-rw-r--r--  1 obaron obaron  678 Aug 20 20:29 _condor_stderr
drwxr-xr-x 34 condor root   4.0K Aug 20 20:31 ..
-rw-r--r--  1 obaron obaron 1.8K Aug 20 20:31 _condor_stdout
-rw-r--r--  1 obaron obaron 1.1M Aug 20 20:31 PbPb_Data_histograms_FromForest_pileupCutFIX_ZDCmCut_akPu3_20_eta_20_710.root
Done!
Copied output files to hadoop rootfiles/JetRAA/June29
