000 (556068.000.000) 08/12 11:33:41 Job submitted from host: <18.12.1.74:48322>
...
001 (556068.000.000) 08/12 11:52:18 Job executing on host: <18.12.9.80:43650>
...
006 (556068.000.000) 08/12 11:52:27 Image size of job updated: 187688
	71  -  MemoryUsage of job (MB)
	72576  -  ResidentSetSize of job (KB)
...
006 (556068.000.000) 08/12 11:57:28 Image size of job updated: 230600
	101  -  MemoryUsage of job (MB)
	102612  -  ResidentSetSize of job (KB)
...
005 (556068.000.000) 08/12 12:00:57 Job terminated.
	(1) Normal termination (return value 0)
		Usr 0 00:01:36, Sys 0 00:00:02  -  Run Remote Usage
		Usr 0 00:00:00, Sys 0 00:00:00  -  Run Local Usage
		Usr 0 00:01:36, Sys 0 00:00:02  -  Total Remote Usage
		Usr 0 00:00:00, Sys 0 00:00:00  -  Total Local Usage
	586319  -  Run Bytes Sent By Job
	62715  -  Run Bytes Received By Job
	586319  -  Total Bytes Sent By Job
	62715  -  Total Bytes Received By Job
	Partitionable Resources :    Usage  Request          
	   Cpus                 :                 1          
	   Disk (KB)            :      659      659          
	   Memory (MB)          :      101      101          
...
000 (566437.000.000) 08/20 21:03:21 Job submitted from host: <18.12.1.74:48322>
...
007 (566437.000.000) 08/20 21:04:06 Shadow exception!
	Error from slot17@t2bat0212.cmsaf.mit.edu: Failed to transfer files
	0  -  Run Bytes Sent By Job
	0  -  Run Bytes Received By Job
...
007 (566437.000.000) 08/20 21:04:20 Shadow exception!
	Error from slot28@t2bat0334.cmsaf.mit.edu: Failed to transfer files
	0  -  Run Bytes Sent By Job
	0  -  Run Bytes Received By Job
...
007 (566437.000.000) 08/20 21:05:22 Shadow exception!
	Error from slot28@t2bat0332.cmsaf.mit.edu: Failed to transfer files
	0  -  Run Bytes Sent By Job
	0  -  Run Bytes Received By Job
...
007 (566437.000.000) 08/20 21:05:27 Shadow exception!
	Error from slot27@t2bat0286.cmsaf.mit.edu: Failed to transfer files
	0  -  Run Bytes Sent By Job
	0  -  Run Bytes Received By Job
...
007 (566437.000.000) 08/20 21:05:34 Shadow exception!
	Error from slot25@t2bat0317.cmsaf.mit.edu: Failed to transfer files
	0  -  Run Bytes Sent By Job
	0  -  Run Bytes Received By Job
...
001 (566437.000.000) 08/20 21:05:48 Job executing on host: <18.12.9.26:46862>
...
006 (566437.000.000) 08/20 21:05:57 Image size of job updated: 144336
	27  -  MemoryUsage of job (MB)
	27168  -  ResidentSetSize of job (KB)
...
006 (566437.000.000) 08/20 21:10:58 Image size of job updated: 230460
	100  -  MemoryUsage of job (MB)
	101596  -  ResidentSetSize of job (KB)
...
006 (566437.000.000) 08/20 21:15:54 Image size of job updated: 230592
	100  -  MemoryUsage of job (MB)
	101596  -  ResidentSetSize of job (KB)
...
022 (566437.000.000) 08/20 21:15:55 Job disconnected, attempting to reconnect
    Socket between submit and execute hosts closed unexpectedly
    Trying to reconnect to slot26@t2bat0282.cmsaf.mit.edu <18.12.9.26:46862>
...
023 (566437.000.000) 08/20 21:15:55 Job reconnected to slot26@t2bat0282.cmsaf.mit.edu
    startd address: <18.12.9.26:46862>
    starter address: <18.12.9.26:46937>
...
005 (566437.000.000) 08/20 21:22:37 Job terminated.
	(1) Normal termination (return value 0)
		Usr 0 00:01:47, Sys 0 00:00:02  -  Run Remote Usage
		Usr 0 00:00:00, Sys 0 00:00:00  -  Run Local Usage
		Usr 0 00:01:47, Sys 0 00:00:02  -  Total Remote Usage
		Usr 0 00:00:00, Sys 0 00:00:00  -  Total Local Usage
	586508  -  Run Bytes Sent By Job
	62731  -  Run Bytes Received By Job
	586508  -  Total Bytes Sent By Job
	62731  -  Total Bytes Received By Job
	Partitionable Resources :    Usage  Request          
	   Cpus                 :                 1          
	   Disk (KB)            :      659      659          
	   Memory (MB)          :      100      100          
...
