000 (554311.000.000) 08/11 09:09:19 Job submitted from host: <18.12.1.74:48322>
...
001 (554311.000.000) 08/11 09:09:51 Job executing on host: <18.12.8.199:40730>
...
006 (554311.000.000) 08/11 09:09:59 Image size of job updated: 2
	3  -  MemoryUsage of job (MB)
	2344  -  ResidentSetSize of job (KB)
...
006 (554311.000.000) 08/11 09:12:03 Image size of job updated: 230612
	3  -  MemoryUsage of job (MB)
	2344  -  ResidentSetSize of job (KB)
...
005 (554311.000.000) 08/11 09:12:03 Job terminated.
	(1) Normal termination (return value 0)
		Usr 0 00:01:27, Sys 0 00:00:01  -  Run Remote Usage
		Usr 0 00:00:00, Sys 0 00:00:00  -  Run Local Usage
		Usr 0 00:01:27, Sys 0 00:00:01  -  Total Remote Usage
		Usr 0 00:00:00, Sys 0 00:00:00  -  Total Local Usage
	586001  -  Run Bytes Sent By Job
	62717  -  Run Bytes Received By Job
	586001  -  Total Bytes Sent By Job
	62717  -  Total Bytes Received By Job
	Partitionable Resources :    Usage  Request          
	   Cpus                 :                 1          
	   Disk (KB)            :      658      658          
	   Memory (MB)          :        3        3          
...
000 (558026.000.000) 08/13 13:34:25 Job submitted from host: <18.12.1.74:48322>
...
001 (558026.000.000) 08/13 14:01:41 Job executing on host: <18.12.9.67:40730>
...
006 (558026.000.000) 08/13 14:01:49 Image size of job updated: 230612
	97  -  MemoryUsage of job (MB)
	98380  -  ResidentSetSize of job (KB)
...
005 (558026.000.000) 08/13 14:05:03 Job terminated.
	(1) Normal termination (return value 0)
		Usr 0 00:01:36, Sys 0 00:00:03  -  Run Remote Usage
		Usr 0 00:00:00, Sys 0 00:00:00  -  Run Local Usage
		Usr 0 00:01:36, Sys 0 00:00:03  -  Total Remote Usage
		Usr 0 00:00:00, Sys 0 00:00:00  -  Total Local Usage
	586291  -  Run Bytes Sent By Job
	62720  -  Run Bytes Received By Job
	586291  -  Total Bytes Sent By Job
	62720  -  Total Bytes Received By Job
	Partitionable Resources :    Usage  Request          
	   Cpus                 :                 1          
	   Disk (KB)            :      659      659          
	   Memory (MB)          :       97       97          
...
000 (566317.000.000) 08/20 20:27:36 Job submitted from host: <18.12.1.74:48322>
...
007 (566317.000.000) 08/20 20:27:50 Shadow exception!
	Error from slot24@t2bat0327.cmsaf.mit.edu: Failed to transfer files
	0  -  Run Bytes Sent By Job
	0  -  Run Bytes Received By Job
...
001 (566317.000.000) 08/20 20:27:55 Job executing on host: <18.12.9.71:41606>
...
006 (566317.000.000) 08/20 20:28:04 Image size of job updated: 230616
	97  -  MemoryUsage of job (MB)
	98368  -  ResidentSetSize of job (KB)
...
005 (566317.000.000) 08/20 20:37:47 Job terminated.
	(1) Normal termination (return value 0)
		Usr 0 00:01:28, Sys 0 00:00:02  -  Run Remote Usage
		Usr 0 00:00:00, Sys 0 00:00:00  -  Run Local Usage
		Usr 0 00:01:28, Sys 0 00:00:02  -  Total Remote Usage
		Usr 0 00:00:00, Sys 0 00:00:00  -  Total Local Usage
	586346  -  Run Bytes Sent By Job
	62732  -  Run Bytes Received By Job
	586346  -  Total Bytes Sent By Job
	62732  -  Total Bytes Received By Job
	Partitionable Resources :    Usage  Request          
	   Cpus                 :                 1          
	   Disk (KB)            :      659      659          
	   Memory (MB)          :       97       97          
...
