000 (554263.000.000) 08/11 09:09:10 Job submitted from host: <18.12.1.74:48322>
...
001 (554263.000.000) 08/11 09:09:25 Job executing on host: <18.12.8.217:43504>
...
006 (554263.000.000) 08/11 09:09:34 Image size of job updated: 230120
	94  -  MemoryUsage of job (MB)
	95864  -  ResidentSetSize of job (KB)
...
006 (554263.000.000) 08/11 09:11:20 Image size of job updated: 230516
	94  -  MemoryUsage of job (MB)
	95864  -  ResidentSetSize of job (KB)
...
005 (554263.000.000) 08/11 09:11:20 Job terminated.
	(1) Normal termination (return value 0)
		Usr 0 00:01:03, Sys 0 00:00:00  -  Run Remote Usage
		Usr 0 00:00:00, Sys 0 00:00:00  -  Run Local Usage
		Usr 0 00:01:03, Sys 0 00:00:00  -  Total Remote Usage
		Usr 0 00:00:00, Sys 0 00:00:00  -  Total Local Usage
	586024  -  Run Bytes Sent By Job
	62717  -  Run Bytes Received By Job
	586024  -  Total Bytes Sent By Job
	62717  -  Total Bytes Received By Job
	Partitionable Resources :    Usage  Request          
	   Cpus                 :                 1          
	   Disk (KB)            :      659      659          
	   Memory (MB)          :       94       94          
...
000 (557978.000.000) 08/13 13:34:21 Job submitted from host: <18.12.1.74:48322>
...
001 (557978.000.000) 08/13 13:54:38 Job executing on host: <18.12.9.30:44672>
...
006 (557978.000.000) 08/13 13:54:47 Image size of job updated: 193804
	78  -  MemoryUsage of job (MB)
	79576  -  ResidentSetSize of job (KB)
...
006 (557978.000.000) 08/13 13:59:48 Image size of job updated: 230516
	112  -  MemoryUsage of job (MB)
	114496  -  ResidentSetSize of job (KB)
...
005 (557978.000.000) 08/13 14:02:18 Job terminated.
	(1) Normal termination (return value 0)
		Usr 0 00:01:19, Sys 0 00:00:02  -  Run Remote Usage
		Usr 0 00:00:00, Sys 0 00:00:00  -  Run Local Usage
		Usr 0 00:01:19, Sys 0 00:00:02  -  Total Remote Usage
		Usr 0 00:00:00, Sys 0 00:00:00  -  Total Local Usage
	586515  -  Run Bytes Sent By Job
	62720  -  Run Bytes Received By Job
	586515  -  Total Bytes Sent By Job
	62720  -  Total Bytes Received By Job
	Partitionable Resources :    Usage  Request          
	   Cpus                 :                 1          
	   Disk (KB)            :      659      659          
	   Memory (MB)          :      112      112          
...
000 (566269.000.000) 08/20 20:24:31 Job submitted from host: <18.12.1.74:48322>
...
001 (566269.000.000) 08/20 20:25:34 Job executing on host: <18.12.9.59:41825>
...
006 (566269.000.000) 08/20 20:25:43 Image size of job updated: 2
	3  -  MemoryUsage of job (MB)
	2348  -  ResidentSetSize of job (KB)
...
006 (566269.000.000) 08/20 20:28:19 Image size of job updated: 230520
	3  -  MemoryUsage of job (MB)
	2348  -  ResidentSetSize of job (KB)
...
022 (566269.000.000) 08/20 20:28:20 Job disconnected, attempting to reconnect
    Socket between submit and execute hosts closed unexpectedly
    Trying to reconnect to slot32@t2bat0315.cmsaf.mit.edu <18.12.9.59:41825>
...
023 (566269.000.000) 08/20 20:28:20 Job reconnected to slot32@t2bat0315.cmsaf.mit.edu
    startd address: <18.12.9.59:41825>
    starter address: <18.12.9.59:40438>
...
022 (566269.000.000) 08/20 20:28:20 Job disconnected, attempting to reconnect
    Socket between submit and execute hosts closed unexpectedly
    Trying to reconnect to slot32@t2bat0315.cmsaf.mit.edu <18.12.9.59:41825>
...
023 (566269.000.000) 08/20 20:28:21 Job reconnected to slot32@t2bat0315.cmsaf.mit.edu
    startd address: <18.12.9.59:41825>
    starter address: <18.12.9.59:40438>
...
022 (566269.000.000) 08/20 20:28:22 Job disconnected, attempting to reconnect
    Socket between submit and execute hosts closed unexpectedly
    Trying to reconnect to slot32@t2bat0315.cmsaf.mit.edu <18.12.9.59:41825>
...
023 (566269.000.000) 08/20 20:28:22 Job reconnected to slot32@t2bat0315.cmsaf.mit.edu
    startd address: <18.12.9.59:41825>
    starter address: <18.12.9.59:40438>
...
022 (566269.000.000) 08/20 20:28:23 Job disconnected, attempting to reconnect
    Socket between submit and execute hosts closed unexpectedly
    Trying to reconnect to slot32@t2bat0315.cmsaf.mit.edu <18.12.9.59:41825>
...
023 (566269.000.000) 08/20 20:28:23 Job reconnected to slot32@t2bat0315.cmsaf.mit.edu
    startd address: <18.12.9.59:41825>
    starter address: <18.12.9.59:40438>
...
007 (566269.000.000) 08/20 20:28:24 Shadow exception!
	Error from slot32@t2bat0315.cmsaf.mit.edu: Repeated attempts to transfer output failed for unknown reasons
	0  -  Run Bytes Sent By Job
	62732  -  Run Bytes Received By Job
...
007 (566269.000.000) 08/20 20:28:27 Shadow exception!
	Error from slot22@t2bat0327.cmsaf.mit.edu: Failed to transfer files
	0  -  Run Bytes Sent By Job
	0  -  Run Bytes Received By Job
...
007 (566269.000.000) 08/20 20:28:29 Shadow exception!
	Error from slot22@t2bat0327.cmsaf.mit.edu: Failed to transfer files
	0  -  Run Bytes Sent By Job
	0  -  Run Bytes Received By Job
...
001 (566269.000.000) 08/20 20:28:31 Job executing on host: <18.12.9.71:41606>
...
006 (566269.000.000) 08/20 20:28:40 Image size of job updated: 250000
	73  -  MemoryUsage of job (MB)
	74076  -  ResidentSetSize of job (KB)
...
005 (566269.000.000) 08/20 20:36:50 Job terminated.
	(1) Normal termination (return value 0)
		Usr 0 00:01:06, Sys 0 00:00:01  -  Run Remote Usage
		Usr 0 00:00:00, Sys 0 00:00:00  -  Run Local Usage
		Usr 0 00:01:06, Sys 0 00:00:01  -  Total Remote Usage
		Usr 0 00:00:00, Sys 0 00:00:00  -  Total Local Usage
	586290  -  Run Bytes Sent By Job
	62732  -  Run Bytes Received By Job
	586290  -  Total Bytes Sent By Job
	125464  -  Total Bytes Received By Job
	Partitionable Resources :    Usage  Request          
	   Cpus                 :                 1          
	   Disk (KB)            :      750      750          
	   Memory (MB)          :       73       73          
...
