000 (556464.000.000) 08/12 14:11:00 Job submitted from host: <18.12.1.74:48322>
...
001 (556464.000.000) 08/12 14:49:08 Job executing on host: <18.12.8.213:47300>
...
006 (556464.000.000) 08/12 14:49:16 Image size of job updated: 17148
	2  -  MemoryUsage of job (MB)
	1504  -  ResidentSetSize of job (KB)
...
006 (556464.000.000) 08/12 14:51:45 Image size of job updated: 230384
	2  -  MemoryUsage of job (MB)
	1504  -  ResidentSetSize of job (KB)
...
005 (556464.000.000) 08/12 14:51:45 Job terminated.
	(1) Normal termination (return value 0)
		Usr 0 00:01:19, Sys 0 00:00:01  -  Run Remote Usage
		Usr 0 00:00:00, Sys 0 00:00:00  -  Run Local Usage
		Usr 0 00:01:19, Sys 0 00:00:01  -  Total Remote Usage
		Usr 0 00:00:00, Sys 0 00:00:00  -  Total Local Usage
	586196  -  Run Bytes Sent By Job
	62715  -  Run Bytes Received By Job
	586196  -  Total Bytes Sent By Job
	62715  -  Total Bytes Received By Job
	Partitionable Resources :    Usage  Request          
	   Cpus                 :                 1          
	   Disk (KB)            :      659      659          
	   Memory (MB)          :        2        2          
...
000 (557724.000.000) 08/13 11:57:35 Job submitted from host: <18.12.1.74:48322>
...
001 (557724.000.000) 08/13 12:44:19 Job executing on host: <18.12.9.80:43650>
...
006 (557724.000.000) 08/13 12:44:27 Image size of job updated: 230388
	96  -  MemoryUsage of job (MB)
	97480  -  ResidentSetSize of job (KB)
...
006 (557724.000.000) 08/13 12:47:13 Image size of job updated: 238440
	96  -  MemoryUsage of job (MB)
	97480  -  ResidentSetSize of job (KB)
...
005 (557724.000.000) 08/13 12:47:13 Job terminated.
	(1) Normal termination (return value 0)
		Usr 0 00:01:18, Sys 0 00:00:01  -  Run Remote Usage
		Usr 0 00:00:00, Sys 0 00:00:00  -  Run Local Usage
		Usr 0 00:01:18, Sys 0 00:00:01  -  Total Remote Usage
		Usr 0 00:00:00, Sys 0 00:00:00  -  Total Local Usage
	586247  -  Run Bytes Sent By Job
	62715  -  Run Bytes Received By Job
	586247  -  Total Bytes Sent By Job
	62715  -  Total Bytes Received By Job
	Partitionable Resources :    Usage  Request          
	   Cpus                 :                 1          
	   Disk (KB)            :      659      659          
	   Memory (MB)          :       96       96          
...
000 (558240.000.000) 08/13 14:31:17 Job submitted from host: <18.12.1.74:48322>
...
001 (558240.000.000) 08/13 15:11:12 Job executing on host: <18.12.9.47:41168>
...
006 (558240.000.000) 08/13 15:11:20 Image size of job updated: 2
	3  -  MemoryUsage of job (MB)
	2352  -  ResidentSetSize of job (KB)
...
006 (558240.000.000) 08/13 15:13:24 Image size of job updated: 230380
	3  -  MemoryUsage of job (MB)
	2352  -  ResidentSetSize of job (KB)
...
005 (558240.000.000) 08/13 15:13:24 Job terminated.
	(1) Normal termination (return value 0)
		Usr 0 00:01:19, Sys 0 00:00:01  -  Run Remote Usage
		Usr 0 00:00:00, Sys 0 00:00:00  -  Run Local Usage
		Usr 0 00:01:19, Sys 0 00:00:01  -  Total Remote Usage
		Usr 0 00:00:00, Sys 0 00:00:00  -  Total Local Usage
	586037  -  Run Bytes Sent By Job
	62714  -  Run Bytes Received By Job
	586037  -  Total Bytes Sent By Job
	62714  -  Total Bytes Received By Job
	Partitionable Resources :    Usage  Request          
	   Cpus                 :                 1          
	   Disk (KB)            :      659      659          
	   Memory (MB)          :        3        3          
...
000 (565577.000.000) 08/20 12:59:21 Job submitted from host: <18.12.1.74:48322>
...
001 (565577.000.000) 08/20 12:59:47 Job executing on host: <18.12.9.31:49271>
...
006 (565577.000.000) 08/20 12:59:56 Image size of job updated: 72348
	13  -  MemoryUsage of job (MB)
	13000  -  ResidentSetSize of job (KB)
...
006 (565577.000.000) 08/20 13:03:24 Image size of job updated: 230388
	13  -  MemoryUsage of job (MB)
	13000  -  ResidentSetSize of job (KB)
...
005 (565577.000.000) 08/20 13:10:19 Job terminated.
	(1) Normal termination (return value 0)
		Usr 0 00:01:18, Sys 0 00:00:01  -  Run Remote Usage
		Usr 0 00:00:00, Sys 0 00:00:00  -  Run Local Usage
		Usr 0 00:01:18, Sys 0 00:00:01  -  Total Remote Usage
		Usr 0 00:00:00, Sys 0 00:00:00  -  Total Local Usage
	586587  -  Run Bytes Sent By Job
	62731  -  Run Bytes Received By Job
	586587  -  Total Bytes Sent By Job
	62731  -  Total Bytes Received By Job
	Partitionable Resources :    Usage  Request          
	   Cpus                 :                 1          
	   Disk (KB)            :      659      659          
	   Memory (MB)          :       13       13          
...
000 (783070.000.000) 10/02 11:07:51 Job submitted from host: <18.12.1.74:41314>
...
001 (783070.000.000) 10/02 11:11:47 Job executing on host: <18.12.8.27:47592>
...
006 (783070.000.000) 10/02 11:12:05 Image size of job updated: 9244
	2  -  MemoryUsage of job (MB)
	1228  -  ResidentSetSize of job (KB)
...
005 (783070.000.000) 10/02 11:16:21 Job terminated.
	(1) Normal termination (return value 0)
		Usr 0 00:00:00, Sys 0 00:00:00  -  Run Remote Usage
		Usr 0 00:00:00, Sys 0 00:00:00  -  Run Local Usage
		Usr 0 00:00:00, Sys 0 00:00:00  -  Total Remote Usage
		Usr 0 00:00:00, Sys 0 00:00:00  -  Total Local Usage
	585394  -  Run Bytes Sent By Job
	62733  -  Run Bytes Received By Job
	585394  -  Total Bytes Sent By Job
	62733  -  Total Bytes Received By Job
	Partitionable Resources :    Usage  Request          
	   Cpus                 :                 1          
	   Disk (KB)            :      658      658          
	   Memory (MB)          :        2        2          
...
000 (783251.000.000) 10/02 16:13:31 Job submitted from host: <18.12.1.74:45913>
...
001 (783251.000.000) 10/02 16:14:04 Job executing on host: <18.12.9.73:45329>
...
006 (783251.000.000) 10/02 16:14:05 Image size of job updated: 74696
	0  -  MemoryUsage of job (MB)
	0  -  ResidentSetSize of job (KB)
...
005 (783251.000.000) 10/02 16:14:05 Job terminated.
	(1) Normal termination (return value 0)
		Usr 0 00:00:00, Sys 0 00:00:00  -  Run Remote Usage
		Usr 0 00:00:00, Sys 0 00:00:00  -  Run Local Usage
		Usr 0 00:00:00, Sys 0 00:00:00  -  Total Remote Usage
		Usr 0 00:00:00, Sys 0 00:00:00  -  Total Local Usage
	585610  -  Run Bytes Sent By Job
	62733  -  Run Bytes Received By Job
	585610  -  Total Bytes Sent By Job
	62733  -  Total Bytes Received By Job
	Partitionable Resources :    Usage  Request          
	   Cpus                 :                 1          
	   Disk (KB)            :      658      658          
	   Memory (MB)          :        0        0          
...
000 (783432.000.000) 10/02 16:49:04 Job submitted from host: <18.12.1.74:45913>
...
001 (783432.000.000) 10/02 16:49:06 Job executing on host: <18.12.9.27:40876>
...
006 (783432.000.000) 10/02 16:49:07 Image size of job updated: 13384
	0  -  MemoryUsage of job (MB)
	0  -  ResidentSetSize of job (KB)
...
005 (783432.000.000) 10/02 16:49:08 Job terminated.
	(1) Normal termination (return value 0)
		Usr 0 00:00:00, Sys 0 00:00:00  -  Run Remote Usage
		Usr 0 00:00:00, Sys 0 00:00:00  -  Run Local Usage
		Usr 0 00:00:00, Sys 0 00:00:00  -  Total Remote Usage
		Usr 0 00:00:00, Sys 0 00:00:00  -  Total Local Usage
	586116  -  Run Bytes Sent By Job
	62733  -  Run Bytes Received By Job
	586116  -  Total Bytes Sent By Job
	62733  -  Total Bytes Received By Job
	Partitionable Resources :    Usage  Request          
	   Cpus                 :                 1          
	   Disk (KB)            :      659      659          
	   Memory (MB)          :        0        0          
...
000 (783615.000.000) 10/05 09:25:53 Job submitted from host: <18.12.1.74:45913>
...
001 (783615.000.000) 10/05 09:26:14 Job executing on host: <18.12.9.74:45110>
...
006 (783615.000.000) 10/05 09:26:14 Image size of job updated: 2
	0  -  MemoryUsage of job (MB)
	0  -  ResidentSetSize of job (KB)
...
005 (783615.000.000) 10/05 09:26:17 Job terminated.
	(1) Normal termination (return value 0)
		Usr 0 00:00:00, Sys 0 00:00:00  -  Run Remote Usage
		Usr 0 00:00:00, Sys 0 00:00:00  -  Run Local Usage
		Usr 0 00:00:00, Sys 0 00:00:00  -  Total Remote Usage
		Usr 0 00:00:00, Sys 0 00:00:00  -  Total Local Usage
	585830  -  Run Bytes Sent By Job
	62732  -  Run Bytes Received By Job
	585830  -  Total Bytes Sent By Job
	62732  -  Total Bytes Received By Job
	Partitionable Resources :    Usage  Request          
	   Cpus                 :                 1          
	   Disk (KB)            :      659      659          
	   Memory (MB)          :        0        0          
...
000 (783796.000.000) 10/05 10:00:30 Job submitted from host: <18.12.1.74:45913>
...
001 (783796.000.000) 10/05 10:01:16 Job executing on host: <18.12.8.237:48614>
...
006 (783796.000.000) 10/05 10:01:24 Image size of job updated: 13384
	2  -  MemoryUsage of job (MB)
	1984  -  ResidentSetSize of job (KB)
...
005 (783796.000.000) 10/05 10:01:41 Job terminated.
	(1) Normal termination (return value 0)
		Usr 0 00:00:00, Sys 0 00:00:00  -  Run Remote Usage
		Usr 0 00:00:00, Sys 0 00:00:00  -  Run Local Usage
		Usr 0 00:00:00, Sys 0 00:00:00  -  Total Remote Usage
		Usr 0 00:00:00, Sys 0 00:00:00  -  Total Local Usage
	585552  -  Run Bytes Sent By Job
	62731  -  Run Bytes Received By Job
	585552  -  Total Bytes Sent By Job
	62731  -  Total Bytes Received By Job
	Partitionable Resources :    Usage  Request          
	   Cpus                 :                 1          
	   Disk (KB)            :      658      658          
	   Memory (MB)          :        2        2          
...
000 (783978.000.000) 10/05 12:25:36 Job submitted from host: <18.12.1.74:45913>
...
001 (783978.000.000) 10/05 12:25:42 Job executing on host: <18.12.9.41:45840>
...
006 (783978.000.000) 10/05 12:25:46 Image size of job updated: 2
	0  -  MemoryUsage of job (MB)
	0  -  ResidentSetSize of job (KB)
...
005 (783978.000.000) 10/05 12:25:46 Job terminated.
	(1) Normal termination (return value 0)
		Usr 0 00:00:00, Sys 0 00:00:00  -  Run Remote Usage
		Usr 0 00:00:00, Sys 0 00:00:00  -  Run Local Usage
		Usr 0 00:00:00, Sys 0 00:00:00  -  Total Remote Usage
		Usr 0 00:00:00, Sys 0 00:00:00  -  Total Local Usage
	586119  -  Run Bytes Sent By Job
	62732  -  Run Bytes Received By Job
	586119  -  Total Bytes Sent By Job
	62732  -  Total Bytes Received By Job
	Partitionable Resources :    Usage  Request          
	   Cpus                 :                 1          
	   Disk (KB)            :      659      659          
	   Memory (MB)          :        0        0          
...
000 (784159.000.000) 10/05 12:28:54 Job submitted from host: <18.12.1.74:45913>
...
001 (784159.000.000) 10/05 12:29:22 Job executing on host: <18.12.9.36:44380>
...
006 (784159.000.000) 10/05 12:29:31 Image size of job updated: 2
	3  -  MemoryUsage of job (MB)
	2352  -  ResidentSetSize of job (KB)
...
006 (784159.000.000) 10/05 12:32:32 Image size of job updated: 230376
	3  -  MemoryUsage of job (MB)
	2352  -  ResidentSetSize of job (KB)
...
005 (784159.000.000) 10/05 12:32:32 Job terminated.
	(1) Normal termination (return value 0)
		Usr 0 00:01:07, Sys 0 00:00:01  -  Run Remote Usage
		Usr 0 00:00:00, Sys 0 00:00:00  -  Run Local Usage
		Usr 0 00:01:07, Sys 0 00:00:01  -  Total Remote Usage
		Usr 0 00:00:00, Sys 0 00:00:00  -  Total Local Usage
	587160  -  Run Bytes Sent By Job
	62733  -  Run Bytes Received By Job
	587160  -  Total Bytes Sent By Job
	62733  -  Total Bytes Received By Job
	Partitionable Resources :    Usage  Request          
	   Cpus                 :                 1          
	   Disk (KB)            :      660      660          
	   Memory (MB)          :        3        3          
...
000 (786228.000.000) 10/05 14:34:50 Job submitted from host: <18.12.1.74:45913>
...
001 (786228.000.000) 10/05 14:36:05 Job executing on host: <18.12.6.40:43942>
...
006 (786228.000.000) 10/05 14:36:13 Image size of job updated: 230384
	96  -  MemoryUsage of job (MB)
	97508  -  ResidentSetSize of job (KB)
...
005 (786228.000.000) 10/05 14:37:58 Job terminated.
	(1) Normal termination (return value 0)
		Usr 0 00:01:20, Sys 0 00:00:01  -  Run Remote Usage
		Usr 0 00:00:00, Sys 0 00:00:00  -  Run Local Usage
		Usr 0 00:01:20, Sys 0 00:00:01  -  Total Remote Usage
		Usr 0 00:00:00, Sys 0 00:00:00  -  Total Local Usage
	586251  -  Run Bytes Sent By Job
	62729  -  Run Bytes Received By Job
	586251  -  Total Bytes Sent By Job
	62729  -  Total Bytes Received By Job
	Partitionable Resources :    Usage  Request          
	   Cpus                 :                 1          
	   Disk (KB)            :      659      659          
	   Memory (MB)          :       96       96          
...
000 (788067.000.000) 10/08 16:10:33 Job submitted from host: <18.12.1.74:45913>
...
001 (788067.000.000) 10/08 16:32:48 Job executing on host: <18.12.9.61:49052>
...
006 (788067.000.000) 10/08 16:32:56 Image size of job updated: 154852
	39  -  MemoryUsage of job (MB)
	39612  -  ResidentSetSize of job (KB)
...
006 (788067.000.000) 10/08 16:34:35 Image size of job updated: 230368
	39  -  MemoryUsage of job (MB)
	39612  -  ResidentSetSize of job (KB)
...
005 (788067.000.000) 10/08 16:34:35 Job terminated.
	(1) Normal termination (return value 0)
		Usr 0 00:01:06, Sys 0 00:00:01  -  Run Remote Usage
		Usr 0 00:00:00, Sys 0 00:00:00  -  Run Local Usage
		Usr 0 00:01:06, Sys 0 00:00:01  -  Total Remote Usage
		Usr 0 00:00:00, Sys 0 00:00:00  -  Total Local Usage
	585446  -  Run Bytes Sent By Job
	62697  -  Run Bytes Received By Job
	585446  -  Total Bytes Sent By Job
	62697  -  Total Bytes Received By Job
	Partitionable Resources :    Usage  Request          
	   Cpus                 :                 1          
	   Disk (KB)            :      658      658          
	   Memory (MB)          :       39       39          
...
000 (788430.000.000) 10/09 10:00:39 Job submitted from host: <18.12.1.74:45913>
...
001 (788430.000.000) 10/09 10:12:43 Job executing on host: <18.12.9.59:43869>
...
006 (788430.000.000) 10/09 10:12:52 Image size of job updated: 230372
	96  -  MemoryUsage of job (MB)
	97492  -  ResidentSetSize of job (KB)
...
005 (788430.000.000) 10/09 10:14:30 Job terminated.
	(1) Normal termination (return value 0)
		Usr 0 00:01:11, Sys 0 00:00:01  -  Run Remote Usage
		Usr 0 00:00:00, Sys 0 00:00:00  -  Run Local Usage
		Usr 0 00:01:11, Sys 0 00:00:01  -  Total Remote Usage
		Usr 0 00:00:00, Sys 0 00:00:00  -  Total Local Usage
	585302  -  Run Bytes Sent By Job
	62694  -  Run Bytes Received By Job
	585302  -  Total Bytes Sent By Job
	62694  -  Total Bytes Received By Job
	Partitionable Resources :    Usage  Request          
	   Cpus                 :                 1          
	   Disk (KB)            :      658      658          
	   Memory (MB)          :       96       96          
...
000 (788977.000.000) 10/12 11:22:18 Job submitted from host: <18.12.1.74:45913>
...
001 (788977.000.000) 10/12 11:38:46 Job executing on host: <18.12.8.206:46789>
...
006 (788977.000.000) 10/12 11:38:55 Image size of job updated: 228192
	93  -  MemoryUsage of job (MB)
	94856  -  ResidentSetSize of job (KB)
...
006 (788977.000.000) 10/12 11:41:42 Image size of job updated: 230368
	93  -  MemoryUsage of job (MB)
	94856  -  ResidentSetSize of job (KB)
...
005 (788977.000.000) 10/12 11:41:42 Job terminated.
	(1) Normal termination (return value 0)
		Usr 0 00:01:27, Sys 0 00:00:01  -  Run Remote Usage
		Usr 0 00:00:00, Sys 0 00:00:00  -  Run Local Usage
		Usr 0 00:01:27, Sys 0 00:00:01  -  Total Remote Usage
		Usr 0 00:00:00, Sys 0 00:00:00  -  Total Local Usage
	585343  -  Run Bytes Sent By Job
	62702  -  Run Bytes Received By Job
	585343  -  Total Bytes Sent By Job
	62702  -  Total Bytes Received By Job
	Partitionable Resources :    Usage  Request          
	   Cpus                 :                 1          
	   Disk (KB)            :      658      658          
	   Memory (MB)          :       93       93          
...
