000 (556073.000.000) 08/12 11:33:41 Job submitted from host: <18.12.1.74:48322>
...
001 (556073.000.000) 08/12 11:52:53 Job executing on host: <18.12.9.79:45986>
...
006 (556073.000.000) 08/12 11:53:02 Image size of job updated: 192512
	77  -  MemoryUsage of job (MB)
	78272  -  ResidentSetSize of job (KB)
...
006 (556073.000.000) 08/12 11:58:03 Image size of job updated: 230456
	96  -  MemoryUsage of job (MB)
	98116  -  ResidentSetSize of job (KB)
...
006 (556073.000.000) 08/12 12:03:03 Image size of job updated: 230588
	114  -  MemoryUsage of job (MB)
	116224  -  ResidentSetSize of job (KB)
...
005 (556073.000.000) 08/12 12:20:32 Job terminated.
	(1) Normal termination (return value 0)
		Usr 0 00:01:30, Sys 0 00:00:04  -  Run Remote Usage
		Usr 0 00:00:00, Sys 0 00:00:00  -  Run Local Usage
		Usr 0 00:01:30, Sys 0 00:00:04  -  Total Remote Usage
		Usr 0 00:00:00, Sys 0 00:00:00  -  Total Local Usage
	586289  -  Run Bytes Sent By Job
	62715  -  Run Bytes Received By Job
	586289  -  Total Bytes Sent By Job
	62715  -  Total Bytes Received By Job
	Partitionable Resources :    Usage  Request          
	   Cpus                 :                 1          
	   Disk (KB)            :      659      659          
	   Memory (MB)          :      114      114          
...
000 (566442.000.000) 08/20 21:03:41 Job submitted from host: <18.12.1.74:48322>
...
001 (566442.000.000) 08/20 21:04:09 Job executing on host: <18.12.8.197:42117>
...
006 (566442.000.000) 08/20 21:04:20 Image size of job updated: 230456
	99  -  MemoryUsage of job (MB)
	101004  -  ResidentSetSize of job (KB)
...
006 (566442.000.000) 08/20 21:07:11 Image size of job updated: 230588
	99  -  MemoryUsage of job (MB)
	101004  -  ResidentSetSize of job (KB)
...
005 (566442.000.000) 08/20 21:13:35 Job terminated.
	(1) Normal termination (return value 0)
		Usr 0 00:01:48, Sys 0 00:00:01  -  Run Remote Usage
		Usr 0 00:00:00, Sys 0 00:00:00  -  Run Local Usage
		Usr 0 00:01:48, Sys 0 00:00:01  -  Total Remote Usage
		Usr 0 00:00:00, Sys 0 00:00:00  -  Total Local Usage
	586146  -  Run Bytes Sent By Job
	62731  -  Run Bytes Received By Job
	586146  -  Total Bytes Sent By Job
	62731  -  Total Bytes Received By Job
	Partitionable Resources :    Usage  Request          
	   Cpus                 :                 1          
	   Disk (KB)            :      659      659          
	   Memory (MB)          :       99       99          
...
