000 (556153.000.000) 08/12 11:33:50 Job submitted from host: <18.12.1.74:48322>
...
001 (556153.000.000) 08/12 12:03:19 Job executing on host: <18.12.9.57:41971>
...
006 (556153.000.000) 08/12 12:03:28 Image size of job updated: 2
	3  -  MemoryUsage of job (MB)
	2344  -  ResidentSetSize of job (KB)
...
006 (556153.000.000) 08/12 12:08:29 Image size of job updated: 230352
	83  -  MemoryUsage of job (MB)
	84192  -  ResidentSetSize of job (KB)
...
006 (556153.000.000) 08/12 12:13:30 Image size of job updated: 230352
	85  -  MemoryUsage of job (MB)
	86448  -  ResidentSetSize of job (KB)
...
006 (556153.000.000) 08/12 12:18:30 Image size of job updated: 230352
	94  -  MemoryUsage of job (MB)
	95364  -  ResidentSetSize of job (KB)
...
005 (556153.000.000) 08/12 12:23:47 Job terminated.
	(1) Normal termination (return value 0)
		Usr 0 00:01:16, Sys 0 00:00:03  -  Run Remote Usage
		Usr 0 00:00:00, Sys 0 00:00:00  -  Run Local Usage
		Usr 0 00:01:16, Sys 0 00:00:03  -  Total Remote Usage
		Usr 0 00:00:00, Sys 0 00:00:00  -  Total Local Usage
	585907  -  Run Bytes Sent By Job
	62715  -  Run Bytes Received By Job
	585907  -  Total Bytes Sent By Job
	62715  -  Total Bytes Received By Job
	Partitionable Resources :    Usage  Request          
	   Cpus                 :                 1          
	   Disk (KB)            :     1649     1649          
	   Memory (MB)          :       94       94          
...
000 (566522.000.000) 08/20 21:09:34 Job submitted from host: <18.12.1.74:48322>
...
001 (566522.000.000) 08/20 21:09:38 Job executing on host: <18.12.8.216:40000>
...
006 (566522.000.000) 08/20 21:09:49 Image size of job updated: 2
	3  -  MemoryUsage of job (MB)
	2356  -  ResidentSetSize of job (KB)
...
006 (566522.000.000) 08/20 21:14:50 Image size of job updated: 230356
	100  -  MemoryUsage of job (MB)
	101676  -  ResidentSetSize of job (KB)
...
022 (566522.000.000) 08/20 21:17:57 Job disconnected, attempting to reconnect
    Socket between submit and execute hosts closed unexpectedly
    Trying to reconnect to slot10@t2bat0216.cmsaf.mit.edu <18.12.8.216:40000>
...
023 (566522.000.000) 08/20 21:17:59 Job reconnected to slot10@t2bat0216.cmsaf.mit.edu
    startd address: <18.12.8.216:40000>
    starter address: <18.12.8.216:48395>
...
022 (566522.000.000) 08/20 21:17:59 Job disconnected, attempting to reconnect
    Socket between submit and execute hosts closed unexpectedly
    Trying to reconnect to slot10@t2bat0216.cmsaf.mit.edu <18.12.8.216:40000>
...
023 (566522.000.000) 08/20 21:18:00 Job reconnected to slot10@t2bat0216.cmsaf.mit.edu
    startd address: <18.12.8.216:40000>
    starter address: <18.12.8.216:48395>
...
022 (566522.000.000) 08/20 21:18:00 Job disconnected, attempting to reconnect
    Socket between submit and execute hosts closed unexpectedly
    Trying to reconnect to slot10@t2bat0216.cmsaf.mit.edu <18.12.8.216:40000>
...
023 (566522.000.000) 08/20 21:18:01 Job reconnected to slot10@t2bat0216.cmsaf.mit.edu
    startd address: <18.12.8.216:40000>
    starter address: <18.12.8.216:48395>
...
005 (566522.000.000) 08/20 21:24:42 Job terminated.
	(1) Normal termination (return value 0)
		Usr 0 00:01:18, Sys 0 00:00:01  -  Run Remote Usage
		Usr 0 00:00:00, Sys 0 00:00:00  -  Run Local Usage
		Usr 0 00:01:18, Sys 0 00:00:01  -  Total Remote Usage
		Usr 0 00:00:00, Sys 0 00:00:00  -  Total Local Usage
	586090  -  Run Bytes Sent By Job
	62731  -  Run Bytes Received By Job
	586090  -  Total Bytes Sent By Job
	62731  -  Total Bytes Received By Job
	Partitionable Resources :    Usage  Request          
	   Cpus                 :                 1          
	   Disk (KB)            :      659      659          
	   Memory (MB)          :      100      100          
...
000 (782527.000.000) 10/01 13:04:37 Job submitted from host: <18.12.1.74:47665>
...
001 (782527.000.000) 10/01 13:16:20 Job executing on host: <18.12.9.49:46643>
...
006 (782527.000.000) 10/01 13:16:28 Image size of job updated: 67076
	11  -  MemoryUsage of job (MB)
	10412  -  ResidentSetSize of job (KB)
...
006 (782527.000.000) 10/01 13:21:28 Image size of job updated: 230356
	100  -  MemoryUsage of job (MB)
	102280  -  ResidentSetSize of job (KB)
...
005 (782527.000.000) 10/01 13:23:01 Job terminated.
	(1) Normal termination (return value 0)
		Usr 0 00:01:01, Sys 0 00:00:00  -  Run Remote Usage
		Usr 0 00:00:00, Sys 0 00:00:00  -  Run Local Usage
		Usr 0 00:01:01, Sys 0 00:00:00  -  Total Remote Usage
		Usr 0 00:00:00, Sys 0 00:00:00  -  Total Local Usage
	586345  -  Run Bytes Sent By Job
	62730  -  Run Bytes Received By Job
	586345  -  Total Bytes Sent By Job
	62730  -  Total Bytes Received By Job
	Partitionable Resources :    Usage  Request          
	   Cpus                 :                 1          
	   Disk (KB)            :      659      659          
	   Memory (MB)          :      100      100          
...
000 (782708.000.000) 10/01 14:32:22 Job submitted from host: <18.12.1.74:47665>
...
001 (782708.000.000) 10/01 14:34:43 Job executing on host: <18.12.12.15:48833>
...
006 (782708.000.000) 10/01 14:34:52 Image size of job updated: 192436
	78  -  MemoryUsage of job (MB)
	79872  -  ResidentSetSize of job (KB)
...
006 (782708.000.000) 10/01 14:39:53 Image size of job updated: 227396
	111  -  MemoryUsage of job (MB)
	113636  -  ResidentSetSize of job (KB)
...
005 (782708.000.000) 10/01 14:44:58 Job terminated.
	(1) Normal termination (return value 0)
		Usr 0 00:00:42, Sys 0 00:00:01  -  Run Remote Usage
		Usr 0 00:00:00, Sys 0 00:00:00  -  Run Local Usage
		Usr 0 00:00:42, Sys 0 00:00:01  -  Total Remote Usage
		Usr 0 00:00:00, Sys 0 00:00:00  -  Total Local Usage
	3550377  -  Run Bytes Sent By Job
	62736  -  Run Bytes Received By Job
	3550377  -  Total Bytes Sent By Job
	62736  -  Total Bytes Received By Job
	Partitionable Resources :    Usage  Request          
	   Cpus                 :                 1          
	   Disk (KB)            :     3554     3554          
	   Memory (MB)          :      111      111          
...
000 (788249.000.000) 10/09 09:23:49 Job submitted from host: <18.12.1.74:45913>
...
001 (788249.000.000) 10/09 09:24:17 Job executing on host: <18.12.8.238:48541>
...
006 (788249.000.000) 10/09 09:24:26 Image size of job updated: 71416
	16  -  MemoryUsage of job (MB)
	15488  -  ResidentSetSize of job (KB)
...
006 (788249.000.000) 10/09 09:26:44 Image size of job updated: 230336
	16  -  MemoryUsage of job (MB)
	15488  -  ResidentSetSize of job (KB)
...
005 (788249.000.000) 10/09 09:26:44 Job terminated.
	(1) Normal termination (return value 0)
		Usr 0 00:01:25, Sys 0 00:00:01  -  Run Remote Usage
		Usr 0 00:00:00, Sys 0 00:00:00  -  Run Local Usage
		Usr 0 00:01:25, Sys 0 00:00:01  -  Total Remote Usage
		Usr 0 00:00:00, Sys 0 00:00:00  -  Total Local Usage
	585341  -  Run Bytes Sent By Job
	62698  -  Run Bytes Received By Job
	585341  -  Total Bytes Sent By Job
	62698  -  Total Bytes Received By Job
	Partitionable Resources :    Usage  Request          
	   Cpus                 :                 1          
	   Disk (KB)            :      658      658          
	   Memory (MB)          :       16       16          
...
000 (788614.000.000) 10/12 09:48:09 Job submitted from host: <18.12.1.74:45913>
...
001 (788614.000.000) 10/12 10:00:17 Job executing on host: <18.12.9.21:46351>
...
006 (788614.000.000) 10/12 10:00:25 Image size of job updated: 230204
	95  -  MemoryUsage of job (MB)
	96912  -  ResidentSetSize of job (KB)
...
006 (788614.000.000) 10/12 10:02:50 Image size of job updated: 230336
	95  -  MemoryUsage of job (MB)
	96912  -  ResidentSetSize of job (KB)
...
005 (788614.000.000) 10/12 10:03:00 Job terminated.
	(1) Normal termination (return value 0)
		Usr 0 00:01:22, Sys 0 00:00:01  -  Run Remote Usage
		Usr 0 00:00:00, Sys 0 00:00:00  -  Run Local Usage
		Usr 0 00:01:22, Sys 0 00:00:01  -  Total Remote Usage
		Usr 0 00:00:00, Sys 0 00:00:00  -  Total Local Usage
	585126  -  Run Bytes Sent By Job
	62703  -  Run Bytes Received By Job
	585126  -  Total Bytes Sent By Job
	62703  -  Total Bytes Received By Job
	Partitionable Resources :    Usage  Request          
	   Cpus                 :                 1          
	   Disk (KB)            :      658      658          
	   Memory (MB)          :       95       95          
...
