
----------------------------------------------------
Job started on Thu Aug 20 21:04:15 EDT 2015 at WN: t2bat0286.cmsaf.mit.edu 
Job is running on Linux t2bat0286.cmsaf.mit.edu 2.6.32-358.el6.x86_64 #1 SMP Fri Feb 22 20:37:17 CST 2013 x86_64 x86_64 x86_64 GNU/Linux
Filesystem            Size  Used Avail Use% Mounted on
/dev/sda3              20G  7.0G   12G  38% /
tmpfs                  32G     0   32G   0% /dev/shm
/dev/sda1              97M   32M   61M  35% /boot
/dev/sda4             416G   99G  317G  24% /export/data1
fuse_dfs              4.9P  4.6P  323T  94% /mnt/hadoop
/dev/sdb1             2.7T  2.5T  242G  92% /export/00b
/dev/sdc1             2.7T  2.5T  231G  92% /export/00c
/dev/sdd1             2.7T  2.5T  249G  91% /export/00d
/dev/sde1             2.7T  2.5T  230G  92% /export/00e
/dev/sdf1             2.7T  2.5T  246G  92% /export/00f
/dev/sdg1             2.7T  2.5T  232G  92% /export/00g
/dev/sdh1             2.7T  2.5T  233G  92% /export/00h
/dev/sdi1             2.7T  2.5T  226G  92% /export/00i
/dev/sdj1             2.7T  2.5T  231G  92% /export/00j
/dev/sdk1             2.7T  2.5T  223G  92% /export/00k
/dev/sdl1             2.7T  2.5T  230G  92% /export/00l
cvmfs2                 98G   76G   23G  78% /cvmfs/cms.cern.ch
t2srv0004:/export/db  135G  187M  135G   1% /net/t2srv0004/db
cvmfs2                 98G   76G   23G  78% /cvmfs/cvmfs.cmsaf.mit.edu
gcc (GCC) 4.4.7 20120313 (Red Hat 4.4.7-3)
Copyright (C) 2010 Free Software Foundation, Inc.
This is free software; see the source for copying conditions.  There is NO
warranty; not even for MERCHANTABILITY or FITNESS FOR A PARTICULAR PURPOSE.

Processing...
0/155465
10000/155465
20000/155465
30000/155465
40000/155465
50000/155465
60000/155465
70000/155465
80000/155465
90000/155465
100000/155465
110000/155465
120000/155465
130000/155465
140000/155465
150000/155465
Macro finished: 
CPU time (min)  = 1.42083
Real time (min) = 5.14259
total 2.0M
-rw-r--r--  1 obaron obaron  94K Aug 20 20:49 jetRAA_PbPb_data_akPu3_select.txt
-rw-r--r--  1 obaron obaron  70K Aug 20 20:49 RAA_read_data_pbpb.C
-rw-r--r--  1 obaron obaron 108K Aug 20 20:49 jetRAA_PbPb_data_forest.txt
-rw-r--r--  1 obaron obaron  94K Aug 20 20:49 jetRAA_PbPb_data_akPu2_select.txt
-rw-r--r--  1 obaron obaron  94K Aug 20 20:50 jetRAA_PbPb_data_akPu4_select.txt
-rw-r--r--  1 obaron obaron  11K Aug 20 20:57 RAA_read_data_pbpb_C.d
-rwxr-xr-x  1 obaron obaron 101K Aug 20 20:58 RAA_read_data_pbpb_C.so
-rw-rw-r--  1 obaron obaron  61K Aug 20 21:04 jetRAA_run_PbPb_Data.tar
-rwxr-xr-x  1 obaron obaron 1.2K Aug 20 21:04 condor_exec.exe
-rw-r--r--  1 condor condor  20K Aug 20 21:04 .job.ad
-rw-r--r--  1 condor condor 5.6K Aug 20 21:04 .machine.ad
-rwx------  1 obaron obaron   49 Aug 20 21:04 .chirp.config
drwx------  2 obaron obaron 4.0K Aug 20 21:04 .
-rw-r--r--  1 obaron obaron  678 Aug 20 21:04 _condor_stderr
drwxr-xr-x 35 condor root   4.0K Aug 20 21:08 ..
-rw-r--r--  1 obaron obaron 1.9K Aug 20 21:09 _condor_stdout
-rw-r--r--  1 obaron obaron 1.3M Aug 20 21:09 PbPb_Data_histograms_FromForest_pileupCutFIX_ZDCmCut_akPu2_20_eta_20_385.root
Done!
Copied output files to hadoop rootfiles/JetRAA/June29
