000 (554261.000.000) 08/11 09:09:09 Job submitted from host: <18.12.1.74:48322>
...
001 (554261.000.000) 08/11 09:09:22 Job executing on host: <18.12.8.253:49491>
...
006 (554261.000.000) 08/11 09:09:30 Image size of job updated: 224480
	92  -  MemoryUsage of job (MB)
	93200  -  ResidentSetSize of job (KB)
...
006 (554261.000.000) 08/11 09:11:13 Image size of job updated: 230488
	92  -  MemoryUsage of job (MB)
	93200  -  ResidentSetSize of job (KB)
...
005 (554261.000.000) 08/11 09:11:14 Job terminated.
	(1) Normal termination (return value 0)
		Usr 0 00:01:02, Sys 0 00:00:00  -  Run Remote Usage
		Usr 0 00:00:00, Sys 0 00:00:00  -  Run Local Usage
		Usr 0 00:01:02, Sys 0 00:00:00  -  Total Remote Usage
		Usr 0 00:00:00, Sys 0 00:00:00  -  Total Local Usage
	585933  -  Run Bytes Sent By Job
	62717  -  Run Bytes Received By Job
	585933  -  Total Bytes Sent By Job
	62717  -  Total Bytes Received By Job
	Partitionable Resources :    Usage  Request          
	   Cpus                 :                 1          
	   Disk (KB)            :      658      658          
	   Memory (MB)          :       92       92          
...
000 (557976.000.000) 08/13 13:34:20 Job submitted from host: <18.12.1.74:48322>
...
001 (557976.000.000) 08/13 13:53:58 Job executing on host: <18.12.9.80:43650>
...
006 (557976.000.000) 08/13 13:54:07 Image size of job updated: 192448
	77  -  MemoryUsage of job (MB)
	78240  -  ResidentSetSize of job (KB)
...
006 (557976.000.000) 08/13 13:56:38 Image size of job updated: 230484
	77  -  MemoryUsage of job (MB)
	78240  -  ResidentSetSize of job (KB)
...
005 (557976.000.000) 08/13 13:56:39 Job terminated.
	(1) Normal termination (return value 0)
		Usr 0 00:01:13, Sys 0 00:00:01  -  Run Remote Usage
		Usr 0 00:00:00, Sys 0 00:00:00  -  Run Local Usage
		Usr 0 00:01:13, Sys 0 00:00:01  -  Total Remote Usage
		Usr 0 00:00:00, Sys 0 00:00:00  -  Total Local Usage
	586221  -  Run Bytes Sent By Job
	62720  -  Run Bytes Received By Job
	586221  -  Total Bytes Sent By Job
	62720  -  Total Bytes Received By Job
	Partitionable Resources :    Usage  Request          
	   Cpus                 :                 1          
	   Disk (KB)            :      659      659          
	   Memory (MB)          :       77       77          
...
000 (566267.000.000) 08/20 20:24:23 Job submitted from host: <18.12.1.74:48322>
...
001 (566267.000.000) 08/20 20:24:33 Job executing on host: <18.12.9.70:41095>
...
006 (566267.000.000) 08/20 20:24:44 Image size of job updated: 230488
	100  -  MemoryUsage of job (MB)
	101572  -  ResidentSetSize of job (KB)
...
022 (566267.000.000) 08/20 20:26:47 Job disconnected, attempting to reconnect
    Socket between submit and execute hosts closed unexpectedly
    Trying to reconnect to slot17@t2bat0326.cmsaf.mit.edu <18.12.9.70:41095>
...
023 (566267.000.000) 08/20 20:26:48 Job reconnected to slot17@t2bat0326.cmsaf.mit.edu
    startd address: <18.12.9.70:41095>
    starter address: <18.12.9.70:42920>
...
005 (566267.000.000) 08/20 20:33:30 Job terminated.
	(1) Normal termination (return value 0)
		Usr 0 00:01:12, Sys 0 00:00:01  -  Run Remote Usage
		Usr 0 00:00:00, Sys 0 00:00:00  -  Run Local Usage
		Usr 0 00:01:12, Sys 0 00:00:01  -  Total Remote Usage
		Usr 0 00:00:00, Sys 0 00:00:00  -  Total Local Usage
	586275  -  Run Bytes Sent By Job
	62732  -  Run Bytes Received By Job
	586275  -  Total Bytes Sent By Job
	62732  -  Total Bytes Received By Job
	Partitionable Resources :    Usage  Request          
	   Cpus                 :                 1          
	   Disk (KB)            :      659      659          
	   Memory (MB)          :      100      100          
...
