000 (555998.000.000) 08/12 11:33:34 Job submitted from host: <18.12.1.74:48322>
...
001 (555998.000.000) 08/12 11:35:20 Job executing on host: <18.12.9.79:45986>
...
006 (555998.000.000) 08/12 11:35:28 Image size of job updated: 192484
	77  -  MemoryUsage of job (MB)
	78224  -  ResidentSetSize of job (KB)
...
006 (555998.000.000) 08/12 11:40:28 Image size of job updated: 230276
	100  -  MemoryUsage of job (MB)
	102112  -  ResidentSetSize of job (KB)
...
006 (555998.000.000) 08/12 11:45:29 Image size of job updated: 230276
	109  -  MemoryUsage of job (MB)
	110700  -  ResidentSetSize of job (KB)
...
005 (555998.000.000) 08/12 11:52:51 Job terminated.
	(1) Normal termination (return value 0)
		Usr 0 00:00:57, Sys 0 00:00:02  -  Run Remote Usage
		Usr 0 00:00:00, Sys 0 00:00:00  -  Run Local Usage
		Usr 0 00:00:57, Sys 0 00:00:02  -  Total Remote Usage
		Usr 0 00:00:00, Sys 0 00:00:00  -  Total Local Usage
	586190  -  Run Bytes Sent By Job
	62715  -  Run Bytes Received By Job
	586190  -  Total Bytes Sent By Job
	62715  -  Total Bytes Received By Job
	Partitionable Resources :    Usage  Request          
	   Cpus                 :                 1          
	   Disk (KB)            :      659      659          
	   Memory (MB)          :      109      109          
...
000 (566367.000.000) 08/20 20:59:35 Job submitted from host: <18.12.1.74:48322>
...
001 (566367.000.000) 08/20 20:59:49 Job executing on host: <18.12.9.26:46862>
...
006 (566367.000.000) 08/20 20:59:57 Image size of job updated: 66088
	4  -  MemoryUsage of job (MB)
	3272  -  ResidentSetSize of job (KB)
...
006 (566367.000.000) 08/20 21:04:20 Image size of job updated: 230308
	4  -  MemoryUsage of job (MB)
	3272  -  ResidentSetSize of job (KB)
...
022 (566367.000.000) 08/20 21:04:20 Job disconnected, attempting to reconnect
    Socket between submit and execute hosts closed unexpectedly
    Trying to reconnect to slot15@t2bat0282.cmsaf.mit.edu <18.12.9.26:46862>
...
023 (566367.000.000) 08/20 21:04:20 Job reconnected to slot15@t2bat0282.cmsaf.mit.edu
    startd address: <18.12.9.26:46862>
    starter address: <18.12.9.26:46497>
...
005 (566367.000.000) 08/20 21:10:36 Job terminated.
	(1) Normal termination (return value 0)
		Usr 0 00:01:01, Sys 0 00:00:01  -  Run Remote Usage
		Usr 0 00:00:00, Sys 0 00:00:00  -  Run Local Usage
		Usr 0 00:01:01, Sys 0 00:00:01  -  Total Remote Usage
		Usr 0 00:00:00, Sys 0 00:00:00  -  Total Local Usage
	586382  -  Run Bytes Sent By Job
	62731  -  Run Bytes Received By Job
	586382  -  Total Bytes Sent By Job
	62731  -  Total Bytes Received By Job
	Partitionable Resources :    Usage  Request          
	   Cpus                 :                 1          
	   Disk (KB)            :      659      659          
	   Memory (MB)          :        4        4          
...
000 (782372.000.000) 10/01 13:04:19 Job submitted from host: <18.12.1.74:47665>
...
001 (782372.000.000) 10/01 13:05:56 Job executing on host: <18.12.8.94:44307>
...
006 (782372.000.000) 10/01 13:06:06 Image size of job updated: 128768
	18  -  MemoryUsage of job (MB)
	17672  -  ResidentSetSize of job (KB)
...
006 (782372.000.000) 10/01 13:08:23 Image size of job updated: 230312
	18  -  MemoryUsage of job (MB)
	17672  -  ResidentSetSize of job (KB)
...
005 (782372.000.000) 10/01 13:08:23 Job terminated.
	(1) Normal termination (return value 0)
		Usr 0 00:00:44, Sys 0 00:00:01  -  Run Remote Usage
		Usr 0 00:00:00, Sys 0 00:00:00  -  Run Local Usage
		Usr 0 00:00:44, Sys 0 00:00:01  -  Total Remote Usage
		Usr 0 00:00:00, Sys 0 00:00:00  -  Total Local Usage
	586048  -  Run Bytes Sent By Job
	62730  -  Run Bytes Received By Job
	586048  -  Total Bytes Sent By Job
	62730  -  Total Bytes Received By Job
	Partitionable Resources :    Usage  Request          
	   Cpus                 :                 1          
	   Disk (KB)            :      659      659          
	   Memory (MB)          :       18       18          
...
000 (782553.000.000) 10/01 14:30:10 Job submitted from host: <18.12.1.74:47665>
...
001 (782553.000.000) 10/01 14:31:35 Job executing on host: <18.12.8.168:48395>
...
006 (782553.000.000) 10/01 14:31:44 Image size of job updated: 187644
	75  -  MemoryUsage of job (MB)
	76040  -  ResidentSetSize of job (KB)
...
006 (782553.000.000) 10/01 14:36:23 Image size of job updated: 227300
	75  -  MemoryUsage of job (MB)
	76040  -  ResidentSetSize of job (KB)
...
005 (782553.000.000) 10/01 14:39:18 Job terminated.
	(1) Normal termination (return value 0)
		Usr 0 00:00:24, Sys 0 00:00:00  -  Run Remote Usage
		Usr 0 00:00:00, Sys 0 00:00:00  -  Run Local Usage
		Usr 0 00:00:24, Sys 0 00:00:00  -  Total Remote Usage
		Usr 0 00:00:00, Sys 0 00:00:00  -  Total Local Usage
	3016980  -  Run Bytes Sent By Job
	62736  -  Run Bytes Received By Job
	3016980  -  Total Bytes Sent By Job
	62736  -  Total Bytes Received By Job
	Partitionable Resources :    Usage  Request          
	   Cpus                 :                 1          
	   Disk (KB)            :     3033     3033          
	   Memory (MB)          :       75       75          
...
000 (788094.000.000) 10/09 09:23:33 Job submitted from host: <18.12.1.74:45913>
...
001 (788094.000.000) 10/09 09:25:08 Job executing on host: <18.12.8.161:42190>
...
006 (788094.000.000) 10/09 09:25:16 Image size of job updated: 187620
	75  -  MemoryUsage of job (MB)
	75956  -  ResidentSetSize of job (KB)
...
006 (788094.000.000) 10/09 09:27:02 Image size of job updated: 230296
	75  -  MemoryUsage of job (MB)
	75956  -  ResidentSetSize of job (KB)
...
005 (788094.000.000) 10/09 09:27:02 Job terminated.
	(1) Normal termination (return value 0)
		Usr 0 00:00:54, Sys 0 00:00:00  -  Run Remote Usage
		Usr 0 00:00:00, Sys 0 00:00:00  -  Run Local Usage
		Usr 0 00:00:54, Sys 0 00:00:00  -  Total Remote Usage
		Usr 0 00:00:00, Sys 0 00:00:00  -  Total Local Usage
	585256  -  Run Bytes Sent By Job
	62698  -  Run Bytes Received By Job
	585256  -  Total Bytes Sent By Job
	62698  -  Total Bytes Received By Job
	Partitionable Resources :    Usage  Request          
	   Cpus                 :                 1          
	   Disk (KB)            :      658      658          
	   Memory (MB)          :       75       75          
...
000 (788459.000.000) 10/12 09:47:54 Job submitted from host: <18.12.1.74:45913>
...
001 (788459.000.000) 10/12 09:53:21 Job executing on host: <18.12.8.101:40365>
...
006 (788459.000.000) 10/12 09:53:29 Image size of job updated: 2
	3  -  MemoryUsage of job (MB)
	2348  -  ResidentSetSize of job (KB)
...
006 (788459.000.000) 10/12 09:54:34 Image size of job updated: 230292
	3  -  MemoryUsage of job (MB)
	2348  -  ResidentSetSize of job (KB)
...
005 (788459.000.000) 10/12 09:54:34 Job terminated.
	(1) Normal termination (return value 0)
		Usr 0 00:00:40, Sys 0 00:00:01  -  Run Remote Usage
		Usr 0 00:00:00, Sys 0 00:00:00  -  Run Local Usage
		Usr 0 00:00:40, Sys 0 00:00:01  -  Total Remote Usage
		Usr 0 00:00:00, Sys 0 00:00:00  -  Total Local Usage
	585086  -  Run Bytes Sent By Job
	62703  -  Run Bytes Received By Job
	585086  -  Total Bytes Sent By Job
	62703  -  Total Bytes Received By Job
	Partitionable Resources :    Usage  Request          
	   Cpus                 :                 1          
	   Disk (KB)            :      658      658          
	   Memory (MB)          :        3        3          
...
