000 (556410.000.000) 08/12 14:10:54 Job submitted from host: <18.12.1.74:48322>
...
001 (556410.000.000) 08/12 14:39:51 Job executing on host: <18.12.9.82:48979>
...
006 (556410.000.000) 08/12 14:40:00 Image size of job updated: 192484
	77  -  MemoryUsage of job (MB)
	78260  -  ResidentSetSize of job (KB)
...
006 (556410.000.000) 08/12 14:45:01 Image size of job updated: 230668
	91  -  MemoryUsage of job (MB)
	92920  -  ResidentSetSize of job (KB)
...
005 (556410.000.000) 08/12 14:48:25 Job terminated.
	(1) Normal termination (return value 0)
		Usr 0 00:01:14, Sys 0 00:00:03  -  Run Remote Usage
		Usr 0 00:00:00, Sys 0 00:00:00  -  Run Local Usage
		Usr 0 00:01:14, Sys 0 00:00:03  -  Total Remote Usage
		Usr 0 00:00:00, Sys 0 00:00:00  -  Total Local Usage
	586034  -  Run Bytes Sent By Job
	62715  -  Run Bytes Received By Job
	586034  -  Total Bytes Sent By Job
	62715  -  Total Bytes Received By Job
	Partitionable Resources :    Usage  Request          
	   Cpus                 :                 1          
	   Disk (KB)            :      659      659          
	   Memory (MB)          :       91       91          
...
000 (557670.000.000) 08/13 11:57:30 Job submitted from host: <18.12.1.74:48322>
...
001 (557670.000.000) 08/13 12:33:33 Job executing on host: <18.12.9.47:41168>
...
006 (557670.000.000) 08/13 12:33:42 Image size of job updated: 230144
	95  -  MemoryUsage of job (MB)
	96368  -  ResidentSetSize of job (KB)
...
006 (557670.000.000) 08/13 12:35:57 Image size of job updated: 230680
	95  -  MemoryUsage of job (MB)
	96368  -  ResidentSetSize of job (KB)
...
005 (557670.000.000) 08/13 12:35:57 Job terminated.
	(1) Normal termination (return value 0)
		Usr 0 00:01:18, Sys 0 00:00:02  -  Run Remote Usage
		Usr 0 00:00:00, Sys 0 00:00:00  -  Run Local Usage
		Usr 0 00:01:18, Sys 0 00:00:02  -  Total Remote Usage
		Usr 0 00:00:00, Sys 0 00:00:00  -  Total Local Usage
	586248  -  Run Bytes Sent By Job
	62715  -  Run Bytes Received By Job
	586248  -  Total Bytes Sent By Job
	62715  -  Total Bytes Received By Job
	Partitionable Resources :    Usage  Request          
	   Cpus                 :                 1          
	   Disk (KB)            :      659      659          
	   Memory (MB)          :       95       95          
...
000 (558186.000.000) 08/13 14:31:12 Job submitted from host: <18.12.1.74:48322>
...
001 (558186.000.000) 08/13 15:02:45 Job executing on host: <18.12.9.40:47592>
...
006 (558186.000.000) 08/13 15:02:54 Image size of job updated: 75612
	17  -  MemoryUsage of job (MB)
	17168  -  ResidentSetSize of job (KB)
...
006 (558186.000.000) 08/13 15:07:55 Image size of job updated: 230548
	103  -  MemoryUsage of job (MB)
	105400  -  ResidentSetSize of job (KB)
...
006 (558186.000.000) 08/13 15:12:55 Image size of job updated: 230680
	104  -  MemoryUsage of job (MB)
	105496  -  ResidentSetSize of job (KB)
...
006 (558186.000.000) 08/13 15:17:55 Image size of job updated: 230680
	107  -  MemoryUsage of job (MB)
	109208  -  ResidentSetSize of job (KB)
...
005 (558186.000.000) 08/13 15:18:25 Job terminated.
	(1) Normal termination (return value 0)
		Usr 0 00:01:23, Sys 0 00:00:02  -  Run Remote Usage
		Usr 0 00:00:00, Sys 0 00:00:00  -  Run Local Usage
		Usr 0 00:01:23, Sys 0 00:00:02  -  Total Remote Usage
		Usr 0 00:00:00, Sys 0 00:00:00  -  Total Local Usage
	586314  -  Run Bytes Sent By Job
	62714  -  Run Bytes Received By Job
	586314  -  Total Bytes Sent By Job
	62714  -  Total Bytes Received By Job
	Partitionable Resources :    Usage  Request          
	   Cpus                 :                 1          
	   Disk (KB)            :      659      659          
	   Memory (MB)          :      107      107          
...
000 (565523.000.000) 08/20 12:54:17 Job submitted from host: <18.12.1.74:48322>
...
001 (565523.000.000) 08/20 12:54:27 Job executing on host: <18.12.6.25:44161>
...
006 (565523.000.000) 08/20 12:54:37 Image size of job updated: 188432
	76  -  MemoryUsage of job (MB)
	77116  -  ResidentSetSize of job (KB)
...
006 (565523.000.000) 08/20 12:59:38 Image size of job updated: 230712
	97  -  MemoryUsage of job (MB)
	98428  -  ResidentSetSize of job (KB)
...
006 (565523.000.000) 08/20 13:04:38 Image size of job updated: 230712
	104  -  MemoryUsage of job (MB)
	106352  -  ResidentSetSize of job (KB)
...
005 (565523.000.000) 08/20 13:11:53 Job terminated.
	(1) Normal termination (return value 0)
		Usr 0 00:01:32, Sys 0 00:00:01  -  Run Remote Usage
		Usr 0 00:00:00, Sys 0 00:00:00  -  Run Local Usage
		Usr 0 00:01:32, Sys 0 00:00:01  -  Total Remote Usage
		Usr 0 00:00:00, Sys 0 00:00:00  -  Total Local Usage
	586104  -  Run Bytes Sent By Job
	62731  -  Run Bytes Received By Job
	586104  -  Total Bytes Sent By Job
	62731  -  Total Bytes Received By Job
	Partitionable Resources :    Usage  Request          
	   Cpus                 :                 1          
	   Disk (KB)            :      659      659          
	   Memory (MB)          :      104      104          
...
