000 (556398.000.000) 08/12 14:10:53 Job submitted from host: <18.12.1.74:48322>
...
001 (556398.000.000) 08/12 14:36:22 Job executing on host: <18.12.12.7:44599>
...
006 (556398.000.000) 08/12 14:36:31 Image size of job updated: 192452
	77  -  MemoryUsage of job (MB)
	78244  -  ResidentSetSize of job (KB)
...
006 (556398.000.000) 08/12 14:41:32 Image size of job updated: 230492
	101  -  MemoryUsage of job (MB)
	102672  -  ResidentSetSize of job (KB)
...
005 (556398.000.000) 08/12 14:45:22 Job terminated.
	(1) Normal termination (return value 0)
		Usr 0 00:01:19, Sys 0 00:00:02  -  Run Remote Usage
		Usr 0 00:00:00, Sys 0 00:00:00  -  Run Local Usage
		Usr 0 00:01:19, Sys 0 00:00:02  -  Total Remote Usage
		Usr 0 00:00:00, Sys 0 00:00:00  -  Total Local Usage
	586179  -  Run Bytes Sent By Job
	62715  -  Run Bytes Received By Job
	586179  -  Total Bytes Sent By Job
	62715  -  Total Bytes Received By Job
	Partitionable Resources :    Usage  Request          
	   Cpus                 :                 1          
	   Disk (KB)            :      659      659          
	   Memory (MB)          :      101      101          
...
000 (557658.000.000) 08/13 11:57:29 Job submitted from host: <18.12.1.74:48322>
...
001 (557658.000.000) 08/13 12:29:31 Job executing on host: <18.12.9.80:43650>
...
006 (557658.000.000) 08/13 12:29:40 Image size of job updated: 2
	3  -  MemoryUsage of job (MB)
	2348  -  ResidentSetSize of job (KB)
...
006 (557658.000.000) 08/13 12:33:22 Image size of job updated: 230472
	3  -  MemoryUsage of job (MB)
	2348  -  ResidentSetSize of job (KB)
...
005 (557658.000.000) 08/13 12:33:22 Job terminated.
	(1) Normal termination (return value 0)
		Usr 0 00:01:14, Sys 0 00:00:01  -  Run Remote Usage
		Usr 0 00:00:00, Sys 0 00:00:00  -  Run Local Usage
		Usr 0 00:01:14, Sys 0 00:00:01  -  Total Remote Usage
		Usr 0 00:00:00, Sys 0 00:00:00  -  Total Local Usage
	586235  -  Run Bytes Sent By Job
	62715  -  Run Bytes Received By Job
	586235  -  Total Bytes Sent By Job
	62715  -  Total Bytes Received By Job
	Partitionable Resources :    Usage  Request          
	   Cpus                 :                 1          
	   Disk (KB)            :      659      659          
	   Memory (MB)          :        3        3          
...
000 (558174.000.000) 08/13 14:31:11 Job submitted from host: <18.12.1.74:48322>
...
001 (558174.000.000) 08/13 15:01:28 Job executing on host: <18.12.9.80:43650>
...
006 (558174.000.000) 08/13 15:01:36 Image size of job updated: 2
	3  -  MemoryUsage of job (MB)
	2348  -  ResidentSetSize of job (KB)
...
006 (558174.000.000) 08/13 15:03:42 Image size of job updated: 230476
	3  -  MemoryUsage of job (MB)
	2348  -  ResidentSetSize of job (KB)
...
005 (558174.000.000) 08/13 15:03:42 Job terminated.
	(1) Normal termination (return value 0)
		Usr 0 00:01:17, Sys 0 00:00:01  -  Run Remote Usage
		Usr 0 00:00:00, Sys 0 00:00:00  -  Run Local Usage
		Usr 0 00:01:17, Sys 0 00:00:01  -  Total Remote Usage
		Usr 0 00:00:00, Sys 0 00:00:00  -  Total Local Usage
	586235  -  Run Bytes Sent By Job
	62714  -  Run Bytes Received By Job
	586235  -  Total Bytes Sent By Job
	62714  -  Total Bytes Received By Job
	Partitionable Resources :    Usage  Request          
	   Cpus                 :                 1          
	   Disk (KB)            :      659      659          
	   Memory (MB)          :        3        3          
...
000 (565511.000.000) 08/20 12:52:06 Job submitted from host: <18.12.1.74:48322>
...
001 (565511.000.000) 08/20 12:52:32 Job executing on host: <18.12.9.38:45329>
...
006 (565511.000.000) 08/20 12:52:42 Image size of job updated: 68916
	13  -  MemoryUsage of job (MB)
	13104  -  ResidentSetSize of job (KB)
...
006 (565511.000.000) 08/20 12:56:00 Image size of job updated: 230476
	13  -  MemoryUsage of job (MB)
	13104  -  ResidentSetSize of job (KB)
...
005 (565511.000.000) 08/20 13:04:14 Job terminated.
	(1) Normal termination (return value 0)
		Usr 0 00:01:16, Sys 0 00:00:02  -  Run Remote Usage
		Usr 0 00:00:00, Sys 0 00:00:00  -  Run Local Usage
		Usr 0 00:01:16, Sys 0 00:00:02  -  Total Remote Usage
		Usr 0 00:00:00, Sys 0 00:00:00  -  Total Local Usage
	586570  -  Run Bytes Sent By Job
	62731  -  Run Bytes Received By Job
	586570  -  Total Bytes Sent By Job
	62731  -  Total Bytes Received By Job
	Partitionable Resources :    Usage  Request          
	   Cpus                 :                 1          
	   Disk (KB)            :      659      659          
	   Memory (MB)          :       13       13          
...
