000 (556471.000.000) 08/12 14:11:00 Job submitted from host: <18.12.1.74:48322>
...
001 (556471.000.000) 08/12 14:50:27 Job executing on host: <18.12.8.149:40949>
...
006 (556471.000.000) 08/12 14:50:35 Image size of job updated: 143804
	19  -  MemoryUsage of job (MB)
	18648  -  ResidentSetSize of job (KB)
...
006 (556471.000.000) 08/12 14:55:35 Image size of job updated: 230776
	95  -  MemoryUsage of job (MB)
	96944  -  ResidentSetSize of job (KB)
...
005 (556471.000.000) 08/12 15:01:18 Job terminated.
	(1) Normal termination (return value 0)
		Usr 0 00:02:05, Sys 0 00:00:04  -  Run Remote Usage
		Usr 0 00:00:00, Sys 0 00:00:00  -  Run Local Usage
		Usr 0 00:02:05, Sys 0 00:00:04  -  Total Remote Usage
		Usr 0 00:00:00, Sys 0 00:00:00  -  Total Local Usage
	586131  -  Run Bytes Sent By Job
	62715  -  Run Bytes Received By Job
	586131  -  Total Bytes Sent By Job
	62715  -  Total Bytes Received By Job
	Partitionable Resources :    Usage  Request          
	   Cpus                 :                 1          
	   Disk (KB)            :      658      658          
	   Memory (MB)          :       95       95          
...
000 (557731.000.000) 08/13 11:57:36 Job submitted from host: <18.12.1.74:48322>
...
001 (557731.000.000) 08/13 12:45:38 Job executing on host: <18.12.9.47:41168>
...
006 (557731.000.000) 08/13 12:45:46 Image size of job updated: 2
	3  -  MemoryUsage of job (MB)
	2352  -  ResidentSetSize of job (KB)
...
006 (557731.000.000) 08/13 12:50:46 Image size of job updated: 230748
	97  -  MemoryUsage of job (MB)
	98524  -  ResidentSetSize of job (KB)
...
005 (557731.000.000) 08/13 12:55:37 Job terminated.
	(1) Normal termination (return value 0)
		Usr 0 00:02:00, Sys 0 00:00:02  -  Run Remote Usage
		Usr 0 00:00:00, Sys 0 00:00:00  -  Run Local Usage
		Usr 0 00:02:00, Sys 0 00:00:02  -  Total Remote Usage
		Usr 0 00:00:00, Sys 0 00:00:00  -  Total Local Usage
	586375  -  Run Bytes Sent By Job
	62715  -  Run Bytes Received By Job
	586375  -  Total Bytes Sent By Job
	62715  -  Total Bytes Received By Job
	Partitionable Resources :    Usage  Request          
	   Cpus                 :                 1          
	   Disk (KB)            :      659      659          
	   Memory (MB)          :       97       97          
...
000 (558247.000.000) 08/13 14:31:18 Job submitted from host: <18.12.1.74:48322>
...
001 (558247.000.000) 08/13 15:12:00 Job executing on host: <18.12.9.65:41971>
...
006 (558247.000.000) 08/13 15:12:09 Image size of job updated: 2
	3  -  MemoryUsage of job (MB)
	2356  -  ResidentSetSize of job (KB)
...
006 (558247.000.000) 08/13 15:17:10 Image size of job updated: 230740
	110  -  MemoryUsage of job (MB)
	112040  -  ResidentSetSize of job (KB)
...
005 (558247.000.000) 08/13 15:17:29 Job terminated.
	(1) Normal termination (return value 0)
		Usr 0 00:02:08, Sys 0 00:00:02  -  Run Remote Usage
		Usr 0 00:00:00, Sys 0 00:00:00  -  Run Local Usage
		Usr 0 00:02:08, Sys 0 00:00:02  -  Total Remote Usage
		Usr 0 00:00:00, Sys 0 00:00:00  -  Total Local Usage
	586160  -  Run Bytes Sent By Job
	62714  -  Run Bytes Received By Job
	586160  -  Total Bytes Sent By Job
	62714  -  Total Bytes Received By Job
	Partitionable Resources :    Usage  Request          
	   Cpus                 :                 1          
	   Disk (KB)            :      659      659          
	   Memory (MB)          :      110      110          
...
000 (565584.000.000) 08/20 12:59:51 Job submitted from host: <18.12.1.74:48322>
...
001 (565584.000.000) 08/20 13:00:34 Job executing on host: <18.12.9.39:46205>
...
006 (565584.000.000) 08/20 13:00:43 Image size of job updated: 9248
	2  -  MemoryUsage of job (MB)
	1272  -  ResidentSetSize of job (KB)
...
006 (565584.000.000) 08/20 13:05:44 Image size of job updated: 230740
	97  -  MemoryUsage of job (MB)
	98404  -  ResidentSetSize of job (KB)
...
005 (565584.000.000) 08/20 13:14:05 Job terminated.
	(1) Normal termination (return value 0)
		Usr 0 00:02:10, Sys 0 00:00:03  -  Run Remote Usage
		Usr 0 00:00:00, Sys 0 00:00:00  -  Run Local Usage
		Usr 0 00:02:10, Sys 0 00:00:03  -  Total Remote Usage
		Usr 0 00:00:00, Sys 0 00:00:00  -  Total Local Usage
	586564  -  Run Bytes Sent By Job
	62731  -  Run Bytes Received By Job
	586564  -  Total Bytes Sent By Job
	62731  -  Total Bytes Received By Job
	Partitionable Resources :    Usage  Request          
	   Cpus                 :                 1          
	   Disk (KB)            :      659      659          
	   Memory (MB)          :       97       97          
...
000 (783077.000.000) 10/02 11:08:18 Job submitted from host: <18.12.1.74:41314>
...
001 (783077.000.000) 10/02 11:14:07 Job executing on host: <18.12.9.67:41533>
...
006 (783077.000.000) 10/02 11:14:08 Image size of job updated: 2
	0  -  MemoryUsage of job (MB)
	0  -  ResidentSetSize of job (KB)
...
022 (783077.000.000) 10/02 11:14:08 Job disconnected, attempting to reconnect
    Socket between submit and execute hosts closed unexpectedly
    Trying to reconnect to slot10@t2bat0323.cmsaf.mit.edu <18.12.9.67:41533>
...
023 (783077.000.000) 10/02 11:14:09 Job reconnected to slot10@t2bat0323.cmsaf.mit.edu
    startd address: <18.12.9.67:41533>
    starter address: <18.12.9.67:48617>
...
022 (783077.000.000) 10/02 11:14:09 Job disconnected, attempting to reconnect
    Socket between submit and execute hosts closed unexpectedly
    Trying to reconnect to slot10@t2bat0323.cmsaf.mit.edu <18.12.9.67:41533>
...
023 (783077.000.000) 10/02 11:14:09 Job reconnected to slot10@t2bat0323.cmsaf.mit.edu
    startd address: <18.12.9.67:41533>
    starter address: <18.12.9.67:48617>
...
005 (783077.000.000) 10/02 11:19:24 Job terminated.
	(1) Normal termination (return value 0)
		Usr 0 00:00:00, Sys 0 00:00:00  -  Run Remote Usage
		Usr 0 00:00:00, Sys 0 00:00:00  -  Run Local Usage
		Usr 0 00:00:00, Sys 0 00:00:00  -  Total Remote Usage
		Usr 0 00:00:00, Sys 0 00:00:00  -  Total Local Usage
	585466  -  Run Bytes Sent By Job
	62733  -  Run Bytes Received By Job
	585466  -  Total Bytes Sent By Job
	62733  -  Total Bytes Received By Job
	Partitionable Resources :    Usage  Request          
	   Cpus                 :                 1          
	   Disk (KB)            :      658      658          
	   Memory (MB)          :        0        0          
...
000 (783258.000.000) 10/02 16:13:32 Job submitted from host: <18.12.1.74:45913>
...
001 (783258.000.000) 10/02 16:14:04 Job executing on host: <18.12.9.48:44380>
...
006 (783258.000.000) 10/02 16:14:05 Image size of job updated: 9248
	0  -  MemoryUsage of job (MB)
	0  -  ResidentSetSize of job (KB)
...
005 (783258.000.000) 10/02 16:14:06 Job terminated.
	(1) Normal termination (return value 0)
		Usr 0 00:00:00, Sys 0 00:00:00  -  Run Remote Usage
		Usr 0 00:00:00, Sys 0 00:00:00  -  Run Local Usage
		Usr 0 00:00:00, Sys 0 00:00:00  -  Total Remote Usage
		Usr 0 00:00:00, Sys 0 00:00:00  -  Total Local Usage
	585666  -  Run Bytes Sent By Job
	62733  -  Run Bytes Received By Job
	585666  -  Total Bytes Sent By Job
	62733  -  Total Bytes Received By Job
	Partitionable Resources :    Usage  Request          
	   Cpus                 :                 1          
	   Disk (KB)            :      658      658          
	   Memory (MB)          :        0        0          
...
000 (783439.000.000) 10/02 16:49:05 Job submitted from host: <18.12.1.74:45913>
...
001 (783439.000.000) 10/02 16:49:07 Job executing on host: <18.12.9.38:45694>
...
006 (783439.000.000) 10/02 16:49:11 Image size of job updated: 75604
	0  -  MemoryUsage of job (MB)
	0  -  ResidentSetSize of job (KB)
...
005 (783439.000.000) 10/02 16:49:11 Job terminated.
	(1) Normal termination (return value 0)
		Usr 0 00:00:00, Sys 0 00:00:00  -  Run Remote Usage
		Usr 0 00:00:00, Sys 0 00:00:00  -  Run Local Usage
		Usr 0 00:00:00, Sys 0 00:00:00  -  Total Remote Usage
		Usr 0 00:00:00, Sys 0 00:00:00  -  Total Local Usage
	585972  -  Run Bytes Sent By Job
	62733  -  Run Bytes Received By Job
	585972  -  Total Bytes Sent By Job
	62733  -  Total Bytes Received By Job
	Partitionable Resources :    Usage  Request          
	   Cpus                 :                 1          
	   Disk (KB)            :      659      659          
	   Memory (MB)          :        0        0          
...
000 (783622.000.000) 10/05 09:25:54 Job submitted from host: <18.12.1.74:45913>
...
001 (783622.000.000) 10/05 09:26:14 Job executing on host: <18.12.9.60:42847>
...
006 (783622.000.000) 10/05 09:26:14 Image size of job updated: 2
	0  -  MemoryUsage of job (MB)
	0  -  ResidentSetSize of job (KB)
...
005 (783622.000.000) 10/05 09:26:16 Job terminated.
	(1) Normal termination (return value 0)
		Usr 0 00:00:00, Sys 0 00:00:00  -  Run Remote Usage
		Usr 0 00:00:00, Sys 0 00:00:00  -  Run Local Usage
		Usr 0 00:00:00, Sys 0 00:00:00  -  Total Remote Usage
		Usr 0 00:00:00, Sys 0 00:00:00  -  Total Local Usage
	585886  -  Run Bytes Sent By Job
	62732  -  Run Bytes Received By Job
	585886  -  Total Bytes Sent By Job
	62732  -  Total Bytes Received By Job
	Partitionable Resources :    Usage  Request          
	   Cpus                 :                 1          
	   Disk (KB)            :      659      659          
	   Memory (MB)          :        0        0          
...
000 (783803.000.000) 10/05 10:00:30 Job submitted from host: <18.12.1.74:45913>
...
001 (783803.000.000) 10/05 10:00:57 Job executing on host: <18.12.9.65:49271>
...
006 (783803.000.000) 10/05 10:00:57 Image size of job updated: 2
	0  -  MemoryUsage of job (MB)
	0  -  ResidentSetSize of job (KB)
...
005 (783803.000.000) 10/05 10:00:57 Job terminated.
	(1) Normal termination (return value 0)
		Usr 0 00:00:00, Sys 0 00:00:00  -  Run Remote Usage
		Usr 0 00:00:00, Sys 0 00:00:00  -  Run Local Usage
		Usr 0 00:00:00, Sys 0 00:00:00  -  Total Remote Usage
		Usr 0 00:00:00, Sys 0 00:00:00  -  Total Local Usage
	585752  -  Run Bytes Sent By Job
	62731  -  Run Bytes Received By Job
	585752  -  Total Bytes Sent By Job
	62731  -  Total Bytes Received By Job
	Partitionable Resources :    Usage  Request          
	   Cpus                 :                 1          
	   Disk (KB)            :      659      659          
	   Memory (MB)          :        0        0          
...
000 (783985.000.000) 10/05 12:25:36 Job submitted from host: <18.12.1.74:45913>
...
001 (783985.000.000) 10/05 12:25:44 Job executing on host: <18.12.9.37:40511>
...
006 (783985.000.000) 10/05 12:25:47 Image size of job updated: 2
	0  -  MemoryUsage of job (MB)
	0  -  ResidentSetSize of job (KB)
...
005 (783985.000.000) 10/05 12:25:47 Job terminated.
	(1) Normal termination (return value 0)
		Usr 0 00:00:00, Sys 0 00:00:00  -  Run Remote Usage
		Usr 0 00:00:00, Sys 0 00:00:00  -  Run Local Usage
		Usr 0 00:00:00, Sys 0 00:00:00  -  Total Remote Usage
		Usr 0 00:00:00, Sys 0 00:00:00  -  Total Local Usage
	586032  -  Run Bytes Sent By Job
	62732  -  Run Bytes Received By Job
	586032  -  Total Bytes Sent By Job
	62732  -  Total Bytes Received By Job
	Partitionable Resources :    Usage  Request          
	   Cpus                 :                 1          
	   Disk (KB)            :      659      659          
	   Memory (MB)          :        0        0          
...
000 (784166.000.000) 10/05 12:28:54 Job submitted from host: <18.12.1.74:45913>
...
001 (784166.000.000) 10/05 12:29:23 Job executing on host: <18.12.9.77:44015>
...
006 (784166.000.000) 10/05 12:29:31 Image size of job updated: 230604
	97  -  MemoryUsage of job (MB)
	98416  -  ResidentSetSize of job (KB)
...
006 (784166.000.000) 10/05 12:31:39 Image size of job updated: 230736
	97  -  MemoryUsage of job (MB)
	98416  -  ResidentSetSize of job (KB)
...
005 (784166.000.000) 10/05 12:31:39 Job terminated.
	(1) Normal termination (return value 0)
		Usr 0 00:01:32, Sys 0 00:00:01  -  Run Remote Usage
		Usr 0 00:00:00, Sys 0 00:00:00  -  Run Local Usage
		Usr 0 00:01:32, Sys 0 00:00:01  -  Total Remote Usage
		Usr 0 00:00:00, Sys 0 00:00:00  -  Total Local Usage
	587022  -  Run Bytes Sent By Job
	62733  -  Run Bytes Received By Job
	587022  -  Total Bytes Sent By Job
	62733  -  Total Bytes Received By Job
	Partitionable Resources :    Usage  Request          
	   Cpus                 :                 1          
	   Disk (KB)            :      660      660          
	   Memory (MB)          :       97       97          
...
000 (786235.000.000) 10/05 14:34:50 Job submitted from host: <18.12.1.74:45913>
...
001 (786235.000.000) 10/05 14:36:00 Job executing on host: <18.12.8.101:40365>
...
006 (786235.000.000) 10/05 14:36:09 Image size of job updated: 2
	3  -  MemoryUsage of job (MB)
	2360  -  ResidentSetSize of job (KB)
...
006 (786235.000.000) 10/05 14:38:25 Image size of job updated: 230744
	3  -  MemoryUsage of job (MB)
	2360  -  ResidentSetSize of job (KB)
...
005 (786235.000.000) 10/05 14:38:26 Job terminated.
	(1) Normal termination (return value 0)
		Usr 0 00:01:40, Sys 0 00:00:03  -  Run Remote Usage
		Usr 0 00:00:00, Sys 0 00:00:00  -  Run Local Usage
		Usr 0 00:01:40, Sys 0 00:00:03  -  Total Remote Usage
		Usr 0 00:00:00, Sys 0 00:00:00  -  Total Local Usage
	586577  -  Run Bytes Sent By Job
	62729  -  Run Bytes Received By Job
	586577  -  Total Bytes Sent By Job
	62729  -  Total Bytes Received By Job
	Partitionable Resources :    Usage  Request          
	   Cpus                 :                 1          
	   Disk (KB)            :      659      659          
	   Memory (MB)          :        3        3          
...
000 (788074.000.000) 10/08 16:10:36 Job submitted from host: <18.12.1.74:45913>
...
001 (788074.000.000) 10/08 16:26:18 Job executing on host: <18.12.6.84:44891>
...
006 (788074.000.000) 10/08 16:26:27 Image size of job updated: 2
	3  -  MemoryUsage of job (MB)
	2340  -  ResidentSetSize of job (KB)
...
006 (788074.000.000) 10/08 16:30:00 Image size of job updated: 230752
	3  -  MemoryUsage of job (MB)
	2340  -  ResidentSetSize of job (KB)
...
005 (788074.000.000) 10/08 16:30:01 Job terminated.
	(1) Normal termination (return value 0)
		Usr 0 00:02:36, Sys 0 00:00:02  -  Run Remote Usage
		Usr 0 00:00:00, Sys 0 00:00:00  -  Run Local Usage
		Usr 0 00:02:36, Sys 0 00:00:02  -  Total Remote Usage
		Usr 0 00:00:00, Sys 0 00:00:00  -  Total Local Usage
	585586  -  Run Bytes Sent By Job
	62697  -  Run Bytes Received By Job
	585586  -  Total Bytes Sent By Job
	62697  -  Total Bytes Received By Job
	Partitionable Resources :    Usage  Request          
	   Cpus                 :                 1          
	   Disk (KB)            :      658      658          
	   Memory (MB)          :        3        3          
...
000 (788437.000.000) 10/09 10:00:39 Job submitted from host: <18.12.1.74:45913>
...
001 (788437.000.000) 10/09 10:13:21 Job executing on host: <18.12.8.162:48906>
...
006 (788437.000.000) 10/09 10:13:30 Image size of job updated: 9248
	2  -  MemoryUsage of job (MB)
	1268  -  ResidentSetSize of job (KB)
...
006 (788437.000.000) 10/09 10:18:31 Image size of job updated: 230720
	109  -  MemoryUsage of job (MB)
	110704  -  ResidentSetSize of job (KB)
...
005 (788437.000.000) 10/09 10:20:27 Job terminated.
	(1) Normal termination (return value 0)
		Usr 0 00:02:01, Sys 0 00:00:01  -  Run Remote Usage
		Usr 0 00:00:00, Sys 0 00:00:00  -  Run Local Usage
		Usr 0 00:02:01, Sys 0 00:00:01  -  Total Remote Usage
		Usr 0 00:00:00, Sys 0 00:00:00  -  Total Local Usage
	585256  -  Run Bytes Sent By Job
	62694  -  Run Bytes Received By Job
	585256  -  Total Bytes Sent By Job
	62694  -  Total Bytes Received By Job
	Partitionable Resources :    Usage  Request          
	   Cpus                 :                 1          
	   Disk (KB)            :      658      658          
	   Memory (MB)          :      109      109          
...
000 (788984.000.000) 10/12 11:22:19 Job submitted from host: <18.12.1.74:45913>
...
001 (788984.000.000) 10/12 11:41:50 Job executing on host: <18.12.8.203:48395>
...
006 (788984.000.000) 10/12 11:41:58 Image size of job updated: 2
	3  -  MemoryUsage of job (MB)
	2360  -  ResidentSetSize of job (KB)
...
006 (788984.000.000) 10/12 11:46:18 Image size of job updated: 236372
	3  -  MemoryUsage of job (MB)
	2360  -  ResidentSetSize of job (KB)
...
005 (788984.000.000) 10/12 11:46:18 Job terminated.
	(1) Normal termination (return value 0)
		Usr 0 00:02:29, Sys 0 00:00:02  -  Run Remote Usage
		Usr 0 00:00:00, Sys 0 00:00:00  -  Run Local Usage
		Usr 0 00:02:29, Sys 0 00:00:02  -  Total Remote Usage
		Usr 0 00:00:00, Sys 0 00:00:00  -  Total Local Usage
	585483  -  Run Bytes Sent By Job
	62702  -  Run Bytes Received By Job
	585483  -  Total Bytes Sent By Job
	62702  -  Total Bytes Received By Job
	Partitionable Resources :    Usage  Request          
	   Cpus                 :                 1          
	   Disk (KB)            :      658      658          
	   Memory (MB)          :        3        3          
...
