000 (554188.000.000) 08/11 09:09:00 Job submitted from host: <18.12.1.74:48322>
...
001 (554188.000.000) 08/11 09:09:11 Job executing on host: <18.12.12.4:43066>
...
006 (554188.000.000) 08/11 09:09:19 Image size of job updated: 2
	3  -  MemoryUsage of job (MB)
	2340  -  ResidentSetSize of job (KB)
...
006 (554188.000.000) 08/11 09:10:27 Image size of job updated: 230100
	3  -  MemoryUsage of job (MB)
	2340  -  ResidentSetSize of job (KB)
...
005 (554188.000.000) 08/11 09:10:27 Job terminated.
	(1) Normal termination (return value 0)
		Usr 0 00:00:35, Sys 0 00:00:00  -  Run Remote Usage
		Usr 0 00:00:00, Sys 0 00:00:00  -  Run Local Usage
		Usr 0 00:00:35, Sys 0 00:00:00  -  Total Remote Usage
		Usr 0 00:00:00, Sys 0 00:00:00  -  Total Local Usage
	585848  -  Run Bytes Sent By Job
	62717  -  Run Bytes Received By Job
	585848  -  Total Bytes Sent By Job
	62717  -  Total Bytes Received By Job
	Partitionable Resources :    Usage  Request          
	   Cpus                 :                 1          
	   Disk (KB)            :      658      658          
	   Memory (MB)          :        3        3          
...
000 (557903.000.000) 08/13 13:34:13 Job submitted from host: <18.12.1.74:48322>
...
001 (557903.000.000) 08/13 13:40:36 Job executing on host: <18.12.9.80:43650>
...
006 (557903.000.000) 08/13 13:40:44 Image size of job updated: 229964
	93  -  MemoryUsage of job (MB)
	94720  -  ResidentSetSize of job (KB)
...
006 (557903.000.000) 08/13 13:42:05 Image size of job updated: 230096
	93  -  MemoryUsage of job (MB)
	94720  -  ResidentSetSize of job (KB)
...
005 (557903.000.000) 08/13 13:42:05 Job terminated.
	(1) Normal termination (return value 0)
		Usr 0 00:00:33, Sys 0 00:00:00  -  Run Remote Usage
		Usr 0 00:00:00, Sys 0 00:00:00  -  Run Local Usage
		Usr 0 00:00:33, Sys 0 00:00:00  -  Total Remote Usage
		Usr 0 00:00:00, Sys 0 00:00:00  -  Total Local Usage
	586119  -  Run Bytes Sent By Job
	62720  -  Run Bytes Received By Job
	586119  -  Total Bytes Sent By Job
	62720  -  Total Bytes Received By Job
	Partitionable Resources :    Usage  Request          
	   Cpus                 :                 1          
	   Disk (KB)            :      659      659          
	   Memory (MB)          :       93       93          
...
000 (566194.000.000) 08/20 20:19:10 Job submitted from host: <18.12.1.74:48322>
...
001 (566194.000.000) 08/20 20:20:05 Job executing on host: <18.12.9.70:41095>
...
006 (566194.000.000) 08/20 20:20:14 Image size of job updated: 229964
	94  -  MemoryUsage of job (MB)
	96024  -  ResidentSetSize of job (KB)
...
006 (566194.000.000) 08/20 20:21:13 Image size of job updated: 230096
	94  -  MemoryUsage of job (MB)
	96024  -  ResidentSetSize of job (KB)
...
005 (566194.000.000) 08/20 20:27:39 Job terminated.
	(1) Normal termination (return value 0)
		Usr 0 00:00:33, Sys 0 00:00:01  -  Run Remote Usage
		Usr 0 00:00:00, Sys 0 00:00:00  -  Run Local Usage
		Usr 0 00:00:33, Sys 0 00:00:01  -  Total Remote Usage
		Usr 0 00:00:00, Sys 0 00:00:00  -  Total Local Usage
	586174  -  Run Bytes Sent By Job
	62732  -  Run Bytes Received By Job
	586174  -  Total Bytes Sent By Job
	62732  -  Total Bytes Received By Job
	Partitionable Resources :    Usage  Request          
	   Cpus                 :                 1          
	   Disk (KB)            :      659      659          
	   Memory (MB)          :       94       94          
...
