000 (554246.000.000) 08/11 09:09:06 Job submitted from host: <18.12.1.74:48322>
...
001 (554246.000.000) 08/11 09:09:21 Job executing on host: <18.12.1.39:40730>
...
006 (554246.000.000) 08/11 09:09:30 Image size of job updated: 69172
	13  -  MemoryUsage of job (MB)
	13208  -  ResidentSetSize of job (KB)
...
006 (554246.000.000) 08/11 09:14:31 Image size of job updated: 230444
	93  -  MemoryUsage of job (MB)
	95048  -  ResidentSetSize of job (KB)
...
006 (554246.000.000) 08/11 09:19:31 Image size of job updated: 230444
	95  -  MemoryUsage of job (MB)
	96976  -  ResidentSetSize of job (KB)
...
006 (554246.000.000) 08/11 09:24:31 Image size of job updated: 230444
	96  -  MemoryUsage of job (MB)
	97616  -  ResidentSetSize of job (KB)
...
006 (554246.000.000) 08/11 09:29:32 Image size of job updated: 230444
	100  -  MemoryUsage of job (MB)
	102308  -  ResidentSetSize of job (KB)
...
005 (554246.000.000) 08/11 09:33:39 Job terminated.
	(1) Normal termination (return value 0)
		Usr 0 00:10:27, Sys 0 00:00:07  -  Run Remote Usage
		Usr 0 00:00:00, Sys 0 00:00:00  -  Run Local Usage
		Usr 0 00:10:27, Sys 0 00:00:07  -  Total Remote Usage
		Usr 0 00:00:00, Sys 0 00:00:00  -  Total Local Usage
	586016  -  Run Bytes Sent By Job
	62717  -  Run Bytes Received By Job
	586016  -  Total Bytes Sent By Job
	62717  -  Total Bytes Received By Job
	Partitionable Resources :    Usage  Request          
	   Cpus                 :                 1          
	   Disk (KB)            :      658      658          
	   Memory (MB)          :      100      100          
...
000 (557961.000.000) 08/13 13:34:19 Job submitted from host: <18.12.1.74:48322>
...
001 (557961.000.000) 08/13 13:50:22 Job executing on host: <18.12.9.56:42482>
...
006 (557961.000.000) 08/13 13:50:31 Image size of job updated: 230312
	99  -  MemoryUsage of job (MB)
	100944  -  ResidentSetSize of job (KB)
...
006 (557961.000.000) 08/13 13:54:44 Image size of job updated: 230444
	99  -  MemoryUsage of job (MB)
	100944  -  ResidentSetSize of job (KB)
...
005 (557961.000.000) 08/13 13:54:45 Job terminated.
	(1) Normal termination (return value 0)
		Usr 0 00:01:15, Sys 0 00:00:01  -  Run Remote Usage
		Usr 0 00:00:00, Sys 0 00:00:00  -  Run Local Usage
		Usr 0 00:01:15, Sys 0 00:00:01  -  Total Remote Usage
		Usr 0 00:00:00, Sys 0 00:00:00  -  Total Local Usage
	586234  -  Run Bytes Sent By Job
	62720  -  Run Bytes Received By Job
	586234  -  Total Bytes Sent By Job
	62720  -  Total Bytes Received By Job
	Partitionable Resources :    Usage  Request          
	   Cpus                 :                 1          
	   Disk (KB)            :      659      659          
	   Memory (MB)          :       99       99          
...
000 (566252.000.000) 08/20 20:23:10 Job submitted from host: <18.12.1.74:48322>
...
001 (566252.000.000) 08/20 20:23:31 Job executing on host: <18.12.8.227:41314>
...
006 (566252.000.000) 08/20 20:23:40 Image size of job updated: 2
	3  -  MemoryUsage of job (MB)
	2352  -  ResidentSetSize of job (KB)
...
006 (566252.000.000) 08/20 20:25:35 Image size of job updated: 230448
	3  -  MemoryUsage of job (MB)
	2352  -  ResidentSetSize of job (KB)
...
005 (566252.000.000) 08/20 20:32:14 Job terminated.
	(1) Normal termination (return value 0)
		Usr 0 00:01:25, Sys 0 00:00:01  -  Run Remote Usage
		Usr 0 00:00:00, Sys 0 00:00:00  -  Run Local Usage
		Usr 0 00:01:25, Sys 0 00:00:01  -  Total Remote Usage
		Usr 0 00:00:00, Sys 0 00:00:00  -  Total Local Usage
	586234  -  Run Bytes Sent By Job
	62732  -  Run Bytes Received By Job
	586234  -  Total Bytes Sent By Job
	62732  -  Total Bytes Received By Job
	Partitionable Resources :    Usage  Request          
	   Cpus                 :                 1          
	   Disk (KB)            :      659      659          
	   Memory (MB)          :        3        3          
...
