000 (556327.000.000) 08/12 14:10:45 Job submitted from host: <18.12.1.74:48322>
...
001 (556327.000.000) 08/12 14:21:23 Job executing on host: <18.12.6.84:45767>
...
006 (556327.000.000) 08/12 14:21:32 Image size of job updated: 2
	3  -  MemoryUsage of job (MB)
	2340  -  ResidentSetSize of job (KB)
...
006 (556327.000.000) 08/12 14:24:06 Image size of job updated: 230132
	3  -  MemoryUsage of job (MB)
	2340  -  ResidentSetSize of job (KB)
...
005 (556327.000.000) 08/12 14:24:06 Job terminated.
	(1) Normal termination (return value 0)
		Usr 0 00:00:37, Sys 0 00:00:01  -  Run Remote Usage
		Usr 0 00:00:00, Sys 0 00:00:00  -  Run Local Usage
		Usr 0 00:00:37, Sys 0 00:00:01  -  Total Remote Usage
		Usr 0 00:00:00, Sys 0 00:00:00  -  Total Local Usage
	586162  -  Run Bytes Sent By Job
	62715  -  Run Bytes Received By Job
	586162  -  Total Bytes Sent By Job
	62715  -  Total Bytes Received By Job
	Partitionable Resources :    Usage  Request          
	   Cpus                 :                 1          
	   Disk (KB)            :      659      659          
	   Memory (MB)          :        3        3          
...
000 (557587.000.000) 08/13 11:57:21 Job submitted from host: <18.12.1.74:48322>
...
001 (557587.000.000) 08/13 12:10:38 Job executing on host: <18.12.9.52:43066>
...
006 (557587.000.000) 08/13 12:10:46 Image size of job updated: 93604
	3  -  MemoryUsage of job (MB)
	2428  -  ResidentSetSize of job (KB)
...
006 (557587.000.000) 08/13 12:11:42 Image size of job updated: 230060
	3  -  MemoryUsage of job (MB)
	2428  -  ResidentSetSize of job (KB)
...
005 (557587.000.000) 08/13 12:11:42 Job terminated.
	(1) Normal termination (return value 0)
		Usr 0 00:00:29, Sys 0 00:00:01  -  Run Remote Usage
		Usr 0 00:00:00, Sys 0 00:00:00  -  Run Local Usage
		Usr 0 00:00:29, Sys 0 00:00:01  -  Total Remote Usage
		Usr 0 00:00:00, Sys 0 00:00:00  -  Total Local Usage
	586106  -  Run Bytes Sent By Job
	62715  -  Run Bytes Received By Job
	586106  -  Total Bytes Sent By Job
	62715  -  Total Bytes Received By Job
	Partitionable Resources :    Usage  Request          
	   Cpus                 :                 1          
	   Disk (KB)            :      659      659          
	   Memory (MB)          :        3        3          
...
000 (558103.000.000) 08/13 14:31:04 Job submitted from host: <18.12.1.74:48322>
...
001 (558103.000.000) 08/13 14:42:03 Job executing on host: <18.12.9.51:45549>
...
006 (558103.000.000) 08/13 14:42:11 Image size of job updated: 93604
	3  -  MemoryUsage of job (MB)
	2428  -  ResidentSetSize of job (KB)
...
006 (558103.000.000) 08/13 14:43:19 Image size of job updated: 230132
	3  -  MemoryUsage of job (MB)
	2428  -  ResidentSetSize of job (KB)
...
005 (558103.000.000) 08/13 14:43:19 Job terminated.
	(1) Normal termination (return value 0)
		Usr 0 00:00:27, Sys 0 00:00:00  -  Run Remote Usage
		Usr 0 00:00:00, Sys 0 00:00:00  -  Run Local Usage
		Usr 0 00:00:27, Sys 0 00:00:00  -  Total Remote Usage
		Usr 0 00:00:00, Sys 0 00:00:00  -  Total Local Usage
	586108  -  Run Bytes Sent By Job
	62714  -  Run Bytes Received By Job
	586108  -  Total Bytes Sent By Job
	62714  -  Total Bytes Received By Job
	Partitionable Resources :    Usage  Request          
	   Cpus                 :                 1          
	   Disk (KB)            :      659      659          
	   Memory (MB)          :        3        3          
...
000 (565440.000.000) 08/20 12:36:45 Job submitted from host: <18.12.1.74:48322>
...
001 (565440.000.000) 08/20 12:44:24 Job executing on host: <18.12.8.122:49928>
...
006 (565440.000.000) 08/20 12:44:35 Image size of job updated: 2
	2  -  MemoryUsage of job (MB)
	1720  -  ResidentSetSize of job (KB)
...
006 (565440.000.000) 08/20 12:45:27 Image size of job updated: 230132
	2  -  MemoryUsage of job (MB)
	1720  -  ResidentSetSize of job (KB)
...
005 (565440.000.000) 08/20 12:53:43 Job terminated.
	(1) Normal termination (return value 0)
		Usr 0 00:00:26, Sys 0 00:00:01  -  Run Remote Usage
		Usr 0 00:00:00, Sys 0 00:00:00  -  Run Local Usage
		Usr 0 00:00:26, Sys 0 00:00:01  -  Total Remote Usage
		Usr 0 00:00:00, Sys 0 00:00:00  -  Total Local Usage
	585904  -  Run Bytes Sent By Job
	62731  -  Run Bytes Received By Job
	585904  -  Total Bytes Sent By Job
	62731  -  Total Bytes Received By Job
	Partitionable Resources :    Usage  Request          
	   Cpus                 :                 1          
	   Disk (KB)            :      658      658          
	   Memory (MB)          :        2        2          
...
000 (782933.000.000) 10/02 11:02:29 Job submitted from host: <18.12.1.74:41314>
...
001 (782933.000.000) 10/02 11:08:34 Job executing on host: <18.12.9.79:40219>
...
006 (782933.000.000) 10/02 11:08:35 Image size of job updated: 2
	0  -  MemoryUsage of job (MB)
	0  -  ResidentSetSize of job (KB)
...
005 (782933.000.000) 10/02 11:13:46 Job terminated.
	(1) Normal termination (return value 0)
		Usr 0 00:00:00, Sys 0 00:00:00  -  Run Remote Usage
		Usr 0 00:00:00, Sys 0 00:00:00  -  Run Local Usage
		Usr 0 00:00:00, Sys 0 00:00:00  -  Total Remote Usage
		Usr 0 00:00:00, Sys 0 00:00:00  -  Total Local Usage
	585466  -  Run Bytes Sent By Job
	62733  -  Run Bytes Received By Job
	585466  -  Total Bytes Sent By Job
	62733  -  Total Bytes Received By Job
	Partitionable Resources :    Usage  Request          
	   Cpus                 :                 1          
	   Disk (KB)            :      658      658          
	   Memory (MB)          :        0        0          
...
000 (783114.000.000) 10/02 16:13:17 Job submitted from host: <18.12.1.74:45913>
...
001 (783114.000.000) 10/02 16:13:58 Job executing on host: <18.12.8.221:45767>
...
006 (783114.000.000) 10/02 16:13:58 Image size of job updated: 2
	0  -  MemoryUsage of job (MB)
	0  -  ResidentSetSize of job (KB)
...
005 (783114.000.000) 10/02 16:13:59 Job terminated.
	(1) Normal termination (return value 0)
		Usr 0 00:00:00, Sys 0 00:00:00  -  Run Remote Usage
		Usr 0 00:00:00, Sys 0 00:00:00  -  Run Local Usage
		Usr 0 00:00:00, Sys 0 00:00:00  -  Total Remote Usage
		Usr 0 00:00:00, Sys 0 00:00:00  -  Total Local Usage
	585339  -  Run Bytes Sent By Job
	62733  -  Run Bytes Received By Job
	585339  -  Total Bytes Sent By Job
	62733  -  Total Bytes Received By Job
	Partitionable Resources :    Usage  Request          
	   Cpus                 :                 1          
	   Disk (KB)            :      658      658          
	   Memory (MB)          :        0        0          
...
000 (783295.000.000) 10/02 16:48:30 Job submitted from host: <18.12.1.74:45913>
...
001 (783295.000.000) 10/02 16:48:49 Job executing on host: <18.12.9.80:45183>
...
006 (783295.000.000) 10/02 16:48:58 Image size of job updated: 1196
	1  -  MemoryUsage of job (MB)
	156  -  ResidentSetSize of job (KB)
...
006 (783295.000.000) 10/02 16:49:07 Image size of job updated: 30816
	1  -  MemoryUsage of job (MB)
	156  -  ResidentSetSize of job (KB)
...
005 (783295.000.000) 10/02 16:49:07 Job terminated.
	(1) Normal termination (return value 0)
		Usr 0 00:00:00, Sys 0 00:00:00  -  Run Remote Usage
		Usr 0 00:00:00, Sys 0 00:00:00  -  Run Local Usage
		Usr 0 00:00:00, Sys 0 00:00:00  -  Total Remote Usage
		Usr 0 00:00:00, Sys 0 00:00:00  -  Total Local Usage
	585836  -  Run Bytes Sent By Job
	62733  -  Run Bytes Received By Job
	585836  -  Total Bytes Sent By Job
	62733  -  Total Bytes Received By Job
	Partitionable Resources :    Usage  Request          
	   Cpus                 :                 1          
	   Disk (KB)            :      658      658          
	   Memory (MB)          :        1        1          
...
000 (783478.000.000) 10/05 09:25:30 Job submitted from host: <18.12.1.74:45913>
...
001 (783478.000.000) 10/05 09:25:44 Job executing on host: <18.12.12.8:45694>
...
006 (783478.000.000) 10/05 09:25:53 Image size of job updated: 68544
	2  -  MemoryUsage of job (MB)
	2032  -  ResidentSetSize of job (KB)
...
005 (783478.000.000) 10/05 09:26:04 Job terminated.
	(1) Normal termination (return value 0)
		Usr 0 00:00:00, Sys 0 00:00:00  -  Run Remote Usage
		Usr 0 00:00:00, Sys 0 00:00:00  -  Run Local Usage
		Usr 0 00:00:00, Sys 0 00:00:00  -  Total Remote Usage
		Usr 0 00:00:00, Sys 0 00:00:00  -  Total Local Usage
	585554  -  Run Bytes Sent By Job
	62732  -  Run Bytes Received By Job
	585554  -  Total Bytes Sent By Job
	62732  -  Total Bytes Received By Job
	Partitionable Resources :    Usage  Request          
	   Cpus                 :                 1          
	   Disk (KB)            :      658      658          
	   Memory (MB)          :        2        2          
...
000 (783659.000.000) 10/05 10:00:16 Job submitted from host: <18.12.1.74:45913>
...
001 (783659.000.000) 10/05 10:00:49 Job executing on host: <18.12.9.42:43285>
...
006 (783659.000.000) 10/05 10:00:58 Image size of job updated: 67072
	11  -  MemoryUsage of job (MB)
	10412  -  ResidentSetSize of job (KB)
...
005 (783659.000.000) 10/05 10:01:01 Job terminated.
	(1) Normal termination (return value 0)
		Usr 0 00:00:00, Sys 0 00:00:00  -  Run Remote Usage
		Usr 0 00:00:00, Sys 0 00:00:00  -  Run Local Usage
		Usr 0 00:00:00, Sys 0 00:00:00  -  Total Remote Usage
		Usr 0 00:00:00, Sys 0 00:00:00  -  Total Local Usage
	585888  -  Run Bytes Sent By Job
	62731  -  Run Bytes Received By Job
	585888  -  Total Bytes Sent By Job
	62731  -  Total Bytes Received By Job
	Partitionable Resources :    Usage  Request          
	   Cpus                 :                 1          
	   Disk (KB)            :      659      659          
	   Memory (MB)          :       11       11          
...
000 (783841.000.000) 10/05 12:25:02 Job submitted from host: <18.12.1.74:45913>
...
001 (783841.000.000) 10/05 12:25:12 Job executing on host: <18.12.9.63:46716>
...
006 (783841.000.000) 10/05 12:25:14 Image size of job updated: 1196
	0  -  MemoryUsage of job (MB)
	0  -  ResidentSetSize of job (KB)
...
005 (783841.000.000) 10/05 12:25:15 Job terminated.
	(1) Normal termination (return value 0)
		Usr 0 00:00:00, Sys 0 00:00:00  -  Run Remote Usage
		Usr 0 00:00:00, Sys 0 00:00:00  -  Run Local Usage
		Usr 0 00:00:00, Sys 0 00:00:00  -  Total Remote Usage
		Usr 0 00:00:00, Sys 0 00:00:00  -  Total Local Usage
	586026  -  Run Bytes Sent By Job
	62732  -  Run Bytes Received By Job
	586026  -  Total Bytes Sent By Job
	62732  -  Total Bytes Received By Job
	Partitionable Resources :    Usage  Request          
	   Cpus                 :                 1          
	   Disk (KB)            :      659      659          
	   Memory (MB)          :        0        0          
...
000 (784022.000.000) 10/05 12:28:36 Job submitted from host: <18.12.1.74:45913>
...
001 (784022.000.000) 10/05 12:28:48 Job executing on host: <18.12.9.74:45110>
...
006 (784022.000.000) 10/05 12:28:57 Image size of job updated: 230060
	94  -  MemoryUsage of job (MB)
	95252  -  ResidentSetSize of job (KB)
...
005 (784022.000.000) 10/05 12:29:35 Job terminated.
	(1) Normal termination (return value 0)
		Usr 0 00:00:20, Sys 0 00:00:00  -  Run Remote Usage
		Usr 0 00:00:00, Sys 0 00:00:00  -  Run Local Usage
		Usr 0 00:00:20, Sys 0 00:00:00  -  Total Remote Usage
		Usr 0 00:00:00, Sys 0 00:00:00  -  Total Local Usage
	586756  -  Run Bytes Sent By Job
	62733  -  Run Bytes Received By Job
	586756  -  Total Bytes Sent By Job
	62733  -  Total Bytes Received By Job
	Partitionable Resources :    Usage  Request          
	   Cpus                 :                 1          
	   Disk (KB)            :      659      659          
	   Memory (MB)          :       94       94          
...
000 (786091.000.000) 10/05 14:34:36 Job submitted from host: <18.12.1.74:45913>
...
001 (786091.000.000) 10/05 14:35:15 Job executing on host: <18.12.9.50:45037>
...
006 (786091.000.000) 10/05 14:35:25 Image size of job updated: 187640
	75  -  MemoryUsage of job (MB)
	76020  -  ResidentSetSize of job (KB)
...
006 (786091.000.000) 10/05 14:36:06 Image size of job updated: 230056
	75  -  MemoryUsage of job (MB)
	76020  -  ResidentSetSize of job (KB)
...
005 (786091.000.000) 10/05 14:36:06 Job terminated.
	(1) Normal termination (return value 0)
		Usr 0 00:00:21, Sys 0 00:00:00  -  Run Remote Usage
		Usr 0 00:00:00, Sys 0 00:00:00  -  Run Local Usage
		Usr 0 00:00:21, Sys 0 00:00:00  -  Total Remote Usage
		Usr 0 00:00:00, Sys 0 00:00:00  -  Total Local Usage
	586440  -  Run Bytes Sent By Job
	62729  -  Run Bytes Received By Job
	586440  -  Total Bytes Sent By Job
	62729  -  Total Bytes Received By Job
	Partitionable Resources :    Usage  Request          
	   Cpus                 :                 1          
	   Disk (KB)            :      659      659          
	   Memory (MB)          :       75       75          
...
000 (787930.000.000) 10/08 16:09:29 Job submitted from host: <18.12.1.74:45913>
...
001 (787930.000.000) 10/08 16:21:43 Job executing on host: <18.12.9.26:44234>
...
006 (787930.000.000) 10/08 16:21:52 Image size of job updated: 2
	3  -  MemoryUsage of job (MB)
	2360  -  ResidentSetSize of job (KB)
...
006 (787930.000.000) 10/08 16:24:07 Image size of job updated: 230044
	3  -  MemoryUsage of job (MB)
	2360  -  ResidentSetSize of job (KB)
...
005 (787930.000.000) 10/08 16:24:09 Job terminated.
	(1) Normal termination (return value 0)
		Usr 0 00:00:28, Sys 0 00:00:00  -  Run Remote Usage
		Usr 0 00:00:00, Sys 0 00:00:00  -  Run Local Usage
		Usr 0 00:00:28, Sys 0 00:00:00  -  Total Remote Usage
		Usr 0 00:00:00, Sys 0 00:00:00  -  Total Local Usage
	585540  -  Run Bytes Sent By Job
	62697  -  Run Bytes Received By Job
	585540  -  Total Bytes Sent By Job
	62697  -  Total Bytes Received By Job
	Partitionable Resources :    Usage  Request          
	   Cpus                 :                 1          
	   Disk (KB)            :      658      658          
	   Memory (MB)          :        3        3          
...
000 (788293.000.000) 10/09 10:00:25 Job submitted from host: <18.12.1.74:45913>
...
001 (788293.000.000) 10/09 10:05:04 Job executing on host: <18.12.12.1:45256>
...
006 (788293.000.000) 10/09 10:05:13 Image size of job updated: 2
	2  -  MemoryUsage of job (MB)
	1724  -  ResidentSetSize of job (KB)
...
006 (788293.000.000) 10/09 10:06:20 Image size of job updated: 230084
	2  -  MemoryUsage of job (MB)
	1724  -  ResidentSetSize of job (KB)
...
005 (788293.000.000) 10/09 10:06:20 Job terminated.
	(1) Normal termination (return value 0)
		Usr 0 00:00:33, Sys 0 00:00:01  -  Run Remote Usage
		Usr 0 00:00:00, Sys 0 00:00:00  -  Run Local Usage
		Usr 0 00:00:33, Sys 0 00:00:01  -  Total Remote Usage
		Usr 0 00:00:00, Sys 0 00:00:00  -  Total Local Usage
	585088  -  Run Bytes Sent By Job
	62694  -  Run Bytes Received By Job
	585088  -  Total Bytes Sent By Job
	62694  -  Total Bytes Received By Job
	Partitionable Resources :    Usage  Request          
	   Cpus                 :                 1          
	   Disk (KB)            :      657      657          
	   Memory (MB)          :        2        2          
...
000 (788840.000.000) 10/12 11:22:04 Job submitted from host: <18.12.1.74:45913>
...
001 (788840.000.000) 10/12 11:34:36 Job executing on host: <18.12.9.0:45621>
...
006 (788840.000.000) 10/12 11:34:45 Image size of job updated: 144212
	29  -  MemoryUsage of job (MB)
	28924  -  ResidentSetSize of job (KB)
...
006 (788840.000.000) 10/12 11:35:45 Image size of job updated: 230048
	29  -  MemoryUsage of job (MB)
	28924  -  ResidentSetSize of job (KB)
...
005 (788840.000.000) 10/12 11:35:45 Job terminated.
	(1) Normal termination (return value 0)
		Usr 0 00:00:32, Sys 0 00:00:01  -  Run Remote Usage
		Usr 0 00:00:00, Sys 0 00:00:00  -  Run Local Usage
		Usr 0 00:00:32, Sys 0 00:00:01  -  Total Remote Usage
		Usr 0 00:00:00, Sys 0 00:00:00  -  Total Local Usage
	585216  -  Run Bytes Sent By Job
	62702  -  Run Bytes Received By Job
	585216  -  Total Bytes Sent By Job
	62702  -  Total Bytes Received By Job
	Partitionable Resources :    Usage  Request          
	   Cpus                 :                 1          
	   Disk (KB)            :      658      658          
	   Memory (MB)          :       29       29          
...
