
----------------------------------------------------
Job started on Mon Oct 12 10:51:20 EDT 2015 at WN: t2bat0295.cmsaf.mit.edu 
Job is running on Linux t2bat0295.cmsaf.mit.edu 2.6.32-358.el6.x86_64 #1 SMP Fri Feb 22 20:37:17 CST 2013 x86_64 x86_64 x86_64 GNU/Linux
Filesystem            Size  Used Avail Use% Mounted on
/dev/sda3              20G   13G  5.8G  69% /
tmpfs                  32G     0   32G   0% /dev/shm
/dev/sda1              97M   32M   61M  35% /boot
/dev/sda4             416G   47G  369G  12% /export/data1
fuse_dfs              5.0P  4.0P  1.1P  80% /mnt/hadoop
/dev/sdb1             2.7T  2.1T  616G  78% /export/00b
/dev/sdc1             2.7T  2.1T  618G  78% /export/00c
/dev/sdd1             2.7T  2.1T  614G  78% /export/00d
/dev/sde1             2.7T  2.1T  634G  77% /export/00e
/dev/sdf1             2.7T  2.1T  610G  78% /export/00f
/dev/sdg1             2.7T  2.1T  614G  78% /export/00g
/dev/sdh1             2.7T  2.1T  616G  78% /export/00h
/dev/sdi1             2.7T  2.1T  634G  77% /export/00i
/dev/sdj1             2.7T  2.1T  611G  78% /export/00j
/dev/sdk1             2.7T  2.1T  623G  78% /export/00k
/dev/sdl1             2.7T  2.1T  627G  78% /export/00l
cvmfs2                 98G   40G   58G  41% /cvmfs/cms.cern.ch
t2srv0004:/export/db  135G  187M  135G   1% /net/t2srv0004/db
gcc (GCC) 4.4.7 20120313 (Red Hat 4.4.7-3)
Copyright (C) 2010 Free Software Foundation, Inc.
This is free software; see the source for copying conditions.  There is NO
warranty; not even for MERCHANTABILITY or FITNESS FOR A PARTICULAR PURPOSE.

Processing...
0/149080
10000/149080
20000/149080
30000/149080
40000/149080
50000/149080
60000/149080
70000/149080
80000/149080
90000/149080
100000/149080
110000/149080
120000/149080
130000/149080
140000/149080
Macro finished: 
CPU time (min)  = 1.38617
Real time (min) = 6.81032
total 1.7M
-rw-r--r--  1 obaron obaron  108K Oct 12 10:08 jetRAA_PbPb_data_forest.txt
-rw-r--r--  1 obaron obaron   94K Oct 12 10:08 jetRAA_PbPb_data_akPu4_select.txt
-rw-r--r--  1 obaron obaron   94K Oct 12 10:08 jetRAA_PbPb_data_akPu3_select.txt
-rw-r--r--  1 obaron obaron   94K Oct 12 10:08 jetRAA_PbPb_data_akPu2_select.txt
-rw-r--r--  1 obaron obaron   70K Oct 12 10:40 RAA_read_data_pbpb.C
-rw-r--r--  1 obaron obaron   11K Oct 12 10:40 RAA_read_data_pbpb_C.d
-rwxr-xr-x  1 obaron obaron  101K Oct 12 10:40 RAA_read_data_pbpb_C.so
-rw-rw-r--  1 obaron obaron   61K Oct 12 10:51 jetRAA_run_PbPb_Data.tar
-rwxr-xr-x  1 obaron obaron  1.2K Oct 12 10:51 condor_exec.exe
drwxr-xr-x 35 condor root    4.0K Oct 12 10:51 ..
-rw-r--r--  1 condor condor  5.6K Oct 12 10:51 .machine.ad
-rw-r--r--  1 condor condor   20K Oct 12 10:51 .job.ad
-rwx------  1 obaron obaron    49 Oct 12 10:51 .chirp.config
-rw-r--r--  1 obaron obaron     0 Oct 12 10:51 _condor_stderr
drwx------  2 obaron obaron  4.0K Oct 12 10:51 .
-rw-r--r--  1 obaron obaron  1.9K Oct 12 10:58 _condor_stdout
-rw-r--r--  1 obaron obaron 1002K Oct 12 10:58 PbPb_Data_histograms_FromForest_pileupCutFIX_ZDCmCut_30GeVcut_akPu3_20_eta_20_690.root
Done!
Copied output files to hadoop rootfiles/JetRAA/June29
