
----------------------------------------------------
Job started on Mon Oct 12 10:52:01 EDT 2015 at WN: t2bat0020.cmsaf.mit.edu 
Job is running on Linux t2bat0020.cmsaf.mit.edu 2.6.32-358.el6.x86_64 #1 SMP Fri Feb 22 20:37:17 CST 2013 x86_64 x86_64 x86_64 GNU/Linux
Filesystem            Size  Used Avail Use% Mounted on
/dev/sda3              20G   13G  6.1G  68% /
tmpfs                  12G     0   12G   0% /dev/shm
/dev/sda1              97M   32M   61M  35% /boot
/dev/sda4             874G   39G  835G   5% /export/data1
/dev/sdb1             917G  753G  165G  83% /export/00b
/dev/sdd1             917G  752G  166G  83% /export/00c
/dev/sde1             917G  762G  156G  84% /export/00d
/dev/sdc1             917G  757G  161G  83% /export/00e
/dev/sdf1             917G  701G  217G  77% /export/00f
fuse_dfs              5.0P  4.0P  1.1P  80% /mnt/hadoop
cvmfs2                 98G   37G   62G  37% /cvmfs/cms.cern.ch
t2srv0004:/export/db  135G  187M  135G   1% /net/t2srv0004/db
gcc (GCC) 4.4.7 20120313 (Red Hat 4.4.7-3)
Copyright (C) 2010 Free Software Foundation, Inc.
This is free software; see the source for copying conditions.  There is NO
warranty; not even for MERCHANTABILITY or FITNESS FOR A PARTICULAR PURPOSE.

Processing...
0/63234
10000/63234
20000/63234
30000/63234
40000/63234
50000/63234
60000/63234
Macro finished: 
CPU time (min)  = 0.548333
Real time (min) = 2.28467
total 1.6M
-rw-r--r--  1 obaron obaron 108K Oct 12 10:08 jetRAA_PbPb_data_forest.txt
-rw-r--r--  1 obaron obaron  94K Oct 12 10:08 jetRAA_PbPb_data_akPu4_select.txt
-rw-r--r--  1 obaron obaron  94K Oct 12 10:08 jetRAA_PbPb_data_akPu3_select.txt
-rw-r--r--  1 obaron obaron  94K Oct 12 10:08 jetRAA_PbPb_data_akPu2_select.txt
-rw-r--r--  1 obaron obaron  70K Oct 12 10:40 RAA_read_data_pbpb.C
-rw-r--r--  1 obaron obaron  11K Oct 12 10:40 RAA_read_data_pbpb_C.d
-rwxr-xr-x  1 obaron obaron 101K Oct 12 10:40 RAA_read_data_pbpb_C.so
-rw-rw-r--  1 obaron obaron  61K Oct 12 10:52 jetRAA_run_PbPb_Data.tar
-rwxr-xr-x  1 obaron obaron 1.2K Oct 12 10:52 condor_exec.exe
drwxr-xr-x 14 condor root   4.0K Oct 12 10:52 ..
-rw-r--r--  1 condor condor 5.6K Oct 12 10:52 .machine.ad
-rw-r--r--  1 condor condor  20K Oct 12 10:52 .job.ad
-rwx------  1 obaron obaron   49 Oct 12 10:52 .chirp.config
-rw-r--r--  1 obaron obaron    0 Oct 12 10:52 _condor_stderr
drwx------  2 obaron obaron 4.0K Oct 12 10:52 .
-rw-r--r--  1 obaron obaron 1.4K Oct 12 10:54 _condor_stdout
-rw-r--r--  1 obaron obaron 857K Oct 12 10:54 PbPb_Data_histograms_FromForest_pileupCutFIX_ZDCmCut_30GeVcut_akPu3_20_eta_20_265.root
Done!
Copied output files to hadoop rootfiles/JetRAA/June29
