000 (556162.000.000) 08/12 11:33:50 Job submitted from host: <18.12.1.74:48322>
...
001 (556162.000.000) 08/12 12:04:39 Job executing on host: <18.12.8.78:47446>
...
006 (556162.000.000) 08/12 12:04:48 Image size of job updated: 225416
	92  -  MemoryUsage of job (MB)
	93300  -  ResidentSetSize of job (KB)
...
006 (556162.000.000) 08/12 12:08:02 Image size of job updated: 230544
	92  -  MemoryUsage of job (MB)
	93300  -  ResidentSetSize of job (KB)
...
005 (556162.000.000) 08/12 12:08:02 Job terminated.
	(1) Normal termination (return value 0)
		Usr 0 00:01:37, Sys 0 00:00:03  -  Run Remote Usage
		Usr 0 00:00:00, Sys 0 00:00:00  -  Run Local Usage
		Usr 0 00:01:37, Sys 0 00:00:03  -  Total Remote Usage
		Usr 0 00:00:00, Sys 0 00:00:00  -  Total Local Usage
	586238  -  Run Bytes Sent By Job
	62715  -  Run Bytes Received By Job
	586238  -  Total Bytes Sent By Job
	62715  -  Total Bytes Received By Job
	Partitionable Resources :    Usage  Request          
	   Cpus                 :                 1          
	   Disk (KB)            :      659      659          
	   Memory (MB)          :       92       92          
...
000 (566531.000.000) 08/20 21:10:06 Job submitted from host: <18.12.1.74:48322>
...
001 (566531.000.000) 08/20 21:10:33 Job executing on host: <18.12.9.44:45183>
...
006 (566531.000.000) 08/20 21:10:42 Image size of job updated: 71420
	16  -  MemoryUsage of job (MB)
	15784  -  ResidentSetSize of job (KB)
...
006 (566531.000.000) 08/20 21:15:42 Image size of job updated: 230544
	110  -  MemoryUsage of job (MB)
	112340  -  ResidentSetSize of job (KB)
...
005 (566531.000.000) 08/20 21:31:43 Job terminated.
	(1) Normal termination (return value 0)
		Usr 0 00:01:32, Sys 0 00:00:03  -  Run Remote Usage
		Usr 0 00:00:00, Sys 0 00:00:00  -  Run Local Usage
		Usr 0 00:01:32, Sys 0 00:00:03  -  Total Remote Usage
		Usr 0 00:00:00, Sys 0 00:00:00  -  Total Local Usage
	586485  -  Run Bytes Sent By Job
	62731  -  Run Bytes Received By Job
	586485  -  Total Bytes Sent By Job
	62731  -  Total Bytes Received By Job
	Partitionable Resources :    Usage  Request          
	   Cpus                 :                 1          
	   Disk (KB)            :      659      659          
	   Memory (MB)          :      110      110          
...
000 (782536.000.000) 10/01 13:04:38 Job submitted from host: <18.12.1.74:47665>
...
001 (782536.000.000) 10/01 13:16:55 Job executing on host: <18.12.9.16:40657>
...
006 (782536.000.000) 10/01 13:17:03 Image size of job updated: 2
	3  -  MemoryUsage of job (MB)
	2344  -  ResidentSetSize of job (KB)
...
006 (782536.000.000) 10/01 13:21:34 Image size of job updated: 230548
	3  -  MemoryUsage of job (MB)
	2344  -  ResidentSetSize of job (KB)
...
005 (782536.000.000) 10/01 13:21:34 Job terminated.
	(1) Normal termination (return value 0)
		Usr 0 00:01:29, Sys 0 00:00:01  -  Run Remote Usage
		Usr 0 00:00:00, Sys 0 00:00:00  -  Run Local Usage
		Usr 0 00:01:29, Sys 0 00:00:01  -  Total Remote Usage
		Usr 0 00:00:00, Sys 0 00:00:00  -  Total Local Usage
	586293  -  Run Bytes Sent By Job
	62730  -  Run Bytes Received By Job
	586293  -  Total Bytes Sent By Job
	62730  -  Total Bytes Received By Job
	Partitionable Resources :    Usage  Request          
	   Cpus                 :                 1          
	   Disk (KB)            :      659      659          
	   Memory (MB)          :        3        3          
...
000 (782717.000.000) 10/01 14:32:33 Job submitted from host: <18.12.1.74:47665>
...
001 (782717.000.000) 10/01 14:34:10 Job executing on host: <18.12.8.134:47811>
...
006 (782717.000.000) 10/01 14:34:21 Image size of job updated: 187708
	71  -  MemoryUsage of job (MB)
	72572  -  ResidentSetSize of job (KB)
...
006 (782717.000.000) 10/01 14:37:10 Image size of job updated: 227532
	71  -  MemoryUsage of job (MB)
	72572  -  ResidentSetSize of job (KB)
...
005 (782717.000.000) 10/01 14:40:07 Job terminated.
	(1) Normal termination (return value 0)
		Usr 0 00:00:36, Sys 0 00:00:01  -  Run Remote Usage
		Usr 0 00:00:00, Sys 0 00:00:00  -  Run Local Usage
		Usr 0 00:00:36, Sys 0 00:00:01  -  Total Remote Usage
		Usr 0 00:00:00, Sys 0 00:00:00  -  Total Local Usage
	4157944  -  Run Bytes Sent By Job
	62736  -  Run Bytes Received By Job
	4157944  -  Total Bytes Sent By Job
	62736  -  Total Bytes Received By Job
	Partitionable Resources :    Usage  Request          
	   Cpus                 :                 1          
	   Disk (KB)            :     4147     4147          
	   Memory (MB)          :       71       71          
...
000 (788258.000.000) 10/09 09:23:50 Job submitted from host: <18.12.1.74:45913>
...
001 (788258.000.000) 10/09 09:24:16 Job executing on host: <18.12.8.169:42044>
...
006 (788258.000.000) 10/09 09:24:25 Image size of job updated: 69172
	16  -  MemoryUsage of job (MB)
	15872  -  ResidentSetSize of job (KB)
...
006 (788258.000.000) 10/09 09:27:20 Image size of job updated: 230528
	16  -  MemoryUsage of job (MB)
	15872  -  ResidentSetSize of job (KB)
...
005 (788258.000.000) 10/09 09:27:21 Job terminated.
	(1) Normal termination (return value 0)
		Usr 0 00:01:14, Sys 0 00:00:01  -  Run Remote Usage
		Usr 0 00:00:00, Sys 0 00:00:00  -  Run Local Usage
		Usr 0 00:01:14, Sys 0 00:00:01  -  Total Remote Usage
		Usr 0 00:00:00, Sys 0 00:00:00  -  Total Local Usage
	585452  -  Run Bytes Sent By Job
	62698  -  Run Bytes Received By Job
	585452  -  Total Bytes Sent By Job
	62698  -  Total Bytes Received By Job
	Partitionable Resources :    Usage  Request          
	   Cpus                 :                 1          
	   Disk (KB)            :      658      658          
	   Memory (MB)          :       16       16          
...
000 (788623.000.000) 10/12 09:48:10 Job submitted from host: <18.12.1.74:45913>
...
001 (788623.000.000) 10/12 10:04:31 Job executing on host: <18.12.8.166:44818>
...
006 (788623.000.000) 10/12 10:04:40 Image size of job updated: 2
	3  -  MemoryUsage of job (MB)
	2356  -  ResidentSetSize of job (KB)
...
006 (788623.000.000) 10/12 10:08:04 Image size of job updated: 230532
	3  -  MemoryUsage of job (MB)
	2356  -  ResidentSetSize of job (KB)
...
005 (788623.000.000) 10/12 10:08:04 Job terminated.
	(1) Normal termination (return value 0)
		Usr 0 00:01:20, Sys 0 00:00:00  -  Run Remote Usage
		Usr 0 00:00:00, Sys 0 00:00:00  -  Run Local Usage
		Usr 0 00:01:20, Sys 0 00:00:00  -  Total Remote Usage
		Usr 0 00:00:00, Sys 0 00:00:00  -  Total Local Usage
	585170  -  Run Bytes Sent By Job
	62703  -  Run Bytes Received By Job
	585170  -  Total Bytes Sent By Job
	62703  -  Total Bytes Received By Job
	Partitionable Resources :    Usage  Request          
	   Cpus                 :                 1          
	   Disk (KB)            :      658      658          
	   Memory (MB)          :        3        3          
...
