000 (554222.000.000) 08/11 09:09:04 Job submitted from host: <18.12.1.74:48322>
...
001 (554222.000.000) 08/11 09:09:17 Job executing on host: <18.12.6.46:47300>
...
006 (554222.000.000) 08/11 09:09:26 Image size of job updated: 2
	3  -  MemoryUsage of job (MB)
	2344  -  ResidentSetSize of job (KB)
...
006 (554222.000.000) 08/11 09:10:17 Image size of job updated: 230084
	3  -  MemoryUsage of job (MB)
	2344  -  ResidentSetSize of job (KB)
...
005 (554222.000.000) 08/11 09:10:17 Job terminated.
	(1) Normal termination (return value 0)
		Usr 0 00:00:28, Sys 0 00:00:00  -  Run Remote Usage
		Usr 0 00:00:00, Sys 0 00:00:00  -  Run Local Usage
		Usr 0 00:00:28, Sys 0 00:00:00  -  Total Remote Usage
		Usr 0 00:00:00, Sys 0 00:00:00  -  Total Local Usage
	585831  -  Run Bytes Sent By Job
	62717  -  Run Bytes Received By Job
	585831  -  Total Bytes Sent By Job
	62717  -  Total Bytes Received By Job
	Partitionable Resources :    Usage  Request          
	   Cpus                 :                 1          
	   Disk (KB)            :      658      658          
	   Memory (MB)          :        3        3          
...
000 (557937.000.000) 08/13 13:34:17 Job submitted from host: <18.12.1.74:48322>
...
001 (557937.000.000) 08/13 13:47:25 Job executing on host: <18.12.9.56:42482>
...
006 (557937.000.000) 08/13 13:47:33 Image size of job updated: 224364
	88  -  MemoryUsage of job (MB)
	89364  -  ResidentSetSize of job (KB)
...
006 (557937.000.000) 08/13 13:50:21 Image size of job updated: 230084
	88  -  MemoryUsage of job (MB)
	89364  -  ResidentSetSize of job (KB)
...
005 (557937.000.000) 08/13 13:50:21 Job terminated.
	(1) Normal termination (return value 0)
		Usr 0 00:00:30, Sys 0 00:00:00  -  Run Remote Usage
		Usr 0 00:00:00, Sys 0 00:00:00  -  Run Local Usage
		Usr 0 00:00:30, Sys 0 00:00:00  -  Total Remote Usage
		Usr 0 00:00:00, Sys 0 00:00:00  -  Total Local Usage
	586120  -  Run Bytes Sent By Job
	62720  -  Run Bytes Received By Job
	586120  -  Total Bytes Sent By Job
	62720  -  Total Bytes Received By Job
	Partitionable Resources :    Usage  Request          
	   Cpus                 :                 1          
	   Disk (KB)            :      659      659          
	   Memory (MB)          :       88       88          
...
000 (566228.000.000) 08/20 20:21:10 Job submitted from host: <18.12.1.74:48322>
...
001 (566228.000.000) 08/20 20:22:23 Job executing on host: <18.12.9.67:40730>
...
006 (566228.000.000) 08/20 20:22:32 Image size of job updated: 2
	3  -  MemoryUsage of job (MB)
	2364  -  ResidentSetSize of job (KB)
...
006 (566228.000.000) 08/20 20:23:21 Image size of job updated: 230076
	3  -  MemoryUsage of job (MB)
	2364  -  ResidentSetSize of job (KB)
...
005 (566228.000.000) 08/20 20:29:56 Job terminated.
	(1) Normal termination (return value 0)
		Usr 0 00:00:27, Sys 0 00:00:00  -  Run Remote Usage
		Usr 0 00:00:00, Sys 0 00:00:00  -  Run Local Usage
		Usr 0 00:00:27, Sys 0 00:00:00  -  Total Remote Usage
		Usr 0 00:00:00, Sys 0 00:00:00  -  Total Local Usage
	586174  -  Run Bytes Sent By Job
	62732  -  Run Bytes Received By Job
	586174  -  Total Bytes Sent By Job
	62732  -  Total Bytes Received By Job
	Partitionable Resources :    Usage  Request          
	   Cpus                 :                 1          
	   Disk (KB)            :      659      659          
	   Memory (MB)          :        3        3          
...
000 (782776.000.000) 10/01 15:56:25 Job submitted from host: <18.12.1.74:47665>
...
001 (782776.000.000) 10/01 16:00:17 Job executing on host: <18.12.8.226:42555>
...
006 (782776.000.000) 10/01 16:00:26 Image size of job updated: 145128
	29  -  MemoryUsage of job (MB)
	29008  -  ResidentSetSize of job (KB)
...
006 (782776.000.000) 10/01 16:05:26 Image size of job updated: 230084
	90  -  MemoryUsage of job (MB)
	91796  -  ResidentSetSize of job (KB)
...
006 (782776.000.000) 10/01 16:10:26 Image size of job updated: 230084
	93  -  MemoryUsage of job (MB)
	95044  -  ResidentSetSize of job (KB)
...
022 (782776.000.000) 10/01 16:17:13 Job disconnected, attempting to reconnect
    Socket between submit and execute hosts closed unexpectedly
    Trying to reconnect to slot16@t2bat0226.cmsaf.mit.edu <18.12.8.226:42555>
...
022 (782776.000.000) 10/01 16:30:16 Job disconnected, attempting to reconnect
    Local schedd and job shadow died, schedd now running again
    Trying to reconnect to slot16@t2bat0226.cmsaf.mit.edu <18.12.8.226:42555>
...
024 (782776.000.000) 10/01 16:31:53 Job reconnection failed
    Job disconnected too long: JobLeaseDuration (1200 seconds) expired
    Can not reconnect to slot16@t2bat0226.cmsaf.mit.edu, rescheduling job
...
001 (782776.000.000) 10/01 16:34:56 Job executing on host: <18.12.8.254:42847>
...
006 (782776.000.000) 10/01 16:35:04 Image size of job updated: 187728
	65  -  MemoryUsage of job (MB)
	65816  -  ResidentSetSize of job (KB)
...
006 (782776.000.000) 10/01 16:40:04 Image size of job updated: 229952
	91  -  MemoryUsage of job (MB)
	92640  -  ResidentSetSize of job (KB)
...
006 (782776.000.000) 10/01 16:45:05 Image size of job updated: 230084
	91  -  MemoryUsage of job (MB)
	92640  -  ResidentSetSize of job (KB)
...
005 (782776.000.000) 10/01 16:47:51 Job terminated.
	(1) Normal termination (return value 0)
		Usr 0 00:00:30, Sys 0 00:00:00  -  Run Remote Usage
		Usr 0 00:00:00, Sys 0 00:00:00  -  Run Local Usage
		Usr 0 00:00:30, Sys 0 00:00:00  -  Total Remote Usage
		Usr 0 00:00:00, Sys 0 00:00:00  -  Total Local Usage
	586118  -  Run Bytes Sent By Job
	62734  -  Run Bytes Received By Job
	586118  -  Total Bytes Sent By Job
	62734  -  Total Bytes Received By Job
	Partitionable Resources :    Usage  Request          
	   Cpus                 :                 1          
	   Disk (KB)            :      659      659          
	   Memory (MB)          :       91       91          
...
000 (785934.000.000) 10/05 14:19:01 Job submitted from host: <18.12.1.74:45913>
...
001 (785934.000.000) 10/05 14:20:01 Job executing on host: <18.12.8.129:41752>
...
006 (785934.000.000) 10/05 14:20:10 Image size of job updated: 13384
	2  -  MemoryUsage of job (MB)
	1968  -  ResidentSetSize of job (KB)
...
006 (785934.000.000) 10/05 14:20:48 Image size of job updated: 230080
	2  -  MemoryUsage of job (MB)
	1968  -  ResidentSetSize of job (KB)
...
005 (785934.000.000) 10/05 14:20:48 Job terminated.
	(1) Normal termination (return value 0)
		Usr 0 00:00:16, Sys 0 00:00:00  -  Run Remote Usage
		Usr 0 00:00:00, Sys 0 00:00:00  -  Run Local Usage
		Usr 0 00:00:16, Sys 0 00:00:00  -  Total Remote Usage
		Usr 0 00:00:00, Sys 0 00:00:00  -  Total Local Usage
	586179  -  Run Bytes Sent By Job
	62732  -  Run Bytes Received By Job
	586179  -  Total Bytes Sent By Job
	62732  -  Total Bytes Received By Job
	Partitionable Resources :    Usage  Request          
	   Cpus                 :                 1          
	   Disk (KB)            :      659      659          
	   Memory (MB)          :        2        2          
...
000 (786300.000.000) 10/07 09:51:17 Job submitted from host: <18.12.1.74:45913>
...
001 (786300.000.000) 10/07 09:52:20 Job executing on host: <18.12.8.141:44891>
...
006 (786300.000.000) 10/07 09:52:29 Image size of job updated: 69304
	15  -  MemoryUsage of job (MB)
	15272  -  ResidentSetSize of job (KB)
...
006 (786300.000.000) 10/07 09:54:05 Image size of job updated: 230076
	15  -  MemoryUsage of job (MB)
	15272  -  ResidentSetSize of job (KB)
...
005 (786300.000.000) 10/07 09:54:05 Job terminated.
	(1) Normal termination (return value 0)
		Usr 0 00:00:27, Sys 0 00:00:00  -  Run Remote Usage
		Usr 0 00:00:00, Sys 0 00:00:00  -  Run Local Usage
		Usr 0 00:00:27, Sys 0 00:00:00  -  Total Remote Usage
		Usr 0 00:00:00, Sys 0 00:00:00  -  Total Local Usage
	586051  -  Run Bytes Sent By Job
	62734  -  Run Bytes Received By Job
	586051  -  Total Bytes Sent By Job
	62734  -  Total Bytes Received By Job
	Partitionable Resources :    Usage  Request          
	   Cpus                 :                 1          
	   Disk (KB)            :      659      659          
	   Memory (MB)          :       15       15          
...
000 (786481.000.000) 10/07 11:12:48 Job submitted from host: <18.12.1.74:45913>
...
001 (786481.000.000) 10/07 11:16:53 Job executing on host: <18.12.9.22:47957>
...
006 (786481.000.000) 10/07 11:17:02 Image size of job updated: 228184
	94  -  MemoryUsage of job (MB)
	95992  -  ResidentSetSize of job (KB)
...
006 (786481.000.000) 10/07 11:17:53 Image size of job updated: 230068
	94  -  MemoryUsage of job (MB)
	95992  -  ResidentSetSize of job (KB)
...
005 (786481.000.000) 10/07 11:17:53 Job terminated.
	(1) Normal termination (return value 0)
		Usr 0 00:00:27, Sys 0 00:00:00  -  Run Remote Usage
		Usr 0 00:00:00, Sys 0 00:00:00  -  Run Local Usage
		Usr 0 00:00:27, Sys 0 00:00:00  -  Total Remote Usage
		Usr 0 00:00:00, Sys 0 00:00:00  -  Total Local Usage
	584999  -  Run Bytes Sent By Job
	62746  -  Run Bytes Received By Job
	584999  -  Total Bytes Sent By Job
	62746  -  Total Bytes Received By Job
	Partitionable Resources :    Usage  Request          
	   Cpus                 :                 1          
	   Disk (KB)            :      658      658          
	   Memory (MB)          :       94       94          
...
000 (787408.000.000) 10/08 12:42:35 Job submitted from host: <18.12.1.74:45913>
...
001 (787408.000.000) 10/08 12:46:54 Job executing on host: <18.12.9.52:44526>
...
006 (787408.000.000) 10/08 12:47:03 Image size of job updated: 229932
	100  -  MemoryUsage of job (MB)
	101764  -  ResidentSetSize of job (KB)
...
006 (787408.000.000) 10/08 12:47:32 Image size of job updated: 230064
	100  -  MemoryUsage of job (MB)
	101764  -  ResidentSetSize of job (KB)
...
005 (787408.000.000) 10/08 12:47:32 Job terminated.
	(1) Normal termination (return value 0)
		Usr 0 00:00:15, Sys 0 00:00:00  -  Run Remote Usage
		Usr 0 00:00:00, Sys 0 00:00:00  -  Run Local Usage
		Usr 0 00:00:15, Sys 0 00:00:00  -  Total Remote Usage
		Usr 0 00:00:00, Sys 0 00:00:00  -  Total Local Usage
	585183  -  Run Bytes Sent By Job
	62749  -  Run Bytes Received By Job
	585183  -  Total Bytes Sent By Job
	62749  -  Total Bytes Received By Job
	Partitionable Resources :    Usage  Request          
	   Cpus                 :                 1          
	   Disk (KB)            :      658      658          
	   Memory (MB)          :      100      100          
...
000 (787590.000.000) 10/08 14:27:07 Job submitted from host: <18.12.1.74:45913>
...
001 (787590.000.000) 10/08 14:37:37 Job executing on host: <18.12.9.65:49271>
...
006 (787590.000.000) 10/08 14:37:45 Image size of job updated: 229936
	93  -  MemoryUsage of job (MB)
	94292  -  ResidentSetSize of job (KB)
...
006 (787590.000.000) 10/08 14:38:25 Image size of job updated: 230068
	93  -  MemoryUsage of job (MB)
	94292  -  ResidentSetSize of job (KB)
...
005 (787590.000.000) 10/08 14:38:26 Job terminated.
	(1) Normal termination (return value 0)
		Usr 0 00:00:32, Sys 0 00:00:00  -  Run Remote Usage
		Usr 0 00:00:00, Sys 0 00:00:00  -  Run Local Usage
		Usr 0 00:00:32, Sys 0 00:00:00  -  Total Remote Usage
		Usr 0 00:00:00, Sys 0 00:00:00  -  Total Local Usage
	585277  -  Run Bytes Sent By Job
	62691  -  Run Bytes Received By Job
	585277  -  Total Bytes Sent By Job
	62691  -  Total Bytes Received By Job
	Partitionable Resources :    Usage  Request          
	   Cpus                 :                 1          
	   Disk (KB)            :      658      658          
	   Memory (MB)          :       93       93          
...
000 (787773.000.000) 10/08 15:16:27 Job submitted from host: <18.12.1.74:45913>
...
001 (787773.000.000) 10/08 15:18:13 Job executing on host: <18.12.9.3:43431>
...
006 (787773.000.000) 10/08 15:18:21 Image size of job updated: 187696
	71  -  MemoryUsage of job (MB)
	72548  -  ResidentSetSize of job (KB)
...
006 (787773.000.000) 10/08 15:19:16 Image size of job updated: 230068
	71  -  MemoryUsage of job (MB)
	72548  -  ResidentSetSize of job (KB)
...
005 (787773.000.000) 10/08 15:19:16 Job terminated.
	(1) Normal termination (return value 0)
		Usr 0 00:00:27, Sys 0 00:00:00  -  Run Remote Usage
		Usr 0 00:00:00, Sys 0 00:00:00  -  Run Local Usage
		Usr 0 00:00:27, Sys 0 00:00:00  -  Total Remote Usage
		Usr 0 00:00:00, Sys 0 00:00:00  -  Total Local Usage
	585216  -  Run Bytes Sent By Job
	62696  -  Run Bytes Received By Job
	585216  -  Total Bytes Sent By Job
	62696  -  Total Bytes Received By Job
	Partitionable Resources :    Usage  Request          
	   Cpus                 :                 1          
	   Disk (KB)            :      658      658          
	   Memory (MB)          :       71       71          
...
000 (788683.000.000) 10/12 10:42:29 Job submitted from host: <18.12.1.74:45913>
...
001 (788683.000.000) 10/12 10:46:13 Job executing on host: <18.12.6.30:48541>
...
006 (788683.000.000) 10/12 10:46:22 Image size of job updated: 143820
	26  -  MemoryUsage of job (MB)
	25836  -  ResidentSetSize of job (KB)
...
006 (788683.000.000) 10/12 10:47:15 Image size of job updated: 230068
	26  -  MemoryUsage of job (MB)
	25836  -  ResidentSetSize of job (KB)
...
005 (788683.000.000) 10/12 10:47:16 Job terminated.
	(1) Normal termination (return value 0)
		Usr 0 00:00:33, Sys 0 00:00:00  -  Run Remote Usage
		Usr 0 00:00:00, Sys 0 00:00:00  -  Run Local Usage
		Usr 0 00:00:33, Sys 0 00:00:00  -  Total Remote Usage
		Usr 0 00:00:00, Sys 0 00:00:00  -  Total Local Usage
	585011  -  Run Bytes Sent By Job
	62704  -  Run Bytes Received By Job
	585011  -  Total Bytes Sent By Job
	62704  -  Total Bytes Received By Job
	Partitionable Resources :    Usage  Request          
	   Cpus                 :                 1          
	   Disk (KB)            :      658      658          
	   Memory (MB)          :       26       26          
...
