000 (556483.000.000) 08/12 14:11:01 Job submitted from host: <18.12.1.74:48322>
...
001 (556483.000.000) 08/12 14:51:55 Job executing on host: <18.12.12.7:44599>
...
006 (556483.000.000) 08/12 14:52:04 Image size of job updated: 193756
	78  -  MemoryUsage of job (MB)
	79576  -  ResidentSetSize of job (KB)
...
006 (556483.000.000) 08/12 14:57:05 Image size of job updated: 230372
	100  -  MemoryUsage of job (MB)
	101816  -  ResidentSetSize of job (KB)
...
005 (556483.000.000) 08/12 14:58:12 Job terminated.
	(1) Normal termination (return value 0)
		Usr 0 00:01:19, Sys 0 00:00:02  -  Run Remote Usage
		Usr 0 00:00:00, Sys 0 00:00:00  -  Run Local Usage
		Usr 0 00:01:19, Sys 0 00:00:02  -  Total Remote Usage
		Usr 0 00:00:00, Sys 0 00:00:00  -  Total Local Usage
	586179  -  Run Bytes Sent By Job
	62715  -  Run Bytes Received By Job
	586179  -  Total Bytes Sent By Job
	62715  -  Total Bytes Received By Job
	Partitionable Resources :    Usage  Request          
	   Cpus                 :                 1          
	   Disk (KB)            :      659      659          
	   Memory (MB)          :      100      100          
...
000 (557743.000.000) 08/13 11:57:37 Job submitted from host: <18.12.1.74:48322>
...
001 (557743.000.000) 08/13 12:48:21 Job executing on host: <18.12.9.38:45329>
...
006 (557743.000.000) 08/13 12:48:29 Image size of job updated: 188612
	73  -  MemoryUsage of job (MB)
	73996  -  ResidentSetSize of job (KB)
...
006 (557743.000.000) 08/13 12:53:29 Image size of job updated: 230372
	110  -  MemoryUsage of job (MB)
	111828  -  ResidentSetSize of job (KB)
...
005 (557743.000.000) 08/13 12:55:01 Job terminated.
	(1) Normal termination (return value 0)
		Usr 0 00:01:21, Sys 0 00:00:03  -  Run Remote Usage
		Usr 0 00:00:00, Sys 0 00:00:00  -  Run Local Usage
		Usr 0 00:01:21, Sys 0 00:00:03  -  Total Remote Usage
		Usr 0 00:00:00, Sys 0 00:00:00  -  Total Local Usage
	586515  -  Run Bytes Sent By Job
	62715  -  Run Bytes Received By Job
	586515  -  Total Bytes Sent By Job
	62715  -  Total Bytes Received By Job
	Partitionable Resources :    Usage  Request          
	   Cpus                 :                 1          
	   Disk (KB)            :      659      659          
	   Memory (MB)          :      110      110          
...
000 (558259.000.000) 08/13 14:31:19 Job submitted from host: <18.12.1.74:48322>
...
001 (558259.000.000) 08/13 15:14:01 Job executing on host: <18.12.8.14:43942>
...
006 (558259.000.000) 08/13 15:14:09 Image size of job updated: 2
	3  -  MemoryUsage of job (MB)
	2364  -  ResidentSetSize of job (KB)
...
006 (558259.000.000) 08/13 15:19:09 Image size of job updated: 230376
	111  -  MemoryUsage of job (MB)
	113424  -  ResidentSetSize of job (KB)
...
005 (558259.000.000) 08/13 15:21:06 Job terminated.
	(1) Normal termination (return value 0)
		Usr 0 00:01:21, Sys 0 00:00:03  -  Run Remote Usage
		Usr 0 00:00:00, Sys 0 00:00:00  -  Run Local Usage
		Usr 0 00:01:21, Sys 0 00:00:03  -  Total Remote Usage
		Usr 0 00:00:00, Sys 0 00:00:00  -  Total Local Usage
	586515  -  Run Bytes Sent By Job
	62714  -  Run Bytes Received By Job
	586515  -  Total Bytes Sent By Job
	62714  -  Total Bytes Received By Job
	Partitionable Resources :    Usage  Request          
	   Cpus                 :                 1          
	   Disk (KB)            :      659      659          
	   Memory (MB)          :      111      111          
...
000 (565596.000.000) 08/20 13:00:42 Job submitted from host: <18.12.1.74:48322>
...
001 (565596.000.000) 08/20 13:01:13 Job executing on host: <18.12.6.20:48468>
...
006 (565596.000.000) 08/20 13:01:22 Image size of job updated: 2
	2  -  MemoryUsage of job (MB)
	1720  -  ResidentSetSize of job (KB)
...
006 (565596.000.000) 08/20 13:03:42 Image size of job updated: 230408
	2  -  MemoryUsage of job (MB)
	1720  -  ResidentSetSize of job (KB)
...
005 (565596.000.000) 08/20 13:10:37 Job terminated.
	(1) Normal termination (return value 0)
		Usr 0 00:01:43, Sys 0 00:00:01  -  Run Remote Usage
		Usr 0 00:00:00, Sys 0 00:00:00  -  Run Local Usage
		Usr 0 00:01:43, Sys 0 00:00:01  -  Total Remote Usage
		Usr 0 00:00:00, Sys 0 00:00:00  -  Total Local Usage
	586116  -  Run Bytes Sent By Job
	62731  -  Run Bytes Received By Job
	586116  -  Total Bytes Sent By Job
	62731  -  Total Bytes Received By Job
	Partitionable Resources :    Usage  Request          
	   Cpus                 :                 1          
	   Disk (KB)            :      658      658          
	   Memory (MB)          :        2        2          
...
000 (783089.000.000) 10/02 11:08:36 Job submitted from host: <18.12.1.74:41314>
...
001 (783089.000.000) 10/02 11:14:51 Job executing on host: <18.12.8.88:43431>
...
006 (783089.000.000) 10/02 11:14:56 Image size of job updated: 2
	0  -  MemoryUsage of job (MB)
	0  -  ResidentSetSize of job (KB)
...
005 (783089.000.000) 10/02 11:20:07 Job terminated.
	(1) Normal termination (return value 0)
		Usr 0 00:00:00, Sys 0 00:00:00  -  Run Remote Usage
		Usr 0 00:00:00, Sys 0 00:00:00  -  Run Local Usage
		Usr 0 00:00:00, Sys 0 00:00:00  -  Total Remote Usage
		Usr 0 00:00:00, Sys 0 00:00:00  -  Total Local Usage
	585538  -  Run Bytes Sent By Job
	62733  -  Run Bytes Received By Job
	585538  -  Total Bytes Sent By Job
	62733  -  Total Bytes Received By Job
	Partitionable Resources :    Usage  Request          
	   Cpus                 :                 1          
	   Disk (KB)            :      658      658          
	   Memory (MB)          :        0        0          
...
000 (783270.000.000) 10/02 16:13:33 Job submitted from host: <18.12.1.74:45913>
...
001 (783270.000.000) 10/02 16:14:05 Job executing on host: <18.12.9.67:41533>
...
006 (783270.000.000) 10/02 16:14:06 Image size of job updated: 85140
	0  -  MemoryUsage of job (MB)
	0  -  ResidentSetSize of job (KB)
...
005 (783270.000.000) 10/02 16:14:07 Job terminated.
	(1) Normal termination (return value 0)
		Usr 0 00:00:00, Sys 0 00:00:00  -  Run Remote Usage
		Usr 0 00:00:00, Sys 0 00:00:00  -  Run Local Usage
		Usr 0 00:00:00, Sys 0 00:00:00  -  Total Remote Usage
		Usr 0 00:00:00, Sys 0 00:00:00  -  Total Local Usage
	585472  -  Run Bytes Sent By Job
	62733  -  Run Bytes Received By Job
	585472  -  Total Bytes Sent By Job
	62733  -  Total Bytes Received By Job
	Partitionable Resources :    Usage  Request          
	   Cpus                 :                 1          
	   Disk (KB)            :      658      658          
	   Memory (MB)          :        0        0          
...
000 (783451.000.000) 10/02 16:49:07 Job submitted from host: <18.12.1.74:45913>
...
001 (783451.000.000) 10/02 16:49:10 Job executing on host: <18.12.9.80:45183>
...
006 (783451.000.000) 10/02 16:49:10 Image size of job updated: 93600
	0  -  MemoryUsage of job (MB)
	0  -  ResidentSetSize of job (KB)
...
005 (783451.000.000) 10/02 16:49:10 Job terminated.
	(1) Normal termination (return value 0)
		Usr 0 00:00:00, Sys 0 00:00:00  -  Run Remote Usage
		Usr 0 00:00:00, Sys 0 00:00:00  -  Run Local Usage
		Usr 0 00:00:00, Sys 0 00:00:00  -  Total Remote Usage
		Usr 0 00:00:00, Sys 0 00:00:00  -  Total Local Usage
	585836  -  Run Bytes Sent By Job
	62733  -  Run Bytes Received By Job
	585836  -  Total Bytes Sent By Job
	62733  -  Total Bytes Received By Job
	Partitionable Resources :    Usage  Request          
	   Cpus                 :                 1          
	   Disk (KB)            :      659      659          
	   Memory (MB)          :        0        0          
...
000 (783634.000.000) 10/05 09:25:55 Job submitted from host: <18.12.1.74:45913>
...
001 (783634.000.000) 10/05 09:26:14 Job executing on host: <18.12.12.8:45694>
...
006 (783634.000.000) 10/05 09:26:14 Image size of job updated: 2
	0  -  MemoryUsage of job (MB)
	0  -  ResidentSetSize of job (KB)
...
005 (783634.000.000) 10/05 09:26:16 Job terminated.
	(1) Normal termination (return value 0)
		Usr 0 00:00:00, Sys 0 00:00:00  -  Run Remote Usage
		Usr 0 00:00:00, Sys 0 00:00:00  -  Run Local Usage
		Usr 0 00:00:00, Sys 0 00:00:00  -  Total Remote Usage
		Usr 0 00:00:00, Sys 0 00:00:00  -  Total Local Usage
	585538  -  Run Bytes Sent By Job
	62732  -  Run Bytes Received By Job
	585538  -  Total Bytes Sent By Job
	62732  -  Total Bytes Received By Job
	Partitionable Resources :    Usage  Request          
	   Cpus                 :                 1          
	   Disk (KB)            :      658      658          
	   Memory (MB)          :        0        0          
...
000 (783815.000.000) 10/05 10:00:31 Job submitted from host: <18.12.1.74:45913>
...
001 (783815.000.000) 10/05 10:00:58 Job executing on host: <18.12.9.63:46716>
...
006 (783815.000.000) 10/05 10:01:11 Image size of job updated: 13384
	2  -  MemoryUsage of job (MB)
	1980  -  ResidentSetSize of job (KB)
...
005 (783815.000.000) 10/05 10:01:40 Job terminated.
	(1) Normal termination (return value 0)
		Usr 0 00:00:00, Sys 0 00:00:00  -  Run Remote Usage
		Usr 0 00:00:00, Sys 0 00:00:00  -  Run Local Usage
		Usr 0 00:00:00, Sys 0 00:00:00  -  Total Remote Usage
		Usr 0 00:00:00, Sys 0 00:00:00  -  Total Local Usage
	585752  -  Run Bytes Sent By Job
	62731  -  Run Bytes Received By Job
	585752  -  Total Bytes Sent By Job
	62731  -  Total Bytes Received By Job
	Partitionable Resources :    Usage  Request          
	   Cpus                 :                 1          
	   Disk (KB)            :      659      659          
	   Memory (MB)          :        2        2          
...
000 (783997.000.000) 10/05 12:25:38 Job submitted from host: <18.12.1.74:45913>
...
001 (783997.000.000) 10/05 12:25:45 Job executing on host: <18.12.9.43:44818>
...
006 (783997.000.000) 10/05 12:25:53 Image size of job updated: 5508
	1  -  MemoryUsage of job (MB)
	236  -  ResidentSetSize of job (KB)
...
006 (783997.000.000) 10/05 12:26:02 Image size of job updated: 146204
	1  -  MemoryUsage of job (MB)
	236  -  ResidentSetSize of job (KB)
...
005 (783997.000.000) 10/05 12:26:02 Job terminated.
	(1) Normal termination (return value 0)
		Usr 0 00:00:00, Sys 0 00:00:00  -  Run Remote Usage
		Usr 0 00:00:00, Sys 0 00:00:00  -  Run Local Usage
		Usr 0 00:00:00, Sys 0 00:00:00  -  Total Remote Usage
		Usr 0 00:00:00, Sys 0 00:00:00  -  Total Local Usage
	586032  -  Run Bytes Sent By Job
	62732  -  Run Bytes Received By Job
	586032  -  Total Bytes Sent By Job
	62732  -  Total Bytes Received By Job
	Partitionable Resources :    Usage  Request          
	   Cpus                 :                 1          
	   Disk (KB)            :      659      659          
	   Memory (MB)          :        1        1          
...
000 (784178.000.000) 10/05 12:28:55 Job submitted from host: <18.12.1.74:45913>
...
001 (784178.000.000) 10/05 12:29:23 Job executing on host: <18.12.9.79:40219>
...
006 (784178.000.000) 10/05 12:29:32 Image size of job updated: 230376
	96  -  MemoryUsage of job (MB)
	97408  -  ResidentSetSize of job (KB)
...
005 (784178.000.000) 10/05 12:31:09 Job terminated.
	(1) Normal termination (return value 0)
		Usr 0 00:01:02, Sys 0 00:00:01  -  Run Remote Usage
		Usr 0 00:00:00, Sys 0 00:00:00  -  Run Local Usage
		Usr 0 00:01:02, Sys 0 00:00:01  -  Total Remote Usage
		Usr 0 00:00:00, Sys 0 00:00:00  -  Total Local Usage
	586880  -  Run Bytes Sent By Job
	62733  -  Run Bytes Received By Job
	586880  -  Total Bytes Sent By Job
	62733  -  Total Bytes Received By Job
	Partitionable Resources :    Usage  Request          
	   Cpus                 :                 1          
	   Disk (KB)            :      659      659          
	   Memory (MB)          :       96       96          
...
000 (786247.000.000) 10/05 14:34:52 Job submitted from host: <18.12.1.74:45913>
...
001 (786247.000.000) 10/05 14:35:57 Job executing on host: <18.12.8.201:41606>
...
006 (786247.000.000) 10/05 14:36:05 Image size of job updated: 2
	3  -  MemoryUsage of job (MB)
	2368  -  ResidentSetSize of job (KB)
...
006 (786247.000.000) 10/05 14:37:44 Image size of job updated: 230376
	3  -  MemoryUsage of job (MB)
	2368  -  ResidentSetSize of job (KB)
...
005 (786247.000.000) 10/05 14:37:45 Job terminated.
	(1) Normal termination (return value 0)
		Usr 0 00:01:16, Sys 0 00:00:01  -  Run Remote Usage
		Usr 0 00:00:00, Sys 0 00:00:00  -  Run Local Usage
		Usr 0 00:01:16, Sys 0 00:00:01  -  Total Remote Usage
		Usr 0 00:00:00, Sys 0 00:00:00  -  Total Local Usage
	586088  -  Run Bytes Sent By Job
	62729  -  Run Bytes Received By Job
	586088  -  Total Bytes Sent By Job
	62729  -  Total Bytes Received By Job
	Partitionable Resources :    Usage  Request          
	   Cpus                 :                 1          
	   Disk (KB)            :      659      659          
	   Memory (MB)          :        3        3          
...
000 (788086.000.000) 10/08 16:10:39 Job submitted from host: <18.12.1.74:45913>
...
001 (788086.000.000) 10/08 16:28:03 Job executing on host: <18.12.9.76:43139>
...
006 (788086.000.000) 10/08 16:28:12 Image size of job updated: 2
	3  -  MemoryUsage of job (MB)
	2372  -  ResidentSetSize of job (KB)
...
006 (788086.000.000) 10/08 16:30:00 Image size of job updated: 230360
	3  -  MemoryUsage of job (MB)
	2372  -  ResidentSetSize of job (KB)
...
005 (788086.000.000) 10/08 16:30:00 Job terminated.
	(1) Normal termination (return value 0)
		Usr 0 00:01:05, Sys 0 00:00:01  -  Run Remote Usage
		Usr 0 00:00:00, Sys 0 00:00:00  -  Run Local Usage
		Usr 0 00:01:05, Sys 0 00:00:01  -  Total Remote Usage
		Usr 0 00:00:00, Sys 0 00:00:00  -  Total Local Usage
	585390  -  Run Bytes Sent By Job
	62697  -  Run Bytes Received By Job
	585390  -  Total Bytes Sent By Job
	62697  -  Total Bytes Received By Job
	Partitionable Resources :    Usage  Request          
	   Cpus                 :                 1          
	   Disk (KB)            :      658      658          
	   Memory (MB)          :        3        3          
...
000 (788449.000.000) 10/09 10:00:41 Job submitted from host: <18.12.1.74:45913>
...
001 (788449.000.000) 10/09 10:14:35 Job executing on host: <18.12.8.1:41241>
...
006 (788449.000.000) 10/09 10:14:49 Image size of job updated: 2
	3  -  MemoryUsage of job (MB)
	2348  -  ResidentSetSize of job (KB)
...
006 (788449.000.000) 10/09 10:18:57 Image size of job updated: 230368
	3  -  MemoryUsage of job (MB)
	2348  -  ResidentSetSize of job (KB)
...
005 (788449.000.000) 10/09 10:18:58 Job terminated.
	(1) Normal termination (return value 0)
		Usr 0 00:01:15, Sys 0 00:00:01  -  Run Remote Usage
		Usr 0 00:00:00, Sys 0 00:00:00  -  Run Local Usage
		Usr 0 00:01:15, Sys 0 00:00:01  -  Total Remote Usage
		Usr 0 00:00:00, Sys 0 00:00:00  -  Total Local Usage
	585333  -  Run Bytes Sent By Job
	62694  -  Run Bytes Received By Job
	585333  -  Total Bytes Sent By Job
	62694  -  Total Bytes Received By Job
	Partitionable Resources :    Usage  Request          
	   Cpus                 :                 1          
	   Disk (KB)            :      658      658          
	   Memory (MB)          :        3        3          
...
000 (788996.000.000) 10/12 11:22:20 Job submitted from host: <18.12.1.74:45913>
...
001 (788996.000.000) 10/12 11:40:24 Job executing on host: <18.12.9.0:45621>
...
006 (788996.000.000) 10/12 11:40:33 Image size of job updated: 2
	3  -  MemoryUsage of job (MB)
	2344  -  ResidentSetSize of job (KB)
...
006 (788996.000.000) 10/12 11:42:23 Image size of job updated: 230364
	3  -  MemoryUsage of job (MB)
	2344  -  ResidentSetSize of job (KB)
...
005 (788996.000.000) 10/12 11:42:23 Job terminated.
	(1) Normal termination (return value 0)
		Usr 0 00:01:25, Sys 0 00:00:01  -  Run Remote Usage
		Usr 0 00:00:00, Sys 0 00:00:00  -  Run Local Usage
		Usr 0 00:01:25, Sys 0 00:00:01  -  Total Remote Usage
		Usr 0 00:00:00, Sys 0 00:00:00  -  Total Local Usage
	585360  -  Run Bytes Sent By Job
	62702  -  Run Bytes Received By Job
	585360  -  Total Bytes Sent By Job
	62702  -  Total Bytes Received By Job
	Partitionable Resources :    Usage  Request          
	   Cpus                 :                 1          
	   Disk (KB)            :      658      658          
	   Memory (MB)          :        3        3          
...
