000 (556451.000.000) 08/12 14:10:58 Job submitted from host: <18.12.1.74:48322>
...
001 (556451.000.000) 08/12 14:47:36 Job executing on host: <18.12.9.80:43650>
...
006 (556451.000.000) 08/12 14:47:45 Image size of job updated: 2
	3  -  MemoryUsage of job (MB)
	2352  -  ResidentSetSize of job (KB)
...
006 (556451.000.000) 08/12 14:52:46 Image size of job updated: 230776
	82  -  MemoryUsage of job (MB)
	83880  -  ResidentSetSize of job (KB)
...
006 (556451.000.000) 08/12 14:57:47 Image size of job updated: 230776
	82  -  MemoryUsage of job (MB)
	83920  -  ResidentSetSize of job (KB)
...
006 (556451.000.000) 08/12 15:02:47 Image size of job updated: 230776
	97  -  MemoryUsage of job (MB)
	98988  -  ResidentSetSize of job (KB)
...
006 (556451.000.000) 08/12 15:07:47 Image size of job updated: 230776
	98  -  MemoryUsage of job (MB)
	99852  -  ResidentSetSize of job (KB)
...
006 (556451.000.000) 08/12 15:12:48 Image size of job updated: 230776
	98  -  MemoryUsage of job (MB)
	100088  -  ResidentSetSize of job (KB)
...
005 (556451.000.000) 08/12 15:14:58 Job terminated.
	(1) Normal termination (return value 0)
		Usr 0 00:02:09, Sys 0 00:00:05  -  Run Remote Usage
		Usr 0 00:00:00, Sys 0 00:00:00  -  Run Local Usage
		Usr 0 00:02:09, Sys 0 00:00:05  -  Total Remote Usage
		Usr 0 00:00:00, Sys 0 00:00:00  -  Total Local Usage
	586361  -  Run Bytes Sent By Job
	62715  -  Run Bytes Received By Job
	586361  -  Total Bytes Sent By Job
	62715  -  Total Bytes Received By Job
	Partitionable Resources :    Usage  Request          
	   Cpus                 :                 1          
	   Disk (KB)            :      659      659          
	   Memory (MB)          :       98       98          
...
000 (557711.000.000) 08/13 11:57:34 Job submitted from host: <18.12.1.74:48322>
...
001 (557711.000.000) 08/13 12:41:18 Job executing on host: <18.12.9.30:44672>
...
006 (557711.000.000) 08/13 12:41:27 Image size of job updated: 187644
	71  -  MemoryUsage of job (MB)
	72584  -  ResidentSetSize of job (KB)
...
006 (557711.000.000) 08/13 12:46:28 Image size of job updated: 230772
	110  -  MemoryUsage of job (MB)
	112016  -  ResidentSetSize of job (KB)
...
006 (557711.000.000) 08/13 12:51:28 Image size of job updated: 230772
	113  -  MemoryUsage of job (MB)
	115640  -  ResidentSetSize of job (KB)
...
006 (557711.000.000) 08/13 12:56:28 Image size of job updated: 230772
	113  -  MemoryUsage of job (MB)
	115672  -  ResidentSetSize of job (KB)
...
006 (557711.000.000) 08/13 13:05:17 Image size of job updated: 236520
	113  -  MemoryUsage of job (MB)
	115672  -  ResidentSetSize of job (KB)
...
005 (557711.000.000) 08/13 13:05:18 Job terminated.
	(1) Normal termination (return value 0)
		Usr 0 00:02:10, Sys 0 00:00:03  -  Run Remote Usage
		Usr 0 00:00:00, Sys 0 00:00:00  -  Run Local Usage
		Usr 0 00:02:10, Sys 0 00:00:03  -  Total Remote Usage
		Usr 0 00:00:00, Sys 0 00:00:00  -  Total Local Usage
	586641  -  Run Bytes Sent By Job
	62715  -  Run Bytes Received By Job
	586641  -  Total Bytes Sent By Job
	62715  -  Total Bytes Received By Job
	Partitionable Resources :    Usage  Request          
	   Cpus                 :                 1          
	   Disk (KB)            :      659      659          
	   Memory (MB)          :      113      113          
...
000 (558227.000.000) 08/13 14:31:16 Job submitted from host: <18.12.1.74:48322>
...
001 (558227.000.000) 08/13 15:07:37 Job executing on host: <18.12.9.39:46205>
...
006 (558227.000.000) 08/13 15:07:46 Image size of job updated: 189752
	74  -  MemoryUsage of job (MB)
	75664  -  ResidentSetSize of job (KB)
...
006 (558227.000.000) 08/13 15:12:47 Image size of job updated: 230764
	110  -  MemoryUsage of job (MB)
	112020  -  ResidentSetSize of job (KB)
...
006 (558227.000.000) 08/13 15:17:47 Image size of job updated: 230764
	111  -  MemoryUsage of job (MB)
	113144  -  ResidentSetSize of job (KB)
...
005 (558227.000.000) 08/13 15:28:01 Job terminated.
	(1) Normal termination (return value 0)
		Usr 0 00:02:08, Sys 0 00:00:04  -  Run Remote Usage
		Usr 0 00:00:00, Sys 0 00:00:00  -  Run Local Usage
		Usr 0 00:02:08, Sys 0 00:00:04  -  Total Remote Usage
		Usr 0 00:00:00, Sys 0 00:00:00  -  Total Local Usage
	586641  -  Run Bytes Sent By Job
	62714  -  Run Bytes Received By Job
	586641  -  Total Bytes Sent By Job
	62714  -  Total Bytes Received By Job
	Partitionable Resources :    Usage  Request          
	   Cpus                 :                 1          
	   Disk (KB)            :      659      659          
	   Memory (MB)          :      111      111          
...
000 (565564.000.000) 08/20 12:57:53 Job submitted from host: <18.12.1.74:48322>
...
001 (565564.000.000) 08/20 12:58:10 Job executing on host: <18.12.9.83:48833>
...
006 (565564.000.000) 08/20 12:58:21 Image size of job updated: 93604
	3  -  MemoryUsage of job (MB)
	2428  -  ResidentSetSize of job (KB)
...
006 (565564.000.000) 08/20 13:03:21 Image size of job updated: 230772
	100  -  MemoryUsage of job (MB)
	101772  -  ResidentSetSize of job (KB)
...
005 (565564.000.000) 08/20 13:18:44 Job terminated.
	(1) Normal termination (return value 0)
		Usr 0 00:01:59, Sys 0 00:00:01  -  Run Remote Usage
		Usr 0 00:00:00, Sys 0 00:00:00  -  Run Local Usage
		Usr 0 00:01:59, Sys 0 00:00:01  -  Total Remote Usage
		Usr 0 00:00:00, Sys 0 00:00:00  -  Total Local Usage
	586272  -  Run Bytes Sent By Job
	62731  -  Run Bytes Received By Job
	586272  -  Total Bytes Sent By Job
	62731  -  Total Bytes Received By Job
	Partitionable Resources :    Usage  Request          
	   Cpus                 :                 1          
	   Disk (KB)            :      659      659          
	   Memory (MB)          :      100      100          
...
000 (783057.000.000) 10/02 11:07:47 Job submitted from host: <18.12.1.74:41314>
...
001 (783057.000.000) 10/02 11:08:51 Job executing on host: <18.12.9.67:41533>
...
006 (783057.000.000) 10/02 11:08:56 Image size of job updated: 94596
	0  -  MemoryUsage of job (MB)
	0  -  ResidentSetSize of job (KB)
...
005 (783057.000.000) 10/02 11:14:02 Job terminated.
	(1) Normal termination (return value 0)
		Usr 0 00:00:00, Sys 0 00:00:00  -  Run Remote Usage
		Usr 0 00:00:00, Sys 0 00:00:00  -  Run Local Usage
		Usr 0 00:00:00, Sys 0 00:00:00  -  Total Remote Usage
		Usr 0 00:00:00, Sys 0 00:00:00  -  Total Local Usage
	585466  -  Run Bytes Sent By Job
	62733  -  Run Bytes Received By Job
	585466  -  Total Bytes Sent By Job
	62733  -  Total Bytes Received By Job
	Partitionable Resources :    Usage  Request          
	   Cpus                 :                 1          
	   Disk (KB)            :      658      658          
	   Memory (MB)          :        0        0          
...
000 (783238.000.000) 10/02 16:13:30 Job submitted from host: <18.12.1.74:45913>
...
001 (783238.000.000) 10/02 16:14:02 Job executing on host: <18.12.8.14:40730>
...
006 (783238.000.000) 10/02 16:14:03 Image size of job updated: 2
	0  -  MemoryUsage of job (MB)
	0  -  ResidentSetSize of job (KB)
...
005 (783238.000.000) 10/02 16:14:03 Job terminated.
	(1) Normal termination (return value 0)
		Usr 0 00:00:00, Sys 0 00:00:00  -  Run Remote Usage
		Usr 0 00:00:00, Sys 0 00:00:00  -  Run Local Usage
		Usr 0 00:00:00, Sys 0 00:00:00  -  Total Remote Usage
		Usr 0 00:00:00, Sys 0 00:00:00  -  Total Local Usage
	585890  -  Run Bytes Sent By Job
	62733  -  Run Bytes Received By Job
	585890  -  Total Bytes Sent By Job
	62733  -  Total Bytes Received By Job
	Partitionable Resources :    Usage  Request          
	   Cpus                 :                 1          
	   Disk (KB)            :      659      659          
	   Memory (MB)          :        0        0          
...
000 (783419.000.000) 10/02 16:48:58 Job submitted from host: <18.12.1.74:45913>
...
001 (783419.000.000) 10/02 16:48:59 Job executing on host: <18.12.8.225:47957>
...
006 (783419.000.000) 10/02 16:49:00 Image size of job updated: 2
	0  -  MemoryUsage of job (MB)
	0  -  ResidentSetSize of job (KB)
...
005 (783419.000.000) 10/02 16:49:00 Job terminated.
	(1) Normal termination (return value 0)
		Usr 0 00:00:00, Sys 0 00:00:00  -  Run Remote Usage
		Usr 0 00:00:00, Sys 0 00:00:00  -  Run Local Usage
		Usr 0 00:00:00, Sys 0 00:00:00  -  Total Remote Usage
		Usr 0 00:00:00, Sys 0 00:00:00  -  Total Local Usage
	585560  -  Run Bytes Sent By Job
	62733  -  Run Bytes Received By Job
	585560  -  Total Bytes Sent By Job
	62733  -  Total Bytes Received By Job
	Partitionable Resources :    Usage  Request          
	   Cpus                 :                 1          
	   Disk (KB)            :      658      658          
	   Memory (MB)          :        0        0          
...
000 (783602.000.000) 10/05 09:25:52 Job submitted from host: <18.12.1.74:45913>
...
001 (783602.000.000) 10/05 09:26:14 Job executing on host: <18.12.8.207:46716>
...
006 (783602.000.000) 10/05 09:26:14 Image size of job updated: 2
	0  -  MemoryUsage of job (MB)
	0  -  ResidentSetSize of job (KB)
...
005 (783602.000.000) 10/05 09:26:15 Job terminated.
	(1) Normal termination (return value 0)
		Usr 0 00:00:00, Sys 0 00:00:00  -  Run Remote Usage
		Usr 0 00:00:00, Sys 0 00:00:00  -  Run Local Usage
		Usr 0 00:00:00, Sys 0 00:00:00  -  Total Remote Usage
		Usr 0 00:00:00, Sys 0 00:00:00  -  Total Local Usage
	585774  -  Run Bytes Sent By Job
	62732  -  Run Bytes Received By Job
	585774  -  Total Bytes Sent By Job
	62732  -  Total Bytes Received By Job
	Partitionable Resources :    Usage  Request          
	   Cpus                 :                 1          
	   Disk (KB)            :      659      659          
	   Memory (MB)          :        0        0          
...
000 (783783.000.000) 10/05 10:00:28 Job submitted from host: <18.12.1.74:45913>
...
001 (783783.000.000) 10/05 10:00:54 Job executing on host: <18.12.8.244:45621>
...
006 (783783.000.000) 10/05 10:01:01 Image size of job updated: 69172
	0  -  MemoryUsage of job (MB)
	0  -  ResidentSetSize of job (KB)
...
005 (783783.000.000) 10/05 10:01:01 Job terminated.
	(1) Normal termination (return value 0)
		Usr 0 00:00:00, Sys 0 00:00:00  -  Run Remote Usage
		Usr 0 00:00:00, Sys 0 00:00:00  -  Run Local Usage
		Usr 0 00:00:00, Sys 0 00:00:00  -  Total Remote Usage
		Usr 0 00:00:00, Sys 0 00:00:00  -  Total Local Usage
	585417  -  Run Bytes Sent By Job
	62731  -  Run Bytes Received By Job
	585417  -  Total Bytes Sent By Job
	62731  -  Total Bytes Received By Job
	Partitionable Resources :    Usage  Request          
	   Cpus                 :                 1          
	   Disk (KB)            :      658      658          
	   Memory (MB)          :        0        0          
...
000 (783965.000.000) 10/05 12:25:33 Job submitted from host: <18.12.1.74:45913>
...
001 (783965.000.000) 10/05 12:25:36 Job executing on host: <18.12.9.35:48906>
...
006 (783965.000.000) 10/05 12:25:41 Image size of job updated: 2
	0  -  MemoryUsage of job (MB)
	0  -  ResidentSetSize of job (KB)
...
005 (783965.000.000) 10/05 12:25:41 Job terminated.
	(1) Normal termination (return value 0)
		Usr 0 00:00:00, Sys 0 00:00:00  -  Run Remote Usage
		Usr 0 00:00:00, Sys 0 00:00:00  -  Run Local Usage
		Usr 0 00:00:00, Sys 0 00:00:00  -  Total Remote Usage
		Usr 0 00:00:00, Sys 0 00:00:00  -  Total Local Usage
	585968  -  Run Bytes Sent By Job
	62732  -  Run Bytes Received By Job
	585968  -  Total Bytes Sent By Job
	62732  -  Total Bytes Received By Job
	Partitionable Resources :    Usage  Request          
	   Cpus                 :                 1          
	   Disk (KB)            :      659      659          
	   Memory (MB)          :        0        0          
...
000 (784146.000.000) 10/05 12:28:52 Job submitted from host: <18.12.1.74:45913>
...
001 (784146.000.000) 10/05 12:29:25 Job executing on host: <18.12.9.17:47811>
...
006 (784146.000.000) 10/05 12:29:33 Image size of job updated: 2
	3  -  MemoryUsage of job (MB)
	2340  -  ResidentSetSize of job (KB)
...
006 (784146.000.000) 10/05 12:31:45 Image size of job updated: 230764
	3  -  MemoryUsage of job (MB)
	2340  -  ResidentSetSize of job (KB)
...
005 (784146.000.000) 10/05 12:31:45 Job terminated.
	(1) Normal termination (return value 0)
		Usr 0 00:01:37, Sys 0 00:00:01  -  Run Remote Usage
		Usr 0 00:00:00, Sys 0 00:00:00  -  Run Local Usage
		Usr 0 00:01:37, Sys 0 00:00:01  -  Total Remote Usage
		Usr 0 00:00:00, Sys 0 00:00:00  -  Total Local Usage
	586791  -  Run Bytes Sent By Job
	62733  -  Run Bytes Received By Job
	586791  -  Total Bytes Sent By Job
	62733  -  Total Bytes Received By Job
	Partitionable Resources :    Usage  Request          
	   Cpus                 :                 1          
	   Disk (KB)            :      659      659          
	   Memory (MB)          :        3        3          
...
000 (786215.000.000) 10/05 14:34:48 Job submitted from host: <18.12.1.74:45913>
...
001 (786215.000.000) 10/05 14:36:12 Job executing on host: <18.12.8.97:47300>
...
006 (786215.000.000) 10/05 14:36:21 Image size of job updated: 143812
	21  -  MemoryUsage of job (MB)
	20928  -  ResidentSetSize of job (KB)
...
006 (786215.000.000) 10/05 14:38:29 Image size of job updated: 230772
	21  -  MemoryUsage of job (MB)
	20928  -  ResidentSetSize of job (KB)
...
005 (786215.000.000) 10/05 14:38:29 Job terminated.
	(1) Normal termination (return value 0)
		Usr 0 00:01:35, Sys 0 00:00:02  -  Run Remote Usage
		Usr 0 00:00:00, Sys 0 00:00:00  -  Run Local Usage
		Usr 0 00:01:35, Sys 0 00:00:02  -  Total Remote Usage
		Usr 0 00:00:00, Sys 0 00:00:00  -  Total Local Usage
	586197  -  Run Bytes Sent By Job
	62729  -  Run Bytes Received By Job
	586197  -  Total Bytes Sent By Job
	62729  -  Total Bytes Received By Job
	Partitionable Resources :    Usage  Request          
	   Cpus                 :                 1          
	   Disk (KB)            :      659      659          
	   Memory (MB)          :       21       21          
...
000 (788054.000.000) 10/08 16:10:28 Job submitted from host: <18.12.1.74:45913>
...
001 (788054.000.000) 10/08 16:24:11 Job executing on host: <18.12.9.26:44234>
...
006 (788054.000.000) 10/08 16:24:20 Image size of job updated: 2
	3  -  MemoryUsage of job (MB)
	2360  -  ResidentSetSize of job (KB)
...
006 (788054.000.000) 10/08 16:29:21 Image size of job updated: 230752
	109  -  MemoryUsage of job (MB)
	110924  -  ResidentSetSize of job (KB)
...
005 (788054.000.000) 10/08 16:33:37 Job terminated.
	(1) Normal termination (return value 0)
		Usr 0 00:02:02, Sys 0 00:00:02  -  Run Remote Usage
		Usr 0 00:00:00, Sys 0 00:00:00  -  Run Local Usage
		Usr 0 00:02:02, Sys 0 00:00:02  -  Total Remote Usage
		Usr 0 00:00:00, Sys 0 00:00:00  -  Total Local Usage
	585794  -  Run Bytes Sent By Job
	62697  -  Run Bytes Received By Job
	585794  -  Total Bytes Sent By Job
	62697  -  Total Bytes Received By Job
	Partitionable Resources :    Usage  Request          
	   Cpus                 :                 1          
	   Disk (KB)            :      659      659          
	   Memory (MB)          :      109      109          
...
000 (788417.000.000) 10/09 10:00:37 Job submitted from host: <18.12.1.74:45913>
...
001 (788417.000.000) 10/09 10:11:44 Job executing on host: <18.12.9.74:45110>
...
006 (788417.000.000) 10/09 10:11:52 Image size of job updated: 230752
	97  -  MemoryUsage of job (MB)
	98460  -  ResidentSetSize of job (KB)
...
006 (788417.000.000) 10/09 10:14:29 Image size of job updated: 238584
	97  -  MemoryUsage of job (MB)
	98460  -  ResidentSetSize of job (KB)
...
005 (788417.000.000) 10/09 10:14:29 Job terminated.
	(1) Normal termination (return value 0)
		Usr 0 00:02:00, Sys 0 00:00:02  -  Run Remote Usage
		Usr 0 00:00:00, Sys 0 00:00:00  -  Run Local Usage
		Usr 0 00:02:00, Sys 0 00:00:02  -  Total Remote Usage
		Usr 0 00:00:00, Sys 0 00:00:00  -  Total Local Usage
	585514  -  Run Bytes Sent By Job
	62694  -  Run Bytes Received By Job
	585514  -  Total Bytes Sent By Job
	62694  -  Total Bytes Received By Job
	Partitionable Resources :    Usage  Request          
	   Cpus                 :                 1          
	   Disk (KB)            :      658      658          
	   Memory (MB)          :       97       97          
...
000 (788964.000.000) 10/12 11:22:17 Job submitted from host: <18.12.1.74:45913>
...
001 (788964.000.000) 10/12 11:41:45 Job executing on host: <18.12.8.245:42920>
...
006 (788964.000.000) 10/12 11:41:54 Image size of job updated: 187636
	74  -  MemoryUsage of job (MB)
	74868  -  ResidentSetSize of job (KB)
...
006 (788964.000.000) 10/12 11:45:26 Image size of job updated: 230756
	74  -  MemoryUsage of job (MB)
	74868  -  ResidentSetSize of job (KB)
...
005 (788964.000.000) 10/12 11:45:26 Job terminated.
	(1) Normal termination (return value 0)
		Usr 0 00:02:23, Sys 0 00:00:02  -  Run Remote Usage
		Usr 0 00:00:00, Sys 0 00:00:00  -  Run Local Usage
		Usr 0 00:02:23, Sys 0 00:00:02  -  Total Remote Usage
		Usr 0 00:00:00, Sys 0 00:00:00  -  Total Local Usage
	585469  -  Run Bytes Sent By Job
	62702  -  Run Bytes Received By Job
	585469  -  Total Bytes Sent By Job
	62702  -  Total Bytes Received By Job
	Partitionable Resources :    Usage  Request          
	   Cpus                 :                 1          
	   Disk (KB)            :      658      658          
	   Memory (MB)          :       74       74          
...
