
----------------------------------------------------
Job started on Thu Aug 20 12:46:52 EDT 2015 at WN: t2bat0317.cmsaf.mit.edu 
Job is running on Linux t2bat0317.cmsaf.mit.edu 2.6.32-358.el6.x86_64 #1 SMP Fri Feb 22 20:37:17 CST 2013 x86_64 x86_64 x86_64 GNU/Linux
Filesystem            Size  Used Avail Use% Mounted on
/dev/sda3              20G  3.5G   16G  19% /
tmpfs                  32G     0   32G   0% /dev/shm
/dev/sda1              97M   32M   61M  35% /boot
/dev/sda4             416G  105G  311G  26% /export/data1
fuse_dfs              4.9P  4.6P  328T  94% /mnt/hadoop
/dev/sdb1             3.6T  3.4T  247G  94% /export/00b
/dev/sdc1             3.6T  3.4T  279G  93% /export/00c
/dev/sdd1             3.6T  3.4T  289G  93% /export/00d
/dev/sde1             3.6T  3.4T  276G  93% /export/00e
/dev/sdf1             3.6T  3.3T  303G  92% /export/00f
/dev/sdg1             3.6T  3.4T  280G  93% /export/00g
t2srv0004:/export/db  135G  187M  135G   1% /net/t2srv0004/db
cvmfs2                 98G   82G   16G  84% /cvmfs/cms.cern.ch
cvmfs2                 98G   82G   16G  84% /cvmfs/oasis.opensciencegrid.org
cvmfs2                 98G   82G   16G  84% /cvmfs/cdfcfs.fnal.gov
cvmfs2                 98G   82G   16G  84% /cvmfs/cvmfs.cmsaf.mit.edu
gcc (GCC) 4.4.7 20120313 (Red Hat 4.4.7-3)
Copyright (C) 2010 Free Software Foundation, Inc.
This is free software; see the source for copying conditions.  There is NO
warranty; not even for MERCHANTABILITY or FITNESS FOR A PARTICULAR PURPOSE.

Processing...
0/178131
10000/178131
20000/178131
30000/178131
40000/178131
50000/178131
60000/178131
70000/178131
80000/178131
90000/178131
100000/178131
110000/178131
120000/178131
130000/178131
140000/178131
150000/178131
160000/178131
170000/178131
Macro finished: 
CPU time (min)  = 1.4835
Real time (min) = 1.94964
total 1.8M
-rw-r--r--  1 obaron obaron 108K Aug 13 15:28 jetRAA_PbPb_data_forest.txt
-rw-r--r--  1 obaron obaron  94K Aug 13 15:28 jetRAA_PbPb_data_akPu4_select.txt
-rw-r--r--  1 obaron obaron  94K Aug 13 15:28 jetRAA_PbPb_data_akPu3_select.txt
-rw-r--r--  1 obaron obaron  94K Aug 13 15:28 jetRAA_PbPb_data_akPu2_select.txt
-rw-r--r--  1 obaron obaron  70K Aug 20 12:29 RAA_read_data_pbpb.C
-rw-r--r--  1 obaron obaron  11K Aug 20 12:30 RAA_read_data_pbpb_C.d
-rwxr-xr-x  1 obaron obaron 101K Aug 20 12:30 RAA_read_data_pbpb_C.so
-rw-r--r--  1 condor condor  20K Aug 20 12:46 .job.ad
drwxr-xr-x 30 condor root   4.0K Aug 20 12:46 ..
-rw-r--r--  1 condor condor 5.6K Aug 20 12:46 .machine.ad
-rwx------  1 obaron obaron   49 Aug 20 12:46 .chirp.config
-rw-rw-r--  1 obaron obaron  61K Aug 20 12:46 jetRAA_run_PbPb_Data.tar
-rwxr-xr-x  1 obaron obaron 1.2K Aug 20 12:46 condor_exec.exe
drwx------  2 obaron obaron 4.0K Aug 20 12:46 .
-rw-r--r--  1 obaron obaron  678 Aug 20 12:46 _condor_stderr
-rw-r--r--  1 obaron obaron 1.8K Aug 20 12:48 _condor_stdout
-rw-r--r--  1 obaron obaron 1.1M Aug 20 12:48 PbPb_Data_histograms_FromForest_pileupCutFIX_ZDCmCut_akPu4_20_eta_20_335.root
Done!
Copied output files to hadoop rootfiles/JetRAA/June29
