000 (554219.000.000) 08/11 09:09:04 Job submitted from host: <18.12.1.74:48322>
...
001 (554219.000.000) 08/11 09:09:17 Job executing on host: <18.12.6.28:40949>
...
006 (554219.000.000) 08/11 09:09:25 Image size of job updated: 230092
	97  -  MemoryUsage of job (MB)
	98688  -  ResidentSetSize of job (KB)
...
005 (554219.000.000) 08/11 09:10:37 Job terminated.
	(1) Normal termination (return value 0)
		Usr 0 00:00:31, Sys 0 00:00:00  -  Run Remote Usage
		Usr 0 00:00:00, Sys 0 00:00:00  -  Run Local Usage
		Usr 0 00:00:31, Sys 0 00:00:00  -  Total Remote Usage
		Usr 0 00:00:00, Sys 0 00:00:00  -  Total Local Usage
	585856  -  Run Bytes Sent By Job
	62717  -  Run Bytes Received By Job
	585856  -  Total Bytes Sent By Job
	62717  -  Total Bytes Received By Job
	Partitionable Resources :    Usage  Request          
	   Cpus                 :                 1          
	   Disk (KB)            :      658      658          
	   Memory (MB)          :       97       97          
...
000 (557934.000.000) 08/13 13:34:16 Job submitted from host: <18.12.1.74:48322>
...
001 (557934.000.000) 08/13 13:46:42 Job executing on host: <18.12.8.218:43942>
...
006 (557934.000.000) 08/13 13:46:51 Image size of job updated: 2
	3  -  MemoryUsage of job (MB)
	2360  -  ResidentSetSize of job (KB)
...
006 (557934.000.000) 08/13 13:49:21 Image size of job updated: 230096
	3  -  MemoryUsage of job (MB)
	2360  -  ResidentSetSize of job (KB)
...
005 (557934.000.000) 08/13 13:49:21 Job terminated.
	(1) Normal termination (return value 0)
		Usr 0 00:00:42, Sys 0 00:00:01  -  Run Remote Usage
		Usr 0 00:00:00, Sys 0 00:00:00  -  Run Local Usage
		Usr 0 00:00:42, Sys 0 00:00:01  -  Total Remote Usage
		Usr 0 00:00:00, Sys 0 00:00:00  -  Total Local Usage
	586088  -  Run Bytes Sent By Job
	62720  -  Run Bytes Received By Job
	586088  -  Total Bytes Sent By Job
	62720  -  Total Bytes Received By Job
	Partitionable Resources :    Usage  Request          
	   Cpus                 :                 1          
	   Disk (KB)            :      659      659          
	   Memory (MB)          :        3        3          
...
000 (566225.000.000) 08/20 20:20:59 Job submitted from host: <18.12.1.74:48322>
...
001 (566225.000.000) 08/20 20:22:19 Job executing on host: <18.12.9.27:43942>
...
006 (566225.000.000) 08/20 20:22:27 Image size of job updated: 61176
	3  -  MemoryUsage of job (MB)
	2516  -  ResidentSetSize of job (KB)
...
006 (566225.000.000) 08/20 20:26:00 Image size of job updated: 230064
	3  -  MemoryUsage of job (MB)
	2516  -  ResidentSetSize of job (KB)
...
005 (566225.000.000) 08/20 20:32:39 Job terminated.
	(1) Normal termination (return value 0)
		Usr 0 00:00:43, Sys 0 00:00:01  -  Run Remote Usage
		Usr 0 00:00:00, Sys 0 00:00:00  -  Run Local Usage
		Usr 0 00:00:43, Sys 0 00:00:01  -  Total Remote Usage
		Usr 0 00:00:00, Sys 0 00:00:00  -  Total Local Usage
	586475  -  Run Bytes Sent By Job
	62732  -  Run Bytes Received By Job
	586475  -  Total Bytes Sent By Job
	62732  -  Total Bytes Received By Job
	Partitionable Resources :    Usage  Request          
	   Cpus                 :                 1          
	   Disk (KB)            :      659      659          
	   Memory (MB)          :        3        3          
...
000 (782773.000.000) 10/01 15:56:15 Job submitted from host: <18.12.1.74:47665>
...
001 (782773.000.000) 10/01 16:00:18 Job executing on host: <18.12.8.233:46570>
...
006 (782773.000.000) 10/01 16:00:28 Image size of job updated: 193768
	77  -  MemoryUsage of job (MB)
	78628  -  ResidentSetSize of job (KB)
...
006 (782773.000.000) 10/01 16:04:44 Image size of job updated: 230096
	77  -  MemoryUsage of job (MB)
	78628  -  ResidentSetSize of job (KB)
...
022 (782773.000.000) 10/01 16:04:44 Job disconnected, attempting to reconnect
    Socket between submit and execute hosts closed unexpectedly
    Trying to reconnect to slot16@t2bat0233.cmsaf.mit.edu <18.12.8.233:46570>
...
023 (782773.000.000) 10/01 16:04:44 Job reconnected to slot16@t2bat0233.cmsaf.mit.edu
    startd address: <18.12.8.233:46570>
    starter address: <18.12.8.233:41314>
...
022 (782773.000.000) 10/01 16:04:44 Job disconnected, attempting to reconnect
    Socket between submit and execute hosts closed unexpectedly
    Trying to reconnect to slot16@t2bat0233.cmsaf.mit.edu <18.12.8.233:46570>
...
023 (782773.000.000) 10/01 16:04:44 Job reconnected to slot16@t2bat0233.cmsaf.mit.edu
    startd address: <18.12.8.233:46570>
    starter address: <18.12.8.233:41314>
...
005 (782773.000.000) 10/01 16:10:07 Job terminated.
	(1) Normal termination (return value 0)
		Usr 0 00:00:37, Sys 0 00:00:00  -  Run Remote Usage
		Usr 0 00:00:00, Sys 0 00:00:00  -  Run Local Usage
		Usr 0 00:00:37, Sys 0 00:00:00  -  Total Remote Usage
		Usr 0 00:00:00, Sys 0 00:00:00  -  Total Local Usage
	586220  -  Run Bytes Sent By Job
	62734  -  Run Bytes Received By Job
	586220  -  Total Bytes Sent By Job
	62734  -  Total Bytes Received By Job
	Partitionable Resources :    Usage  Request          
	   Cpus                 :                 1          
	   Disk (KB)            :      659      659          
	   Memory (MB)          :       77       77          
...
000 (785931.000.000) 10/05 14:19:01 Job submitted from host: <18.12.1.74:45913>
...
001 (785931.000.000) 10/05 14:19:47 Job executing on host: <18.12.8.165:47811>
...
006 (785931.000.000) 10/05 14:19:55 Image size of job updated: 2
	3  -  MemoryUsage of job (MB)
	2368  -  ResidentSetSize of job (KB)
...
006 (785931.000.000) 10/05 14:20:53 Image size of job updated: 230164
	3  -  MemoryUsage of job (MB)
	2368  -  ResidentSetSize of job (KB)
...
005 (785931.000.000) 10/05 14:20:53 Job terminated.
	(1) Normal termination (return value 0)
		Usr 0 00:00:45, Sys 0 00:00:00  -  Run Remote Usage
		Usr 0 00:00:00, Sys 0 00:00:00  -  Run Local Usage
		Usr 0 00:00:45, Sys 0 00:00:00  -  Total Remote Usage
		Usr 0 00:00:00, Sys 0 00:00:00  -  Total Local Usage
	586075  -  Run Bytes Sent By Job
	62732  -  Run Bytes Received By Job
	586075  -  Total Bytes Sent By Job
	62732  -  Total Bytes Received By Job
	Partitionable Resources :    Usage  Request          
	   Cpus                 :                 1          
	   Disk (KB)            :      659      659          
	   Memory (MB)          :        3        3          
...
000 (786297.000.000) 10/07 09:51:17 Job submitted from host: <18.12.1.74:45913>
...
001 (786297.000.000) 10/07 09:52:23 Job executing on host: <18.12.8.161:42190>
...
006 (786297.000.000) 10/07 09:52:32 Image size of job updated: 66156
	9  -  MemoryUsage of job (MB)
	8200  -  ResidentSetSize of job (KB)
...
006 (786297.000.000) 10/07 09:54:21 Image size of job updated: 230164
	9  -  MemoryUsage of job (MB)
	8200  -  ResidentSetSize of job (KB)
...
005 (786297.000.000) 10/07 09:54:22 Job terminated.
	(1) Normal termination (return value 0)
		Usr 0 00:00:38, Sys 0 00:00:00  -  Run Remote Usage
		Usr 0 00:00:00, Sys 0 00:00:00  -  Run Local Usage
		Usr 0 00:00:38, Sys 0 00:00:00  -  Total Remote Usage
		Usr 0 00:00:00, Sys 0 00:00:00  -  Total Local Usage
	586043  -  Run Bytes Sent By Job
	62734  -  Run Bytes Received By Job
	586043  -  Total Bytes Sent By Job
	62734  -  Total Bytes Received By Job
	Partitionable Resources :    Usage  Request          
	   Cpus                 :                 1          
	   Disk (KB)            :      659      659          
	   Memory (MB)          :        9        9          
...
000 (786478.000.000) 10/07 11:12:48 Job submitted from host: <18.12.1.74:45913>
...
001 (786478.000.000) 10/07 11:19:33 Job executing on host: <18.12.8.190:41095>
...
006 (786478.000.000) 10/07 11:19:41 Image size of job updated: 187688
	71  -  MemoryUsage of job (MB)
	72524  -  ResidentSetSize of job (KB)
...
006 (786478.000.000) 10/07 11:20:45 Image size of job updated: 230080
	71  -  MemoryUsage of job (MB)
	72524  -  ResidentSetSize of job (KB)
...
005 (786478.000.000) 10/07 11:20:45 Job terminated.
	(1) Normal termination (return value 0)
		Usr 0 00:00:44, Sys 0 00:00:00  -  Run Remote Usage
		Usr 0 00:00:00, Sys 0 00:00:00  -  Run Local Usage
		Usr 0 00:00:44, Sys 0 00:00:00  -  Total Remote Usage
		Usr 0 00:00:00, Sys 0 00:00:00  -  Total Local Usage
	585237  -  Run Bytes Sent By Job
	62746  -  Run Bytes Received By Job
	585237  -  Total Bytes Sent By Job
	62746  -  Total Bytes Received By Job
	Partitionable Resources :    Usage  Request          
	   Cpus                 :                 1          
	   Disk (KB)            :      658      658          
	   Memory (MB)          :       71       71          
...
000 (787405.000.000) 10/08 12:42:35 Job submitted from host: <18.12.1.74:45913>
...
001 (787405.000.000) 10/08 12:45:05 Job executing on host: <18.12.8.241:45840>
...
006 (787405.000.000) 10/08 12:45:14 Image size of job updated: 230080
	94  -  MemoryUsage of job (MB)
	95252  -  ResidentSetSize of job (KB)
...
005 (787405.000.000) 10/08 12:46:11 Job terminated.
	(1) Normal termination (return value 0)
		Usr 0 00:00:33, Sys 0 00:00:00  -  Run Remote Usage
		Usr 0 00:00:00, Sys 0 00:00:00  -  Run Local Usage
		Usr 0 00:00:33, Sys 0 00:00:00  -  Total Remote Usage
		Usr 0 00:00:00, Sys 0 00:00:00  -  Total Local Usage
	585092  -  Run Bytes Sent By Job
	62749  -  Run Bytes Received By Job
	585092  -  Total Bytes Sent By Job
	62749  -  Total Bytes Received By Job
	Partitionable Resources :    Usage  Request          
	   Cpus                 :                 1          
	   Disk (KB)            :      658      658          
	   Memory (MB)          :       94       94          
...
000 (787587.000.000) 10/08 14:27:06 Job submitted from host: <18.12.1.74:45913>
...
001 (787587.000.000) 10/08 14:30:20 Job executing on host: <18.12.12.11:44964>
...
006 (787587.000.000) 10/08 14:30:28 Image size of job updated: 230084
	94  -  MemoryUsage of job (MB)
	95316  -  ResidentSetSize of job (KB)
...
005 (787587.000.000) 10/08 14:31:41 Job terminated.
	(1) Normal termination (return value 0)
		Usr 0 00:00:41, Sys 0 00:00:00  -  Run Remote Usage
		Usr 0 00:00:00, Sys 0 00:00:00  -  Run Local Usage
		Usr 0 00:00:41, Sys 0 00:00:00  -  Total Remote Usage
		Usr 0 00:00:00, Sys 0 00:00:00  -  Total Local Usage
	585244  -  Run Bytes Sent By Job
	62691  -  Run Bytes Received By Job
	585244  -  Total Bytes Sent By Job
	62691  -  Total Bytes Received By Job
	Partitionable Resources :    Usage  Request          
	   Cpus                 :                 1          
	   Disk (KB)            :      658      658          
	   Memory (MB)          :       94       94          
...
000 (787770.000.000) 10/08 15:16:27 Job submitted from host: <18.12.1.74:45913>
...
001 (787770.000.000) 10/08 15:23:05 Job executing on host: <18.12.8.232:43796>
...
006 (787770.000.000) 10/08 15:23:13 Image size of job updated: 2
	3  -  MemoryUsage of job (MB)
	2352  -  ResidentSetSize of job (KB)
...
006 (787770.000.000) 10/08 15:24:16 Image size of job updated: 230084
	3  -  MemoryUsage of job (MB)
	2352  -  ResidentSetSize of job (KB)
...
005 (787770.000.000) 10/08 15:24:16 Job terminated.
	(1) Normal termination (return value 0)
		Usr 0 00:00:38, Sys 0 00:00:00  -  Run Remote Usage
		Usr 0 00:00:00, Sys 0 00:00:00  -  Run Local Usage
		Usr 0 00:00:38, Sys 0 00:00:00  -  Total Remote Usage
		Usr 0 00:00:00, Sys 0 00:00:00  -  Total Local Usage
	585243  -  Run Bytes Sent By Job
	62696  -  Run Bytes Received By Job
	585243  -  Total Bytes Sent By Job
	62696  -  Total Bytes Received By Job
	Partitionable Resources :    Usage  Request          
	   Cpus                 :                 1          
	   Disk (KB)            :      658      658          
	   Memory (MB)          :        3        3          
...
000 (788680.000.000) 10/12 10:42:29 Job submitted from host: <18.12.1.74:45913>
...
001 (788680.000.000) 10/12 10:44:27 Job executing on host: <18.12.8.54:41971>
...
006 (788680.000.000) 10/12 10:44:36 Image size of job updated: 228564
	92  -  MemoryUsage of job (MB)
	93724  -  ResidentSetSize of job (KB)
...
006 (788680.000.000) 10/12 10:45:53 Image size of job updated: 230076
	92  -  MemoryUsage of job (MB)
	93724  -  ResidentSetSize of job (KB)
...
005 (788680.000.000) 10/12 10:45:53 Job terminated.
	(1) Normal termination (return value 0)
		Usr 0 00:00:58, Sys 0 00:00:01  -  Run Remote Usage
		Usr 0 00:00:00, Sys 0 00:00:00  -  Run Local Usage
		Usr 0 00:00:58, Sys 0 00:00:01  -  Total Remote Usage
		Usr 0 00:00:00, Sys 0 00:00:00  -  Total Local Usage
	585035  -  Run Bytes Sent By Job
	62704  -  Run Bytes Received By Job
	585035  -  Total Bytes Sent By Job
	62704  -  Total Bytes Received By Job
	Partitionable Resources :    Usage  Request          
	   Cpus                 :                 1          
	   Disk (KB)            :      658      658          
	   Memory (MB)          :       92       92          
...
