000 (556320.000.000) 08/12 14:10:45 Job submitted from host: <18.12.1.74:48322>
...
001 (556320.000.000) 08/12 14:19:37 Job executing on host: <18.12.9.69:48760>
...
006 (556320.000.000) 08/12 14:19:45 Image size of job updated: 2
	3  -  MemoryUsage of job (MB)
	2356  -  ResidentSetSize of job (KB)
...
006 (556320.000.000) 08/12 14:24:45 Image size of job updated: 230284
	111  -  MemoryUsage of job (MB)
	113568  -  ResidentSetSize of job (KB)
...
005 (556320.000.000) 08/12 14:25:59 Job terminated.
	(1) Normal termination (return value 0)
		Usr 0 00:00:33, Sys 0 00:00:01  -  Run Remote Usage
		Usr 0 00:00:00, Sys 0 00:00:00  -  Run Local Usage
		Usr 0 00:00:33, Sys 0 00:00:01  -  Total Remote Usage
		Usr 0 00:00:00, Sys 0 00:00:00  -  Total Local Usage
	586117  -  Run Bytes Sent By Job
	62715  -  Run Bytes Received By Job
	586117  -  Total Bytes Sent By Job
	62715  -  Total Bytes Received By Job
	Partitionable Resources :    Usage  Request          
	   Cpus                 :                 1          
	   Disk (KB)            :      659      659          
	   Memory (MB)          :      111      111          
...
000 (557580.000.000) 08/13 11:57:20 Job submitted from host: <18.12.1.74:48322>
...
001 (557580.000.000) 08/13 12:08:24 Job executing on host: <18.12.9.47:41168>
...
006 (557580.000.000) 08/13 12:08:32 Image size of job updated: 2
	3  -  MemoryUsage of job (MB)
	2352  -  ResidentSetSize of job (KB)
...
006 (557580.000.000) 08/13 12:09:24 Image size of job updated: 230284
	3  -  MemoryUsage of job (MB)
	2352  -  ResidentSetSize of job (KB)
...
005 (557580.000.000) 08/13 12:09:24 Job terminated.
	(1) Normal termination (return value 0)
		Usr 0 00:00:28, Sys 0 00:00:00  -  Run Remote Usage
		Usr 0 00:00:00, Sys 0 00:00:00  -  Run Local Usage
		Usr 0 00:00:28, Sys 0 00:00:00  -  Total Remote Usage
		Usr 0 00:00:00, Sys 0 00:00:00  -  Total Local Usage
	585905  -  Run Bytes Sent By Job
	62715  -  Run Bytes Received By Job
	585905  -  Total Bytes Sent By Job
	62715  -  Total Bytes Received By Job
	Partitionable Resources :    Usage  Request          
	   Cpus                 :                 1          
	   Disk (KB)            :      659      659          
	   Memory (MB)          :        3        3          
...
000 (558096.000.000) 08/13 14:31:03 Job submitted from host: <18.12.1.74:48322>
...
001 (558096.000.000) 08/13 14:38:46 Job executing on host: <18.12.9.51:45549>
...
006 (558096.000.000) 08/13 14:38:55 Image size of job updated: 9248
	2  -  MemoryUsage of job (MB)
	1272  -  ResidentSetSize of job (KB)
...
006 (558096.000.000) 08/13 14:42:01 Image size of job updated: 230288
	2  -  MemoryUsage of job (MB)
	1272  -  ResidentSetSize of job (KB)
...
005 (558096.000.000) 08/13 14:42:01 Job terminated.
	(1) Normal termination (return value 0)
		Usr 0 00:00:30, Sys 0 00:00:01  -  Run Remote Usage
		Usr 0 00:00:00, Sys 0 00:00:00  -  Run Local Usage
		Usr 0 00:00:30, Sys 0 00:00:01  -  Total Remote Usage
		Usr 0 00:00:00, Sys 0 00:00:00  -  Total Local Usage
	586118  -  Run Bytes Sent By Job
	62714  -  Run Bytes Received By Job
	586118  -  Total Bytes Sent By Job
	62714  -  Total Bytes Received By Job
	Partitionable Resources :    Usage  Request          
	   Cpus                 :                 1          
	   Disk (KB)            :      659      659          
	   Memory (MB)          :        2        2          
...
000 (565433.000.000) 08/20 12:35:47 Job submitted from host: <18.12.1.74:48322>
...
001 (565433.000.000) 08/20 12:37:42 Job executing on host: <18.12.9.68:45548>
...
006 (565433.000.000) 08/20 12:37:52 Image size of job updated: 193796
	82  -  MemoryUsage of job (MB)
	83408  -  ResidentSetSize of job (KB)
...
006 (565433.000.000) 08/20 12:42:53 Image size of job updated: 230288
	113  -  MemoryUsage of job (MB)
	115616  -  ResidentSetSize of job (KB)
...
005 (565433.000.000) 08/20 12:51:57 Job terminated.
	(1) Normal termination (return value 0)
		Usr 0 00:00:27, Sys 0 00:00:00  -  Run Remote Usage
		Usr 0 00:00:00, Sys 0 00:00:00  -  Run Local Usage
		Usr 0 00:00:27, Sys 0 00:00:00  -  Total Remote Usage
		Usr 0 00:00:00, Sys 0 00:00:00  -  Total Local Usage
	586172  -  Run Bytes Sent By Job
	62731  -  Run Bytes Received By Job
	586172  -  Total Bytes Sent By Job
	62731  -  Total Bytes Received By Job
	Partitionable Resources :    Usage  Request          
	   Cpus                 :                 1          
	   Disk (KB)            :      659      659          
	   Memory (MB)          :      113      113          
...
