000 (556330.000.000) 08/12 14:10:46 Job submitted from host: <18.12.1.74:48322>
...
001 (556330.000.000) 08/12 14:21:23 Job executing on host: <18.12.9.82:48979>
...
006 (556330.000.000) 08/12 14:21:32 Image size of job updated: 2
	3  -  MemoryUsage of job (MB)
	2344  -  ResidentSetSize of job (KB)
...
006 (556330.000.000) 08/12 14:26:33 Image size of job updated: 230180
	94  -  MemoryUsage of job (MB)
	95656  -  ResidentSetSize of job (KB)
...
005 (556330.000.000) 08/12 14:44:35 Job terminated.
	(1) Normal termination (return value 0)
		Usr 0 00:00:43, Sys 0 00:00:02  -  Run Remote Usage
		Usr 0 00:00:00, Sys 0 00:00:00  -  Run Local Usage
		Usr 0 00:00:43, Sys 0 00:00:02  -  Total Remote Usage
		Usr 0 00:00:00, Sys 0 00:00:00  -  Total Local Usage
	586144  -  Run Bytes Sent By Job
	62715  -  Run Bytes Received By Job
	586144  -  Total Bytes Sent By Job
	62715  -  Total Bytes Received By Job
	Partitionable Resources :    Usage  Request          
	   Cpus                 :                 1          
	   Disk (KB)            :      659      659          
	   Memory (MB)          :       94       94          
...
000 (557590.000.000) 08/13 11:57:21 Job submitted from host: <18.12.1.74:48322>
...
001 (557590.000.000) 08/13 12:11:00 Job executing on host: <18.12.8.12:45037>
...
006 (557590.000.000) 08/13 12:11:09 Image size of job updated: 75604
	20  -  MemoryUsage of job (MB)
	19608  -  ResidentSetSize of job (KB)
...
006 (557590.000.000) 08/13 12:16:10 Image size of job updated: 230180
	105  -  MemoryUsage of job (MB)
	107312  -  ResidentSetSize of job (KB)
...
005 (557590.000.000) 08/13 12:18:32 Job terminated.
	(1) Normal termination (return value 0)
		Usr 0 00:00:46, Sys 0 00:00:01  -  Run Remote Usage
		Usr 0 00:00:00, Sys 0 00:00:00  -  Run Local Usage
		Usr 0 00:00:46, Sys 0 00:00:01  -  Total Remote Usage
		Usr 0 00:00:00, Sys 0 00:00:00  -  Total Local Usage
	586206  -  Run Bytes Sent By Job
	62715  -  Run Bytes Received By Job
	586206  -  Total Bytes Sent By Job
	62715  -  Total Bytes Received By Job
	Partitionable Resources :    Usage  Request          
	   Cpus                 :                 1          
	   Disk (KB)            :      659      659          
	   Memory (MB)          :      105      105          
...
000 (558106.000.000) 08/13 14:31:04 Job submitted from host: <18.12.1.74:48322>
...
001 (558106.000.000) 08/13 14:43:05 Job executing on host: <18.12.9.56:42482>
...
006 (558106.000.000) 08/13 14:43:14 Image size of job updated: 230052
	96  -  MemoryUsage of job (MB)
	97784  -  ResidentSetSize of job (KB)
...
006 (558106.000.000) 08/13 14:48:15 Image size of job updated: 230184
	111  -  MemoryUsage of job (MB)
	112764  -  ResidentSetSize of job (KB)
...
005 (558106.000.000) 08/13 14:48:51 Job terminated.
	(1) Normal termination (return value 0)
		Usr 0 00:00:44, Sys 0 00:00:01  -  Run Remote Usage
		Usr 0 00:00:00, Sys 0 00:00:00  -  Run Local Usage
		Usr 0 00:00:44, Sys 0 00:00:01  -  Total Remote Usage
		Usr 0 00:00:00, Sys 0 00:00:00  -  Total Local Usage
	585929  -  Run Bytes Sent By Job
	62714  -  Run Bytes Received By Job
	585929  -  Total Bytes Sent By Job
	62714  -  Total Bytes Received By Job
	Partitionable Resources :    Usage  Request          
	   Cpus                 :                 1          
	   Disk (KB)            :      659      659          
	   Memory (MB)          :      111      111          
...
000 (565443.000.000) 08/20 12:36:52 Job submitted from host: <18.12.1.74:48322>
...
001 (565443.000.000) 08/20 12:44:30 Job executing on host: <18.12.8.179:40219>
...
006 (565443.000.000) 08/20 12:44:39 Image size of job updated: 230184
	94  -  MemoryUsage of job (MB)
	95652  -  ResidentSetSize of job (KB)
...
005 (565443.000.000) 08/20 12:53:46 Job terminated.
	(1) Normal termination (return value 0)
		Usr 0 00:00:33, Sys 0 00:00:00  -  Run Remote Usage
		Usr 0 00:00:00, Sys 0 00:00:00  -  Run Local Usage
		Usr 0 00:00:33, Sys 0 00:00:00  -  Total Remote Usage
		Usr 0 00:00:00, Sys 0 00:00:00  -  Total Local Usage
	586143  -  Run Bytes Sent By Job
	62731  -  Run Bytes Received By Job
	586143  -  Total Bytes Sent By Job
	62731  -  Total Bytes Received By Job
	Partitionable Resources :    Usage  Request          
	   Cpus                 :                 1          
	   Disk (KB)            :      659      659          
	   Memory (MB)          :       94       94          
...
