000 (554279.000.000) 08/11 09:09:14 Job submitted from host: <18.12.1.74:48322>
...
001 (554279.000.000) 08/11 09:09:35 Job executing on host: <18.12.9.29:41168>
...
006 (554279.000.000) 08/11 09:09:43 Image size of job updated: 2
	3  -  MemoryUsage of job (MB)
	2348  -  ResidentSetSize of job (KB)
...
006 (554279.000.000) 08/11 09:14:38 Image size of job updated: 230340
	3  -  MemoryUsage of job (MB)
	2348  -  ResidentSetSize of job (KB)
...
005 (554279.000.000) 08/11 09:14:38 Job terminated.
	(1) Normal termination (return value 0)
		Usr 0 00:01:05, Sys 0 00:00:02  -  Run Remote Usage
		Usr 0 00:00:00, Sys 0 00:00:00  -  Run Local Usage
		Usr 0 00:01:05, Sys 0 00:00:02  -  Total Remote Usage
		Usr 0 00:00:00, Sys 0 00:00:00  -  Total Local Usage
	586335  -  Run Bytes Sent By Job
	62717  -  Run Bytes Received By Job
	586335  -  Total Bytes Sent By Job
	62717  -  Total Bytes Received By Job
	Partitionable Resources :    Usage  Request          
	   Cpus                 :                 1          
	   Disk (KB)            :      659      659          
	   Memory (MB)          :        3        3          
...
000 (557994.000.000) 08/13 13:34:22 Job submitted from host: <18.12.1.74:48322>
...
001 (557994.000.000) 08/13 13:57:08 Job executing on host: <18.12.9.69:48760>
...
006 (557994.000.000) 08/13 13:57:17 Image size of job updated: 230348
	95  -  MemoryUsage of job (MB)
	97140  -  ResidentSetSize of job (KB)
...
005 (557994.000.000) 08/13 13:59:42 Job terminated.
	(1) Normal termination (return value 0)
		Usr 0 00:01:03, Sys 0 00:00:01  -  Run Remote Usage
		Usr 0 00:00:00, Sys 0 00:00:00  -  Run Local Usage
		Usr 0 00:01:03, Sys 0 00:00:01  -  Total Remote Usage
		Usr 0 00:00:00, Sys 0 00:00:00  -  Total Local Usage
	585978  -  Run Bytes Sent By Job
	62720  -  Run Bytes Received By Job
	585978  -  Total Bytes Sent By Job
	62720  -  Total Bytes Received By Job
	Partitionable Resources :    Usage  Request          
	   Cpus                 :                 1          
	   Disk (KB)            :      659      659          
	   Memory (MB)          :       95       95          
...
000 (566285.000.000) 08/20 20:25:29 Job submitted from host: <18.12.1.74:48322>
...
001 (566285.000.000) 08/20 20:25:41 Job executing on host: <18.12.8.237:48468>
...
006 (566285.000.000) 08/20 20:25:50 Image size of job updated: 2
	3  -  MemoryUsage of job (MB)
	2356  -  ResidentSetSize of job (KB)
...
006 (566285.000.000) 08/20 20:29:36 Image size of job updated: 230344
	3  -  MemoryUsage of job (MB)
	2356  -  ResidentSetSize of job (KB)
...
005 (566285.000.000) 08/20 20:35:52 Job terminated.
	(1) Normal termination (return value 0)
		Usr 0 00:01:14, Sys 0 00:00:01  -  Run Remote Usage
		Usr 0 00:00:00, Sys 0 00:00:00  -  Run Local Usage
		Usr 0 00:01:14, Sys 0 00:00:01  -  Total Remote Usage
		Usr 0 00:00:00, Sys 0 00:00:00  -  Total Local Usage
	586191  -  Run Bytes Sent By Job
	62732  -  Run Bytes Received By Job
	586191  -  Total Bytes Sent By Job
	62732  -  Total Bytes Received By Job
	Partitionable Resources :    Usage  Request          
	   Cpus                 :                 1          
	   Disk (KB)            :      659      659          
	   Memory (MB)          :        3        3          
...
