000 (554301.000.000) 08/11 09:09:18 Job submitted from host: <18.12.1.74:48322>
...
001 (554301.000.000) 08/11 09:09:50 Job executing on host: <18.12.8.195:45183>
...
006 (554301.000.000) 08/11 09:09:58 Image size of job updated: 69176
	13  -  MemoryUsage of job (MB)
	13312  -  ResidentSetSize of job (KB)
...
006 (554301.000.000) 08/11 09:11:16 Image size of job updated: 230240
	13  -  MemoryUsage of job (MB)
	13312  -  ResidentSetSize of job (KB)
...
005 (554301.000.000) 08/11 09:11:16 Job terminated.
	(1) Normal termination (return value 0)
		Usr 0 00:00:48, Sys 0 00:00:00  -  Run Remote Usage
		Usr 0 00:00:00, Sys 0 00:00:00  -  Run Local Usage
		Usr 0 00:00:48, Sys 0 00:00:00  -  Total Remote Usage
		Usr 0 00:00:00, Sys 0 00:00:00  -  Total Local Usage
	586000  -  Run Bytes Sent By Job
	62717  -  Run Bytes Received By Job
	586000  -  Total Bytes Sent By Job
	62717  -  Total Bytes Received By Job
	Partitionable Resources :    Usage  Request          
	   Cpus                 :                 1          
	   Disk (KB)            :      659      659          
	   Memory (MB)          :       13       13          
...
000 (558016.000.000) 08/13 13:34:24 Job submitted from host: <18.12.1.74:48322>
...
001 (558016.000.000) 08/13 14:00:32 Job executing on host: <18.12.8.199:40730>
...
006 (558016.000.000) 08/13 14:00:41 Image size of job updated: 66092
	4  -  MemoryUsage of job (MB)
	3284  -  ResidentSetSize of job (KB)
...
006 (558016.000.000) 08/13 14:03:19 Image size of job updated: 238376
	4  -  MemoryUsage of job (MB)
	3284  -  ResidentSetSize of job (KB)
...
005 (558016.000.000) 08/13 14:03:19 Job terminated.
	(1) Normal termination (return value 0)
		Usr 0 00:01:08, Sys 0 00:00:01  -  Run Remote Usage
		Usr 0 00:00:00, Sys 0 00:00:00  -  Run Local Usage
		Usr 0 00:01:08, Sys 0 00:00:01  -  Total Remote Usage
		Usr 0 00:00:00, Sys 0 00:00:00  -  Total Local Usage
	586140  -  Run Bytes Sent By Job
	62720  -  Run Bytes Received By Job
	586140  -  Total Bytes Sent By Job
	62720  -  Total Bytes Received By Job
	Partitionable Resources :    Usage  Request          
	   Cpus                 :                 1          
	   Disk (KB)            :      659      659          
	   Memory (MB)          :        4        4          
...
000 (566307.000.000) 08/20 20:26:56 Job submitted from host: <18.12.1.74:48322>
...
001 (566307.000.000) 08/20 20:27:30 Job executing on host: <18.12.9.84:44818>
...
006 (566307.000.000) 08/20 20:27:41 Image size of job updated: 2
	3  -  MemoryUsage of job (MB)
	2356  -  ResidentSetSize of job (KB)
...
006 (566307.000.000) 08/20 20:28:57 Image size of job updated: 230240
	3  -  MemoryUsage of job (MB)
	2356  -  ResidentSetSize of job (KB)
...
005 (566307.000.000) 08/20 20:35:18 Job terminated.
	(1) Normal termination (return value 0)
		Usr 0 00:00:45, Sys 0 00:00:00  -  Run Remote Usage
		Usr 0 00:00:00, Sys 0 00:00:00  -  Run Local Usage
		Usr 0 00:00:45, Sys 0 00:00:00  -  Total Remote Usage
		Usr 0 00:00:00, Sys 0 00:00:00  -  Total Local Usage
	586532  -  Run Bytes Sent By Job
	62732  -  Run Bytes Received By Job
	586532  -  Total Bytes Sent By Job
	62732  -  Total Bytes Received By Job
	Partitionable Resources :    Usage  Request          
	   Cpus                 :                 1          
	   Disk (KB)            :      659      659          
	   Memory (MB)          :        3        3          
...
000 (782855.000.000) 10/01 15:58:10 Job submitted from host: <18.12.1.74:47665>
...
001 (782855.000.000) 10/01 16:00:44 Job executing on host: <18.12.8.191:46716>
...
006 (782855.000.000) 10/01 16:00:53 Image size of job updated: 193796
	78  -  MemoryUsage of job (MB)
	79556  -  ResidentSetSize of job (KB)
...
006 (782855.000.000) 10/01 16:04:37 Image size of job updated: 230244
	78  -  MemoryUsage of job (MB)
	79556  -  ResidentSetSize of job (KB)
...
005 (782855.000.000) 10/01 16:09:58 Job terminated.
	(1) Normal termination (return value 0)
		Usr 0 00:00:43, Sys 0 00:00:00  -  Run Remote Usage
		Usr 0 00:00:00, Sys 0 00:00:00  -  Run Local Usage
		Usr 0 00:00:43, Sys 0 00:00:00  -  Total Remote Usage
		Usr 0 00:00:00, Sys 0 00:00:00  -  Total Local Usage
	586052  -  Run Bytes Sent By Job
	62734  -  Run Bytes Received By Job
	586052  -  Total Bytes Sent By Job
	62734  -  Total Bytes Received By Job
	Partitionable Resources :    Usage  Request          
	   Cpus                 :                 1          
	   Disk (KB)            :      659      659          
	   Memory (MB)          :       78       78          
...
000 (786013.000.000) 10/05 14:19:09 Job submitted from host: <18.12.1.74:45913>
...
001 (786013.000.000) 10/05 14:19:51 Job executing on host: <18.12.8.41:48906>
...
006 (786013.000.000) 10/05 14:20:00 Image size of job updated: 2
	3  -  MemoryUsage of job (MB)
	2356  -  ResidentSetSize of job (KB)
...
006 (786013.000.000) 10/05 14:21:29 Image size of job updated: 230244
	3  -  MemoryUsage of job (MB)
	2356  -  ResidentSetSize of job (KB)
...
005 (786013.000.000) 10/05 14:21:29 Job terminated.
	(1) Normal termination (return value 0)
		Usr 0 00:00:59, Sys 0 00:00:02  -  Run Remote Usage
		Usr 0 00:00:00, Sys 0 00:00:00  -  Run Local Usage
		Usr 0 00:00:59, Sys 0 00:00:02  -  Total Remote Usage
		Usr 0 00:00:00, Sys 0 00:00:00  -  Total Local Usage
	586398  -  Run Bytes Sent By Job
	62732  -  Run Bytes Received By Job
	586398  -  Total Bytes Sent By Job
	62732  -  Total Bytes Received By Job
	Partitionable Resources :    Usage  Request          
	   Cpus                 :                 1          
	   Disk (KB)            :      659      659          
	   Memory (MB)          :        3        3          
...
000 (786379.000.000) 10/07 09:51:25 Job submitted from host: <18.12.1.74:45913>
...
001 (786379.000.000) 10/07 09:52:15 Job executing on host: <18.12.12.10:46132>
...
006 (786379.000.000) 10/07 09:52:23 Image size of job updated: 187644
	58  -  MemoryUsage of job (MB)
	59128  -  ResidentSetSize of job (KB)
...
006 (786379.000.000) 10/07 09:53:50 Image size of job updated: 230248
	58  -  MemoryUsage of job (MB)
	59128  -  ResidentSetSize of job (KB)
...
005 (786379.000.000) 10/07 09:53:50 Job terminated.
	(1) Normal termination (return value 0)
		Usr 0 00:00:52, Sys 0 00:00:01  -  Run Remote Usage
		Usr 0 00:00:00, Sys 0 00:00:00  -  Run Local Usage
		Usr 0 00:00:52, Sys 0 00:00:01  -  Total Remote Usage
		Usr 0 00:00:00, Sys 0 00:00:00  -  Total Local Usage
	586207  -  Run Bytes Sent By Job
	62734  -  Run Bytes Received By Job
	586207  -  Total Bytes Sent By Job
	62734  -  Total Bytes Received By Job
	Partitionable Resources :    Usage  Request          
	   Cpus                 :                 1          
	   Disk (KB)            :      659      659          
	   Memory (MB)          :       58       58          
...
000 (786560.000.000) 10/07 11:12:57 Job submitted from host: <18.12.1.74:45913>
...
001 (786560.000.000) 10/07 11:24:32 Job executing on host: <18.12.8.3:41314>
...
006 (786560.000.000) 10/07 11:24:41 Image size of job updated: 193744
	78  -  MemoryUsage of job (MB)
	79544  -  ResidentSetSize of job (KB)
...
006 (786560.000.000) 10/07 11:26:33 Image size of job updated: 230232
	78  -  MemoryUsage of job (MB)
	79544  -  ResidentSetSize of job (KB)
...
005 (786560.000.000) 10/07 11:26:33 Job terminated.
	(1) Normal termination (return value 0)
		Usr 0 00:00:58, Sys 0 00:00:01  -  Run Remote Usage
		Usr 0 00:00:00, Sys 0 00:00:00  -  Run Local Usage
		Usr 0 00:00:58, Sys 0 00:00:01  -  Total Remote Usage
		Usr 0 00:00:00, Sys 0 00:00:00  -  Total Local Usage
	585272  -  Run Bytes Sent By Job
	62746  -  Run Bytes Received By Job
	585272  -  Total Bytes Sent By Job
	62746  -  Total Bytes Received By Job
	Partitionable Resources :    Usage  Request          
	   Cpus                 :                 1          
	   Disk (KB)            :      658      658          
	   Memory (MB)          :       78       78          
...
000 (787487.000.000) 10/08 12:42:43 Job submitted from host: <18.12.1.74:45913>
...
001 (787487.000.000) 10/08 12:49:56 Job executing on host: <18.12.8.12:45475>
...
006 (787487.000.000) 10/08 12:50:04 Image size of job updated: 192436
	77  -  MemoryUsage of job (MB)
	78228  -  ResidentSetSize of job (KB)
...
006 (787487.000.000) 10/08 12:54:49 Image size of job updated: 230232
	77  -  MemoryUsage of job (MB)
	78228  -  ResidentSetSize of job (KB)
...
005 (787487.000.000) 10/08 12:54:49 Job terminated.
	(1) Normal termination (return value 0)
		Usr 0 00:00:52, Sys 0 00:00:01  -  Run Remote Usage
		Usr 0 00:00:00, Sys 0 00:00:00  -  Run Local Usage
		Usr 0 00:00:52, Sys 0 00:00:01  -  Total Remote Usage
		Usr 0 00:00:00, Sys 0 00:00:00  -  Total Local Usage
	585528  -  Run Bytes Sent By Job
	62749  -  Run Bytes Received By Job
	585528  -  Total Bytes Sent By Job
	62749  -  Total Bytes Received By Job
	Partitionable Resources :    Usage  Request          
	   Cpus                 :                 1          
	   Disk (KB)            :      658      658          
	   Memory (MB)          :       77       77          
...
000 (787669.000.000) 10/08 14:27:15 Job submitted from host: <18.12.1.74:45913>
...
001 (787669.000.000) 10/08 14:40:45 Job executing on host: <18.12.8.62:44526>
...
006 (787669.000.000) 10/08 14:40:53 Image size of job updated: 2
	3  -  MemoryUsage of job (MB)
	2344  -  ResidentSetSize of job (KB)
...
006 (787669.000.000) 10/08 14:42:04 Image size of job updated: 230228
	3  -  MemoryUsage of job (MB)
	2344  -  ResidentSetSize of job (KB)
...
005 (787669.000.000) 10/08 14:42:04 Job terminated.
	(1) Normal termination (return value 0)
		Usr 0 00:00:51, Sys 0 00:00:01  -  Run Remote Usage
		Usr 0 00:00:00, Sys 0 00:00:00  -  Run Local Usage
		Usr 0 00:00:51, Sys 0 00:00:01  -  Total Remote Usage
		Usr 0 00:00:00, Sys 0 00:00:00  -  Total Local Usage
	585277  -  Run Bytes Sent By Job
	62691  -  Run Bytes Received By Job
	585277  -  Total Bytes Sent By Job
	62691  -  Total Bytes Received By Job
	Partitionable Resources :    Usage  Request          
	   Cpus                 :                 1          
	   Disk (KB)            :      658      658          
	   Memory (MB)          :        3        3          
...
000 (787852.000.000) 10/08 15:16:35 Job submitted from host: <18.12.1.74:45913>
...
001 (787852.000.000) 10/08 15:24:07 Job executing on host: <18.12.9.11:40949>
...
006 (787852.000.000) 10/08 15:24:16 Image size of job updated: 230096
	94  -  MemoryUsage of job (MB)
	95756  -  ResidentSetSize of job (KB)
...
006 (787852.000.000) 10/08 15:25:56 Image size of job updated: 230228
	94  -  MemoryUsage of job (MB)
	95756  -  ResidentSetSize of job (KB)
...
005 (787852.000.000) 10/08 15:25:56 Job terminated.
	(1) Normal termination (return value 0)
		Usr 0 00:00:49, Sys 0 00:00:00  -  Run Remote Usage
		Usr 0 00:00:00, Sys 0 00:00:00  -  Run Local Usage
		Usr 0 00:00:49, Sys 0 00:00:00  -  Total Remote Usage
		Usr 0 00:00:00, Sys 0 00:00:00  -  Total Local Usage
	585063  -  Run Bytes Sent By Job
	62696  -  Run Bytes Received By Job
	585063  -  Total Bytes Sent By Job
	62696  -  Total Bytes Received By Job
	Partitionable Resources :    Usage  Request          
	   Cpus                 :                 1          
	   Disk (KB)            :      658      658          
	   Memory (MB)          :       94       94          
...
000 (788762.000.000) 10/12 10:42:38 Job submitted from host: <18.12.1.74:45913>
...
001 (788762.000.000) 10/12 10:50:52 Job executing on host: <18.12.9.66:47154>
...
006 (788762.000.000) 10/12 10:51:00 Image size of job updated: 2
	3  -  MemoryUsage of job (MB)
	2352  -  ResidentSetSize of job (KB)
...
006 (788762.000.000) 10/12 10:52:18 Image size of job updated: 230228
	3  -  MemoryUsage of job (MB)
	2352  -  ResidentSetSize of job (KB)
...
005 (788762.000.000) 10/12 10:52:19 Job terminated.
	(1) Normal termination (return value 0)
		Usr 0 00:00:48, Sys 0 00:00:02  -  Run Remote Usage
		Usr 0 00:00:00, Sys 0 00:00:00  -  Run Local Usage
		Usr 0 00:00:48, Sys 0 00:00:02  -  Total Remote Usage
		Usr 0 00:00:00, Sys 0 00:00:00  -  Total Local Usage
	585340  -  Run Bytes Sent By Job
	62704  -  Run Bytes Received By Job
	585340  -  Total Bytes Sent By Job
	62704  -  Total Bytes Received By Job
	Partitionable Resources :    Usage  Request          
	   Cpus                 :                 1          
	   Disk (KB)            :      658      658          
	   Memory (MB)          :        3        3          
...
