000 (556461.000.000) 08/12 14:10:59 Job submitted from host: <18.12.1.74:48322>
...
001 (556461.000.000) 08/12 14:48:55 Job executing on host: <18.12.9.82:48979>
...
006 (556461.000.000) 08/12 14:49:04 Image size of job updated: 225232
	91  -  MemoryUsage of job (MB)
	92908  -  ResidentSetSize of job (KB)
...
006 (556461.000.000) 08/12 14:54:05 Image size of job updated: 230520
	97  -  MemoryUsage of job (MB)
	98440  -  ResidentSetSize of job (KB)
...
006 (556461.000.000) 08/12 14:59:05 Image size of job updated: 230520
	99  -  MemoryUsage of job (MB)
	100940  -  ResidentSetSize of job (KB)
...
006 (556461.000.000) 08/12 15:04:06 Image size of job updated: 230652
	99  -  MemoryUsage of job (MB)
	101204  -  ResidentSetSize of job (KB)
...
005 (556461.000.000) 08/12 15:04:38 Job terminated.
	(1) Normal termination (return value 0)
		Usr 0 00:01:43, Sys 0 00:00:04  -  Run Remote Usage
		Usr 0 00:00:00, Sys 0 00:00:00  -  Run Local Usage
		Usr 0 00:01:43, Sys 0 00:00:04  -  Total Remote Usage
		Usr 0 00:00:00, Sys 0 00:00:00  -  Total Local Usage
	586090  -  Run Bytes Sent By Job
	62715  -  Run Bytes Received By Job
	586090  -  Total Bytes Sent By Job
	62715  -  Total Bytes Received By Job
	Partitionable Resources :    Usage  Request          
	   Cpus                 :                 1          
	   Disk (KB)            :      659      659          
	   Memory (MB)          :       99       99          
...
000 (557721.000.000) 08/13 11:57:35 Job submitted from host: <18.12.1.74:48322>
...
001 (557721.000.000) 08/13 12:43:36 Job executing on host: <18.12.9.63:42190>
...
006 (557721.000.000) 08/13 12:43:44 Image size of job updated: 230524
	96  -  MemoryUsage of job (MB)
	98276  -  ResidentSetSize of job (KB)
...
006 (557721.000.000) 08/13 12:46:31 Image size of job updated: 230656
	96  -  MemoryUsage of job (MB)
	98276  -  ResidentSetSize of job (KB)
...
005 (557721.000.000) 08/13 12:46:32 Job terminated.
	(1) Normal termination (return value 0)
		Usr 0 00:01:42, Sys 0 00:00:02  -  Run Remote Usage
		Usr 0 00:00:00, Sys 0 00:00:00  -  Run Local Usage
		Usr 0 00:01:42, Sys 0 00:00:02  -  Total Remote Usage
		Usr 0 00:00:00, Sys 0 00:00:00  -  Total Local Usage
	586305  -  Run Bytes Sent By Job
	62715  -  Run Bytes Received By Job
	586305  -  Total Bytes Sent By Job
	62715  -  Total Bytes Received By Job
	Partitionable Resources :    Usage  Request          
	   Cpus                 :                 1          
	   Disk (KB)            :      659      659          
	   Memory (MB)          :       96       96          
...
000 (558237.000.000) 08/13 14:31:17 Job submitted from host: <18.12.1.74:48322>
...
001 (558237.000.000) 08/13 15:10:47 Job executing on host: <18.12.9.50:43066>
...
006 (558237.000.000) 08/13 15:10:55 Image size of job updated: 2
	3  -  MemoryUsage of job (MB)
	2352  -  ResidentSetSize of job (KB)
...
006 (558237.000.000) 08/13 15:13:30 Image size of job updated: 230524
	3  -  MemoryUsage of job (MB)
	2352  -  ResidentSetSize of job (KB)
...
005 (558237.000.000) 08/13 15:13:30 Job terminated.
	(1) Normal termination (return value 0)
		Usr 0 00:01:35, Sys 0 00:00:03  -  Run Remote Usage
		Usr 0 00:00:00, Sys 0 00:00:00  -  Run Local Usage
		Usr 0 00:01:35, Sys 0 00:00:03  -  Total Remote Usage
		Usr 0 00:00:00, Sys 0 00:00:00  -  Total Local Usage
	586304  -  Run Bytes Sent By Job
	62714  -  Run Bytes Received By Job
	586304  -  Total Bytes Sent By Job
	62714  -  Total Bytes Received By Job
	Partitionable Resources :    Usage  Request          
	   Cpus                 :                 1          
	   Disk (KB)            :      659      659          
	   Memory (MB)          :        3        3          
...
000 (565574.000.000) 08/20 12:58:50 Job submitted from host: <18.12.1.74:48322>
...
001 (565574.000.000) 08/20 12:59:47 Job executing on host: <18.12.9.46:48906>
...
006 (565574.000.000) 08/20 12:59:56 Image size of job updated: 188652
	73  -  MemoryUsage of job (MB)
	73976  -  ResidentSetSize of job (KB)
...
006 (565574.000.000) 08/20 13:02:59 Image size of job updated: 230656
	73  -  MemoryUsage of job (MB)
	73976  -  ResidentSetSize of job (KB)
...
005 (565574.000.000) 08/20 13:09:45 Job terminated.
	(1) Normal termination (return value 0)
		Usr 0 00:01:36, Sys 0 00:00:02  -  Run Remote Usage
		Usr 0 00:00:00, Sys 0 00:00:00  -  Run Local Usage
		Usr 0 00:01:36, Sys 0 00:00:02  -  Total Remote Usage
		Usr 0 00:00:00, Sys 0 00:00:00  -  Total Local Usage
	586496  -  Run Bytes Sent By Job
	62731  -  Run Bytes Received By Job
	586496  -  Total Bytes Sent By Job
	62731  -  Total Bytes Received By Job
	Partitionable Resources :    Usage  Request          
	   Cpus                 :                 1          
	   Disk (KB)            :      659      659          
	   Memory (MB)          :       73       73          
...
