000 (556099.000.000) 08/12 11:33:44 Job submitted from host: <18.12.1.74:48322>
...
001 (556099.000.000) 08/12 11:57:55 Job executing on host: <18.12.6.57:46935>
...
006 (556099.000.000) 08/12 11:58:03 Image size of job updated: 2
	3  -  MemoryUsage of job (MB)
	2352  -  ResidentSetSize of job (KB)
...
006 (556099.000.000) 08/12 12:00:12 Image size of job updated: 230548
	3  -  MemoryUsage of job (MB)
	2352  -  ResidentSetSize of job (KB)
...
005 (556099.000.000) 08/12 12:00:12 Job terminated.
	(1) Normal termination (return value 0)
		Usr 0 00:01:22, Sys 0 00:00:01  -  Run Remote Usage
		Usr 0 00:00:00, Sys 0 00:00:00  -  Run Local Usage
		Usr 0 00:01:22, Sys 0 00:00:01  -  Total Remote Usage
		Usr 0 00:00:00, Sys 0 00:00:00  -  Total Local Usage
	586090  -  Run Bytes Sent By Job
	62715  -  Run Bytes Received By Job
	586090  -  Total Bytes Sent By Job
	62715  -  Total Bytes Received By Job
	Partitionable Resources :    Usage  Request          
	   Cpus                 :                 1          
	   Disk (KB)            :      659      659          
	   Memory (MB)          :        3        3          
...
000 (566468.000.000) 08/20 21:06:01 Job submitted from host: <18.12.1.74:48322>
...
001 (566468.000.000) 08/20 21:07:06 Job executing on host: <18.12.9.83:48833>
...
006 (566468.000.000) 08/20 21:07:15 Image size of job updated: 230116
	95  -  MemoryUsage of job (MB)
	96300  -  ResidentSetSize of job (KB)
...
006 (566468.000.000) 08/20 21:10:35 Image size of job updated: 230552
	95  -  MemoryUsage of job (MB)
	96300  -  ResidentSetSize of job (KB)
...
005 (566468.000.000) 08/20 21:16:55 Job terminated.
	(1) Normal termination (return value 0)
		Usr 0 00:01:11, Sys 0 00:00:01  -  Run Remote Usage
		Usr 0 00:00:00, Sys 0 00:00:00  -  Run Local Usage
		Usr 0 00:01:11, Sys 0 00:00:01  -  Total Remote Usage
		Usr 0 00:00:00, Sys 0 00:00:00  -  Total Local Usage
	586159  -  Run Bytes Sent By Job
	62731  -  Run Bytes Received By Job
	586159  -  Total Bytes Sent By Job
	62731  -  Total Bytes Received By Job
	Partitionable Resources :    Usage  Request          
	   Cpus                 :                 1          
	   Disk (KB)            :      659      659          
	   Memory (MB)          :       95       95          
...
000 (782473.000.000) 10/01 13:04:31 Job submitted from host: <18.12.1.74:47665>
...
001 (782473.000.000) 10/01 13:15:10 Job executing on host: <18.12.9.31:46862>
...
006 (782473.000.000) 10/01 13:15:19 Image size of job updated: 13384
	2  -  MemoryUsage of job (MB)
	1984  -  ResidentSetSize of job (KB)
...
006 (782473.000.000) 10/01 13:20:20 Image size of job updated: 230552
	101  -  MemoryUsage of job (MB)
	103044  -  ResidentSetSize of job (KB)
...
005 (782473.000.000) 10/01 13:24:43 Job terminated.
	(1) Normal termination (return value 0)
		Usr 0 00:01:24, Sys 0 00:00:03  -  Run Remote Usage
		Usr 0 00:00:00, Sys 0 00:00:00  -  Run Local Usage
		Usr 0 00:01:24, Sys 0 00:00:03  -  Total Remote Usage
		Usr 0 00:00:00, Sys 0 00:00:00  -  Total Local Usage
	586584  -  Run Bytes Sent By Job
	62730  -  Run Bytes Received By Job
	586584  -  Total Bytes Sent By Job
	62730  -  Total Bytes Received By Job
	Partitionable Resources :    Usage  Request          
	   Cpus                 :                 1          
	   Disk (KB)            :      659      659          
	   Memory (MB)          :      101      101          
...
000 (782654.000.000) 10/01 14:31:43 Job submitted from host: <18.12.1.74:47665>
...
001 (782654.000.000) 10/01 14:33:24 Job executing on host: <18.12.8.157:47665>
...
006 (782654.000.000) 10/01 14:33:34 Image size of job updated: 2
	3  -  MemoryUsage of job (MB)
	2352  -  ResidentSetSize of job (KB)
...
006 (782654.000.000) 10/01 14:37:07 Image size of job updated: 227496
	3  -  MemoryUsage of job (MB)
	2352  -  ResidentSetSize of job (KB)
...
005 (782654.000.000) 10/01 14:40:10 Job terminated.
	(1) Normal termination (return value 0)
		Usr 0 00:00:34, Sys 0 00:00:01  -  Run Remote Usage
		Usr 0 00:00:00, Sys 0 00:00:00  -  Run Local Usage
		Usr 0 00:00:34, Sys 0 00:00:01  -  Total Remote Usage
		Usr 0 00:00:00, Sys 0 00:00:00  -  Total Local Usage
	3728594  -  Run Bytes Sent By Job
	62736  -  Run Bytes Received By Job
	3728594  -  Total Bytes Sent By Job
	62736  -  Total Bytes Received By Job
	Partitionable Resources :    Usage  Request          
	   Cpus                 :                 1          
	   Disk (KB)            :     3727     3727          
	   Memory (MB)          :        3        3          
...
000 (788195.000.000) 10/09 09:23:43 Job submitted from host: <18.12.1.74:45913>
...
001 (788195.000.000) 10/09 09:24:14 Job executing on host: <18.12.8.236:48030>
...
006 (788195.000.000) 10/09 09:24:22 Image size of job updated: 13384
	2  -  MemoryUsage of job (MB)
	1984  -  ResidentSetSize of job (KB)
...
006 (788195.000.000) 10/09 09:26:42 Image size of job updated: 230540
	2  -  MemoryUsage of job (MB)
	1984  -  ResidentSetSize of job (KB)
...
005 (788195.000.000) 10/09 09:26:42 Job terminated.
	(1) Normal termination (return value 0)
		Usr 0 00:01:25, Sys 0 00:00:02  -  Run Remote Usage
		Usr 0 00:00:00, Sys 0 00:00:00  -  Run Local Usage
		Usr 0 00:01:25, Sys 0 00:00:02  -  Total Remote Usage
		Usr 0 00:00:00, Sys 0 00:00:00  -  Total Local Usage
	585504  -  Run Bytes Sent By Job
	62698  -  Run Bytes Received By Job
	585504  -  Total Bytes Sent By Job
	62698  -  Total Bytes Received By Job
	Partitionable Resources :    Usage  Request          
	   Cpus                 :                 1          
	   Disk (KB)            :      658      658          
	   Memory (MB)          :        2        2          
...
000 (788560.000.000) 10/12 09:48:04 Job submitted from host: <18.12.1.74:45913>
...
001 (788560.000.000) 10/12 10:01:25 Job executing on host: <18.12.8.166:44818>
...
006 (788560.000.000) 10/12 10:01:33 Image size of job updated: 80516
	17  -  MemoryUsage of job (MB)
	17248  -  ResidentSetSize of job (KB)
...
006 (788560.000.000) 10/12 10:04:23 Image size of job updated: 230536
	17  -  MemoryUsage of job (MB)
	17248  -  ResidentSetSize of job (KB)
...
005 (788560.000.000) 10/12 10:04:24 Job terminated.
	(1) Normal termination (return value 0)
		Usr 0 00:01:14, Sys 0 00:00:00  -  Run Remote Usage
		Usr 0 00:00:00, Sys 0 00:00:00  -  Run Local Usage
		Usr 0 00:01:14, Sys 0 00:00:00  -  Total Remote Usage
		Usr 0 00:00:00, Sys 0 00:00:00  -  Total Local Usage
	585142  -  Run Bytes Sent By Job
	62703  -  Run Bytes Received By Job
	585142  -  Total Bytes Sent By Job
	62703  -  Total Bytes Received By Job
	Partitionable Resources :    Usage  Request          
	   Cpus                 :                 1          
	   Disk (KB)            :      658      658          
	   Memory (MB)          :       17       17          
...
