000 (556414.000.000) 08/12 14:10:54 Job submitted from host: <18.12.1.74:48322>
...
001 (556414.000.000) 08/12 14:40:56 Job executing on host: <18.12.9.77:46279>
...
006 (556414.000.000) 08/12 14:41:04 Image size of job updated: 2
	3  -  MemoryUsage of job (MB)
	2348  -  ResidentSetSize of job (KB)
...
006 (556414.000.000) 08/12 14:46:04 Image size of job updated: 230036
	102  -  MemoryUsage of job (MB)
	103532  -  ResidentSetSize of job (KB)
...
006 (556414.000.000) 08/12 14:51:04 Image size of job updated: 230036
	109  -  MemoryUsage of job (MB)
	110732  -  ResidentSetSize of job (KB)
...
005 (556414.000.000) 08/12 14:52:06 Job terminated.
	(1) Normal termination (return value 0)
		Usr 0 00:00:40, Sys 0 00:00:02  -  Run Remote Usage
		Usr 0 00:00:00, Sys 0 00:00:00  -  Run Local Usage
		Usr 0 00:00:40, Sys 0 00:00:02  -  Total Remote Usage
		Usr 0 00:00:00, Sys 0 00:00:00  -  Total Local Usage
	586142  -  Run Bytes Sent By Job
	62715  -  Run Bytes Received By Job
	586142  -  Total Bytes Sent By Job
	62715  -  Total Bytes Received By Job
	Partitionable Resources :    Usage  Request          
	   Cpus                 :                 1          
	   Disk (KB)            :      659      659          
	   Memory (MB)          :      109      109          
...
000 (557674.000.000) 08/13 11:57:30 Job submitted from host: <18.12.1.74:48322>
...
001 (557674.000.000) 08/13 12:34:54 Job executing on host: <18.12.9.80:43650>
...
006 (557674.000.000) 08/13 12:35:03 Image size of job updated: 230036
	94  -  MemoryUsage of job (MB)
	95392  -  ResidentSetSize of job (KB)
...
005 (557674.000.000) 08/13 12:36:14 Job terminated.
	(1) Normal termination (return value 0)
		Usr 0 00:00:37, Sys 0 00:00:00  -  Run Remote Usage
		Usr 0 00:00:00, Sys 0 00:00:00  -  Run Local Usage
		Usr 0 00:00:37, Sys 0 00:00:00  -  Total Remote Usage
		Usr 0 00:00:00, Sys 0 00:00:00  -  Total Local Usage
	586144  -  Run Bytes Sent By Job
	62715  -  Run Bytes Received By Job
	586144  -  Total Bytes Sent By Job
	62715  -  Total Bytes Received By Job
	Partitionable Resources :    Usage  Request          
	   Cpus                 :                 1          
	   Disk (KB)            :      659      659          
	   Memory (MB)          :       94       94          
...
000 (558190.000.000) 08/13 14:31:12 Job submitted from host: <18.12.1.74:48322>
...
001 (558190.000.000) 08/13 15:03:31 Job executing on host: <18.12.9.48:43358>
...
006 (558190.000.000) 08/13 15:03:40 Image size of job updated: 2
	3  -  MemoryUsage of job (MB)
	2352  -  ResidentSetSize of job (KB)
...
006 (558190.000.000) 08/13 15:04:50 Image size of job updated: 230040
	3  -  MemoryUsage of job (MB)
	2352  -  ResidentSetSize of job (KB)
...
005 (558190.000.000) 08/13 15:04:50 Job terminated.
	(1) Normal termination (return value 0)
		Usr 0 00:00:39, Sys 0 00:00:01  -  Run Remote Usage
		Usr 0 00:00:00, Sys 0 00:00:00  -  Run Local Usage
		Usr 0 00:00:39, Sys 0 00:00:01  -  Total Remote Usage
		Usr 0 00:00:00, Sys 0 00:00:00  -  Total Local Usage
	586144  -  Run Bytes Sent By Job
	62714  -  Run Bytes Received By Job
	586144  -  Total Bytes Sent By Job
	62714  -  Total Bytes Received By Job
	Partitionable Resources :    Usage  Request          
	   Cpus                 :                 1          
	   Disk (KB)            :      659      659          
	   Memory (MB)          :        3        3          
...
000 (565527.000.000) 08/20 12:54:43 Job submitted from host: <18.12.1.74:48322>
...
001 (565527.000.000) 08/20 12:55:04 Job executing on host: <18.12.8.218:43942>
...
006 (565527.000.000) 08/20 12:55:13 Image size of job updated: 193764
	78  -  MemoryUsage of job (MB)
	79608  -  ResidentSetSize of job (KB)
...
006 (565527.000.000) 08/20 13:00:14 Image size of job updated: 230036
	82  -  MemoryUsage of job (MB)
	83860  -  ResidentSetSize of job (KB)
...
006 (565527.000.000) 08/20 13:04:04 Image size of job updated: 238212
	82  -  MemoryUsage of job (MB)
	83860  -  ResidentSetSize of job (KB)
...
005 (565527.000.000) 08/20 13:10:52 Job terminated.
	(1) Normal termination (return value 0)
		Usr 0 00:00:56, Sys 0 00:00:01  -  Run Remote Usage
		Usr 0 00:00:00, Sys 0 00:00:00  -  Run Local Usage
		Usr 0 00:00:56, Sys 0 00:00:01  -  Total Remote Usage
		Usr 0 00:00:00, Sys 0 00:00:00  -  Total Local Usage
	585999  -  Run Bytes Sent By Job
	62731  -  Run Bytes Received By Job
	585999  -  Total Bytes Sent By Job
	62731  -  Total Bytes Received By Job
	Partitionable Resources :    Usage  Request          
	   Cpus                 :                 1          
	   Disk (KB)            :      659      659          
	   Memory (MB)          :       82       82          
...
000 (783020.000.000) 10/02 11:06:13 Job submitted from host: <18.12.1.74:41314>
...
001 (783020.000.000) 10/02 11:14:06 Job executing on host: <18.12.6.45:48541>
...
006 (783020.000.000) 10/02 11:14:12 Image size of job updated: 2
	0  -  MemoryUsage of job (MB)
	0  -  ResidentSetSize of job (KB)
...
005 (783020.000.000) 10/02 11:19:25 Job terminated.
	(1) Normal termination (return value 0)
		Usr 0 00:00:00, Sys 0 00:00:00  -  Run Remote Usage
		Usr 0 00:00:00, Sys 0 00:00:00  -  Run Local Usage
		Usr 0 00:00:00, Sys 0 00:00:00  -  Total Remote Usage
		Usr 0 00:00:00, Sys 0 00:00:00  -  Total Local Usage
	585410  -  Run Bytes Sent By Job
	62733  -  Run Bytes Received By Job
	585410  -  Total Bytes Sent By Job
	62733  -  Total Bytes Received By Job
	Partitionable Resources :    Usage  Request          
	   Cpus                 :                 1          
	   Disk (KB)            :      658      658          
	   Memory (MB)          :        0        0          
...
000 (783201.000.000) 10/02 16:13:26 Job submitted from host: <18.12.1.74:45913>
...
001 (783201.000.000) 10/02 16:14:19 Job executing on host: <18.12.6.27:42847>
...
006 (783201.000.000) 10/02 16:14:26 Image size of job updated: 2
	0  -  MemoryUsage of job (MB)
	0  -  ResidentSetSize of job (KB)
...
005 (783201.000.000) 10/02 16:14:26 Job terminated.
	(1) Normal termination (return value 0)
		Usr 0 00:00:00, Sys 0 00:00:00  -  Run Remote Usage
		Usr 0 00:00:00, Sys 0 00:00:00  -  Run Local Usage
		Usr 0 00:00:00, Sys 0 00:00:00  -  Total Remote Usage
		Usr 0 00:00:00, Sys 0 00:00:00  -  Total Local Usage
	585554  -  Run Bytes Sent By Job
	62733  -  Run Bytes Received By Job
	585554  -  Total Bytes Sent By Job
	62733  -  Total Bytes Received By Job
	Partitionable Resources :    Usage  Request          
	   Cpus                 :                 1          
	   Disk (KB)            :      658      658          
	   Memory (MB)          :        0        0          
...
000 (783382.000.000) 10/02 16:48:41 Job submitted from host: <18.12.1.74:45913>
...
001 (783382.000.000) 10/02 16:48:51 Job executing on host: <18.12.9.62:46132>
...
006 (783382.000.000) 10/02 16:48:51 Image size of job updated: 2
	0  -  MemoryUsage of job (MB)
	0  -  ResidentSetSize of job (KB)
...
005 (783382.000.000) 10/02 16:48:52 Job terminated.
	(1) Normal termination (return value 0)
		Usr 0 00:00:00, Sys 0 00:00:00  -  Run Remote Usage
		Usr 0 00:00:00, Sys 0 00:00:00  -  Run Local Usage
		Usr 0 00:00:00, Sys 0 00:00:00  -  Total Remote Usage
		Usr 0 00:00:00, Sys 0 00:00:00  -  Total Local Usage
	585974  -  Run Bytes Sent By Job
	62733  -  Run Bytes Received By Job
	585974  -  Total Bytes Sent By Job
	62733  -  Total Bytes Received By Job
	Partitionable Resources :    Usage  Request          
	   Cpus                 :                 1          
	   Disk (KB)            :      659      659          
	   Memory (MB)          :        0        0          
...
000 (783565.000.000) 10/05 09:25:47 Job submitted from host: <18.12.1.74:45913>
...
001 (783565.000.000) 10/05 09:26:08 Job executing on host: <18.12.6.92:42482>
...
006 (783565.000.000) 10/05 09:26:13 Image size of job updated: 13384
	0  -  MemoryUsage of job (MB)
	0  -  ResidentSetSize of job (KB)
...
005 (783565.000.000) 10/05 09:26:14 Job terminated.
	(1) Normal termination (return value 0)
		Usr 0 00:00:00, Sys 0 00:00:00  -  Run Remote Usage
		Usr 0 00:00:00, Sys 0 00:00:00  -  Run Local Usage
		Usr 0 00:00:00, Sys 0 00:00:00  -  Total Remote Usage
		Usr 0 00:00:00, Sys 0 00:00:00  -  Total Local Usage
	585650  -  Run Bytes Sent By Job
	62732  -  Run Bytes Received By Job
	585650  -  Total Bytes Sent By Job
	62732  -  Total Bytes Received By Job
	Partitionable Resources :    Usage  Request          
	   Cpus                 :                 1          
	   Disk (KB)            :      658      658          
	   Memory (MB)          :        0        0          
...
000 (783746.000.000) 10/05 10:00:25 Job submitted from host: <18.12.1.74:45913>
...
001 (783746.000.000) 10/05 10:01:03 Job executing on host: <18.12.8.221:45767>
...
006 (783746.000.000) 10/05 10:01:11 Image size of job updated: 2
	3  -  MemoryUsage of job (MB)
	2348  -  ResidentSetSize of job (KB)
...
006 (783746.000.000) 10/05 10:01:36 Image size of job updated: 13384
	3  -  MemoryUsage of job (MB)
	2348  -  ResidentSetSize of job (KB)
...
005 (783746.000.000) 10/05 10:01:37 Job terminated.
	(1) Normal termination (return value 0)
		Usr 0 00:00:00, Sys 0 00:00:00  -  Run Remote Usage
		Usr 0 00:00:00, Sys 0 00:00:00  -  Run Local Usage
		Usr 0 00:00:00, Sys 0 00:00:00  -  Total Remote Usage
		Usr 0 00:00:00, Sys 0 00:00:00  -  Total Local Usage
	585337  -  Run Bytes Sent By Job
	62731  -  Run Bytes Received By Job
	585337  -  Total Bytes Sent By Job
	62731  -  Total Bytes Received By Job
	Partitionable Resources :    Usage  Request          
	   Cpus                 :                 1          
	   Disk (KB)            :      658      658          
	   Memory (MB)          :        3        3          
...
000 (783928.000.000) 10/05 12:25:13 Job submitted from host: <18.12.1.74:45913>
...
001 (783928.000.000) 10/05 12:25:25 Job executing on host: <18.12.9.37:40511>
...
006 (783928.000.000) 10/05 12:25:31 Image size of job updated: 69176
	0  -  MemoryUsage of job (MB)
	0  -  ResidentSetSize of job (KB)
...
005 (783928.000.000) 10/05 12:25:32 Job terminated.
	(1) Normal termination (return value 0)
		Usr 0 00:00:00, Sys 0 00:00:00  -  Run Remote Usage
		Usr 0 00:00:00, Sys 0 00:00:00  -  Run Local Usage
		Usr 0 00:00:00, Sys 0 00:00:00  -  Total Remote Usage
		Usr 0 00:00:00, Sys 0 00:00:00  -  Total Local Usage
	586032  -  Run Bytes Sent By Job
	62732  -  Run Bytes Received By Job
	586032  -  Total Bytes Sent By Job
	62732  -  Total Bytes Received By Job
	Partitionable Resources :    Usage  Request          
	   Cpus                 :                 1          
	   Disk (KB)            :      659      659          
	   Memory (MB)          :        0        0          
...
000 (784109.000.000) 10/05 12:28:48 Job submitted from host: <18.12.1.74:45913>
...
001 (784109.000.000) 10/05 12:29:20 Job executing on host: <18.12.6.101:45329>
...
006 (784109.000.000) 10/05 12:29:29 Image size of job updated: 2
	2  -  MemoryUsage of job (MB)
	1724  -  ResidentSetSize of job (KB)
...
006 (784109.000.000) 10/05 12:30:22 Image size of job updated: 229704
	2  -  MemoryUsage of job (MB)
	1724  -  ResidentSetSize of job (KB)
...
005 (784109.000.000) 10/05 12:30:22 Job terminated.
	(1) Normal termination (return value 0)
		Usr 0 00:00:32, Sys 0 00:00:00  -  Run Remote Usage
		Usr 0 00:00:00, Sys 0 00:00:00  -  Run Local Usage
		Usr 0 00:00:32, Sys 0 00:00:00  -  Total Remote Usage
		Usr 0 00:00:00, Sys 0 00:00:00  -  Total Local Usage
	586816  -  Run Bytes Sent By Job
	62733  -  Run Bytes Received By Job
	586816  -  Total Bytes Sent By Job
	62733  -  Total Bytes Received By Job
	Partitionable Resources :    Usage  Request          
	   Cpus                 :                 1          
	   Disk (KB)            :      659      659          
	   Memory (MB)          :        2        2          
...
000 (786178.000.000) 10/05 14:34:45 Job submitted from host: <18.12.1.74:45913>
...
001 (786178.000.000) 10/05 14:35:37 Job executing on host: <18.12.9.77:44015>
...
006 (786178.000.000) 10/05 14:35:45 Image size of job updated: 2
	3  -  MemoryUsage of job (MB)
	2360  -  ResidentSetSize of job (KB)
...
006 (786178.000.000) 10/05 14:36:42 Image size of job updated: 230036
	3  -  MemoryUsage of job (MB)
	2360  -  ResidentSetSize of job (KB)
...
005 (786178.000.000) 10/05 14:36:43 Job terminated.
	(1) Normal termination (return value 0)
		Usr 0 00:00:36, Sys 0 00:00:00  -  Run Remote Usage
		Usr 0 00:00:00, Sys 0 00:00:00  -  Run Local Usage
		Usr 0 00:00:36, Sys 0 00:00:00  -  Total Remote Usage
		Usr 0 00:00:00, Sys 0 00:00:00  -  Total Local Usage
	586416  -  Run Bytes Sent By Job
	62729  -  Run Bytes Received By Job
	586416  -  Total Bytes Sent By Job
	62729  -  Total Bytes Received By Job
	Partitionable Resources :    Usage  Request          
	   Cpus                 :                 1          
	   Disk (KB)            :      659      659          
	   Memory (MB)          :        3        3          
...
000 (788017.000.000) 10/08 16:10:09 Job submitted from host: <18.12.1.74:45913>
...
001 (788017.000.000) 10/08 16:21:33 Job executing on host: <18.12.8.202:46935>
...
006 (788017.000.000) 10/08 16:21:42 Image size of job updated: 189124
	73  -  MemoryUsage of job (MB)
	74712  -  ResidentSetSize of job (KB)
...
006 (788017.000.000) 10/08 16:23:03 Image size of job updated: 230024
	73  -  MemoryUsage of job (MB)
	74712  -  ResidentSetSize of job (KB)
...
005 (788017.000.000) 10/08 16:23:03 Job terminated.
	(1) Normal termination (return value 0)
		Usr 0 00:00:43, Sys 0 00:00:00  -  Run Remote Usage
		Usr 0 00:00:00, Sys 0 00:00:00  -  Run Local Usage
		Usr 0 00:00:43, Sys 0 00:00:00  -  Total Remote Usage
		Usr 0 00:00:00, Sys 0 00:00:00  -  Total Local Usage
	585239  -  Run Bytes Sent By Job
	62697  -  Run Bytes Received By Job
	585239  -  Total Bytes Sent By Job
	62697  -  Total Bytes Received By Job
	Partitionable Resources :    Usage  Request          
	   Cpus                 :                 1          
	   Disk (KB)            :      658      658          
	   Memory (MB)          :       73       73          
...
000 (788380.000.000) 10/09 10:00:34 Job submitted from host: <18.12.1.74:45913>
...
001 (788380.000.000) 10/09 10:18:05 Job executing on host: <18.12.12.1:45256>
...
006 (788380.000.000) 10/09 10:18:14 Image size of job updated: 141468
	18  -  MemoryUsage of job (MB)
	17808  -  ResidentSetSize of job (KB)
...
006 (788380.000.000) 10/09 10:19:34 Image size of job updated: 230060
	18  -  MemoryUsage of job (MB)
	17808  -  ResidentSetSize of job (KB)
...
005 (788380.000.000) 10/09 10:19:34 Job terminated.
	(1) Normal termination (return value 0)
		Usr 0 00:00:44, Sys 0 00:00:01  -  Run Remote Usage
		Usr 0 00:00:00, Sys 0 00:00:00  -  Run Local Usage
		Usr 0 00:00:44, Sys 0 00:00:01  -  Total Remote Usage
		Usr 0 00:00:00, Sys 0 00:00:00  -  Total Local Usage
	585270  -  Run Bytes Sent By Job
	62694  -  Run Bytes Received By Job
	585270  -  Total Bytes Sent By Job
	62694  -  Total Bytes Received By Job
	Partitionable Resources :    Usage  Request          
	   Cpus                 :                 1          
	   Disk (KB)            :      657      657          
	   Memory (MB)          :       18       18          
...
000 (788927.000.000) 10/12 11:22:13 Job submitted from host: <18.12.1.74:45913>
...
001 (788927.000.000) 10/12 11:35:16 Job executing on host: <18.12.8.141:44891>
...
006 (788927.000.000) 10/12 11:35:24 Image size of job updated: 93600
	3  -  MemoryUsage of job (MB)
	2432  -  ResidentSetSize of job (KB)
...
006 (788927.000.000) 10/12 11:37:20 Image size of job updated: 236280
	3  -  MemoryUsage of job (MB)
	2432  -  ResidentSetSize of job (KB)
...
005 (788927.000.000) 10/12 11:37:20 Job terminated.
	(1) Normal termination (return value 0)
		Usr 0 00:00:38, Sys 0 00:00:01  -  Run Remote Usage
		Usr 0 00:00:00, Sys 0 00:00:00  -  Run Local Usage
		Usr 0 00:00:38, Sys 0 00:00:01  -  Total Remote Usage
		Usr 0 00:00:00, Sys 0 00:00:00  -  Total Local Usage
	585037  -  Run Bytes Sent By Job
	62702  -  Run Bytes Received By Job
	585037  -  Total Bytes Sent By Job
	62702  -  Total Bytes Received By Job
	Partitionable Resources :    Usage  Request          
	   Cpus                 :                 1          
	   Disk (KB)            :      658      658          
	   Memory (MB)          :        3        3          
...
