000 (554257.000.000) 08/11 09:09:08 Job submitted from host: <18.12.1.74:48322>
...
001 (554257.000.000) 08/11 09:09:22 Job executing on host: <18.12.8.244:40803>
...
006 (554257.000.000) 08/11 09:09:30 Image size of job updated: 2
	3  -  MemoryUsage of job (MB)
	2348  -  ResidentSetSize of job (KB)
...
006 (554257.000.000) 08/11 09:11:43 Image size of job updated: 230760
	3  -  MemoryUsage of job (MB)
	2348  -  ResidentSetSize of job (KB)
...
005 (554257.000.000) 08/11 09:11:43 Job terminated.
	(1) Normal termination (return value 0)
		Usr 0 00:01:29, Sys 0 00:00:01  -  Run Remote Usage
		Usr 0 00:00:00, Sys 0 00:00:00  -  Run Local Usage
		Usr 0 00:01:29, Sys 0 00:00:01  -  Total Remote Usage
		Usr 0 00:00:00, Sys 0 00:00:00  -  Total Local Usage
	586003  -  Run Bytes Sent By Job
	62717  -  Run Bytes Received By Job
	586003  -  Total Bytes Sent By Job
	62717  -  Total Bytes Received By Job
	Partitionable Resources :    Usage  Request          
	   Cpus                 :                 1          
	   Disk (KB)            :      658      658          
	   Memory (MB)          :        3        3          
...
000 (557972.000.000) 08/13 13:34:20 Job submitted from host: <18.12.1.74:48322>
...
001 (557972.000.000) 08/13 13:52:31 Job executing on host: <18.12.9.47:41168>
...
006 (557972.000.000) 08/13 13:52:40 Image size of job updated: 2
	3  -  MemoryUsage of job (MB)
	2352  -  ResidentSetSize of job (KB)
...
006 (557972.000.000) 08/13 13:55:06 Image size of job updated: 230760
	3  -  MemoryUsage of job (MB)
	2352  -  ResidentSetSize of job (KB)
...
005 (557972.000.000) 08/13 13:55:06 Job terminated.
	(1) Normal termination (return value 0)
		Usr 0 00:01:33, Sys 0 00:00:02  -  Run Remote Usage
		Usr 0 00:00:00, Sys 0 00:00:00  -  Run Local Usage
		Usr 0 00:01:33, Sys 0 00:00:02  -  Total Remote Usage
		Usr 0 00:00:00, Sys 0 00:00:00  -  Total Local Usage
	586288  -  Run Bytes Sent By Job
	62720  -  Run Bytes Received By Job
	586288  -  Total Bytes Sent By Job
	62720  -  Total Bytes Received By Job
	Partitionable Resources :    Usage  Request          
	   Cpus                 :                 1          
	   Disk (KB)            :      659      659          
	   Memory (MB)          :        3        3          
...
000 (566263.000.000) 08/20 20:24:06 Job submitted from host: <18.12.1.74:48322>
...
001 (566263.000.000) 08/20 20:24:29 Job executing on host: <18.12.9.34:48906>
...
006 (566263.000.000) 08/20 20:24:38 Image size of job updated: 187668
	72  -  MemoryUsage of job (MB)
	73536  -  ResidentSetSize of job (KB)
...
006 (566263.000.000) 08/20 20:29:38 Image size of job updated: 230760
	100  -  MemoryUsage of job (MB)
	101784  -  ResidentSetSize of job (KB)
...
005 (566263.000.000) 08/20 20:37:36 Job terminated.
	(1) Normal termination (return value 0)
		Usr 0 00:01:39, Sys 0 00:00:02  -  Run Remote Usage
		Usr 0 00:00:00, Sys 0 00:00:00  -  Run Local Usage
		Usr 0 00:01:39, Sys 0 00:00:02  -  Total Remote Usage
		Usr 0 00:00:00, Sys 0 00:00:00  -  Total Local Usage
	586625  -  Run Bytes Sent By Job
	62732  -  Run Bytes Received By Job
	586625  -  Total Bytes Sent By Job
	62732  -  Total Bytes Received By Job
	Partitionable Resources :    Usage  Request          
	   Cpus                 :                 1          
	   Disk (KB)            :      659      659          
	   Memory (MB)          :      100      100          
...
