
----------------------------------------------------
Job started on Mon Oct 12 09:59:29 EDT 2015 at WN: t2bat0280.cmsaf.mit.edu 
Job is running on Linux t2bat0280.cmsaf.mit.edu 2.6.32-358.el6.x86_64 #1 SMP Fri Feb 22 20:37:17 CST 2013 x86_64 x86_64 x86_64 GNU/Linux
Filesystem            Size  Used Avail Use% Mounted on
/dev/sda3              20G  2.5G   17G  14% /
tmpfs                  12G     0   12G   0% /dev/shm
/dev/sda1              97M   32M   61M  35% /boot
/dev/sda4             874G   28G  846G   4% /export/data1
/dev/sdb1             1.8T  1.4T  402G  79% /export/00b
/dev/sdc1             1.8T  1.5T  381G  80% /export/00c
/dev/sdd1             1.8T  1.5T  369G  80% /export/00d
/dev/sde1             1.8T  1.5T  381G  80% /export/00e
/dev/sdf1             1.8T  1.5T  386G  79% /export/00f
fuse_dfs              5.0P  4.0P  1.1P  80% /mnt/hadoop
cvmfs2                 98G   25G   74G  25% /cvmfs/cms.cern.ch
t2srv0004:/export/db  135G  187M  135G   1% /net/t2srv0004/db
gcc (GCC) 4.4.7 20120313 (Red Hat 4.4.7-3)
Copyright (C) 2010 Free Software Foundation, Inc.
This is free software; see the source for copying conditions.  There is NO
warranty; not even for MERCHANTABILITY or FITNESS FOR A PARTICULAR PURPOSE.

Processing...
0/170577
10000/170577
20000/170577
30000/170577
40000/170577
50000/170577
60000/170577
70000/170577
80000/170577
90000/170577
100000/170577
110000/170577
120000/170577
130000/170577
140000/170577
150000/170577
160000/170577
170000/170577
Macro finished: 
CPU time (min)  = 1.71883
Real time (min) = 3.0782
total 1.7M
-rw-r--r--  1 obaron obaron 108K Oct  9 10:24 jetRAA_PbPb_data_forest.txt
-rw-r--r--  1 obaron obaron  94K Oct  9 10:24 jetRAA_PbPb_data_akPu4_select.txt
-rw-r--r--  1 obaron obaron  94K Oct  9 10:24 jetRAA_PbPb_data_akPu3_select.txt
-rw-r--r--  1 obaron obaron  94K Oct  9 10:24 jetRAA_PbPb_data_akPu2_select.txt
-rw-r--r--  1 obaron obaron  70K Oct 12 09:36 RAA_read_data_pbpb.C
-rw-r--r--  1 obaron obaron  11K Oct 12 09:36 RAA_read_data_pbpb_C.d
-rwxr-xr-x  1 obaron obaron 101K Oct 12 09:36 RAA_read_data_pbpb_C.so
-rw-rw-r--  1 obaron obaron  61K Oct 12 09:59 jetRAA_run_PbPb_Data.tar
-rwxr-xr-x  1 obaron obaron 1.2K Oct 12 09:59 condor_exec.exe
drwxr-xr-x 19 condor root   4.0K Oct 12 09:59 ..
-rw-r--r--  1 condor condor 5.6K Oct 12 09:59 .machine.ad
-rw-r--r--  1 condor condor  20K Oct 12 09:59 .job.ad
-rwx------  1 obaron obaron   49 Oct 12 09:59 .chirp.config
-rw-r--r--  1 obaron obaron    0 Oct 12 09:59 _condor_stderr
drwx------  2 obaron obaron 4.0K Oct 12 09:59 .
-rw-r--r--  1 obaron obaron 1.6K Oct 12 10:02 _condor_stdout
-rw-r--r--  1 obaron obaron 967K Oct 12 10:02 PbPb_Data_histograms_FromForest_pileupCutFIX_ZDCmCut_30GeVcut_akPu2_20_eta_20_405.root
Done!
Copied output files to hadoop rootfiles/JetRAA/June29
