000 (556424.000.000) 08/12 14:10:56 Job submitted from host: <18.12.1.74:48322>
...
001 (556424.000.000) 08/12 14:42:55 Job executing on host: <18.12.9.28:40000>
...
006 (556424.000.000) 08/12 14:43:04 Image size of job updated: 2
	3  -  MemoryUsage of job (MB)
	2356  -  ResidentSetSize of job (KB)
...
006 (556424.000.000) 08/12 14:48:04 Image size of job updated: 230104
	97  -  MemoryUsage of job (MB)
	98416  -  ResidentSetSize of job (KB)
...
006 (556424.000.000) 08/12 14:53:04 Image size of job updated: 230104
	101  -  MemoryUsage of job (MB)
	103344  -  ResidentSetSize of job (KB)
...
006 (556424.000.000) 08/12 14:58:05 Image size of job updated: 230104
	104  -  MemoryUsage of job (MB)
	105780  -  ResidentSetSize of job (KB)
...
005 (556424.000.000) 08/12 14:59:44 Job terminated.
	(1) Normal termination (return value 0)
		Usr 0 00:01:05, Sys 0 00:00:02  -  Run Remote Usage
		Usr 0 00:00:00, Sys 0 00:00:00  -  Run Local Usage
		Usr 0 00:01:05, Sys 0 00:00:02  -  Total Remote Usage
		Usr 0 00:00:00, Sys 0 00:00:00  -  Total Local Usage
	586435  -  Run Bytes Sent By Job
	62715  -  Run Bytes Received By Job
	586435  -  Total Bytes Sent By Job
	62715  -  Total Bytes Received By Job
	Partitionable Resources :    Usage  Request          
	   Cpus                 :                 1          
	   Disk (KB)            :      659      659          
	   Memory (MB)          :      104      104          
...
000 (557684.000.000) 08/13 11:57:31 Job submitted from host: <18.12.1.74:48322>
...
001 (557684.000.000) 08/13 12:37:33 Job executing on host: <18.12.9.80:43650>
...
006 (557684.000.000) 08/13 12:37:42 Image size of job updated: 191076
	78  -  MemoryUsage of job (MB)
	79608  -  ResidentSetSize of job (KB)
...
006 (557684.000.000) 08/13 12:39:25 Image size of job updated: 230108
	78  -  MemoryUsage of job (MB)
	79608  -  ResidentSetSize of job (KB)
...
005 (557684.000.000) 08/13 12:39:26 Job terminated.
	(1) Normal termination (return value 0)
		Usr 0 00:00:47, Sys 0 00:00:01  -  Run Remote Usage
		Usr 0 00:00:00, Sys 0 00:00:00  -  Run Local Usage
		Usr 0 00:00:47, Sys 0 00:00:01  -  Total Remote Usage
		Usr 0 00:00:00, Sys 0 00:00:00  -  Total Local Usage
	586153  -  Run Bytes Sent By Job
	62715  -  Run Bytes Received By Job
	586153  -  Total Bytes Sent By Job
	62715  -  Total Bytes Received By Job
	Partitionable Resources :    Usage  Request          
	   Cpus                 :                 1          
	   Disk (KB)            :      659      659          
	   Memory (MB)          :       78       78          
...
000 (558200.000.000) 08/13 14:31:13 Job submitted from host: <18.12.1.74:48322>
...
001 (558200.000.000) 08/13 15:04:25 Job executing on host: <18.12.9.51:45549>
...
006 (558200.000.000) 08/13 15:04:33 Image size of job updated: 225088
	91  -  MemoryUsage of job (MB)
	92360  -  ResidentSetSize of job (KB)
...
006 (558200.000.000) 08/13 15:06:42 Image size of job updated: 230108
	91  -  MemoryUsage of job (MB)
	92360  -  ResidentSetSize of job (KB)
...
005 (558200.000.000) 08/13 15:06:42 Job terminated.
	(1) Normal termination (return value 0)
		Usr 0 00:00:43, Sys 0 00:00:01  -  Run Remote Usage
		Usr 0 00:00:00, Sys 0 00:00:00  -  Run Local Usage
		Usr 0 00:00:43, Sys 0 00:00:01  -  Total Remote Usage
		Usr 0 00:00:00, Sys 0 00:00:00  -  Total Local Usage
	586156  -  Run Bytes Sent By Job
	62714  -  Run Bytes Received By Job
	586156  -  Total Bytes Sent By Job
	62714  -  Total Bytes Received By Job
	Partitionable Resources :    Usage  Request          
	   Cpus                 :                 1          
	   Disk (KB)            :      659      659          
	   Memory (MB)          :       91       91          
...
000 (565537.000.000) 08/20 12:55:32 Job submitted from host: <18.12.1.74:48322>
...
001 (565537.000.000) 08/20 12:55:47 Job executing on host: <18.12.8.12:45037>
...
006 (565537.000.000) 08/20 12:55:58 Image size of job updated: 93592
	3  -  MemoryUsage of job (MB)
	2432  -  ResidentSetSize of job (KB)
...
006 (565537.000.000) 08/20 13:00:06 Image size of job updated: 230104
	3  -  MemoryUsage of job (MB)
	2432  -  ResidentSetSize of job (KB)
...
005 (565537.000.000) 08/20 13:06:50 Job terminated.
	(1) Normal termination (return value 0)
		Usr 0 00:00:55, Sys 0 00:00:01  -  Run Remote Usage
		Usr 0 00:00:00, Sys 0 00:00:00  -  Run Local Usage
		Usr 0 00:00:55, Sys 0 00:00:01  -  Total Remote Usage
		Usr 0 00:00:00, Sys 0 00:00:00  -  Total Local Usage
	586491  -  Run Bytes Sent By Job
	62731  -  Run Bytes Received By Job
	586491  -  Total Bytes Sent By Job
	62731  -  Total Bytes Received By Job
	Partitionable Resources :    Usage  Request          
	   Cpus                 :                 1          
	   Disk (KB)            :      659      659          
	   Memory (MB)          :        3        3          
...
000 (783030.000.000) 10/02 11:06:17 Job submitted from host: <18.12.1.74:41314>
...
001 (783030.000.000) 10/02 11:08:46 Job executing on host: <18.12.8.182:41679>
...
006 (783030.000.000) 10/02 11:08:51 Image size of job updated: 71944
	0  -  MemoryUsage of job (MB)
	0  -  ResidentSetSize of job (KB)
...
005 (783030.000.000) 10/02 11:13:50 Job terminated.
	(1) Normal termination (return value 0)
		Usr 0 00:00:00, Sys 0 00:00:00  -  Run Remote Usage
		Usr 0 00:00:00, Sys 0 00:00:00  -  Run Local Usage
		Usr 0 00:00:00, Sys 0 00:00:00  -  Total Remote Usage
		Usr 0 00:00:00, Sys 0 00:00:00  -  Total Local Usage
	585410  -  Run Bytes Sent By Job
	62733  -  Run Bytes Received By Job
	585410  -  Total Bytes Sent By Job
	62733  -  Total Bytes Received By Job
	Partitionable Resources :    Usage  Request          
	   Cpus                 :                 1          
	   Disk (KB)            :      658      658          
	   Memory (MB)          :        0        0          
...
000 (783211.000.000) 10/02 16:13:27 Job submitted from host: <18.12.1.74:45913>
...
001 (783211.000.000) 10/02 16:13:58 Job executing on host: <18.12.9.78:43066>
...
006 (783211.000.000) 10/02 16:13:59 Image size of job updated: 93604
	0  -  MemoryUsage of job (MB)
	0  -  ResidentSetSize of job (KB)
...
005 (783211.000.000) 10/02 16:13:59 Job terminated.
	(1) Normal termination (return value 0)
		Usr 0 00:00:00, Sys 0 00:00:00  -  Run Remote Usage
		Usr 0 00:00:00, Sys 0 00:00:00  -  Run Local Usage
		Usr 0 00:00:00, Sys 0 00:00:00  -  Total Remote Usage
		Usr 0 00:00:00, Sys 0 00:00:00  -  Total Local Usage
	585395  -  Run Bytes Sent By Job
	62733  -  Run Bytes Received By Job
	585395  -  Total Bytes Sent By Job
	62733  -  Total Bytes Received By Job
	Partitionable Resources :    Usage  Request          
	   Cpus                 :                 1          
	   Disk (KB)            :      658      658          
	   Memory (MB)          :        0        0          
...
000 (783392.000.000) 10/02 16:48:46 Job submitted from host: <18.12.1.74:45913>
...
001 (783392.000.000) 10/02 16:48:53 Job executing on host: <18.12.9.75:43504>
...
006 (783392.000.000) 10/02 16:48:53 Image size of job updated: 2
	0  -  MemoryUsage of job (MB)
	0  -  ResidentSetSize of job (KB)
...
005 (783392.000.000) 10/02 16:48:54 Job terminated.
	(1) Normal termination (return value 0)
		Usr 0 00:00:00, Sys 0 00:00:00  -  Run Remote Usage
		Usr 0 00:00:00, Sys 0 00:00:00  -  Run Local Usage
		Usr 0 00:00:00, Sys 0 00:00:00  -  Total Remote Usage
		Usr 0 00:00:00, Sys 0 00:00:00  -  Total Local Usage
	585892  -  Run Bytes Sent By Job
	62733  -  Run Bytes Received By Job
	585892  -  Total Bytes Sent By Job
	62733  -  Total Bytes Received By Job
	Partitionable Resources :    Usage  Request          
	   Cpus                 :                 1          
	   Disk (KB)            :      659      659          
	   Memory (MB)          :        0        0          
...
000 (783575.000.000) 10/05 09:25:50 Job submitted from host: <18.12.1.74:45913>
...
001 (783575.000.000) 10/05 09:26:10 Job executing on host: <18.12.12.8:45694>
...
006 (783575.000.000) 10/05 09:26:13 Image size of job updated: 26048
	0  -  MemoryUsage of job (MB)
	0  -  ResidentSetSize of job (KB)
...
005 (783575.000.000) 10/05 09:26:14 Job terminated.
	(1) Normal termination (return value 0)
		Usr 0 00:00:00, Sys 0 00:00:00  -  Run Remote Usage
		Usr 0 00:00:00, Sys 0 00:00:00  -  Run Local Usage
		Usr 0 00:00:00, Sys 0 00:00:00  -  Total Remote Usage
		Usr 0 00:00:00, Sys 0 00:00:00  -  Total Local Usage
	585538  -  Run Bytes Sent By Job
	62732  -  Run Bytes Received By Job
	585538  -  Total Bytes Sent By Job
	62732  -  Total Bytes Received By Job
	Partitionable Resources :    Usage  Request          
	   Cpus                 :                 1          
	   Disk (KB)            :      658      658          
	   Memory (MB)          :        0        0          
...
000 (783756.000.000) 10/05 10:00:26 Job submitted from host: <18.12.1.74:45913>
...
001 (783756.000.000) 10/05 10:01:08 Job executing on host: <18.12.6.92:42482>
...
006 (783756.000.000) 10/05 10:01:17 Image size of job updated: 2
	3  -  MemoryUsage of job (MB)
	2360  -  ResidentSetSize of job (KB)
...
006 (783756.000.000) 10/05 10:01:36 Image size of job updated: 13384
	3  -  MemoryUsage of job (MB)
	2360  -  ResidentSetSize of job (KB)
...
005 (783756.000.000) 10/05 10:01:37 Job terminated.
	(1) Normal termination (return value 0)
		Usr 0 00:00:00, Sys 0 00:00:00  -  Run Remote Usage
		Usr 0 00:00:00, Sys 0 00:00:00  -  Run Local Usage
		Usr 0 00:00:00, Sys 0 00:00:00  -  Total Remote Usage
		Usr 0 00:00:00, Sys 0 00:00:00  -  Total Local Usage
	585428  -  Run Bytes Sent By Job
	62731  -  Run Bytes Received By Job
	585428  -  Total Bytes Sent By Job
	62731  -  Total Bytes Received By Job
	Partitionable Resources :    Usage  Request          
	   Cpus                 :                 1          
	   Disk (KB)            :      658      658          
	   Memory (MB)          :        3        3          
...
000 (783938.000.000) 10/05 12:25:16 Job submitted from host: <18.12.1.74:45913>
...
001 (783938.000.000) 10/05 12:25:29 Job executing on host: <18.12.9.48:44380>
...
006 (783938.000.000) 10/05 12:25:29 Image size of job updated: 143812
	0  -  MemoryUsage of job (MB)
	0  -  ResidentSetSize of job (KB)
...
005 (783938.000.000) 10/05 12:25:31 Job terminated.
	(1) Normal termination (return value 0)
		Usr 0 00:00:00, Sys 0 00:00:00  -  Run Remote Usage
		Usr 0 00:00:00, Sys 0 00:00:00  -  Run Local Usage
		Usr 0 00:00:00, Sys 0 00:00:00  -  Total Remote Usage
		Usr 0 00:00:00, Sys 0 00:00:00  -  Total Local Usage
	585808  -  Run Bytes Sent By Job
	62732  -  Run Bytes Received By Job
	585808  -  Total Bytes Sent By Job
	62732  -  Total Bytes Received By Job
	Partitionable Resources :    Usage  Request          
	   Cpus                 :                 1          
	   Disk (KB)            :      659      659          
	   Memory (MB)          :        0        0          
...
000 (784119.000.000) 10/05 12:28:50 Job submitted from host: <18.12.1.74:45913>
...
001 (784119.000.000) 10/05 12:29:24 Job executing on host: <18.12.9.3:43431>
...
006 (784119.000.000) 10/05 12:29:32 Image size of job updated: 143820
	23  -  MemoryUsage of job (MB)
	23492  -  ResidentSetSize of job (KB)
...
006 (784119.000.000) 10/05 12:30:24 Image size of job updated: 230100
	23  -  MemoryUsage of job (MB)
	23492  -  ResidentSetSize of job (KB)
...
005 (784119.000.000) 10/05 12:30:24 Job terminated.
	(1) Normal termination (return value 0)
		Usr 0 00:00:31, Sys 0 00:00:00  -  Run Remote Usage
		Usr 0 00:00:00, Sys 0 00:00:00  -  Run Local Usage
		Usr 0 00:00:31, Sys 0 00:00:00  -  Total Remote Usage
		Usr 0 00:00:00, Sys 0 00:00:00  -  Total Local Usage
	586510  -  Run Bytes Sent By Job
	62733  -  Run Bytes Received By Job
	586510  -  Total Bytes Sent By Job
	62733  -  Total Bytes Received By Job
	Partitionable Resources :    Usage  Request          
	   Cpus                 :                 1          
	   Disk (KB)            :      659      659          
	   Memory (MB)          :       23       23          
...
000 (786188.000.000) 10/05 14:34:46 Job submitted from host: <18.12.1.74:45913>
...
001 (786188.000.000) 10/05 14:35:55 Job executing on host: <18.12.9.69:42336>
...
006 (786188.000.000) 10/05 14:36:04 Image size of job updated: 13384
	2  -  MemoryUsage of job (MB)
	1980  -  ResidentSetSize of job (KB)
...
006 (786188.000.000) 10/05 14:37:06 Image size of job updated: 230104
	2  -  MemoryUsage of job (MB)
	1980  -  ResidentSetSize of job (KB)
...
005 (786188.000.000) 10/05 14:37:06 Job terminated.
	(1) Normal termination (return value 0)
		Usr 0 00:00:41, Sys 0 00:00:00  -  Run Remote Usage
		Usr 0 00:00:00, Sys 0 00:00:00  -  Run Local Usage
		Usr 0 00:00:41, Sys 0 00:00:00  -  Total Remote Usage
		Usr 0 00:00:00, Sys 0 00:00:00  -  Total Local Usage
	586429  -  Run Bytes Sent By Job
	62729  -  Run Bytes Received By Job
	586429  -  Total Bytes Sent By Job
	62729  -  Total Bytes Received By Job
	Partitionable Resources :    Usage  Request          
	   Cpus                 :                 1          
	   Disk (KB)            :      659      659          
	   Memory (MB)          :        2        2          
...
000 (788027.000.000) 10/08 16:10:13 Job submitted from host: <18.12.1.74:45913>
...
001 (788027.000.000) 10/08 16:22:22 Job executing on host: <18.12.6.87:41898>
...
006 (788027.000.000) 10/08 16:22:30 Image size of job updated: 230120
	94  -  MemoryUsage of job (MB)
	95568  -  ResidentSetSize of job (KB)
...
005 (788027.000.000) 10/08 16:23:49 Job terminated.
	(1) Normal termination (return value 0)
		Usr 0 00:00:59, Sys 0 00:00:01  -  Run Remote Usage
		Usr 0 00:00:00, Sys 0 00:00:00  -  Run Local Usage
		Usr 0 00:00:59, Sys 0 00:00:01  -  Total Remote Usage
		Usr 0 00:00:00, Sys 0 00:00:00  -  Total Local Usage
	585366  -  Run Bytes Sent By Job
	62697  -  Run Bytes Received By Job
	585366  -  Total Bytes Sent By Job
	62697  -  Total Bytes Received By Job
	Partitionable Resources :    Usage  Request          
	   Cpus                 :                 1          
	   Disk (KB)            :      658      658          
	   Memory (MB)          :       94       94          
...
000 (788390.000.000) 10/09 10:00:35 Job submitted from host: <18.12.1.74:45913>
...
001 (788390.000.000) 10/09 10:20:01 Job executing on host: <18.12.9.76:43139>
...
006 (788390.000.000) 10/09 10:20:10 Image size of job updated: 2
	3  -  MemoryUsage of job (MB)
	2352  -  ResidentSetSize of job (KB)
...
006 (788390.000.000) 10/09 10:21:32 Image size of job updated: 238240
	3  -  MemoryUsage of job (MB)
	2352  -  ResidentSetSize of job (KB)
...
005 (788390.000.000) 10/09 10:21:32 Job terminated.
	(1) Normal termination (return value 0)
		Usr 0 00:00:50, Sys 0 00:00:02  -  Run Remote Usage
		Usr 0 00:00:00, Sys 0 00:00:00  -  Run Local Usage
		Usr 0 00:00:50, Sys 0 00:00:02  -  Total Remote Usage
		Usr 0 00:00:00, Sys 0 00:00:00  -  Total Local Usage
	585311  -  Run Bytes Sent By Job
	62694  -  Run Bytes Received By Job
	585311  -  Total Bytes Sent By Job
	62694  -  Total Bytes Received By Job
	Partitionable Resources :    Usage  Request          
	   Cpus                 :                 1          
	   Disk (KB)            :      658      658          
	   Memory (MB)          :        3        3          
...
000 (788937.000.000) 10/12 11:22:14 Job submitted from host: <18.12.1.74:45913>
...
001 (788937.000.000) 10/12 11:35:57 Job executing on host: <18.12.9.17:47811>
...
006 (788937.000.000) 10/12 11:36:05 Image size of job updated: 2
	3  -  MemoryUsage of job (MB)
	2344  -  ResidentSetSize of job (KB)
...
006 (788937.000.000) 10/12 11:37:53 Image size of job updated: 230092
	3  -  MemoryUsage of job (MB)
	2344  -  ResidentSetSize of job (KB)
...
005 (788937.000.000) 10/12 11:37:54 Job terminated.
	(1) Normal termination (return value 0)
		Usr 0 00:00:52, Sys 0 00:00:00  -  Run Remote Usage
		Usr 0 00:00:00, Sys 0 00:00:00  -  Run Local Usage
		Usr 0 00:00:52, Sys 0 00:00:00  -  Total Remote Usage
		Usr 0 00:00:00, Sys 0 00:00:00  -  Total Local Usage
	585264  -  Run Bytes Sent By Job
	62702  -  Run Bytes Received By Job
	585264  -  Total Bytes Sent By Job
	62702  -  Total Bytes Received By Job
	Partitionable Resources :    Usage  Request          
	   Cpus                 :                 1          
	   Disk (KB)            :      658      658          
	   Memory (MB)          :        3        3          
...
