
----------------------------------------------------
Job started on Mon Oct 12 11:38:47 EDT 2015 at WN: t2bat0299.cmsaf.mit.edu 
Job is running on Linux t2bat0299.cmsaf.mit.edu 2.6.32-358.el6.x86_64 #1 SMP Fri Feb 22 20:37:17 CST 2013 x86_64 x86_64 x86_64 GNU/Linux
Filesystem            Size  Used Avail Use% Mounted on
/dev/sda3              20G  3.3G   16G  18% /
tmpfs                  32G     0   32G   0% /dev/shm
/dev/sda1              97M   32M   61M  35% /boot
/dev/sda4             416G   50G  366G  12% /export/data1
fuse_dfs              5.0P  4.0P  1.1P  80% /mnt/hadoop
/dev/sdb1             2.7T  2.1T  634G  77% /export/00b
/dev/sdc1             2.7T  2.1T  626G  78% /export/00c
/dev/sdd1             2.7T  2.1T  646G  77% /export/00d
/dev/sde1             2.7T  2.1T  644G  77% /export/00e
/dev/sdf1             2.7T  2.1T  645G  77% /export/00f
/dev/sdg1             2.7T  2.1T  627G  78% /export/00g
/dev/sdh1             2.7T  2.1T  607G  78% /export/00h
/dev/sdi1             2.7T  2.1T  640G  77% /export/00i
/dev/sdj1             2.7T  2.1T  630G  78% /export/00j
/dev/sdk1             2.7T  2.1T  641G  77% /export/00k
/dev/sdl1             2.7T  2.1T  630G  78% /export/00l
cvmfs2                 98G   40G   59G  41% /cvmfs/cms.cern.ch
t2srv0004:/export/db  135G  187M  135G   1% /net/t2srv0004/db
cvmfs2                 98G   40G   59G  41% /cvmfs/oasis.opensciencegrid.org
cvmfs2                 98G   40G   59G  41% /cvmfs/cdfcfs.fnal.gov
cvmfs2                 98G   40G   59G  41% /cvmfs/cvmfs.cmsaf.mit.edu
gcc (GCC) 4.4.7 20120313 (Red Hat 4.4.7-3)
Copyright (C) 2010 Free Software Foundation, Inc.
This is free software; see the source for copying conditions.  There is NO
warranty; not even for MERCHANTABILITY or FITNESS FOR A PARTICULAR PURPOSE.

Processing...
0/182644
10000/182644
20000/182644
30000/182644
40000/182644
50000/182644
60000/182644
70000/182644
80000/182644
90000/182644
100000/182644
110000/182644
120000/182644
130000/182644
140000/182644
150000/182644
160000/182644
170000/182644
180000/182644
Macro finished: 
CPU time (min)  = 1.70133
Real time (min) = 8.9673
total 1.7M
-rw-r--r--  1 obaron obaron  108K Oct 12 11:01 jetRAA_PbPb_data_forest.txt
-rw-r--r--  1 obaron obaron   94K Oct 12 11:01 jetRAA_PbPb_data_akPu4_select.txt
-rw-r--r--  1 obaron obaron   94K Oct 12 11:01 jetRAA_PbPb_data_akPu3_select.txt
-rw-r--r--  1 obaron obaron   94K Oct 12 11:01 jetRAA_PbPb_data_akPu2_select.txt
-rw-r--r--  1 obaron obaron   70K Oct 12 11:21 RAA_read_data_pbpb.C
-rw-r--r--  1 obaron obaron   11K Oct 12 11:21 RAA_read_data_pbpb_C.d
-rwxr-xr-x  1 obaron obaron  101K Oct 12 11:21 RAA_read_data_pbpb_C.so
-rw-rw-r--  1 obaron obaron   61K Oct 12 11:38 jetRAA_run_PbPb_Data.tar
-rwxr-xr-x  1 obaron obaron  1.2K Oct 12 11:38 condor_exec.exe
drwxr-xr-x 35 condor root    4.0K Oct 12 11:38 ..
-rw-r--r--  1 condor condor  5.5K Oct 12 11:38 .machine.ad
-rw-r--r--  1 condor condor   20K Oct 12 11:38 .job.ad
-rwx------  1 obaron obaron    49 Oct 12 11:38 .chirp.config
-rw-r--r--  1 obaron obaron     0 Oct 12 11:38 _condor_stderr
drwx------  2 obaron obaron  4.0K Oct 12 11:38 .
-rw-r--r--  1 obaron obaron  2.1K Oct 12 11:47 _condor_stdout
-rw-r--r--  1 obaron obaron 1007K Oct 12 11:47 PbPb_Data_histograms_FromForest_pileupCutFIX_ZDCmCut_30GeVcut_akPu4_20_eta_20_660.root
Done!
Copied output files to hadoop rootfiles/JetRAA/June29
