000 (556450.000.000) 08/12 14:10:58 Job submitted from host: <18.12.1.74:48322>
...
001 (556450.000.000) 08/12 14:46:55 Job executing on host: <18.12.8.78:47446>
...
006 (556450.000.000) 08/12 14:47:04 Image size of job updated: 2
	3  -  MemoryUsage of job (MB)
	2344  -  ResidentSetSize of job (KB)
...
006 (556450.000.000) 08/12 14:50:07 Image size of job updated: 230864
	3  -  MemoryUsage of job (MB)
	2344  -  ResidentSetSize of job (KB)
...
005 (556450.000.000) 08/12 14:50:07 Job terminated.
	(1) Normal termination (return value 0)
		Usr 0 00:02:12, Sys 0 00:00:04  -  Run Remote Usage
		Usr 0 00:00:00, Sys 0 00:00:00  -  Run Local Usage
		Usr 0 00:02:12, Sys 0 00:00:04  -  Total Remote Usage
		Usr 0 00:00:00, Sys 0 00:00:00  -  Total Local Usage
	586076  -  Run Bytes Sent By Job
	62715  -  Run Bytes Received By Job
	586076  -  Total Bytes Sent By Job
	62715  -  Total Bytes Received By Job
	Partitionable Resources :    Usage  Request          
	   Cpus                 :                 1          
	   Disk (KB)            :      659      659          
	   Memory (MB)          :        3        3          
...
000 (557710.000.000) 08/13 11:57:34 Job submitted from host: <18.12.1.74:48322>
...
001 (557710.000.000) 08/13 12:41:12 Job executing on host: <18.12.9.52:43066>
...
006 (557710.000.000) 08/13 12:41:21 Image size of job updated: 2
	3  -  MemoryUsage of job (MB)
	2348  -  ResidentSetSize of job (KB)
...
006 (557710.000.000) 08/13 12:44:23 Image size of job updated: 230864
	3  -  MemoryUsage of job (MB)
	2348  -  ResidentSetSize of job (KB)
...
005 (557710.000.000) 08/13 12:44:23 Job terminated.
	(1) Normal termination (return value 0)
		Usr 0 00:01:49, Sys 0 00:00:02  -  Run Remote Usage
		Usr 0 00:00:00, Sys 0 00:00:00  -  Run Local Usage
		Usr 0 00:01:49, Sys 0 00:00:02  -  Total Remote Usage
		Usr 0 00:00:00, Sys 0 00:00:00  -  Total Local Usage
	586347  -  Run Bytes Sent By Job
	62715  -  Run Bytes Received By Job
	586347  -  Total Bytes Sent By Job
	62715  -  Total Bytes Received By Job
	Partitionable Resources :    Usage  Request          
	   Cpus                 :                 1          
	   Disk (KB)            :      659      659          
	   Memory (MB)          :        3        3          
...
000 (558226.000.000) 08/13 14:31:16 Job submitted from host: <18.12.1.74:48322>
...
001 (558226.000.000) 08/13 15:07:30 Job executing on host: <18.12.9.43:40073>
...
006 (558226.000.000) 08/13 15:07:39 Image size of job updated: 189088
	73  -  MemoryUsage of job (MB)
	74000  -  ResidentSetSize of job (KB)
...
006 (558226.000.000) 08/13 15:12:40 Image size of job updated: 231344
	113  -  MemoryUsage of job (MB)
	115264  -  ResidentSetSize of job (KB)
...
006 (558226.000.000) 08/13 15:17:41 Image size of job updated: 231344
	115  -  MemoryUsage of job (MB)
	116768  -  ResidentSetSize of job (KB)
...
005 (558226.000.000) 08/13 15:18:06 Job terminated.
	(1) Normal termination (return value 0)
		Usr 0 00:02:02, Sys 0 00:00:04  -  Run Remote Usage
		Usr 0 00:00:00, Sys 0 00:00:00  -  Run Local Usage
		Usr 0 00:02:02, Sys 0 00:00:04  -  Total Remote Usage
		Usr 0 00:00:00, Sys 0 00:00:00  -  Total Local Usage
	586627  -  Run Bytes Sent By Job
	62714  -  Run Bytes Received By Job
	586627  -  Total Bytes Sent By Job
	62714  -  Total Bytes Received By Job
	Partitionable Resources :    Usage  Request          
	   Cpus                 :                 1          
	   Disk (KB)            :      659      659          
	   Memory (MB)          :      115      115          
...
000 (565563.000.000) 08/20 12:57:53 Job submitted from host: <18.12.1.74:48322>
...
001 (565563.000.000) 08/20 12:58:11 Job executing on host: <18.12.9.33:40000>
...
006 (565563.000.000) 08/20 12:58:21 Image size of job updated: 2
	3  -  MemoryUsage of job (MB)
	2348  -  ResidentSetSize of job (KB)
...
006 (565563.000.000) 08/20 13:03:21 Image size of job updated: 230868
	100  -  MemoryUsage of job (MB)
	101620  -  ResidentSetSize of job (KB)
...
005 (565563.000.000) 08/20 13:12:33 Job terminated.
	(1) Normal termination (return value 0)
		Usr 0 00:02:07, Sys 0 00:00:04  -  Run Remote Usage
		Usr 0 00:00:00, Sys 0 00:00:00  -  Run Local Usage
		Usr 0 00:02:07, Sys 0 00:00:04  -  Total Remote Usage
		Usr 0 00:00:00, Sys 0 00:00:00  -  Total Local Usage
	586538  -  Run Bytes Sent By Job
	62731  -  Run Bytes Received By Job
	586538  -  Total Bytes Sent By Job
	62731  -  Total Bytes Received By Job
	Partitionable Resources :    Usage  Request          
	   Cpus                 :                 1          
	   Disk (KB)            :      659      659          
	   Memory (MB)          :      100      100          
...
000 (783056.000.000) 10/02 11:07:47 Job submitted from host: <18.12.1.74:41314>
...
007 (783056.000.000) 10/02 11:14:08 Shadow exception!
	Error from slot14@t2bat0227.cmsaf.mit.edu: Failed to transfer files
	0  -  Run Bytes Sent By Job
	0  -  Run Bytes Received By Job
...
001 (783056.000.000) 10/02 11:14:12 Job executing on host: <18.12.9.48:44380>
...
006 (783056.000.000) 10/02 11:14:12 Image size of job updated: 2
	0  -  MemoryUsage of job (MB)
	0  -  ResidentSetSize of job (KB)
...
005 (783056.000.000) 10/02 11:19:25 Job terminated.
	(1) Normal termination (return value 0)
		Usr 0 00:00:00, Sys 0 00:00:00  -  Run Remote Usage
		Usr 0 00:00:00, Sys 0 00:00:00  -  Run Local Usage
		Usr 0 00:00:00, Sys 0 00:00:00  -  Total Remote Usage
		Usr 0 00:00:00, Sys 0 00:00:00  -  Total Local Usage
	585522  -  Run Bytes Sent By Job
	62733  -  Run Bytes Received By Job
	585522  -  Total Bytes Sent By Job
	62733  -  Total Bytes Received By Job
	Partitionable Resources :    Usage  Request          
	   Cpus                 :                 1          
	   Disk (KB)            :      658      658          
	   Memory (MB)          :        0        0          
...
000 (783237.000.000) 10/02 16:13:30 Job submitted from host: <18.12.1.74:45913>
...
001 (783237.000.000) 10/02 16:14:01 Job executing on host: <18.12.9.76:43139>
...
006 (783237.000.000) 10/02 16:14:02 Image size of job updated: 2
	0  -  MemoryUsage of job (MB)
	0  -  ResidentSetSize of job (KB)
...
005 (783237.000.000) 10/02 16:14:03 Job terminated.
	(1) Normal termination (return value 0)
		Usr 0 00:00:00, Sys 0 00:00:00  -  Run Remote Usage
		Usr 0 00:00:00, Sys 0 00:00:00  -  Run Local Usage
		Usr 0 00:00:00, Sys 0 00:00:00  -  Total Remote Usage
		Usr 0 00:00:00, Sys 0 00:00:00  -  Total Local Usage
	585610  -  Run Bytes Sent By Job
	62733  -  Run Bytes Received By Job
	585610  -  Total Bytes Sent By Job
	62733  -  Total Bytes Received By Job
	Partitionable Resources :    Usage  Request          
	   Cpus                 :                 1          
	   Disk (KB)            :      658      658          
	   Memory (MB)          :        0        0          
...
000 (783418.000.000) 10/02 16:48:58 Job submitted from host: <18.12.1.74:45913>
...
001 (783418.000.000) 10/02 16:48:59 Job executing on host: <18.12.9.39:40292>
...
006 (783418.000.000) 10/02 16:49:00 Image size of job updated: 2
	0  -  MemoryUsage of job (MB)
	0  -  ResidentSetSize of job (KB)
...
005 (783418.000.000) 10/02 16:49:00 Job terminated.
	(1) Normal termination (return value 0)
		Usr 0 00:00:00, Sys 0 00:00:00  -  Run Remote Usage
		Usr 0 00:00:00, Sys 0 00:00:00  -  Run Local Usage
		Usr 0 00:00:00, Sys 0 00:00:00  -  Total Remote Usage
		Usr 0 00:00:00, Sys 0 00:00:00  -  Total Local Usage
	585823  -  Run Bytes Sent By Job
	62733  -  Run Bytes Received By Job
	585823  -  Total Bytes Sent By Job
	62733  -  Total Bytes Received By Job
	Partitionable Resources :    Usage  Request          
	   Cpus                 :                 1          
	   Disk (KB)            :      659      659          
	   Memory (MB)          :        0        0          
...
000 (783601.000.000) 10/05 09:25:52 Job submitted from host: <18.12.1.74:45913>
...
001 (783601.000.000) 10/05 09:26:13 Job executing on host: <18.12.6.91:49052>
...
006 (783601.000.000) 10/05 09:26:14 Image size of job updated: 9248
	0  -  MemoryUsage of job (MB)
	0  -  ResidentSetSize of job (KB)
...
005 (783601.000.000) 10/05 09:26:15 Job terminated.
	(1) Normal termination (return value 0)
		Usr 0 00:00:00, Sys 0 00:00:00  -  Run Remote Usage
		Usr 0 00:00:00, Sys 0 00:00:00  -  Run Local Usage
		Usr 0 00:00:00, Sys 0 00:00:00  -  Total Remote Usage
		Usr 0 00:00:00, Sys 0 00:00:00  -  Total Local Usage
	585650  -  Run Bytes Sent By Job
	62732  -  Run Bytes Received By Job
	585650  -  Total Bytes Sent By Job
	62732  -  Total Bytes Received By Job
	Partitionable Resources :    Usage  Request          
	   Cpus                 :                 1          
	   Disk (KB)            :      658      658          
	   Memory (MB)          :        0        0          
...
000 (783782.000.000) 10/05 10:00:28 Job submitted from host: <18.12.1.74:45913>
...
001 (783782.000.000) 10/05 10:00:54 Job executing on host: <18.12.8.127:41898>
...
006 (783782.000.000) 10/05 10:01:03 Image size of job updated: 2
	2  -  MemoryUsage of job (MB)
	1724  -  ResidentSetSize of job (KB)
...
006 (783782.000.000) 10/05 10:01:34 Image size of job updated: 26048
	2  -  MemoryUsage of job (MB)
	1724  -  ResidentSetSize of job (KB)
...
005 (783782.000.000) 10/05 10:01:34 Job terminated.
	(1) Normal termination (return value 0)
		Usr 0 00:00:00, Sys 0 00:00:00  -  Run Remote Usage
		Usr 0 00:00:00, Sys 0 00:00:00  -  Run Local Usage
		Usr 0 00:00:00, Sys 0 00:00:00  -  Total Remote Usage
		Usr 0 00:00:00, Sys 0 00:00:00  -  Total Local Usage
	585508  -  Run Bytes Sent By Job
	62731  -  Run Bytes Received By Job
	585508  -  Total Bytes Sent By Job
	62731  -  Total Bytes Received By Job
	Partitionable Resources :    Usage  Request          
	   Cpus                 :                 1          
	   Disk (KB)            :      658      658          
	   Memory (MB)          :        2        2          
...
000 (783964.000.000) 10/05 12:25:33 Job submitted from host: <18.12.1.74:45913>
...
001 (783964.000.000) 10/05 12:25:36 Job executing on host: <18.12.9.50:45037>
...
006 (783964.000.000) 10/05 12:25:36 Image size of job updated: 2
	0  -  MemoryUsage of job (MB)
	0  -  ResidentSetSize of job (KB)
...
005 (783964.000.000) 10/05 12:25:36 Job terminated.
	(1) Normal termination (return value 0)
		Usr 0 00:00:00, Sys 0 00:00:00  -  Run Remote Usage
		Usr 0 00:00:00, Sys 0 00:00:00  -  Run Local Usage
		Usr 0 00:00:00, Sys 0 00:00:00  -  Total Remote Usage
		Usr 0 00:00:00, Sys 0 00:00:00  -  Total Local Usage
	585808  -  Run Bytes Sent By Job
	62732  -  Run Bytes Received By Job
	585808  -  Total Bytes Sent By Job
	62732  -  Total Bytes Received By Job
	Partitionable Resources :    Usage  Request          
	   Cpus                 :                 1          
	   Disk (KB)            :      659      659          
	   Memory (MB)          :        0        0          
...
000 (784145.000.000) 10/05 12:28:52 Job submitted from host: <18.12.1.74:45913>
...
001 (784145.000.000) 10/05 12:29:21 Job executing on host: <18.12.9.26:44234>
...
006 (784145.000.000) 10/05 12:29:30 Image size of job updated: 230220
	95  -  MemoryUsage of job (MB)
	96812  -  ResidentSetSize of job (KB)
...
006 (784145.000.000) 10/05 12:34:32 Image size of job updated: 230728
	114  -  MemoryUsage of job (MB)
	116196  -  ResidentSetSize of job (KB)
...
005 (784145.000.000) 10/05 12:34:50 Job terminated.
	(1) Normal termination (return value 0)
		Usr 0 00:01:45, Sys 0 00:00:01  -  Run Remote Usage
		Usr 0 00:00:00, Sys 0 00:00:00  -  Run Local Usage
		Usr 0 00:01:45, Sys 0 00:00:01  -  Total Remote Usage
		Usr 0 00:00:00, Sys 0 00:00:00  -  Total Local Usage
	587274  -  Run Bytes Sent By Job
	62733  -  Run Bytes Received By Job
	587274  -  Total Bytes Sent By Job
	62733  -  Total Bytes Received By Job
	Partitionable Resources :    Usage  Request          
	   Cpus                 :                 1          
	   Disk (KB)            :      660      660          
	   Memory (MB)          :      114      114          
...
000 (786214.000.000) 10/05 14:34:48 Job submitted from host: <18.12.1.74:45913>
...
001 (786214.000.000) 10/05 14:36:06 Job executing on host: <18.12.8.79:41095>
...
006 (786214.000.000) 10/05 14:36:15 Image size of job updated: 230092
	95  -  MemoryUsage of job (MB)
	96748  -  ResidentSetSize of job (KB)
...
006 (786214.000.000) 10/05 14:39:42 Image size of job updated: 230864
	95  -  MemoryUsage of job (MB)
	96748  -  ResidentSetSize of job (KB)
...
005 (786214.000.000) 10/05 14:39:42 Job terminated.
	(1) Normal termination (return value 0)
		Usr 0 00:02:01, Sys 0 00:00:02  -  Run Remote Usage
		Usr 0 00:00:00, Sys 0 00:00:00  -  Run Local Usage
		Usr 0 00:02:01, Sys 0 00:00:02  -  Total Remote Usage
		Usr 0 00:00:00, Sys 0 00:00:00  -  Total Local Usage
	586329  -  Run Bytes Sent By Job
	62729  -  Run Bytes Received By Job
	586329  -  Total Bytes Sent By Job
	62729  -  Total Bytes Received By Job
	Partitionable Resources :    Usage  Request          
	   Cpus                 :                 1          
	   Disk (KB)            :      659      659          
	   Memory (MB)          :       95       95          
...
000 (788053.000.000) 10/08 16:10:27 Job submitted from host: <18.12.1.74:45913>
...
001 (788053.000.000) 10/08 16:24:10 Job executing on host: <18.12.8.199:41314>
...
006 (788053.000.000) 10/08 16:24:19 Image size of job updated: 9248
	2  -  MemoryUsage of job (MB)
	1272  -  ResidentSetSize of job (KB)
...
006 (788053.000.000) 10/08 16:27:58 Image size of job updated: 230748
	2  -  MemoryUsage of job (MB)
	1272  -  ResidentSetSize of job (KB)
...
005 (788053.000.000) 10/08 16:27:58 Job terminated.
	(1) Normal termination (return value 0)
		Usr 0 00:02:18, Sys 0 00:00:02  -  Run Remote Usage
		Usr 0 00:00:00, Sys 0 00:00:00  -  Run Local Usage
		Usr 0 00:02:18, Sys 0 00:00:02  -  Total Remote Usage
		Usr 0 00:00:00, Sys 0 00:00:00  -  Total Local Usage
	585446  -  Run Bytes Sent By Job
	62697  -  Run Bytes Received By Job
	585446  -  Total Bytes Sent By Job
	62697  -  Total Bytes Received By Job
	Partitionable Resources :    Usage  Request          
	   Cpus                 :                 1          
	   Disk (KB)            :      658      658          
	   Memory (MB)          :        2        2          
...
000 (788416.000.000) 10/09 10:00:37 Job submitted from host: <18.12.1.74:45913>
...
001 (788416.000.000) 10/09 10:11:49 Job executing on host: <18.12.8.211:46570>
...
006 (788416.000.000) 10/09 10:11:57 Image size of job updated: 193784
	78  -  MemoryUsage of job (MB)
	79612  -  ResidentSetSize of job (KB)
...
006 (788416.000.000) 10/09 10:16:57 Image size of job updated: 230852
	78  -  MemoryUsage of job (MB)
	79612  -  ResidentSetSize of job (KB)
...
005 (788416.000.000) 10/09 10:17:40 Job terminated.
	(1) Normal termination (return value 0)
		Usr 0 00:02:14, Sys 0 00:00:02  -  Run Remote Usage
		Usr 0 00:00:00, Sys 0 00:00:00  -  Run Local Usage
		Usr 0 00:02:14, Sys 0 00:00:02  -  Total Remote Usage
		Usr 0 00:00:00, Sys 0 00:00:00  -  Total Local Usage
	585302  -  Run Bytes Sent By Job
	62694  -  Run Bytes Received By Job
	585302  -  Total Bytes Sent By Job
	62694  -  Total Bytes Received By Job
	Partitionable Resources :    Usage  Request          
	   Cpus                 :                 1          
	   Disk (KB)            :     1653     1653          
	   Memory (MB)          :       78       78          
...
000 (788963.000.000) 10/12 11:22:17 Job submitted from host: <18.12.1.74:45913>
...
001 (788963.000.000) 10/12 11:43:37 Job executing on host: <18.12.8.208:49709>
...
006 (788963.000.000) 10/12 11:43:45 Image size of job updated: 2
	3  -  MemoryUsage of job (MB)
	2356  -  ResidentSetSize of job (KB)
...
006 (788963.000.000) 10/12 11:47:49 Image size of job updated: 230852
	3  -  MemoryUsage of job (MB)
	2356  -  ResidentSetSize of job (KB)
...
005 (788963.000.000) 10/12 11:47:50 Job terminated.
	(1) Normal termination (return value 0)
		Usr 0 00:02:11, Sys 0 00:00:02  -  Run Remote Usage
		Usr 0 00:00:00, Sys 0 00:00:00  -  Run Local Usage
		Usr 0 00:02:11, Sys 0 00:00:02  -  Total Remote Usage
		Usr 0 00:00:00, Sys 0 00:00:00  -  Total Local Usage
	585455  -  Run Bytes Sent By Job
	62702  -  Run Bytes Received By Job
	585455  -  Total Bytes Sent By Job
	62702  -  Total Bytes Received By Job
	Partitionable Resources :    Usage  Request          
	   Cpus                 :                 1          
	   Disk (KB)            :      658      658          
	   Memory (MB)          :        3        3          
...
