000 (556332.000.000) 08/12 14:10:46 Job submitted from host: <18.12.1.74:48322>
...
001 (556332.000.000) 08/12 14:21:52 Job executing on host: <18.12.8.250:48833>
...
006 (556332.000.000) 08/12 14:22:01 Image size of job updated: 2
	3  -  MemoryUsage of job (MB)
	2344  -  ResidentSetSize of job (KB)
...
006 (556332.000.000) 08/12 14:25:30 Image size of job updated: 230044
	3  -  MemoryUsage of job (MB)
	2344  -  ResidentSetSize of job (KB)
...
005 (556332.000.000) 08/12 14:25:31 Job terminated.
	(1) Normal termination (return value 0)
		Usr 0 00:00:27, Sys 0 00:00:00  -  Run Remote Usage
		Usr 0 00:00:00, Sys 0 00:00:00  -  Run Local Usage
		Usr 0 00:00:27, Sys 0 00:00:00  -  Total Remote Usage
		Usr 0 00:00:00, Sys 0 00:00:00  -  Total Local Usage
	586051  -  Run Bytes Sent By Job
	62715  -  Run Bytes Received By Job
	586051  -  Total Bytes Sent By Job
	62715  -  Total Bytes Received By Job
	Partitionable Resources :    Usage  Request          
	   Cpus                 :                 1          
	   Disk (KB)            :      659      659          
	   Memory (MB)          :        3        3          
...
000 (557592.000.000) 08/13 11:57:21 Job submitted from host: <18.12.1.74:48322>
...
001 (557592.000.000) 08/13 12:11:44 Job executing on host: <18.12.9.52:43066>
...
006 (557592.000.000) 08/13 12:11:52 Image size of job updated: 2
	3  -  MemoryUsage of job (MB)
	2352  -  ResidentSetSize of job (KB)
...
006 (557592.000.000) 08/13 12:12:41 Image size of job updated: 230052
	3  -  MemoryUsage of job (MB)
	2352  -  ResidentSetSize of job (KB)
...
005 (557592.000.000) 08/13 12:12:41 Job terminated.
	(1) Normal termination (return value 0)
		Usr 0 00:00:22, Sys 0 00:00:00  -  Run Remote Usage
		Usr 0 00:00:00, Sys 0 00:00:00  -  Run Local Usage
		Usr 0 00:00:22, Sys 0 00:00:00  -  Total Remote Usage
		Usr 0 00:00:00, Sys 0 00:00:00  -  Total Local Usage
	586107  -  Run Bytes Sent By Job
	62715  -  Run Bytes Received By Job
	586107  -  Total Bytes Sent By Job
	62715  -  Total Bytes Received By Job
	Partitionable Resources :    Usage  Request          
	   Cpus                 :                 1          
	   Disk (KB)            :      659      659          
	   Memory (MB)          :        3        3          
...
000 (558108.000.000) 08/13 14:31:05 Job submitted from host: <18.12.1.74:48322>
...
001 (558108.000.000) 08/13 14:44:37 Job executing on host: <18.12.9.50:43066>
...
006 (558108.000.000) 08/13 14:44:46 Image size of job updated: 230052
	93  -  MemoryUsage of job (MB)
	95048  -  ResidentSetSize of job (KB)
...
005 (558108.000.000) 08/13 14:45:52 Job terminated.
	(1) Normal termination (return value 0)
		Usr 0 00:00:27, Sys 0 00:00:01  -  Run Remote Usage
		Usr 0 00:00:00, Sys 0 00:00:00  -  Run Local Usage
		Usr 0 00:00:27, Sys 0 00:00:01  -  Total Remote Usage
		Usr 0 00:00:00, Sys 0 00:00:00  -  Total Local Usage
	586108  -  Run Bytes Sent By Job
	62714  -  Run Bytes Received By Job
	586108  -  Total Bytes Sent By Job
	62714  -  Total Bytes Received By Job
	Partitionable Resources :    Usage  Request          
	   Cpus                 :                 1          
	   Disk (KB)            :      659      659          
	   Memory (MB)          :       93       93          
...
000 (565445.000.000) 08/20 12:36:56 Job submitted from host: <18.12.1.74:48322>
...
001 (565445.000.000) 08/20 12:44:32 Job executing on host: <18.12.8.21:41898>
...
006 (565445.000.000) 08/20 12:44:41 Image size of job updated: 67860
	16  -  MemoryUsage of job (MB)
	15432  -  ResidentSetSize of job (KB)
...
006 (565445.000.000) 08/20 12:45:32 Image size of job updated: 230124
	16  -  MemoryUsage of job (MB)
	15432  -  ResidentSetSize of job (KB)
...
005 (565445.000.000) 08/20 12:53:46 Job terminated.
	(1) Normal termination (return value 0)
		Usr 0 00:00:30, Sys 0 00:00:01  -  Run Remote Usage
		Usr 0 00:00:00, Sys 0 00:00:00  -  Run Local Usage
		Usr 0 00:00:30, Sys 0 00:00:01  -  Total Remote Usage
		Usr 0 00:00:00, Sys 0 00:00:00  -  Total Local Usage
	585876  -  Run Bytes Sent By Job
	62731  -  Run Bytes Received By Job
	585876  -  Total Bytes Sent By Job
	62731  -  Total Bytes Received By Job
	Partitionable Resources :    Usage  Request          
	   Cpus                 :                 1          
	   Disk (KB)            :      658      658          
	   Memory (MB)          :       16       16          
...
