000 (555997.000.000) 08/12 11:33:34 Job submitted from host: <18.12.1.74:48322>
...
001 (555997.000.000) 08/12 11:35:03 Job executing on host: <18.12.8.152:47811>
...
006 (555997.000.000) 08/12 11:35:11 Image size of job updated: 2
	3  -  MemoryUsage of job (MB)
	2352  -  ResidentSetSize of job (KB)
...
006 (555997.000.000) 08/12 11:35:18 Image size of job updated: 229940
	3  -  MemoryUsage of job (MB)
	2352  -  ResidentSetSize of job (KB)
...
005 (555997.000.000) 08/12 11:35:18 Job terminated.
	(1) Normal termination (return value 0)
		Usr 0 00:00:03, Sys 0 00:00:00  -  Run Remote Usage
		Usr 0 00:00:00, Sys 0 00:00:00  -  Run Local Usage
		Usr 0 00:00:03, Sys 0 00:00:00  -  Total Remote Usage
		Usr 0 00:00:00, Sys 0 00:00:00  -  Total Local Usage
	586004  -  Run Bytes Sent By Job
	62715  -  Run Bytes Received By Job
	586004  -  Total Bytes Sent By Job
	62715  -  Total Bytes Received By Job
	Partitionable Resources :    Usage  Request          
	   Cpus                 :                 1          
	   Disk (KB)            :      659      659          
	   Memory (MB)          :        3        3          
...
000 (566366.000.000) 08/20 20:59:34 Job submitted from host: <18.12.1.74:48322>
...
001 (566366.000.000) 08/20 20:59:45 Job executing on host: <18.12.9.37:49636>
...
006 (566366.000.000) 08/20 20:59:54 Image size of job updated: 2
	3  -  MemoryUsage of job (MB)
	2352  -  ResidentSetSize of job (KB)
...
006 (566366.000.000) 08/20 21:00:27 Image size of job updated: 238104
	3  -  MemoryUsage of job (MB)
	2352  -  ResidentSetSize of job (KB)
...
022 (566366.000.000) 08/20 21:00:27 Job disconnected, attempting to reconnect
    Socket between submit and execute hosts closed unexpectedly
    Trying to reconnect to slot21@t2bat0293.cmsaf.mit.edu <18.12.9.37:49636>
...
023 (566366.000.000) 08/20 21:00:27 Job reconnected to slot21@t2bat0293.cmsaf.mit.edu
    startd address: <18.12.9.37:49636>
    starter address: <18.12.9.37:45986>
...
022 (566366.000.000) 08/20 21:00:29 Job disconnected, attempting to reconnect
    Socket between submit and execute hosts closed unexpectedly
    Trying to reconnect to slot21@t2bat0293.cmsaf.mit.edu <18.12.9.37:49636>
...
023 (566366.000.000) 08/20 21:00:30 Job reconnected to slot21@t2bat0293.cmsaf.mit.edu
    startd address: <18.12.9.37:49636>
    starter address: <18.12.9.37:45986>
...
005 (566366.000.000) 08/20 21:06:42 Job terminated.
	(1) Normal termination (return value 0)
		Usr 0 00:00:06, Sys 0 00:00:00  -  Run Remote Usage
		Usr 0 00:00:00, Sys 0 00:00:00  -  Run Local Usage
		Usr 0 00:00:06, Sys 0 00:00:00  -  Total Remote Usage
		Usr 0 00:00:00, Sys 0 00:00:00  -  Total Local Usage
	586251  -  Run Bytes Sent By Job
	62731  -  Run Bytes Received By Job
	586251  -  Total Bytes Sent By Job
	62731  -  Total Bytes Received By Job
	Partitionable Resources :    Usage  Request          
	   Cpus                 :                 1          
	   Disk (KB)            :      659      659          
	   Memory (MB)          :        3        3          
...
000 (782371.000.000) 10/01 13:04:19 Job submitted from host: <18.12.1.74:47665>
...
001 (782371.000.000) 10/01 13:05:56 Job executing on host: <18.12.8.176:40511>
...
006 (782371.000.000) 10/01 13:06:04 Image size of job updated: 187644
	73  -  MemoryUsage of job (MB)
	73852  -  ResidentSetSize of job (KB)
...
006 (782371.000.000) 10/01 13:06:23 Image size of job updated: 229952
	73  -  MemoryUsage of job (MB)
	73852  -  ResidentSetSize of job (KB)
...
005 (782371.000.000) 10/01 13:06:23 Job terminated.
	(1) Normal termination (return value 0)
		Usr 0 00:00:04, Sys 0 00:00:00  -  Run Remote Usage
		Usr 0 00:00:00, Sys 0 00:00:00  -  Run Local Usage
		Usr 0 00:00:04, Sys 0 00:00:00  -  Total Remote Usage
		Usr 0 00:00:00, Sys 0 00:00:00  -  Total Local Usage
	585844  -  Run Bytes Sent By Job
	62730  -  Run Bytes Received By Job
	585844  -  Total Bytes Sent By Job
	62730  -  Total Bytes Received By Job
	Partitionable Resources :    Usage  Request          
	   Cpus                 :                 1          
	   Disk (KB)            :      658      658          
	   Memory (MB)          :       73       73          
...
000 (782552.000.000) 10/01 14:30:09 Job submitted from host: <18.12.1.74:47665>
...
001 (782552.000.000) 10/01 14:31:35 Job executing on host: <18.12.8.225:47957>
...
006 (782552.000.000) 10/01 14:31:44 Image size of job updated: 93588
	3  -  MemoryUsage of job (MB)
	2504  -  ResidentSetSize of job (KB)
...
006 (782552.000.000) 10/01 14:36:45 Image size of job updated: 227024
	93  -  MemoryUsage of job (MB)
	94948  -  ResidentSetSize of job (KB)
...
005 (782552.000.000) 10/01 14:40:04 Job terminated.
	(1) Normal termination (return value 0)
		Usr 0 00:00:01, Sys 0 00:00:00  -  Run Remote Usage
		Usr 0 00:00:00, Sys 0 00:00:00  -  Run Local Usage
		Usr 0 00:00:01, Sys 0 00:00:00  -  Total Remote Usage
		Usr 0 00:00:00, Sys 0 00:00:00  -  Total Local Usage
	832545  -  Run Bytes Sent By Job
	62736  -  Run Bytes Received By Job
	832545  -  Total Bytes Sent By Job
	62736  -  Total Bytes Received By Job
	Partitionable Resources :    Usage  Request          
	   Cpus                 :                 1          
	   Disk (KB)            :      899      899          
	   Memory (MB)          :       93       93          
...
000 (788093.000.000) 10/09 09:23:33 Job submitted from host: <18.12.1.74:45913>
...
001 (788093.000.000) 10/09 09:25:20 Job executing on host: <18.12.8.222:40584>
...
006 (788093.000.000) 10/09 09:25:28 Image size of job updated: 2
	3  -  MemoryUsage of job (MB)
	2368  -  ResidentSetSize of job (KB)
...
006 (788093.000.000) 10/09 09:25:34 Image size of job updated: 229940
	3  -  MemoryUsage of job (MB)
	2368  -  ResidentSetSize of job (KB)
...
005 (788093.000.000) 10/09 09:25:35 Job terminated.
	(1) Normal termination (return value 0)
		Usr 0 00:00:05, Sys 0 00:00:00  -  Run Remote Usage
		Usr 0 00:00:00, Sys 0 00:00:00  -  Run Local Usage
		Usr 0 00:00:05, Sys 0 00:00:00  -  Total Remote Usage
		Usr 0 00:00:00, Sys 0 00:00:00  -  Total Local Usage
	585235  -  Run Bytes Sent By Job
	62698  -  Run Bytes Received By Job
	585235  -  Total Bytes Sent By Job
	62698  -  Total Bytes Received By Job
	Partitionable Resources :    Usage  Request          
	   Cpus                 :                 1          
	   Disk (KB)            :      658      658          
	   Memory (MB)          :        3        3          
...
000 (788458.000.000) 10/12 09:47:54 Job submitted from host: <18.12.1.74:45913>
...
001 (788458.000.000) 10/12 09:52:25 Job executing on host: <18.12.8.101:40365>
...
006 (788458.000.000) 10/12 09:52:33 Image size of job updated: 2
	3  -  MemoryUsage of job (MB)
	2340  -  ResidentSetSize of job (KB)
...
006 (788458.000.000) 10/12 09:52:37 Image size of job updated: 229968
	3  -  MemoryUsage of job (MB)
	2340  -  ResidentSetSize of job (KB)
...
005 (788458.000.000) 10/12 09:52:37 Job terminated.
	(1) Normal termination (return value 0)
		Usr 0 00:00:04, Sys 0 00:00:00  -  Run Remote Usage
		Usr 0 00:00:00, Sys 0 00:00:00  -  Run Local Usage
		Usr 0 00:00:04, Sys 0 00:00:00  -  Total Remote Usage
		Usr 0 00:00:00, Sys 0 00:00:00  -  Total Local Usage
	584951  -  Run Bytes Sent By Job
	62703  -  Run Bytes Received By Job
	584951  -  Total Bytes Sent By Job
	62703  -  Total Bytes Received By Job
	Partitionable Resources :    Usage  Request          
	   Cpus                 :                 1          
	   Disk (KB)            :      658      658          
	   Memory (MB)          :        3        3          
...
