000 (556159.000.000) 08/12 11:33:50 Job submitted from host: <18.12.1.74:48322>
...
001 (556159.000.000) 08/12 12:04:15 Job executing on host: <18.12.8.154:41168>
...
006 (556159.000.000) 08/12 12:04:24 Image size of job updated: 13384
	2  -  MemoryUsage of job (MB)
	1980  -  ResidentSetSize of job (KB)
...
006 (556159.000.000) 08/12 12:09:24 Image size of job updated: 230868
	114  -  MemoryUsage of job (MB)
	116688  -  ResidentSetSize of job (KB)
...
005 (556159.000.000) 08/12 12:11:47 Job terminated.
	(1) Normal termination (return value 0)
		Usr 0 00:01:46, Sys 0 00:00:01  -  Run Remote Usage
		Usr 0 00:00:00, Sys 0 00:00:00  -  Run Local Usage
		Usr 0 00:01:46, Sys 0 00:00:01  -  Total Remote Usage
		Usr 0 00:00:00, Sys 0 00:00:00  -  Total Local Usage
	586291  -  Run Bytes Sent By Job
	62715  -  Run Bytes Received By Job
	586291  -  Total Bytes Sent By Job
	62715  -  Total Bytes Received By Job
	Partitionable Resources :    Usage  Request          
	   Cpus                 :                 1          
	   Disk (KB)            :      659      659          
	   Memory (MB)          :      114      114          
...
000 (566528.000.000) 08/20 21:09:53 Job submitted from host: <18.12.1.74:48322>
...
007 (566528.000.000) 08/20 21:10:01 Shadow exception!
	Error from slot18@t2bat0012.cmsaf.mit.edu: Failed to transfer files
	0  -  Run Bytes Sent By Job
	0  -  Run Bytes Received By Job
...
001 (566528.000.000) 08/20 21:10:13 Job executing on host: <18.12.9.28:40000>
...
006 (566528.000.000) 08/20 21:10:22 Image size of job updated: 187648
	71  -  MemoryUsage of job (MB)
	72508  -  ResidentSetSize of job (KB)
...
006 (566528.000.000) 08/20 21:15:22 Image size of job updated: 230864
	106  -  MemoryUsage of job (MB)
	108436  -  ResidentSetSize of job (KB)
...
006 (566528.000.000) 08/20 21:16:45 Image size of job updated: 237892
	106  -  MemoryUsage of job (MB)
	108436  -  ResidentSetSize of job (KB)
...
005 (566528.000.000) 08/20 21:23:41 Job terminated.
	(1) Normal termination (return value 0)
		Usr 0 00:01:57, Sys 0 00:00:02  -  Run Remote Usage
		Usr 0 00:00:00, Sys 0 00:00:00  -  Run Local Usage
		Usr 0 00:01:57, Sys 0 00:00:02  -  Total Remote Usage
		Usr 0 00:00:00, Sys 0 00:00:00  -  Total Local Usage
	586535  -  Run Bytes Sent By Job
	62731  -  Run Bytes Received By Job
	586535  -  Total Bytes Sent By Job
	62731  -  Total Bytes Received By Job
	Partitionable Resources :    Usage  Request          
	   Cpus                 :                 1          
	   Disk (KB)            :      660      660          
	   Memory (MB)          :      106      106          
...
