000 (556371.000.000) 08/12 14:10:50 Job submitted from host: <18.12.1.74:48322>
...
001 (556371.000.000) 08/12 14:28:54 Job executing on host: <18.12.9.39:46205>
...
006 (556371.000.000) 08/12 14:29:03 Image size of job updated: 187688
	71  -  MemoryUsage of job (MB)
	72576  -  ResidentSetSize of job (KB)
...
006 (556371.000.000) 08/12 14:34:04 Image size of job updated: 230416
	103  -  MemoryUsage of job (MB)
	104692  -  ResidentSetSize of job (KB)
...
006 (556371.000.000) 08/12 14:39:04 Image size of job updated: 230700
	107  -  MemoryUsage of job (MB)
	109516  -  ResidentSetSize of job (KB)
...
005 (556371.000.000) 08/12 14:42:24 Job terminated.
	(1) Normal termination (return value 0)
		Usr 0 00:01:39, Sys 0 00:00:04  -  Run Remote Usage
		Usr 0 00:00:00, Sys 0 00:00:00  -  Run Local Usage
		Usr 0 00:01:39, Sys 0 00:00:04  -  Total Remote Usage
		Usr 0 00:00:00, Sys 0 00:00:00  -  Total Local Usage
	586554  -  Run Bytes Sent By Job
	62715  -  Run Bytes Received By Job
	586554  -  Total Bytes Sent By Job
	62715  -  Total Bytes Received By Job
	Partitionable Resources :    Usage  Request          
	   Cpus                 :                 1          
	   Disk (KB)            :      659      659          
	   Memory (MB)          :      107      107          
...
000 (557631.000.000) 08/13 11:57:25 Job submitted from host: <18.12.1.74:48322>
...
001 (557631.000.000) 08/13 12:20:30 Job executing on host: <18.12.8.20:43504>
...
006 (557631.000.000) 08/13 12:20:38 Image size of job updated: 2
	3  -  MemoryUsage of job (MB)
	2340  -  ResidentSetSize of job (KB)
...
006 (557631.000.000) 08/13 12:23:49 Image size of job updated: 230700
	3  -  MemoryUsage of job (MB)
	2340  -  ResidentSetSize of job (KB)
...
005 (557631.000.000) 08/13 12:23:49 Job terminated.
	(1) Normal termination (return value 0)
		Usr 0 00:01:31, Sys 0 00:00:02  -  Run Remote Usage
		Usr 0 00:00:00, Sys 0 00:00:00  -  Run Local Usage
		Usr 0 00:01:31, Sys 0 00:00:02  -  Total Remote Usage
		Usr 0 00:00:00, Sys 0 00:00:00  -  Total Local Usage
	586221  -  Run Bytes Sent By Job
	62715  -  Run Bytes Received By Job
	586221  -  Total Bytes Sent By Job
	62715  -  Total Bytes Received By Job
	Partitionable Resources :    Usage  Request          
	   Cpus                 :                 1          
	   Disk (KB)            :      659      659          
	   Memory (MB)          :        3        3          
...
000 (558147.000.000) 08/13 14:31:08 Job submitted from host: <18.12.1.74:48322>
...
001 (558147.000.000) 08/13 14:55:45 Job executing on host: <18.12.9.47:41168>
...
006 (558147.000.000) 08/13 14:55:54 Image size of job updated: 2
	3  -  MemoryUsage of job (MB)
	2344  -  ResidentSetSize of job (KB)
...
006 (558147.000.000) 08/13 14:58:03 Image size of job updated: 230696
	3  -  MemoryUsage of job (MB)
	2344  -  ResidentSetSize of job (KB)
...
005 (558147.000.000) 08/13 14:58:03 Job terminated.
	(1) Normal termination (return value 0)
		Usr 0 00:01:27, Sys 0 00:00:01  -  Run Remote Usage
		Usr 0 00:00:00, Sys 0 00:00:00  -  Run Local Usage
		Usr 0 00:01:27, Sys 0 00:00:01  -  Total Remote Usage
		Usr 0 00:00:00, Sys 0 00:00:00  -  Total Local Usage
	586060  -  Run Bytes Sent By Job
	62714  -  Run Bytes Received By Job
	586060  -  Total Bytes Sent By Job
	62714  -  Total Bytes Received By Job
	Partitionable Resources :    Usage  Request          
	   Cpus                 :                 1          
	   Disk (KB)            :      659      659          
	   Memory (MB)          :        3        3          
...
000 (565484.000.000) 08/20 12:46:09 Job submitted from host: <18.12.1.74:48322>
...
001 (565484.000.000) 08/20 12:46:51 Job executing on host: <18.12.9.61:42555>
...
006 (565484.000.000) 08/20 12:47:00 Image size of job updated: 2
	3  -  MemoryUsage of job (MB)
	2352  -  ResidentSetSize of job (KB)
...
006 (565484.000.000) 08/20 12:48:49 Image size of job updated: 230696
	3  -  MemoryUsage of job (MB)
	2352  -  ResidentSetSize of job (KB)
...
005 (565484.000.000) 08/20 12:57:03 Job terminated.
	(1) Normal termination (return value 0)
		Usr 0 00:01:16, Sys 0 00:00:01  -  Run Remote Usage
		Usr 0 00:00:00, Sys 0 00:00:00  -  Run Local Usage
		Usr 0 00:01:16, Sys 0 00:00:01  -  Total Remote Usage
		Usr 0 00:00:00, Sys 0 00:00:00  -  Total Local Usage
	586331  -  Run Bytes Sent By Job
	62731  -  Run Bytes Received By Job
	586331  -  Total Bytes Sent By Job
	62731  -  Total Bytes Received By Job
	Partitionable Resources :    Usage  Request          
	   Cpus                 :                 1          
	   Disk (KB)            :      659      659          
	   Memory (MB)          :        3        3          
...
