000 (556084.000.000) 08/12 11:33:42 Job submitted from host: <18.12.1.74:48322>
...
001 (556084.000.000) 08/12 11:54:19 Job executing on host: <18.12.6.96:41168>
...
006 (556084.000.000) 08/12 11:54:28 Image size of job updated: 2
	3  -  MemoryUsage of job (MB)
	2344  -  ResidentSetSize of job (KB)
...
006 (556084.000.000) 08/12 11:59:29 Image size of job updated: 230648
	107  -  MemoryUsage of job (MB)
	108584  -  ResidentSetSize of job (KB)
...
005 (556084.000.000) 08/12 12:00:04 Job terminated.
	(1) Normal termination (return value 0)
		Usr 0 00:01:53, Sys 0 00:00:03  -  Run Remote Usage
		Usr 0 00:00:00, Sys 0 00:00:00  -  Run Local Usage
		Usr 0 00:01:53, Sys 0 00:00:03  -  Total Remote Usage
		Usr 0 00:00:00, Sys 0 00:00:00  -  Total Local Usage
	586146  -  Run Bytes Sent By Job
	62715  -  Run Bytes Received By Job
	586146  -  Total Bytes Sent By Job
	62715  -  Total Bytes Received By Job
	Partitionable Resources :    Usage  Request          
	   Cpus                 :                 1          
	   Disk (KB)            :      659      659          
	   Memory (MB)          :      107      107          
...
000 (566453.000.000) 08/20 21:04:55 Job submitted from host: <18.12.1.74:48322>
...
007 (566453.000.000) 08/20 21:05:27 Shadow exception!
	Error from slot23@t2bat0323.cmsaf.mit.edu: Failed to transfer files
	0  -  Run Bytes Sent By Job
	0  -  Run Bytes Received By Job
...
001 (566453.000.000) 08/20 21:05:35 Job executing on host: <18.12.9.67:40730>
...
006 (566453.000.000) 08/20 21:05:44 Image size of job updated: 226076
	91  -  MemoryUsage of job (MB)
	92460  -  ResidentSetSize of job (KB)
...
006 (566453.000.000) 08/20 21:09:00 Image size of job updated: 230520
	91  -  MemoryUsage of job (MB)
	92460  -  ResidentSetSize of job (KB)
...
005 (566453.000.000) 08/20 21:15:33 Job terminated.
	(1) Normal termination (return value 0)
		Usr 0 00:01:14, Sys 0 00:00:00  -  Run Remote Usage
		Usr 0 00:00:00, Sys 0 00:00:00  -  Run Local Usage
		Usr 0 00:01:14, Sys 0 00:00:00  -  Total Remote Usage
		Usr 0 00:00:00, Sys 0 00:00:00  -  Total Local Usage
	586216  -  Run Bytes Sent By Job
	62731  -  Run Bytes Received By Job
	586216  -  Total Bytes Sent By Job
	62731  -  Total Bytes Received By Job
	Partitionable Resources :    Usage  Request          
	   Cpus                 :                 1          
	   Disk (KB)            :      659      659          
	   Memory (MB)          :       91       91          
...
000 (782458.000.000) 10/01 13:04:29 Job submitted from host: <18.12.1.74:47665>
...
001 (782458.000.000) 10/01 13:14:20 Job executing on host: <18.12.8.79:41095>
...
006 (782458.000.000) 10/01 13:14:34 Image size of job updated: 230116
	94  -  MemoryUsage of job (MB)
	96248  -  ResidentSetSize of job (KB)
...
006 (782458.000.000) 10/01 13:19:04 Image size of job updated: 230652
	94  -  MemoryUsage of job (MB)
	96248  -  ResidentSetSize of job (KB)
...
005 (782458.000.000) 10/01 13:19:04 Job terminated.
	(1) Normal termination (return value 0)
		Usr 0 00:01:36, Sys 0 00:00:03  -  Run Remote Usage
		Usr 0 00:00:00, Sys 0 00:00:00  -  Run Local Usage
		Usr 0 00:01:36, Sys 0 00:00:03  -  Total Remote Usage
		Usr 0 00:00:00, Sys 0 00:00:00  -  Total Local Usage
	586304  -  Run Bytes Sent By Job
	62730  -  Run Bytes Received By Job
	586304  -  Total Bytes Sent By Job
	62730  -  Total Bytes Received By Job
	Partitionable Resources :    Usage  Request          
	   Cpus                 :                 1          
	   Disk (KB)            :      659      659          
	   Memory (MB)          :       94       94          
...
000 (782639.000.000) 10/01 14:31:31 Job submitted from host: <18.12.1.74:47665>
...
001 (782639.000.000) 10/01 14:33:15 Job executing on host: <18.12.6.74:46935>
...
006 (782639.000.000) 10/01 14:33:24 Image size of job updated: 2
	3  -  MemoryUsage of job (MB)
	2340  -  ResidentSetSize of job (KB)
...
006 (782639.000.000) 10/01 14:36:36 Image size of job updated: 227488
	3  -  MemoryUsage of job (MB)
	2340  -  ResidentSetSize of job (KB)
...
005 (782639.000.000) 10/01 14:39:22 Job terminated.
	(1) Normal termination (return value 0)
		Usr 0 00:00:55, Sys 0 00:00:01  -  Run Remote Usage
		Usr 0 00:00:00, Sys 0 00:00:00  -  Run Local Usage
		Usr 0 00:00:55, Sys 0 00:00:01  -  Total Remote Usage
		Usr 0 00:00:00, Sys 0 00:00:00  -  Total Local Usage
	4451758  -  Run Bytes Sent By Job
	62736  -  Run Bytes Received By Job
	4451758  -  Total Bytes Sent By Job
	62736  -  Total Bytes Received By Job
	Partitionable Resources :    Usage  Request          
	   Cpus                 :                 1          
	   Disk (KB)            :     4434     4434          
	   Memory (MB)          :        3        3          
...
000 (788180.000.000) 10/09 09:23:42 Job submitted from host: <18.12.1.74:45913>
...
001 (788180.000.000) 10/09 09:24:08 Job executing on host: <18.12.8.225:47957>
...
006 (788180.000.000) 10/09 09:24:17 Image size of job updated: 13384
	2  -  MemoryUsage of job (MB)
	1984  -  ResidentSetSize of job (KB)
...
006 (788180.000.000) 10/09 09:27:45 Image size of job updated: 230632
	2  -  MemoryUsage of job (MB)
	1984  -  ResidentSetSize of job (KB)
...
005 (788180.000.000) 10/09 09:27:45 Job terminated.
	(1) Normal termination (return value 0)
		Usr 0 00:01:52, Sys 0 00:00:02  -  Run Remote Usage
		Usr 0 00:00:00, Sys 0 00:00:00  -  Run Local Usage
		Usr 0 00:01:52, Sys 0 00:00:02  -  Total Remote Usage
		Usr 0 00:00:00, Sys 0 00:00:00  -  Total Local Usage
	585624  -  Run Bytes Sent By Job
	62698  -  Run Bytes Received By Job
	585624  -  Total Bytes Sent By Job
	62698  -  Total Bytes Received By Job
	Partitionable Resources :    Usage  Request          
	   Cpus                 :                 1          
	   Disk (KB)            :      658      658          
	   Memory (MB)          :        2        2          
...
000 (788545.000.000) 10/12 09:48:03 Job submitted from host: <18.12.1.74:45913>
...
001 (788545.000.000) 10/12 10:01:22 Job executing on host: <18.12.6.28:42482>
...
006 (788545.000.000) 10/12 10:01:31 Image size of job updated: 149144
	37  -  MemoryUsage of job (MB)
	37336  -  ResidentSetSize of job (KB)
...
006 (788545.000.000) 10/12 10:04:02 Image size of job updated: 230632
	37  -  MemoryUsage of job (MB)
	37336  -  ResidentSetSize of job (KB)
...
005 (788545.000.000) 10/12 10:04:02 Job terminated.
	(1) Normal termination (return value 0)
		Usr 0 00:01:45, Sys 0 00:00:01  -  Run Remote Usage
		Usr 0 00:00:00, Sys 0 00:00:00  -  Run Local Usage
		Usr 0 00:01:45, Sys 0 00:00:01  -  Total Remote Usage
		Usr 0 00:00:00, Sys 0 00:00:00  -  Total Local Usage
	585198  -  Run Bytes Sent By Job
	62703  -  Run Bytes Received By Job
	585198  -  Total Bytes Sent By Job
	62703  -  Total Bytes Received By Job
	Partitionable Resources :    Usage  Request          
	   Cpus                 :                 1          
	   Disk (KB)            :      658      658          
	   Memory (MB)          :       37       37          
...
