000 (556108.000.000) 08/12 11:33:45 Job submitted from host: <18.12.1.74:48322>
...
001 (556108.000.000) 08/12 11:58:44 Job executing on host: <18.12.8.163:40511>
...
006 (556108.000.000) 08/12 11:58:53 Image size of job updated: 229984
	95  -  MemoryUsage of job (MB)
	96648  -  ResidentSetSize of job (KB)
...
005 (556108.000.000) 08/12 12:00:25 Job terminated.
	(1) Normal termination (return value 0)
		Usr 0 00:00:36, Sys 0 00:00:00  -  Run Remote Usage
		Usr 0 00:00:00, Sys 0 00:00:00  -  Run Local Usage
		Usr 0 00:00:36, Sys 0 00:00:00  -  Total Remote Usage
		Usr 0 00:00:00, Sys 0 00:00:00  -  Total Local Usage
	586076  -  Run Bytes Sent By Job
	62715  -  Run Bytes Received By Job
	586076  -  Total Bytes Sent By Job
	62715  -  Total Bytes Received By Job
	Partitionable Resources :    Usage  Request          
	   Cpus                 :                 1          
	   Disk (KB)            :      659      659          
	   Memory (MB)          :       95       95          
...
000 (566477.000.000) 08/20 21:06:41 Job submitted from host: <18.12.1.74:48322>
...
001 (566477.000.000) 08/20 21:07:03 Job executing on host: <18.12.9.71:41606>
...
006 (566477.000.000) 08/20 21:07:12 Image size of job updated: 229988
	94  -  MemoryUsage of job (MB)
	95240  -  ResidentSetSize of job (KB)
...
005 (566477.000.000) 08/20 21:14:42 Job terminated.
	(1) Normal termination (return value 0)
		Usr 0 00:00:33, Sys 0 00:00:00  -  Run Remote Usage
		Usr 0 00:00:00, Sys 0 00:00:00  -  Run Local Usage
		Usr 0 00:00:33, Sys 0 00:00:00  -  Total Remote Usage
		Usr 0 00:00:00, Sys 0 00:00:00  -  Total Local Usage
	586043  -  Run Bytes Sent By Job
	62731  -  Run Bytes Received By Job
	586043  -  Total Bytes Sent By Job
	62731  -  Total Bytes Received By Job
	Partitionable Resources :    Usage  Request          
	   Cpus                 :                 1          
	   Disk (KB)            :      659      659          
	   Memory (MB)          :       94       94          
...
000 (782482.000.000) 10/01 13:04:32 Job submitted from host: <18.12.1.74:47665>
...
001 (782482.000.000) 10/01 13:15:16 Job executing on host: <18.12.8.140:44453>
...
006 (782482.000.000) 10/01 13:15:25 Image size of job updated: 2
	3  -  MemoryUsage of job (MB)
	2368  -  ResidentSetSize of job (KB)
...
006 (782482.000.000) 10/01 13:19:05 Image size of job updated: 229984
	3  -  MemoryUsage of job (MB)
	2368  -  ResidentSetSize of job (KB)
...
005 (782482.000.000) 10/01 13:19:05 Job terminated.
	(1) Normal termination (return value 0)
		Usr 0 00:00:34, Sys 0 00:00:00  -  Run Remote Usage
		Usr 0 00:00:00, Sys 0 00:00:00  -  Run Local Usage
		Usr 0 00:00:34, Sys 0 00:00:00  -  Total Remote Usage
		Usr 0 00:00:00, Sys 0 00:00:00  -  Total Local Usage
	585987  -  Run Bytes Sent By Job
	62730  -  Run Bytes Received By Job
	585987  -  Total Bytes Sent By Job
	62730  -  Total Bytes Received By Job
	Partitionable Resources :    Usage  Request          
	   Cpus                 :                 1          
	   Disk (KB)            :      659      659          
	   Memory (MB)          :        3        3          
...
000 (782663.000.000) 10/01 14:31:51 Job submitted from host: <18.12.1.74:47665>
...
001 (782663.000.000) 10/01 14:33:26 Job executing on host: <18.12.8.227:43066>
...
006 (782663.000.000) 10/01 14:33:35 Image size of job updated: 2
	3  -  MemoryUsage of job (MB)
	2348  -  ResidentSetSize of job (KB)
...
006 (782663.000.000) 10/01 14:38:35 Image size of job updated: 227108
	89  -  MemoryUsage of job (MB)
	90928  -  ResidentSetSize of job (KB)
...
005 (782663.000.000) 10/01 14:42:29 Job terminated.
	(1) Normal termination (return value 0)
		Usr 0 00:00:12, Sys 0 00:00:00  -  Run Remote Usage
		Usr 0 00:00:00, Sys 0 00:00:00  -  Run Local Usage
		Usr 0 00:00:12, Sys 0 00:00:00  -  Total Remote Usage
		Usr 0 00:00:00, Sys 0 00:00:00  -  Total Local Usage
	2190266  -  Run Bytes Sent By Job
	62736  -  Run Bytes Received By Job
	2190266  -  Total Bytes Sent By Job
	62736  -  Total Bytes Received By Job
	Partitionable Resources :    Usage  Request          
	   Cpus                 :                 1          
	   Disk (KB)            :     2225     2225          
	   Memory (MB)          :       89       89          
...
000 (788204.000.000) 10/09 09:23:44 Job submitted from host: <18.12.1.74:45913>
...
001 (788204.000.000) 10/09 09:24:13 Job executing on host: <18.12.8.217:42555>
...
006 (788204.000.000) 10/09 09:24:22 Image size of job updated: 93584
	3  -  MemoryUsage of job (MB)
	2424  -  ResidentSetSize of job (KB)
...
006 (788204.000.000) 10/09 09:26:08 Image size of job updated: 229964
	3  -  MemoryUsage of job (MB)
	2424  -  ResidentSetSize of job (KB)
...
005 (788204.000.000) 10/09 09:26:09 Job terminated.
	(1) Normal termination (return value 0)
		Usr 0 00:00:46, Sys 0 00:00:01  -  Run Remote Usage
		Usr 0 00:00:00, Sys 0 00:00:00  -  Run Local Usage
		Usr 0 00:00:46, Sys 0 00:00:01  -  Total Remote Usage
		Usr 0 00:00:00, Sys 0 00:00:00  -  Total Local Usage
	585307  -  Run Bytes Sent By Job
	62698  -  Run Bytes Received By Job
	585307  -  Total Bytes Sent By Job
	62698  -  Total Bytes Received By Job
	Partitionable Resources :    Usage  Request          
	   Cpus                 :                 1          
	   Disk (KB)            :      658      658          
	   Memory (MB)          :        3        3          
...
000 (788569.000.000) 10/12 09:48:05 Job submitted from host: <18.12.1.74:45913>
...
001 (788569.000.000) 10/12 09:58:05 Job executing on host: <18.12.6.28:42482>
...
006 (788569.000.000) 10/12 09:58:13 Image size of job updated: 189516
	76  -  MemoryUsage of job (MB)
	76944  -  ResidentSetSize of job (KB)
...
006 (788569.000.000) 10/12 09:59:12 Image size of job updated: 229968
	76  -  MemoryUsage of job (MB)
	76944  -  ResidentSetSize of job (KB)
...
005 (788569.000.000) 10/12 09:59:12 Job terminated.
	(1) Normal termination (return value 0)
		Usr 0 00:00:46, Sys 0 00:00:00  -  Run Remote Usage
		Usr 0 00:00:00, Sys 0 00:00:00  -  Run Local Usage
		Usr 0 00:00:46, Sys 0 00:00:00  -  Total Remote Usage
		Usr 0 00:00:00, Sys 0 00:00:00  -  Total Local Usage
	585025  -  Run Bytes Sent By Job
	62703  -  Run Bytes Received By Job
	585025  -  Total Bytes Sent By Job
	62703  -  Total Bytes Received By Job
	Partitionable Resources :    Usage  Request          
	   Cpus                 :                 1          
	   Disk (KB)            :      658      658          
	   Memory (MB)          :       76       76          
...
