000 (556148.000.000) 08/12 11:33:49 Job submitted from host: <18.12.1.74:48322>
...
001 (556148.000.000) 08/12 12:02:40 Job executing on host: <18.12.12.67:49709>
...
006 (556148.000.000) 08/12 12:02:49 Image size of job updated: 230668
	97  -  MemoryUsage of job (MB)
	98428  -  ResidentSetSize of job (KB)
...
006 (556148.000.000) 08/12 12:07:50 Image size of job updated: 230800
	101  -  MemoryUsage of job (MB)
	103388  -  ResidentSetSize of job (KB)
...
005 (556148.000.000) 08/12 12:08:04 Job terminated.
	(1) Normal termination (return value 0)
		Usr 0 00:02:12, Sys 0 00:00:02  -  Run Remote Usage
		Usr 0 00:00:00, Sys 0 00:00:00  -  Run Local Usage
		Usr 0 00:02:12, Sys 0 00:00:02  -  Total Remote Usage
		Usr 0 00:00:00, Sys 0 00:00:00  -  Total Local Usage
	586104  -  Run Bytes Sent By Job
	62715  -  Run Bytes Received By Job
	586104  -  Total Bytes Sent By Job
	62715  -  Total Bytes Received By Job
	Partitionable Resources :    Usage  Request          
	   Cpus                 :                 1          
	   Disk (KB)            :      659      659          
	   Memory (MB)          :      101      101          
...
000 (566517.000.000) 08/20 21:09:08 Job submitted from host: <18.12.1.74:48322>
...
001 (566517.000.000) 08/20 21:09:14 Job executing on host: <18.12.9.15:47665>
...
006 (566517.000.000) 08/20 21:09:22 Image size of job updated: 13384
	2  -  MemoryUsage of job (MB)
	1976  -  ResidentSetSize of job (KB)
...
006 (566517.000.000) 08/20 21:12:11 Image size of job updated: 230796
	2  -  MemoryUsage of job (MB)
	1976  -  ResidentSetSize of job (KB)
...
005 (566517.000.000) 08/20 21:18:32 Job terminated.
	(1) Normal termination (return value 0)
		Usr 0 00:02:08, Sys 0 00:00:01  -  Run Remote Usage
		Usr 0 00:00:00, Sys 0 00:00:00  -  Run Local Usage
		Usr 0 00:02:08, Sys 0 00:00:01  -  Total Remote Usage
		Usr 0 00:00:00, Sys 0 00:00:00  -  Total Local Usage
	586230  -  Run Bytes Sent By Job
	62731  -  Run Bytes Received By Job
	586230  -  Total Bytes Sent By Job
	62731  -  Total Bytes Received By Job
	Partitionable Resources :    Usage  Request          
	   Cpus                 :                 1          
	   Disk (KB)            :      659      659          
	   Memory (MB)          :        2        2          
...
