000 (554343.000.000) 08/11 09:09:22 Job submitted from host: <18.12.1.74:48322>
...
001 (554343.000.000) 08/11 09:09:55 Job executing on host: <18.12.9.50:43066>
...
006 (554343.000.000) 08/11 09:10:04 Image size of job updated: 68524
	16  -  MemoryUsage of job (MB)
	16352  -  ResidentSetSize of job (KB)
...
006 (554343.000.000) 08/11 09:12:24 Image size of job updated: 230672
	16  -  MemoryUsage of job (MB)
	16352  -  ResidentSetSize of job (KB)
...
005 (554343.000.000) 08/11 09:12:25 Job terminated.
	(1) Normal termination (return value 0)
		Usr 0 00:01:17, Sys 0 00:00:01  -  Run Remote Usage
		Usr 0 00:00:00, Sys 0 00:00:00  -  Run Local Usage
		Usr 0 00:01:17, Sys 0 00:00:01  -  Total Remote Usage
		Usr 0 00:00:00, Sys 0 00:00:00  -  Total Local Usage
	586291  -  Run Bytes Sent By Job
	62717  -  Run Bytes Received By Job
	586291  -  Total Bytes Sent By Job
	62717  -  Total Bytes Received By Job
	Partitionable Resources :    Usage  Request          
	   Cpus                 :                 1          
	   Disk (KB)            :      659      659          
	   Memory (MB)          :       16       16          
...
000 (558058.000.000) 08/13 13:34:28 Job submitted from host: <18.12.1.74:48322>
...
001 (558058.000.000) 08/13 14:07:47 Job executing on host: <18.12.9.56:42482>
...
006 (558058.000.000) 08/13 14:07:56 Image size of job updated: 193764
	78  -  MemoryUsage of job (MB)
	79616  -  ResidentSetSize of job (KB)
...
006 (558058.000.000) 08/13 14:11:38 Image size of job updated: 230672
	78  -  MemoryUsage of job (MB)
	79616  -  ResidentSetSize of job (KB)
...
005 (558058.000.000) 08/13 14:11:38 Job terminated.
	(1) Normal termination (return value 0)
		Usr 0 00:01:31, Sys 0 00:00:02  -  Run Remote Usage
		Usr 0 00:00:00, Sys 0 00:00:00  -  Run Local Usage
		Usr 0 00:01:31, Sys 0 00:00:02  -  Total Remote Usage
		Usr 0 00:00:00, Sys 0 00:00:00  -  Total Local Usage
	586290  -  Run Bytes Sent By Job
	62720  -  Run Bytes Received By Job
	586290  -  Total Bytes Sent By Job
	62720  -  Total Bytes Received By Job
	Partitionable Resources :    Usage  Request          
	   Cpus                 :                 1          
	   Disk (KB)            :      659      659          
	   Memory (MB)          :       78       78          
...
000 (566349.000.000) 08/20 20:29:35 Job submitted from host: <18.12.1.74:48322>
...
001 (566349.000.000) 08/20 20:30:00 Job executing on host: <18.12.9.53:45767>
...
006 (566349.000.000) 08/20 20:30:08 Image size of job updated: 193800
	78  -  MemoryUsage of job (MB)
	79600  -  ResidentSetSize of job (KB)
...
006 (566349.000.000) 08/20 20:31:47 Image size of job updated: 230704
	78  -  MemoryUsage of job (MB)
	79600  -  ResidentSetSize of job (KB)
...
005 (566349.000.000) 08/20 20:38:26 Job terminated.
	(1) Normal termination (return value 0)
		Usr 0 00:01:03, Sys 0 00:00:01  -  Run Remote Usage
		Usr 0 00:00:00, Sys 0 00:00:00  -  Run Local Usage
		Usr 0 00:01:03, Sys 0 00:00:01  -  Total Remote Usage
		Usr 0 00:00:00, Sys 0 00:00:00  -  Total Local Usage
	586229  -  Run Bytes Sent By Job
	62732  -  Run Bytes Received By Job
	586229  -  Total Bytes Sent By Job
	62732  -  Total Bytes Received By Job
	Partitionable Resources :    Usage  Request          
	   Cpus                 :                 1          
	   Disk (KB)            :      659      659          
	   Memory (MB)          :       78       78          
...
000 (782897.000.000) 10/01 15:59:59 Job submitted from host: <18.12.1.74:47665>
...
001 (782897.000.000) 10/01 16:00:54 Job executing on host: <18.12.8.121:40292>
...
006 (782897.000.000) 10/01 16:01:03 Image size of job updated: 13384
	2  -  MemoryUsage of job (MB)
	1968  -  ResidentSetSize of job (KB)
...
006 (782897.000.000) 10/01 16:06:03 Image size of job updated: 230536
	103  -  MemoryUsage of job (MB)
	105060  -  ResidentSetSize of job (KB)
...
006 (782897.000.000) 10/01 16:06:39 Image size of job updated: 230668
	103  -  MemoryUsage of job (MB)
	105060  -  ResidentSetSize of job (KB)
...
022 (782897.000.000) 10/01 16:06:39 Job disconnected, attempting to reconnect
    Socket between submit and execute hosts closed unexpectedly
    Trying to reconnect to slot8@t2bat0121.cmsaf.mit.edu <18.12.8.121:40292>
...
023 (782897.000.000) 10/01 16:06:39 Job reconnected to slot8@t2bat0121.cmsaf.mit.edu
    startd address: <18.12.8.121:40292>
    starter address: <18.12.8.121:45402>
...
022 (782897.000.000) 10/01 16:06:40 Job disconnected, attempting to reconnect
    Socket between submit and execute hosts closed unexpectedly
    Trying to reconnect to slot8@t2bat0121.cmsaf.mit.edu <18.12.8.121:40292>
...
023 (782897.000.000) 10/01 16:06:41 Job reconnected to slot8@t2bat0121.cmsaf.mit.edu
    startd address: <18.12.8.121:40292>
    starter address: <18.12.8.121:45402>
...
022 (782897.000.000) 10/01 16:06:41 Job disconnected, attempting to reconnect
    Socket between submit and execute hosts closed unexpectedly
    Trying to reconnect to slot8@t2bat0121.cmsaf.mit.edu <18.12.8.121:40292>
...
023 (782897.000.000) 10/01 16:06:42 Job reconnected to slot8@t2bat0121.cmsaf.mit.edu
    startd address: <18.12.8.121:40292>
    starter address: <18.12.8.121:45402>
...
022 (782897.000.000) 10/01 16:06:42 Job disconnected, attempting to reconnect
    Socket between submit and execute hosts closed unexpectedly
    Trying to reconnect to slot8@t2bat0121.cmsaf.mit.edu <18.12.8.121:40292>
...
023 (782897.000.000) 10/01 16:06:43 Job reconnected to slot8@t2bat0121.cmsaf.mit.edu
    startd address: <18.12.8.121:40292>
    starter address: <18.12.8.121:45402>
...
007 (782897.000.000) 10/01 16:06:43 Shadow exception!
	Error from slot8@t2bat0121.cmsaf.mit.edu: Repeated attempts to transfer output failed for unknown reasons
	0  -  Run Bytes Sent By Job
	62734  -  Run Bytes Received By Job
...
001 (782897.000.000) 10/01 16:06:52 Job executing on host: <18.12.8.219:42409>
...
022 (782897.000.000) 10/01 16:17:13 Job disconnected, attempting to reconnect
    Socket between submit and execute hosts closed unexpectedly
    Trying to reconnect to slot13@t2bat0219.cmsaf.mit.edu <18.12.8.219:42409>
...
023 (782897.000.000) 10/01 16:17:13 Job reconnected to slot13@t2bat0219.cmsaf.mit.edu
    startd address: <18.12.8.219:42409>
    starter address: <18.12.8.219:49709>
...
022 (782897.000.000) 10/01 16:17:13 Job disconnected, attempting to reconnect
    Socket between submit and execute hosts closed unexpectedly
    Trying to reconnect to slot13@t2bat0219.cmsaf.mit.edu <18.12.8.219:42409>
...
023 (782897.000.000) 10/01 16:17:13 Job reconnected to slot13@t2bat0219.cmsaf.mit.edu
    startd address: <18.12.8.219:42409>
    starter address: <18.12.8.219:49709>
...
022 (782897.000.000) 10/01 16:17:13 Job disconnected, attempting to reconnect
    Socket between submit and execute hosts closed unexpectedly
    Trying to reconnect to slot13@t2bat0219.cmsaf.mit.edu <18.12.8.219:42409>
...
023 (782897.000.000) 10/01 16:17:13 Job reconnected to slot13@t2bat0219.cmsaf.mit.edu
    startd address: <18.12.8.219:42409>
    starter address: <18.12.8.219:49709>
...
022 (782897.000.000) 10/01 16:17:13 Job disconnected, attempting to reconnect
    Socket between submit and execute hosts closed unexpectedly
    Trying to reconnect to slot13@t2bat0219.cmsaf.mit.edu <18.12.8.219:42409>
...
023 (782897.000.000) 10/01 16:17:13 Job reconnected to slot13@t2bat0219.cmsaf.mit.edu
    startd address: <18.12.8.219:42409>
    starter address: <18.12.8.219:49709>
...
007 (782897.000.000) 10/01 16:17:13 Shadow exception!
	Error from slot13@t2bat0219.cmsaf.mit.edu: Repeated attempts to transfer output failed for unknown reasons
	0  -  Run Bytes Sent By Job
	62734  -  Run Bytes Received By Job
...
001 (782897.000.000) 10/01 16:33:23 Job executing on host: <18.12.8.241:45840>
...
005 (782897.000.000) 10/01 16:43:52 Job terminated.
	(1) Normal termination (return value 0)
		Usr 0 00:01:18, Sys 0 00:00:01  -  Run Remote Usage
		Usr 0 00:00:00, Sys 0 00:00:00  -  Run Local Usage
		Usr 0 00:01:18, Sys 0 00:00:01  -  Total Remote Usage
		Usr 0 00:00:00, Sys 0 00:00:00  -  Total Local Usage
	586288  -  Run Bytes Sent By Job
	62734  -  Run Bytes Received By Job
	586288  -  Total Bytes Sent By Job
	125468  -  Total Bytes Received By Job
	Partitionable Resources :    Usage  Request          
	   Cpus                 :                 1          
	   Disk (KB)            :      750      750          
	   Memory (MB)          :      123      123          
...
000 (786055.000.000) 10/05 14:19:18 Job submitted from host: <18.12.1.74:45913>
...
001 (786055.000.000) 10/05 14:20:15 Job executing on host: <18.12.8.82:43650>
...
006 (786055.000.000) 10/05 14:20:24 Image size of job updated: 2
	3  -  MemoryUsage of job (MB)
	2360  -  ResidentSetSize of job (KB)
...
006 (786055.000.000) 10/05 14:22:33 Image size of job updated: 230676
	3  -  MemoryUsage of job (MB)
	2360  -  ResidentSetSize of job (KB)
...
005 (786055.000.000) 10/05 14:22:33 Job terminated.
	(1) Normal termination (return value 0)
		Usr 0 00:01:33, Sys 0 00:00:02  -  Run Remote Usage
		Usr 0 00:00:00, Sys 0 00:00:00  -  Run Local Usage
		Usr 0 00:01:33, Sys 0 00:00:02  -  Total Remote Usage
		Usr 0 00:00:00, Sys 0 00:00:00  -  Total Local Usage
	586271  -  Run Bytes Sent By Job
	62732  -  Run Bytes Received By Job
	586271  -  Total Bytes Sent By Job
	62732  -  Total Bytes Received By Job
	Partitionable Resources :    Usage  Request          
	   Cpus                 :                 1          
	   Disk (KB)            :      659      659          
	   Memory (MB)          :        3        3          
...
000 (786421.000.000) 10/07 09:51:30 Job submitted from host: <18.12.1.74:45913>
...
001 (786421.000.000) 10/07 09:54:59 Job executing on host: <18.12.8.202:46935>
...
006 (786421.000.000) 10/07 09:55:08 Image size of job updated: 2
	3  -  MemoryUsage of job (MB)
	2352  -  ResidentSetSize of job (KB)
...
006 (786421.000.000) 10/07 09:57:32 Image size of job updated: 230664
	3  -  MemoryUsage of job (MB)
	2352  -  ResidentSetSize of job (KB)
...
005 (786421.000.000) 10/07 09:57:32 Job terminated.
	(1) Normal termination (return value 0)
		Usr 0 00:01:46, Sys 0 00:00:01  -  Run Remote Usage
		Usr 0 00:00:00, Sys 0 00:00:00  -  Run Local Usage
		Usr 0 00:01:46, Sys 0 00:00:01  -  Total Remote Usage
		Usr 0 00:00:00, Sys 0 00:00:00  -  Total Local Usage
	586222  -  Run Bytes Sent By Job
	62734  -  Run Bytes Received By Job
	586222  -  Total Bytes Sent By Job
	62734  -  Total Bytes Received By Job
	Partitionable Resources :    Usage  Request          
	   Cpus                 :                 1          
	   Disk (KB)            :      659      659          
	   Memory (MB)          :        3        3          
...
000 (786602.000.000) 10/07 11:13:01 Job submitted from host: <18.12.1.74:45913>
...
001 (786602.000.000) 10/07 11:22:45 Job executing on host: <18.12.9.67:41533>
...
006 (786602.000.000) 10/07 11:22:53 Image size of job updated: 225496
	92  -  MemoryUsage of job (MB)
	93600  -  ResidentSetSize of job (KB)
...
006 (786602.000.000) 10/07 11:25:17 Image size of job updated: 230656
	92  -  MemoryUsage of job (MB)
	93600  -  ResidentSetSize of job (KB)
...
005 (786602.000.000) 10/07 11:25:17 Job terminated.
	(1) Normal termination (return value 0)
		Usr 0 00:01:35, Sys 0 00:00:03  -  Run Remote Usage
		Usr 0 00:00:00, Sys 0 00:00:00  -  Run Local Usage
		Usr 0 00:01:35, Sys 0 00:00:03  -  Total Remote Usage
		Usr 0 00:00:00, Sys 0 00:00:00  -  Total Local Usage
	585440  -  Run Bytes Sent By Job
	62746  -  Run Bytes Received By Job
	585440  -  Total Bytes Sent By Job
	62746  -  Total Bytes Received By Job
	Partitionable Resources :    Usage  Request          
	   Cpus                 :                 1          
	   Disk (KB)            :      658      658          
	   Memory (MB)          :       92       92          
...
000 (787529.000.000) 10/08 12:42:47 Job submitted from host: <18.12.1.74:45913>
...
001 (787529.000.000) 10/08 12:48:16 Job executing on host: <18.12.8.49:40584>
...
006 (787529.000.000) 10/08 12:48:25 Image size of job updated: 229048
	95  -  MemoryUsage of job (MB)
	96676  -  ResidentSetSize of job (KB)
...
006 (787529.000.000) 10/08 12:50:57 Image size of job updated: 238508
	95  -  MemoryUsage of job (MB)
	96676  -  ResidentSetSize of job (KB)
...
005 (787529.000.000) 10/08 12:50:57 Job terminated.
	(1) Normal termination (return value 0)
		Usr 0 00:02:02, Sys 0 00:00:03  -  Run Remote Usage
		Usr 0 00:00:00, Sys 0 00:00:00  -  Run Local Usage
		Usr 0 00:02:02, Sys 0 00:00:03  -  Total Remote Usage
		Usr 0 00:00:00, Sys 0 00:00:00  -  Total Local Usage
	585169  -  Run Bytes Sent By Job
	62749  -  Run Bytes Received By Job
	585169  -  Total Bytes Sent By Job
	62749  -  Total Bytes Received By Job
	Partitionable Resources :    Usage  Request          
	   Cpus                 :                 1          
	   Disk (KB)            :      658      658          
	   Memory (MB)          :       95       95          
...
000 (787711.000.000) 10/08 14:27:19 Job submitted from host: <18.12.1.74:45913>
...
001 (787711.000.000) 10/08 14:38:54 Job executing on host: <18.12.8.190:41095>
...
006 (787711.000.000) 10/08 14:39:03 Image size of job updated: 228320
	94  -  MemoryUsage of job (MB)
	95912  -  ResidentSetSize of job (KB)
...
006 (787711.000.000) 10/08 14:42:16 Image size of job updated: 230656
	94  -  MemoryUsage of job (MB)
	95912  -  ResidentSetSize of job (KB)
...
005 (787711.000.000) 10/08 14:42:16 Job terminated.
	(1) Normal termination (return value 0)
		Usr 0 00:01:48, Sys 0 00:00:01  -  Run Remote Usage
		Usr 0 00:00:00, Sys 0 00:00:00  -  Run Local Usage
		Usr 0 00:01:48, Sys 0 00:00:01  -  Total Remote Usage
		Usr 0 00:00:00, Sys 0 00:00:00  -  Total Local Usage
	585391  -  Run Bytes Sent By Job
	62691  -  Run Bytes Received By Job
	585391  -  Total Bytes Sent By Job
	62691  -  Total Bytes Received By Job
	Partitionable Resources :    Usage  Request          
	   Cpus                 :                 1          
	   Disk (KB)            :      658      658          
	   Memory (MB)          :       94       94          
...
000 (787894.000.000) 10/08 15:16:39 Job submitted from host: <18.12.1.74:45913>
...
001 (787894.000.000) 10/08 15:28:07 Job executing on host: <18.12.8.70:46935>
...
006 (787894.000.000) 10/08 15:28:16 Image size of job updated: 137268
	21  -  MemoryUsage of job (MB)
	21256  -  ResidentSetSize of job (KB)
...
006 (787894.000.000) 10/08 15:31:37 Image size of job updated: 230652
	21  -  MemoryUsage of job (MB)
	21256  -  ResidentSetSize of job (KB)
...
005 (787894.000.000) 10/08 15:31:37 Job terminated.
	(1) Normal termination (return value 0)
		Usr 0 00:01:24, Sys 0 00:00:01  -  Run Remote Usage
		Usr 0 00:00:00, Sys 0 00:00:00  -  Run Local Usage
		Usr 0 00:01:24, Sys 0 00:00:01  -  Total Remote Usage
		Usr 0 00:00:00, Sys 0 00:00:00  -  Total Local Usage
	585390  -  Run Bytes Sent By Job
	62696  -  Run Bytes Received By Job
	585390  -  Total Bytes Sent By Job
	62696  -  Total Bytes Received By Job
	Partitionable Resources :    Usage  Request          
	   Cpus                 :                 1          
	   Disk (KB)            :      658      658          
	   Memory (MB)          :       21       21          
...
000 (788804.000.000) 10/12 10:42:45 Job submitted from host: <18.12.1.74:45913>
...
001 (788804.000.000) 10/12 10:52:41 Job executing on host: <18.12.9.80:45183>
...
006 (788804.000.000) 10/12 10:52:50 Image size of job updated: 69176
	18  -  MemoryUsage of job (MB)
	17436  -  ResidentSetSize of job (KB)
...
006 (788804.000.000) 10/12 10:54:39 Image size of job updated: 230656
	18  -  MemoryUsage of job (MB)
	17436  -  ResidentSetSize of job (KB)
...
005 (788804.000.000) 10/12 10:54:39 Job terminated.
	(1) Normal termination (return value 0)
		Usr 0 00:01:18, Sys 0 00:00:01  -  Run Remote Usage
		Usr 0 00:00:00, Sys 0 00:00:00  -  Run Local Usage
		Usr 0 00:01:18, Sys 0 00:00:01  -  Total Remote Usage
		Usr 0 00:00:00, Sys 0 00:00:00  -  Total Local Usage
	585308  -  Run Bytes Sent By Job
	62704  -  Run Bytes Received By Job
	585308  -  Total Bytes Sent By Job
	62704  -  Total Bytes Received By Job
	Partitionable Resources :    Usage  Request          
	   Cpus                 :                 1          
	   Disk (KB)            :      658      658          
	   Memory (MB)          :       18       18          
...
