
----------------------------------------------------
Job started on Mon Oct 12 10:01:22 EDT 2015 at WN: hibat0012.cmsaf.mit.edu 
Job is running on Linux hibat0012.cmsaf.mit.edu 2.6.32-358.el6.x86_64 #1 SMP Fri Feb 22 20:37:17 CST 2013 x86_64 x86_64 x86_64 GNU/Linux
Filesystem            Size  Used Avail Use% Mounted on
/dev/sda3              20G  2.8G   16G  15% /
tmpfs                  24G     0   24G   0% /dev/shm
/dev/sda1              97M   32M   61M  35% /boot
/dev/sda4             1.8T   88G  1.7T   5% /export/data1
/dev/sdb1             1.8T  1.5T  390G  79% /export/00b
/dev/sdc1             1.8T  1.5T  379G  80% /export/00c
/dev/sdd1             1.8T  1.5T  367G  80% /export/00d
/dev/sde1             1.8T  1.5T  380G  80% /export/00e
/dev/sdf1             1.8T  1.5T  395G  79% /export/00f
fuse_dfs              5.0P  4.0P  1.1P  80% /mnt/hadoop
cvmfs2                 98G   85G   14G  87% /cvmfs/cms.cern.ch
t2srv0004:/export/db  135G  187M  135G   1% /net/t2srv0004/db
gcc (GCC) 4.4.7 20120313 (Red Hat 4.4.7-3)
Copyright (C) 2010 Free Software Foundation, Inc.
This is free software; see the source for copying conditions.  There is NO
warranty; not even for MERCHANTABILITY or FITNESS FOR A PARTICULAR PURPOSE.

Processing...
0/177362
10000/177362
20000/177362
30000/177362
40000/177362
50000/177362
60000/177362
70000/177362
80000/177362
90000/177362
100000/177362
110000/177362
120000/177362
130000/177362
140000/177362
150000/177362
160000/177362
170000/177362
Macro finished: 
CPU time (min)  = 1.8765
Real time (min) = 2.20204
total 2.0M
-rw-r--r--  1 obaron obaron 108K Oct  9 10:24 jetRAA_PbPb_data_forest.txt
-rw-r--r--  1 obaron obaron  94K Oct  9 10:24 jetRAA_PbPb_data_akPu4_select.txt
-rw-r--r--  1 obaron obaron  94K Oct  9 10:24 jetRAA_PbPb_data_akPu3_select.txt
-rw-r--r--  1 obaron obaron  94K Oct  9 10:24 jetRAA_PbPb_data_akPu2_select.txt
-rw-r--r--  1 obaron obaron  70K Oct 12 09:36 RAA_read_data_pbpb.C
-rw-r--r--  1 obaron obaron  11K Oct 12 09:36 RAA_read_data_pbpb_C.d
-rwxr-xr-x  1 obaron obaron 101K Oct 12 09:36 RAA_read_data_pbpb_C.so
-rw-rw-r--  1 obaron obaron  61K Oct 12 10:01 jetRAA_run_PbPb_Data.tar
-rwxr-xr-x  1 obaron obaron 1.2K Oct 12 10:01 condor_exec.exe
drwxr-xr-x 18 condor root   4.0K Oct 12 10:01 ..
-rw-r--r--  1 condor condor 5.7K Oct 12 10:01 .machine.ad
-rw-r--r--  1 condor condor  20K Oct 12 10:01 .job.ad
-rwx------  1 obaron obaron   49 Oct 12 10:01 .chirp.config
-rw-r--r--  1 obaron obaron    0 Oct 12 10:01 _condor_stderr
drwx------  2 obaron obaron 4.0K Oct 12 10:01 .
-rw-r--r--  1 obaron obaron 1.6K Oct 12 10:03 _condor_stdout
-rw-r--r--  1 obaron obaron 1.3M Oct 12 10:03 PbPb_Data_histograms_FromForest_pileupCutFIX_ZDCmCut_30GeVcut_akPu2_20_eta_20_460.root
Done!
Copied output files to hadoop rootfiles/JetRAA/June29
