000 (554242.000.000) 08/11 09:09:06 Job submitted from host: <18.12.1.74:48322>
...
001 (554242.000.000) 08/11 09:09:20 Job executing on host: <18.12.8.170:43212>
...
006 (554242.000.000) 08/11 09:09:28 Image size of job updated: 66156
	11  -  MemoryUsage of job (MB)
	10380  -  ResidentSetSize of job (KB)
...
006 (554242.000.000) 08/11 09:11:19 Image size of job updated: 230996
	11  -  MemoryUsage of job (MB)
	10380  -  ResidentSetSize of job (KB)
...
005 (554242.000.000) 08/11 09:11:19 Job terminated.
	(1) Normal termination (return value 0)
		Usr 0 00:01:13, Sys 0 00:00:01  -  Run Remote Usage
		Usr 0 00:00:00, Sys 0 00:00:00  -  Run Local Usage
		Usr 0 00:01:13, Sys 0 00:00:01  -  Total Remote Usage
		Usr 0 00:00:00, Sys 0 00:00:00  -  Total Local Usage
	585989  -  Run Bytes Sent By Job
	62717  -  Run Bytes Received By Job
	585989  -  Total Bytes Sent By Job
	62717  -  Total Bytes Received By Job
	Partitionable Resources :    Usage  Request          
	   Cpus                 :                 1          
	   Disk (KB)            :      658      658          
	   Memory (MB)          :       11       11          
...
000 (557957.000.000) 08/13 13:34:18 Job submitted from host: <18.12.1.74:48322>
...
001 (557957.000.000) 08/13 13:49:57 Job executing on host: <18.12.9.69:48760>
...
006 (557957.000.000) 08/13 13:50:06 Image size of job updated: 93600
	3  -  MemoryUsage of job (MB)
	2428  -  ResidentSetSize of job (KB)
...
006 (557957.000.000) 08/13 13:52:12 Image size of job updated: 230960
	3  -  MemoryUsage of job (MB)
	2428  -  ResidentSetSize of job (KB)
...
005 (557957.000.000) 08/13 13:52:13 Job terminated.
	(1) Normal termination (return value 0)
		Usr 0 00:01:23, Sys 0 00:00:01  -  Run Remote Usage
		Usr 0 00:00:00, Sys 0 00:00:00  -  Run Local Usage
		Usr 0 00:01:23, Sys 0 00:00:01  -  Total Remote Usage
		Usr 0 00:00:00, Sys 0 00:00:00  -  Total Local Usage
	586057  -  Run Bytes Sent By Job
	62720  -  Run Bytes Received By Job
	586057  -  Total Bytes Sent By Job
	62720  -  Total Bytes Received By Job
	Partitionable Resources :    Usage  Request          
	   Cpus                 :                 1          
	   Disk (KB)            :      659      659          
	   Memory (MB)          :        3        3          
...
000 (566248.000.000) 08/20 20:22:55 Job submitted from host: <18.12.1.74:48322>
...
001 (566248.000.000) 08/20 20:23:30 Job executing on host: <18.12.8.197:42117>
...
006 (566248.000.000) 08/20 20:23:39 Image size of job updated: 2
	3  -  MemoryUsage of job (MB)
	2340  -  ResidentSetSize of job (KB)
...
006 (566248.000.000) 08/20 20:26:05 Image size of job updated: 230972
	3  -  MemoryUsage of job (MB)
	2340  -  ResidentSetSize of job (KB)
...
022 (566248.000.000) 08/20 20:26:05 Job disconnected, attempting to reconnect
    Socket between submit and execute hosts closed unexpectedly
    Trying to reconnect to slot14@t2bat0197.cmsaf.mit.edu <18.12.8.197:42117>
...
023 (566248.000.000) 08/20 20:26:05 Job reconnected to slot14@t2bat0197.cmsaf.mit.edu
    startd address: <18.12.8.197:42117>
    starter address: <18.12.8.197:41971>
...
022 (566248.000.000) 08/20 20:26:08 Job disconnected, attempting to reconnect
    Socket between submit and execute hosts closed unexpectedly
    Trying to reconnect to slot14@t2bat0197.cmsaf.mit.edu <18.12.8.197:42117>
...
023 (566248.000.000) 08/20 20:26:08 Job reconnected to slot14@t2bat0197.cmsaf.mit.edu
    startd address: <18.12.8.197:42117>
    starter address: <18.12.8.197:41971>
...
005 (566248.000.000) 08/20 20:32:46 Job terminated.
	(1) Normal termination (return value 0)
		Usr 0 00:01:51, Sys 0 00:00:02  -  Run Remote Usage
		Usr 0 00:00:00, Sys 0 00:00:00  -  Run Local Usage
		Usr 0 00:01:51, Sys 0 00:00:02  -  Total Remote Usage
		Usr 0 00:00:00, Sys 0 00:00:00  -  Total Local Usage
	586132  -  Run Bytes Sent By Job
	62732  -  Run Bytes Received By Job
	586132  -  Total Bytes Sent By Job
	62732  -  Total Bytes Received By Job
	Partitionable Resources :    Usage  Request          
	   Cpus                 :                 1          
	   Disk (KB)            :      659      659          
	   Memory (MB)          :        3        3          
...
000 (782796.000.000) 10/01 15:56:36 Job submitted from host: <18.12.1.74:47665>
...
007 (782796.000.000) 10/01 16:00:35 Shadow exception!
	Error from slot14@t2bat0218.cmsaf.mit.edu: Failed to transfer files
	0  -  Run Bytes Sent By Job
	0  -  Run Bytes Received By Job
...
001 (782796.000.000) 10/01 16:00:44 Job executing on host: <18.12.9.10:42847>
...
006 (782796.000.000) 10/01 16:00:52 Image size of job updated: 93584
	3  -  MemoryUsage of job (MB)
	2420  -  ResidentSetSize of job (KB)
...
006 (782796.000.000) 10/01 16:05:52 Image size of job updated: 230300
	105  -  MemoryUsage of job (MB)
	107372  -  ResidentSetSize of job (KB)
...
006 (782796.000.000) 10/01 16:10:53 Image size of job updated: 230996
	105  -  MemoryUsage of job (MB)
	107372  -  ResidentSetSize of job (KB)
...
022 (782796.000.000) 10/01 16:17:13 Job disconnected, attempting to reconnect
    Socket between submit and execute hosts closed unexpectedly
    Trying to reconnect to slot12@t2bat0266.cmsaf.mit.edu <18.12.9.10:42847>
...
023 (782796.000.000) 10/01 16:17:13 Job reconnected to slot12@t2bat0266.cmsaf.mit.edu
    startd address: <18.12.9.10:42847>
    starter address: <18.12.9.10:47665>
...
022 (782796.000.000) 10/01 16:17:13 Job disconnected, attempting to reconnect
    Socket between submit and execute hosts closed unexpectedly
    Trying to reconnect to slot12@t2bat0266.cmsaf.mit.edu <18.12.9.10:42847>
...
023 (782796.000.000) 10/01 16:17:13 Job reconnected to slot12@t2bat0266.cmsaf.mit.edu
    startd address: <18.12.9.10:42847>
    starter address: <18.12.9.10:47665>
...
022 (782796.000.000) 10/01 16:17:13 Job disconnected, attempting to reconnect
    Socket between submit and execute hosts closed unexpectedly
    Trying to reconnect to slot12@t2bat0266.cmsaf.mit.edu <18.12.9.10:42847>
...
023 (782796.000.000) 10/01 16:17:13 Job reconnected to slot12@t2bat0266.cmsaf.mit.edu
    startd address: <18.12.9.10:42847>
    starter address: <18.12.9.10:47665>
...
022 (782796.000.000) 10/01 16:17:13 Job disconnected, attempting to reconnect
    Socket between submit and execute hosts closed unexpectedly
    Trying to reconnect to slot12@t2bat0266.cmsaf.mit.edu <18.12.9.10:42847>
...
023 (782796.000.000) 10/01 16:17:13 Job reconnected to slot12@t2bat0266.cmsaf.mit.edu
    startd address: <18.12.9.10:42847>
    starter address: <18.12.9.10:47665>
...
001 (782796.000.000) 10/01 16:33:22 Job executing on host: <18.12.8.237:48614>
...
006 (782796.000.000) 10/01 16:33:31 Image size of job updated: 2
	3  -  MemoryUsage of job (MB)
	2344  -  ResidentSetSize of job (KB)
...
006 (782796.000.000) 10/01 16:38:32 Image size of job updated: 230708
	95  -  MemoryUsage of job (MB)
	96608  -  ResidentSetSize of job (KB)
...
006 (782796.000.000) 10/01 16:41:46 Image size of job updated: 230972
	95  -  MemoryUsage of job (MB)
	96608  -  ResidentSetSize of job (KB)
...
022 (782796.000.000) 10/01 16:41:46 Job disconnected, attempting to reconnect
    Socket between submit and execute hosts closed unexpectedly
    Trying to reconnect to slot12@t2bat0237.cmsaf.mit.edu <18.12.8.237:48614>
...
023 (782796.000.000) 10/01 16:41:46 Job reconnected to slot12@t2bat0237.cmsaf.mit.edu
    startd address: <18.12.8.237:48614>
    starter address: <18.12.8.237:45840>
...
005 (782796.000.000) 10/01 16:43:16 Job terminated.
	(1) Normal termination (return value 0)
		Usr 0 00:01:26, Sys 0 00:00:01  -  Run Remote Usage
		Usr 0 00:00:00, Sys 0 00:00:00  -  Run Local Usage
		Usr 0 00:01:26, Sys 0 00:00:01  -  Total Remote Usage
		Usr 0 00:00:00, Sys 0 00:00:00  -  Total Local Usage
	586274  -  Run Bytes Sent By Job
	62734  -  Run Bytes Received By Job
	586274  -  Total Bytes Sent By Job
	62734  -  Total Bytes Received By Job
	Partitionable Resources :    Usage  Request          
	   Cpus                 :                 1          
	   Disk (KB)            :      659      659          
	   Memory (MB)          :       95       95          
...
000 (785954.000.000) 10/05 14:19:03 Job submitted from host: <18.12.1.74:45913>
...
001 (785954.000.000) 10/05 14:19:49 Job executing on host: <18.12.8.176:40511>
...
006 (785954.000.000) 10/05 14:19:57 Image size of job updated: 2
	3  -  MemoryUsage of job (MB)
	2360  -  ResidentSetSize of job (KB)
...
006 (785954.000.000) 10/05 14:21:39 Image size of job updated: 230964
	3  -  MemoryUsage of job (MB)
	2360  -  ResidentSetSize of job (KB)
...
005 (785954.000.000) 10/05 14:21:39 Job terminated.
	(1) Normal termination (return value 0)
		Usr 0 00:01:19, Sys 0 00:00:01  -  Run Remote Usage
		Usr 0 00:00:00, Sys 0 00:00:00  -  Run Local Usage
		Usr 0 00:01:19, Sys 0 00:00:01  -  Total Remote Usage
		Usr 0 00:00:00, Sys 0 00:00:00  -  Total Local Usage
	586496  -  Run Bytes Sent By Job
	62732  -  Run Bytes Received By Job
	586496  -  Total Bytes Sent By Job
	62732  -  Total Bytes Received By Job
	Partitionable Resources :    Usage  Request          
	   Cpus                 :                 1          
	   Disk (KB)            :      659      659          
	   Memory (MB)          :        3        3          
...
000 (786320.000.000) 10/07 09:51:19 Job submitted from host: <18.12.1.74:45913>
...
001 (786320.000.000) 10/07 09:52:13 Job executing on host: <18.12.8.227:43066>
...
006 (786320.000.000) 10/07 09:52:21 Image size of job updated: 1196
	1  -  MemoryUsage of job (MB)
	152  -  ResidentSetSize of job (KB)
...
006 (786320.000.000) 10/07 09:55:07 Image size of job updated: 230968
	1  -  MemoryUsage of job (MB)
	152  -  ResidentSetSize of job (KB)
...
005 (786320.000.000) 10/07 09:55:07 Job terminated.
	(1) Normal termination (return value 0)
		Usr 0 00:01:39, Sys 0 00:00:01  -  Run Remote Usage
		Usr 0 00:00:00, Sys 0 00:00:00  -  Run Local Usage
		Usr 0 00:01:39, Sys 0 00:00:01  -  Total Remote Usage
		Usr 0 00:00:00, Sys 0 00:00:00  -  Total Local Usage
	586288  -  Run Bytes Sent By Job
	62734  -  Run Bytes Received By Job
	586288  -  Total Bytes Sent By Job
	62734  -  Total Bytes Received By Job
	Partitionable Resources :    Usage  Request          
	   Cpus                 :                 1          
	   Disk (KB)            :      659      659          
	   Memory (MB)          :        1        1          
...
000 (786501.000.000) 10/07 11:12:50 Job submitted from host: <18.12.1.74:45913>
...
001 (786501.000.000) 10/07 11:17:47 Job executing on host: <18.12.9.60:42847>
...
006 (786501.000.000) 10/07 11:17:56 Image size of job updated: 2
	3  -  MemoryUsage of job (MB)
	2348  -  ResidentSetSize of job (KB)
...
006 (786501.000.000) 10/07 11:20:06 Image size of job updated: 238664
	3  -  MemoryUsage of job (MB)
	2348  -  ResidentSetSize of job (KB)
...
005 (786501.000.000) 10/07 11:20:07 Job terminated.
	(1) Normal termination (return value 0)
		Usr 0 00:01:28, Sys 0 00:00:01  -  Run Remote Usage
		Usr 0 00:00:00, Sys 0 00:00:00  -  Run Local Usage
		Usr 0 00:01:28, Sys 0 00:00:01  -  Total Remote Usage
		Usr 0 00:00:00, Sys 0 00:00:00  -  Total Local Usage
	585496  -  Run Bytes Sent By Job
	62746  -  Run Bytes Received By Job
	585496  -  Total Bytes Sent By Job
	62746  -  Total Bytes Received By Job
	Partitionable Resources :    Usage  Request          
	   Cpus                 :                 1          
	   Disk (KB)            :      658      658          
	   Memory (MB)          :        3        3          
...
000 (787428.000.000) 10/08 12:42:37 Job submitted from host: <18.12.1.74:45913>
...
001 (787428.000.000) 10/08 12:45:25 Job executing on host: <18.12.8.220:40365>
...
006 (787428.000.000) 10/08 12:45:34 Image size of job updated: 2
	3  -  MemoryUsage of job (MB)
	2352  -  ResidentSetSize of job (KB)
...
006 (787428.000.000) 10/08 12:47:09 Image size of job updated: 230940
	3  -  MemoryUsage of job (MB)
	2352  -  ResidentSetSize of job (KB)
...
005 (787428.000.000) 10/08 12:47:09 Job terminated.
	(1) Normal termination (return value 0)
		Usr 0 00:01:17, Sys 0 00:00:00  -  Run Remote Usage
		Usr 0 00:00:00, Sys 0 00:00:00  -  Run Local Usage
		Usr 0 00:01:17, Sys 0 00:00:00  -  Total Remote Usage
		Usr 0 00:00:00, Sys 0 00:00:00  -  Total Local Usage
	585370  -  Run Bytes Sent By Job
	62749  -  Run Bytes Received By Job
	585370  -  Total Bytes Sent By Job
	62749  -  Total Bytes Received By Job
	Partitionable Resources :    Usage  Request          
	   Cpus                 :                 1          
	   Disk (KB)            :      658      658          
	   Memory (MB)          :        3        3          
...
000 (787610.000.000) 10/08 14:27:09 Job submitted from host: <18.12.1.74:45913>
...
001 (787610.000.000) 10/08 14:31:58 Job executing on host: <18.12.8.185:43796>
...
006 (787610.000.000) 10/08 14:32:06 Image size of job updated: 2
	3  -  MemoryUsage of job (MB)
	2348  -  ResidentSetSize of job (KB)
...
006 (787610.000.000) 10/08 14:35:06 Image size of job updated: 230948
	3  -  MemoryUsage of job (MB)
	2348  -  ResidentSetSize of job (KB)
...
005 (787610.000.000) 10/08 14:35:06 Job terminated.
	(1) Normal termination (return value 0)
		Usr 0 00:01:48, Sys 0 00:00:01  -  Run Remote Usage
		Usr 0 00:00:00, Sys 0 00:00:00  -  Run Local Usage
		Usr 0 00:01:48, Sys 0 00:00:01  -  Total Remote Usage
		Usr 0 00:00:00, Sys 0 00:00:00  -  Total Local Usage
	585376  -  Run Bytes Sent By Job
	62691  -  Run Bytes Received By Job
	585376  -  Total Bytes Sent By Job
	62691  -  Total Bytes Received By Job
	Partitionable Resources :    Usage  Request          
	   Cpus                 :                 1          
	   Disk (KB)            :      658      658          
	   Memory (MB)          :        3        3          
...
000 (787793.000.000) 10/08 15:16:29 Job submitted from host: <18.12.1.74:45913>
...
001 (787793.000.000) 10/08 15:24:58 Job executing on host: <18.12.9.81:48833>
...
006 (787793.000.000) 10/08 15:25:06 Image size of job updated: 230284
	90  -  MemoryUsage of job (MB)
	91800  -  ResidentSetSize of job (KB)
...
006 (787793.000.000) 10/08 15:27:06 Image size of job updated: 230948
	90  -  MemoryUsage of job (MB)
	91800  -  ResidentSetSize of job (KB)
...
005 (787793.000.000) 10/08 15:27:07 Job terminated.
	(1) Normal termination (return value 0)
		Usr 0 00:01:29, Sys 0 00:00:02  -  Run Remote Usage
		Usr 0 00:00:00, Sys 0 00:00:00  -  Run Local Usage
		Usr 0 00:01:29, Sys 0 00:00:02  -  Total Remote Usage
		Usr 0 00:00:00, Sys 0 00:00:00  -  Total Local Usage
	585432  -  Run Bytes Sent By Job
	62696  -  Run Bytes Received By Job
	585432  -  Total Bytes Sent By Job
	62696  -  Total Bytes Received By Job
	Partitionable Resources :    Usage  Request          
	   Cpus                 :                 1          
	   Disk (KB)            :      658      658          
	   Memory (MB)          :       90       90          
...
000 (788703.000.000) 10/12 10:42:32 Job submitted from host: <18.12.1.74:45913>
...
001 (788703.000.000) 10/12 10:46:40 Job executing on host: <18.12.9.23:44307>
...
006 (788703.000.000) 10/12 10:46:49 Image size of job updated: 2
	2  -  MemoryUsage of job (MB)
	1724  -  ResidentSetSize of job (KB)
...
006 (788703.000.000) 10/12 10:50:39 Image size of job updated: 230948
	2  -  MemoryUsage of job (MB)
	1724  -  ResidentSetSize of job (KB)
...
005 (788703.000.000) 10/12 10:50:40 Job terminated.
	(1) Normal termination (return value 0)
		Usr 0 00:01:42, Sys 0 00:00:01  -  Run Remote Usage
		Usr 0 00:00:00, Sys 0 00:00:00  -  Run Local Usage
		Usr 0 00:01:42, Sys 0 00:00:01  -  Total Remote Usage
		Usr 0 00:00:00, Sys 0 00:00:00  -  Total Local Usage
	585126  -  Run Bytes Sent By Job
	62704  -  Run Bytes Received By Job
	585126  -  Total Bytes Sent By Job
	62704  -  Total Bytes Received By Job
	Partitionable Resources :    Usage  Request          
	   Cpus                 :                 1          
	   Disk (KB)            :      657      657          
	   Memory (MB)          :        2        2          
...
