000 (554186.000.000) 08/11 09:09:00 Job submitted from host: <18.12.1.74:48322>
...
001 (554186.000.000) 08/11 09:09:10 Job executing on host: <18.12.8.201:43358>
...
006 (554186.000.000) 08/11 09:09:19 Image size of job updated: 2
	3  -  MemoryUsage of job (MB)
	2348  -  ResidentSetSize of job (KB)
...
006 (554186.000.000) 08/11 09:10:28 Image size of job updated: 230000
	3  -  MemoryUsage of job (MB)
	2348  -  ResidentSetSize of job (KB)
...
005 (554186.000.000) 08/11 09:10:28 Job terminated.
	(1) Normal termination (return value 0)
		Usr 0 00:00:34, Sys 0 00:00:00  -  Run Remote Usage
		Usr 0 00:00:00, Sys 0 00:00:00  -  Run Local Usage
		Usr 0 00:00:34, Sys 0 00:00:00  -  Total Remote Usage
		Usr 0 00:00:00, Sys 0 00:00:00  -  Total Local Usage
	585937  -  Run Bytes Sent By Job
	62717  -  Run Bytes Received By Job
	585937  -  Total Bytes Sent By Job
	62717  -  Total Bytes Received By Job
	Partitionable Resources :    Usage  Request          
	   Cpus                 :                 1          
	   Disk (KB)            :      658      658          
	   Memory (MB)          :        3        3          
...
000 (557901.000.000) 08/13 13:34:13 Job submitted from host: <18.12.1.74:48322>
...
001 (557901.000.000) 08/13 13:39:56 Job executing on host: <18.12.9.50:43066>
...
006 (557901.000.000) 08/13 13:40:05 Image size of job updated: 2
	3  -  MemoryUsage of job (MB)
	2348  -  ResidentSetSize of job (KB)
...
006 (557901.000.000) 08/13 13:42:20 Image size of job updated: 230004
	3  -  MemoryUsage of job (MB)
	2348  -  ResidentSetSize of job (KB)
...
005 (557901.000.000) 08/13 13:42:20 Job terminated.
	(1) Normal termination (return value 0)
		Usr 0 00:00:35, Sys 0 00:00:00  -  Run Remote Usage
		Usr 0 00:00:00, Sys 0 00:00:00  -  Run Local Usage
		Usr 0 00:00:35, Sys 0 00:00:00  -  Total Remote Usage
		Usr 0 00:00:00, Sys 0 00:00:00  -  Total Local Usage
	586131  -  Run Bytes Sent By Job
	62720  -  Run Bytes Received By Job
	586131  -  Total Bytes Sent By Job
	62720  -  Total Bytes Received By Job
	Partitionable Resources :    Usage  Request          
	   Cpus                 :                 1          
	   Disk (KB)            :      659      659          
	   Memory (MB)          :        3        3          
...
000 (566192.000.000) 08/20 20:18:57 Job submitted from host: <18.12.1.74:48322>
...
001 (566192.000.000) 08/20 20:19:14 Job executing on host: <18.12.12.15:48541>
...
006 (566192.000.000) 08/20 20:19:23 Image size of job updated: 2
	3  -  MemoryUsage of job (MB)
	2340  -  ResidentSetSize of job (KB)
...
006 (566192.000.000) 08/20 20:20:29 Image size of job updated: 230004
	3  -  MemoryUsage of job (MB)
	2340  -  ResidentSetSize of job (KB)
...
005 (566192.000.000) 08/20 20:27:03 Job terminated.
	(1) Normal termination (return value 0)
		Usr 0 00:00:45, Sys 0 00:00:01  -  Run Remote Usage
		Usr 0 00:00:00, Sys 0 00:00:00  -  Run Local Usage
		Usr 0 00:00:45, Sys 0 00:00:01  -  Total Remote Usage
		Usr 0 00:00:00, Sys 0 00:00:00  -  Total Local Usage
	586126  -  Run Bytes Sent By Job
	62732  -  Run Bytes Received By Job
	586126  -  Total Bytes Sent By Job
	62732  -  Total Bytes Received By Job
	Partitionable Resources :    Usage  Request          
	   Cpus                 :                 1          
	   Disk (KB)            :      659      659          
	   Memory (MB)          :        3        3          
...
