000 (556097.000.000) 08/12 11:33:44 Job submitted from host: <18.12.1.74:48322>
...
001 (556097.000.000) 08/12 11:57:19 Job executing on host: <18.12.6.93:48103>
...
006 (556097.000.000) 08/12 11:57:28 Image size of job updated: 2
	3  -  MemoryUsage of job (MB)
	2344  -  ResidentSetSize of job (KB)
...
006 (556097.000.000) 08/12 12:02:00 Image size of job updated: 230304
	3  -  MemoryUsage of job (MB)
	2344  -  ResidentSetSize of job (KB)
...
005 (556097.000.000) 08/12 12:02:00 Job terminated.
	(1) Normal termination (return value 0)
		Usr 0 00:01:13, Sys 0 00:00:02  -  Run Remote Usage
		Usr 0 00:00:00, Sys 0 00:00:00  -  Run Local Usage
		Usr 0 00:01:13, Sys 0 00:00:02  -  Total Remote Usage
		Usr 0 00:00:00, Sys 0 00:00:00  -  Total Local Usage
	586249  -  Run Bytes Sent By Job
	62715  -  Run Bytes Received By Job
	586249  -  Total Bytes Sent By Job
	62715  -  Total Bytes Received By Job
	Partitionable Resources :    Usage  Request          
	   Cpus                 :                 1          
	   Disk (KB)            :      659      659          
	   Memory (MB)          :        3        3          
...
000 (566466.000.000) 08/20 21:05:51 Job submitted from host: <18.12.1.74:48322>
...
007 (566466.000.000) 08/20 21:06:59 Shadow exception!
	Error from slot22@t2bat0327.cmsaf.mit.edu: Failed to transfer files
	0  -  Run Bytes Sent By Job
	0  -  Run Bytes Received By Job
...
007 (566466.000.000) 08/20 21:07:00 Shadow exception!
	Error from slot22@t2bat0327.cmsaf.mit.edu: Failed to transfer files
	0  -  Run Bytes Sent By Job
	0  -  Run Bytes Received By Job
...
007 (566466.000.000) 08/20 21:07:02 Shadow exception!
	Error from slot16@t2bat0208.cmsaf.mit.edu: Failed to transfer files
	0  -  Run Bytes Sent By Job
	0  -  Run Bytes Received By Job
...
007 (566466.000.000) 08/20 21:07:05 Shadow exception!
	Error from slot22@t2bat0327.cmsaf.mit.edu: Failed to transfer files
	0  -  Run Bytes Sent By Job
	0  -  Run Bytes Received By Job
...
001 (566466.000.000) 08/20 21:07:48 Job executing on host: <18.12.9.53:45767>
...
006 (566466.000.000) 08/20 21:07:57 Image size of job updated: 230344
	96  -  MemoryUsage of job (MB)
	97660  -  ResidentSetSize of job (KB)
...
005 (566466.000.000) 08/20 21:15:24 Job terminated.
	(1) Normal termination (return value 0)
		Usr 0 00:00:47, Sys 0 00:00:00  -  Run Remote Usage
		Usr 0 00:00:00, Sys 0 00:00:00  -  Run Local Usage
		Usr 0 00:00:47, Sys 0 00:00:00  -  Total Remote Usage
		Usr 0 00:00:00, Sys 0 00:00:00  -  Total Local Usage
	586132  -  Run Bytes Sent By Job
	62731  -  Run Bytes Received By Job
	586132  -  Total Bytes Sent By Job
	62731  -  Total Bytes Received By Job
	Partitionable Resources :    Usage  Request          
	   Cpus                 :                 1          
	   Disk (KB)            :      659      659          
	   Memory (MB)          :       96       96          
...
