
----------------------------------------------------
Job started on Thu Aug 20 12:55:35 EDT 2015 at WN: t2bat0327.cmsaf.mit.edu 
Job is running on Linux t2bat0327.cmsaf.mit.edu 2.6.32-358.el6.x86_64 #1 SMP Fri Feb 22 20:37:17 CST 2013 x86_64 x86_64 x86_64 GNU/Linux
Filesystem            Size  Used Avail Use% Mounted on
/dev/sda3              20G  3.3G   16G  18% /
tmpfs                  32G     0   32G   0% /dev/shm
/dev/sda1              97M   32M   61M  35% /boot
/dev/sda4             416G   98G  318G  24% /export/data1
fuse_dfs              4.9P  4.6P  328T  94% /mnt/hadoop
/dev/sdb1             3.6T  3.4T  275G  93% /export/00b
/dev/sdc1             3.6T  3.4T  269G  93% /export/00c
/dev/sdd1             3.6T  3.4T  275G  93% /export/00d
/dev/sde1             3.6T  3.4T  285G  93% /export/00e
/dev/sdf1             3.6T  3.4T  257G  94% /export/00f
/dev/sdg1             3.6T  3.4T  264G  93% /export/00g
cvmfs2                 98G   77G   22G  79% /cvmfs/cms.cern.ch
t2srv0004:/export/db  135G  187M  135G   1% /net/t2srv0004/db
cvmfs2                 98G   77G   22G  79% /cvmfs/cvmfs.cmsaf.mit.edu
cvmfs2                 98G   77G   22G  79% /cvmfs/oasis.opensciencegrid.org
cvmfs2                 98G   77G   22G  79% /cvmfs/cdfcfs.fnal.gov
gcc (GCC) 4.4.7 20120313 (Red Hat 4.4.7-3)
Copyright (C) 2010 Free Software Foundation, Inc.
This is free software; see the source for copying conditions.  There is NO
warranty; not even for MERCHANTABILITY or FITNESS FOR A PARTICULAR PURPOSE.

Processing...
0/75440
10000/75440
20000/75440
30000/75440
40000/75440
50000/75440
60000/75440
70000/75440
Macro finished: 
CPU time (min)  = 0.646333
Real time (min) = 1.38601
total 1.7M
-rw-r--r--  1 obaron obaron 108K Aug 13 15:28 jetRAA_PbPb_data_forest.txt
-rw-r--r--  1 obaron obaron  94K Aug 13 15:28 jetRAA_PbPb_data_akPu4_select.txt
-rw-r--r--  1 obaron obaron  94K Aug 13 15:28 jetRAA_PbPb_data_akPu3_select.txt
-rw-r--r--  1 obaron obaron  94K Aug 13 15:28 jetRAA_PbPb_data_akPu2_select.txt
-rw-r--r--  1 obaron obaron  70K Aug 20 12:29 RAA_read_data_pbpb.C
-rw-r--r--  1 obaron obaron  11K Aug 20 12:30 RAA_read_data_pbpb_C.d
-rwxr-xr-x  1 obaron obaron 101K Aug 20 12:30 RAA_read_data_pbpb_C.so
-rw-rw-r--  1 obaron obaron  61K Aug 20 12:55 jetRAA_run_PbPb_Data.tar
-rwxr-xr-x  1 obaron obaron 1.2K Aug 20 12:55 condor_exec.exe
drwxr-xr-x 33 condor root   4.0K Aug 20 12:55 ..
-rw-r--r--  1 condor condor 5.6K Aug 20 12:55 .machine.ad
-rw-r--r--  1 condor condor  20K Aug 20 12:55 .job.ad
-rwx------  1 obaron obaron   49 Aug 20 12:55 .chirp.config
drwx------  2 obaron obaron 4.0K Aug 20 12:55 .
-rw-r--r--  1 obaron obaron  678 Aug 20 12:55 _condor_stderr
-rw-r--r--  1 obaron obaron 1.7K Aug 20 12:56 _condor_stdout
-rw-r--r--  1 obaron obaron 987K Aug 20 12:56 PbPb_Data_histograms_FromForest_pileupCutFIX_ZDCmCut_akPu4_20_eta_20_590.root
Done!
Copied output files to hadoop rootfiles/JetRAA/June29
