
----------------------------------------------------
Job started on Thu Aug 20 20:29:14 EDT 2015 at WN: t2bat0309.cmsaf.mit.edu 
Job is running on Linux t2bat0309.cmsaf.mit.edu 2.6.32-358.el6.x86_64 #1 SMP Fri Feb 22 20:37:17 CST 2013 x86_64 x86_64 x86_64 GNU/Linux
Filesystem            Size  Used Avail Use% Mounted on
/dev/sda3              20G  4.4G   15G  24% /
tmpfs                  32G     0   32G   0% /dev/shm
/dev/sda1              97M   32M   61M  35% /boot
/dev/sda4             416G   54G  362G  13% /export/data1
/dev/sdb1             3.6T  3.3T  339G  91% /export/00b
/dev/sdc1             3.6T  3.3T  388G  90% /export/00c
/dev/sdd1             3.6T  3.3T  349G  91% /export/00d
/dev/sde1             3.6T  3.3T  363G  91% /export/00e
/dev/sdf1             3.6T  3.2T  396G  90% /export/00f
/dev/sdg1             3.6T  3.3T  385G  90% /export/00g
fuse_dfs              4.9P  4.6P  323T  94% /mnt/hadoop
cvmfs2                 98G   33G   65G  34% /cvmfs/cms.cern.ch
t2srv0004:/export/db  135G  187M  135G   1% /net/t2srv0004/db
hisrv0001:/export/home
                      2.0T  1.7T  187G  91% /net/hisrv0001/home
cvmfs2                 98G   33G   65G  34% /cvmfs/cvmfs.cmsaf.mit.edu
gcc (GCC) 4.4.7 20120313 (Red Hat 4.4.7-3)
Copyright (C) 2010 Free Software Foundation, Inc.
This is free software; see the source for copying conditions.  There is NO
warranty; not even for MERCHANTABILITY or FITNESS FOR A PARTICULAR PURPOSE.

Processing...
0/152946
10000/152946
20000/152946
30000/152946
40000/152946
50000/152946
60000/152946
70000/152946
80000/152946
90000/152946
100000/152946
110000/152946
120000/152946
130000/152946
140000/152946
150000/152946
Macro finished: 
CPU time (min)  = 1.0615
Real time (min) = 1.65274
total 1.8M
-rw-r--r--  1 obaron obaron  94K Aug 20 13:21 jetRAA_PbPb_data_akPu2_select.txt
-rw-r--r--  1 obaron obaron  94K Aug 20 13:21 jetRAA_PbPb_data_akPu4_select.txt
-rw-r--r--  1 obaron obaron 108K Aug 20 13:22 jetRAA_PbPb_data_forest.txt
-rw-r--r--  1 obaron obaron  94K Aug 20 13:22 jetRAA_PbPb_data_akPu3_select.txt
-rw-r--r--  1 obaron obaron  70K Aug 20 20:03 RAA_read_data_pbpb.C
-rw-r--r--  1 obaron obaron  11K Aug 20 20:04 RAA_read_data_pbpb_C.d
-rwxr-xr-x  1 obaron obaron 101K Aug 20 20:05 RAA_read_data_pbpb_C.so
-rw-rw-r--  1 obaron obaron  61K Aug 20 20:26 jetRAA_run_PbPb_Data.tar
-rwxr-xr-x  1 obaron obaron 1.2K Aug 20 20:26 condor_exec.exe
-rw-r--r--  1 condor condor 5.1K Aug 20 20:29 .machine.ad
-rw-r--r--  1 condor condor  20K Aug 20 20:29 .job.ad
drwxr-xr-x  2 obaron obaron 4.0K Aug 20 20:29 .
-rw-r--r--  1 obaron obaron  678 Aug 20 20:29 _condor_stderr
drwxr-xr-x 18 condor root   4.0K Aug 20 20:29 ..
-rw-r--r--  1 obaron obaron 1.8K Aug 20 20:30 _condor_stdout
-rw-r--r--  1 obaron obaron 1.1M Aug 20 20:30 PbPb_Data_histograms_FromForest_pileupCutFIX_ZDCmCut_akPu3_20_eta_20_755.root
Done!
Copied output files to hadoop rootfiles/JetRAA/June29
