000 (556057.000.000) 08/12 11:33:40 Job submitted from host: <18.12.1.74:48322>
...
001 (556057.000.000) 08/12 11:50:19 Job executing on host: <18.12.8.227:41314>
...
006 (556057.000.000) 08/12 11:50:28 Image size of job updated: 193808
	82  -  MemoryUsage of job (MB)
	83288  -  ResidentSetSize of job (KB)
...
006 (556057.000.000) 08/12 11:55:29 Image size of job updated: 230380
	103  -  MemoryUsage of job (MB)
	104464  -  ResidentSetSize of job (KB)
...
005 (556057.000.000) 08/12 12:01:46 Job terminated.
	(1) Normal termination (return value 0)
		Usr 0 00:01:24, Sys 0 00:00:01  -  Run Remote Usage
		Usr 0 00:00:00, Sys 0 00:00:00  -  Run Local Usage
		Usr 0 00:01:24, Sys 0 00:00:01  -  Total Remote Usage
		Usr 0 00:00:00, Sys 0 00:00:00  -  Total Local Usage
	586207  -  Run Bytes Sent By Job
	62715  -  Run Bytes Received By Job
	586207  -  Total Bytes Sent By Job
	62715  -  Total Bytes Received By Job
	Partitionable Resources :    Usage  Request          
	   Cpus                 :                 1          
	   Disk (KB)            :      659      659          
	   Memory (MB)          :      103      103          
...
000 (566426.000.000) 08/20 21:02:45 Job submitted from host: <18.12.1.74:48322>
...
001 (566426.000.000) 08/20 21:03:00 Job executing on host: <18.12.9.44:45183>
...
006 (566426.000.000) 08/20 21:03:09 Image size of job updated: 188504
	72  -  MemoryUsage of job (MB)
	73692  -  ResidentSetSize of job (KB)
...
006 (566426.000.000) 08/20 21:08:10 Image size of job updated: 230380
	110  -  MemoryUsage of job (MB)
	111676  -  ResidentSetSize of job (KB)
...
005 (566426.000.000) 08/20 21:15:35 Job terminated.
	(1) Normal termination (return value 0)
		Usr 0 00:01:26, Sys 0 00:00:02  -  Run Remote Usage
		Usr 0 00:00:00, Sys 0 00:00:00  -  Run Local Usage
		Usr 0 00:01:26, Sys 0 00:00:02  -  Total Remote Usage
		Usr 0 00:00:00, Sys 0 00:00:00  -  Total Local Usage
	586451  -  Run Bytes Sent By Job
	62731  -  Run Bytes Received By Job
	586451  -  Total Bytes Sent By Job
	62731  -  Total Bytes Received By Job
	Partitionable Resources :    Usage  Request          
	   Cpus                 :                 1          
	   Disk (KB)            :      659      659          
	   Memory (MB)          :      110      110          
...
