
----------------------------------------------------
Job started on Thu Aug 20 12:59:53 EDT 2015 at WN: t2bat0133.cmsaf.mit.edu 
Job is running on Linux t2bat0133.cmsaf.mit.edu 2.6.32-358.el6.x86_64 #1 SMP Fri Feb 22 20:37:17 CST 2013 x86_64 x86_64 x86_64 GNU/Linux
Filesystem            Size  Used Avail Use% Mounted on
/dev/sda3              20G  3.6G   16G  19% /
tmpfs                 7.8G     0  7.8G   0% /dev/shm
/dev/sda1              97M   33M   60M  36% /boot
/dev/sda4             415G   64G  351G  16% /export/data1
/dev/sdb1             1.8T  1.7T  124G  94% /export/00b
/dev/sdc1             1.8T  1.7T  130G  93% /export/00c
/dev/sdd1             1.8T  1.7T  149G  92% /export/00d
/dev/sde1             1.8T  1.7T  134G  93% /export/00e
/dev/sdf1             1.8T  1.7T  120G  94% /export/00f
fuse_dfs              4.9P  4.6P  328T  94% /mnt/hadoop
cvmfs2                 98G   58G   40G  60% /cvmfs/cms.cern.ch
t2srv0004:/export/db  135G  187M  135G   1% /net/t2srv0004/db
cvmfs2                 98G   58G   40G  60% /cvmfs/cvmfs.cmsaf.mit.edu
cvmfs2                 98G   58G   40G  60% /cvmfs/oasis.opensciencegrid.org
cvmfs2                 98G   58G   40G  60% /cvmfs/cdfcfs.fnal.gov
gcc (GCC) 4.4.7 20120313 (Red Hat 4.4.7-3)
Copyright (C) 2010 Free Software Foundation, Inc.
This is free software; see the source for copying conditions.  There is NO
warranty; not even for MERCHANTABILITY or FITNESS FOR A PARTICULAR PURPOSE.

Processing...
0/163150
10000/163150
20000/163150
30000/163150
40000/163150
50000/163150
60000/163150
70000/163150
80000/163150
90000/163150
100000/163150
110000/163150
120000/163150
130000/163150
140000/163150
150000/163150
160000/163150
Macro finished: 
CPU time (min)  = 1.33817
Real time (min) = 1.77429
total 1.8M
-rw-r--r--  1 obaron obaron 108K Aug 13 15:28 jetRAA_PbPb_data_forest.txt
-rw-r--r--  1 obaron obaron  94K Aug 13 15:28 jetRAA_PbPb_data_akPu4_select.txt
-rw-r--r--  1 obaron obaron  94K Aug 13 15:28 jetRAA_PbPb_data_akPu3_select.txt
-rw-r--r--  1 obaron obaron  94K Aug 13 15:28 jetRAA_PbPb_data_akPu2_select.txt
-rw-r--r--  1 obaron obaron  70K Aug 20 12:29 RAA_read_data_pbpb.C
-rw-r--r--  1 obaron obaron  11K Aug 20 12:30 RAA_read_data_pbpb_C.d
-rwxr-xr-x  1 obaron obaron 101K Aug 20 12:30 RAA_read_data_pbpb_C.so
drwxr-xr-x 10 condor root   4.0K Aug 20 12:59 ..
-rw-r--r--  1 condor condor 5.6K Aug 20 12:59 .machine.ad
-rw-r--r--  1 condor condor  20K Aug 20 12:59 .job.ad
-rwx------  1 obaron obaron   50 Aug 20 12:59 .chirp.config
-rw-rw-r--  1 obaron obaron  61K Aug 20 12:59 jetRAA_run_PbPb_Data.tar
-rwxr-xr-x  1 obaron obaron 1.2K Aug 20 12:59 condor_exec.exe
drwx------  2 obaron obaron 4.0K Aug 20 12:59 .
-rw-r--r--  1 obaron obaron  678 Aug 20 12:59 _condor_stderr
-rw-r--r--  1 obaron obaron 1.8K Aug 20 13:01 _condor_stdout
-rw-r--r--  1 obaron obaron 1.1M Aug 20 13:01 PbPb_Data_histograms_FromForest_pileupCutFIX_ZDCmCut_akPu4_20_eta_20_825.root
Done!
Copied output files to hadoop rootfiles/JetRAA/June29
