
----------------------------------------------------
Job started on Mon Oct 12 10:47:15 EDT 2015 at WN: t2bat0149.cmsaf.mit.edu 
Job is running on Linux t2bat0149.cmsaf.mit.edu 2.6.32-358.el6.x86_64 #1 SMP Fri Feb 22 20:37:17 CST 2013 x86_64 x86_64 x86_64 GNU/Linux
Filesystem            Size  Used Avail Use% Mounted on
/dev/sda3              20G  2.7G   16G  15% /
tmpfs                  12G     0   12G   0% /dev/shm
/dev/sda1              97M   32M   61M  35% /boot
/dev/sda4             416G   97G  319G  24% /export/data1
/dev/sdb1             1.8T  1.5T  364G  81% /export/00b
/dev/sdc1             1.8T  1.5T  340G  82% /export/00c
/dev/sdd1             1.8T  1.5T  347G  82% /export/00d
/dev/sde1             1.8T  1.5T  337G  82% /export/00e
/dev/sdf1             1.8T  1.5T  331G  82% /export/00f
fuse_dfs              5.0P  4.0P  1.1P  80% /mnt/hadoop
cvmfs2                 98G   94G  4.2G  96% /cvmfs/cms.cern.ch
t2srv0004:/export/db  135G  187M  135G   1% /net/t2srv0004/db
hisrv0001:/export/home
                      2.0T  1.6T  302G  85% /net/hisrv0001/home
gcc (GCC) 4.4.7 20120313 (Red Hat 4.4.7-3)
Copyright (C) 2010 Free Software Foundation, Inc.
This is free software; see the source for copying conditions.  There is NO
warranty; not even for MERCHANTABILITY or FITNESS FOR A PARTICULAR PURPOSE.

Processing...
0/216785
10000/216785
20000/216785
30000/216785
40000/216785
50000/216785
60000/216785
70000/216785
80000/216785
90000/216785
100000/216785
110000/216785
120000/216785
130000/216785
140000/216785
150000/216785
160000/216785
170000/216785
180000/216785
190000/216785
200000/216785
210000/216785
Macro finished: 
CPU time (min)  = 1.87367
Real time (min) = 5.12931
total 1.7M
-rw-r--r--  1 obaron obaron  108K Oct 12 10:08 jetRAA_PbPb_data_forest.txt
-rw-r--r--  1 obaron obaron   94K Oct 12 10:08 jetRAA_PbPb_data_akPu4_select.txt
-rw-r--r--  1 obaron obaron   94K Oct 12 10:08 jetRAA_PbPb_data_akPu3_select.txt
-rw-r--r--  1 obaron obaron   94K Oct 12 10:08 jetRAA_PbPb_data_akPu2_select.txt
-rw-r--r--  1 obaron obaron   70K Oct 12 10:40 RAA_read_data_pbpb.C
-rw-r--r--  1 obaron obaron   11K Oct 12 10:40 RAA_read_data_pbpb_C.d
-rwxr-xr-x  1 obaron obaron  101K Oct 12 10:40 RAA_read_data_pbpb_C.so
-rw-rw-r--  1 obaron obaron   61K Oct 12 10:44 jetRAA_run_PbPb_Data.tar
-rwxr-xr-x  1 obaron obaron  1.2K Oct 12 10:44 condor_exec.exe
-rw-r--r--  1 condor condor  5.1K Oct 12 10:47 .machine.ad
-rw-r--r--  1 condor condor   20K Oct 12 10:47 .job.ad
drwxr-xr-x 18 condor root    4.0K Oct 12 10:47 ..
-rw-r--r--  1 obaron obaron     0 Oct 12 10:47 _condor_stderr
drwxr-xr-x  2 obaron obaron  4.0K Oct 12 10:47 .
-rw-r--r--  1 obaron obaron  1.7K Oct 12 10:52 _condor_stdout
-rw-r--r--  1 obaron obaron 1012K Oct 12 10:52 PbPb_Data_histograms_FromForest_pileupCutFIX_ZDCmCut_30GeVcut_akPu3_20_eta_20_395.root
Done!
Copied output files to hadoop rootfiles/JetRAA/June29
