000 (556127.000.000) 08/12 11:33:47 Job submitted from host: <18.12.1.74:48322>
...
001 (556127.000.000) 08/12 12:00:58 Job executing on host: <18.12.9.80:43650>
...
006 (556127.000.000) 08/12 12:01:06 Image size of job updated: 2
	3  -  MemoryUsage of job (MB)
	2348  -  ResidentSetSize of job (KB)
...
006 (556127.000.000) 08/12 12:06:06 Image size of job updated: 230664
	88  -  MemoryUsage of job (MB)
	89148  -  ResidentSetSize of job (KB)
...
006 (556127.000.000) 08/12 12:11:07 Image size of job updated: 230664
	88  -  MemoryUsage of job (MB)
	90032  -  ResidentSetSize of job (KB)
...
005 (556127.000.000) 08/12 12:13:12 Job terminated.
	(1) Normal termination (return value 0)
		Usr 0 00:01:48, Sys 0 00:00:03  -  Run Remote Usage
		Usr 0 00:00:00, Sys 0 00:00:00  -  Run Local Usage
		Usr 0 00:01:48, Sys 0 00:00:03  -  Total Remote Usage
		Usr 0 00:00:00, Sys 0 00:00:00  -  Total Local Usage
	586373  -  Run Bytes Sent By Job
	62715  -  Run Bytes Received By Job
	586373  -  Total Bytes Sent By Job
	62715  -  Total Bytes Received By Job
	Partitionable Resources :    Usage  Request          
	   Cpus                 :                 1          
	   Disk (KB)            :      659      659          
	   Memory (MB)          :       88       88          
...
000 (566496.000.000) 08/20 21:07:55 Job submitted from host: <18.12.1.74:48322>
...
001 (566496.000.000) 08/20 21:08:07 Job executing on host: <18.12.9.50:43066>
...
006 (566496.000.000) 08/20 21:08:16 Image size of job updated: 230524
	96  -  MemoryUsage of job (MB)
	98296  -  ResidentSetSize of job (KB)
...
006 (566496.000.000) 08/20 21:11:06 Image size of job updated: 230660
	96  -  MemoryUsage of job (MB)
	98296  -  ResidentSetSize of job (KB)
...
022 (566496.000.000) 08/20 21:11:07 Job disconnected, attempting to reconnect
    Socket between submit and execute hosts closed unexpectedly
    Trying to reconnect to slot19@t2bat0306.cmsaf.mit.edu <18.12.9.50:43066>
...
023 (566496.000.000) 08/20 21:11:07 Job reconnected to slot19@t2bat0306.cmsaf.mit.edu
    startd address: <18.12.9.50:43066>
    starter address: <18.12.9.50:49636>
...
022 (566496.000.000) 08/20 21:11:08 Job disconnected, attempting to reconnect
    Socket between submit and execute hosts closed unexpectedly
    Trying to reconnect to slot19@t2bat0306.cmsaf.mit.edu <18.12.9.50:43066>
...
023 (566496.000.000) 08/20 21:11:08 Job reconnected to slot19@t2bat0306.cmsaf.mit.edu
    startd address: <18.12.9.50:43066>
    starter address: <18.12.9.50:49636>
...
005 (566496.000.000) 08/20 21:17:26 Job terminated.
	(1) Normal termination (return value 0)
		Usr 0 00:01:50, Sys 0 00:00:01  -  Run Remote Usage
		Usr 0 00:00:00, Sys 0 00:00:00  -  Run Local Usage
		Usr 0 00:01:50, Sys 0 00:00:01  -  Total Remote Usage
		Usr 0 00:00:00, Sys 0 00:00:00  -  Total Local Usage
	586286  -  Run Bytes Sent By Job
	62731  -  Run Bytes Received By Job
	586286  -  Total Bytes Sent By Job
	62731  -  Total Bytes Received By Job
	Partitionable Resources :    Usage  Request          
	   Cpus                 :                 1          
	   Disk (KB)            :      659      659          
	   Memory (MB)          :       96       96          
...
000 (782501.000.000) 10/01 13:04:35 Job submitted from host: <18.12.1.74:47665>
...
001 (782501.000.000) 10/01 13:16:10 Job executing on host: <18.12.9.34:44088>
...
006 (782501.000.000) 10/01 13:16:19 Image size of job updated: 187696
	71  -  MemoryUsage of job (MB)
	72592  -  ResidentSetSize of job (KB)
...
006 (782501.000.000) 10/01 13:21:20 Image size of job updated: 230664
	83  -  MemoryUsage of job (MB)
	84376  -  ResidentSetSize of job (KB)
...
006 (782501.000.000) 10/01 13:26:20 Image size of job updated: 230664
	88  -  MemoryUsage of job (MB)
	90056  -  ResidentSetSize of job (KB)
...
006 (782501.000.000) 10/01 13:36:21 Image size of job updated: 230664
	89  -  MemoryUsage of job (MB)
	90792  -  ResidentSetSize of job (KB)
...
005 (782501.000.000) 10/01 13:46:49 Job terminated.
	(1) Normal termination (return value 0)
		Usr 0 00:02:01, Sys 0 00:00:04  -  Run Remote Usage
		Usr 0 00:00:00, Sys 0 00:00:00  -  Run Local Usage
		Usr 0 00:02:01, Sys 0 00:00:04  -  Total Remote Usage
		Usr 0 00:00:00, Sys 0 00:00:00  -  Total Local Usage
	586566  -  Run Bytes Sent By Job
	62730  -  Run Bytes Received By Job
	586566  -  Total Bytes Sent By Job
	62730  -  Total Bytes Received By Job
	Partitionable Resources :    Usage  Request          
	   Cpus                 :                 1          
	   Disk (KB)            :      659      659          
	   Memory (MB)          :       89       89          
...
000 (782682.000.000) 10/01 14:32:14 Job submitted from host: <18.12.1.74:47665>
...
001 (782682.000.000) 10/01 14:34:10 Job executing on host: <18.12.9.8:49125>
...
006 (782682.000.000) 10/01 14:34:22 Image size of job updated: 193844
	78  -  MemoryUsage of job (MB)
	79604  -  ResidentSetSize of job (KB)
...
006 (782682.000.000) 10/01 14:39:22 Image size of job updated: 227564
	104  -  MemoryUsage of job (MB)
	105536  -  ResidentSetSize of job (KB)
...
005 (782682.000.000) 10/01 14:46:20 Job terminated.
	(1) Normal termination (return value 0)
		Usr 0 00:01:06, Sys 0 00:00:01  -  Run Remote Usage
		Usr 0 00:00:00, Sys 0 00:00:00  -  Run Local Usage
		Usr 0 00:01:06, Sys 0 00:00:01  -  Total Remote Usage
		Usr 0 00:00:00, Sys 0 00:00:00  -  Total Local Usage
	5459663  -  Run Bytes Sent By Job
	62736  -  Run Bytes Received By Job
	5459663  -  Total Bytes Sent By Job
	62736  -  Total Bytes Received By Job
	Partitionable Resources :    Usage  Request          
	   Cpus                 :                 1          
	   Disk (KB)            :     5418     5418          
	   Memory (MB)          :      104      104          
...
000 (788223.000.000) 10/09 09:23:46 Job submitted from host: <18.12.1.74:45913>
...
001 (788223.000.000) 10/09 09:24:14 Job executing on host: <18.12.8.235:44745>
...
006 (788223.000.000) 10/09 09:24:23 Image size of job updated: 187692
	75  -  MemoryUsage of job (MB)
	75808  -  ResidentSetSize of job (KB)
...
006 (788223.000.000) 10/09 09:28:08 Image size of job updated: 230644
	75  -  MemoryUsage of job (MB)
	75808  -  ResidentSetSize of job (KB)
...
005 (788223.000.000) 10/09 09:28:08 Job terminated.
	(1) Normal termination (return value 0)
		Usr 0 00:02:11, Sys 0 00:00:02  -  Run Remote Usage
		Usr 0 00:00:00, Sys 0 00:00:00  -  Run Local Usage
		Usr 0 00:02:11, Sys 0 00:00:02  -  Total Remote Usage
		Usr 0 00:00:00, Sys 0 00:00:00  -  Total Local Usage
	585406  -  Run Bytes Sent By Job
	62698  -  Run Bytes Received By Job
	585406  -  Total Bytes Sent By Job
	62698  -  Total Bytes Received By Job
	Partitionable Resources :    Usage  Request          
	   Cpus                 :                 1          
	   Disk (KB)            :      658      658          
	   Memory (MB)          :       75       75          
...
000 (788588.000.000) 10/12 09:48:07 Job submitted from host: <18.12.1.74:45913>
...
001 (788588.000.000) 10/12 09:58:56 Job executing on host: <18.12.8.110:42774>
...
006 (788588.000.000) 10/12 09:59:05 Image size of job updated: 230644
	97  -  MemoryUsage of job (MB)
	98336  -  ResidentSetSize of job (KB)
...
005 (788588.000.000) 10/12 10:01:20 Job terminated.
	(1) Normal termination (return value 0)
		Usr 0 00:01:27, Sys 0 00:00:02  -  Run Remote Usage
		Usr 0 00:00:00, Sys 0 00:00:00  -  Run Local Usage
		Usr 0 00:01:27, Sys 0 00:00:02  -  Total Remote Usage
		Usr 0 00:00:00, Sys 0 00:00:00  -  Total Local Usage
	585283  -  Run Bytes Sent By Job
	62703  -  Run Bytes Received By Job
	585283  -  Total Bytes Sent By Job
	62703  -  Total Bytes Received By Job
	Partitionable Resources :    Usage  Request          
	   Cpus                 :                 1          
	   Disk (KB)            :      658      658          
	   Memory (MB)          :       97       97          
...
