000 (554209.000.000) 08/11 09:09:02 Job submitted from host: <18.12.1.74:48322>
...
001 (554209.000.000) 08/11 09:09:14 Job executing on host: <18.12.6.27:43212>
...
006 (554209.000.000) 08/11 09:09:23 Image size of job updated: 187720
	71  -  MemoryUsage of job (MB)
	72588  -  ResidentSetSize of job (KB)
...
006 (554209.000.000) 08/11 09:10:03 Image size of job updated: 230088
	71  -  MemoryUsage of job (MB)
	72588  -  ResidentSetSize of job (KB)
...
005 (554209.000.000) 08/11 09:10:03 Job terminated.
	(1) Normal termination (return value 0)
		Usr 0 00:00:19, Sys 0 00:00:00  -  Run Remote Usage
		Usr 0 00:00:00, Sys 0 00:00:00  -  Run Local Usage
		Usr 0 00:00:19, Sys 0 00:00:00  -  Total Remote Usage
		Usr 0 00:00:00, Sys 0 00:00:00  -  Total Local Usage
	586034  -  Run Bytes Sent By Job
	62717  -  Run Bytes Received By Job
	586034  -  Total Bytes Sent By Job
	62717  -  Total Bytes Received By Job
	Partitionable Resources :    Usage  Request          
	   Cpus                 :                 1          
	   Disk (KB)            :      659      659          
	   Memory (MB)          :       71       71          
...
000 (557924.000.000) 08/13 13:34:15 Job submitted from host: <18.12.1.74:48322>
...
001 (557924.000.000) 08/13 13:45:50 Job executing on host: <18.12.9.56:42482>
...
006 (557924.000.000) 08/13 13:45:59 Image size of job updated: 229936
	93  -  MemoryUsage of job (MB)
	94416  -  ResidentSetSize of job (KB)
...
006 (557924.000.000) 08/13 13:47:23 Image size of job updated: 230092
	93  -  MemoryUsage of job (MB)
	94416  -  ResidentSetSize of job (KB)
...
005 (557924.000.000) 08/13 13:47:23 Job terminated.
	(1) Normal termination (return value 0)
		Usr 0 00:00:29, Sys 0 00:00:00  -  Run Remote Usage
		Usr 0 00:00:00, Sys 0 00:00:00  -  Run Local Usage
		Usr 0 00:00:29, Sys 0 00:00:00  -  Total Remote Usage
		Usr 0 00:00:00, Sys 0 00:00:00  -  Total Local Usage
	586108  -  Run Bytes Sent By Job
	62720  -  Run Bytes Received By Job
	586108  -  Total Bytes Sent By Job
	62720  -  Total Bytes Received By Job
	Partitionable Resources :    Usage  Request          
	   Cpus                 :                 1          
	   Disk (KB)            :      659      659          
	   Memory (MB)          :       93       93          
...
000 (566215.000.000) 08/20 20:20:29 Job submitted from host: <18.12.1.74:48322>
...
001 (566215.000.000) 08/20 20:21:01 Job executing on host: <18.12.8.12:45037>
...
006 (566215.000.000) 08/20 20:21:11 Image size of job updated: 69312
	17  -  MemoryUsage of job (MB)
	17148  -  ResidentSetSize of job (KB)
...
006 (566215.000.000) 08/20 20:23:27 Image size of job updated: 230092
	17  -  MemoryUsage of job (MB)
	17148  -  ResidentSetSize of job (KB)
...
005 (566215.000.000) 08/20 20:30:04 Job terminated.
	(1) Normal termination (return value 0)
		Usr 0 00:00:30, Sys 0 00:00:01  -  Run Remote Usage
		Usr 0 00:00:00, Sys 0 00:00:00  -  Run Local Usage
		Usr 0 00:00:30, Sys 0 00:00:01  -  Total Remote Usage
		Usr 0 00:00:00, Sys 0 00:00:00  -  Total Local Usage
	586440  -  Run Bytes Sent By Job
	62732  -  Run Bytes Received By Job
	586440  -  Total Bytes Sent By Job
	62732  -  Total Bytes Received By Job
	Partitionable Resources :    Usage  Request          
	   Cpus                 :                 1          
	   Disk (KB)            :      659      659          
	   Memory (MB)          :       17       17          
...
000 (782763.000.000) 10/01 15:55:46 Job submitted from host: <18.12.1.74:47665>
...
001 (782763.000.000) 10/01 16:00:17 Job executing on host: <18.12.8.242:46205>
...
006 (782763.000.000) 10/01 16:00:26 Image size of job updated: 193804
	78  -  MemoryUsage of job (MB)
	79600  -  ResidentSetSize of job (KB)
...
006 (782763.000.000) 10/01 16:02:01 Image size of job updated: 230092
	78  -  MemoryUsage of job (MB)
	79600  -  ResidentSetSize of job (KB)
...
005 (782763.000.000) 10/01 16:07:36 Job terminated.
	(1) Normal termination (return value 0)
		Usr 0 00:00:23, Sys 0 00:00:00  -  Run Remote Usage
		Usr 0 00:00:00, Sys 0 00:00:00  -  Run Local Usage
		Usr 0 00:00:23, Sys 0 00:00:00  -  Total Remote Usage
		Usr 0 00:00:00, Sys 0 00:00:00  -  Total Local Usage
	586237  -  Run Bytes Sent By Job
	62734  -  Run Bytes Received By Job
	586237  -  Total Bytes Sent By Job
	62734  -  Total Bytes Received By Job
	Partitionable Resources :    Usage  Request          
	   Cpus                 :                 1          
	   Disk (KB)            :      659      659          
	   Memory (MB)          :       78       78          
...
000 (785921.000.000) 10/05 14:19:00 Job submitted from host: <18.12.1.74:45913>
...
001 (785921.000.000) 10/05 14:19:37 Job executing on host: <18.12.8.137:41898>
...
006 (785921.000.000) 10/05 14:19:46 Image size of job updated: 229928
	93  -  MemoryUsage of job (MB)
	94268  -  ResidentSetSize of job (KB)
...
006 (785921.000.000) 10/05 14:20:19 Image size of job updated: 230084
	93  -  MemoryUsage of job (MB)
	94268  -  ResidentSetSize of job (KB)
...
005 (785921.000.000) 10/05 14:20:19 Job terminated.
	(1) Normal termination (return value 0)
		Usr 0 00:00:23, Sys 0 00:00:00  -  Run Remote Usage
		Usr 0 00:00:00, Sys 0 00:00:00  -  Run Local Usage
		Usr 0 00:00:23, Sys 0 00:00:00  -  Total Remote Usage
		Usr 0 00:00:00, Sys 0 00:00:00  -  Total Local Usage
	586091  -  Run Bytes Sent By Job
	62732  -  Run Bytes Received By Job
	586091  -  Total Bytes Sent By Job
	62732  -  Total Bytes Received By Job
	Partitionable Resources :    Usage  Request          
	   Cpus                 :                 1          
	   Disk (KB)            :      659      659          
	   Memory (MB)          :       93       93          
...
000 (786287.000.000) 10/07 09:51:16 Job submitted from host: <18.12.1.74:45913>
...
001 (786287.000.000) 10/07 09:52:00 Job executing on host: <18.12.8.241:45840>
...
006 (786287.000.000) 10/07 09:52:09 Image size of job updated: 1196
	1  -  MemoryUsage of job (MB)
	152  -  ResidentSetSize of job (KB)
...
006 (786287.000.000) 10/07 09:53:34 Image size of job updated: 230092
	1  -  MemoryUsage of job (MB)
	152  -  ResidentSetSize of job (KB)
...
005 (786287.000.000) 10/07 09:53:34 Job terminated.
	(1) Normal termination (return value 0)
		Usr 0 00:00:32, Sys 0 00:00:00  -  Run Remote Usage
		Usr 0 00:00:00, Sys 0 00:00:00  -  Run Local Usage
		Usr 0 00:00:32, Sys 0 00:00:00  -  Total Remote Usage
		Usr 0 00:00:00, Sys 0 00:00:00  -  Total Local Usage
	586119  -  Run Bytes Sent By Job
	62734  -  Run Bytes Received By Job
	586119  -  Total Bytes Sent By Job
	62734  -  Total Bytes Received By Job
	Partitionable Resources :    Usage  Request          
	   Cpus                 :                 1          
	   Disk (KB)            :      659      659          
	   Memory (MB)          :        1        1          
...
000 (786468.000.000) 10/07 11:12:47 Job submitted from host: <18.12.1.74:45913>
...
001 (786468.000.000) 10/07 11:17:34 Job executing on host: <18.12.12.15:48833>
...
006 (786468.000.000) 10/07 11:17:42 Image size of job updated: 2
	3  -  MemoryUsage of job (MB)
	2340  -  ResidentSetSize of job (KB)
...
006 (786468.000.000) 10/07 11:18:27 Image size of job updated: 230076
	3  -  MemoryUsage of job (MB)
	2340  -  ResidentSetSize of job (KB)
...
005 (786468.000.000) 10/07 11:18:27 Job terminated.
	(1) Normal termination (return value 0)
		Usr 0 00:00:27, Sys 0 00:00:00  -  Run Remote Usage
		Usr 0 00:00:00, Sys 0 00:00:00  -  Run Local Usage
		Usr 0 00:00:27, Sys 0 00:00:00  -  Total Remote Usage
		Usr 0 00:00:00, Sys 0 00:00:00  -  Total Local Usage
	585199  -  Run Bytes Sent By Job
	62746  -  Run Bytes Received By Job
	585199  -  Total Bytes Sent By Job
	62746  -  Total Bytes Received By Job
	Partitionable Resources :    Usage  Request          
	   Cpus                 :                 1          
	   Disk (KB)            :      658      658          
	   Memory (MB)          :        3        3          
...
000 (787395.000.000) 10/08 12:42:34 Job submitted from host: <18.12.1.74:45913>
...
001 (787395.000.000) 10/08 12:44:06 Job executing on host: <18.12.8.41:48906>
...
006 (787395.000.000) 10/08 12:44:15 Image size of job updated: 69180
	13  -  MemoryUsage of job (MB)
	13276  -  ResidentSetSize of job (KB)
...
006 (787395.000.000) 10/08 12:45:13 Image size of job updated: 230080
	13  -  MemoryUsage of job (MB)
	13276  -  ResidentSetSize of job (KB)
...
005 (787395.000.000) 10/08 12:45:13 Job terminated.
	(1) Normal termination (return value 0)
		Usr 0 00:00:38, Sys 0 00:00:01  -  Run Remote Usage
		Usr 0 00:00:00, Sys 0 00:00:00  -  Run Local Usage
		Usr 0 00:00:38, Sys 0 00:00:01  -  Total Remote Usage
		Usr 0 00:00:00, Sys 0 00:00:00  -  Total Local Usage
	584987  -  Run Bytes Sent By Job
	62749  -  Run Bytes Received By Job
	584987  -  Total Bytes Sent By Job
	62749  -  Total Bytes Received By Job
	Partitionable Resources :    Usage  Request          
	   Cpus                 :                 1          
	   Disk (KB)            :      658      658          
	   Memory (MB)          :       13       13          
...
000 (787577.000.000) 10/08 14:27:06 Job submitted from host: <18.12.1.74:45913>
...
001 (787577.000.000) 10/08 14:29:01 Job executing on host: <18.12.8.227:43066>
...
006 (787577.000.000) 10/08 14:29:10 Image size of job updated: 229920
	93  -  MemoryUsage of job (MB)
	94260  -  ResidentSetSize of job (KB)
...
006 (787577.000.000) 10/08 14:30:01 Image size of job updated: 230076
	93  -  MemoryUsage of job (MB)
	94260  -  ResidentSetSize of job (KB)
...
005 (787577.000.000) 10/08 14:30:01 Job terminated.
	(1) Normal termination (return value 0)
		Usr 0 00:00:31, Sys 0 00:00:00  -  Run Remote Usage
		Usr 0 00:00:00, Sys 0 00:00:00  -  Run Local Usage
		Usr 0 00:00:31, Sys 0 00:00:00  -  Total Remote Usage
		Usr 0 00:00:00, Sys 0 00:00:00  -  Total Local Usage
	585209  -  Run Bytes Sent By Job
	62691  -  Run Bytes Received By Job
	585209  -  Total Bytes Sent By Job
	62691  -  Total Bytes Received By Job
	Partitionable Resources :    Usage  Request          
	   Cpus                 :                 1          
	   Disk (KB)            :      658      658          
	   Memory (MB)          :       93       93          
...
000 (787760.000.000) 10/08 15:16:26 Job submitted from host: <18.12.1.74:45913>
...
001 (787760.000.000) 10/08 15:19:06 Job executing on host: <18.12.9.39:40292>
...
006 (787760.000.000) 10/08 15:19:15 Image size of job updated: 93592
	3  -  MemoryUsage of job (MB)
	2432  -  ResidentSetSize of job (KB)
...
006 (787760.000.000) 10/08 15:21:31 Image size of job updated: 230080
	3  -  MemoryUsage of job (MB)
	2432  -  ResidentSetSize of job (KB)
...
005 (787760.000.000) 10/08 15:21:32 Job terminated.
	(1) Normal termination (return value 0)
		Usr 0 00:00:27, Sys 0 00:00:00  -  Run Remote Usage
		Usr 0 00:00:00, Sys 0 00:00:00  -  Run Local Usage
		Usr 0 00:00:27, Sys 0 00:00:00  -  Total Remote Usage
		Usr 0 00:00:00, Sys 0 00:00:00  -  Total Local Usage
	585686  -  Run Bytes Sent By Job
	62696  -  Run Bytes Received By Job
	585686  -  Total Bytes Sent By Job
	62696  -  Total Bytes Received By Job
	Partitionable Resources :    Usage  Request          
	   Cpus                 :                 1          
	   Disk (KB)            :      658      658          
	   Memory (MB)          :        3        3          
...
000 (788670.000.000) 10/12 10:42:27 Job submitted from host: <18.12.1.74:45913>
...
001 (788670.000.000) 10/12 10:49:13 Job executing on host: <18.12.9.59:43869>
...
006 (788670.000.000) 10/12 10:49:21 Image size of job updated: 187632
	71  -  MemoryUsage of job (MB)
	72520  -  ResidentSetSize of job (KB)
...
006 (788670.000.000) 10/12 10:50:29 Image size of job updated: 230076
	71  -  MemoryUsage of job (MB)
	72520  -  ResidentSetSize of job (KB)
...
005 (788670.000.000) 10/12 10:50:29 Job terminated.
	(1) Normal termination (return value 0)
		Usr 0 00:00:25, Sys 0 00:00:00  -  Run Remote Usage
		Usr 0 00:00:00, Sys 0 00:00:00  -  Run Local Usage
		Usr 0 00:00:25, Sys 0 00:00:00  -  Total Remote Usage
		Usr 0 00:00:00, Sys 0 00:00:00  -  Total Local Usage
	585328  -  Run Bytes Sent By Job
	62704  -  Run Bytes Received By Job
	585328  -  Total Bytes Sent By Job
	62704  -  Total Bytes Received By Job
	Partitionable Resources :    Usage  Request          
	   Cpus                 :                 1          
	   Disk (KB)            :      658      658          
	   Memory (MB)          :       71       71          
...
