000 (554325.000.000) 08/11 09:09:20 Job submitted from host: <18.12.1.74:48322>
...
001 (554325.000.000) 08/11 09:09:54 Job executing on host: <18.12.1.58:45183>
...
006 (554325.000.000) 08/11 09:10:03 Image size of job updated: 75264
	17  -  MemoryUsage of job (MB)
	16744  -  ResidentSetSize of job (KB)
...
006 (554325.000.000) 08/11 09:15:04 Image size of job updated: 230468
	96  -  MemoryUsage of job (MB)
	97848  -  ResidentSetSize of job (KB)
...
006 (554325.000.000) 08/11 09:30:06 Image size of job updated: 230468
	98  -  MemoryUsage of job (MB)
	99996  -  ResidentSetSize of job (KB)
...
006 (554325.000.000) 08/11 09:35:08 Image size of job updated: 230468
	99  -  MemoryUsage of job (MB)
	101336  -  ResidentSetSize of job (KB)
...
005 (554325.000.000) 08/11 09:38:22 Job terminated.
	(1) Normal termination (return value 0)
		Usr 0 00:12:47, Sys 0 00:00:11  -  Run Remote Usage
		Usr 0 00:00:00, Sys 0 00:00:00  -  Run Local Usage
		Usr 0 00:12:47, Sys 0 00:00:11  -  Total Remote Usage
		Usr 0 00:00:00, Sys 0 00:00:00  -  Total Local Usage
	586032  -  Run Bytes Sent By Job
	62717  -  Run Bytes Received By Job
	586032  -  Total Bytes Sent By Job
	62717  -  Total Bytes Received By Job
	Partitionable Resources :    Usage  Request          
	   Cpus                 :                 1          
	   Disk (KB)            :      658      658          
	   Memory (MB)          :       99       99          
...
000 (558040.000.000) 08/13 13:34:27 Job submitted from host: <18.12.1.74:48322>
...
001 (558040.000.000) 08/13 14:04:26 Job executing on host: <18.12.9.47:41168>
...
006 (558040.000.000) 08/13 14:04:35 Image size of job updated: 230468
	96  -  MemoryUsage of job (MB)
	97892  -  ResidentSetSize of job (KB)
...
005 (558040.000.000) 08/13 14:08:50 Job terminated.
	(1) Normal termination (return value 0)
		Usr 0 00:01:24, Sys 0 00:00:02  -  Run Remote Usage
		Usr 0 00:00:00, Sys 0 00:00:00  -  Run Local Usage
		Usr 0 00:01:24, Sys 0 00:00:02  -  Total Remote Usage
		Usr 0 00:00:00, Sys 0 00:00:00  -  Total Local Usage
	586249  -  Run Bytes Sent By Job
	62720  -  Run Bytes Received By Job
	586249  -  Total Bytes Sent By Job
	62720  -  Total Bytes Received By Job
	Partitionable Resources :    Usage  Request          
	   Cpus                 :                 1          
	   Disk (KB)            :      659      659          
	   Memory (MB)          :       96       96          
...
000 (566331.000.000) 08/20 20:28:36 Job submitted from host: <18.12.1.74:48322>
...
001 (566331.000.000) 08/20 20:29:13 Job executing on host: <18.12.9.55:44599>
...
006 (566331.000.000) 08/20 20:29:22 Image size of job updated: 230344
	96  -  MemoryUsage of job (MB)
	97576  -  ResidentSetSize of job (KB)
...
006 (566331.000.000) 08/20 20:31:33 Image size of job updated: 230476
	96  -  MemoryUsage of job (MB)
	97576  -  ResidentSetSize of job (KB)
...
005 (566331.000.000) 08/20 20:38:00 Job terminated.
	(1) Normal termination (return value 0)
		Usr 0 00:01:18, Sys 0 00:00:02  -  Run Remote Usage
		Usr 0 00:00:00, Sys 0 00:00:00  -  Run Local Usage
		Usr 0 00:01:18, Sys 0 00:00:02  -  Total Remote Usage
		Usr 0 00:00:00, Sys 0 00:00:00  -  Total Local Usage
	586304  -  Run Bytes Sent By Job
	62732  -  Run Bytes Received By Job
	586304  -  Total Bytes Sent By Job
	62732  -  Total Bytes Received By Job
	Partitionable Resources :    Usage  Request          
	   Cpus                 :                 1          
	   Disk (KB)            :      659      659          
	   Memory (MB)          :       96       96          
...
000 (782879.000.000) 10/01 15:59:25 Job submitted from host: <18.12.1.74:47665>
...
001 (782879.000.000) 10/01 16:00:48 Job executing on host: <18.12.8.252:46059>
...
006 (782879.000.000) 10/01 16:00:57 Image size of job updated: 13384
	2  -  MemoryUsage of job (MB)
	1976  -  ResidentSetSize of job (KB)
...
006 (782879.000.000) 10/01 16:04:47 Image size of job updated: 230476
	2  -  MemoryUsage of job (MB)
	1976  -  ResidentSetSize of job (KB)
...
005 (782879.000.000) 10/01 16:10:07 Job terminated.
	(1) Normal termination (return value 0)
		Usr 0 00:01:08, Sys 0 00:00:00  -  Run Remote Usage
		Usr 0 00:00:00, Sys 0 00:00:00  -  Run Local Usage
		Usr 0 00:01:08, Sys 0 00:00:00  -  Total Remote Usage
		Usr 0 00:00:00, Sys 0 00:00:00  -  Total Local Usage
	586102  -  Run Bytes Sent By Job
	62734  -  Run Bytes Received By Job
	586102  -  Total Bytes Sent By Job
	62734  -  Total Bytes Received By Job
	Partitionable Resources :    Usage  Request          
	   Cpus                 :                 1          
	   Disk (KB)            :      659      659          
	   Memory (MB)          :        2        2          
...
000 (786037.000.000) 10/05 14:19:14 Job submitted from host: <18.12.1.74:45913>
...
001 (786037.000.000) 10/05 14:20:43 Job executing on host: <18.12.8.45:48249>
...
006 (786037.000.000) 10/05 14:20:51 Image size of job updated: 2
	3  -  MemoryUsage of job (MB)
	2364  -  ResidentSetSize of job (KB)
...
006 (786037.000.000) 10/05 14:22:52 Image size of job updated: 230468
	3  -  MemoryUsage of job (MB)
	2364  -  ResidentSetSize of job (KB)
...
005 (786037.000.000) 10/05 14:22:52 Job terminated.
	(1) Normal termination (return value 0)
		Usr 0 00:01:39, Sys 0 00:00:03  -  Run Remote Usage
		Usr 0 00:00:00, Sys 0 00:00:00  -  Run Local Usage
		Usr 0 00:01:39, Sys 0 00:00:03  -  Total Remote Usage
		Usr 0 00:00:00, Sys 0 00:00:00  -  Total Local Usage
	586231  -  Run Bytes Sent By Job
	62732  -  Run Bytes Received By Job
	586231  -  Total Bytes Sent By Job
	62732  -  Total Bytes Received By Job
	Partitionable Resources :    Usage  Request          
	   Cpus                 :                 1          
	   Disk (KB)            :      659      659          
	   Memory (MB)          :        3        3          
...
000 (786403.000.000) 10/07 09:51:28 Job submitted from host: <18.12.1.74:45913>
...
001 (786403.000.000) 10/07 09:53:35 Job executing on host: <18.12.6.93:44745>
...
006 (786403.000.000) 10/07 09:53:43 Image size of job updated: 2
	3  -  MemoryUsage of job (MB)
	2340  -  ResidentSetSize of job (KB)
...
006 (786403.000.000) 10/07 09:55:54 Image size of job updated: 230504
	3  -  MemoryUsage of job (MB)
	2340  -  ResidentSetSize of job (KB)
...
005 (786403.000.000) 10/07 09:55:55 Job terminated.
	(1) Normal termination (return value 0)
		Usr 0 00:01:37, Sys 0 00:00:01  -  Run Remote Usage
		Usr 0 00:00:00, Sys 0 00:00:00  -  Run Local Usage
		Usr 0 00:01:37, Sys 0 00:00:01  -  Total Remote Usage
		Usr 0 00:00:00, Sys 0 00:00:00  -  Total Local Usage
	586296  -  Run Bytes Sent By Job
	62734  -  Run Bytes Received By Job
	586296  -  Total Bytes Sent By Job
	62734  -  Total Bytes Received By Job
	Partitionable Resources :    Usage  Request          
	   Cpus                 :                 1          
	   Disk (KB)            :      659      659          
	   Memory (MB)          :        3        3          
...
000 (786584.000.000) 10/07 11:12:59 Job submitted from host: <18.12.1.74:45913>
...
001 (786584.000.000) 10/07 11:22:00 Job executing on host: <18.12.9.60:42847>
...
006 (786584.000.000) 10/07 11:22:09 Image size of job updated: 2
	3  -  MemoryUsage of job (MB)
	2352  -  ResidentSetSize of job (KB)
...
006 (786584.000.000) 10/07 11:24:11 Image size of job updated: 238504
	3  -  MemoryUsage of job (MB)
	2352  -  ResidentSetSize of job (KB)
...
005 (786584.000.000) 10/07 11:24:11 Job terminated.
	(1) Normal termination (return value 0)
		Usr 0 00:01:17, Sys 0 00:00:01  -  Run Remote Usage
		Usr 0 00:00:00, Sys 0 00:00:00  -  Run Local Usage
		Usr 0 00:01:17, Sys 0 00:00:01  -  Total Remote Usage
		Usr 0 00:00:00, Sys 0 00:00:00  -  Total Local Usage
	585471  -  Run Bytes Sent By Job
	62746  -  Run Bytes Received By Job
	585471  -  Total Bytes Sent By Job
	62746  -  Total Bytes Received By Job
	Partitionable Resources :    Usage  Request          
	   Cpus                 :                 1          
	   Disk (KB)            :      658      658          
	   Memory (MB)          :        3        3          
...
000 (787511.000.000) 10/08 12:42:45 Job submitted from host: <18.12.1.74:45913>
...
001 (787511.000.000) 10/08 12:50:05 Job executing on host: <18.12.9.52:44526>
...
006 (787511.000.000) 10/08 12:50:14 Image size of job updated: 2
	3  -  MemoryUsage of job (MB)
	2340  -  ResidentSetSize of job (KB)
...
006 (787511.000.000) 10/08 12:51:44 Image size of job updated: 230460
	3  -  MemoryUsage of job (MB)
	2340  -  ResidentSetSize of job (KB)
...
005 (787511.000.000) 10/08 12:51:44 Job terminated.
	(1) Normal termination (return value 0)
		Usr 0 00:00:54, Sys 0 00:00:00  -  Run Remote Usage
		Usr 0 00:00:00, Sys 0 00:00:00  -  Run Local Usage
		Usr 0 00:00:54, Sys 0 00:00:00  -  Total Remote Usage
		Usr 0 00:00:00, Sys 0 00:00:00  -  Total Local Usage
	585327  -  Run Bytes Sent By Job
	62749  -  Run Bytes Received By Job
	585327  -  Total Bytes Sent By Job
	62749  -  Total Bytes Received By Job
	Partitionable Resources :    Usage  Request          
	   Cpus                 :                 1          
	   Disk (KB)            :      658      658          
	   Memory (MB)          :        3        3          
...
000 (787693.000.000) 10/08 14:27:17 Job submitted from host: <18.12.1.74:45913>
...
001 (787693.000.000) 10/08 14:38:17 Job executing on host: <18.12.12.67:45621>
...
006 (787693.000.000) 10/08 14:38:25 Image size of job updated: 2
	3  -  MemoryUsage of job (MB)
	2352  -  ResidentSetSize of job (KB)
...
006 (787693.000.000) 10/08 14:40:47 Image size of job updated: 230460
	3  -  MemoryUsage of job (MB)
	2352  -  ResidentSetSize of job (KB)
...
005 (787693.000.000) 10/08 14:40:47 Job terminated.
	(1) Normal termination (return value 0)
		Usr 0 00:01:45, Sys 0 00:00:02  -  Run Remote Usage
		Usr 0 00:00:00, Sys 0 00:00:00  -  Run Local Usage
		Usr 0 00:01:45, Sys 0 00:00:02  -  Total Remote Usage
		Usr 0 00:00:00, Sys 0 00:00:00  -  Total Local Usage
	585134  -  Run Bytes Sent By Job
	62691  -  Run Bytes Received By Job
	585134  -  Total Bytes Sent By Job
	62691  -  Total Bytes Received By Job
	Partitionable Resources :    Usage  Request          
	   Cpus                 :                 1          
	   Disk (KB)            :      658      658          
	   Memory (MB)          :        3        3          
...
000 (787876.000.000) 10/08 15:16:37 Job submitted from host: <18.12.1.74:45913>
...
001 (787876.000.000) 10/08 15:28:07 Job executing on host: <18.12.9.78:43066>
...
006 (787876.000.000) 10/08 15:28:15 Image size of job updated: 2
	3  -  MemoryUsage of job (MB)
	2344  -  ResidentSetSize of job (KB)
...
006 (787876.000.000) 10/08 15:30:01 Image size of job updated: 230456
	3  -  MemoryUsage of job (MB)
	2344  -  ResidentSetSize of job (KB)
...
005 (787876.000.000) 10/08 15:30:01 Job terminated.
	(1) Normal termination (return value 0)
		Usr 0 00:01:10, Sys 0 00:00:02  -  Run Remote Usage
		Usr 0 00:00:00, Sys 0 00:00:00  -  Run Local Usage
		Usr 0 00:01:10, Sys 0 00:00:02  -  Total Remote Usage
		Usr 0 00:00:00, Sys 0 00:00:00  -  Total Local Usage
	585404  -  Run Bytes Sent By Job
	62696  -  Run Bytes Received By Job
	585404  -  Total Bytes Sent By Job
	62696  -  Total Bytes Received By Job
	Partitionable Resources :    Usage  Request          
	   Cpus                 :                 1          
	   Disk (KB)            :      658      658          
	   Memory (MB)          :        3        3          
...
000 (788786.000.000) 10/12 10:42:42 Job submitted from host: <18.12.1.74:45913>
...
001 (788786.000.000) 10/12 10:51:49 Job executing on host: <18.12.8.211:46570>
...
006 (788786.000.000) 10/12 10:51:58 Image size of job updated: 230456
	98  -  MemoryUsage of job (MB)
	100324  -  ResidentSetSize of job (KB)
...
005 (788786.000.000) 10/12 10:53:58 Job terminated.
	(1) Normal termination (return value 0)
		Usr 0 00:01:33, Sys 0 00:00:01  -  Run Remote Usage
		Usr 0 00:00:00, Sys 0 00:00:00  -  Run Local Usage
		Usr 0 00:01:33, Sys 0 00:00:01  -  Total Remote Usage
		Usr 0 00:00:00, Sys 0 00:00:00  -  Total Local Usage
	585157  -  Run Bytes Sent By Job
	62704  -  Run Bytes Received By Job
	585157  -  Total Bytes Sent By Job
	62704  -  Total Bytes Received By Job
	Partitionable Resources :    Usage  Request          
	   Cpus                 :                 1          
	   Disk (KB)            :      658      658          
	   Memory (MB)          :       98       98          
...
