
----------------------------------------------------
Job started on Mon Oct 12 11:43:45 EDT 2015 at WN: t2bat0317.cmsaf.mit.edu 
Job is running on Linux t2bat0317.cmsaf.mit.edu 2.6.32-358.el6.x86_64 #1 SMP Fri Feb 22 20:37:17 CST 2013 x86_64 x86_64 x86_64 GNU/Linux
Filesystem            Size  Used Avail Use% Mounted on
/dev/sda3              20G  2.7G   17G  15% /
tmpfs                  32G     0   32G   0% /dev/shm
/dev/sda1              97M   32M   61M  35% /boot
/dev/sda4             416G   49G  367G  12% /export/data1
fuse_dfs              5.0P  4.0P  1.1P  80% /mnt/hadoop
/dev/sdb1             3.6T  3.1T  516G  86% /export/00b
/dev/sdc1             3.6T  3.1T  512G  87% /export/00c
/dev/sdd1             3.6T  3.1T  532G  86% /export/00d
/dev/sde1             3.6T  3.1T  523G  86% /export/00e
/dev/sdf1             3.6T  3.1T  534G  86% /export/00f
/dev/sdg1             3.6T  3.1T  525G  86% /export/00g
/dev/sdh1             3.6T  1.6T  2.1T  44% /export/00h
cvmfs2                 98G   43G   56G  44% /cvmfs/cms.cern.ch
t2srv0004:/export/db  135G  187M  135G   1% /net/t2srv0004/db
cvmfs2                 98G   43G   56G  44% /cvmfs/cvmfs.cmsaf.mit.edu
gcc (GCC) 4.4.7 20120313 (Red Hat 4.4.7-3)
Copyright (C) 2010 Free Software Foundation, Inc.
This is free software; see the source for copying conditions.  There is NO
warranty; not even for MERCHANTABILITY or FITNESS FOR A PARTICULAR PURPOSE.

Processing...
0/190241
10000/190241
20000/190241
30000/190241
40000/190241
50000/190241
60000/190241
70000/190241
80000/190241
90000/190241
100000/190241
110000/190241
120000/190241
130000/190241
140000/190241
150000/190241
160000/190241
170000/190241
180000/190241
190000/190241
Macro finished: 
CPU time (min)  = 1.576
Real time (min) = 2.15662
total 1.7M
-rw-r--r--  1 obaron obaron  108K Oct 12 11:01 jetRAA_PbPb_data_forest.txt
-rw-r--r--  1 obaron obaron   94K Oct 12 11:01 jetRAA_PbPb_data_akPu4_select.txt
-rw-r--r--  1 obaron obaron   94K Oct 12 11:01 jetRAA_PbPb_data_akPu3_select.txt
-rw-r--r--  1 obaron obaron   94K Oct 12 11:01 jetRAA_PbPb_data_akPu2_select.txt
-rw-r--r--  1 obaron obaron   70K Oct 12 11:21 RAA_read_data_pbpb.C
-rw-r--r--  1 obaron obaron   11K Oct 12 11:21 RAA_read_data_pbpb_C.d
-rwxr-xr-x  1 obaron obaron  101K Oct 12 11:21 RAA_read_data_pbpb_C.so
-rw-rw-r--  1 obaron obaron   61K Oct 12 11:43 jetRAA_run_PbPb_Data.tar
-rwxr-xr-x  1 obaron obaron  1.2K Oct 12 11:43 condor_exec.exe
drwxr-xr-x 35 condor root    4.0K Oct 12 11:43 ..
-rw-r--r--  1 condor condor  5.5K Oct 12 11:43 .machine.ad
-rw-r--r--  1 condor condor   20K Oct 12 11:43 .job.ad
-rwx------  1 obaron obaron    49 Oct 12 11:43 .chirp.config
-rw-r--r--  1 obaron obaron     0 Oct 12 11:43 _condor_stderr
drwx------  2 obaron obaron  4.0K Oct 12 11:43 .
-rw-r--r--  1 obaron obaron  1.8K Oct 12 11:46 _condor_stdout
-rw-r--r--  1 obaron obaron 1019K Oct 12 11:46 PbPb_Data_histograms_FromForest_pileupCutFIX_ZDCmCut_30GeVcut_akPu4_20_eta_20_785.root
Done!
Copied output files to hadoop rootfiles/JetRAA/June29
