000 (554282.000.000) 08/11 09:09:14 Job submitted from host: <18.12.1.74:48322>
...
001 (554282.000.000) 08/11 09:09:47 Job executing on host: <18.12.9.51:45549>
...
006 (554282.000.000) 08/11 09:09:56 Image size of job updated: 230564
	99  -  MemoryUsage of job (MB)
	100676  -  ResidentSetSize of job (KB)
...
006 (554282.000.000) 08/11 09:12:00 Image size of job updated: 230696
	99  -  MemoryUsage of job (MB)
	100676  -  ResidentSetSize of job (KB)
...
005 (554282.000.000) 08/11 09:12:00 Job terminated.
	(1) Normal termination (return value 0)
		Usr 0 00:01:30, Sys 0 00:00:01  -  Run Remote Usage
		Usr 0 00:00:00, Sys 0 00:00:00  -  Run Local Usage
		Usr 0 00:01:30, Sys 0 00:00:01  -  Total Remote Usage
		Usr 0 00:00:00, Sys 0 00:00:00  -  Total Local Usage
	586118  -  Run Bytes Sent By Job
	62717  -  Run Bytes Received By Job
	586118  -  Total Bytes Sent By Job
	62717  -  Total Bytes Received By Job
	Partitionable Resources :    Usage  Request          
	   Cpus                 :                 1          
	   Disk (KB)            :      659      659          
	   Memory (MB)          :       99       99          
...
000 (557997.000.000) 08/13 13:34:22 Job submitted from host: <18.12.1.74:48322>
...
001 (557997.000.000) 08/13 13:57:56 Job executing on host: <18.12.9.80:43650>
...
006 (557997.000.000) 08/13 13:58:04 Image size of job updated: 230560
	96  -  MemoryUsage of job (MB)
	98228  -  ResidentSetSize of job (KB)
...
006 (557997.000.000) 08/13 14:01:08 Image size of job updated: 230692
	96  -  MemoryUsage of job (MB)
	98228  -  ResidentSetSize of job (KB)
...
005 (557997.000.000) 08/13 14:01:08 Job terminated.
	(1) Normal termination (return value 0)
		Usr 0 00:01:58, Sys 0 00:00:03  -  Run Remote Usage
		Usr 0 00:00:00, Sys 0 00:00:00  -  Run Local Usage
		Usr 0 00:01:58, Sys 0 00:00:03  -  Total Remote Usage
		Usr 0 00:00:00, Sys 0 00:00:00  -  Total Local Usage
	586331  -  Run Bytes Sent By Job
	62720  -  Run Bytes Received By Job
	586331  -  Total Bytes Sent By Job
	62720  -  Total Bytes Received By Job
	Partitionable Resources :    Usage  Request          
	   Cpus                 :                 1          
	   Disk (KB)            :      659      659          
	   Memory (MB)          :       96       96          
...
000 (566288.000.000) 08/20 20:25:40 Job submitted from host: <18.12.1.74:48322>
...
007 (566288.000.000) 08/20 20:26:11 Shadow exception!
	Error from slot33@t2bat0300.cmsaf.mit.edu: Failed to transfer files
	0  -  Run Bytes Sent By Job
	0  -  Run Bytes Received By Job
...
007 (566288.000.000) 08/20 20:26:15 Shadow exception!
	Error from slot33@t2bat0300.cmsaf.mit.edu: Failed to transfer files
	0  -  Run Bytes Sent By Job
	0  -  Run Bytes Received By Job
...
007 (566288.000.000) 08/20 20:26:44 Shadow exception!
	Error from slot21@t2bat0306.cmsaf.mit.edu: Failed to transfer files
	0  -  Run Bytes Sent By Job
	0  -  Run Bytes Received By Job
...
001 (566288.000.000) 08/20 20:26:49 Job executing on host: <18.12.9.64:48395>
...
006 (566288.000.000) 08/20 20:26:58 Image size of job updated: 230432
	96  -  MemoryUsage of job (MB)
	98240  -  ResidentSetSize of job (KB)
...
006 (566288.000.000) 08/20 20:30:01 Image size of job updated: 230696
	96  -  MemoryUsage of job (MB)
	98240  -  ResidentSetSize of job (KB)
...
005 (566288.000.000) 08/20 20:36:35 Job terminated.
	(1) Normal termination (return value 0)
		Usr 0 00:01:51, Sys 0 00:00:02  -  Run Remote Usage
		Usr 0 00:00:00, Sys 0 00:00:00  -  Run Local Usage
		Usr 0 00:01:51, Sys 0 00:00:02  -  Total Remote Usage
		Usr 0 00:00:00, Sys 0 00:00:00  -  Total Local Usage
	586668  -  Run Bytes Sent By Job
	62732  -  Run Bytes Received By Job
	586668  -  Total Bytes Sent By Job
	62732  -  Total Bytes Received By Job
	Partitionable Resources :    Usage  Request          
	   Cpus                 :                 1          
	   Disk (KB)            :      660      660          
	   Memory (MB)          :       96       96          
...
