000 (554339.000.000) 08/11 09:09:22 Job submitted from host: <18.12.1.74:48322>
...
001 (554339.000.000) 08/11 09:09:54 Job executing on host: <18.12.8.13:49782>
...
006 (554339.000.000) 08/11 09:10:03 Image size of job updated: 2
	3  -  MemoryUsage of job (MB)
	2348  -  ResidentSetSize of job (KB)
...
006 (554339.000.000) 08/11 09:15:04 Image size of job updated: 230604
	104  -  MemoryUsage of job (MB)
	106300  -  ResidentSetSize of job (KB)
...
005 (554339.000.000) 08/11 09:16:57 Job terminated.
	(1) Normal termination (return value 0)
		Usr 0 00:01:51, Sys 0 00:00:02  -  Run Remote Usage
		Usr 0 00:00:00, Sys 0 00:00:00  -  Run Local Usage
		Usr 0 00:01:51, Sys 0 00:00:02  -  Total Remote Usage
		Usr 0 00:00:00, Sys 0 00:00:00  -  Total Local Usage
	586569  -  Run Bytes Sent By Job
	62717  -  Run Bytes Received By Job
	586569  -  Total Bytes Sent By Job
	62717  -  Total Bytes Received By Job
	Partitionable Resources :    Usage  Request          
	   Cpus                 :                 1          
	   Disk (KB)            :      659      659          
	   Memory (MB)          :      104      104          
...
000 (558054.000.000) 08/13 13:34:28 Job submitted from host: <18.12.1.74:48322>
...
001 (558054.000.000) 08/13 14:06:40 Job executing on host: <18.12.9.56:42482>
...
006 (558054.000.000) 08/13 14:06:49 Image size of job updated: 230476
	96  -  MemoryUsage of job (MB)
	98108  -  ResidentSetSize of job (KB)
...
006 (558054.000.000) 08/13 14:10:47 Image size of job updated: 230608
	96  -  MemoryUsage of job (MB)
	98108  -  ResidentSetSize of job (KB)
...
005 (558054.000.000) 08/13 14:10:47 Job terminated.
	(1) Normal termination (return value 0)
		Usr 0 00:01:36, Sys 0 00:00:02  -  Run Remote Usage
		Usr 0 00:00:00, Sys 0 00:00:00  -  Run Local Usage
		Usr 0 00:01:36, Sys 0 00:00:02  -  Total Remote Usage
		Usr 0 00:00:00, Sys 0 00:00:00  -  Total Local Usage
	586291  -  Run Bytes Sent By Job
	62720  -  Run Bytes Received By Job
	586291  -  Total Bytes Sent By Job
	62720  -  Total Bytes Received By Job
	Partitionable Resources :    Usage  Request          
	   Cpus                 :                 1          
	   Disk (KB)            :      659      659          
	   Memory (MB)          :       96       96          
...
000 (566345.000.000) 08/20 20:29:15 Job submitted from host: <18.12.1.74:48322>
...
001 (566345.000.000) 08/20 20:29:51 Job executing on host: <18.12.9.61:42555>
...
006 (566345.000.000) 08/20 20:30:00 Image size of job updated: 2
	3  -  MemoryUsage of job (MB)
	2352  -  ResidentSetSize of job (KB)
...
006 (566345.000.000) 08/20 20:32:49 Image size of job updated: 236372
	3  -  MemoryUsage of job (MB)
	2352  -  ResidentSetSize of job (KB)
...
005 (566345.000.000) 08/20 20:39:27 Job terminated.
	(1) Normal termination (return value 0)
		Usr 0 00:01:39, Sys 0 00:00:02  -  Run Remote Usage
		Usr 0 00:00:00, Sys 0 00:00:00  -  Run Local Usage
		Usr 0 00:01:39, Sys 0 00:00:02  -  Total Remote Usage
		Usr 0 00:00:00, Sys 0 00:00:00  -  Total Local Usage
	586346  -  Run Bytes Sent By Job
	62732  -  Run Bytes Received By Job
	586346  -  Total Bytes Sent By Job
	62732  -  Total Bytes Received By Job
	Partitionable Resources :    Usage  Request          
	   Cpus                 :                 1          
	   Disk (KB)            :      659      659          
	   Memory (MB)          :        3        3          
...
