000 (556025.000.000) 08/12 11:33:36 Job submitted from host: <18.12.1.74:48322>
...
001 (556025.000.000) 08/12 11:44:04 Job executing on host: <18.12.9.77:46279>
...
006 (556025.000.000) 08/12 11:44:13 Image size of job updated: 193804
	78  -  MemoryUsage of job (MB)
	79564  -  ResidentSetSize of job (KB)
...
006 (556025.000.000) 08/12 11:49:14 Image size of job updated: 230032
	108  -  MemoryUsage of job (MB)
	109952  -  ResidentSetSize of job (KB)
...
005 (556025.000.000) 08/12 11:50:53 Job terminated.
	(1) Normal termination (return value 0)
		Usr 0 00:00:34, Sys 0 00:00:01  -  Run Remote Usage
		Usr 0 00:00:00, Sys 0 00:00:00  -  Run Local Usage
		Usr 0 00:00:34, Sys 0 00:00:01  -  Total Remote Usage
		Usr 0 00:00:00, Sys 0 00:00:00  -  Total Local Usage
	586120  -  Run Bytes Sent By Job
	62715  -  Run Bytes Received By Job
	586120  -  Total Bytes Sent By Job
	62715  -  Total Bytes Received By Job
	Partitionable Resources :    Usage  Request          
	   Cpus                 :                 1          
	   Disk (KB)            :      659      659          
	   Memory (MB)          :      108      108          
...
000 (566394.000.000) 08/20 21:01:03 Job submitted from host: <18.12.1.74:48322>
...
001 (566394.000.000) 08/20 21:01:14 Job executing on host: <18.12.8.212:45621>
...
006 (566394.000.000) 08/20 21:01:23 Image size of job updated: 193808
	78  -  MemoryUsage of job (MB)
	79568  -  ResidentSetSize of job (KB)
...
006 (566394.000.000) 08/20 21:03:28 Image size of job updated: 230032
	78  -  MemoryUsage of job (MB)
	79568  -  ResidentSetSize of job (KB)
...
022 (566394.000.000) 08/20 21:03:28 Job disconnected, attempting to reconnect
    Socket between submit and execute hosts closed unexpectedly
    Trying to reconnect to slot9@t2bat0212.cmsaf.mit.edu <18.12.8.212:45621>
...
023 (566394.000.000) 08/20 21:03:28 Job reconnected to slot9@t2bat0212.cmsaf.mit.edu
    startd address: <18.12.8.212:45621>
    starter address: <18.12.8.212:47154>
...
022 (566394.000.000) 08/20 21:03:30 Job disconnected, attempting to reconnect
    Socket between submit and execute hosts closed unexpectedly
    Trying to reconnect to slot9@t2bat0212.cmsaf.mit.edu <18.12.8.212:45621>
...
023 (566394.000.000) 08/20 21:03:30 Job reconnected to slot9@t2bat0212.cmsaf.mit.edu
    startd address: <18.12.8.212:45621>
    starter address: <18.12.8.212:47154>
...
005 (566394.000.000) 08/20 21:09:47 Job terminated.
	(1) Normal termination (return value 0)
		Usr 0 00:00:34, Sys 0 00:00:00  -  Run Remote Usage
		Usr 0 00:00:00, Sys 0 00:00:00  -  Run Local Usage
		Usr 0 00:00:34, Sys 0 00:00:00  -  Total Remote Usage
		Usr 0 00:00:00, Sys 0 00:00:00  -  Total Local Usage
	585975  -  Run Bytes Sent By Job
	62731  -  Run Bytes Received By Job
	585975  -  Total Bytes Sent By Job
	62731  -  Total Bytes Received By Job
	Partitionable Resources :    Usage  Request          
	   Cpus                 :                 1          
	   Disk (KB)            :      659      659          
	   Memory (MB)          :       78       78          
...
