
----------------------------------------------------
Job started on Mon Oct 12 11:46:45 EDT 2015 at WN: t2bat0302.cmsaf.mit.edu 
Job is running on Linux t2bat0302.cmsaf.mit.edu 2.6.32-358.el6.x86_64 #1 SMP Fri Feb 22 20:37:17 CST 2013 x86_64 x86_64 x86_64 GNU/Linux
Filesystem            Size  Used Avail Use% Mounted on
/dev/sda3              20G  2.6G   17G  14% /
tmpfs                  32G     0   32G   0% /dev/shm
/dev/sda1              97M   32M   61M  35% /boot
/dev/sda4             416G   32G  384G   8% /export/data1
fuse_dfs              5.0P  4.0P  1.1P  80% /mnt/hadoop
/dev/sdb1             3.6T  2.9T  771G  79% /export/00b
/dev/sdc1             3.6T  2.9T  783G  79% /export/00c
/dev/sdd1             3.6T  2.9T  789G  79% /export/00d
/dev/sde1             3.6T  2.8T  802G  79% /export/00e
/dev/sdf1             3.6T  2.9T  785G  79% /export/00f
/dev/sdg1             3.6T  2.8T  825G  78% /export/00g
/dev/sdh1             3.6T  2.8T  809G  78% /export/00h
/dev/sdi1             3.6T  2.9T  795G  79% /export/00i
/dev/sdj1             3.6T  2.9T  784G  79% /export/00j
/dev/sdk1             3.6T  2.9T  788G  79% /export/00k
/dev/sdl1             3.6T  2.9T  795G  79% /export/00l
cvmfs2                 98G   25G   74G  25% /cvmfs/cms.cern.ch
t2srv0004:/export/db  135G  187M  135G   1% /net/t2srv0004/db
cvmfs2                 98G   25G   74G  25% /cvmfs/cvmfs.cmsaf.mit.edu
gcc (GCC) 4.4.7 20120313 (Red Hat 4.4.7-3)
Copyright (C) 2010 Free Software Foundation, Inc.
This is free software; see the source for copying conditions.  There is NO
warranty; not even for MERCHANTABILITY or FITNESS FOR A PARTICULAR PURPOSE.

Processing...
0/227714
10000/227714
20000/227714
30000/227714
40000/227714
50000/227714
60000/227714
70000/227714
80000/227714
90000/227714
100000/227714
110000/227714
120000/227714
130000/227714
140000/227714
150000/227714
160000/227714
170000/227714
180000/227714
190000/227714
200000/227714
210000/227714
220000/227714
Macro finished: 
CPU time (min)  = 1.8415
Real time (min) = 2.41126
total 2.0M
-rw-r--r--  1 obaron obaron 108K Oct 12 11:01 jetRAA_PbPb_data_forest.txt
-rw-r--r--  1 obaron obaron  94K Oct 12 11:01 jetRAA_PbPb_data_akPu4_select.txt
-rw-r--r--  1 obaron obaron  94K Oct 12 11:01 jetRAA_PbPb_data_akPu3_select.txt
-rw-r--r--  1 obaron obaron  94K Oct 12 11:01 jetRAA_PbPb_data_akPu2_select.txt
-rw-r--r--  1 obaron obaron  70K Oct 12 11:21 RAA_read_data_pbpb.C
-rw-r--r--  1 obaron obaron  11K Oct 12 11:21 RAA_read_data_pbpb_C.d
-rwxr-xr-x  1 obaron obaron 101K Oct 12 11:21 RAA_read_data_pbpb_C.so
-rw-rw-r--  1 obaron obaron  61K Oct 12 11:46 jetRAA_run_PbPb_Data.tar
-rwxr-xr-x  1 obaron obaron 1.2K Oct 12 11:46 condor_exec.exe
-rw-r--r--  1 condor condor  20K Oct 12 11:46 .job.ad
drwxr-xr-x 35 condor root   4.0K Oct 12 11:46 ..
-rw-r--r--  1 condor condor 5.5K Oct 12 11:46 .machine.ad
-rwx------  1 obaron obaron   49 Oct 12 11:46 .chirp.config
-rw-r--r--  1 obaron obaron    0 Oct 12 11:46 _condor_stderr
drwx------  2 obaron obaron 4.0K Oct 12 11:46 .
-rw-r--r--  1 obaron obaron 2.0K Oct 12 11:49 _condor_stdout
-rw-r--r--  1 obaron obaron 1.3M Oct 12 11:49 PbPb_Data_histograms_FromForest_pileupCutFIX_ZDCmCut_30GeVcut_akPu4_20_eta_20_830.root
Done!
Copied output files to hadoop rootfiles/JetRAA/June29
