000 (556001.000.000) 08/12 11:33:34 Job submitted from host: <18.12.1.74:48322>
...
001 (556001.000.000) 08/12 11:35:19 Job executing on host: <18.12.8.152:47811>
...
006 (556001.000.000) 08/12 11:35:28 Image size of job updated: 230060
	94  -  MemoryUsage of job (MB)
	95912  -  ResidentSetSize of job (KB)
...
006 (556001.000.000) 08/12 11:37:16 Image size of job updated: 230192
	94  -  MemoryUsage of job (MB)
	95912  -  ResidentSetSize of job (KB)
...
005 (556001.000.000) 08/12 11:37:16 Job terminated.
	(1) Normal termination (return value 0)
		Usr 0 00:00:45, Sys 0 00:00:01  -  Run Remote Usage
		Usr 0 00:00:00, Sys 0 00:00:00  -  Run Local Usage
		Usr 0 00:00:45, Sys 0 00:00:01  -  Total Remote Usage
		Usr 0 00:00:00, Sys 0 00:00:00  -  Total Local Usage
	586123  -  Run Bytes Sent By Job
	62715  -  Run Bytes Received By Job
	586123  -  Total Bytes Sent By Job
	62715  -  Total Bytes Received By Job
	Partitionable Resources :    Usage  Request          
	   Cpus                 :                 1          
	   Disk (KB)            :      659      659          
	   Memory (MB)          :       94       94          
...
000 (566370.000.000) 08/20 20:59:45 Job submitted from host: <18.12.1.74:48322>
...
001 (566370.000.000) 08/20 21:00:34 Job executing on host: <18.12.9.40:47592>
...
006 (566370.000.000) 08/20 21:00:43 Image size of job updated: 128756
	18  -  MemoryUsage of job (MB)
	17676  -  ResidentSetSize of job (KB)
...
006 (566370.000.000) 08/20 21:04:11 Image size of job updated: 230192
	18  -  MemoryUsage of job (MB)
	17676  -  ResidentSetSize of job (KB)
...
022 (566370.000.000) 08/20 21:04:13 Job disconnected, attempting to reconnect
    Socket between submit and execute hosts closed unexpectedly
    Trying to reconnect to slot26@t2bat0296.cmsaf.mit.edu <18.12.9.40:47592>
...
023 (566370.000.000) 08/20 21:04:13 Job reconnected to slot26@t2bat0296.cmsaf.mit.edu
    startd address: <18.12.9.40:47592>
    starter address: <18.12.9.40:44234>
...
005 (566370.000.000) 08/20 21:10:34 Job terminated.
	(1) Normal termination (return value 0)
		Usr 0 00:00:52, Sys 0 00:00:01  -  Run Remote Usage
		Usr 0 00:00:00, Sys 0 00:00:00  -  Run Local Usage
		Usr 0 00:00:52, Sys 0 00:00:01  -  Total Remote Usage
		Usr 0 00:00:00, Sys 0 00:00:00  -  Total Local Usage
	586368  -  Run Bytes Sent By Job
	62731  -  Run Bytes Received By Job
	586368  -  Total Bytes Sent By Job
	62731  -  Total Bytes Received By Job
	Partitionable Resources :    Usage  Request          
	   Cpus                 :                 1          
	   Disk (KB)            :      659      659          
	   Memory (MB)          :       18       18          
...
