
----------------------------------------------------
Job started on Thu Aug 20 20:21:05 EDT 2015 at WN: t2bat0284.cmsaf.mit.edu 
Job is running on Linux t2bat0284.cmsaf.mit.edu 2.6.32-358.el6.x86_64 #1 SMP Fri Feb 22 20:37:17 CST 2013 x86_64 x86_64 x86_64 GNU/Linux
Filesystem            Size  Used Avail Use% Mounted on
/dev/sda3              20G  8.1G   11G  43% /
tmpfs                  32G     0   32G   0% /dev/shm
/dev/sda1              97M   32M   61M  35% /boot
/dev/sda4             416G   58G  358G  14% /export/data1
fuse_dfs              4.9P  4.6P  324T  94% /mnt/hadoop
/dev/sdb1             2.7T  2.5T  241G  92% /export/00b
/dev/sdc1             2.7T  2.5T  225G  92% /export/00c
/dev/sdd1             2.7T  2.5T  248G  91% /export/00d
/dev/sde1             2.7T  2.5T  224G  92% /export/00e
/dev/sdf1             2.7T  2.5T  239G  92% /export/00f
/dev/sdg1             2.7T  2.5T  251G  91% /export/00g
/dev/sdh1             2.7T  2.5T  228G  92% /export/00h
/dev/sdi1             2.7T  2.5T  230G  92% /export/00i
/dev/sdj1             2.7T  2.5T  233G  92% /export/00j
/dev/sdk1             2.7T  2.5T  238G  92% /export/00k
/dev/sdl1             2.7T  2.5T  235G  92% /export/00l
cvmfs2                 98G   31G   67G  32% /cvmfs/cms.cern.ch
t2srv0004:/export/db  135G  187M  135G   1% /net/t2srv0004/db
cvmfs2                 98G   31G   67G  32% /cvmfs/cvmfs.cmsaf.mit.edu
cvmfs2                 98G   31G   67G  32% /cvmfs/oasis.opensciencegrid.org
cvmfs2                 98G   31G   67G  32% /cvmfs/cdfcfs.fnal.gov
gcc (GCC) 4.4.7 20120313 (Red Hat 4.4.7-3)
Copyright (C) 2010 Free Software Foundation, Inc.
This is free software; see the source for copying conditions.  There is NO
warranty; not even for MERCHANTABILITY or FITNESS FOR A PARTICULAR PURPOSE.

Processing...
0/78935
10000/78935
20000/78935
30000/78935
40000/78935
50000/78935
60000/78935
70000/78935
Macro finished: 
CPU time (min)  = 0.766667
Real time (min) = 3.89767
total 1.6M
-rw-r--r--  1 obaron obaron  94K Aug 20 13:21 jetRAA_PbPb_data_akPu2_select.txt
-rw-r--r--  1 obaron obaron  94K Aug 20 13:21 jetRAA_PbPb_data_akPu4_select.txt
-rw-r--r--  1 obaron obaron 108K Aug 20 13:22 jetRAA_PbPb_data_forest.txt
-rw-r--r--  1 obaron obaron  94K Aug 20 13:22 jetRAA_PbPb_data_akPu3_select.txt
-rw-r--r--  1 obaron obaron  70K Aug 20 20:03 RAA_read_data_pbpb.C
-rw-r--r--  1 obaron obaron  11K Aug 20 20:04 RAA_read_data_pbpb_C.d
-rwxr-xr-x  1 obaron obaron 101K Aug 20 20:05 RAA_read_data_pbpb_C.so
-rw-rw-r--  1 obaron obaron  61K Aug 20 20:21 jetRAA_run_PbPb_Data.tar
-rwxr-xr-x  1 obaron obaron 1.2K Aug 20 20:21 condor_exec.exe
-rw-r--r--  1 condor condor 5.5K Aug 20 20:21 .machine.ad
-rw-r--r--  1 condor condor  20K Aug 20 20:21 .job.ad
-rwx------  1 obaron obaron   49 Aug 20 20:21 .chirp.config
drwx------  2 obaron obaron 4.0K Aug 20 20:21 .
-rw-r--r--  1 obaron obaron  678 Aug 20 20:21 _condor_stderr
drwxr-xr-x 35 condor root   4.0K Aug 20 20:21 ..
-rw-r--r--  1 obaron obaron 2.0K Aug 20 20:25 _condor_stdout
-rw-r--r--  1 obaron obaron 904K Aug 20 20:25 PbPb_Data_histograms_FromForest_pileupCutFIX_ZDCmCut_akPu3_20_eta_20_215.root
Done!
Copied output files to hadoop rootfiles/JetRAA/June29
