000 (556018.000.000) 08/12 11:33:36 Job submitted from host: <18.12.1.74:48322>
...
001 (556018.000.000) 08/12 11:42:19 Job executing on host: <18.12.9.36:47227>
...
006 (556018.000.000) 08/12 11:42:27 Image size of job updated: 187692
	71  -  MemoryUsage of job (MB)
	72604  -  ResidentSetSize of job (KB)
...
006 (556018.000.000) 08/12 11:47:27 Image size of job updated: 230072
	106  -  MemoryUsage of job (MB)
	107728  -  ResidentSetSize of job (KB)
...
006 (556018.000.000) 08/12 11:52:28 Image size of job updated: 230072
	113  -  MemoryUsage of job (MB)
	115392  -  ResidentSetSize of job (KB)
...
005 (556018.000.000) 08/12 11:58:56 Job terminated.
	(1) Normal termination (return value 0)
		Usr 0 00:00:36, Sys 0 00:00:01  -  Run Remote Usage
		Usr 0 00:00:00, Sys 0 00:00:00  -  Run Local Usage
		Usr 0 00:00:36, Sys 0 00:00:01  -  Total Remote Usage
		Usr 0 00:00:00, Sys 0 00:00:00  -  Total Local Usage
	586397  -  Run Bytes Sent By Job
	62715  -  Run Bytes Received By Job
	586397  -  Total Bytes Sent By Job
	62715  -  Total Bytes Received By Job
	Partitionable Resources :    Usage  Request          
	   Cpus                 :                 1          
	   Disk (KB)            :      659      659          
	   Memory (MB)          :      113      113          
...
000 (566387.000.000) 08/20 21:00:40 Job submitted from host: <18.12.1.74:48322>
...
007 (566387.000.000) 08/20 21:01:16 Shadow exception!
	Error from slot16@t2bat0004.cmsaf.mit.edu: Failed to transfer files
	0  -  Run Bytes Sent By Job
	0  -  Run Bytes Received By Job
...
007 (566387.000.000) 08/20 21:01:18 Shadow exception!
	Error from slot16@t2bat0004.cmsaf.mit.edu: Failed to transfer files
	0  -  Run Bytes Sent By Job
	0  -  Run Bytes Received By Job
...
007 (566387.000.000) 08/20 21:01:24 Shadow exception!
	Error from slot16@t2bat0004.cmsaf.mit.edu: Failed to transfer files
	0  -  Run Bytes Sent By Job
	0  -  Run Bytes Received By Job
...
001 (566387.000.000) 08/20 21:01:28 Job executing on host: <18.12.8.4:43942>
...
006 (566387.000.000) 08/20 21:01:37 Image size of job updated: 2
	3  -  MemoryUsage of job (MB)
	2344  -  ResidentSetSize of job (KB)
...
006 (566387.000.000) 08/20 21:02:59 Image size of job updated: 230116
	3  -  MemoryUsage of job (MB)
	2344  -  ResidentSetSize of job (KB)
...
022 (566387.000.000) 08/20 21:03:00 Job disconnected, attempting to reconnect
    Socket between submit and execute hosts closed unexpectedly
    Trying to reconnect to slot16@t2bat0004.cmsaf.mit.edu <18.12.8.4:43942>
...
023 (566387.000.000) 08/20 21:03:00 Job reconnected to slot16@t2bat0004.cmsaf.mit.edu
    startd address: <18.12.8.4:43942>
    starter address: <18.12.8.4:46789>
...
005 (566387.000.000) 08/20 21:09:33 Job terminated.
	(1) Normal termination (return value 0)
		Usr 0 00:00:38, Sys 0 00:00:00  -  Run Remote Usage
		Usr 0 00:00:00, Sys 0 00:00:00  -  Run Local Usage
		Usr 0 00:00:38, Sys 0 00:00:00  -  Total Remote Usage
		Usr 0 00:00:00, Sys 0 00:00:00  -  Total Local Usage
	586119  -  Run Bytes Sent By Job
	62731  -  Run Bytes Received By Job
	586119  -  Total Bytes Sent By Job
	62731  -  Total Bytes Received By Job
	Partitionable Resources :    Usage  Request          
	   Cpus                 :                 1          
	   Disk (KB)            :      659      659          
	   Memory (MB)          :        3        3          
...
