000 (554344.000.000) 08/11 09:09:22 Job submitted from host: <18.12.1.74:48322>
...
001 (554344.000.000) 08/11 09:09:55 Job executing on host: <18.12.9.14:40584>
...
006 (554344.000.000) 08/11 09:10:04 Image size of job updated: 2
	3  -  MemoryUsage of job (MB)
	2340  -  ResidentSetSize of job (KB)
...
006 (554344.000.000) 08/11 09:12:18 Image size of job updated: 230604
	3  -  MemoryUsage of job (MB)
	2340  -  ResidentSetSize of job (KB)
...
005 (554344.000.000) 08/11 09:12:18 Job terminated.
	(1) Normal termination (return value 0)
		Usr 0 00:01:28, Sys 0 00:00:01  -  Run Remote Usage
		Usr 0 00:00:00, Sys 0 00:00:00  -  Run Local Usage
		Usr 0 00:01:28, Sys 0 00:00:01  -  Total Remote Usage
		Usr 0 00:00:00, Sys 0 00:00:00  -  Total Local Usage
	586227  -  Run Bytes Sent By Job
	62717  -  Run Bytes Received By Job
	586227  -  Total Bytes Sent By Job
	62717  -  Total Bytes Received By Job
	Partitionable Resources :    Usage  Request          
	   Cpus                 :                 1          
	   Disk (KB)            :      659      659          
	   Memory (MB)          :        3        3          
...
000 (558059.000.000) 08/13 13:34:28 Job submitted from host: <18.12.1.74:48322>
...
001 (558059.000.000) 08/13 14:07:52 Job executing on host: <18.12.6.31:42701>
...
006 (558059.000.000) 08/13 14:08:00 Image size of job updated: 225464
	92  -  MemoryUsage of job (MB)
	93444  -  ResidentSetSize of job (KB)
...
006 (558059.000.000) 08/13 14:12:09 Image size of job updated: 230608
	92  -  MemoryUsage of job (MB)
	93444  -  ResidentSetSize of job (KB)
...
005 (558059.000.000) 08/13 14:12:10 Job terminated.
	(1) Normal termination (return value 0)
		Usr 0 00:01:42, Sys 0 00:00:01  -  Run Remote Usage
		Usr 0 00:00:00, Sys 0 00:00:00  -  Run Local Usage
		Usr 0 00:01:42, Sys 0 00:00:01  -  Total Remote Usage
		Usr 0 00:00:00, Sys 0 00:00:00  -  Total Local Usage
	586221  -  Run Bytes Sent By Job
	62720  -  Run Bytes Received By Job
	586221  -  Total Bytes Sent By Job
	62720  -  Total Bytes Received By Job
	Partitionable Resources :    Usage  Request          
	   Cpus                 :                 1          
	   Disk (KB)            :      659      659          
	   Memory (MB)          :       92       92          
...
000 (566350.000.000) 08/20 20:29:37 Job submitted from host: <18.12.1.74:48322>
...
001 (566350.000.000) 08/20 20:30:04 Job executing on host: <18.12.8.254:46716>
...
006 (566350.000.000) 08/20 20:30:13 Image size of job updated: 93584
	3  -  MemoryUsage of job (MB)
	2424  -  ResidentSetSize of job (KB)
...
006 (566350.000.000) 08/20 20:35:13 Image size of job updated: 230604
	102  -  MemoryUsage of job (MB)
	104228  -  ResidentSetSize of job (KB)
...
006 (566350.000.000) 08/20 20:40:14 Image size of job updated: 230604
	104  -  MemoryUsage of job (MB)
	105884  -  ResidentSetSize of job (KB)
...
005 (566350.000.000) 08/20 20:50:05 Job terminated.
	(1) Normal termination (return value 0)
		Usr 0 00:01:42, Sys 0 00:00:01  -  Run Remote Usage
		Usr 0 00:00:00, Sys 0 00:00:00  -  Run Local Usage
		Usr 0 00:01:42, Sys 0 00:00:01  -  Total Remote Usage
		Usr 0 00:00:00, Sys 0 00:00:00  -  Total Local Usage
	586274  -  Run Bytes Sent By Job
	62732  -  Run Bytes Received By Job
	586274  -  Total Bytes Sent By Job
	62732  -  Total Bytes Received By Job
	Partitionable Resources :    Usage  Request          
	   Cpus                 :                 1          
	   Disk (KB)            :      659      659          
	   Memory (MB)          :      104      104          
...
