000 (556022.000.000) 08/12 11:33:36 Job submitted from host: <18.12.1.74:48322>
...
001 (556022.000.000) 08/12 11:43:20 Job executing on host: <18.12.8.163:40511>
...
006 (556022.000.000) 08/12 11:43:28 Image size of job updated: 2
	3  -  MemoryUsage of job (MB)
	2340  -  ResidentSetSize of job (KB)
...
006 (556022.000.000) 08/12 11:45:50 Image size of job updated: 230060
	3  -  MemoryUsage of job (MB)
	2340  -  ResidentSetSize of job (KB)
...
005 (556022.000.000) 08/12 11:45:50 Job terminated.
	(1) Normal termination (return value 0)
		Usr 0 00:00:30, Sys 0 00:00:00  -  Run Remote Usage
		Usr 0 00:00:00, Sys 0 00:00:00  -  Run Local Usage
		Usr 0 00:00:30, Sys 0 00:00:00  -  Total Remote Usage
		Usr 0 00:00:00, Sys 0 00:00:00  -  Total Local Usage
	586061  -  Run Bytes Sent By Job
	62715  -  Run Bytes Received By Job
	586061  -  Total Bytes Sent By Job
	62715  -  Total Bytes Received By Job
	Partitionable Resources :    Usage  Request          
	   Cpus                 :                 1          
	   Disk (KB)            :      659      659          
	   Memory (MB)          :        3        3          
...
000 (566391.000.000) 08/20 21:00:55 Job submitted from host: <18.12.1.74:48322>
...
007 (566391.000.000) 08/20 21:01:12 Shadow exception!
	Error from slot11@t2bat0296.cmsaf.mit.edu: Failed to transfer files
	0  -  Run Bytes Sent By Job
	0  -  Run Bytes Received By Job
...
007 (566391.000.000) 08/20 21:02:04 Shadow exception!
	Error from slot26@t2bat0012.cmsaf.mit.edu: Failed to transfer files
	0  -  Run Bytes Sent By Job
	0  -  Run Bytes Received By Job
...
007 (566391.000.000) 08/20 21:02:07 Shadow exception!
	Error from slot26@t2bat0012.cmsaf.mit.edu: Failed to transfer files
	0  -  Run Bytes Sent By Job
	0  -  Run Bytes Received By Job
...
001 (566391.000.000) 08/20 21:02:12 Job executing on host: <18.12.8.12:45037>
...
006 (566391.000.000) 08/20 21:02:21 Image size of job updated: 192448
	77  -  MemoryUsage of job (MB)
	78244  -  ResidentSetSize of job (KB)
...
006 (566391.000.000) 08/20 21:04:38 Image size of job updated: 230028
	77  -  MemoryUsage of job (MB)
	78244  -  ResidentSetSize of job (KB)
...
022 (566391.000.000) 08/20 21:04:39 Job disconnected, attempting to reconnect
    Socket between submit and execute hosts closed unexpectedly
    Trying to reconnect to slot26@t2bat0012.cmsaf.mit.edu <18.12.8.12:45037>
...
023 (566391.000.000) 08/20 21:04:39 Job reconnected to slot26@t2bat0012.cmsaf.mit.edu
    startd address: <18.12.8.12:45037>
    starter address: <18.12.8.12:49126>
...
005 (566391.000.000) 08/20 21:11:03 Job terminated.
	(1) Normal termination (return value 0)
		Usr 0 00:00:35, Sys 0 00:00:00  -  Run Remote Usage
		Usr 0 00:00:00, Sys 0 00:00:00  -  Run Local Usage
		Usr 0 00:00:35, Sys 0 00:00:00  -  Total Remote Usage
		Usr 0 00:00:00, Sys 0 00:00:00  -  Total Local Usage
	586311  -  Run Bytes Sent By Job
	62731  -  Run Bytes Received By Job
	586311  -  Total Bytes Sent By Job
	62731  -  Total Bytes Received By Job
	Partitionable Resources :    Usage  Request          
	   Cpus                 :                 1          
	   Disk (KB)            :      659      659          
	   Memory (MB)          :       77       77          
...
000 (782396.000.000) 10/01 13:04:22 Job submitted from host: <18.12.1.74:47665>
...
001 (782396.000.000) 10/01 13:11:15 Job executing on host: <18.12.8.116:45183>
...
006 (782396.000.000) 10/01 13:11:24 Image size of job updated: 230064
	93  -  MemoryUsage of job (MB)
	94808  -  ResidentSetSize of job (KB)
...
006 (782396.000.000) 10/01 13:12:52 Image size of job updated: 237944
	93  -  MemoryUsage of job (MB)
	94808  -  ResidentSetSize of job (KB)
...
005 (782396.000.000) 10/01 13:12:52 Job terminated.
	(1) Normal termination (return value 0)
		Usr 0 00:00:29, Sys 0 00:00:01  -  Run Remote Usage
		Usr 0 00:00:00, Sys 0 00:00:00  -  Run Local Usage
		Usr 0 00:00:29, Sys 0 00:00:01  -  Total Remote Usage
		Usr 0 00:00:00, Sys 0 00:00:00  -  Total Local Usage
	585974  -  Run Bytes Sent By Job
	62730  -  Run Bytes Received By Job
	585974  -  Total Bytes Sent By Job
	62730  -  Total Bytes Received By Job
	Partitionable Resources :    Usage  Request          
	   Cpus                 :                 1          
	   Disk (KB)            :      659      659          
	   Memory (MB)          :       93       93          
...
000 (782577.000.000) 10/01 14:30:36 Job submitted from host: <18.12.1.74:47665>
...
001 (782577.000.000) 10/01 14:31:40 Job executing on host: <18.12.8.226:42555>
...
006 (782577.000.000) 10/01 14:31:49 Image size of job updated: 193796
	80  -  MemoryUsage of job (MB)
	81120  -  ResidentSetSize of job (KB)
...
006 (782577.000.000) 10/01 14:34:57 Image size of job updated: 227184
	80  -  MemoryUsage of job (MB)
	81120  -  ResidentSetSize of job (KB)
...
005 (782577.000.000) 10/01 14:37:54 Job terminated.
	(1) Normal termination (return value 0)
		Usr 0 00:00:13, Sys 0 00:00:00  -  Run Remote Usage
		Usr 0 00:00:00, Sys 0 00:00:00  -  Run Local Usage
		Usr 0 00:00:13, Sys 0 00:00:00  -  Total Remote Usage
		Usr 0 00:00:00, Sys 0 00:00:00  -  Total Local Usage
	1957284  -  Run Bytes Sent By Job
	62736  -  Run Bytes Received By Job
	1957284  -  Total Bytes Sent By Job
	62736  -  Total Bytes Received By Job
	Partitionable Resources :    Usage  Request          
	   Cpus                 :                 1          
	   Disk (KB)            :     1998     1998          
	   Memory (MB)          :       80       80          
...
000 (788118.000.000) 10/09 09:23:35 Job submitted from host: <18.12.1.74:45913>
...
001 (788118.000.000) 10/09 09:24:03 Job executing on host: <18.12.8.240:47081>
...
006 (788118.000.000) 10/09 09:24:12 Image size of job updated: 187696
	71  -  MemoryUsage of job (MB)
	72524  -  ResidentSetSize of job (KB)
...
006 (788118.000.000) 10/09 09:25:20 Image size of job updated: 230048
	71  -  MemoryUsage of job (MB)
	72524  -  ResidentSetSize of job (KB)
...
005 (788118.000.000) 10/09 09:25:20 Job terminated.
	(1) Normal termination (return value 0)
		Usr 0 00:00:34, Sys 0 00:00:00  -  Run Remote Usage
		Usr 0 00:00:00, Sys 0 00:00:00  -  Run Local Usage
		Usr 0 00:00:34, Sys 0 00:00:00  -  Total Remote Usage
		Usr 0 00:00:00, Sys 0 00:00:00  -  Total Local Usage
	585293  -  Run Bytes Sent By Job
	62698  -  Run Bytes Received By Job
	585293  -  Total Bytes Sent By Job
	62698  -  Total Bytes Received By Job
	Partitionable Resources :    Usage  Request          
	   Cpus                 :                 1          
	   Disk (KB)            :      658      658          
	   Memory (MB)          :       71       71          
...
000 (788483.000.000) 10/12 09:47:56 Job submitted from host: <18.12.1.74:45913>
...
001 (788483.000.000) 10/12 09:51:35 Job executing on host: <18.12.12.68:42555>
...
006 (788483.000.000) 10/12 09:51:44 Image size of job updated: 2
	3  -  MemoryUsage of job (MB)
	2340  -  ResidentSetSize of job (KB)
...
006 (788483.000.000) 10/12 09:52:58 Image size of job updated: 230044
	3  -  MemoryUsage of job (MB)
	2340  -  ResidentSetSize of job (KB)
...
005 (788483.000.000) 10/12 09:52:58 Job terminated.
	(1) Normal termination (return value 0)
		Usr 0 00:00:40, Sys 0 00:00:01  -  Run Remote Usage
		Usr 0 00:00:00, Sys 0 00:00:00  -  Run Local Usage
		Usr 0 00:00:40, Sys 0 00:00:01  -  Total Remote Usage
		Usr 0 00:00:00, Sys 0 00:00:00  -  Total Local Usage
	585009  -  Run Bytes Sent By Job
	62703  -  Run Bytes Received By Job
	585009  -  Total Bytes Sent By Job
	62703  -  Total Bytes Received By Job
	Partitionable Resources :    Usage  Request          
	   Cpus                 :                 1          
	   Disk (KB)            :      658      658          
	   Memory (MB)          :        3        3          
...
