000 (556393.000.000) 08/12 14:10:52 Job submitted from host: <18.12.1.74:48322>
...
001 (556393.000.000) 08/12 14:34:55 Job executing on host: <18.12.9.80:43650>
...
006 (556393.000.000) 08/12 14:35:04 Image size of job updated: 224640
	90  -  MemoryUsage of job (MB)
	91876  -  ResidentSetSize of job (KB)
...
006 (556393.000.000) 08/12 14:40:05 Image size of job updated: 230352
	100  -  MemoryUsage of job (MB)
	101432  -  ResidentSetSize of job (KB)
...
005 (556393.000.000) 08/12 14:43:50 Job terminated.
	(1) Normal termination (return value 0)
		Usr 0 00:01:04, Sys 0 00:00:02  -  Run Remote Usage
		Usr 0 00:00:00, Sys 0 00:00:00  -  Run Local Usage
		Usr 0 00:01:04, Sys 0 00:00:02  -  Total Remote Usage
		Usr 0 00:00:00, Sys 0 00:00:00  -  Total Local Usage
	586219  -  Run Bytes Sent By Job
	62715  -  Run Bytes Received By Job
	586219  -  Total Bytes Sent By Job
	62715  -  Total Bytes Received By Job
	Partitionable Resources :    Usage  Request          
	   Cpus                 :                 1          
	   Disk (KB)            :      659      659          
	   Memory (MB)          :      100      100          
...
000 (557653.000.000) 08/13 11:57:28 Job submitted from host: <18.12.1.74:48322>
...
001 (557653.000.000) 08/13 12:28:07 Job executing on host: <18.12.8.12:45037>
...
006 (557653.000.000) 08/13 12:28:15 Image size of job updated: 72348
	12  -  MemoryUsage of job (MB)
	12276  -  ResidentSetSize of job (KB)
...
006 (557653.000.000) 08/13 12:33:15 Image size of job updated: 230348
	113  -  MemoryUsage of job (MB)
	114732  -  ResidentSetSize of job (KB)
...
005 (557653.000.000) 08/13 12:36:23 Job terminated.
	(1) Normal termination (return value 0)
		Usr 0 00:01:15, Sys 0 00:00:03  -  Run Remote Usage
		Usr 0 00:00:00, Sys 0 00:00:00  -  Run Local Usage
		Usr 0 00:01:15, Sys 0 00:00:03  -  Total Remote Usage
		Usr 0 00:00:00, Sys 0 00:00:00  -  Total Local Usage
	586499  -  Run Bytes Sent By Job
	62715  -  Run Bytes Received By Job
	586499  -  Total Bytes Sent By Job
	62715  -  Total Bytes Received By Job
	Partitionable Resources :    Usage  Request          
	   Cpus                 :                 1          
	   Disk (KB)            :      659      659          
	   Memory (MB)          :      113      113          
...
000 (558169.000.000) 08/13 14:31:10 Job submitted from host: <18.12.1.74:48322>
...
001 (558169.000.000) 08/13 14:59:45 Job executing on host: <18.12.6.31:42701>
...
006 (558169.000.000) 08/13 14:59:54 Image size of job updated: 228868
	98  -  MemoryUsage of job (MB)
	99504  -  ResidentSetSize of job (KB)
...
006 (558169.000.000) 08/13 15:02:32 Image size of job updated: 230356
	98  -  MemoryUsage of job (MB)
	99504  -  ResidentSetSize of job (KB)
...
005 (558169.000.000) 08/13 15:02:32 Job terminated.
	(1) Normal termination (return value 0)
		Usr 0 00:01:11, Sys 0 00:00:01  -  Run Remote Usage
		Usr 0 00:00:00, Sys 0 00:00:00  -  Run Local Usage
		Usr 0 00:01:11, Sys 0 00:00:01  -  Total Remote Usage
		Usr 0 00:00:00, Sys 0 00:00:00  -  Total Local Usage
	585950  -  Run Bytes Sent By Job
	62714  -  Run Bytes Received By Job
	585950  -  Total Bytes Sent By Job
	62714  -  Total Bytes Received By Job
	Partitionable Resources :    Usage  Request          
	   Cpus                 :                 1          
	   Disk (KB)            :      659      659          
	   Memory (MB)          :       98       98          
...
000 (565506.000.000) 08/20 12:50:56 Job submitted from host: <18.12.1.74:48322>
...
001 (565506.000.000) 08/20 12:51:58 Job executing on host: <18.12.9.39:46205>
...
006 (565506.000.000) 08/20 12:52:08 Image size of job updated: 126588
	18  -  MemoryUsage of job (MB)
	17664  -  ResidentSetSize of job (KB)
...
006 (565506.000.000) 08/20 12:56:22 Image size of job updated: 236436
	18  -  MemoryUsage of job (MB)
	17664  -  ResidentSetSize of job (KB)
...
005 (565506.000.000) 08/20 13:04:35 Job terminated.
	(1) Normal termination (return value 0)
		Usr 0 00:01:08, Sys 0 00:00:01  -  Run Remote Usage
		Usr 0 00:00:00, Sys 0 00:00:00  -  Run Local Usage
		Usr 0 00:01:08, Sys 0 00:00:01  -  Total Remote Usage
		Usr 0 00:00:00, Sys 0 00:00:00  -  Total Local Usage
	586410  -  Run Bytes Sent By Job
	62731  -  Run Bytes Received By Job
	586410  -  Total Bytes Sent By Job
	62731  -  Total Bytes Received By Job
	Partitionable Resources :    Usage  Request          
	   Cpus                 :                 1          
	   Disk (KB)            :      659      659          
	   Memory (MB)          :       18       18          
...
