000 (556373.000.000) 08/12 14:10:50 Job submitted from host: <18.12.1.74:48322>
...
001 (556373.000.000) 08/12 14:29:12 Job executing on host: <18.12.8.14:43942>
...
006 (556373.000.000) 08/12 14:29:21 Image size of job updated: 2
	3  -  MemoryUsage of job (MB)
	2364  -  ResidentSetSize of job (KB)
...
006 (556373.000.000) 08/12 14:34:22 Image size of job updated: 230476
	96  -  MemoryUsage of job (MB)
	98216  -  ResidentSetSize of job (KB)
...
006 (556373.000.000) 08/12 14:39:23 Image size of job updated: 230612
	108  -  MemoryUsage of job (MB)
	110420  -  ResidentSetSize of job (KB)
...
005 (556373.000.000) 08/12 14:55:57 Job terminated.
	(1) Normal termination (return value 0)
		Usr 0 00:02:08, Sys 0 00:00:06  -  Run Remote Usage
		Usr 0 00:00:00, Sys 0 00:00:00  -  Run Local Usage
		Usr 0 00:02:08, Sys 0 00:00:06  -  Total Remote Usage
		Usr 0 00:00:00, Sys 0 00:00:00  -  Total Local Usage
	586585  -  Run Bytes Sent By Job
	62715  -  Run Bytes Received By Job
	586585  -  Total Bytes Sent By Job
	62715  -  Total Bytes Received By Job
	Partitionable Resources :    Usage  Request          
	   Cpus                 :                 1          
	   Disk (KB)            :      659      659          
	   Memory (MB)          :      108      108          
...
000 (557633.000.000) 08/13 11:57:26 Job submitted from host: <18.12.1.74:48322>
...
001 (557633.000.000) 08/13 12:20:45 Job executing on host: <18.12.6.31:42701>
...
006 (557633.000.000) 08/13 12:20:53 Image size of job updated: 230476
	99  -  MemoryUsage of job (MB)
	100528  -  ResidentSetSize of job (KB)
...
006 (557633.000.000) 08/13 12:24:26 Image size of job updated: 230612
	99  -  MemoryUsage of job (MB)
	100528  -  ResidentSetSize of job (KB)
...
005 (557633.000.000) 08/13 12:24:26 Job terminated.
	(1) Normal termination (return value 0)
		Usr 0 00:01:39, Sys 0 00:00:01  -  Run Remote Usage
		Usr 0 00:00:00, Sys 0 00:00:00  -  Run Local Usage
		Usr 0 00:01:39, Sys 0 00:00:01  -  Total Remote Usage
		Usr 0 00:00:00, Sys 0 00:00:00  -  Total Local Usage
	586249  -  Run Bytes Sent By Job
	62715  -  Run Bytes Received By Job
	586249  -  Total Bytes Sent By Job
	62715  -  Total Bytes Received By Job
	Partitionable Resources :    Usage  Request          
	   Cpus                 :                 1          
	   Disk (KB)            :      659      659          
	   Memory (MB)          :       99       99          
...
000 (558149.000.000) 08/13 14:31:08 Job submitted from host: <18.12.1.74:48322>
...
001 (558149.000.000) 08/13 14:55:46 Job executing on host: <18.12.9.65:41971>
...
006 (558149.000.000) 08/13 14:55:54 Image size of job updated: 230480
	96  -  MemoryUsage of job (MB)
	98156  -  ResidentSetSize of job (KB)
...
006 (558149.000.000) 08/13 15:00:11 Image size of job updated: 230616
	96  -  MemoryUsage of job (MB)
	98156  -  ResidentSetSize of job (KB)
...
005 (558149.000.000) 08/13 15:00:11 Job terminated.
	(1) Normal termination (return value 0)
		Usr 0 00:01:44, Sys 0 00:00:02  -  Run Remote Usage
		Usr 0 00:00:00, Sys 0 00:00:00  -  Run Local Usage
		Usr 0 00:01:44, Sys 0 00:00:02  -  Total Remote Usage
		Usr 0 00:00:00, Sys 0 00:00:00  -  Total Local Usage
	586090  -  Run Bytes Sent By Job
	62714  -  Run Bytes Received By Job
	586090  -  Total Bytes Sent By Job
	62714  -  Total Bytes Received By Job
	Partitionable Resources :    Usage  Request          
	   Cpus                 :                 1          
	   Disk (KB)            :      659      659          
	   Memory (MB)          :       96       96          
...
000 (565486.000.000) 08/20 12:46:37 Job submitted from host: <18.12.1.74:48322>
...
001 (565486.000.000) 08/20 12:47:17 Job executing on host: <18.12.9.78:42044>
...
006 (565486.000.000) 08/20 12:47:30 Image size of job updated: 97924
	3  -  MemoryUsage of job (MB)
	2456  -  ResidentSetSize of job (KB)
...
006 (565486.000.000) 08/20 12:49:29 Image size of job updated: 230616
	3  -  MemoryUsage of job (MB)
	2456  -  ResidentSetSize of job (KB)
...
005 (565486.000.000) 08/20 12:57:54 Job terminated.
	(1) Normal termination (return value 0)
		Usr 0 00:01:33, Sys 0 00:00:01  -  Run Remote Usage
		Usr 0 00:00:00, Sys 0 00:00:00  -  Run Local Usage
		Usr 0 00:01:33, Sys 0 00:00:01  -  Total Remote Usage
		Usr 0 00:00:00, Sys 0 00:00:00  -  Total Local Usage
	586358  -  Run Bytes Sent By Job
	62731  -  Run Bytes Received By Job
	586358  -  Total Bytes Sent By Job
	62731  -  Total Bytes Received By Job
	Partitionable Resources :    Usage  Request          
	   Cpus                 :                 1          
	   Disk (KB)            :      659      659          
	   Memory (MB)          :        3        3          
...
