000 (554285.000.000) 08/11 09:09:15 Job submitted from host: <18.12.1.74:48322>
...
001 (554285.000.000) 08/11 09:09:47 Job executing on host: <18.12.8.247:43285>
...
006 (554285.000.000) 08/11 09:09:55 Image size of job updated: 2
	3  -  MemoryUsage of job (MB)
	2340  -  ResidentSetSize of job (KB)
...
006 (554285.000.000) 08/11 09:10:58 Image size of job updated: 230040
	3  -  MemoryUsage of job (MB)
	2340  -  ResidentSetSize of job (KB)
...
005 (554285.000.000) 08/11 09:10:59 Job terminated.
	(1) Normal termination (return value 0)
		Usr 0 00:00:39, Sys 0 00:00:00  -  Run Remote Usage
		Usr 0 00:00:00, Sys 0 00:00:00  -  Run Local Usage
		Usr 0 00:00:39, Sys 0 00:00:00  -  Total Remote Usage
		Usr 0 00:00:00, Sys 0 00:00:00  -  Total Local Usage
	585948  -  Run Bytes Sent By Job
	62717  -  Run Bytes Received By Job
	585948  -  Total Bytes Sent By Job
	62717  -  Total Bytes Received By Job
	Partitionable Resources :    Usage  Request          
	   Cpus                 :                 1          
	   Disk (KB)            :      658      658          
	   Memory (MB)          :        3        3          
...
000 (558000.000.000) 08/13 13:34:23 Job submitted from host: <18.12.1.74:48322>
...
001 (558000.000.000) 08/13 13:58:27 Job executing on host: <18.12.9.67:40730>
...
006 (558000.000.000) 08/13 13:58:36 Image size of job updated: 230040
	94  -  MemoryUsage of job (MB)
	95356  -  ResidentSetSize of job (KB)
...
005 (558000.000.000) 08/13 13:59:49 Job terminated.
	(1) Normal termination (return value 0)
		Usr 0 00:00:43, Sys 0 00:00:01  -  Run Remote Usage
		Usr 0 00:00:00, Sys 0 00:00:00  -  Run Local Usage
		Usr 0 00:00:43, Sys 0 00:00:01  -  Total Remote Usage
		Usr 0 00:00:00, Sys 0 00:00:00  -  Total Local Usage
	586143  -  Run Bytes Sent By Job
	62720  -  Run Bytes Received By Job
	586143  -  Total Bytes Sent By Job
	62720  -  Total Bytes Received By Job
	Partitionable Resources :    Usage  Request          
	   Cpus                 :                 1          
	   Disk (KB)            :      659      659          
	   Memory (MB)          :       94       94          
...
000 (566291.000.000) 08/20 20:25:58 Job submitted from host: <18.12.1.74:48322>
...
007 (566291.000.000) 08/20 20:26:14 Shadow exception!
	Error from slot33@t2bat0300.cmsaf.mit.edu: Failed to transfer files
	0  -  Run Bytes Sent By Job
	0  -  Run Bytes Received By Job
...
001 (566291.000.000) 08/20 20:26:21 Job executing on host: <18.12.9.44:45183>
...
006 (566291.000.000) 08/20 20:26:30 Image size of job updated: 187728
	71  -  MemoryUsage of job (MB)
	72592  -  ResidentSetSize of job (KB)
...
006 (566291.000.000) 08/20 20:30:08 Image size of job updated: 230044
	71  -  MemoryUsage of job (MB)
	72592  -  ResidentSetSize of job (KB)
...
005 (566291.000.000) 08/20 20:36:42 Job terminated.
	(1) Normal termination (return value 0)
		Usr 0 00:00:45, Sys 0 00:00:01  -  Run Remote Usage
		Usr 0 00:00:00, Sys 0 00:00:00  -  Run Local Usage
		Usr 0 00:00:45, Sys 0 00:00:01  -  Total Remote Usage
		Usr 0 00:00:00, Sys 0 00:00:00  -  Total Local Usage
	586477  -  Run Bytes Sent By Job
	62732  -  Run Bytes Received By Job
	586477  -  Total Bytes Sent By Job
	62732  -  Total Bytes Received By Job
	Partitionable Resources :    Usage  Request          
	   Cpus                 :                 1          
	   Disk (KB)            :      659      659          
	   Memory (MB)          :       71       71          
...
000 (782839.000.000) 10/01 15:57:32 Job submitted from host: <18.12.1.74:47665>
...
001 (782839.000.000) 10/01 16:00:40 Job executing on host: <18.12.12.16:44234>
...
006 (782839.000.000) 10/01 16:00:50 Image size of job updated: 193800
	78  -  MemoryUsage of job (MB)
	79556  -  ResidentSetSize of job (KB)
...
006 (782839.000.000) 10/01 16:05:50 Image size of job updated: 230044
	99  -  MemoryUsage of job (MB)
	101104  -  ResidentSetSize of job (KB)
...
005 (782839.000.000) 10/01 16:11:12 Job terminated.
	(1) Normal termination (return value 0)
		Usr 0 00:00:37, Sys 0 00:00:00  -  Run Remote Usage
		Usr 0 00:00:00, Sys 0 00:00:00  -  Run Local Usage
		Usr 0 00:00:37, Sys 0 00:00:00  -  Total Remote Usage
		Usr 0 00:00:00, Sys 0 00:00:00  -  Total Local Usage
	585997  -  Run Bytes Sent By Job
	62734  -  Run Bytes Received By Job
	585997  -  Total Bytes Sent By Job
	62734  -  Total Bytes Received By Job
	Partitionable Resources :    Usage  Request          
	   Cpus                 :                 1          
	   Disk (KB)            :      659      659          
	   Memory (MB)          :       99       99          
...
000 (785997.000.000) 10/05 14:19:08 Job submitted from host: <18.12.1.74:45913>
...
001 (785997.000.000) 10/05 14:19:52 Job executing on host: <18.12.9.9:46570>
...
006 (785997.000.000) 10/05 14:20:00 Image size of job updated: 2
	3  -  MemoryUsage of job (MB)
	2360  -  ResidentSetSize of job (KB)
...
006 (785997.000.000) 10/05 14:20:54 Image size of job updated: 230040
	3  -  MemoryUsage of job (MB)
	2360  -  ResidentSetSize of job (KB)
...
005 (785997.000.000) 10/05 14:20:54 Job terminated.
	(1) Normal termination (return value 0)
		Usr 0 00:00:44, Sys 0 00:00:00  -  Run Remote Usage
		Usr 0 00:00:00, Sys 0 00:00:00  -  Run Local Usage
		Usr 0 00:00:44, Sys 0 00:00:00  -  Total Remote Usage
		Usr 0 00:00:00, Sys 0 00:00:00  -  Total Local Usage
	586363  -  Run Bytes Sent By Job
	62732  -  Run Bytes Received By Job
	586363  -  Total Bytes Sent By Job
	62732  -  Total Bytes Received By Job
	Partitionable Resources :    Usage  Request          
	   Cpus                 :                 1          
	   Disk (KB)            :      659      659          
	   Memory (MB)          :        3        3          
...
000 (786363.000.000) 10/07 09:51:23 Job submitted from host: <18.12.1.74:45913>
...
001 (786363.000.000) 10/07 09:52:16 Job executing on host: <18.12.8.238:48541>
...
006 (786363.000.000) 10/07 09:52:25 Image size of job updated: 187692
	71  -  MemoryUsage of job (MB)
	72580  -  ResidentSetSize of job (KB)
...
006 (786363.000.000) 10/07 09:53:31 Image size of job updated: 230040
	71  -  MemoryUsage of job (MB)
	72580  -  ResidentSetSize of job (KB)
...
005 (786363.000.000) 10/07 09:53:31 Job terminated.
	(1) Normal termination (return value 0)
		Usr 0 00:00:43, Sys 0 00:00:00  -  Run Remote Usage
		Usr 0 00:00:00, Sys 0 00:00:00  -  Run Local Usage
		Usr 0 00:00:43, Sys 0 00:00:00  -  Total Remote Usage
		Usr 0 00:00:00, Sys 0 00:00:00  -  Total Local Usage
	586291  -  Run Bytes Sent By Job
	62734  -  Run Bytes Received By Job
	586291  -  Total Bytes Sent By Job
	62734  -  Total Bytes Received By Job
	Partitionable Resources :    Usage  Request          
	   Cpus                 :                 1          
	   Disk (KB)            :      659      659          
	   Memory (MB)          :       71       71          
...
000 (786544.000.000) 10/07 11:12:55 Job submitted from host: <18.12.1.74:45913>
...
001 (786544.000.000) 10/07 11:24:23 Job executing on host: <18.12.8.4:41387>
...
006 (786544.000.000) 10/07 11:24:32 Image size of job updated: 93588
	3  -  MemoryUsage of job (MB)
	2424  -  ResidentSetSize of job (KB)
...
006 (786544.000.000) 10/07 11:25:54 Image size of job updated: 230028
	3  -  MemoryUsage of job (MB)
	2424  -  ResidentSetSize of job (KB)
...
005 (786544.000.000) 10/07 11:25:54 Job terminated.
	(1) Normal termination (return value 0)
		Usr 0 00:00:44, Sys 0 00:00:00  -  Run Remote Usage
		Usr 0 00:00:00, Sys 0 00:00:00  -  Run Local Usage
		Usr 0 00:00:44, Sys 0 00:00:00  -  Total Remote Usage
		Usr 0 00:00:00, Sys 0 00:00:00  -  Total Local Usage
	585235  -  Run Bytes Sent By Job
	62746  -  Run Bytes Received By Job
	585235  -  Total Bytes Sent By Job
	62746  -  Total Bytes Received By Job
	Partitionable Resources :    Usage  Request          
	   Cpus                 :                 1          
	   Disk (KB)            :      658      658          
	   Memory (MB)          :        3        3          
...
000 (787471.000.000) 10/08 12:42:41 Job submitted from host: <18.12.1.74:45913>
...
001 (787471.000.000) 10/08 12:47:05 Job executing on host: <18.12.9.53:40657>
...
006 (787471.000.000) 10/08 12:47:13 Image size of job updated: 2
	2  -  MemoryUsage of job (MB)
	1728  -  ResidentSetSize of job (KB)
...
006 (787471.000.000) 10/08 12:47:51 Image size of job updated: 230072
	2  -  MemoryUsage of job (MB)
	1728  -  ResidentSetSize of job (KB)
...
005 (787471.000.000) 10/08 12:47:51 Job terminated.
	(1) Normal termination (return value 0)
		Usr 0 00:00:28, Sys 0 00:00:00  -  Run Remote Usage
		Usr 0 00:00:00, Sys 0 00:00:00  -  Run Local Usage
		Usr 0 00:00:28, Sys 0 00:00:00  -  Total Remote Usage
		Usr 0 00:00:00, Sys 0 00:00:00  -  Total Local Usage
	585163  -  Run Bytes Sent By Job
	62749  -  Run Bytes Received By Job
	585163  -  Total Bytes Sent By Job
	62749  -  Total Bytes Received By Job
	Partitionable Resources :    Usage  Request          
	   Cpus                 :                 1          
	   Disk (KB)            :      657      657          
	   Memory (MB)          :        2        2          
...
000 (787653.000.000) 10/08 14:27:13 Job submitted from host: <18.12.1.74:45913>
...
001 (787653.000.000) 10/08 14:36:14 Job executing on host: <18.12.9.38:45694>
...
006 (787653.000.000) 10/08 14:36:23 Image size of job updated: 2
	3  -  MemoryUsage of job (MB)
	2356  -  ResidentSetSize of job (KB)
...
006 (787653.000.000) 10/08 14:39:31 Image size of job updated: 230024
	3  -  MemoryUsage of job (MB)
	2356  -  ResidentSetSize of job (KB)
...
005 (787653.000.000) 10/08 14:39:31 Job terminated.
	(1) Normal termination (return value 0)
		Usr 0 00:00:40, Sys 0 00:00:01  -  Run Remote Usage
		Usr 0 00:00:00, Sys 0 00:00:00  -  Run Local Usage
		Usr 0 00:00:40, Sys 0 00:00:01  -  Total Remote Usage
		Usr 0 00:00:00, Sys 0 00:00:00  -  Total Local Usage
	585580  -  Run Bytes Sent By Job
	62691  -  Run Bytes Received By Job
	585580  -  Total Bytes Sent By Job
	62691  -  Total Bytes Received By Job
	Partitionable Resources :    Usage  Request          
	   Cpus                 :                 1          
	   Disk (KB)            :      658      658          
	   Memory (MB)          :        3        3          
...
000 (787836.000.000) 10/08 15:16:34 Job submitted from host: <18.12.1.74:45913>
...
001 (787836.000.000) 10/08 15:22:37 Job executing on host: <18.12.8.70:46935>
...
006 (787836.000.000) 10/08 15:22:46 Image size of job updated: 73544
	17  -  MemoryUsage of job (MB)
	17008  -  ResidentSetSize of job (KB)
...
006 (787836.000.000) 10/08 15:24:19 Image size of job updated: 230028
	17  -  MemoryUsage of job (MB)
	17008  -  ResidentSetSize of job (KB)
...
005 (787836.000.000) 10/08 15:24:19 Job terminated.
	(1) Normal termination (return value 0)
		Usr 0 00:00:35, Sys 0 00:00:00  -  Run Remote Usage
		Usr 0 00:00:00, Sys 0 00:00:00  -  Run Local Usage
		Usr 0 00:00:35, Sys 0 00:00:00  -  Total Remote Usage
		Usr 0 00:00:00, Sys 0 00:00:00  -  Total Local Usage
	585243  -  Run Bytes Sent By Job
	62696  -  Run Bytes Received By Job
	585243  -  Total Bytes Sent By Job
	62696  -  Total Bytes Received By Job
	Partitionable Resources :    Usage  Request          
	   Cpus                 :                 1          
	   Disk (KB)            :      658      658          
	   Memory (MB)          :       17       17          
...
000 (788746.000.000) 10/12 10:42:36 Job submitted from host: <18.12.1.74:45913>
...
001 (788746.000.000) 10/12 10:50:13 Job executing on host: <18.12.8.84:40584>
...
006 (788746.000.000) 10/12 10:50:22 Image size of job updated: 2
	3  -  MemoryUsage of job (MB)
	2340  -  ResidentSetSize of job (KB)
...
006 (788746.000.000) 10/12 10:51:36 Image size of job updated: 230024
	3  -  MemoryUsage of job (MB)
	2340  -  ResidentSetSize of job (KB)
...
005 (788746.000.000) 10/12 10:51:37 Job terminated.
	(1) Normal termination (return value 0)
		Usr 0 00:00:43, Sys 0 00:00:01  -  Run Remote Usage
		Usr 0 00:00:00, Sys 0 00:00:00  -  Run Local Usage
		Usr 0 00:00:43, Sys 0 00:00:01  -  Total Remote Usage
		Usr 0 00:00:00, Sys 0 00:00:00  -  Total Local Usage
	585037  -  Run Bytes Sent By Job
	62704  -  Run Bytes Received By Job
	585037  -  Total Bytes Sent By Job
	62704  -  Total Bytes Received By Job
	Partitionable Resources :    Usage  Request          
	   Cpus                 :                 1          
	   Disk (KB)            :      658      658          
	   Memory (MB)          :        3        3          
...
