000 (556007.000.000) 08/12 11:33:35 Job submitted from host: <18.12.1.74:48322>
...
001 (556007.000.000) 08/12 11:38:20 Job executing on host: <18.12.8.40:44599>
...
006 (556007.000.000) 08/12 11:38:29 Image size of job updated: 2
	3  -  MemoryUsage of job (MB)
	2344  -  ResidentSetSize of job (KB)
...
006 (556007.000.000) 08/12 11:39:48 Image size of job updated: 238116
	3  -  MemoryUsage of job (MB)
	2344  -  ResidentSetSize of job (KB)
...
005 (556007.000.000) 08/12 11:39:48 Job terminated.
	(1) Normal termination (return value 0)
		Usr 0 00:00:47, Sys 0 00:00:02  -  Run Remote Usage
		Usr 0 00:00:00, Sys 0 00:00:00  -  Run Local Usage
		Usr 0 00:00:47, Sys 0 00:00:02  -  Total Remote Usage
		Usr 0 00:00:00, Sys 0 00:00:00  -  Total Local Usage
	586062  -  Run Bytes Sent By Job
	62715  -  Run Bytes Received By Job
	586062  -  Total Bytes Sent By Job
	62715  -  Total Bytes Received By Job
	Partitionable Resources :    Usage  Request          
	   Cpus                 :                 1          
	   Disk (KB)            :      659      659          
	   Memory (MB)          :        3        3          
...
000 (566376.000.000) 08/20 21:00:09 Job submitted from host: <18.12.1.74:48322>
...
007 (566376.000.000) 08/20 21:00:33 Shadow exception!
	Error from slot11@t2bat0309.cmsaf.mit.edu: Failed to transfer files
	0  -  Run Bytes Sent By Job
	0  -  Run Bytes Received By Job
...
007 (566376.000.000) 08/20 21:00:36 Shadow exception!
	Error from slot7@t2bat0197.cmsaf.mit.edu: Failed to transfer files
	0  -  Run Bytes Sent By Job
	0  -  Run Bytes Received By Job
...
007 (566376.000.000) 08/20 21:00:41 Shadow exception!
	Error from slot8@t2bat0292.cmsaf.mit.edu: Failed to transfer files
	0  -  Run Bytes Sent By Job
	0  -  Run Bytes Received By Job
...
007 (566376.000.000) 08/20 21:00:42 Shadow exception!
	Error from slot8@t2bat0292.cmsaf.mit.edu: Failed to transfer files
	0  -  Run Bytes Sent By Job
	0  -  Run Bytes Received By Job
...
001 (566376.000.000) 08/20 21:01:18 Job executing on host: <18.12.9.44:45183>
...
006 (566376.000.000) 08/20 21:01:26 Image size of job updated: 66156
	8  -  MemoryUsage of job (MB)
	8188  -  ResidentSetSize of job (KB)
...
006 (566376.000.000) 08/20 21:03:57 Image size of job updated: 229908
	8  -  MemoryUsage of job (MB)
	8188  -  ResidentSetSize of job (KB)
...
005 (566376.000.000) 08/20 21:10:29 Job terminated.
	(1) Normal termination (return value 0)
		Usr 0 00:00:36, Sys 0 00:00:01  -  Run Remote Usage
		Usr 0 00:00:00, Sys 0 00:00:00  -  Run Local Usage
		Usr 0 00:00:36, Sys 0 00:00:01  -  Total Remote Usage
		Usr 0 00:00:00, Sys 0 00:00:00  -  Total Local Usage
	586310  -  Run Bytes Sent By Job
	62731  -  Run Bytes Received By Job
	586310  -  Total Bytes Sent By Job
	62731  -  Total Bytes Received By Job
	Partitionable Resources :    Usage  Request          
	   Cpus                 :                 1          
	   Disk (KB)            :      659      659          
	   Memory (MB)          :        8        8          
...
000 (782381.000.000) 10/01 13:04:20 Job submitted from host: <18.12.1.74:47665>
...
001 (782381.000.000) 10/01 13:09:06 Job executing on host: <18.12.6.36:45621>
...
006 (782381.000.000) 10/01 13:09:15 Image size of job updated: 229904
	95  -  MemoryUsage of job (MB)
	96316  -  ResidentSetSize of job (KB)
...
005 (782381.000.000) 10/01 13:11:03 Job terminated.
	(1) Normal termination (return value 0)
		Usr 0 00:00:27, Sys 0 00:00:00  -  Run Remote Usage
		Usr 0 00:00:00, Sys 0 00:00:00  -  Run Local Usage
		Usr 0 00:00:27, Sys 0 00:00:00  -  Total Remote Usage
		Usr 0 00:00:00, Sys 0 00:00:00  -  Total Local Usage
	585974  -  Run Bytes Sent By Job
	62730  -  Run Bytes Received By Job
	585974  -  Total Bytes Sent By Job
	62730  -  Total Bytes Received By Job
	Partitionable Resources :    Usage  Request          
	   Cpus                 :                 1          
	   Disk (KB)            :      658      658          
	   Memory (MB)          :       95       95          
...
000 (782562.000.000) 10/01 14:30:12 Job submitted from host: <18.12.1.74:47665>
...
001 (782562.000.000) 10/01 14:31:35 Job executing on host: <18.12.6.36:45621>
...
006 (782562.000.000) 10/01 14:31:44 Image size of job updated: 188308
	76  -  MemoryUsage of job (MB)
	76924  -  ResidentSetSize of job (KB)
...
006 (782562.000.000) 10/01 14:36:45 Image size of job updated: 227132
	94  -  MemoryUsage of job (MB)
	96220  -  ResidentSetSize of job (KB)
...
005 (782562.000.000) 10/01 14:41:01 Job terminated.
	(1) Normal termination (return value 0)
		Usr 0 00:00:18, Sys 0 00:00:00  -  Run Remote Usage
		Usr 0 00:00:00, Sys 0 00:00:00  -  Run Local Usage
		Usr 0 00:00:18, Sys 0 00:00:00  -  Total Remote Usage
		Usr 0 00:00:00, Sys 0 00:00:00  -  Total Local Usage
	1931058  -  Run Bytes Sent By Job
	62736  -  Run Bytes Received By Job
	1931058  -  Total Bytes Sent By Job
	62736  -  Total Bytes Received By Job
	Partitionable Resources :    Usage  Request          
	   Cpus                 :                 1          
	   Disk (KB)            :     1972     1972          
	   Memory (MB)          :       94       94          
...
000 (788103.000.000) 10/09 09:23:34 Job submitted from host: <18.12.1.74:45913>
...
001 (788103.000.000) 10/09 09:25:24 Job executing on host: <18.12.12.14:46132>
...
006 (788103.000.000) 10/09 09:25:33 Image size of job updated: 2
	3  -  MemoryUsage of job (MB)
	2364  -  ResidentSetSize of job (KB)
...
006 (788103.000.000) 10/09 09:26:33 Image size of job updated: 230016
	3  -  MemoryUsage of job (MB)
	2364  -  ResidentSetSize of job (KB)
...
005 (788103.000.000) 10/09 09:26:34 Job terminated.
	(1) Normal termination (return value 0)
		Usr 0 00:00:36, Sys 0 00:00:00  -  Run Remote Usage
		Usr 0 00:00:00, Sys 0 00:00:00  -  Run Local Usage
		Usr 0 00:00:36, Sys 0 00:00:00  -  Total Remote Usage
		Usr 0 00:00:00, Sys 0 00:00:00  -  Total Local Usage
	585294  -  Run Bytes Sent By Job
	62698  -  Run Bytes Received By Job
	585294  -  Total Bytes Sent By Job
	62698  -  Total Bytes Received By Job
	Partitionable Resources :    Usage  Request          
	   Cpus                 :                 1          
	   Disk (KB)            :      658      658          
	   Memory (MB)          :        3        3          
...
000 (788468.000.000) 10/12 09:47:55 Job submitted from host: <18.12.1.74:45913>
...
001 (788468.000.000) 10/12 09:56:32 Job executing on host: <18.12.8.26:45110>
...
006 (788468.000.000) 10/12 09:56:41 Image size of job updated: 2
	3  -  MemoryUsage of job (MB)
	2344  -  ResidentSetSize of job (KB)
...
006 (788468.000.000) 10/12 09:58:04 Image size of job updated: 229888
	3  -  MemoryUsage of job (MB)
	2344  -  ResidentSetSize of job (KB)
...
005 (788468.000.000) 10/12 09:58:04 Job terminated.
	(1) Normal termination (return value 0)
		Usr 0 00:00:57, Sys 0 00:00:02  -  Run Remote Usage
		Usr 0 00:00:00, Sys 0 00:00:00  -  Run Local Usage
		Usr 0 00:00:57, Sys 0 00:00:02  -  Total Remote Usage
		Usr 0 00:00:00, Sys 0 00:00:00  -  Total Local Usage
	585011  -  Run Bytes Sent By Job
	62703  -  Run Bytes Received By Job
	585011  -  Total Bytes Sent By Job
	62703  -  Total Bytes Received By Job
	Partitionable Resources :    Usage  Request          
	   Cpus                 :                 1          
	   Disk (KB)            :      658      658          
	   Memory (MB)          :        3        3          
...
