000 (556388.000.000) 08/12 14:10:52 Job submitted from host: <18.12.1.74:48322>
...
001 (556388.000.000) 08/12 14:34:03 Job executing on host: <18.12.9.28:40000>
...
006 (556388.000.000) 08/12 14:34:11 Image size of job updated: 9524
	2  -  MemoryUsage of job (MB)
	1416  -  ResidentSetSize of job (KB)
...
006 (556388.000.000) 08/12 14:39:11 Image size of job updated: 230552
	100  -  MemoryUsage of job (MB)
	101548  -  ResidentSetSize of job (KB)
...
006 (556388.000.000) 08/12 14:54:12 Image size of job updated: 230684
	100  -  MemoryUsage of job (MB)
	101548  -  ResidentSetSize of job (KB)
...
005 (556388.000.000) 08/12 14:59:25 Job terminated.
	(1) Normal termination (return value 0)
		Usr 0 00:02:07, Sys 0 00:00:05  -  Run Remote Usage
		Usr 0 00:00:00, Sys 0 00:00:00  -  Run Local Usage
		Usr 0 00:02:07, Sys 0 00:00:05  -  Total Remote Usage
		Usr 0 00:00:00, Sys 0 00:00:00  -  Total Local Usage
	586585  -  Run Bytes Sent By Job
	62715  -  Run Bytes Received By Job
	586585  -  Total Bytes Sent By Job
	62715  -  Total Bytes Received By Job
	Partitionable Resources :    Usage  Request          
	   Cpus                 :                 1          
	   Disk (KB)            :      659      659          
	   Memory (MB)          :      100      100          
...
000 (557648.000.000) 08/13 11:57:27 Job submitted from host: <18.12.1.74:48322>
...
001 (557648.000.000) 08/13 12:26:50 Job executing on host: <18.12.9.80:43650>
...
006 (557648.000.000) 08/13 12:26:58 Image size of job updated: 2
	3  -  MemoryUsage of job (MB)
	2348  -  ResidentSetSize of job (KB)
...
006 (557648.000.000) 08/13 12:31:36 Image size of job updated: 230688
	3  -  MemoryUsage of job (MB)
	2348  -  ResidentSetSize of job (KB)
...
005 (557648.000.000) 08/13 12:31:37 Job terminated.
	(1) Normal termination (return value 0)
		Usr 0 00:01:47, Sys 0 00:00:03  -  Run Remote Usage
		Usr 0 00:00:00, Sys 0 00:00:00  -  Run Local Usage
		Usr 0 00:01:47, Sys 0 00:00:03  -  Total Remote Usage
		Usr 0 00:00:00, Sys 0 00:00:00  -  Total Local Usage
	586305  -  Run Bytes Sent By Job
	62715  -  Run Bytes Received By Job
	586305  -  Total Bytes Sent By Job
	62715  -  Total Bytes Received By Job
	Partitionable Resources :    Usage  Request          
	   Cpus                 :                 1          
	   Disk (KB)            :      659      659          
	   Memory (MB)          :        3        3          
...
000 (558164.000.000) 08/13 14:31:10 Job submitted from host: <18.12.1.74:48322>
...
001 (558164.000.000) 08/13 14:59:08 Job executing on host: <18.12.9.80:43650>
...
006 (558164.000.000) 08/13 14:59:16 Image size of job updated: 228916
	95  -  MemoryUsage of job (MB)
	96612  -  ResidentSetSize of job (KB)
...
006 (558164.000.000) 08/13 15:02:01 Image size of job updated: 230688
	95  -  MemoryUsage of job (MB)
	96612  -  ResidentSetSize of job (KB)
...
005 (558164.000.000) 08/13 15:02:01 Job terminated.
	(1) Normal termination (return value 0)
		Usr 0 00:01:52, Sys 0 00:00:02  -  Run Remote Usage
		Usr 0 00:00:00, Sys 0 00:00:00  -  Run Local Usage
		Usr 0 00:01:52, Sys 0 00:00:02  -  Total Remote Usage
		Usr 0 00:00:00, Sys 0 00:00:00  -  Total Local Usage
	586305  -  Run Bytes Sent By Job
	62714  -  Run Bytes Received By Job
	586305  -  Total Bytes Sent By Job
	62714  -  Total Bytes Received By Job
	Partitionable Resources :    Usage  Request          
	   Cpus                 :                 1          
	   Disk (KB)            :      659      659          
	   Memory (MB)          :       95       95          
...
000 (565501.000.000) 08/20 12:49:58 Job submitted from host: <18.12.1.74:48322>
...
001 (565501.000.000) 08/20 12:51:25 Job executing on host: <18.12.9.31:49271>
...
006 (565501.000.000) 08/20 12:51:35 Image size of job updated: 197108
	80  -  MemoryUsage of job (MB)
	81136  -  ResidentSetSize of job (KB)
...
006 (565501.000.000) 08/20 12:56:36 Image size of job updated: 230684
	95  -  MemoryUsage of job (MB)
	96360  -  ResidentSetSize of job (KB)
...
022 (565501.000.000) 08/20 12:56:45 Job disconnected, attempting to reconnect
    Socket between submit and execute hosts closed unexpectedly
    Trying to reconnect to slot28@t2bat0287.cmsaf.mit.edu <18.12.9.31:49271>
...
023 (565501.000.000) 08/20 12:56:45 Job reconnected to slot28@t2bat0287.cmsaf.mit.edu
    startd address: <18.12.9.31:49271>
    starter address: <18.12.9.31:41168>
...
005 (565501.000.000) 08/20 13:04:48 Job terminated.
	(1) Normal termination (return value 0)
		Usr 0 00:01:42, Sys 0 00:00:02  -  Run Remote Usage
		Usr 0 00:00:00, Sys 0 00:00:00  -  Run Local Usage
		Usr 0 00:01:42, Sys 0 00:00:02  -  Total Remote Usage
		Usr 0 00:00:00, Sys 0 00:00:00  -  Total Local Usage
	586640  -  Run Bytes Sent By Job
	62731  -  Run Bytes Received By Job
	586640  -  Total Bytes Sent By Job
	62731  -  Total Bytes Received By Job
	Partitionable Resources :    Usage  Request          
	   Cpus                 :                 1          
	   Disk (KB)            :      659      659          
	   Memory (MB)          :       95       95          
...
000 (782994.000.000) 10/02 11:05:23 Job submitted from host: <18.12.1.74:41314>
...
001 (782994.000.000) 10/02 11:11:50 Job executing on host: <18.12.9.38:45694>
...
006 (782994.000.000) 10/02 11:11:54 Image size of job updated: 68256
	0  -  MemoryUsage of job (MB)
	0  -  ResidentSetSize of job (KB)
...
022 (782994.000.000) 10/02 11:11:54 Job disconnected, attempting to reconnect
    Socket between submit and execute hosts closed unexpectedly
    Trying to reconnect to slot5@t2bat0294.cmsaf.mit.edu <18.12.9.38:45694>
...
023 (782994.000.000) 10/02 11:11:55 Job reconnected to slot5@t2bat0294.cmsaf.mit.edu
    startd address: <18.12.9.38:45694>
    starter address: <18.12.9.38:49491>
...
005 (782994.000.000) 10/02 11:15:48 Job terminated.
	(1) Normal termination (return value 0)
		Usr 0 00:00:00, Sys 0 00:00:00  -  Run Remote Usage
		Usr 0 00:00:00, Sys 0 00:00:00  -  Run Local Usage
		Usr 0 00:00:00, Sys 0 00:00:00  -  Total Remote Usage
		Usr 0 00:00:00, Sys 0 00:00:00  -  Total Local Usage
	585890  -  Run Bytes Sent By Job
	62733  -  Run Bytes Received By Job
	585890  -  Total Bytes Sent By Job
	62733  -  Total Bytes Received By Job
	Partitionable Resources :    Usage  Request          
	   Cpus                 :                 1          
	   Disk (KB)            :      659      659          
	   Memory (MB)          :        0        0          
...
000 (783175.000.000) 10/02 16:13:23 Job submitted from host: <18.12.1.74:45913>
...
001 (783175.000.000) 10/02 16:14:14 Job executing on host: <18.12.8.231:45694>
...
006 (783175.000.000) 10/02 16:14:17 Image size of job updated: 1196
	0  -  MemoryUsage of job (MB)
	0  -  ResidentSetSize of job (KB)
...
005 (783175.000.000) 10/02 16:14:17 Job terminated.
	(1) Normal termination (return value 0)
		Usr 0 00:00:00, Sys 0 00:00:00  -  Run Remote Usage
		Usr 0 00:00:00, Sys 0 00:00:00  -  Run Local Usage
		Usr 0 00:00:00, Sys 0 00:00:00  -  Total Remote Usage
		Usr 0 00:00:00, Sys 0 00:00:00  -  Total Local Usage
	585554  -  Run Bytes Sent By Job
	62733  -  Run Bytes Received By Job
	585554  -  Total Bytes Sent By Job
	62733  -  Total Bytes Received By Job
	Partitionable Resources :    Usage  Request          
	   Cpus                 :                 1          
	   Disk (KB)            :      658      658          
	   Memory (MB)          :        0        0          
...
000 (783356.000.000) 10/02 16:48:37 Job submitted from host: <18.12.1.74:45913>
...
001 (783356.000.000) 10/02 16:48:48 Job executing on host: <18.12.8.12:45475>
...
006 (783356.000.000) 10/02 16:48:48 Image size of job updated: 2
	0  -  MemoryUsage of job (MB)
	0  -  ResidentSetSize of job (KB)
...
005 (783356.000.000) 10/02 16:48:48 Job terminated.
	(1) Normal termination (return value 0)
		Usr 0 00:00:00, Sys 0 00:00:00  -  Run Remote Usage
		Usr 0 00:00:00, Sys 0 00:00:00  -  Run Local Usage
		Usr 0 00:00:00, Sys 0 00:00:00  -  Total Remote Usage
		Usr 0 00:00:00, Sys 0 00:00:00  -  Total Local Usage
	586096  -  Run Bytes Sent By Job
	62733  -  Run Bytes Received By Job
	586096  -  Total Bytes Sent By Job
	62733  -  Total Bytes Received By Job
	Partitionable Resources :    Usage  Request          
	   Cpus                 :                 1          
	   Disk (KB)            :      659      659          
	   Memory (MB)          :        0        0          
...
000 (783539.000.000) 10/05 09:25:36 Job submitted from host: <18.12.1.74:45913>
...
001 (783539.000.000) 10/05 09:25:54 Job executing on host: <18.12.9.46:43942>
...
006 (783539.000.000) 10/05 09:26:02 Image size of job updated: 2
	0  -  MemoryUsage of job (MB)
	0  -  ResidentSetSize of job (KB)
...
005 (783539.000.000) 10/05 09:26:02 Job terminated.
	(1) Normal termination (return value 0)
		Usr 0 00:00:00, Sys 0 00:00:00  -  Run Remote Usage
		Usr 0 00:00:00, Sys 0 00:00:00  -  Run Local Usage
		Usr 0 00:00:00, Sys 0 00:00:00  -  Total Remote Usage
		Usr 0 00:00:00, Sys 0 00:00:00  -  Total Local Usage
	586110  -  Run Bytes Sent By Job
	62732  -  Run Bytes Received By Job
	586110  -  Total Bytes Sent By Job
	62732  -  Total Bytes Received By Job
	Partitionable Resources :    Usage  Request          
	   Cpus                 :                 1          
	   Disk (KB)            :      659      659          
	   Memory (MB)          :        0        0          
...
000 (783720.000.000) 10/05 10:00:22 Job submitted from host: <18.12.1.74:45913>
...
001 (783720.000.000) 10/05 10:01:38 Job executing on host: <18.12.9.71:42847>
...
006 (783720.000.000) 10/05 10:01:45 Image size of job updated: 2
	0  -  MemoryUsage of job (MB)
	0  -  ResidentSetSize of job (KB)
...
005 (783720.000.000) 10/05 10:01:46 Job terminated.
	(1) Normal termination (return value 0)
		Usr 0 00:00:00, Sys 0 00:00:00  -  Run Remote Usage
		Usr 0 00:00:00, Sys 0 00:00:00  -  Run Local Usage
		Usr 0 00:00:00, Sys 0 00:00:00  -  Total Remote Usage
		Usr 0 00:00:00, Sys 0 00:00:00  -  Total Local Usage
	585473  -  Run Bytes Sent By Job
	62731  -  Run Bytes Received By Job
	585473  -  Total Bytes Sent By Job
	62731  -  Total Bytes Received By Job
	Partitionable Resources :    Usage  Request          
	   Cpus                 :                 1          
	   Disk (KB)            :      658      658          
	   Memory (MB)          :        0        0          
...
000 (783902.000.000) 10/05 12:25:08 Job submitted from host: <18.12.1.74:45913>
...
001 (783902.000.000) 10/05 12:25:18 Job executing on host: <18.12.9.48:44380>
...
006 (783902.000.000) 10/05 12:25:19 Image size of job updated: 2
	0  -  MemoryUsage of job (MB)
	0  -  ResidentSetSize of job (KB)
...
005 (783902.000.000) 10/05 12:25:25 Job terminated.
	(1) Normal termination (return value 0)
		Usr 0 00:00:00, Sys 0 00:00:00  -  Run Remote Usage
		Usr 0 00:00:00, Sys 0 00:00:00  -  Run Local Usage
		Usr 0 00:00:00, Sys 0 00:00:00  -  Total Remote Usage
		Usr 0 00:00:00, Sys 0 00:00:00  -  Total Local Usage
	585808  -  Run Bytes Sent By Job
	62732  -  Run Bytes Received By Job
	585808  -  Total Bytes Sent By Job
	62732  -  Total Bytes Received By Job
	Partitionable Resources :    Usage  Request          
	   Cpus                 :                 1          
	   Disk (KB)            :      658      658          
	   Memory (MB)          :        0        0          
...
000 (784083.000.000) 10/05 12:28:42 Job submitted from host: <18.12.1.74:45913>
...
001 (784083.000.000) 10/05 12:28:51 Job executing on host: <18.12.8.13:48541>
...
006 (784083.000.000) 10/05 12:28:59 Image size of job updated: 2
	3  -  MemoryUsage of job (MB)
	2348  -  ResidentSetSize of job (KB)
...
006 (784083.000.000) 10/05 12:32:59 Image size of job updated: 230676
	3  -  MemoryUsage of job (MB)
	2348  -  ResidentSetSize of job (KB)
...
005 (784083.000.000) 10/05 12:33:00 Job terminated.
	(1) Normal termination (return value 0)
		Usr 0 00:01:31, Sys 0 00:00:02  -  Run Remote Usage
		Usr 0 00:00:00, Sys 0 00:00:00  -  Run Local Usage
		Usr 0 00:01:31, Sys 0 00:00:02  -  Total Remote Usage
		Usr 0 00:00:00, Sys 0 00:00:00  -  Total Local Usage
	587229  -  Run Bytes Sent By Job
	62733  -  Run Bytes Received By Job
	587229  -  Total Bytes Sent By Job
	62733  -  Total Bytes Received By Job
	Partitionable Resources :    Usage  Request          
	   Cpus                 :                 1          
	   Disk (KB)            :      660      660          
	   Memory (MB)          :        3        3          
...
000 (786152.000.000) 10/05 14:34:42 Job submitted from host: <18.12.1.74:45913>
...
001 (786152.000.000) 10/05 14:35:49 Job executing on host: <18.12.8.65:48176>
...
006 (786152.000.000) 10/05 14:35:58 Image size of job updated: 2
	3  -  MemoryUsage of job (MB)
	2364  -  ResidentSetSize of job (KB)
...
006 (786152.000.000) 10/05 14:38:35 Image size of job updated: 230684
	3  -  MemoryUsage of job (MB)
	2364  -  ResidentSetSize of job (KB)
...
005 (786152.000.000) 10/05 14:38:36 Job terminated.
	(1) Normal termination (return value 0)
		Usr 0 00:02:05, Sys 0 00:00:03  -  Run Remote Usage
		Usr 0 00:00:00, Sys 0 00:00:00  -  Run Local Usage
		Usr 0 00:02:05, Sys 0 00:00:03  -  Total Remote Usage
		Usr 0 00:00:00, Sys 0 00:00:00  -  Total Local Usage
	586362  -  Run Bytes Sent By Job
	62729  -  Run Bytes Received By Job
	586362  -  Total Bytes Sent By Job
	62729  -  Total Bytes Received By Job
	Partitionable Resources :    Usage  Request          
	   Cpus                 :                 1          
	   Disk (KB)            :      659      659          
	   Memory (MB)          :        3        3          
...
000 (787991.000.000) 10/08 16:09:56 Job submitted from host: <18.12.1.74:45913>
...
001 (787991.000.000) 10/08 16:18:39 Job executing on host: <18.12.9.76:43139>
...
006 (787991.000.000) 10/08 16:18:47 Image size of job updated: 230404
	96  -  MemoryUsage of job (MB)
	98188  -  ResidentSetSize of job (KB)
...
006 (787991.000.000) 10/08 16:21:06 Image size of job updated: 230676
	96  -  MemoryUsage of job (MB)
	98188  -  ResidentSetSize of job (KB)
...
005 (787991.000.000) 10/08 16:21:07 Job terminated.
	(1) Normal termination (return value 0)
		Usr 0 00:01:39, Sys 0 00:00:02  -  Run Remote Usage
		Usr 0 00:00:00, Sys 0 00:00:00  -  Run Local Usage
		Usr 0 00:01:39, Sys 0 00:00:02  -  Total Remote Usage
		Usr 0 00:00:00, Sys 0 00:00:00  -  Total Local Usage
	585460  -  Run Bytes Sent By Job
	62697  -  Run Bytes Received By Job
	585460  -  Total Bytes Sent By Job
	62697  -  Total Bytes Received By Job
	Partitionable Resources :    Usage  Request          
	   Cpus                 :                 1          
	   Disk (KB)            :      658      658          
	   Memory (MB)          :       96       96          
...
000 (788354.000.000) 10/09 10:00:31 Job submitted from host: <18.12.1.74:45913>
...
001 (788354.000.000) 10/09 10:06:23 Job executing on host: <18.12.6.45:48541>
...
006 (788354.000.000) 10/09 10:06:32 Image size of job updated: 228612
	94  -  MemoryUsage of job (MB)
	96132  -  ResidentSetSize of job (KB)
...
006 (788354.000.000) 10/09 10:08:57 Image size of job updated: 230668
	94  -  MemoryUsage of job (MB)
	96132  -  ResidentSetSize of job (KB)
...
005 (788354.000.000) 10/09 10:08:57 Job terminated.
	(1) Normal termination (return value 0)
		Usr 0 00:02:02, Sys 0 00:00:01  -  Run Remote Usage
		Usr 0 00:00:00, Sys 0 00:00:00  -  Run Local Usage
		Usr 0 00:02:02, Sys 0 00:00:01  -  Total Remote Usage
		Usr 0 00:00:00, Sys 0 00:00:00  -  Total Local Usage
	585260  -  Run Bytes Sent By Job
	62694  -  Run Bytes Received By Job
	585260  -  Total Bytes Sent By Job
	62694  -  Total Bytes Received By Job
	Partitionable Resources :    Usage  Request          
	   Cpus                 :                 1          
	   Disk (KB)            :      658      658          
	   Memory (MB)          :       94       94          
...
000 (788901.000.000) 10/12 11:22:10 Job submitted from host: <18.12.1.74:45913>
...
001 (788901.000.000) 10/12 11:31:55 Job executing on host: <18.12.8.203:48395>
...
006 (788901.000.000) 10/12 11:32:03 Image size of job updated: 230536
	97  -  MemoryUsage of job (MB)
	98308  -  ResidentSetSize of job (KB)
...
006 (788901.000.000) 10/12 11:34:58 Image size of job updated: 230668
	97  -  MemoryUsage of job (MB)
	98308  -  ResidentSetSize of job (KB)
...
005 (788901.000.000) 10/12 11:34:59 Job terminated.
	(1) Normal termination (return value 0)
		Usr 0 00:01:54, Sys 0 00:00:01  -  Run Remote Usage
		Usr 0 00:00:00, Sys 0 00:00:00  -  Run Local Usage
		Usr 0 00:01:54, Sys 0 00:00:01  -  Total Remote Usage
		Usr 0 00:00:00, Sys 0 00:00:00  -  Total Local Usage
	585411  -  Run Bytes Sent By Job
	62702  -  Run Bytes Received By Job
	585411  -  Total Bytes Sent By Job
	62702  -  Total Bytes Received By Job
	Partitionable Resources :    Usage  Request          
	   Cpus                 :                 1          
	   Disk (KB)            :      658      658          
	   Memory (MB)          :       97       97          
...
