000 (556050.000.000) 08/12 11:33:39 Job submitted from host: <18.12.1.74:48322>
...
001 (556050.000.000) 08/12 11:49:02 Job executing on host: <18.12.8.163:40511>
...
006 (556050.000.000) 08/12 11:49:11 Image size of job updated: 204448
	82  -  MemoryUsage of job (MB)
	83244  -  ResidentSetSize of job (KB)
...
006 (556050.000.000) 08/12 11:53:24 Image size of job updated: 230028
	82  -  MemoryUsage of job (MB)
	83244  -  ResidentSetSize of job (KB)
...
005 (556050.000.000) 08/12 11:53:24 Job terminated.
	(1) Normal termination (return value 0)
		Usr 0 00:00:34, Sys 0 00:00:00  -  Run Remote Usage
		Usr 0 00:00:00, Sys 0 00:00:00  -  Run Local Usage
		Usr 0 00:00:34, Sys 0 00:00:00  -  Total Remote Usage
		Usr 0 00:00:00, Sys 0 00:00:00  -  Total Local Usage
	586074  -  Run Bytes Sent By Job
	62715  -  Run Bytes Received By Job
	586074  -  Total Bytes Sent By Job
	62715  -  Total Bytes Received By Job
	Partitionable Resources :    Usage  Request          
	   Cpus                 :                 1          
	   Disk (KB)            :      659      659          
	   Memory (MB)          :       82       82          
...
000 (566419.000.000) 08/20 21:02:24 Job submitted from host: <18.12.1.74:48322>
...
007 (566419.000.000) 08/20 21:02:58 Shadow exception!
	Error from slot16@t2bat0299.cmsaf.mit.edu: Failed to transfer files
	0  -  Run Bytes Sent By Job
	0  -  Run Bytes Received By Job
...
001 (566419.000.000) 08/20 21:03:00 Job executing on host: <18.12.12.67:49709>
...
006 (566419.000.000) 08/20 21:03:09 Image size of job updated: 230032
	93  -  MemoryUsage of job (MB)
	95140  -  ResidentSetSize of job (KB)
...
022 (566419.000.000) 08/20 21:04:13 Job disconnected, attempting to reconnect
    Socket between submit and execute hosts closed unexpectedly
    Trying to reconnect to slot15@nubat0003.cmsaf.mit.edu <18.12.12.67:49709>
...
023 (566419.000.000) 08/20 21:04:13 Job reconnected to slot15@nubat0003.cmsaf.mit.edu
    startd address: <18.12.12.67:49709>
    starter address: <18.12.12.67:46935>
...
005 (566419.000.000) 08/20 21:10:34 Job terminated.
	(1) Normal termination (return value 0)
		Usr 0 00:00:49, Sys 0 00:00:01  -  Run Remote Usage
		Usr 0 00:00:00, Sys 0 00:00:00  -  Run Local Usage
		Usr 0 00:00:49, Sys 0 00:00:01  -  Total Remote Usage
		Usr 0 00:00:00, Sys 0 00:00:00  -  Total Local Usage
	585984  -  Run Bytes Sent By Job
	62731  -  Run Bytes Received By Job
	585984  -  Total Bytes Sent By Job
	62731  -  Total Bytes Received By Job
	Partitionable Resources :    Usage  Request          
	   Cpus                 :                 1          
	   Disk (KB)            :      659      659          
	   Memory (MB)          :       93       93          
...
000 (782424.000.000) 10/01 13:04:25 Job submitted from host: <18.12.1.74:47665>
...
001 (782424.000.000) 10/01 13:13:11 Job executing on host: <18.12.8.179:42774>
...
006 (782424.000.000) 10/01 13:13:25 Image size of job updated: 2
	3  -  MemoryUsage of job (MB)
	2336  -  ResidentSetSize of job (KB)
...
006 (782424.000.000) 10/01 13:15:39 Image size of job updated: 230036
	3  -  MemoryUsage of job (MB)
	2336  -  ResidentSetSize of job (KB)
...
005 (782424.000.000) 10/01 13:15:39 Job terminated.
	(1) Normal termination (return value 0)
		Usr 0 00:00:28, Sys 0 00:00:00  -  Run Remote Usage
		Usr 0 00:00:00, Sys 0 00:00:00  -  Run Local Usage
		Usr 0 00:00:28, Sys 0 00:00:00  -  Total Remote Usage
		Usr 0 00:00:00, Sys 0 00:00:00  -  Total Local Usage
	586131  -  Run Bytes Sent By Job
	62730  -  Run Bytes Received By Job
	586131  -  Total Bytes Sent By Job
	62730  -  Total Bytes Received By Job
	Partitionable Resources :    Usage  Request          
	   Cpus                 :                 1          
	   Disk (KB)            :      659      659          
	   Memory (MB)          :        3        3          
...
000 (782605.000.000) 10/01 14:31:13 Job submitted from host: <18.12.1.74:47665>
...
001 (782605.000.000) 10/01 14:33:20 Job executing on host: <18.12.9.41:45840>
...
006 (782605.000.000) 10/01 14:33:29 Image size of job updated: 2
	3  -  MemoryUsage of job (MB)
	2356  -  ResidentSetSize of job (KB)
...
006 (782605.000.000) 10/01 14:35:07 Image size of job updated: 227220
	3  -  MemoryUsage of job (MB)
	2356  -  ResidentSetSize of job (KB)
...
005 (782605.000.000) 10/01 14:38:08 Job terminated.
	(1) Normal termination (return value 0)
		Usr 0 00:00:19, Sys 0 00:00:01  -  Run Remote Usage
		Usr 0 00:00:00, Sys 0 00:00:00  -  Run Local Usage
		Usr 0 00:00:19, Sys 0 00:00:01  -  Total Remote Usage
		Usr 0 00:00:00, Sys 0 00:00:00  -  Total Local Usage
	2130818  -  Run Bytes Sent By Job
	62736  -  Run Bytes Received By Job
	2130818  -  Total Bytes Sent By Job
	62736  -  Total Bytes Received By Job
	Partitionable Resources :    Usage  Request          
	   Cpus                 :                 1          
	   Disk (KB)            :     2167     2167          
	   Memory (MB)          :        3        3          
...
000 (788146.000.000) 10/09 09:23:38 Job submitted from host: <18.12.1.74:45913>
...
001 (788146.000.000) 10/09 09:24:08 Job executing on host: <18.12.8.205:47811>
...
006 (788146.000.000) 10/09 09:24:17 Image size of job updated: 93588
	2  -  MemoryUsage of job (MB)
	1988  -  ResidentSetSize of job (KB)
...
006 (788146.000.000) 10/09 09:25:27 Image size of job updated: 230020
	2  -  MemoryUsage of job (MB)
	1988  -  ResidentSetSize of job (KB)
...
005 (788146.000.000) 10/09 09:25:28 Job terminated.
	(1) Normal termination (return value 0)
		Usr 0 00:00:33, Sys 0 00:00:00  -  Run Remote Usage
		Usr 0 00:00:00, Sys 0 00:00:00  -  Run Local Usage
		Usr 0 00:00:33, Sys 0 00:00:00  -  Total Remote Usage
		Usr 0 00:00:00, Sys 0 00:00:00  -  Total Local Usage
	585384  -  Run Bytes Sent By Job
	62698  -  Run Bytes Received By Job
	585384  -  Total Bytes Sent By Job
	62698  -  Total Bytes Received By Job
	Partitionable Resources :    Usage  Request          
	   Cpus                 :                 1          
	   Disk (KB)            :      658      658          
	   Memory (MB)          :        2        2          
...
000 (788511.000.000) 10/12 09:47:59 Job submitted from host: <18.12.1.74:45913>
...
001 (788511.000.000) 10/12 09:53:06 Job executing on host: <18.12.8.26:45110>
...
006 (788511.000.000) 10/12 09:53:15 Image size of job updated: 229100
	92  -  MemoryUsage of job (MB)
	93940  -  ResidentSetSize of job (KB)
...
006 (788511.000.000) 10/12 09:54:45 Image size of job updated: 230016
	92  -  MemoryUsage of job (MB)
	93940  -  ResidentSetSize of job (KB)
...
005 (788511.000.000) 10/12 09:54:45 Job terminated.
	(1) Normal termination (return value 0)
		Usr 0 00:01:05, Sys 0 00:00:02  -  Run Remote Usage
		Usr 0 00:00:00, Sys 0 00:00:00  -  Run Local Usage
		Usr 0 00:01:05, Sys 0 00:00:02  -  Total Remote Usage
		Usr 0 00:00:00, Sys 0 00:00:00  -  Total Local Usage
	585024  -  Run Bytes Sent By Job
	62703  -  Run Bytes Received By Job
	585024  -  Total Bytes Sent By Job
	62703  -  Total Bytes Received By Job
	Partitionable Resources :    Usage  Request          
	   Cpus                 :                 1          
	   Disk (KB)            :      658      658          
	   Memory (MB)          :       92       92          
...
