000 (556141.000.000) 08/12 11:33:48 Job submitted from host: <18.12.1.74:48322>
...
001 (556141.000.000) 08/12 12:02:13 Job executing on host: <18.12.8.78:47446>
...
006 (556141.000.000) 08/12 12:02:22 Image size of job updated: 93588
	3  -  MemoryUsage of job (MB)
	2428  -  ResidentSetSize of job (KB)
...
006 (556141.000.000) 08/12 12:04:37 Image size of job updated: 230580
	3  -  MemoryUsage of job (MB)
	2428  -  ResidentSetSize of job (KB)
...
005 (556141.000.000) 08/12 12:04:37 Job terminated.
	(1) Normal termination (return value 0)
		Usr 0 00:01:42, Sys 0 00:00:03  -  Run Remote Usage
		Usr 0 00:00:00, Sys 0 00:00:00  -  Run Local Usage
		Usr 0 00:01:42, Sys 0 00:00:03  -  Total Remote Usage
		Usr 0 00:00:00, Sys 0 00:00:00  -  Total Local Usage
	586249  -  Run Bytes Sent By Job
	62715  -  Run Bytes Received By Job
	586249  -  Total Bytes Sent By Job
	62715  -  Total Bytes Received By Job
	Partitionable Resources :    Usage  Request          
	   Cpus                 :                 1          
	   Disk (KB)            :      659      659          
	   Memory (MB)          :        3        3          
...
000 (566510.000.000) 08/20 21:08:45 Job submitted from host: <18.12.1.74:48322>
...
001 (566510.000.000) 08/20 21:09:03 Job executing on host: <18.12.9.82:48979>
...
006 (566510.000.000) 08/20 21:09:11 Image size of job updated: 225448
	92  -  MemoryUsage of job (MB)
	93424  -  ResidentSetSize of job (KB)
...
006 (566510.000.000) 08/20 21:11:49 Image size of job updated: 230584
	92  -  MemoryUsage of job (MB)
	93424  -  ResidentSetSize of job (KB)
...
022 (566510.000.000) 08/20 21:11:49 Job disconnected, attempting to reconnect
    Socket between submit and execute hosts closed unexpectedly
    Trying to reconnect to slot22@t2bat0338.cmsaf.mit.edu <18.12.9.82:48979>
...
023 (566510.000.000) 08/20 21:11:50 Job reconnected to slot22@t2bat0338.cmsaf.mit.edu
    startd address: <18.12.9.82:48979>
    starter address: <18.12.9.82:43578>
...
022 (566510.000.000) 08/20 21:11:51 Job disconnected, attempting to reconnect
    Socket between submit and execute hosts closed unexpectedly
    Trying to reconnect to slot22@t2bat0338.cmsaf.mit.edu <18.12.9.82:48979>
...
023 (566510.000.000) 08/20 21:11:51 Job reconnected to slot22@t2bat0338.cmsaf.mit.edu
    startd address: <18.12.9.82:48979>
    starter address: <18.12.9.82:43578>
...
022 (566510.000.000) 08/20 21:11:51 Job disconnected, attempting to reconnect
    Socket between submit and execute hosts closed unexpectedly
    Trying to reconnect to slot22@t2bat0338.cmsaf.mit.edu <18.12.9.82:48979>
...
023 (566510.000.000) 08/20 21:11:52 Job reconnected to slot22@t2bat0338.cmsaf.mit.edu
    startd address: <18.12.9.82:48979>
    starter address: <18.12.9.82:43578>
...
005 (566510.000.000) 08/20 21:18:07 Job terminated.
	(1) Normal termination (return value 0)
		Usr 0 00:01:31, Sys 0 00:00:01  -  Run Remote Usage
		Usr 0 00:00:00, Sys 0 00:00:00  -  Run Local Usage
		Usr 0 00:01:31, Sys 0 00:00:01  -  Total Remote Usage
		Usr 0 00:00:00, Sys 0 00:00:00  -  Total Local Usage
	586214  -  Run Bytes Sent By Job
	62731  -  Run Bytes Received By Job
	586214  -  Total Bytes Sent By Job
	62731  -  Total Bytes Received By Job
	Partitionable Resources :    Usage  Request          
	   Cpus                 :                 1          
	   Disk (KB)            :      659      659          
	   Memory (MB)          :       92       92          
...
000 (782515.000.000) 10/01 13:04:36 Job submitted from host: <18.12.1.74:47665>
...
001 (782515.000.000) 10/01 13:16:14 Job executing on host: <18.12.8.210:46789>
...
006 (782515.000.000) 10/01 13:16:23 Image size of job updated: 9248
	2  -  MemoryUsage of job (MB)
	1268  -  ResidentSetSize of job (KB)
...
006 (782515.000.000) 10/01 13:18:34 Image size of job updated: 230584
	2  -  MemoryUsage of job (MB)
	1268  -  ResidentSetSize of job (KB)
...
005 (782515.000.000) 10/01 13:18:38 Job terminated.
	(1) Normal termination (return value 0)
		Usr 0 00:01:21, Sys 0 00:00:01  -  Run Remote Usage
		Usr 0 00:00:00, Sys 0 00:00:00  -  Run Local Usage
		Usr 0 00:01:21, Sys 0 00:00:01  -  Total Remote Usage
		Usr 0 00:00:00, Sys 0 00:00:00  -  Total Local Usage
	586302  -  Run Bytes Sent By Job
	62730  -  Run Bytes Received By Job
	586302  -  Total Bytes Sent By Job
	62730  -  Total Bytes Received By Job
	Partitionable Resources :    Usage  Request          
	   Cpus                 :                 1          
	   Disk (KB)            :      659      659          
	   Memory (MB)          :        2        2          
...
000 (782696.000.000) 10/01 14:32:18 Job submitted from host: <18.12.1.74:47665>
...
001 (782696.000.000) 10/01 14:34:09 Job executing on host: <18.12.9.37:40511>
...
006 (782696.000.000) 10/01 14:34:21 Image size of job updated: 192464
	78  -  MemoryUsage of job (MB)
	78872  -  ResidentSetSize of job (KB)
...
006 (782696.000.000) 10/01 14:39:22 Image size of job updated: 227424
	84  -  MemoryUsage of job (MB)
	85256  -  ResidentSetSize of job (KB)
...
006 (782696.000.000) 10/01 14:44:02 Image size of job updated: 227560
	84  -  MemoryUsage of job (MB)
	85256  -  ResidentSetSize of job (KB)
...
005 (782696.000.000) 10/01 14:47:38 Job terminated.
	(1) Normal termination (return value 0)
		Usr 0 00:00:53, Sys 0 00:00:02  -  Run Remote Usage
		Usr 0 00:00:00, Sys 0 00:00:00  -  Run Local Usage
		Usr 0 00:00:53, Sys 0 00:00:02  -  Total Remote Usage
		Usr 0 00:00:00, Sys 0 00:00:00  -  Total Local Usage
	4440232  -  Run Bytes Sent By Job
	62736  -  Run Bytes Received By Job
	4440232  -  Total Bytes Sent By Job
	62736  -  Total Bytes Received By Job
	Partitionable Resources :    Usage  Request          
	   Cpus                 :                 1          
	   Disk (KB)            :     4422     4422          
	   Memory (MB)          :       84       84          
...
000 (788237.000.000) 10/09 09:23:48 Job submitted from host: <18.12.1.74:45913>
...
001 (788237.000.000) 10/09 09:24:13 Job executing on host: <18.12.8.227:43066>
...
006 (788237.000.000) 10/09 09:24:22 Image size of job updated: 93588
	3  -  MemoryUsage of job (MB)
	2428  -  ResidentSetSize of job (KB)
...
006 (788237.000.000) 10/09 09:27:22 Image size of job updated: 230576
	3  -  MemoryUsage of job (MB)
	2428  -  ResidentSetSize of job (KB)
...
005 (788237.000.000) 10/09 09:27:22 Job terminated.
	(1) Normal termination (return value 0)
		Usr 0 00:01:44, Sys 0 00:00:01  -  Run Remote Usage
		Usr 0 00:00:00, Sys 0 00:00:00  -  Run Local Usage
		Usr 0 00:01:44, Sys 0 00:00:01  -  Total Remote Usage
		Usr 0 00:00:00, Sys 0 00:00:00  -  Total Local Usage
	585404  -  Run Bytes Sent By Job
	62698  -  Run Bytes Received By Job
	585404  -  Total Bytes Sent By Job
	62698  -  Total Bytes Received By Job
	Partitionable Resources :    Usage  Request          
	   Cpus                 :                 1          
	   Disk (KB)            :      658      658          
	   Memory (MB)          :        3        3          
...
000 (788602.000.000) 10/12 09:48:08 Job submitted from host: <18.12.1.74:45913>
...
001 (788602.000.000) 10/12 10:02:34 Job executing on host: <18.12.12.68:42555>
...
006 (788602.000.000) 10/12 10:02:43 Image size of job updated: 187636
	71  -  MemoryUsage of job (MB)
	72528  -  ResidentSetSize of job (KB)
...
006 (788602.000.000) 10/12 10:05:29 Image size of job updated: 230580
	71  -  MemoryUsage of job (MB)
	72528  -  ResidentSetSize of job (KB)
...
005 (788602.000.000) 10/12 10:05:29 Job terminated.
	(1) Normal termination (return value 0)
		Usr 0 00:02:10, Sys 0 00:00:01  -  Run Remote Usage
		Usr 0 00:00:00, Sys 0 00:00:00  -  Run Local Usage
		Usr 0 00:02:10, Sys 0 00:00:01  -  Total Remote Usage
		Usr 0 00:00:00, Sys 0 00:00:00  -  Total Local Usage
	585198  -  Run Bytes Sent By Job
	62703  -  Run Bytes Received By Job
	585198  -  Total Bytes Sent By Job
	62703  -  Total Bytes Received By Job
	Partitionable Resources :    Usage  Request          
	   Cpus                 :                 1          
	   Disk (KB)            :      658      658          
	   Memory (MB)          :       71       71          
...
