000 (556411.000.000) 08/12 14:10:54 Job submitted from host: <18.12.1.74:48322>
...
001 (556411.000.000) 08/12 14:39:56 Job executing on host: <18.12.9.43:40073>
...
006 (556411.000.000) 08/12 14:40:04 Image size of job updated: 2
	3  -  MemoryUsage of job (MB)
	2352  -  ResidentSetSize of job (KB)
...
006 (556411.000.000) 08/12 14:45:04 Image size of job updated: 231028
	92  -  MemoryUsage of job (MB)
	93964  -  ResidentSetSize of job (KB)
...
006 (556411.000.000) 08/12 14:50:05 Image size of job updated: 231028
	99  -  MemoryUsage of job (MB)
	101280  -  ResidentSetSize of job (KB)
...
006 (556411.000.000) 08/12 14:54:33 Image size of job updated: 236932
	99  -  MemoryUsage of job (MB)
	101280  -  ResidentSetSize of job (KB)
...
005 (556411.000.000) 08/12 14:54:33 Job terminated.
	(1) Normal termination (return value 0)
		Usr 0 00:01:59, Sys 0 00:00:04  -  Run Remote Usage
		Usr 0 00:00:00, Sys 0 00:00:00  -  Run Local Usage
		Usr 0 00:01:59, Sys 0 00:00:04  -  Total Remote Usage
		Usr 0 00:00:00, Sys 0 00:00:00  -  Total Local Usage
	586612  -  Run Bytes Sent By Job
	62715  -  Run Bytes Received By Job
	586612  -  Total Bytes Sent By Job
	62715  -  Total Bytes Received By Job
	Partitionable Resources :    Usage  Request          
	   Cpus                 :                 1          
	   Disk (KB)            :      659      659          
	   Memory (MB)          :       99       99          
...
000 (557671.000.000) 08/13 11:57:30 Job submitted from host: <18.12.1.74:48322>
...
001 (557671.000.000) 08/13 12:33:57 Job executing on host: <18.12.9.80:43650>
...
006 (557671.000.000) 08/13 12:34:05 Image size of job updated: 230544
	96  -  MemoryUsage of job (MB)
	98236  -  ResidentSetSize of job (KB)
...
006 (557671.000.000) 08/13 12:37:46 Image size of job updated: 230680
	96  -  MemoryUsage of job (MB)
	98236  -  ResidentSetSize of job (KB)
...
005 (557671.000.000) 08/13 12:37:46 Job terminated.
	(1) Normal termination (return value 0)
		Usr 0 00:01:45, Sys 0 00:00:02  -  Run Remote Usage
		Usr 0 00:00:00, Sys 0 00:00:00  -  Run Local Usage
		Usr 0 00:01:45, Sys 0 00:00:02  -  Total Remote Usage
		Usr 0 00:00:00, Sys 0 00:00:00  -  Total Local Usage
	586331  -  Run Bytes Sent By Job
	62715  -  Run Bytes Received By Job
	586331  -  Total Bytes Sent By Job
	62715  -  Total Bytes Received By Job
	Partitionable Resources :    Usage  Request          
	   Cpus                 :                 1          
	   Disk (KB)            :      659      659          
	   Memory (MB)          :       96       96          
...
000 (558187.000.000) 08/13 14:31:12 Job submitted from host: <18.12.1.74:48322>
...
001 (558187.000.000) 08/13 15:02:45 Job executing on host: <18.12.9.80:43650>
...
006 (558187.000.000) 08/13 15:02:54 Image size of job updated: 2
	3  -  MemoryUsage of job (MB)
	2344  -  ResidentSetSize of job (KB)
...
006 (558187.000.000) 08/13 15:07:37 Image size of job updated: 230680
	3  -  MemoryUsage of job (MB)
	2344  -  ResidentSetSize of job (KB)
...
005 (558187.000.000) 08/13 15:07:37 Job terminated.
	(1) Normal termination (return value 0)
		Usr 0 00:01:55, Sys 0 00:00:02  -  Run Remote Usage
		Usr 0 00:00:00, Sys 0 00:00:00  -  Run Local Usage
		Usr 0 00:01:55, Sys 0 00:00:02  -  Total Remote Usage
		Usr 0 00:00:00, Sys 0 00:00:00  -  Total Local Usage
	586333  -  Run Bytes Sent By Job
	62714  -  Run Bytes Received By Job
	586333  -  Total Bytes Sent By Job
	62714  -  Total Bytes Received By Job
	Partitionable Resources :    Usage  Request          
	   Cpus                 :                 1          
	   Disk (KB)            :      659      659          
	   Memory (MB)          :        3        3          
...
000 (565524.000.000) 08/20 12:54:23 Job submitted from host: <18.12.1.74:48322>
...
001 (565524.000.000) 08/20 12:54:29 Job executing on host: <18.12.6.56:40292>
...
006 (565524.000.000) 08/20 12:54:40 Image size of job updated: 193856
	78  -  MemoryUsage of job (MB)
	79616  -  ResidentSetSize of job (KB)
...
006 (565524.000.000) 08/20 12:58:24 Image size of job updated: 230680
	78  -  MemoryUsage of job (MB)
	79616  -  ResidentSetSize of job (KB)
...
005 (565524.000.000) 08/20 13:05:56 Job terminated.
	(1) Normal termination (return value 0)
		Usr 0 00:01:54, Sys 0 00:00:01  -  Run Remote Usage
		Usr 0 00:00:00, Sys 0 00:00:00  -  Run Local Usage
		Usr 0 00:01:54, Sys 0 00:00:01  -  Total Remote Usage
		Usr 0 00:00:00, Sys 0 00:00:00  -  Total Local Usage
	586187  -  Run Bytes Sent By Job
	62731  -  Run Bytes Received By Job
	586187  -  Total Bytes Sent By Job
	62731  -  Total Bytes Received By Job
	Partitionable Resources :    Usage  Request          
	   Cpus                 :                 1          
	   Disk (KB)            :      659      659          
	   Memory (MB)          :       78       78          
...
000 (783017.000.000) 10/02 11:06:00 Job submitted from host: <18.12.1.74:41314>
...
001 (783017.000.000) 10/02 11:14:00 Job executing on host: <18.12.8.237:48614>
...
006 (783017.000.000) 10/02 11:14:07 Image size of job updated: 2
	0  -  MemoryUsage of job (MB)
	0  -  ResidentSetSize of job (KB)
...
005 (783017.000.000) 10/02 11:19:21 Job terminated.
	(1) Normal termination (return value 0)
		Usr 0 00:00:00, Sys 0 00:00:00  -  Run Remote Usage
		Usr 0 00:00:00, Sys 0 00:00:00  -  Run Local Usage
		Usr 0 00:00:00, Sys 0 00:00:00  -  Total Remote Usage
		Usr 0 00:00:00, Sys 0 00:00:00  -  Total Local Usage
	585487  -  Run Bytes Sent By Job
	62733  -  Run Bytes Received By Job
	585487  -  Total Bytes Sent By Job
	62733  -  Total Bytes Received By Job
	Partitionable Resources :    Usage  Request          
	   Cpus                 :                 1          
	   Disk (KB)            :      658      658          
	   Memory (MB)          :        0        0          
...
000 (783198.000.000) 10/02 16:13:26 Job submitted from host: <18.12.1.74:45913>
...
001 (783198.000.000) 10/02 16:14:25 Job executing on host: <18.12.6.30:48541>
...
006 (783198.000.000) 10/02 16:14:26 Image size of job updated: 145596
	0  -  MemoryUsage of job (MB)
	0  -  ResidentSetSize of job (KB)
...
005 (783198.000.000) 10/02 16:14:26 Job terminated.
	(1) Normal termination (return value 0)
		Usr 0 00:00:00, Sys 0 00:00:00  -  Run Remote Usage
		Usr 0 00:00:00, Sys 0 00:00:00  -  Run Local Usage
		Usr 0 00:00:00, Sys 0 00:00:00  -  Total Remote Usage
		Usr 0 00:00:00, Sys 0 00:00:00  -  Total Local Usage
	585339  -  Run Bytes Sent By Job
	62733  -  Run Bytes Received By Job
	585339  -  Total Bytes Sent By Job
	62733  -  Total Bytes Received By Job
	Partitionable Resources :    Usage  Request          
	   Cpus                 :                 1          
	   Disk (KB)            :      658      658          
	   Memory (MB)          :        0        0          
...
000 (783379.000.000) 10/02 16:48:41 Job submitted from host: <18.12.1.74:45913>
...
001 (783379.000.000) 10/02 16:48:51 Job executing on host: <18.12.9.36:44380>
...
006 (783379.000.000) 10/02 16:48:51 Image size of job updated: 69180
	0  -  MemoryUsage of job (MB)
	0  -  ResidentSetSize of job (KB)
...
005 (783379.000.000) 10/02 16:48:51 Job terminated.
	(1) Normal termination (return value 0)
		Usr 0 00:00:00, Sys 0 00:00:00  -  Run Remote Usage
		Usr 0 00:00:00, Sys 0 00:00:00  -  Run Local Usage
		Usr 0 00:00:00, Sys 0 00:00:00  -  Total Remote Usage
		Usr 0 00:00:00, Sys 0 00:00:00  -  Total Local Usage
	585890  -  Run Bytes Sent By Job
	62733  -  Run Bytes Received By Job
	585890  -  Total Bytes Sent By Job
	62733  -  Total Bytes Received By Job
	Partitionable Resources :    Usage  Request          
	   Cpus                 :                 1          
	   Disk (KB)            :      659      659          
	   Memory (MB)          :        0        0          
...
000 (783562.000.000) 10/05 09:25:46 Job submitted from host: <18.12.1.74:45913>
...
001 (783562.000.000) 10/05 09:26:05 Job executing on host: <18.12.12.8:45694>
...
006 (783562.000.000) 10/05 09:26:06 Image size of job updated: 2
	0  -  MemoryUsage of job (MB)
	0  -  ResidentSetSize of job (KB)
...
005 (783562.000.000) 10/05 09:26:11 Job terminated.
	(1) Normal termination (return value 0)
		Usr 0 00:00:00, Sys 0 00:00:00  -  Run Remote Usage
		Usr 0 00:00:00, Sys 0 00:00:00  -  Run Local Usage
		Usr 0 00:00:00, Sys 0 00:00:00  -  Total Remote Usage
		Usr 0 00:00:00, Sys 0 00:00:00  -  Total Local Usage
	585538  -  Run Bytes Sent By Job
	62732  -  Run Bytes Received By Job
	585538  -  Total Bytes Sent By Job
	62732  -  Total Bytes Received By Job
	Partitionable Resources :    Usage  Request          
	   Cpus                 :                 1          
	   Disk (KB)            :      658      658          
	   Memory (MB)          :        0        0          
...
000 (783743.000.000) 10/05 10:00:24 Job submitted from host: <18.12.1.74:45913>
...
001 (783743.000.000) 10/05 10:01:08 Job executing on host: <18.12.12.4:44088>
...
006 (783743.000.000) 10/05 10:01:22 Image size of job updated: 13384
	2  -  MemoryUsage of job (MB)
	1976  -  ResidentSetSize of job (KB)
...
005 (783743.000.000) 10/05 10:01:41 Job terminated.
	(1) Normal termination (return value 0)
		Usr 0 00:00:00, Sys 0 00:00:00  -  Run Remote Usage
		Usr 0 00:00:00, Sys 0 00:00:00  -  Run Local Usage
		Usr 0 00:00:00, Sys 0 00:00:00  -  Total Remote Usage
		Usr 0 00:00:00, Sys 0 00:00:00  -  Total Local Usage
	585408  -  Run Bytes Sent By Job
	62731  -  Run Bytes Received By Job
	585408  -  Total Bytes Sent By Job
	62731  -  Total Bytes Received By Job
	Partitionable Resources :    Usage  Request          
	   Cpus                 :                 1          
	   Disk (KB)            :      658      658          
	   Memory (MB)          :        2        2          
...
000 (783925.000.000) 10/05 12:25:12 Job submitted from host: <18.12.1.74:45913>
...
001 (783925.000.000) 10/05 12:25:25 Job executing on host: <18.12.9.69:42336>
...
006 (783925.000.000) 10/05 12:25:26 Image size of job updated: 93604
	0  -  MemoryUsage of job (MB)
	0  -  ResidentSetSize of job (KB)
...
005 (783925.000.000) 10/05 12:25:29 Job terminated.
	(1) Normal termination (return value 0)
		Usr 0 00:00:00, Sys 0 00:00:00  -  Run Remote Usage
		Usr 0 00:00:00, Sys 0 00:00:00  -  Run Local Usage
		Usr 0 00:00:00, Sys 0 00:00:00  -  Total Remote Usage
		Usr 0 00:00:00, Sys 0 00:00:00  -  Total Local Usage
	585752  -  Run Bytes Sent By Job
	62732  -  Run Bytes Received By Job
	585752  -  Total Bytes Sent By Job
	62732  -  Total Bytes Received By Job
	Partitionable Resources :    Usage  Request          
	   Cpus                 :                 1          
	   Disk (KB)            :      659      659          
	   Memory (MB)          :        0        0          
...
000 (784106.000.000) 10/05 12:28:47 Job submitted from host: <18.12.1.74:45913>
...
001 (784106.000.000) 10/05 12:29:19 Job executing on host: <18.12.9.38:45694>
...
006 (784106.000.000) 10/05 12:29:28 Image size of job updated: 230408
	96  -  MemoryUsage of job (MB)
	97956  -  ResidentSetSize of job (KB)
...
006 (784106.000.000) 10/05 12:34:24 Image size of job updated: 230672
	96  -  MemoryUsage of job (MB)
	97956  -  ResidentSetSize of job (KB)
...
005 (784106.000.000) 10/05 12:34:24 Job terminated.
	(1) Normal termination (return value 0)
		Usr 0 00:01:43, Sys 0 00:00:02  -  Run Remote Usage
		Usr 0 00:00:00, Sys 0 00:00:00  -  Run Local Usage
		Usr 0 00:01:43, Sys 0 00:00:02  -  Total Remote Usage
		Usr 0 00:00:00, Sys 0 00:00:00  -  Total Local Usage
	587116  -  Run Bytes Sent By Job
	62733  -  Run Bytes Received By Job
	587116  -  Total Bytes Sent By Job
	62733  -  Total Bytes Received By Job
	Partitionable Resources :    Usage  Request          
	   Cpus                 :                 1          
	   Disk (KB)            :      660      660          
	   Memory (MB)          :       96       96          
...
000 (786175.000.000) 10/05 14:34:44 Job submitted from host: <18.12.1.74:45913>
...
001 (786175.000.000) 10/05 14:35:37 Job executing on host: <18.12.9.68:47957>
...
006 (786175.000.000) 10/05 14:35:45 Image size of job updated: 230548
	97  -  MemoryUsage of job (MB)
	98324  -  ResidentSetSize of job (KB)
...
006 (786175.000.000) 10/05 14:37:53 Image size of job updated: 230680
	97  -  MemoryUsage of job (MB)
	98324  -  ResidentSetSize of job (KB)
...
005 (786175.000.000) 10/05 14:37:53 Job terminated.
	(1) Normal termination (return value 0)
		Usr 0 00:01:40, Sys 0 00:00:01  -  Run Remote Usage
		Usr 0 00:00:00, Sys 0 00:00:00  -  Run Local Usage
		Usr 0 00:01:40, Sys 0 00:00:01  -  Total Remote Usage
		Usr 0 00:00:00, Sys 0 00:00:00  -  Total Local Usage
	586608  -  Run Bytes Sent By Job
	62729  -  Run Bytes Received By Job
	586608  -  Total Bytes Sent By Job
	62729  -  Total Bytes Received By Job
	Partitionable Resources :    Usage  Request          
	   Cpus                 :                 1          
	   Disk (KB)            :      659      659          
	   Memory (MB)          :       97       97          
...
000 (788014.000.000) 10/08 16:10:07 Job submitted from host: <18.12.1.74:45913>
...
001 (788014.000.000) 10/08 16:21:27 Job executing on host: <18.12.8.63:40730>
...
006 (788014.000.000) 10/08 16:21:36 Image size of job updated: 93580
	3  -  MemoryUsage of job (MB)
	2424  -  ResidentSetSize of job (KB)
...
006 (788014.000.000) 10/08 16:24:29 Image size of job updated: 230668
	3  -  MemoryUsage of job (MB)
	2424  -  ResidentSetSize of job (KB)
...
005 (788014.000.000) 10/08 16:24:29 Job terminated.
	(1) Normal termination (return value 0)
		Usr 0 00:02:00, Sys 0 00:00:03  -  Run Remote Usage
		Usr 0 00:00:00, Sys 0 00:00:00  -  Run Local Usage
		Usr 0 00:02:00, Sys 0 00:00:03  -  Total Remote Usage
		Usr 0 00:00:00, Sys 0 00:00:00  -  Total Local Usage
	585432  -  Run Bytes Sent By Job
	62697  -  Run Bytes Received By Job
	585432  -  Total Bytes Sent By Job
	62697  -  Total Bytes Received By Job
	Partitionable Resources :    Usage  Request          
	   Cpus                 :                 1          
	   Disk (KB)            :      658      658          
	   Memory (MB)          :        3        3          
...
000 (788377.000.000) 10/09 10:00:33 Job submitted from host: <18.12.1.74:45913>
...
001 (788377.000.000) 10/09 10:08:48 Job executing on host: <18.12.8.247:46716>
...
006 (788377.000.000) 10/09 10:08:56 Image size of job updated: 2
	3  -  MemoryUsage of job (MB)
	2348  -  ResidentSetSize of job (KB)
...
006 (788377.000.000) 10/09 10:13:56 Image size of job updated: 230664
	117  -  MemoryUsage of job (MB)
	119636  -  ResidentSetSize of job (KB)
...
005 (788377.000.000) 10/09 10:14:15 Job terminated.
	(1) Normal termination (return value 0)
		Usr 0 00:02:05, Sys 0 00:00:01  -  Run Remote Usage
		Usr 0 00:00:00, Sys 0 00:00:00  -  Run Local Usage
		Usr 0 00:02:05, Sys 0 00:00:01  -  Total Remote Usage
		Usr 0 00:00:00, Sys 0 00:00:00  -  Total Local Usage
	585287  -  Run Bytes Sent By Job
	62694  -  Run Bytes Received By Job
	585287  -  Total Bytes Sent By Job
	62694  -  Total Bytes Received By Job
	Partitionable Resources :    Usage  Request          
	   Cpus                 :                 1          
	   Disk (KB)            :      658      658          
	   Memory (MB)          :      117      117          
...
000 (788924.000.000) 10/12 11:22:12 Job submitted from host: <18.12.1.74:45913>
...
001 (788924.000.000) 10/12 11:35:02 Job executing on host: <18.12.8.203:48395>
...
006 (788924.000.000) 10/12 11:35:10 Image size of job updated: 2
	3  -  MemoryUsage of job (MB)
	2360  -  ResidentSetSize of job (KB)
...
006 (788924.000.000) 10/12 11:38:39 Image size of job updated: 230668
	3  -  MemoryUsage of job (MB)
	2360  -  ResidentSetSize of job (KB)
...
005 (788924.000.000) 10/12 11:38:39 Job terminated.
	(1) Normal termination (return value 0)
		Usr 0 00:02:00, Sys 0 00:00:02  -  Run Remote Usage
		Usr 0 00:00:00, Sys 0 00:00:00  -  Run Local Usage
		Usr 0 00:02:00, Sys 0 00:00:02  -  Total Remote Usage
		Usr 0 00:00:00, Sys 0 00:00:00  -  Total Local Usage
	585457  -  Run Bytes Sent By Job
	62702  -  Run Bytes Received By Job
	585457  -  Total Bytes Sent By Job
	62702  -  Total Bytes Received By Job
	Partitionable Resources :    Usage  Request          
	   Cpus                 :                 1          
	   Disk (KB)            :      658      658          
	   Memory (MB)          :        3        3          
...
