000 (554208.000.000) 08/11 09:09:02 Job submitted from host: <18.12.1.74:48322>
...
001 (554208.000.000) 08/11 09:09:14 Job executing on host: <18.12.12.6:47811>
...
006 (554208.000.000) 08/11 09:09:22 Image size of job updated: 9244
	2  -  MemoryUsage of job (MB)
	1240  -  ResidentSetSize of job (KB)
...
006 (554208.000.000) 08/11 09:10:25 Image size of job updated: 230004
	2  -  MemoryUsage of job (MB)
	1240  -  ResidentSetSize of job (KB)
...
005 (554208.000.000) 08/11 09:10:25 Job terminated.
	(1) Normal termination (return value 0)
		Usr 0 00:00:27, Sys 0 00:00:00  -  Run Remote Usage
		Usr 0 00:00:00, Sys 0 00:00:00  -  Run Local Usage
		Usr 0 00:00:27, Sys 0 00:00:00  -  Total Remote Usage
		Usr 0 00:00:00, Sys 0 00:00:00  -  Total Local Usage
	585909  -  Run Bytes Sent By Job
	62717  -  Run Bytes Received By Job
	585909  -  Total Bytes Sent By Job
	62717  -  Total Bytes Received By Job
	Partitionable Resources :    Usage  Request          
	   Cpus                 :                 1          
	   Disk (KB)            :      658      658          
	   Memory (MB)          :        2        2          
...
000 (557923.000.000) 08/13 13:34:15 Job submitted from host: <18.12.1.74:48322>
...
001 (557923.000.000) 08/13 13:45:29 Job executing on host: <18.12.8.218:43942>
...
006 (557923.000.000) 08/13 13:45:38 Image size of job updated: 193800
	79  -  MemoryUsage of job (MB)
	80156  -  ResidentSetSize of job (KB)
...
006 (557923.000.000) 08/13 13:46:41 Image size of job updated: 230000
	79  -  MemoryUsage of job (MB)
	80156  -  ResidentSetSize of job (KB)
...
005 (557923.000.000) 08/13 13:46:41 Job terminated.
	(1) Normal termination (return value 0)
		Usr 0 00:00:37, Sys 0 00:00:00  -  Run Remote Usage
		Usr 0 00:00:00, Sys 0 00:00:00  -  Run Local Usage
		Usr 0 00:00:37, Sys 0 00:00:00  -  Total Remote Usage
		Usr 0 00:00:00, Sys 0 00:00:00  -  Total Local Usage
	586050  -  Run Bytes Sent By Job
	62720  -  Run Bytes Received By Job
	586050  -  Total Bytes Sent By Job
	62720  -  Total Bytes Received By Job
	Partitionable Resources :    Usage  Request          
	   Cpus                 :                 1          
	   Disk (KB)            :      659      659          
	   Memory (MB)          :       79       79          
...
000 (566214.000.000) 08/20 20:20:25 Job submitted from host: <18.12.1.74:48322>
...
001 (566214.000.000) 08/20 20:21:01 Job executing on host: <18.12.9.42:46351>
...
006 (566214.000.000) 08/20 20:21:11 Image size of job updated: 225072
	92  -  MemoryUsage of job (MB)
	93512  -  ResidentSetSize of job (KB)
...
006 (566214.000.000) 08/20 20:23:28 Image size of job updated: 230000
	92  -  MemoryUsage of job (MB)
	93512  -  ResidentSetSize of job (KB)
...
005 (566214.000.000) 08/20 20:30:04 Job terminated.
	(1) Normal termination (return value 0)
		Usr 0 00:00:34, Sys 0 00:00:00  -  Run Remote Usage
		Usr 0 00:00:00, Sys 0 00:00:00  -  Run Local Usage
		Usr 0 00:00:34, Sys 0 00:00:00  -  Total Remote Usage
		Usr 0 00:00:00, Sys 0 00:00:00  -  Total Local Usage
	586441  -  Run Bytes Sent By Job
	62732  -  Run Bytes Received By Job
	586441  -  Total Bytes Sent By Job
	62732  -  Total Bytes Received By Job
	Partitionable Resources :    Usage  Request          
	   Cpus                 :                 1          
	   Disk (KB)            :      659      659          
	   Memory (MB)          :       92       92          
...
