000 (556070.000.000) 08/12 11:33:41 Job submitted from host: <18.12.1.74:48322>
...
001 (556070.000.000) 08/12 11:52:19 Job executing on host: <18.12.8.170:43212>
...
006 (556070.000.000) 08/12 11:52:28 Image size of job updated: 69176
	13  -  MemoryUsage of job (MB)
	13308  -  ResidentSetSize of job (KB)
...
006 (556070.000.000) 08/12 11:54:39 Image size of job updated: 230416
	13  -  MemoryUsage of job (MB)
	13308  -  ResidentSetSize of job (KB)
...
005 (556070.000.000) 08/12 11:54:40 Job terminated.
	(1) Normal termination (return value 0)
		Usr 0 00:01:02, Sys 0 00:00:00  -  Run Remote Usage
		Usr 0 00:00:00, Sys 0 00:00:00  -  Run Local Usage
		Usr 0 00:01:02, Sys 0 00:00:00  -  Total Remote Usage
		Usr 0 00:00:00, Sys 0 00:00:00  -  Total Local Usage
	585977  -  Run Bytes Sent By Job
	62715  -  Run Bytes Received By Job
	585977  -  Total Bytes Sent By Job
	62715  -  Total Bytes Received By Job
	Partitionable Resources :    Usage  Request          
	   Cpus                 :                 1          
	   Disk (KB)            :      658      658          
	   Memory (MB)          :       13       13          
...
000 (566439.000.000) 08/20 21:03:30 Job submitted from host: <18.12.1.74:48322>
...
001 (566439.000.000) 08/20 21:04:07 Job executing on host: <18.12.9.30:44672>
...
006 (566439.000.000) 08/20 21:04:22 Image size of job updated: 187636
	71  -  MemoryUsage of job (MB)
	72468  -  ResidentSetSize of job (KB)
...
006 (566439.000.000) 08/20 21:09:22 Image size of job updated: 230416
	95  -  MemoryUsage of job (MB)
	96664  -  ResidentSetSize of job (KB)
...
005 (566439.000.000) 08/20 21:15:56 Job terminated.
	(1) Normal termination (return value 0)
		Usr 0 00:01:20, Sys 0 00:00:02  -  Run Remote Usage
		Usr 0 00:00:00, Sys 0 00:00:00  -  Run Local Usage
		Usr 0 00:01:20, Sys 0 00:00:02  -  Total Remote Usage
		Usr 0 00:00:00, Sys 0 00:00:00  -  Total Local Usage
	586440  -  Run Bytes Sent By Job
	62731  -  Run Bytes Received By Job
	586440  -  Total Bytes Sent By Job
	62731  -  Total Bytes Received By Job
	Partitionable Resources :    Usage  Request          
	   Cpus                 :                 1          
	   Disk (KB)            :      659      659          
	   Memory (MB)          :       95       95          
...
000 (782444.000.000) 10/01 13:04:27 Job submitted from host: <18.12.1.74:47665>
...
001 (782444.000.000) 10/01 13:14:13 Job executing on host: <18.12.9.51:47446>
...
006 (782444.000.000) 10/01 13:14:21 Image size of job updated: 187692
	71  -  MemoryUsage of job (MB)
	72592  -  ResidentSetSize of job (KB)
...
006 (782444.000.000) 10/01 13:19:21 Image size of job updated: 230412
	94  -  MemoryUsage of job (MB)
	95992  -  ResidentSetSize of job (KB)
...
006 (782444.000.000) 10/01 13:24:21 Image size of job updated: 230412
	95  -  MemoryUsage of job (MB)
	97040  -  ResidentSetSize of job (KB)
...
006 (782444.000.000) 10/01 13:29:22 Image size of job updated: 230412
	97  -  MemoryUsage of job (MB)
	98884  -  ResidentSetSize of job (KB)
...
005 (782444.000.000) 10/01 13:31:16 Job terminated.
	(1) Normal termination (return value 0)
		Usr 0 00:01:04, Sys 0 00:00:01  -  Run Remote Usage
		Usr 0 00:00:00, Sys 0 00:00:00  -  Run Local Usage
		Usr 0 00:01:04, Sys 0 00:00:01  -  Total Remote Usage
		Usr 0 00:00:00, Sys 0 00:00:00  -  Total Local Usage
	586216  -  Run Bytes Sent By Job
	62730  -  Run Bytes Received By Job
	586216  -  Total Bytes Sent By Job
	62730  -  Total Bytes Received By Job
	Partitionable Resources :    Usage  Request          
	   Cpus                 :                 1          
	   Disk (KB)            :      659      659          
	   Memory (MB)          :       97       97          
...
000 (782625.000.000) 10/01 14:31:26 Job submitted from host: <18.12.1.74:47665>
...
001 (782625.000.000) 10/01 14:33:14 Job executing on host: <18.12.9.39:40292>
...
006 (782625.000.000) 10/01 14:33:23 Image size of job updated: 145264
	29  -  MemoryUsage of job (MB)
	29312  -  ResidentSetSize of job (KB)
...
006 (782625.000.000) 10/01 14:38:23 Image size of job updated: 227504
	98  -  MemoryUsage of job (MB)
	99808  -  ResidentSetSize of job (KB)
...
005 (782625.000.000) 10/01 14:42:13 Job terminated.
	(1) Normal termination (return value 0)
		Usr 0 00:00:49, Sys 0 00:00:03  -  Run Remote Usage
		Usr 0 00:00:00, Sys 0 00:00:00  -  Run Local Usage
		Usr 0 00:00:49, Sys 0 00:00:03  -  Total Remote Usage
		Usr 0 00:00:00, Sys 0 00:00:00  -  Total Local Usage
	3718441  -  Run Bytes Sent By Job
	62736  -  Run Bytes Received By Job
	3718441  -  Total Bytes Sent By Job
	62736  -  Total Bytes Received By Job
	Partitionable Resources :    Usage  Request          
	   Cpus                 :                 1          
	   Disk (KB)            :     4736     4736          
	   Memory (MB)          :       98       98          
...
000 (788166.000.000) 10/09 09:23:40 Job submitted from host: <18.12.1.74:45913>
...
001 (788166.000.000) 10/09 09:24:10 Job executing on host: <18.12.8.207:46716>
...
006 (788166.000.000) 10/09 09:24:18 Image size of job updated: 13384
	2  -  MemoryUsage of job (MB)
	1984  -  ResidentSetSize of job (KB)
...
006 (788166.000.000) 10/09 09:26:42 Image size of job updated: 230400
	2  -  MemoryUsage of job (MB)
	1984  -  ResidentSetSize of job (KB)
...
005 (788166.000.000) 10/09 09:26:42 Job terminated.
	(1) Normal termination (return value 0)
		Usr 0 00:01:25, Sys 0 00:00:01  -  Run Remote Usage
		Usr 0 00:00:00, Sys 0 00:00:00  -  Run Local Usage
		Usr 0 00:01:25, Sys 0 00:00:01  -  Total Remote Usage
		Usr 0 00:00:00, Sys 0 00:00:00  -  Total Local Usage
	585423  -  Run Bytes Sent By Job
	62698  -  Run Bytes Received By Job
	585423  -  Total Bytes Sent By Job
	62698  -  Total Bytes Received By Job
	Partitionable Resources :    Usage  Request          
	   Cpus                 :                 1          
	   Disk (KB)            :      658      658          
	   Memory (MB)          :        2        2          
...
000 (788531.000.000) 10/12 09:48:01 Job submitted from host: <18.12.1.74:45913>
...
001 (788531.000.000) 10/12 09:54:53 Job executing on host: <18.12.8.110:42774>
...
006 (788531.000.000) 10/12 09:55:02 Image size of job updated: 230264
	95  -  MemoryUsage of job (MB)
	96668  -  ResidentSetSize of job (KB)
...
006 (788531.000.000) 10/12 09:56:46 Image size of job updated: 230400
	95  -  MemoryUsage of job (MB)
	96668  -  ResidentSetSize of job (KB)
...
005 (788531.000.000) 10/12 09:56:47 Job terminated.
	(1) Normal termination (return value 0)
		Usr 0 00:00:53, Sys 0 00:00:01  -  Run Remote Usage
		Usr 0 00:00:00, Sys 0 00:00:00  -  Run Local Usage
		Usr 0 00:00:53, Sys 0 00:00:01  -  Total Remote Usage
		Usr 0 00:00:00, Sys 0 00:00:00  -  Total Local Usage
	585140  -  Run Bytes Sent By Job
	62703  -  Run Bytes Received By Job
	585140  -  Total Bytes Sent By Job
	62703  -  Total Bytes Received By Job
	Partitionable Resources :    Usage  Request          
	   Cpus                 :                 1          
	   Disk (KB)            :      658      658          
	   Memory (MB)          :       95       95          
...
