000 (556003.000.000) 08/12 11:33:34 Job submitted from host: <18.12.1.74:48322>
...
001 (556003.000.000) 08/12 11:36:20 Job executing on host: <18.12.9.82:48979>
...
006 (556003.000.000) 08/12 11:36:28 Image size of job updated: 187644
	71  -  MemoryUsage of job (MB)
	72592  -  ResidentSetSize of job (KB)
...
006 (556003.000.000) 08/12 11:41:28 Image size of job updated: 230000
	113  -  MemoryUsage of job (MB)
	114868  -  ResidentSetSize of job (KB)
...
005 (556003.000.000) 08/12 11:41:56 Job terminated.
	(1) Normal termination (return value 0)
		Usr 0 00:00:37, Sys 0 00:00:01  -  Run Remote Usage
		Usr 0 00:00:00, Sys 0 00:00:00  -  Run Local Usage
		Usr 0 00:00:37, Sys 0 00:00:01  -  Total Remote Usage
		Usr 0 00:00:00, Sys 0 00:00:00  -  Total Local Usage
	586143  -  Run Bytes Sent By Job
	62715  -  Run Bytes Received By Job
	586143  -  Total Bytes Sent By Job
	62715  -  Total Bytes Received By Job
	Partitionable Resources :    Usage  Request          
	   Cpus                 :                 1          
	   Disk (KB)            :      659      659          
	   Memory (MB)          :      113      113          
...
000 (566372.000.000) 08/20 20:59:54 Job submitted from host: <18.12.1.74:48322>
...
007 (566372.000.000) 08/20 21:00:33 Shadow exception!
	Error from slot24@t2bat0322.cmsaf.mit.edu: Failed to transfer files
	0  -  Run Bytes Sent By Job
	0  -  Run Bytes Received By Job
...
007 (566372.000.000) 08/20 21:00:36 Shadow exception!
	Error from slot15@t2bat0001.cmsaf.mit.edu: Failed to transfer files
	0  -  Run Bytes Sent By Job
	0  -  Run Bytes Received By Job
...
007 (566372.000.000) 08/20 21:00:38 Shadow exception!
	Error from slot15@t2bat0001.cmsaf.mit.edu: Failed to transfer files
	0  -  Run Bytes Sent By Job
	0  -  Run Bytes Received By Job
...
007 (566372.000.000) 08/20 21:00:41 Shadow exception!
	Error from slot7@t2bat0197.cmsaf.mit.edu: Failed to transfer files
	0  -  Run Bytes Sent By Job
	0  -  Run Bytes Received By Job
...
001 (566372.000.000) 08/20 21:00:44 Job executing on host: <18.12.8.197:42117>
...
006 (566372.000.000) 08/20 21:00:53 Image size of job updated: 230000
	94  -  MemoryUsage of job (MB)
	95388  -  ResidentSetSize of job (KB)
...
005 (566372.000.000) 08/20 21:08:22 Job terminated.
	(1) Normal termination (return value 0)
		Usr 0 00:00:42, Sys 0 00:00:01  -  Run Remote Usage
		Usr 0 00:00:00, Sys 0 00:00:00  -  Run Local Usage
		Usr 0 00:00:42, Sys 0 00:00:01  -  Total Remote Usage
		Usr 0 00:00:00, Sys 0 00:00:00  -  Total Local Usage
	585998  -  Run Bytes Sent By Job
	62731  -  Run Bytes Received By Job
	585998  -  Total Bytes Sent By Job
	62731  -  Total Bytes Received By Job
	Partitionable Resources :    Usage  Request          
	   Cpus                 :                 1          
	   Disk (KB)            :      659      659          
	   Memory (MB)          :       94       94          
...
000 (782377.000.000) 10/01 13:04:20 Job submitted from host: <18.12.1.74:47665>
...
001 (782377.000.000) 10/01 13:07:35 Job executing on host: <18.12.9.0:45621>
...
006 (782377.000.000) 10/01 13:07:44 Image size of job updated: 31196
	3  -  MemoryUsage of job (MB)
	2808  -  ResidentSetSize of job (KB)
...
006 (782377.000.000) 10/01 13:11:46 Image size of job updated: 230004
	3  -  MemoryUsage of job (MB)
	2808  -  ResidentSetSize of job (KB)
...
005 (782377.000.000) 10/01 13:11:47 Job terminated.
	(1) Normal termination (return value 0)
		Usr 0 00:00:41, Sys 0 00:00:00  -  Run Remote Usage
		Usr 0 00:00:00, Sys 0 00:00:00  -  Run Local Usage
		Usr 0 00:00:41, Sys 0 00:00:00  -  Total Remote Usage
		Usr 0 00:00:00, Sys 0 00:00:00  -  Total Local Usage
	585998  -  Run Bytes Sent By Job
	62730  -  Run Bytes Received By Job
	585998  -  Total Bytes Sent By Job
	62730  -  Total Bytes Received By Job
	Partitionable Resources :    Usage  Request          
	   Cpus                 :                 1          
	   Disk (KB)            :      659      659          
	   Memory (MB)          :        3        3          
...
000 (782558.000.000) 10/01 14:30:11 Job submitted from host: <18.12.1.74:47665>
...
001 (782558.000.000) 10/01 14:31:35 Job executing on host: <18.12.8.225:47957>
...
006 (782558.000.000) 10/01 14:31:44 Image size of job updated: 1192
	1  -  MemoryUsage of job (MB)
	64  -  ResidentSetSize of job (KB)
...
006 (782558.000.000) 10/01 14:33:15 Image size of job updated: 227156
	1  -  MemoryUsage of job (MB)
	64  -  ResidentSetSize of job (KB)
...
005 (782558.000.000) 10/01 14:35:37 Job terminated.
	(1) Normal termination (return value 0)
		Usr 0 00:00:19, Sys 0 00:00:00  -  Run Remote Usage
		Usr 0 00:00:00, Sys 0 00:00:00  -  Run Local Usage
		Usr 0 00:00:19, Sys 0 00:00:00  -  Total Remote Usage
		Usr 0 00:00:00, Sys 0 00:00:00  -  Total Local Usage
	2292050  -  Run Bytes Sent By Job
	62736  -  Run Bytes Received By Job
	2292050  -  Total Bytes Sent By Job
	62736  -  Total Bytes Received By Job
	Partitionable Resources :    Usage  Request          
	   Cpus                 :                 1          
	   Disk (KB)            :     2325     2325          
	   Memory (MB)          :        1        1          
...
000 (788099.000.000) 10/09 09:23:33 Job submitted from host: <18.12.1.74:45913>
...
001 (788099.000.000) 10/09 09:25:44 Job executing on host: <18.12.8.204:48103>
...
006 (788099.000.000) 10/09 09:25:52 Image size of job updated: 229988
	94  -  MemoryUsage of job (MB)
	95812  -  ResidentSetSize of job (KB)
...
005 (788099.000.000) 10/09 09:26:59 Job terminated.
	(1) Normal termination (return value 0)
		Usr 0 00:00:41, Sys 0 00:00:00  -  Run Remote Usage
		Usr 0 00:00:00, Sys 0 00:00:00  -  Run Local Usage
		Usr 0 00:00:41, Sys 0 00:00:00  -  Total Remote Usage
		Usr 0 00:00:00, Sys 0 00:00:00  -  Total Local Usage
	585462  -  Run Bytes Sent By Job
	62698  -  Run Bytes Received By Job
	585462  -  Total Bytes Sent By Job
	62698  -  Total Bytes Received By Job
	Partitionable Resources :    Usage  Request          
	   Cpus                 :                 1          
	   Disk (KB)            :      658      658          
	   Memory (MB)          :       94       94          
...
000 (788464.000.000) 10/12 09:47:54 Job submitted from host: <18.12.1.74:45913>
...
001 (788464.000.000) 10/12 09:54:31 Job executing on host: <18.12.8.102:47373>
...
006 (788464.000.000) 10/12 09:54:39 Image size of job updated: 89580
	2  -  MemoryUsage of job (MB)
	1768  -  ResidentSetSize of job (KB)
...
006 (788464.000.000) 10/12 09:56:29 Image size of job updated: 230028
	2  -  MemoryUsage of job (MB)
	1768  -  ResidentSetSize of job (KB)
...
005 (788464.000.000) 10/12 09:56:29 Job terminated.
	(1) Normal termination (return value 0)
		Usr 0 00:00:34, Sys 0 00:00:00  -  Run Remote Usage
		Usr 0 00:00:00, Sys 0 00:00:00  -  Run Local Usage
		Usr 0 00:00:34, Sys 0 00:00:00  -  Total Remote Usage
		Usr 0 00:00:00, Sys 0 00:00:00  -  Total Local Usage
	585063  -  Run Bytes Sent By Job
	62703  -  Run Bytes Received By Job
	585063  -  Total Bytes Sent By Job
	62703  -  Total Bytes Received By Job
	Partitionable Resources :    Usage  Request          
	   Cpus                 :                 1          
	   Disk (KB)            :      657      657          
	   Memory (MB)          :        2        2          
...
