000 (556448.000.000) 08/12 14:10:58 Job submitted from host: <18.12.1.74:48322>
...
001 (556448.000.000) 08/12 14:46:45 Job executing on host: <18.12.6.84:45767>
...
006 (556448.000.000) 08/12 14:46:54 Image size of job updated: 227204
	93  -  MemoryUsage of job (MB)
	94604  -  ResidentSetSize of job (KB)
...
006 (556448.000.000) 08/12 14:51:55 Image size of job updated: 230392
	102  -  MemoryUsage of job (MB)
	103904  -  ResidentSetSize of job (KB)
...
005 (556448.000.000) 08/12 14:52:29 Job terminated.
	(1) Normal termination (return value 0)
		Usr 0 00:01:42, Sys 0 00:00:02  -  Run Remote Usage
		Usr 0 00:00:00, Sys 0 00:00:00  -  Run Local Usage
		Usr 0 00:01:42, Sys 0 00:00:02  -  Total Remote Usage
		Usr 0 00:00:00, Sys 0 00:00:00  -  Total Local Usage
	586089  -  Run Bytes Sent By Job
	62715  -  Run Bytes Received By Job
	586089  -  Total Bytes Sent By Job
	62715  -  Total Bytes Received By Job
	Partitionable Resources :    Usage  Request          
	   Cpus                 :                 1          
	   Disk (KB)            :      659      659          
	   Memory (MB)          :      102      102          
...
000 (557708.000.000) 08/13 11:57:33 Job submitted from host: <18.12.1.74:48322>
...
001 (557708.000.000) 08/13 12:39:54 Job executing on host: <18.12.9.41:47519>
...
006 (557708.000.000) 08/13 12:40:03 Image size of job updated: 2
	3  -  MemoryUsage of job (MB)
	2360  -  ResidentSetSize of job (KB)
...
006 (557708.000.000) 08/13 12:45:04 Image size of job updated: 230388
	107  -  MemoryUsage of job (MB)
	109428  -  ResidentSetSize of job (KB)
...
005 (557708.000.000) 08/13 12:47:01 Job terminated.
	(1) Normal termination (return value 0)
		Usr 0 00:01:27, Sys 0 00:00:02  -  Run Remote Usage
		Usr 0 00:00:00, Sys 0 00:00:00  -  Run Local Usage
		Usr 0 00:01:27, Sys 0 00:00:02  -  Total Remote Usage
		Usr 0 00:00:00, Sys 0 00:00:00  -  Total Local Usage
	586529  -  Run Bytes Sent By Job
	62715  -  Run Bytes Received By Job
	586529  -  Total Bytes Sent By Job
	62715  -  Total Bytes Received By Job
	Partitionable Resources :    Usage  Request          
	   Cpus                 :                 1          
	   Disk (KB)            :      659      659          
	   Memory (MB)          :      107      107          
...
000 (558224.000.000) 08/13 14:31:16 Job submitted from host: <18.12.1.74:48322>
...
001 (558224.000.000) 08/13 15:07:19 Job executing on host: <18.12.9.47:41168>
...
006 (558224.000.000) 08/13 15:07:28 Image size of job updated: 2
	3  -  MemoryUsage of job (MB)
	2356  -  ResidentSetSize of job (KB)
...
006 (558224.000.000) 08/13 15:09:34 Image size of job updated: 230388
	3  -  MemoryUsage of job (MB)
	2356  -  ResidentSetSize of job (KB)
...
005 (558224.000.000) 08/13 15:09:34 Job terminated.
	(1) Normal termination (return value 0)
		Usr 0 00:01:17, Sys 0 00:00:02  -  Run Remote Usage
		Usr 0 00:00:00, Sys 0 00:00:00  -  Run Local Usage
		Usr 0 00:01:17, Sys 0 00:00:02  -  Total Remote Usage
		Usr 0 00:00:00, Sys 0 00:00:00  -  Total Local Usage
	586032  -  Run Bytes Sent By Job
	62714  -  Run Bytes Received By Job
	586032  -  Total Bytes Sent By Job
	62714  -  Total Bytes Received By Job
	Partitionable Resources :    Usage  Request          
	   Cpus                 :                 1          
	   Disk (KB)            :      659      659          
	   Memory (MB)          :        3        3          
...
000 (565561.000.000) 08/20 12:57:39 Job submitted from host: <18.12.1.74:48322>
...
001 (565561.000.000) 08/20 12:58:18 Job executing on host: <18.12.9.76:41314>
...
006 (565561.000.000) 08/20 12:58:27 Image size of job updated: 2
	3  -  MemoryUsage of job (MB)
	2348  -  ResidentSetSize of job (KB)
...
006 (565561.000.000) 08/20 13:03:28 Image size of job updated: 230388
	97  -  MemoryUsage of job (MB)
	98600  -  ResidentSetSize of job (KB)
...
005 (565561.000.000) 08/20 13:13:05 Job terminated.
	(1) Normal termination (return value 0)
		Usr 0 00:01:17, Sys 0 00:00:01  -  Run Remote Usage
		Usr 0 00:00:00, Sys 0 00:00:00  -  Run Local Usage
		Usr 0 00:01:17, Sys 0 00:00:01  -  Total Remote Usage
		Usr 0 00:00:00, Sys 0 00:00:00  -  Total Local Usage
	586160  -  Run Bytes Sent By Job
	62731  -  Run Bytes Received By Job
	586160  -  Total Bytes Sent By Job
	62731  -  Total Bytes Received By Job
	Partitionable Resources :    Usage  Request          
	   Cpus                 :                 1          
	   Disk (KB)            :      659      659          
	   Memory (MB)          :       97       97          
...
