000 (556367.000.000) 08/12 14:10:50 Job submitted from host: <18.12.1.74:48322>
...
001 (556367.000.000) 08/12 14:28:21 Job executing on host: <18.12.9.80:43650>
...
006 (556367.000.000) 08/12 14:28:29 Image size of job updated: 224344
	90  -  MemoryUsage of job (MB)
	91684  -  ResidentSetSize of job (KB)
...
006 (556367.000.000) 08/12 14:33:29 Image size of job updated: 230504
	97  -  MemoryUsage of job (MB)
	99160  -  ResidentSetSize of job (KB)
...
005 (556367.000.000) 08/12 14:34:44 Job terminated.
	(1) Normal termination (return value 0)
		Usr 0 00:01:06, Sys 0 00:00:02  -  Run Remote Usage
		Usr 0 00:00:00, Sys 0 00:00:00  -  Run Local Usage
		Usr 0 00:01:06, Sys 0 00:00:02  -  Total Remote Usage
		Usr 0 00:00:00, Sys 0 00:00:00  -  Total Local Usage
	586248  -  Run Bytes Sent By Job
	62715  -  Run Bytes Received By Job
	586248  -  Total Bytes Sent By Job
	62715  -  Total Bytes Received By Job
	Partitionable Resources :    Usage  Request          
	   Cpus                 :                 1          
	   Disk (KB)            :      659      659          
	   Memory (MB)          :       97       97          
...
000 (557627.000.000) 08/13 11:57:25 Job submitted from host: <18.12.1.74:48322>
...
001 (557627.000.000) 08/13 12:20:29 Job executing on host: <18.12.9.39:46205>
...
006 (557627.000.000) 08/13 12:20:38 Image size of job updated: 230244
	95  -  MemoryUsage of job (MB)
	97048  -  ResidentSetSize of job (KB)
...
006 (557627.000.000) 08/13 12:25:39 Image size of job updated: 230508
	110  -  MemoryUsage of job (MB)
	111776  -  ResidentSetSize of job (KB)
...
005 (557627.000.000) 08/13 12:27:17 Job terminated.
	(1) Normal termination (return value 0)
		Usr 0 00:01:22, Sys 0 00:00:03  -  Run Remote Usage
		Usr 0 00:00:00, Sys 0 00:00:00  -  Run Local Usage
		Usr 0 00:01:22, Sys 0 00:00:03  -  Total Remote Usage
		Usr 0 00:00:00, Sys 0 00:00:00  -  Total Local Usage
	586527  -  Run Bytes Sent By Job
	62715  -  Run Bytes Received By Job
	586527  -  Total Bytes Sent By Job
	62715  -  Total Bytes Received By Job
	Partitionable Resources :    Usage  Request          
	   Cpus                 :                 1          
	   Disk (KB)            :      659      659          
	   Memory (MB)          :      110      110          
...
000 (558143.000.000) 08/13 14:31:08 Job submitted from host: <18.12.1.74:48322>
...
001 (558143.000.000) 08/13 14:54:45 Job executing on host: <18.12.9.63:42190>
...
006 (558143.000.000) 08/13 14:54:54 Image size of job updated: 13384
	2  -  MemoryUsage of job (MB)
	1980  -  ResidentSetSize of job (KB)
...
006 (558143.000.000) 08/13 14:56:58 Image size of job updated: 230508
	2  -  MemoryUsage of job (MB)
	1980  -  ResidentSetSize of job (KB)
...
005 (558143.000.000) 08/13 14:56:58 Job terminated.
	(1) Normal termination (return value 0)
		Usr 0 00:01:11, Sys 0 00:00:01  -  Run Remote Usage
		Usr 0 00:00:00, Sys 0 00:00:00  -  Run Local Usage
		Usr 0 00:01:11, Sys 0 00:00:01  -  Total Remote Usage
		Usr 0 00:00:00, Sys 0 00:00:00  -  Total Local Usage
	586032  -  Run Bytes Sent By Job
	62714  -  Run Bytes Received By Job
	586032  -  Total Bytes Sent By Job
	62714  -  Total Bytes Received By Job
	Partitionable Resources :    Usage  Request          
	   Cpus                 :                 1          
	   Disk (KB)            :      659      659          
	   Memory (MB)          :        2        2          
...
000 (565480.000.000) 08/20 12:45:20 Job submitted from host: <18.12.1.74:48322>
...
001 (565480.000.000) 08/20 12:46:40 Job executing on host: <18.12.9.44:45183>
...
006 (565480.000.000) 08/20 12:46:49 Image size of job updated: 2
	3  -  MemoryUsage of job (MB)
	2348  -  ResidentSetSize of job (KB)
...
006 (565480.000.000) 08/20 12:51:23 Image size of job updated: 230504
	3  -  MemoryUsage of job (MB)
	2348  -  ResidentSetSize of job (KB)
...
005 (565480.000.000) 08/20 13:00:06 Job terminated.
	(1) Normal termination (return value 0)
		Usr 0 00:01:21, Sys 0 00:00:03  -  Run Remote Usage
		Usr 0 00:00:00, Sys 0 00:00:00  -  Run Local Usage
		Usr 0 00:01:21, Sys 0 00:00:03  -  Total Remote Usage
		Usr 0 00:00:00, Sys 0 00:00:00  -  Total Local Usage
	586440  -  Run Bytes Sent By Job
	62731  -  Run Bytes Received By Job
	586440  -  Total Bytes Sent By Job
	62731  -  Total Bytes Received By Job
	Partitionable Resources :    Usage  Request          
	   Cpus                 :                 1          
	   Disk (KB)            :      659      659          
	   Memory (MB)          :        3        3          
...
000 (782973.000.000) 10/02 11:05:06 Job submitted from host: <18.12.1.74:41314>
...
001 (782973.000.000) 10/02 11:08:51 Job executing on host: <18.12.9.64:42336>
...
006 (782973.000.000) 10/02 11:08:54 Image size of job updated: 2
	0  -  MemoryUsage of job (MB)
	0  -  ResidentSetSize of job (KB)
...
005 (782973.000.000) 10/02 11:13:59 Job terminated.
	(1) Normal termination (return value 0)
		Usr 0 00:00:00, Sys 0 00:00:00  -  Run Remote Usage
		Usr 0 00:00:00, Sys 0 00:00:00  -  Run Local Usage
		Usr 0 00:00:00, Sys 0 00:00:00  -  Total Remote Usage
		Usr 0 00:00:00, Sys 0 00:00:00  -  Total Local Usage
	585762  -  Run Bytes Sent By Job
	62733  -  Run Bytes Received By Job
	585762  -  Total Bytes Sent By Job
	62733  -  Total Bytes Received By Job
	Partitionable Resources :    Usage  Request          
	   Cpus                 :                 1          
	   Disk (KB)            :      658      658          
	   Memory (MB)          :        0        0          
...
000 (783154.000.000) 10/02 16:13:21 Job submitted from host: <18.12.1.74:45913>
...
001 (783154.000.000) 10/02 16:14:11 Job executing on host: <18.12.8.178:45110>
...
006 (783154.000.000) 10/02 16:14:15 Image size of job updated: 2
	0  -  MemoryUsage of job (MB)
	0  -  ResidentSetSize of job (KB)
...
005 (783154.000.000) 10/02 16:14:15 Job terminated.
	(1) Normal termination (return value 0)
		Usr 0 00:00:00, Sys 0 00:00:00  -  Run Remote Usage
		Usr 0 00:00:00, Sys 0 00:00:00  -  Run Local Usage
		Usr 0 00:00:00, Sys 0 00:00:00  -  Total Remote Usage
		Usr 0 00:00:00, Sys 0 00:00:00  -  Total Local Usage
	585554  -  Run Bytes Sent By Job
	62733  -  Run Bytes Received By Job
	585554  -  Total Bytes Sent By Job
	62733  -  Total Bytes Received By Job
	Partitionable Resources :    Usage  Request          
	   Cpus                 :                 1          
	   Disk (KB)            :      658      658          
	   Memory (MB)          :        0        0          
...
000 (783335.000.000) 10/02 16:48:34 Job submitted from host: <18.12.1.74:45913>
...
001 (783335.000.000) 10/02 16:48:45 Job executing on host: <18.12.9.62:46132>
...
006 (783335.000.000) 10/02 16:48:45 Image size of job updated: 2
	0  -  MemoryUsage of job (MB)
	0  -  ResidentSetSize of job (KB)
...
005 (783335.000.000) 10/02 16:48:46 Job terminated.
	(1) Normal termination (return value 0)
		Usr 0 00:00:00, Sys 0 00:00:00  -  Run Remote Usage
		Usr 0 00:00:00, Sys 0 00:00:00  -  Run Local Usage
		Usr 0 00:00:00, Sys 0 00:00:00  -  Total Remote Usage
		Usr 0 00:00:00, Sys 0 00:00:00  -  Total Local Usage
	585974  -  Run Bytes Sent By Job
	62733  -  Run Bytes Received By Job
	585974  -  Total Bytes Sent By Job
	62733  -  Total Bytes Received By Job
	Partitionable Resources :    Usage  Request          
	   Cpus                 :                 1          
	   Disk (KB)            :      659      659          
	   Memory (MB)          :        0        0          
...
000 (783518.000.000) 10/05 09:25:34 Job submitted from host: <18.12.1.74:45913>
...
001 (783518.000.000) 10/05 09:25:52 Job executing on host: <18.12.6.87:41898>
...
006 (783518.000.000) 10/05 09:26:00 Image size of job updated: 2
	3  -  MemoryUsage of job (MB)
	2340  -  ResidentSetSize of job (KB)
...
006 (783518.000.000) 10/05 09:26:04 Image size of job updated: 86708
	3  -  MemoryUsage of job (MB)
	2340  -  ResidentSetSize of job (KB)
...
005 (783518.000.000) 10/05 09:26:08 Job terminated.
	(1) Normal termination (return value 0)
		Usr 0 00:00:00, Sys 0 00:00:00  -  Run Remote Usage
		Usr 0 00:00:00, Sys 0 00:00:00  -  Run Local Usage
		Usr 0 00:00:00, Sys 0 00:00:00  -  Total Remote Usage
		Usr 0 00:00:00, Sys 0 00:00:00  -  Total Local Usage
	585650  -  Run Bytes Sent By Job
	62732  -  Run Bytes Received By Job
	585650  -  Total Bytes Sent By Job
	62732  -  Total Bytes Received By Job
	Partitionable Resources :    Usage  Request          
	   Cpus                 :                 1          
	   Disk (KB)            :      658      658          
	   Memory (MB)          :        3        3          
...
000 (783699.000.000) 10/05 10:00:20 Job submitted from host: <18.12.1.74:45913>
...
001 (783699.000.000) 10/05 10:00:56 Job executing on host: <18.12.12.14:46132>
...
006 (783699.000.000) 10/05 10:01:00 Image size of job updated: 145720
	0  -  MemoryUsage of job (MB)
	0  -  ResidentSetSize of job (KB)
...
005 (783699.000.000) 10/05 10:01:00 Job terminated.
	(1) Normal termination (return value 0)
		Usr 0 00:00:00, Sys 0 00:00:00  -  Run Remote Usage
		Usr 0 00:00:00, Sys 0 00:00:00  -  Run Local Usage
		Usr 0 00:00:00, Sys 0 00:00:00  -  Total Remote Usage
		Usr 0 00:00:00, Sys 0 00:00:00  -  Total Local Usage
	585465  -  Run Bytes Sent By Job
	62731  -  Run Bytes Received By Job
	585465  -  Total Bytes Sent By Job
	62731  -  Total Bytes Received By Job
	Partitionable Resources :    Usage  Request          
	   Cpus                 :                 1          
	   Disk (KB)            :      658      658          
	   Memory (MB)          :        0        0          
...
000 (783881.000.000) 10/05 12:25:05 Job submitted from host: <18.12.1.74:45913>
...
001 (783881.000.000) 10/05 12:25:25 Job executing on host: <18.12.9.60:42847>
...
006 (783881.000.000) 10/05 12:25:27 Image size of job updated: 2
	0  -  MemoryUsage of job (MB)
	0  -  ResidentSetSize of job (KB)
...
005 (783881.000.000) 10/05 12:25:30 Job terminated.
	(1) Normal termination (return value 0)
		Usr 0 00:00:00, Sys 0 00:00:00  -  Run Remote Usage
		Usr 0 00:00:00, Sys 0 00:00:00  -  Run Local Usage
		Usr 0 00:00:00, Sys 0 00:00:00  -  Total Remote Usage
		Usr 0 00:00:00, Sys 0 00:00:00  -  Total Local Usage
	585808  -  Run Bytes Sent By Job
	62732  -  Run Bytes Received By Job
	585808  -  Total Bytes Sent By Job
	62732  -  Total Bytes Received By Job
	Partitionable Resources :    Usage  Request          
	   Cpus                 :                 1          
	   Disk (KB)            :      658      658          
	   Memory (MB)          :        0        0          
...
000 (784062.000.000) 10/05 12:28:40 Job submitted from host: <18.12.1.74:45913>
...
001 (784062.000.000) 10/05 12:28:53 Job executing on host: <18.12.9.36:44380>
...
006 (784062.000.000) 10/05 12:29:03 Image size of job updated: 230380
	96  -  MemoryUsage of job (MB)
	97352  -  ResidentSetSize of job (KB)
...
005 (784062.000.000) 10/05 12:32:10 Job terminated.
	(1) Normal termination (return value 0)
		Usr 0 00:01:12, Sys 0 00:00:01  -  Run Remote Usage
		Usr 0 00:00:00, Sys 0 00:00:00  -  Run Local Usage
		Usr 0 00:01:12, Sys 0 00:00:01  -  Total Remote Usage
		Usr 0 00:00:00, Sys 0 00:00:00  -  Total Local Usage
	587175  -  Run Bytes Sent By Job
	62733  -  Run Bytes Received By Job
	587175  -  Total Bytes Sent By Job
	62733  -  Total Bytes Received By Job
	Partitionable Resources :    Usage  Request          
	   Cpus                 :                 1          
	   Disk (KB)            :      660      660          
	   Memory (MB)          :       96       96          
...
000 (786131.000.000) 10/05 14:34:40 Job submitted from host: <18.12.1.74:45913>
...
001 (786131.000.000) 10/05 14:35:33 Job executing on host: <18.12.8.46:44088>
...
006 (786131.000.000) 10/05 14:35:42 Image size of job updated: 230372
	96  -  MemoryUsage of job (MB)
	97420  -  ResidentSetSize of job (KB)
...
006 (786131.000.000) 10/05 14:37:48 Image size of job updated: 230504
	96  -  MemoryUsage of job (MB)
	97420  -  ResidentSetSize of job (KB)
...
005 (786131.000.000) 10/05 14:37:48 Job terminated.
	(1) Normal termination (return value 0)
		Usr 0 00:01:43, Sys 0 00:00:03  -  Run Remote Usage
		Usr 0 00:00:00, Sys 0 00:00:00  -  Run Local Usage
		Usr 0 00:01:43, Sys 0 00:00:03  -  Total Remote Usage
		Usr 0 00:00:00, Sys 0 00:00:00  -  Total Local Usage
	586231  -  Run Bytes Sent By Job
	62729  -  Run Bytes Received By Job
	586231  -  Total Bytes Sent By Job
	62729  -  Total Bytes Received By Job
	Partitionable Resources :    Usage  Request          
	   Cpus                 :                 1          
	   Disk (KB)            :      659      659          
	   Memory (MB)          :       96       96          
...
000 (787970.000.000) 10/08 16:09:47 Job submitted from host: <18.12.1.74:45913>
...
001 (787970.000.000) 10/08 16:25:39 Job executing on host: <18.12.9.17:47811>
...
006 (787970.000.000) 10/08 16:25:47 Image size of job updated: 187628
	72  -  MemoryUsage of job (MB)
	73224  -  ResidentSetSize of job (KB)
...
006 (787970.000.000) 10/08 16:27:54 Image size of job updated: 230488
	72  -  MemoryUsage of job (MB)
	73224  -  ResidentSetSize of job (KB)
...
005 (787970.000.000) 10/08 16:27:54 Job terminated.
	(1) Normal termination (return value 0)
		Usr 0 00:01:17, Sys 0 00:00:01  -  Run Remote Usage
		Usr 0 00:00:00, Sys 0 00:00:00  -  Run Local Usage
		Usr 0 00:01:17, Sys 0 00:00:01  -  Total Remote Usage
		Usr 0 00:00:00, Sys 0 00:00:00  -  Total Local Usage
	585348  -  Run Bytes Sent By Job
	62697  -  Run Bytes Received By Job
	585348  -  Total Bytes Sent By Job
	62697  -  Total Bytes Received By Job
	Partitionable Resources :    Usage  Request          
	   Cpus                 :                 1          
	   Disk (KB)            :      658      658          
	   Memory (MB)          :       72       72          
...
000 (788333.000.000) 10/09 10:00:29 Job submitted from host: <18.12.1.74:45913>
...
001 (788333.000.000) 10/09 10:09:06 Job executing on host: <18.12.6.23:46716>
...
006 (788333.000.000) 10/09 10:09:15 Image size of job updated: 2
	3  -  MemoryUsage of job (MB)
	2340  -  ResidentSetSize of job (KB)
...
006 (788333.000.000) 10/09 10:11:21 Image size of job updated: 230484
	3  -  MemoryUsage of job (MB)
	2340  -  ResidentSetSize of job (KB)
...
005 (788333.000.000) 10/09 10:11:21 Job terminated.
	(1) Normal termination (return value 0)
		Usr 0 00:01:25, Sys 0 00:00:01  -  Run Remote Usage
		Usr 0 00:00:00, Sys 0 00:00:00  -  Run Local Usage
		Usr 0 00:01:25, Sys 0 00:00:01  -  Total Remote Usage
		Usr 0 00:00:00, Sys 0 00:00:00  -  Total Local Usage
	585202  -  Run Bytes Sent By Job
	62694  -  Run Bytes Received By Job
	585202  -  Total Bytes Sent By Job
	62694  -  Total Bytes Received By Job
	Partitionable Resources :    Usage  Request          
	   Cpus                 :                 1          
	   Disk (KB)            :      658      658          
	   Memory (MB)          :        3        3          
...
000 (788880.000.000) 10/12 11:22:08 Job submitted from host: <18.12.1.74:45913>
...
001 (788880.000.000) 10/12 11:28:48 Job executing on host: <18.12.6.61:47227>
...
006 (788880.000.000) 10/12 11:28:57 Image size of job updated: 230356
	98  -  MemoryUsage of job (MB)
	99752  -  ResidentSetSize of job (KB)
...
006 (788880.000.000) 10/12 11:30:51 Image size of job updated: 230488
	98  -  MemoryUsage of job (MB)
	99752  -  ResidentSetSize of job (KB)
...
005 (788880.000.000) 10/12 11:30:51 Job terminated.
	(1) Normal termination (return value 0)
		Usr 0 00:01:30, Sys 0 00:00:01  -  Run Remote Usage
		Usr 0 00:00:00, Sys 0 00:00:00  -  Run Local Usage
		Usr 0 00:01:30, Sys 0 00:00:01  -  Total Remote Usage
		Usr 0 00:00:00, Sys 0 00:00:00  -  Total Local Usage
	585485  -  Run Bytes Sent By Job
	62702  -  Run Bytes Received By Job
	585485  -  Total Bytes Sent By Job
	62702  -  Total Bytes Received By Job
	Partitionable Resources :    Usage  Request          
	   Cpus                 :                 1          
	   Disk (KB)            :      658      658          
	   Memory (MB)          :       98       98          
...
