000 (556120.000.000) 08/12 11:33:46 Job submitted from host: <18.12.1.74:48322>
...
001 (556120.000.000) 08/12 12:00:20 Job executing on host: <18.12.9.80:43650>
...
006 (556120.000.000) 08/12 12:00:29 Image size of job updated: 228968
	93  -  MemoryUsage of job (MB)
	95044  -  ResidentSetSize of job (KB)
...
006 (556120.000.000) 08/12 12:05:30 Image size of job updated: 230476
	101  -  MemoryUsage of job (MB)
	102404  -  ResidentSetSize of job (KB)
...
005 (556120.000.000) 08/12 12:05:50 Job terminated.
	(1) Normal termination (return value 0)
		Usr 0 00:01:01, Sys 0 00:00:02  -  Run Remote Usage
		Usr 0 00:00:00, Sys 0 00:00:00  -  Run Local Usage
		Usr 0 00:01:01, Sys 0 00:00:02  -  Total Remote Usage
		Usr 0 00:00:00, Sys 0 00:00:00  -  Total Local Usage
	586219  -  Run Bytes Sent By Job
	62715  -  Run Bytes Received By Job
	586219  -  Total Bytes Sent By Job
	62715  -  Total Bytes Received By Job
	Partitionable Resources :    Usage  Request          
	   Cpus                 :                 1          
	   Disk (KB)            :      659      659          
	   Memory (MB)          :      101      101          
...
000 (566489.000.000) 08/20 21:07:29 Job submitted from host: <18.12.1.74:48322>
...
001 (566489.000.000) 08/20 21:08:07 Job executing on host: <18.12.8.211:48833>
...
006 (566489.000.000) 08/20 21:08:16 Image size of job updated: 230040
	95  -  MemoryUsage of job (MB)
	96492  -  ResidentSetSize of job (KB)
...
006 (566489.000.000) 08/20 21:09:58 Image size of job updated: 238500
	95  -  MemoryUsage of job (MB)
	96492  -  ResidentSetSize of job (KB)
...
005 (566489.000.000) 08/20 21:16:24 Job terminated.
	(1) Normal termination (return value 0)
		Usr 0 00:01:12, Sys 0 00:00:00  -  Run Remote Usage
		Usr 0 00:00:00, Sys 0 00:00:00  -  Run Local Usage
		Usr 0 00:01:12, Sys 0 00:00:00  -  Total Remote Usage
		Usr 0 00:00:00, Sys 0 00:00:00  -  Total Local Usage
	586219  -  Run Bytes Sent By Job
	62731  -  Run Bytes Received By Job
	586219  -  Total Bytes Sent By Job
	62731  -  Total Bytes Received By Job
	Partitionable Resources :    Usage  Request          
	   Cpus                 :                 1          
	   Disk (KB)            :      659      659          
	   Memory (MB)          :       95       95          
...
