000 (556360.000.000) 08/12 14:10:49 Job submitted from host: <18.12.1.74:48322>
...
001 (556360.000.000) 08/12 14:27:24 Job executing on host: <18.12.9.37:49636>
...
006 (556360.000.000) 08/12 14:27:33 Image size of job updated: 193760
	78  -  MemoryUsage of job (MB)
	79568  -  ResidentSetSize of job (KB)
...
006 (556360.000.000) 08/12 14:32:34 Image size of job updated: 230040
	107  -  MemoryUsage of job (MB)
	108612  -  ResidentSetSize of job (KB)
...
005 (556360.000.000) 08/12 14:37:24 Job terminated.
	(1) Normal termination (return value 0)
		Usr 0 00:00:42, Sys 0 00:00:02  -  Run Remote Usage
		Usr 0 00:00:00, Sys 0 00:00:00  -  Run Local Usage
		Usr 0 00:00:42, Sys 0 00:00:02  -  Total Remote Usage
		Usr 0 00:00:00, Sys 0 00:00:00  -  Total Local Usage
	586408  -  Run Bytes Sent By Job
	62715  -  Run Bytes Received By Job
	586408  -  Total Bytes Sent By Job
	62715  -  Total Bytes Received By Job
	Partitionable Resources :    Usage  Request          
	   Cpus                 :                 1          
	   Disk (KB)            :      659      659          
	   Memory (MB)          :      107      107          
...
000 (557620.000.000) 08/13 11:57:24 Job submitted from host: <18.12.1.74:48322>
...
001 (557620.000.000) 08/13 12:19:47 Job executing on host: <18.12.9.47:41168>
...
006 (557620.000.000) 08/13 12:19:56 Image size of job updated: 224860
	88  -  MemoryUsage of job (MB)
	89924  -  ResidentSetSize of job (KB)
...
006 (557620.000.000) 08/13 12:22:37 Image size of job updated: 230036
	88  -  MemoryUsage of job (MB)
	89924  -  ResidentSetSize of job (KB)
...
005 (557620.000.000) 08/13 12:22:37 Job terminated.
	(1) Normal termination (return value 0)
		Usr 0 00:00:31, Sys 0 00:00:00  -  Run Remote Usage
		Usr 0 00:00:00, Sys 0 00:00:00  -  Run Local Usage
		Usr 0 00:00:31, Sys 0 00:00:00  -  Total Remote Usage
		Usr 0 00:00:00, Sys 0 00:00:00  -  Total Local Usage
	586132  -  Run Bytes Sent By Job
	62715  -  Run Bytes Received By Job
	586132  -  Total Bytes Sent By Job
	62715  -  Total Bytes Received By Job
	Partitionable Resources :    Usage  Request          
	   Cpus                 :                 1          
	   Disk (KB)            :      659      659          
	   Memory (MB)          :       88       88          
...
000 (558136.000.000) 08/13 14:31:07 Job submitted from host: <18.12.1.74:48322>
...
001 (558136.000.000) 08/13 14:53:35 Job executing on host: <18.12.9.56:42482>
...
006 (558136.000.000) 08/13 14:53:44 Image size of job updated: 2
	3  -  MemoryUsage of job (MB)
	2352  -  ResidentSetSize of job (KB)
...
006 (558136.000.000) 08/13 14:55:41 Image size of job updated: 230036
	3  -  MemoryUsage of job (MB)
	2352  -  ResidentSetSize of job (KB)
...
005 (558136.000.000) 08/13 14:55:41 Job terminated.
	(1) Normal termination (return value 0)
		Usr 0 00:00:39, Sys 0 00:00:00  -  Run Remote Usage
		Usr 0 00:00:00, Sys 0 00:00:00  -  Run Local Usage
		Usr 0 00:00:39, Sys 0 00:00:00  -  Total Remote Usage
		Usr 0 00:00:00, Sys 0 00:00:00  -  Total Local Usage
	585917  -  Run Bytes Sent By Job
	62714  -  Run Bytes Received By Job
	585917  -  Total Bytes Sent By Job
	62714  -  Total Bytes Received By Job
	Partitionable Resources :    Usage  Request          
	   Cpus                 :                 1          
	   Disk (KB)            :      659      659          
	   Memory (MB)          :        3        3          
...
000 (565473.000.000) 08/20 12:43:37 Job submitted from host: <18.12.1.74:48322>
...
001 (565473.000.000) 08/20 12:46:23 Job executing on host: <18.12.9.27:43942>
...
006 (565473.000.000) 08/20 12:46:34 Image size of job updated: 81596
	22  -  MemoryUsage of job (MB)
	21640  -  ResidentSetSize of job (KB)
...
006 (565473.000.000) 08/20 12:48:37 Image size of job updated: 230044
	22  -  MemoryUsage of job (MB)
	21640  -  ResidentSetSize of job (KB)
...
005 (565473.000.000) 08/20 12:56:40 Job terminated.
	(1) Normal termination (return value 0)
		Usr 0 00:00:37, Sys 0 00:00:01  -  Run Remote Usage
		Usr 0 00:00:00, Sys 0 00:00:00  -  Run Local Usage
		Usr 0 00:00:37, Sys 0 00:00:01  -  Total Remote Usage
		Usr 0 00:00:00, Sys 0 00:00:00  -  Total Local Usage
	586250  -  Run Bytes Sent By Job
	62731  -  Run Bytes Received By Job
	586250  -  Total Bytes Sent By Job
	62731  -  Total Bytes Received By Job
	Partitionable Resources :    Usage  Request          
	   Cpus                 :                 1          
	   Disk (KB)            :      659      659          
	   Memory (MB)          :       22       22          
...
