000 (556311.000.000) 08/12 14:10:44 Job submitted from host: <18.12.1.74:48322>
...
001 (556311.000.000) 08/12 14:12:24 Job executing on host: <18.12.9.69:48760>
...
006 (556311.000.000) 08/12 14:12:33 Image size of job updated: 225936
	91  -  MemoryUsage of job (MB)
	92420  -  ResidentSetSize of job (KB)
...
006 (556311.000.000) 08/12 14:17:34 Image size of job updated: 230136
	112  -  MemoryUsage of job (MB)
	113928  -  ResidentSetSize of job (KB)
...
005 (556311.000.000) 08/12 14:19:34 Job terminated.
	(1) Normal termination (return value 0)
		Usr 0 00:00:51, Sys 0 00:00:02  -  Run Remote Usage
		Usr 0 00:00:00, Sys 0 00:00:00  -  Run Local Usage
		Usr 0 00:00:51, Sys 0 00:00:02  -  Total Remote Usage
		Usr 0 00:00:00, Sys 0 00:00:00  -  Total Local Usage
	585964  -  Run Bytes Sent By Job
	62715  -  Run Bytes Received By Job
	585964  -  Total Bytes Sent By Job
	62715  -  Total Bytes Received By Job
	Partitionable Resources :    Usage  Request          
	   Cpus                 :                 1          
	   Disk (KB)            :      659      659          
	   Memory (MB)          :      112      112          
...
000 (557571.000.000) 08/13 11:57:19 Job submitted from host: <18.12.1.74:48322>
...
001 (557571.000.000) 08/13 12:01:30 Job executing on host: <18.12.6.31:42701>
...
006 (557571.000.000) 08/13 12:01:38 Image size of job updated: 2
	3  -  MemoryUsage of job (MB)
	2352  -  ResidentSetSize of job (KB)
...
006 (557571.000.000) 08/13 12:06:38 Image size of job updated: 230140
	115  -  MemoryUsage of job (MB)
	117688  -  ResidentSetSize of job (KB)
...
005 (557571.000.000) 08/13 12:06:58 Job terminated.
	(1) Normal termination (return value 0)
		Usr 0 00:00:53, Sys 0 00:00:00  -  Run Remote Usage
		Usr 0 00:00:00, Sys 0 00:00:00  -  Run Local Usage
		Usr 0 00:00:53, Sys 0 00:00:00  -  Total Remote Usage
		Usr 0 00:00:00, Sys 0 00:00:00  -  Total Local Usage
	585905  -  Run Bytes Sent By Job
	62715  -  Run Bytes Received By Job
	585905  -  Total Bytes Sent By Job
	62715  -  Total Bytes Received By Job
	Partitionable Resources :    Usage  Request          
	   Cpus                 :                 1          
	   Disk (KB)            :      659      659          
	   Memory (MB)          :      115      115          
...
000 (558087.000.000) 08/13 14:31:03 Job submitted from host: <18.12.1.74:48322>
...
001 (558087.000.000) 08/13 14:35:22 Job executing on host: <18.12.9.37:49636>
...
006 (558087.000.000) 08/13 14:35:31 Image size of job updated: 144336
	27  -  MemoryUsage of job (MB)
	27376  -  ResidentSetSize of job (KB)
...
006 (558087.000.000) 08/13 14:40:32 Image size of job updated: 230136
	95  -  MemoryUsage of job (MB)
	96404  -  ResidentSetSize of job (KB)
...
006 (558087.000.000) 08/13 14:45:32 Image size of job updated: 230136
	112  -  MemoryUsage of job (MB)
	113884  -  ResidentSetSize of job (KB)
...
005 (558087.000.000) 08/13 14:45:44 Job terminated.
	(1) Normal termination (return value 0)
		Usr 0 00:00:55, Sys 0 00:00:02  -  Run Remote Usage
		Usr 0 00:00:00, Sys 0 00:00:00  -  Run Local Usage
		Usr 0 00:00:55, Sys 0 00:00:02  -  Total Remote Usage
		Usr 0 00:00:00, Sys 0 00:00:00  -  Total Local Usage
	586456  -  Run Bytes Sent By Job
	62714  -  Run Bytes Received By Job
	586456  -  Total Bytes Sent By Job
	62714  -  Total Bytes Received By Job
	Partitionable Resources :    Usage  Request          
	   Cpus                 :                 1          
	   Disk (KB)            :      659      659          
	   Memory (MB)          :      112      112          
...
000 (565424.000.000) 08/20 12:34:09 Job submitted from host: <18.12.1.74:48322>
...
001 (565424.000.000) 08/20 12:37:35 Job executing on host: <18.12.9.81:48760>
...
006 (565424.000.000) 08/20 12:37:44 Image size of job updated: 230008
	94  -  MemoryUsage of job (MB)
	96100  -  ResidentSetSize of job (KB)
...
006 (565424.000.000) 08/20 12:38:56 Image size of job updated: 230140
	94  -  MemoryUsage of job (MB)
	96100  -  ResidentSetSize of job (KB)
...
022 (565424.000.000) 08/20 12:39:01 Job disconnected, attempting to reconnect
    Socket between submit and execute hosts closed unexpectedly
    Trying to reconnect to slot28@t2bat0337.cmsaf.mit.edu <18.12.9.81:48760>
...
023 (565424.000.000) 08/20 12:39:01 Job reconnected to slot28@t2bat0337.cmsaf.mit.edu
    startd address: <18.12.9.81:48760>
    starter address: <18.12.9.81:48395>
...
022 (565424.000.000) 08/20 12:39:17 Job disconnected, attempting to reconnect
    Socket between submit and execute hosts closed unexpectedly
    Trying to reconnect to slot28@t2bat0337.cmsaf.mit.edu <18.12.9.81:48760>
...
023 (565424.000.000) 08/20 12:39:17 Job reconnected to slot28@t2bat0337.cmsaf.mit.edu
    startd address: <18.12.9.81:48760>
    starter address: <18.12.9.81:48395>
...
005 (565424.000.000) 08/20 12:47:41 Job terminated.
	(1) Normal termination (return value 0)
		Usr 0 00:00:44, Sys 0 00:00:00  -  Run Remote Usage
		Usr 0 00:00:00, Sys 0 00:00:00  -  Run Local Usage
		Usr 0 00:00:44, Sys 0 00:00:00  -  Total Remote Usage
		Usr 0 00:00:00, Sys 0 00:00:00  -  Total Local Usage
	586233  -  Run Bytes Sent By Job
	62731  -  Run Bytes Received By Job
	586233  -  Total Bytes Sent By Job
	62731  -  Total Bytes Received By Job
	Partitionable Resources :    Usage  Request          
	   Cpus                 :                 1          
	   Disk (KB)            :      659      659          
	   Memory (MB)          :       94       94          
...
000 (782917.000.000) 10/02 11:02:18 Job submitted from host: <18.12.1.74:41314>
...
001 (782917.000.000) 10/02 11:08:23 Job executing on host: <18.12.9.80:45183>
...
006 (782917.000.000) 10/02 11:08:32 Image size of job updated: 93600
	3  -  MemoryUsage of job (MB)
	2424  -  ResidentSetSize of job (KB)
...
005 (782917.000.000) 10/02 11:13:46 Job terminated.
	(1) Normal termination (return value 0)
		Usr 0 00:00:00, Sys 0 00:00:00  -  Run Remote Usage
		Usr 0 00:00:00, Sys 0 00:00:00  -  Run Local Usage
		Usr 0 00:00:00, Sys 0 00:00:00  -  Total Remote Usage
		Usr 0 00:00:00, Sys 0 00:00:00  -  Total Local Usage
	585463  -  Run Bytes Sent By Job
	62733  -  Run Bytes Received By Job
	585463  -  Total Bytes Sent By Job
	62733  -  Total Bytes Received By Job
	Partitionable Resources :    Usage  Request          
	   Cpus                 :                 1          
	   Disk (KB)            :      658      658          
	   Memory (MB)          :        3        3          
...
000 (783098.000.000) 10/02 16:13:15 Job submitted from host: <18.12.1.74:45913>
...
001 (783098.000.000) 10/02 16:13:53 Job executing on host: <18.12.9.67:41533>
...
006 (783098.000.000) 10/02 16:13:54 Image size of job updated: 74568
	0  -  MemoryUsage of job (MB)
	0  -  ResidentSetSize of job (KB)
...
005 (783098.000.000) 10/02 16:13:55 Job terminated.
	(1) Normal termination (return value 0)
		Usr 0 00:00:00, Sys 0 00:00:00  -  Run Remote Usage
		Usr 0 00:00:00, Sys 0 00:00:00  -  Run Local Usage
		Usr 0 00:00:00, Sys 0 00:00:00  -  Total Remote Usage
		Usr 0 00:00:00, Sys 0 00:00:00  -  Total Local Usage
	585469  -  Run Bytes Sent By Job
	62733  -  Run Bytes Received By Job
	585469  -  Total Bytes Sent By Job
	62733  -  Total Bytes Received By Job
	Partitionable Resources :    Usage  Request          
	   Cpus                 :                 1          
	   Disk (KB)            :      658      658          
	   Memory (MB)          :        0        0          
...
000 (783279.000.000) 10/02 16:48:29 Job submitted from host: <18.12.1.74:45913>
...
001 (783279.000.000) 10/02 16:48:43 Job executing on host: <18.12.9.75:43504>
...
006 (783279.000.000) 10/02 16:48:47 Image size of job updated: 66156
	0  -  MemoryUsage of job (MB)
	0  -  ResidentSetSize of job (KB)
...
005 (783279.000.000) 10/02 16:48:47 Job terminated.
	(1) Normal termination (return value 0)
		Usr 0 00:00:00, Sys 0 00:00:00  -  Run Remote Usage
		Usr 0 00:00:00, Sys 0 00:00:00  -  Run Local Usage
		Usr 0 00:00:00, Sys 0 00:00:00  -  Total Remote Usage
		Usr 0 00:00:00, Sys 0 00:00:00  -  Total Local Usage
	585889  -  Run Bytes Sent By Job
	62733  -  Run Bytes Received By Job
	585889  -  Total Bytes Sent By Job
	62733  -  Total Bytes Received By Job
	Partitionable Resources :    Usage  Request          
	   Cpus                 :                 1          
	   Disk (KB)            :      658      658          
	   Memory (MB)          :        0        0          
...
000 (783462.000.000) 10/05 09:25:28 Job submitted from host: <18.12.1.74:45913>
...
001 (783462.000.000) 10/05 09:25:44 Job executing on host: <18.12.9.15:49198>
...
006 (783462.000.000) 10/05 09:25:52 Image size of job updated: 93584
	3  -  MemoryUsage of job (MB)
	2420  -  ResidentSetSize of job (KB)
...
005 (783462.000.000) 10/05 09:26:01 Job terminated.
	(1) Normal termination (return value 0)
		Usr 0 00:00:00, Sys 0 00:00:00  -  Run Remote Usage
		Usr 0 00:00:00, Sys 0 00:00:00  -  Run Local Usage
		Usr 0 00:00:00, Sys 0 00:00:00  -  Total Remote Usage
		Usr 0 00:00:00, Sys 0 00:00:00  -  Total Local Usage
	585627  -  Run Bytes Sent By Job
	62732  -  Run Bytes Received By Job
	585627  -  Total Bytes Sent By Job
	62732  -  Total Bytes Received By Job
	Partitionable Resources :    Usage  Request          
	   Cpus                 :                 1          
	   Disk (KB)            :      658      658          
	   Memory (MB)          :        3        3          
...
000 (783643.000.000) 10/05 10:00:15 Job submitted from host: <18.12.1.74:45913>
...
001 (783643.000.000) 10/05 10:00:46 Job executing on host: <18.12.9.36:44380>
...
006 (783643.000.000) 10/05 10:00:55 Image size of job updated: 9248
	2  -  MemoryUsage of job (MB)
	1272  -  ResidentSetSize of job (KB)
...
005 (783643.000.000) 10/05 10:00:56 Job terminated.
	(1) Normal termination (return value 0)
		Usr 0 00:00:00, Sys 0 00:00:00  -  Run Remote Usage
		Usr 0 00:00:00, Sys 0 00:00:00  -  Run Local Usage
		Usr 0 00:00:00, Sys 0 00:00:00  -  Total Remote Usage
		Usr 0 00:00:00, Sys 0 00:00:00  -  Total Local Usage
	585822  -  Run Bytes Sent By Job
	62731  -  Run Bytes Received By Job
	585822  -  Total Bytes Sent By Job
	62731  -  Total Bytes Received By Job
	Partitionable Resources :    Usage  Request          
	   Cpus                 :                 1          
	   Disk (KB)            :      658      658          
	   Memory (MB)          :        2        2          
...
000 (783825.000.000) 10/05 12:25:00 Job submitted from host: <18.12.1.74:45913>
...
001 (783825.000.000) 10/05 12:25:19 Job executing on host: <18.12.9.39:40292>
...
006 (783825.000.000) 10/05 12:25:28 Image size of job updated: 67212
	15  -  MemoryUsage of job (MB)
	14344  -  ResidentSetSize of job (KB)
...
005 (783825.000.000) 10/05 12:25:32 Job terminated.
	(1) Normal termination (return value 0)
		Usr 0 00:00:00, Sys 0 00:00:00  -  Run Remote Usage
		Usr 0 00:00:00, Sys 0 00:00:00  -  Run Local Usage
		Usr 0 00:00:00, Sys 0 00:00:00  -  Total Remote Usage
		Usr 0 00:00:00, Sys 0 00:00:00  -  Total Local Usage
	586030  -  Run Bytes Sent By Job
	62732  -  Run Bytes Received By Job
	586030  -  Total Bytes Sent By Job
	62732  -  Total Bytes Received By Job
	Partitionable Resources :    Usage  Request          
	   Cpus                 :                 1          
	   Disk (KB)            :      659      659          
	   Memory (MB)          :       15       15          
...
000 (784006.000.000) 10/05 12:28:34 Job submitted from host: <18.12.1.74:45913>
...
001 (784006.000.000) 10/05 12:28:45 Job executing on host: <18.12.9.67:41533>
...
006 (784006.000.000) 10/05 12:28:53 Image size of job updated: 187668
	59  -  MemoryUsage of job (MB)
	60284  -  ResidentSetSize of job (KB)
...
006 (784006.000.000) 10/05 12:29:57 Image size of job updated: 230144
	59  -  MemoryUsage of job (MB)
	60284  -  ResidentSetSize of job (KB)
...
005 (784006.000.000) 10/05 12:29:58 Job terminated.
	(1) Normal termination (return value 0)
		Usr 0 00:00:37, Sys 0 00:00:01  -  Run Remote Usage
		Usr 0 00:00:00, Sys 0 00:00:00  -  Run Local Usage
		Usr 0 00:00:37, Sys 0 00:00:01  -  Total Remote Usage
		Usr 0 00:00:00, Sys 0 00:00:00  -  Total Local Usage
	586824  -  Run Bytes Sent By Job
	62733  -  Run Bytes Received By Job
	586824  -  Total Bytes Sent By Job
	62733  -  Total Bytes Received By Job
	Partitionable Resources :    Usage  Request          
	   Cpus                 :                 1          
	   Disk (KB)            :      659      659          
	   Memory (MB)          :       59       59          
...
000 (786075.000.000) 10/05 14:34:35 Job submitted from host: <18.12.1.74:45913>
...
001 (786075.000.000) 10/05 14:35:42 Job executing on host: <18.12.8.41:48906>
...
006 (786075.000.000) 10/05 14:35:51 Image size of job updated: 230012
	98  -  MemoryUsage of job (MB)
	99892  -  ResidentSetSize of job (KB)
...
006 (786075.000.000) 10/05 14:37:21 Image size of job updated: 230276
	98  -  MemoryUsage of job (MB)
	99892  -  ResidentSetSize of job (KB)
...
005 (786075.000.000) 10/05 14:37:21 Job terminated.
	(1) Normal termination (return value 0)
		Usr 0 00:01:11, Sys 0 00:00:02  -  Run Remote Usage
		Usr 0 00:00:00, Sys 0 00:00:00  -  Run Local Usage
		Usr 0 00:01:11, Sys 0 00:00:02  -  Total Remote Usage
		Usr 0 00:00:00, Sys 0 00:00:00  -  Total Local Usage
	586159  -  Run Bytes Sent By Job
	62729  -  Run Bytes Received By Job
	586159  -  Total Bytes Sent By Job
	62729  -  Total Bytes Received By Job
	Partitionable Resources :    Usage  Request          
	   Cpus                 :                 1          
	   Disk (KB)            :      659      659          
	   Memory (MB)          :       98       98          
...
000 (787914.000.000) 10/08 16:09:22 Job submitted from host: <18.12.1.74:45913>
...
001 (787914.000.000) 10/08 16:12:44 Job executing on host: <18.12.9.65:49271>
...
006 (787914.000.000) 10/08 16:12:53 Image size of job updated: 230132
	95  -  MemoryUsage of job (MB)
	96384  -  ResidentSetSize of job (KB)
...
005 (787914.000.000) 10/08 16:14:09 Job terminated.
	(1) Normal termination (return value 0)
		Usr 0 00:00:42, Sys 0 00:00:01  -  Run Remote Usage
		Usr 0 00:00:00, Sys 0 00:00:00  -  Run Local Usage
		Usr 0 00:00:42, Sys 0 00:00:01  -  Total Remote Usage
		Usr 0 00:00:00, Sys 0 00:00:00  -  Total Local Usage
	585188  -  Run Bytes Sent By Job
	62697  -  Run Bytes Received By Job
	585188  -  Total Bytes Sent By Job
	62697  -  Total Bytes Received By Job
	Partitionable Resources :    Usage  Request          
	   Cpus                 :                 1          
	   Disk (KB)            :      658      658          
	   Memory (MB)          :       95       95          
...
000 (788277.000.000) 10/09 10:00:23 Job submitted from host: <18.12.1.74:45913>
...
001 (788277.000.000) 10/09 10:05:04 Job executing on host: <18.12.9.55:45694>
...
006 (788277.000.000) 10/09 10:05:13 Image size of job updated: 230032
	94  -  MemoryUsage of job (MB)
	96116  -  ResidentSetSize of job (KB)
...
006 (788277.000.000) 10/09 10:06:30 Image size of job updated: 230296
	94  -  MemoryUsage of job (MB)
	96116  -  ResidentSetSize of job (KB)
...
005 (788277.000.000) 10/09 10:06:31 Job terminated.
	(1) Normal termination (return value 0)
		Usr 0 00:00:52, Sys 0 00:00:02  -  Run Remote Usage
		Usr 0 00:00:00, Sys 0 00:00:00  -  Run Local Usage
		Usr 0 00:00:52, Sys 0 00:00:02  -  Total Remote Usage
		Usr 0 00:00:00, Sys 0 00:00:00  -  Total Local Usage
	585331  -  Run Bytes Sent By Job
	62694  -  Run Bytes Received By Job
	585331  -  Total Bytes Sent By Job
	62694  -  Total Bytes Received By Job
	Partitionable Resources :    Usage  Request          
	   Cpus                 :                 1          
	   Disk (KB)            :      658      658          
	   Memory (MB)          :       94       94          
...
000 (788824.000.000) 10/12 11:22:02 Job submitted from host: <18.12.1.74:45913>
...
001 (788824.000.000) 10/12 11:27:31 Job executing on host: <18.12.8.176:40511>
...
006 (788824.000.000) 10/12 11:27:40 Image size of job updated: 2
	3  -  MemoryUsage of job (MB)
	2348  -  ResidentSetSize of job (KB)
...
006 (788824.000.000) 10/12 11:29:39 Image size of job updated: 230124
	3  -  MemoryUsage of job (MB)
	2348  -  ResidentSetSize of job (KB)
...
005 (788824.000.000) 10/12 11:29:40 Job terminated.
	(1) Normal termination (return value 0)
		Usr 0 00:00:44, Sys 0 00:00:00  -  Run Remote Usage
		Usr 0 00:00:00, Sys 0 00:00:00  -  Run Local Usage
		Usr 0 00:00:44, Sys 0 00:00:00  -  Total Remote Usage
		Usr 0 00:00:00, Sys 0 00:00:00  -  Total Local Usage
	585284  -  Run Bytes Sent By Job
	62702  -  Run Bytes Received By Job
	585284  -  Total Bytes Sent By Job
	62702  -  Total Bytes Received By Job
	Partitionable Resources :    Usage  Request          
	   Cpus                 :                 1          
	   Disk (KB)            :      658      658          
	   Memory (MB)          :        3        3          
...
