000 (556064.000.000) 08/12 11:33:40 Job submitted from host: <18.12.1.74:48322>
...
001 (556064.000.000) 08/12 11:51:20 Job executing on host: <18.12.8.155:42555>
...
006 (556064.000.000) 08/12 11:51:28 Image size of job updated: 2
	3  -  MemoryUsage of job (MB)
	2340  -  ResidentSetSize of job (KB)
...
006 (556064.000.000) 08/12 11:56:28 Image size of job updated: 230392
	91  -  MemoryUsage of job (MB)
	92524  -  ResidentSetSize of job (KB)
...
005 (556064.000.000) 08/12 12:00:06 Job terminated.
	(1) Normal termination (return value 0)
		Usr 0 00:01:36, Sys 0 00:00:02  -  Run Remote Usage
		Usr 0 00:00:00, Sys 0 00:00:00  -  Run Local Usage
		Usr 0 00:01:36, Sys 0 00:00:02  -  Total Remote Usage
		Usr 0 00:00:00, Sys 0 00:00:00  -  Total Local Usage
	586177  -  Run Bytes Sent By Job
	62715  -  Run Bytes Received By Job
	586177  -  Total Bytes Sent By Job
	62715  -  Total Bytes Received By Job
	Partitionable Resources :    Usage  Request          
	   Cpus                 :                 1          
	   Disk (KB)            :      659      659          
	   Memory (MB)          :       91       91          
...
000 (566433.000.000) 08/20 21:03:02 Job submitted from host: <18.12.1.74:48322>
...
007 (566433.000.000) 08/20 21:04:04 Shadow exception!
	Error from slot25@t2bat0291.cmsaf.mit.edu: Failed to transfer files
	0  -  Run Bytes Sent By Job
	0  -  Run Bytes Received By Job
...
001 (566433.000.000) 08/20 21:04:14 Job executing on host: <18.12.9.35:44891>
...
006 (566433.000.000) 08/20 21:04:23 Image size of job updated: 230252
	96  -  MemoryUsage of job (MB)
	97460  -  ResidentSetSize of job (KB)
...
006 (566433.000.000) 08/20 21:09:24 Image size of job updated: 230384
	96  -  MemoryUsage of job (MB)
	97460  -  ResidentSetSize of job (KB)
...
005 (566433.000.000) 08/20 21:16:25 Job terminated.
	(1) Normal termination (return value 0)
		Usr 0 00:01:22, Sys 0 00:00:02  -  Run Remote Usage
		Usr 0 00:00:00, Sys 0 00:00:00  -  Run Local Usage
		Usr 0 00:01:22, Sys 0 00:00:02  -  Total Remote Usage
		Usr 0 00:00:00, Sys 0 00:00:00  -  Total Local Usage
	586426  -  Run Bytes Sent By Job
	62731  -  Run Bytes Received By Job
	586426  -  Total Bytes Sent By Job
	62731  -  Total Bytes Received By Job
	Partitionable Resources :    Usage  Request          
	   Cpus                 :                 1          
	   Disk (KB)            :      659      659          
	   Memory (MB)          :       96       96          
...
000 (782438.000.000) 10/01 13:04:26 Job submitted from host: <18.12.1.74:47665>
...
001 (782438.000.000) 10/01 13:14:05 Job executing on host: <18.12.9.0:45621>
...
006 (782438.000.000) 10/01 13:14:14 Image size of job updated: 193800
	78  -  MemoryUsage of job (MB)
	79572  -  ResidentSetSize of job (KB)
...
006 (782438.000.000) 10/01 13:19:15 Image size of job updated: 230388
	97  -  MemoryUsage of job (MB)
	99328  -  ResidentSetSize of job (KB)
...
006 (782438.000.000) 10/01 13:23:10 Image size of job updated: 238376
	97  -  MemoryUsage of job (MB)
	99328  -  ResidentSetSize of job (KB)
...
005 (782438.000.000) 10/01 13:23:26 Job terminated.
	(1) Normal termination (return value 0)
		Usr 0 00:01:18, Sys 0 00:00:01  -  Run Remote Usage
		Usr 0 00:00:00, Sys 0 00:00:00  -  Run Local Usage
		Usr 0 00:01:18, Sys 0 00:00:01  -  Total Remote Usage
		Usr 0 00:00:00, Sys 0 00:00:00  -  Total Local Usage
	586090  -  Run Bytes Sent By Job
	62730  -  Run Bytes Received By Job
	586090  -  Total Bytes Sent By Job
	62730  -  Total Bytes Received By Job
	Partitionable Resources :    Usage  Request          
	   Cpus                 :                 1          
	   Disk (KB)            :      659      659          
	   Memory (MB)          :       97       97          
...
000 (782619.000.000) 10/01 14:31:18 Job submitted from host: <18.12.1.74:47665>
...
001 (782619.000.000) 10/01 14:33:14 Job executing on host: <18.12.8.216:44380>
...
006 (782619.000.000) 10/01 14:33:32 Image size of job updated: 69308
	14  -  MemoryUsage of job (MB)
	13436  -  ResidentSetSize of job (KB)
...
006 (782619.000.000) 10/01 14:38:23 Image size of job updated: 227436
	97  -  MemoryUsage of job (MB)
	98828  -  ResidentSetSize of job (KB)
...
006 (782619.000.000) 10/01 14:45:45 Image size of job updated: 235528
	97  -  MemoryUsage of job (MB)
	98828  -  ResidentSetSize of job (KB)
...
005 (782619.000.000) 10/01 14:49:55 Job terminated.
	(1) Normal termination (return value 0)
		Usr 0 00:00:38, Sys 0 00:00:01  -  Run Remote Usage
		Usr 0 00:00:00, Sys 0 00:00:00  -  Run Local Usage
		Usr 0 00:00:38, Sys 0 00:00:01  -  Total Remote Usage
		Usr 0 00:00:00, Sys 0 00:00:00  -  Total Local Usage
	3606967  -  Run Bytes Sent By Job
	62736  -  Run Bytes Received By Job
	3606967  -  Total Bytes Sent By Job
	62736  -  Total Bytes Received By Job
	Partitionable Resources :    Usage  Request          
	   Cpus                 :                 1          
	   Disk (KB)            :     3609     3609          
	   Memory (MB)          :       97       97          
...
000 (788160.000.000) 10/09 09:23:40 Job submitted from host: <18.12.1.74:45913>
...
001 (788160.000.000) 10/09 09:24:11 Job executing on host: <18.12.8.242:46205>
...
006 (788160.000.000) 10/09 09:24:19 Image size of job updated: 93584
	3  -  MemoryUsage of job (MB)
	2420  -  ResidentSetSize of job (KB)
...
006 (788160.000.000) 10/09 09:26:14 Image size of job updated: 230372
	3  -  MemoryUsage of job (MB)
	2420  -  ResidentSetSize of job (KB)
...
005 (788160.000.000) 10/09 09:26:14 Job terminated.
	(1) Normal termination (return value 0)
		Usr 0 00:01:17, Sys 0 00:00:01  -  Run Remote Usage
		Usr 0 00:00:00, Sys 0 00:00:00  -  Run Local Usage
		Usr 0 00:01:17, Sys 0 00:00:01  -  Total Remote Usage
		Usr 0 00:00:00, Sys 0 00:00:00  -  Total Local Usage
	585409  -  Run Bytes Sent By Job
	62698  -  Run Bytes Received By Job
	585409  -  Total Bytes Sent By Job
	62698  -  Total Bytes Received By Job
	Partitionable Resources :    Usage  Request          
	   Cpus                 :                 1          
	   Disk (KB)            :      658      658          
	   Memory (MB)          :        3        3          
...
000 (788525.000.000) 10/12 09:48:01 Job submitted from host: <18.12.1.74:45913>
...
001 (788525.000.000) 10/12 09:54:41 Job executing on host: <18.12.8.45:48249>
...
006 (788525.000.000) 10/12 09:54:50 Image size of job updated: 69176
	13  -  MemoryUsage of job (MB)
	13280  -  ResidentSetSize of job (KB)
...
006 (788525.000.000) 10/12 09:57:20 Image size of job updated: 230380
	13  -  MemoryUsage of job (MB)
	13280  -  ResidentSetSize of job (KB)
...
005 (788525.000.000) 10/12 09:57:20 Job terminated.
	(1) Normal termination (return value 0)
		Usr 0 00:01:42, Sys 0 00:00:02  -  Run Remote Usage
		Usr 0 00:00:00, Sys 0 00:00:00  -  Run Local Usage
		Usr 0 00:01:42, Sys 0 00:00:02  -  Total Remote Usage
		Usr 0 00:00:00, Sys 0 00:00:00  -  Total Local Usage
	585359  -  Run Bytes Sent By Job
	62703  -  Run Bytes Received By Job
	585359  -  Total Bytes Sent By Job
	62703  -  Total Bytes Received By Job
	Partitionable Resources :    Usage  Request          
	   Cpus                 :                 1          
	   Disk (KB)            :      658      658          
	   Memory (MB)          :       13       13          
...
