000 (556106.000.000) 08/12 11:33:45 Job submitted from host: <18.12.1.74:48322>
...
001 (556106.000.000) 08/12 11:58:23 Job executing on host: <18.12.6.85:41241>
...
006 (556106.000.000) 08/12 11:58:32 Image size of job updated: 2
	3  -  MemoryUsage of job (MB)
	2348  -  ResidentSetSize of job (KB)
...
006 (556106.000.000) 08/12 12:00:53 Image size of job updated: 230000
	3  -  MemoryUsage of job (MB)
	2348  -  ResidentSetSize of job (KB)
...
005 (556106.000.000) 08/12 12:00:53 Job terminated.
	(1) Normal termination (return value 0)
		Usr 0 00:00:45, Sys 0 00:00:01  -  Run Remote Usage
		Usr 0 00:00:00, Sys 0 00:00:00  -  Run Local Usage
		Usr 0 00:00:45, Sys 0 00:00:01  -  Total Remote Usage
		Usr 0 00:00:00, Sys 0 00:00:00  -  Total Local Usage
	585973  -  Run Bytes Sent By Job
	62715  -  Run Bytes Received By Job
	585973  -  Total Bytes Sent By Job
	62715  -  Total Bytes Received By Job
	Partitionable Resources :    Usage  Request          
	   Cpus                 :                 1          
	   Disk (KB)            :      659      659          
	   Memory (MB)          :        3        3          
...
000 (566475.000.000) 08/20 21:06:37 Job submitted from host: <18.12.1.74:48322>
...
001 (566475.000.000) 08/20 21:07:03 Job executing on host: <18.12.6.20:48468>
...
006 (566475.000.000) 08/20 21:07:12 Image size of job updated: 230032
	93  -  MemoryUsage of job (MB)
	95220  -  ResidentSetSize of job (KB)
...
005 (566475.000.000) 08/20 21:14:41 Job terminated.
	(1) Normal termination (return value 0)
		Usr 0 00:00:43, Sys 0 00:00:01  -  Run Remote Usage
		Usr 0 00:00:00, Sys 0 00:00:00  -  Run Local Usage
		Usr 0 00:00:43, Sys 0 00:00:01  -  Total Remote Usage
		Usr 0 00:00:00, Sys 0 00:00:00  -  Total Local Usage
	586096  -  Run Bytes Sent By Job
	62731  -  Run Bytes Received By Job
	586096  -  Total Bytes Sent By Job
	62731  -  Total Bytes Received By Job
	Partitionable Resources :    Usage  Request          
	   Cpus                 :                 1          
	   Disk (KB)            :      658      658          
	   Memory (MB)          :       93       93          
...
000 (782480.000.000) 10/01 13:04:32 Job submitted from host: <18.12.1.74:47665>
...
001 (782480.000.000) 10/01 13:15:15 Job executing on host: <18.12.8.242:46205>
...
006 (782480.000.000) 10/01 13:15:25 Image size of job updated: 9244
	2  -  MemoryUsage of job (MB)
	1244  -  ResidentSetSize of job (KB)
...
006 (782480.000.000) 10/01 13:18:34 Image size of job updated: 238164
	2  -  MemoryUsage of job (MB)
	1244  -  ResidentSetSize of job (KB)
...
005 (782480.000.000) 10/01 13:18:41 Job terminated.
	(1) Normal termination (return value 0)
		Usr 0 00:00:36, Sys 0 00:00:00  -  Run Remote Usage
		Usr 0 00:00:00, Sys 0 00:00:00  -  Run Local Usage
		Usr 0 00:00:36, Sys 0 00:00:00  -  Total Remote Usage
		Usr 0 00:00:00, Sys 0 00:00:00  -  Total Local Usage
	585987  -  Run Bytes Sent By Job
	62730  -  Run Bytes Received By Job
	585987  -  Total Bytes Sent By Job
	62730  -  Total Bytes Received By Job
	Partitionable Resources :    Usage  Request          
	   Cpus                 :                 1          
	   Disk (KB)            :      659      659          
	   Memory (MB)          :        2        2          
...
000 (782661.000.000) 10/01 14:31:45 Job submitted from host: <18.12.1.74:47665>
...
001 (782661.000.000) 10/01 14:33:26 Job executing on host: <18.12.8.154:45110>
...
006 (782661.000.000) 10/01 14:33:36 Image size of job updated: 75604
	17  -  MemoryUsage of job (MB)
	17172  -  ResidentSetSize of job (KB)
...
006 (782661.000.000) 10/01 14:38:37 Image size of job updated: 224292
	88  -  MemoryUsage of job (MB)
	90108  -  ResidentSetSize of job (KB)
...
006 (782661.000.000) 10/01 14:43:38 Image size of job updated: 224708
	88  -  MemoryUsage of job (MB)
	90108  -  ResidentSetSize of job (KB)
...
006 (782661.000.000) 10/01 14:45:12 Image size of job updated: 227148
	88  -  MemoryUsage of job (MB)
	90108  -  ResidentSetSize of job (KB)
...
005 (782661.000.000) 10/01 14:49:03 Job terminated.
	(1) Normal termination (return value 0)
		Usr 0 00:00:17, Sys 0 00:00:00  -  Run Remote Usage
		Usr 0 00:00:00, Sys 0 00:00:00  -  Run Local Usage
		Usr 0 00:00:17, Sys 0 00:00:00  -  Total Remote Usage
		Usr 0 00:00:00, Sys 0 00:00:00  -  Total Local Usage
	2110610  -  Run Bytes Sent By Job
	62736  -  Run Bytes Received By Job
	2110610  -  Total Bytes Sent By Job
	62736  -  Total Bytes Received By Job
	Partitionable Resources :    Usage  Request          
	   Cpus                 :                 1          
	   Disk (KB)            :     2147     2147          
	   Memory (MB)          :       88       88          
...
000 (788202.000.000) 10/09 09:23:44 Job submitted from host: <18.12.1.74:45913>
...
001 (788202.000.000) 10/09 09:24:14 Job executing on host: <18.12.8.182:41679>
...
006 (788202.000.000) 10/09 09:24:22 Image size of job updated: 2
	3  -  MemoryUsage of job (MB)
	2340  -  ResidentSetSize of job (KB)
...
006 (788202.000.000) 10/09 09:25:53 Image size of job updated: 229984
	3  -  MemoryUsage of job (MB)
	2340  -  ResidentSetSize of job (KB)
...
005 (788202.000.000) 10/09 09:25:53 Job terminated.
	(1) Normal termination (return value 0)
		Usr 0 00:00:28, Sys 0 00:00:00  -  Run Remote Usage
		Usr 0 00:00:00, Sys 0 00:00:00  -  Run Local Usage
		Usr 0 00:00:28, Sys 0 00:00:00  -  Total Remote Usage
		Usr 0 00:00:00, Sys 0 00:00:00  -  Total Local Usage
	585307  -  Run Bytes Sent By Job
	62698  -  Run Bytes Received By Job
	585307  -  Total Bytes Sent By Job
	62698  -  Total Bytes Received By Job
	Partitionable Resources :    Usage  Request          
	   Cpus                 :                 1          
	   Disk (KB)            :      658      658          
	   Memory (MB)          :        3        3          
...
000 (788567.000.000) 10/12 09:48:05 Job submitted from host: <18.12.1.74:45913>
...
001 (788567.000.000) 10/12 09:57:51 Job executing on host: <18.12.12.68:42555>
...
006 (788567.000.000) 10/12 09:57:59 Image size of job updated: 93584
	3  -  MemoryUsage of job (MB)
	2428  -  ResidentSetSize of job (KB)
...
006 (788567.000.000) 10/12 09:59:03 Image size of job updated: 229980
	3  -  MemoryUsage of job (MB)
	2428  -  ResidentSetSize of job (KB)
...
005 (788567.000.000) 10/12 09:59:03 Job terminated.
	(1) Normal termination (return value 0)
		Usr 0 00:00:45, Sys 0 00:00:00  -  Run Remote Usage
		Usr 0 00:00:00, Sys 0 00:00:00  -  Run Local Usage
		Usr 0 00:00:45, Sys 0 00:00:00  -  Total Remote Usage
		Usr 0 00:00:00, Sys 0 00:00:00  -  Total Local Usage
	585023  -  Run Bytes Sent By Job
	62703  -  Run Bytes Received By Job
	585023  -  Total Bytes Sent By Job
	62703  -  Total Bytes Received By Job
	Partitionable Resources :    Usage  Request          
	   Cpus                 :                 1          
	   Disk (KB)            :      658      658          
	   Memory (MB)          :        3        3          
...
