000 (554249.000.000) 08/11 09:09:07 Job submitted from host: <18.12.1.74:48322>
...
001 (554249.000.000) 08/11 09:09:20 Job executing on host: <18.12.6.39:42410>
...
006 (554249.000.000) 08/11 09:09:28 Image size of job updated: 2
	3  -  MemoryUsage of job (MB)
	2344  -  ResidentSetSize of job (KB)
...
006 (554249.000.000) 08/11 09:11:43 Image size of job updated: 230572
	3  -  MemoryUsage of job (MB)
	2344  -  ResidentSetSize of job (KB)
...
005 (554249.000.000) 08/11 09:11:43 Job terminated.
	(1) Normal termination (return value 0)
		Usr 0 00:01:25, Sys 0 00:00:00  -  Run Remote Usage
		Usr 0 00:00:00, Sys 0 00:00:00  -  Run Local Usage
		Usr 0 00:01:25, Sys 0 00:00:00  -  Total Remote Usage
		Usr 0 00:00:00, Sys 0 00:00:00  -  Total Local Usage
	586080  -  Run Bytes Sent By Job
	62717  -  Run Bytes Received By Job
	586080  -  Total Bytes Sent By Job
	62717  -  Total Bytes Received By Job
	Partitionable Resources :    Usage  Request          
	   Cpus                 :                 1          
	   Disk (KB)            :      659      659          
	   Memory (MB)          :        3        3          
...
000 (557964.000.000) 08/13 13:34:19 Job submitted from host: <18.12.1.74:48322>
...
001 (557964.000.000) 08/13 13:50:59 Job executing on host: <18.12.9.80:43650>
...
006 (557964.000.000) 08/13 13:51:08 Image size of job updated: 192448
	77  -  MemoryUsage of job (MB)
	78240  -  ResidentSetSize of job (KB)
...
006 (557964.000.000) 08/13 13:53:56 Image size of job updated: 230700
	77  -  MemoryUsage of job (MB)
	78240  -  ResidentSetSize of job (KB)
...
005 (557964.000.000) 08/13 13:53:56 Job terminated.
	(1) Normal termination (return value 0)
		Usr 0 00:01:33, Sys 0 00:00:01  -  Run Remote Usage
		Usr 0 00:00:00, Sys 0 00:00:00  -  Run Local Usage
		Usr 0 00:01:33, Sys 0 00:00:01  -  Total Remote Usage
		Usr 0 00:00:00, Sys 0 00:00:00  -  Total Local Usage
	586291  -  Run Bytes Sent By Job
	62720  -  Run Bytes Received By Job
	586291  -  Total Bytes Sent By Job
	62720  -  Total Bytes Received By Job
	Partitionable Resources :    Usage  Request          
	   Cpus                 :                 1          
	   Disk (KB)            :      659      659          
	   Memory (MB)          :       77       77          
...
000 (566255.000.000) 08/20 20:23:26 Job submitted from host: <18.12.1.74:48322>
...
001 (566255.000.000) 08/20 20:24:28 Job executing on host: <18.12.9.46:48906>
...
006 (566255.000.000) 08/20 20:24:37 Image size of job updated: 230128
	95  -  MemoryUsage of job (MB)
	96304  -  ResidentSetSize of job (KB)
...
006 (566255.000.000) 08/20 20:27:02 Image size of job updated: 230704
	95  -  MemoryUsage of job (MB)
	96304  -  ResidentSetSize of job (KB)
...
022 (566255.000.000) 08/20 20:27:03 Job disconnected, attempting to reconnect
    Socket between submit and execute hosts closed unexpectedly
    Trying to reconnect to slot31@t2bat0302.cmsaf.mit.edu <18.12.9.46:48906>
...
023 (566255.000.000) 08/20 20:27:03 Job reconnected to slot31@t2bat0302.cmsaf.mit.edu
    startd address: <18.12.9.46:48906>
    starter address: <18.12.9.46:40000>
...
005 (566255.000.000) 08/20 20:33:50 Job terminated.
	(1) Normal termination (return value 0)
		Usr 0 00:01:31, Sys 0 00:00:01  -  Run Remote Usage
		Usr 0 00:00:00, Sys 0 00:00:00  -  Run Local Usage
		Usr 0 00:01:31, Sys 0 00:00:01  -  Total Remote Usage
		Usr 0 00:00:00, Sys 0 00:00:00  -  Total Local Usage
	586626  -  Run Bytes Sent By Job
	62732  -  Run Bytes Received By Job
	586626  -  Total Bytes Sent By Job
	62732  -  Total Bytes Received By Job
	Partitionable Resources :    Usage  Request          
	   Cpus                 :                 1          
	   Disk (KB)            :      659      659          
	   Memory (MB)          :       95       95          
...
