000 (554181.000.000) 08/11 09:09:00 Job submitted from host: <18.12.1.74:48322>
...
001 (554181.000.000) 08/11 09:09:17 Job executing on host: <18.12.9.43:40073>
...
006 (554181.000.000) 08/11 09:09:25 Image size of job updated: 2
	3  -  MemoryUsage of job (MB)
	2344  -  ResidentSetSize of job (KB)
...
006 (554181.000.000) 08/11 09:14:12 Image size of job updated: 230768
	3  -  MemoryUsage of job (MB)
	2344  -  ResidentSetSize of job (KB)
...
005 (554181.000.000) 08/11 09:14:13 Job terminated.
	(1) Normal termination (return value 0)
		Usr 0 00:01:08, Sys 0 00:00:01  -  Run Remote Usage
		Usr 0 00:00:00, Sys 0 00:00:00  -  Run Local Usage
		Usr 0 00:01:08, Sys 0 00:00:01  -  Total Remote Usage
		Usr 0 00:00:00, Sys 0 00:00:00  -  Total Local Usage
	586332  -  Run Bytes Sent By Job
	62717  -  Run Bytes Received By Job
	586332  -  Total Bytes Sent By Job
	62717  -  Total Bytes Received By Job
	Partitionable Resources :    Usage  Request          
	   Cpus                 :                 1          
	   Disk (KB)            :      659      659          
	   Memory (MB)          :        3        3          
...
000 (557896.000.000) 08/13 13:34:13 Job submitted from host: <18.12.1.74:48322>
...
001 (557896.000.000) 08/13 13:35:32 Job executing on host: <18.12.9.80:43650>
...
006 (557896.000.000) 08/13 13:35:41 Image size of job updated: 2
	3  -  MemoryUsage of job (MB)
	2348  -  ResidentSetSize of job (KB)
...
006 (557896.000.000) 08/13 13:37:42 Image size of job updated: 230292
	3  -  MemoryUsage of job (MB)
	2348  -  ResidentSetSize of job (KB)
...
005 (557896.000.000) 08/13 13:37:42 Job terminated.
	(1) Normal termination (return value 0)
		Usr 0 00:00:56, Sys 0 00:00:01  -  Run Remote Usage
		Usr 0 00:00:00, Sys 0 00:00:00  -  Run Local Usage
		Usr 0 00:00:56, Sys 0 00:00:01  -  Total Remote Usage
		Usr 0 00:00:00, Sys 0 00:00:00  -  Total Local Usage
	586192  -  Run Bytes Sent By Job
	62720  -  Run Bytes Received By Job
	586192  -  Total Bytes Sent By Job
	62720  -  Total Bytes Received By Job
	Partitionable Resources :    Usage  Request          
	   Cpus                 :                 1          
	   Disk (KB)            :      659      659          
	   Memory (MB)          :        3        3          
...
000 (566187.000.000) 08/20 20:18:39 Job submitted from host: <18.12.1.74:48322>
...
001 (566187.000.000) 08/20 20:19:11 Job executing on host: <18.12.9.33:40000>
...
006 (566187.000.000) 08/20 20:19:21 Image size of job updated: 9524
	2  -  MemoryUsage of job (MB)
	1416  -  ResidentSetSize of job (KB)
...
006 (566187.000.000) 08/20 20:24:08 Image size of job updated: 230292
	2  -  MemoryUsage of job (MB)
	1416  -  ResidentSetSize of job (KB)
...
005 (566187.000.000) 08/20 20:30:53 Job terminated.
	(1) Normal termination (return value 0)
		Usr 0 00:01:05, Sys 0 00:00:02  -  Run Remote Usage
		Usr 0 00:00:00, Sys 0 00:00:00  -  Run Local Usage
		Usr 0 00:01:05, Sys 0 00:00:02  -  Total Remote Usage
		Usr 0 00:00:00, Sys 0 00:00:00  -  Total Local Usage
	586525  -  Run Bytes Sent By Job
	62732  -  Run Bytes Received By Job
	586525  -  Total Bytes Sent By Job
	62732  -  Total Bytes Received By Job
	Partitionable Resources :    Usage  Request          
	   Cpus                 :                 1          
	   Disk (KB)            :      659      659          
	   Memory (MB)          :        2        2          
...
