000 (556166.000.000) 08/12 11:33:51 Job submitted from host: <18.12.1.74:48322>
...
001 (556166.000.000) 08/12 12:05:20 Job executing on host: <18.12.8.231:41022>
...
006 (556166.000.000) 08/12 12:05:29 Image size of job updated: 2
	3  -  MemoryUsage of job (MB)
	2352  -  ResidentSetSize of job (KB)
...
006 (556166.000.000) 08/12 12:10:30 Image size of job updated: 230444
	96  -  MemoryUsage of job (MB)
	97456  -  ResidentSetSize of job (KB)
...
006 (556166.000.000) 08/12 12:14:17 Image size of job updated: 230772
	96  -  MemoryUsage of job (MB)
	97456  -  ResidentSetSize of job (KB)
...
005 (556166.000.000) 08/12 12:14:18 Job terminated.
	(1) Normal termination (return value 0)
		Usr 0 00:01:23, Sys 0 00:00:01  -  Run Remote Usage
		Usr 0 00:00:00, Sys 0 00:00:00  -  Run Local Usage
		Usr 0 00:01:23, Sys 0 00:00:01  -  Total Remote Usage
		Usr 0 00:00:00, Sys 0 00:00:00  -  Total Local Usage
	586006  -  Run Bytes Sent By Job
	62715  -  Run Bytes Received By Job
	586006  -  Total Bytes Sent By Job
	62715  -  Total Bytes Received By Job
	Partitionable Resources :    Usage  Request          
	   Cpus                 :                 1          
	   Disk (KB)            :      659      659          
	   Memory (MB)          :       96       96          
...
000 (566535.000.000) 08/20 21:10:32 Job submitted from host: <18.12.1.74:48322>
...
001 (566535.000.000) 08/20 21:10:41 Job executing on host: <18.12.8.221:47592>
...
006 (566535.000.000) 08/20 21:10:50 Image size of job updated: 189708
	74  -  MemoryUsage of job (MB)
	75664  -  ResidentSetSize of job (KB)
...
006 (566535.000.000) 08/20 21:13:02 Image size of job updated: 230600
	74  -  MemoryUsage of job (MB)
	75664  -  ResidentSetSize of job (KB)
...
005 (566535.000.000) 08/20 21:19:27 Job terminated.
	(1) Normal termination (return value 0)
		Usr 0 00:01:42, Sys 0 00:00:01  -  Run Remote Usage
		Usr 0 00:00:00, Sys 0 00:00:00  -  Run Local Usage
		Usr 0 00:01:42, Sys 0 00:00:01  -  Total Remote Usage
		Usr 0 00:00:00, Sys 0 00:00:00  -  Total Local Usage
	586130  -  Run Bytes Sent By Job
	62731  -  Run Bytes Received By Job
	586130  -  Total Bytes Sent By Job
	62731  -  Total Bytes Received By Job
	Partitionable Resources :    Usage  Request          
	   Cpus                 :                 1          
	   Disk (KB)            :      659      659          
	   Memory (MB)          :       74       74          
...
