000 (554266.000.000) 08/11 09:09:11 Job submitted from host: <18.12.1.74:48322>
...
001 (554266.000.000) 08/11 09:09:20 Job executing on host: <18.12.6.95:44818>
...
006 (554266.000.000) 08/11 09:09:29 Image size of job updated: 228648
	94  -  MemoryUsage of job (MB)
	95892  -  ResidentSetSize of job (KB)
...
006 (554266.000.000) 08/11 09:14:29 Image size of job updated: 230972
	115  -  MemoryUsage of job (MB)
	117028  -  ResidentSetSize of job (KB)
...
005 (554266.000.000) 08/11 09:16:00 Job terminated.
	(1) Normal termination (return value 0)
		Usr 0 00:01:52, Sys 0 00:00:02  -  Run Remote Usage
		Usr 0 00:00:00, Sys 0 00:00:00  -  Run Local Usage
		Usr 0 00:01:52, Sys 0 00:00:02  -  Total Remote Usage
		Usr 0 00:00:00, Sys 0 00:00:00  -  Total Local Usage
	586206  -  Run Bytes Sent By Job
	62717  -  Run Bytes Received By Job
	586206  -  Total Bytes Sent By Job
	62717  -  Total Bytes Received By Job
	Partitionable Resources :    Usage  Request          
	   Cpus                 :                 1          
	   Disk (KB)            :      659      659          
	   Memory (MB)          :      115      115          
...
000 (557981.000.000) 08/13 13:34:21 Job submitted from host: <18.12.1.74:48322>
...
001 (557981.000.000) 08/13 13:54:47 Job executing on host: <18.12.8.199:40730>
...
006 (557981.000.000) 08/13 13:54:56 Image size of job updated: 2
	3  -  MemoryUsage of job (MB)
	2344  -  ResidentSetSize of job (KB)
...
006 (557981.000.000) 08/13 13:59:08 Image size of job updated: 230936
	3  -  MemoryUsage of job (MB)
	2344  -  ResidentSetSize of job (KB)
...
005 (557981.000.000) 08/13 13:59:08 Job terminated.
	(1) Normal termination (return value 0)
		Usr 0 00:02:02, Sys 0 00:00:02  -  Run Remote Usage
		Usr 0 00:00:00, Sys 0 00:00:00  -  Run Local Usage
		Usr 0 00:02:02, Sys 0 00:00:02  -  Total Remote Usage
		Usr 0 00:00:00, Sys 0 00:00:00  -  Total Local Usage
	586247  -  Run Bytes Sent By Job
	62720  -  Run Bytes Received By Job
	586247  -  Total Bytes Sent By Job
	62720  -  Total Bytes Received By Job
	Partitionable Resources :    Usage  Request          
	   Cpus                 :                 1          
	   Disk (KB)            :      659      659          
	   Memory (MB)          :        3        3          
...
000 (566272.000.000) 08/20 20:24:52 Job submitted from host: <18.12.1.74:48322>
...
001 (566272.000.000) 08/20 20:25:34 Job executing on host: <18.12.9.39:46205>
...
006 (566272.000.000) 08/20 20:25:43 Image size of job updated: 225128
	90  -  MemoryUsage of job (MB)
	91548  -  ResidentSetSize of job (KB)
...
006 (566272.000.000) 08/20 20:30:43 Image size of job updated: 230944
	100  -  MemoryUsage of job (MB)
	101956  -  ResidentSetSize of job (KB)
...
022 (566272.000.000) 08/20 20:33:15 Job disconnected, attempting to reconnect
    Socket between submit and execute hosts closed unexpectedly
    Trying to reconnect to slot29@t2bat0295.cmsaf.mit.edu <18.12.9.39:46205>
...
023 (566272.000.000) 08/20 20:33:16 Job reconnected to slot29@t2bat0295.cmsaf.mit.edu
    startd address: <18.12.9.39:46205>
    starter address: <18.12.9.39:45329>
...
005 (566272.000.000) 08/20 20:39:35 Job terminated.
	(1) Normal termination (return value 0)
		Usr 0 00:01:41, Sys 0 00:00:02  -  Run Remote Usage
		Usr 0 00:00:00, Sys 0 00:00:00  -  Run Local Usage
		Usr 0 00:01:41, Sys 0 00:00:02  -  Total Remote Usage
		Usr 0 00:00:00, Sys 0 00:00:00  -  Total Local Usage
	586639  -  Run Bytes Sent By Job
	62732  -  Run Bytes Received By Job
	586639  -  Total Bytes Sent By Job
	62732  -  Total Bytes Received By Job
	Partitionable Resources :    Usage  Request          
	   Cpus                 :                 1          
	   Disk (KB)            :      659      659          
	   Memory (MB)          :      100      100          
...
