000 (556017.000.000) 08/12 11:33:36 Job submitted from host: <18.12.1.74:48322>
...
001 (556017.000.000) 08/12 11:41:58 Job executing on host: <18.12.9.82:48979>
...
006 (556017.000.000) 08/12 11:42:07 Image size of job updated: 229920
	93  -  MemoryUsage of job (MB)
	94232  -  ResidentSetSize of job (KB)
...
006 (556017.000.000) 08/12 11:45:49 Image size of job updated: 230052
	93  -  MemoryUsage of job (MB)
	94232  -  ResidentSetSize of job (KB)
...
005 (556017.000.000) 08/12 11:45:49 Job terminated.
	(1) Normal termination (return value 0)
		Usr 0 00:00:23, Sys 0 00:00:00  -  Run Remote Usage
		Usr 0 00:00:00, Sys 0 00:00:00  -  Run Local Usage
		Usr 0 00:00:23, Sys 0 00:00:00  -  Total Remote Usage
		Usr 0 00:00:00, Sys 0 00:00:00  -  Total Local Usage
	586107  -  Run Bytes Sent By Job
	62715  -  Run Bytes Received By Job
	586107  -  Total Bytes Sent By Job
	62715  -  Total Bytes Received By Job
	Partitionable Resources :    Usage  Request          
	   Cpus                 :                 1          
	   Disk (KB)            :      659      659          
	   Memory (MB)          :       93       93          
...
000 (566386.000.000) 08/20 21:00:36 Job submitted from host: <18.12.1.74:48322>
...
001 (566386.000.000) 08/20 21:01:12 Job executing on host: <18.12.9.40:47592>
...
006 (566386.000.000) 08/20 21:01:20 Image size of job updated: 26328
	3  -  MemoryUsage of job (MB)
	2084  -  ResidentSetSize of job (KB)
...
006 (566386.000.000) 08/20 21:03:27 Image size of job updated: 229996
	3  -  MemoryUsage of job (MB)
	2084  -  ResidentSetSize of job (KB)
...
022 (566386.000.000) 08/20 21:03:27 Job disconnected, attempting to reconnect
    Socket between submit and execute hosts closed unexpectedly
    Trying to reconnect to slot27@t2bat0296.cmsaf.mit.edu <18.12.9.40:47592>
...
023 (566386.000.000) 08/20 21:03:27 Job reconnected to slot27@t2bat0296.cmsaf.mit.edu
    startd address: <18.12.9.40:47592>
    starter address: <18.12.9.40:40657>
...
022 (566386.000.000) 08/20 21:03:28 Job disconnected, attempting to reconnect
    Socket between submit and execute hosts closed unexpectedly
    Trying to reconnect to slot27@t2bat0296.cmsaf.mit.edu <18.12.9.40:47592>
...
023 (566386.000.000) 08/20 21:03:28 Job reconnected to slot27@t2bat0296.cmsaf.mit.edu
    startd address: <18.12.9.40:47592>
    starter address: <18.12.9.40:40657>
...
022 (566386.000.000) 08/20 21:03:30 Job disconnected, attempting to reconnect
    Socket between submit and execute hosts closed unexpectedly
    Trying to reconnect to slot27@t2bat0296.cmsaf.mit.edu <18.12.9.40:47592>
...
023 (566386.000.000) 08/20 21:03:30 Job reconnected to slot27@t2bat0296.cmsaf.mit.edu
    startd address: <18.12.9.40:47592>
    starter address: <18.12.9.40:40657>
...
005 (566386.000.000) 08/20 21:09:47 Job terminated.
	(1) Normal termination (return value 0)
		Usr 0 00:00:30, Sys 0 00:00:01  -  Run Remote Usage
		Usr 0 00:00:00, Sys 0 00:00:00  -  Run Local Usage
		Usr 0 00:00:30, Sys 0 00:00:01  -  Total Remote Usage
		Usr 0 00:00:00, Sys 0 00:00:00  -  Total Local Usage
	586297  -  Run Bytes Sent By Job
	62731  -  Run Bytes Received By Job
	586297  -  Total Bytes Sent By Job
	62731  -  Total Bytes Received By Job
	Partitionable Resources :    Usage  Request          
	   Cpus                 :                 1          
	   Disk (KB)            :      659      659          
	   Memory (MB)          :        3        3          
...
