
----------------------------------------------------
Job started on Thu Aug 13 16:20:20 EDT 2015 at WN: t2bat0294.cmsaf.mit.edu 
Job is running on Linux t2bat0294.cmsaf.mit.edu 2.6.32-358.el6.x86_64 #1 SMP Fri Feb 22 20:37:17 CST 2013 x86_64 x86_64 x86_64 GNU/Linux
Filesystem            Size  Used Avail Use% Mounted on
/dev/sda3              20G   15G  3.9G  80% /
tmpfs                  32G     0   32G   0% /dev/shm
/dev/sda1              97M   32M   61M  35% /boot
/dev/sda4             416G   87G  329G  21% /export/data1
fuse_dfs              4.9P  4.5P  442T  92% /mnt/hadoop
/dev/sdb1             2.7T  2.5T  254G  91% /export/00b
/dev/sdc1             2.7T  2.5T  252G  91% /export/00c
/dev/sdd1             2.7T  2.5T  258G  91% /export/00d
/dev/sde1             2.7T  2.5T  255G  91% /export/00e
/dev/sdf1             2.7T  2.5T  253G  91% /export/00f
/dev/sdg1             2.7T  2.5T  275G  91% /export/00g
/dev/sdh1             2.7T  2.5T  259G  91% /export/00h
/dev/sdi1             2.7T  2.5T  255G  91% /export/00i
/dev/sdj1             2.7T  2.5T  253G  91% /export/00j
/dev/sdk1             2.7T  2.5T  260G  91% /export/00k
/dev/sdl1             2.7T  2.5T  243G  92% /export/00l
cvmfs2                 98G   73G   25G  75% /cvmfs/cms.cern.ch
t2srv0004:/export/db  135G  187M  135G   1% /net/t2srv0004/db
cvmfs2                 98G   73G   25G  75% /cvmfs/oasis.opensciencegrid.org
cvmfs2                 98G   73G   25G  75% /cvmfs/cdfcfs.fnal.gov
cvmfs2                 98G   73G   25G  75% /cvmfs/cvmfs.cmsaf.mit.edu
gcc (GCC) 4.4.7 20120313 (Red Hat 4.4.7-3)
Copyright (C) 2010 Free Software Foundation, Inc.
This is free software; see the source for copying conditions.  There is NO
warranty; not even for MERCHANTABILITY or FITNESS FOR A PARTICULAR PURPOSE.

Processing...
filename: /mnt/hadoop/cms/store/user/dgulhan/PYTHIA_HYDJET_Track9_Jet30_Pyquen_DiJet_TuneZ2_Unquenched_Hydjet1p8_2760GeV_merged/HiForest_PYTHIA_HYDJET_pthat280_Track9_Jet30_matchEqR_merged_forest_0.root
pthat = 280
Loading HiForest events...
0/50455
10000/50455
20000/50455
30000/50455
40000/50455
50000/50455
Macro finished: 
CPU time (min)  = 0.655833
Real time (min) = 3.02001
Done!
Copied output files to hadoop JetRAA/June26
