000 (427966.000.000) 06/23 09:50:01 Job submitted from host: <18.12.1.74:48322>
...
001 (427966.000.000) 06/23 09:50:16 Job executing on host: <18.12.8.95:49271>
...
006 (427966.000.000) 06/23 09:50:25 Image size of job updated: 97896
	3  -  MemoryUsage of job (MB)
	2444  -  ResidentSetSize of job (KB)
...
005 (427966.000.000) 06/23 09:50:41 Job terminated.
	(1) Normal termination (return value 0)
		Usr 0 00:00:00, Sys 0 00:00:00  -  Run Remote Usage
		Usr 0 00:00:00, Sys 0 00:00:00  -  Run Local Usage
		Usr 0 00:00:00, Sys 0 00:00:00  -  Total Remote Usage
		Usr 0 00:00:00, Sys 0 00:00:00  -  Total Local Usage
	185280  -  Run Bytes Sent By Job
	43915  -  Run Bytes Received By Job
	185280  -  Total Bytes Sent By Job
	43915  -  Total Bytes Received By Job
	Partitionable Resources :    Usage  Request          
	   Cpus                 :                 1          
	   Disk (KB)            :      249      249          
	   Memory (MB)          :        3        3          
...
000 (427975.000.000) 06/23 09:57:32 Job submitted from host: <18.12.1.74:48322>
...
001 (427975.000.000) 06/23 09:57:43 Job executing on host: <18.12.12.4:47227>
...
006 (427975.000.000) 06/23 09:57:52 Image size of job updated: 68652
	17  -  MemoryUsage of job (MB)
	16628  -  ResidentSetSize of job (KB)
...
006 (427975.000.000) 06/23 09:58:44 Image size of job updated: 491256
	17  -  MemoryUsage of job (MB)
	16628  -  ResidentSetSize of job (KB)
...
005 (427975.000.000) 06/23 09:58:44 Job terminated.
	(1) Normal termination (return value 0)
		Usr 0 00:00:29, Sys 0 00:00:00  -  Run Remote Usage
		Usr 0 00:00:00, Sys 0 00:00:00  -  Run Local Usage
		Usr 0 00:00:29, Sys 0 00:00:00  -  Total Remote Usage
		Usr 0 00:00:00, Sys 0 00:00:00  -  Total Local Usage
	178428  -  Run Bytes Sent By Job
	43520  -  Run Bytes Received By Job
	178428  -  Total Bytes Sent By Job
	43520  -  Total Bytes Received By Job
	Partitionable Resources :    Usage  Request          
	   Cpus                 :                 1          
	   Disk (KB)            :      242      242          
	   Memory (MB)          :       17       17          
...
000 (558450.000.000) 08/13 16:17:10 Job submitted from host: <18.12.1.74:48322>
...
001 (558450.000.000) 08/13 16:20:18 Job executing on host: <18.12.9.38:45329>
...
006 (558450.000.000) 08/13 16:20:26 Image size of job updated: 146756
	32  -  MemoryUsage of job (MB)
	31748  -  ResidentSetSize of job (KB)
...
006 (558450.000.000) 08/13 16:23:31 Image size of job updated: 884056
	32  -  MemoryUsage of job (MB)
	31748  -  ResidentSetSize of job (KB)
...
005 (558450.000.000) 08/13 16:23:32 Job terminated.
	(1) Normal termination (return value 0)
		Usr 0 00:00:35, Sys 0 00:00:04  -  Run Remote Usage
		Usr 0 00:00:00, Sys 0 00:00:00  -  Run Local Usage
		Usr 0 00:00:35, Sys 0 00:00:04  -  Total Remote Usage
		Usr 0 00:00:00, Sys 0 00:00:00  -  Total Local Usage
	20915872  -  Run Bytes Sent By Job
	18615848  -  Run Bytes Received By Job
	20915872  -  Total Bytes Sent By Job
	18615848  -  Total Bytes Received By Job
	Partitionable Resources :    Usage  Request          
	   Cpus                 :                 1          
	   Disk (KB)            :    38630    38630          
	   Memory (MB)          :       32       32          
...
000 (789340.000.000) 10/12 15:43:36 Job submitted from host: <18.12.1.74:45913>
...
001 (789340.000.000) 10/12 15:47:02 Job executing on host: <18.12.8.13:48541>
...
006 (789340.000.000) 10/12 15:47:11 Image size of job updated: 1
	3  -  MemoryUsage of job (MB)
	2352  -  ResidentSetSize of job (KB)
...
006 (789340.000.000) 10/12 15:49:58 Image size of job updated: 884060
	3  -  MemoryUsage of job (MB)
	2352  -  ResidentSetSize of job (KB)
...
005 (789340.000.000) 10/12 15:49:59 Job terminated.
	(1) Normal termination (return value 0)
		Usr 0 00:00:32, Sys 0 00:00:02  -  Run Remote Usage
		Usr 0 00:00:00, Sys 0 00:00:00  -  Run Local Usage
		Usr 0 00:00:32, Sys 0 00:00:02  -  Total Remote Usage
		Usr 0 00:00:00, Sys 0 00:00:00  -  Total Local Usage
	20915896  -  Run Bytes Sent By Job
	18615872  -  Run Bytes Received By Job
	20915896  -  Total Bytes Sent By Job
	18615872  -  Total Bytes Received By Job
	Partitionable Resources :    Usage  Request          
	   Cpus                 :                 1          
	   Disk (KB)            :    38630    38630          
	   Memory (MB)          :        3        3          
...
