000 (427963.000.000) 06/23 09:50:01 Job submitted from host: <18.12.1.74:48322>
...
001 (427963.000.000) 06/23 09:50:12 Job executing on host: <18.12.8.85:49490>
...
006 (427963.000.000) 06/23 09:50:19 Image size of job updated: 1
	0  -  MemoryUsage of job (MB)
	0  -  ResidentSetSize of job (KB)
...
005 (427963.000.000) 06/23 09:50:19 Job terminated.
	(1) Normal termination (return value 0)
		Usr 0 00:00:00, Sys 0 00:00:00  -  Run Remote Usage
		Usr 0 00:00:00, Sys 0 00:00:00  -  Run Local Usage
		Usr 0 00:00:00, Sys 0 00:00:00  -  Total Remote Usage
		Usr 0 00:00:00, Sys 0 00:00:00  -  Total Local Usage
	185592  -  Run Bytes Sent By Job
	43915  -  Run Bytes Received By Job
	185592  -  Total Bytes Sent By Job
	43915  -  Total Bytes Received By Job
	Partitionable Resources :    Usage  Request          
	   Cpus                 :                 1          
	   Disk (KB)            :      250      250          
	   Memory (MB)          :        0        0          
...
000 (427972.000.000) 06/23 09:57:32 Job submitted from host: <18.12.1.74:48322>
...
001 (427972.000.000) 06/23 09:57:42 Job executing on host: <18.12.8.101:49490>
...
006 (427972.000.000) 06/23 09:57:51 Image size of job updated: 1
	3  -  MemoryUsage of job (MB)
	2356  -  ResidentSetSize of job (KB)
...
006 (427972.000.000) 06/23 10:00:59 Image size of job updated: 505660
	3  -  MemoryUsage of job (MB)
	2356  -  ResidentSetSize of job (KB)
...
005 (427972.000.000) 06/23 10:00:59 Job terminated.
	(1) Normal termination (return value 0)
		Usr 0 00:02:34, Sys 0 00:00:02  -  Run Remote Usage
		Usr 0 00:00:00, Sys 0 00:00:00  -  Run Local Usage
		Usr 0 00:02:34, Sys 0 00:00:02  -  Total Remote Usage
		Usr 0 00:00:00, Sys 0 00:00:00  -  Total Local Usage
	178785  -  Run Bytes Sent By Job
	43520  -  Run Bytes Received By Job
	178785  -  Total Bytes Sent By Job
	43520  -  Total Bytes Received By Job
	Partitionable Resources :    Usage  Request          
	   Cpus                 :                 1          
	   Disk (KB)            :      243      243          
	   Memory (MB)          :        3        3          
...
000 (558447.000.000) 08/13 16:17:10 Job submitted from host: <18.12.1.74:48322>
...
001 (558447.000.000) 08/13 16:19:17 Job executing on host: <18.12.8.218:43942>
...
006 (558447.000.000) 08/13 16:19:26 Image size of job updated: 790308
	661  -  MemoryUsage of job (MB)
	676272  -  ResidentSetSize of job (KB)
...
006 (558447.000.000) 08/13 16:24:27 Image size of job updated: 909852
	697  -  MemoryUsage of job (MB)
	712784  -  ResidentSetSize of job (KB)
...
006 (558447.000.000) 08/13 16:29:28 Image size of job updated: 913116
	742  -  MemoryUsage of job (MB)
	759424  -  ResidentSetSize of job (KB)
...
006 (558447.000.000) 08/13 16:29:59 Image size of job updated: 956652
	742  -  MemoryUsage of job (MB)
	759424  -  ResidentSetSize of job (KB)
...
005 (558447.000.000) 08/13 16:30:00 Job terminated.
	(1) Normal termination (return value 0)
		Usr 0 00:04:06, Sys 0 00:00:03  -  Run Remote Usage
		Usr 0 00:00:00, Sys 0 00:00:00  -  Run Local Usage
		Usr 0 00:04:06, Sys 0 00:00:03  -  Total Remote Usage
		Usr 0 00:00:00, Sys 0 00:00:00  -  Total Local Usage
	20915972  -  Run Bytes Sent By Job
	18615848  -  Run Bytes Received By Job
	20915972  -  Total Bytes Sent By Job
	18615848  -  Total Bytes Received By Job
	Partitionable Resources :    Usage  Request          
	   Cpus                 :                 1          
	   Disk (KB)            :    38631    38631          
	   Memory (MB)          :      742      742          
...
