000 (427991.000.000) 06/23 09:59:06 Job submitted from host: <18.12.1.74:48322>
...
001 (427991.000.000) 06/23 09:59:21 Job executing on host: <18.12.8.140:45986>
...
006 (427991.000.000) 06/23 09:59:30 Image size of job updated: 31152
	3  -  MemoryUsage of job (MB)
	2684  -  ResidentSetSize of job (KB)
...
006 (427991.000.000) 06/23 10:04:31 Image size of job updated: 503876
	360  -  MemoryUsage of job (MB)
	368472  -  ResidentSetSize of job (KB)
...
005 (427991.000.000) 06/23 10:08:12 Job terminated.
	(1) Normal termination (return value 0)
		Usr 0 00:04:12, Sys 0 00:00:01  -  Run Remote Usage
		Usr 0 00:00:00, Sys 0 00:00:00  -  Run Local Usage
		Usr 0 00:04:12, Sys 0 00:00:01  -  Total Remote Usage
		Usr 0 00:00:00, Sys 0 00:00:00  -  Total Local Usage
	179186  -  Run Bytes Sent By Job
	43520  -  Run Bytes Received By Job
	179186  -  Total Bytes Sent By Job
	43520  -  Total Bytes Received By Job
	Partitionable Resources :    Usage  Request          
	   Cpus                 :                 1          
	   Disk (KB)            :      243      243          
	   Memory (MB)          :      360      360          
...
000 (558883.000.000) 08/14 10:48:09 Job submitted from host: <18.12.1.74:48322>
...
001 (558883.000.000) 08/14 12:20:22 Job executing on host: <18.12.9.37:49636>
...
006 (558883.000.000) 08/14 12:20:30 Image size of job updated: 1
	3  -  MemoryUsage of job (MB)
	2348  -  ResidentSetSize of job (KB)
...
006 (558883.000.000) 08/14 12:24:10 Image size of job updated: 911320
	3  -  MemoryUsage of job (MB)
	2348  -  ResidentSetSize of job (KB)
...
004 (558883.000.000) 08/14 12:24:10 Job was evicted.
	(0) Job was not checkpointed.
		Usr 0 00:00:30, Sys 0 00:00:02  -  Run Remote Usage
		Usr 0 00:00:00, Sys 0 00:00:00  -  Run Local Usage
	0  -  Run Bytes Sent By Job
	18615868  -  Run Bytes Received By Job
	Partitionable Resources :    Usage  Request          
	   Cpus                 :                 1          
	   Disk (KB)            :    38630    38630          
	   Memory (MB)          :        3        3          
...
009 (558883.000.000) 08/14 12:24:11 Job was aborted by the user.
	via condor_rm (by user obaron)
...
000 (559136.000.000) 08/14 12:37:46 Job submitted from host: <18.12.1.74:48322>
...
001 (559136.000.000) 08/14 13:26:32 Job executing on host: <18.12.9.37:49636>
...
006 (559136.000.000) 08/14 13:26:40 Image size of job updated: 1
	3  -  MemoryUsage of job (MB)
	2348  -  ResidentSetSize of job (KB)
...
006 (559136.000.000) 08/14 13:31:40 Image size of job updated: 911324
	712  -  MemoryUsage of job (MB)
	728680  -  ResidentSetSize of job (KB)
...
006 (559136.000.000) 08/14 13:36:41 Image size of job updated: 911324
	712  -  MemoryUsage of job (MB)
	728688  -  ResidentSetSize of job (KB)
...
006 (559136.000.000) 08/14 13:41:42 Image size of job updated: 911456
	712  -  MemoryUsage of job (MB)
	728688  -  ResidentSetSize of job (KB)
...
006 (559136.000.000) 08/14 13:56:43 Image size of job updated: 913724
	743  -  MemoryUsage of job (MB)
	760600  -  ResidentSetSize of job (KB)
...
006 (559136.000.000) 08/14 14:01:44 Image size of job updated: 914260
	744  -  MemoryUsage of job (MB)
	761136  -  ResidentSetSize of job (KB)
...
005 (559136.000.000) 08/14 14:16:41 Job terminated.
	(1) Normal termination (return value 0)
		Usr 0 00:05:36, Sys 0 00:00:13  -  Run Remote Usage
		Usr 0 00:00:00, Sys 0 00:00:00  -  Run Local Usage
		Usr 0 00:05:36, Sys 0 00:00:13  -  Total Remote Usage
		Usr 0 00:00:00, Sys 0 00:00:00  -  Total Local Usage
	20916374  -  Run Bytes Sent By Job
	18615868  -  Run Bytes Received By Job
	20916374  -  Total Bytes Sent By Job
	18615868  -  Total Bytes Received By Job
	Partitionable Resources :    Usage  Request          
	   Cpus                 :                 1          
	   Disk (KB)            :    38631    38631          
	   Memory (MB)          :      744      744          
...
000 (789362.000.000) 10/13 16:36:51 Job submitted from host: <18.12.1.74:45913>
...
001 (789362.000.000) 10/13 16:38:33 Job executing on host: <18.12.9.69:42336>
...
006 (789362.000.000) 10/13 16:38:42 Image size of job updated: 1
	3  -  MemoryUsage of job (MB)
	2348  -  ResidentSetSize of job (KB)
...
006 (789362.000.000) 10/13 16:43:43 Image size of job updated: 914260
	750  -  MemoryUsage of job (MB)
	767968  -  ResidentSetSize of job (KB)
...
006 (789362.000.000) 10/13 16:44:04 Image size of job updated: 956740
	750  -  MemoryUsage of job (MB)
	767968  -  ResidentSetSize of job (KB)
...
005 (789362.000.000) 10/13 16:44:04 Job terminated.
	(1) Normal termination (return value 0)
		Usr 0 00:04:12, Sys 0 00:00:02  -  Run Remote Usage
		Usr 0 00:00:00, Sys 0 00:00:00  -  Run Local Usage
		Usr 0 00:04:12, Sys 0 00:00:02  -  Total Remote Usage
		Usr 0 00:00:00, Sys 0 00:00:00  -  Total Local Usage
	20916028  -  Run Bytes Sent By Job
	18615872  -  Run Bytes Received By Job
	20916028  -  Total Bytes Sent By Job
	18615872  -  Total Bytes Received By Job
	Partitionable Resources :    Usage  Request          
	   Cpus                 :                 1          
	   Disk (KB)            :    38631    38631          
	   Memory (MB)          :      750      750          
...
