000 (427979.000.000) 06/23 09:58:08 Job submitted from host: <18.12.1.74:48322>
...
001 (427979.000.000) 06/23 09:58:48 Job executing on host: <18.12.6.16:48176>
...
006 (427979.000.000) 06/23 09:58:56 Image size of job updated: 502372
	310  -  MemoryUsage of job (MB)
	317028  -  ResidentSetSize of job (KB)
...
006 (427979.000.000) 06/23 10:03:56 Image size of job updated: 505820
	361  -  MemoryUsage of job (MB)
	369448  -  ResidentSetSize of job (KB)
...
005 (427979.000.000) 06/23 10:04:21 Job terminated.
	(1) Normal termination (return value 0)
		Usr 0 00:04:20, Sys 0 00:00:02  -  Run Remote Usage
		Usr 0 00:00:00, Sys 0 00:00:00  -  Run Local Usage
		Usr 0 00:04:20, Sys 0 00:00:02  -  Total Remote Usage
		Usr 0 00:00:00, Sys 0 00:00:00  -  Total Local Usage
	178904  -  Run Bytes Sent By Job
	43520  -  Run Bytes Received By Job
	178904  -  Total Bytes Sent By Job
	43520  -  Total Bytes Received By Job
	Partitionable Resources :    Usage  Request          
	   Cpus                 :                 1          
	   Disk (KB)            :      243      243          
	   Memory (MB)          :      361      361          
...
000 (427998.000.000) 06/23 11:36:50 Job submitted from host: <18.12.1.74:48322>
...
001 (427998.000.000) 06/23 11:37:51 Job executing on host: <18.12.9.65:40146>
...
006 (427998.000.000) 06/23 11:38:00 Image size of job updated: 510940
	309  -  MemoryUsage of job (MB)
	316396  -  ResidentSetSize of job (KB)
...
005 (427998.000.000) 06/23 11:38:01 Job terminated.
	(1) Normal termination (return value 0)
		Usr 0 00:00:00, Sys 0 00:00:00  -  Run Remote Usage
		Usr 0 00:00:00, Sys 0 00:00:00  -  Run Local Usage
		Usr 0 00:00:00, Sys 0 00:00:00  -  Total Remote Usage
		Usr 0 00:00:00, Sys 0 00:00:00  -  Total Local Usage
	196985  -  Run Bytes Sent By Job
	43958  -  Run Bytes Received By Job
	196985  -  Total Bytes Sent By Job
	43958  -  Total Bytes Received By Job
	Partitionable Resources :    Usage  Request          
	   Cpus                 :                 1          
	   Disk (KB)            :      474      474          
	   Memory (MB)          :      309      309          
...
000 (428007.000.000) 06/23 11:50:49 Job submitted from host: <18.12.1.74:48322>
...
001 (428007.000.000) 06/23 11:51:00 Job executing on host: <18.12.9.47:46351>
...
006 (428007.000.000) 06/23 11:51:09 Image size of job updated: 1
	3  -  MemoryUsage of job (MB)
	2356  -  ResidentSetSize of job (KB)
...
006 (428007.000.000) 06/23 11:55:24 Image size of job updated: 563560
	3  -  MemoryUsage of job (MB)
	2356  -  ResidentSetSize of job (KB)
...
005 (428007.000.000) 06/23 11:55:24 Job terminated.
	(1) Normal termination (return value 0)
		Usr 0 00:03:37, Sys 0 00:00:05  -  Run Remote Usage
		Usr 0 00:00:00, Sys 0 00:00:00  -  Run Local Usage
		Usr 0 00:03:37, Sys 0 00:00:05  -  Total Remote Usage
		Usr 0 00:00:00, Sys 0 00:00:00  -  Total Local Usage
	170866  -  Run Bytes Sent By Job
	40713  -  Run Bytes Received By Job
	170866  -  Total Bytes Sent By Job
	40713  -  Total Bytes Received By Job
	Partitionable Resources :    Usage  Request          
	   Cpus                 :                 1          
	   Disk (KB)            :      232      232          
	   Memory (MB)          :        3        3          
...
000 (428016.000.000) 06/23 12:17:20 Job submitted from host: <18.12.1.74:48322>
...
001 (428016.000.000) 06/23 12:17:31 Job executing on host: <18.12.9.83:46497>
...
006 (428016.000.000) 06/23 12:17:40 Image size of job updated: 557760
	318  -  MemoryUsage of job (MB)
	325424  -  ResidentSetSize of job (KB)
...
006 (428016.000.000) 06/23 12:21:47 Image size of job updated: 563564
	318  -  MemoryUsage of job (MB)
	325424  -  ResidentSetSize of job (KB)
...
005 (428016.000.000) 06/23 12:21:54 Job terminated.
	(1) Normal termination (return value 0)
		Usr 0 00:03:33, Sys 0 00:00:02  -  Run Remote Usage
		Usr 0 00:00:00, Sys 0 00:00:00  -  Run Local Usage
		Usr 0 00:03:33, Sys 0 00:00:02  -  Total Remote Usage
		Usr 0 00:00:00, Sys 0 00:00:00  -  Total Local Usage
	172087  -  Run Bytes Sent By Job
	41194  -  Run Bytes Received By Job
	172087  -  Total Bytes Sent By Job
	41194  -  Total Bytes Received By Job
	Partitionable Resources :    Usage  Request          
	   Cpus                 :                 1          
	   Disk (KB)            :      234      234          
	   Memory (MB)          :      318      318          
...
000 (428026.000.000) 06/23 16:34:15 Job submitted from host: <18.12.1.74:48322>
...
001 (428026.000.000) 06/23 16:34:28 Job executing on host: <18.12.9.55:40657>
...
006 (428026.000.000) 06/23 16:34:36 Image size of job updated: 557784
	323  -  MemoryUsage of job (MB)
	329788  -  ResidentSetSize of job (KB)
...
006 (428026.000.000) 06/23 16:39:36 Image size of job updated: 563500
	405  -  MemoryUsage of job (MB)
	414632  -  ResidentSetSize of job (KB)
...
005 (428026.000.000) 06/23 16:39:36 Job terminated.
	(1) Normal termination (return value 0)
		Usr 0 00:04:11, Sys 0 00:00:01  -  Run Remote Usage
		Usr 0 00:00:00, Sys 0 00:00:00  -  Run Local Usage
		Usr 0 00:04:11, Sys 0 00:00:01  -  Total Remote Usage
		Usr 0 00:00:00, Sys 0 00:00:00  -  Total Local Usage
	177487  -  Run Bytes Sent By Job
	42331  -  Run Bytes Received By Job
	177487  -  Total Bytes Sent By Job
	42331  -  Total Bytes Received By Job
	Partitionable Resources :    Usage  Request          
	   Cpus                 :                 1          
	   Disk (KB)            :      240      240          
	   Memory (MB)          :      405      405          
...
000 (428707.000.000) 06/24 09:24:22 Job submitted from host: <18.12.1.74:48322>
...
001 (428707.000.000) 06/24 09:24:33 Job executing on host: <18.12.9.54:46570>
...
006 (428707.000.000) 06/24 09:24:41 Image size of job updated: 559904
	324  -  MemoryUsage of job (MB)
	331112  -  ResidentSetSize of job (KB)
...
006 (428707.000.000) 06/24 09:29:07 Image size of job updated: 565828
	324  -  MemoryUsage of job (MB)
	331112  -  ResidentSetSize of job (KB)
...
005 (428707.000.000) 06/24 09:29:07 Job terminated.
	(1) Normal termination (return value 0)
		Usr 0 00:03:34, Sys 0 00:00:04  -  Run Remote Usage
		Usr 0 00:00:00, Sys 0 00:00:00  -  Run Local Usage
		Usr 0 00:03:34, Sys 0 00:00:04  -  Total Remote Usage
		Usr 0 00:00:00, Sys 0 00:00:00  -  Total Local Usage
	168909  -  Run Bytes Sent By Job
	39477  -  Run Bytes Received By Job
	168909  -  Total Bytes Sent By Job
	39477  -  Total Bytes Received By Job
	Partitionable Resources :    Usage  Request          
	   Cpus                 :                 1          
	   Disk (KB)            :      229      229          
	   Memory (MB)          :      324      324          
...
000 (428851.000.000) 06/24 10:17:05 Job submitted from host: <18.12.1.74:48322>
...
001 (428851.000.000) 06/24 10:17:16 Job executing on host: <18.12.9.64:47738>
...
006 (428851.000.000) 06/24 10:17:25 Image size of job updated: 553196
	424  -  MemoryUsage of job (MB)
	433936  -  ResidentSetSize of job (KB)
...
006 (428851.000.000) 06/24 10:21:41 Image size of job updated: 848320
	424  -  MemoryUsage of job (MB)
	433936  -  ResidentSetSize of job (KB)
...
005 (428851.000.000) 06/24 10:21:42 Job terminated.
	(1) Normal termination (return value 0)
		Usr 0 00:03:34, Sys 0 00:00:05  -  Run Remote Usage
		Usr 0 00:00:00, Sys 0 00:00:00  -  Run Local Usage
		Usr 0 00:03:34, Sys 0 00:00:05  -  Total Remote Usage
		Usr 0 00:00:00, Sys 0 00:00:00  -  Total Local Usage
	170070  -  Run Bytes Sent By Job
	39674  -  Run Bytes Received By Job
	170070  -  Total Bytes Sent By Job
	39674  -  Total Bytes Received By Job
	Partitionable Resources :    Usage  Request          
	   Cpus                 :                 1          
	   Disk (KB)            :      230      230          
	   Memory (MB)          :      424      424          
...
000 (428860.000.000) 06/24 10:31:00 Job submitted from host: <18.12.1.74:48322>
...
001 (428860.000.000) 06/24 10:31:39 Job executing on host: <18.12.8.236:40657>
...
006 (428860.000.000) 06/24 10:31:47 Image size of job updated: 185504
	68  -  MemoryUsage of job (MB)
	68712  -  ResidentSetSize of job (KB)
...
006 (428860.000.000) 06/24 10:36:47 Image size of job updated: 1324584
	1156  -  MemoryUsage of job (MB)
	1182900  -  ResidentSetSize of job (KB)
...
005 (428860.000.000) 06/24 10:37:15 Job terminated.
	(1) Normal termination (return value 0)
		Usr 0 00:04:11, Sys 0 00:00:03  -  Run Remote Usage
		Usr 0 00:00:00, Sys 0 00:00:00  -  Run Local Usage
		Usr 0 00:04:11, Sys 0 00:00:03  -  Total Remote Usage
		Usr 0 00:00:00, Sys 0 00:00:00  -  Total Local Usage
	170065  -  Run Bytes Sent By Job
	39631  -  Run Bytes Received By Job
	170065  -  Total Bytes Sent By Job
	39631  -  Total Bytes Received By Job
	Partitionable Resources :    Usage  Request          
	   Cpus                 :                 1          
	   Disk (KB)            :      230      230          
	   Memory (MB)          :     1156     1156          
...
000 (428869.000.000) 06/24 12:09:07 Job submitted from host: <18.12.1.74:48322>
...
001 (428869.000.000) 06/24 12:09:17 Job executing on host: <18.12.9.73:46059>
...
006 (428869.000.000) 06/24 12:09:26 Image size of job updated: 785092
	655  -  MemoryUsage of job (MB)
	669908  -  ResidentSetSize of job (KB)
...
006 (428869.000.000) 06/24 12:13:49 Image size of job updated: 969784
	655  -  MemoryUsage of job (MB)
	669908  -  ResidentSetSize of job (KB)
...
005 (428869.000.000) 06/24 12:13:49 Job terminated.
	(1) Normal termination (return value 0)
		Usr 0 00:03:39, Sys 0 00:00:05  -  Run Remote Usage
		Usr 0 00:00:00, Sys 0 00:00:00  -  Run Local Usage
		Usr 0 00:03:39, Sys 0 00:00:05  -  Total Remote Usage
		Usr 0 00:00:00, Sys 0 00:00:00  -  Total Local Usage
	169964  -  Run Bytes Sent By Job
	39650  -  Run Bytes Received By Job
	169964  -  Total Bytes Sent By Job
	39650  -  Total Bytes Received By Job
	Partitionable Resources :    Usage  Request          
	   Cpus                 :                 1          
	   Disk (KB)            :      230      230          
	   Memory (MB)          :      655      655          
...
000 (428878.000.000) 06/24 13:19:44 Job submitted from host: <18.12.1.74:48322>
...
001 (428878.000.000) 06/24 13:20:19 Job executing on host: <18.12.9.65:40146>
...
006 (428878.000.000) 06/24 13:20:28 Image size of job updated: 963864
	715  -  MemoryUsage of job (MB)
	731588  -  ResidentSetSize of job (KB)
...
000 (428887.000.000) 06/24 13:23:25 Job submitted from host: <18.12.1.74:48322>
...
001 (428887.000.000) 06/24 13:23:56 Job executing on host: <18.12.9.70:40511>
...
006 (428887.000.000) 06/24 13:24:05 Image size of job updated: 963868
	719  -  MemoryUsage of job (MB)
	735352  -  ResidentSetSize of job (KB)
...
006 (428878.000.000) 06/24 13:24:48 Image size of job updated: 969788
	715  -  MemoryUsage of job (MB)
	731588  -  ResidentSetSize of job (KB)
...
005 (428878.000.000) 06/24 13:24:48 Job terminated.
	(1) Normal termination (return value 0)
		Usr 0 00:03:46, Sys 0 00:00:03  -  Run Remote Usage
		Usr 0 00:00:00, Sys 0 00:00:00  -  Run Local Usage
		Usr 0 00:03:46, Sys 0 00:00:03  -  Total Remote Usage
		Usr 0 00:00:00, Sys 0 00:00:00  -  Total Local Usage
	170664  -  Run Bytes Sent By Job
	39615  -  Run Bytes Received By Job
	170664  -  Total Bytes Sent By Job
	39615  -  Total Bytes Received By Job
	Partitionable Resources :    Usage  Request          
	   Cpus                 :                 1          
	   Disk (KB)            :      231      231          
	   Memory (MB)          :      715      715          
...
006 (428887.000.000) 06/24 13:28:22 Image size of job updated: 1006788
	719  -  MemoryUsage of job (MB)
	735352  -  ResidentSetSize of job (KB)
...
005 (428887.000.000) 06/24 13:28:22 Job terminated.
	(1) Normal termination (return value 0)
		Usr 0 00:03:48, Sys 0 00:00:04  -  Run Remote Usage
		Usr 0 00:00:00, Sys 0 00:00:00  -  Run Local Usage
		Usr 0 00:03:48, Sys 0 00:00:04  -  Total Remote Usage
		Usr 0 00:00:00, Sys 0 00:00:00  -  Total Local Usage
	170260  -  Run Bytes Sent By Job
	39611  -  Run Bytes Received By Job
	170260  -  Total Bytes Sent By Job
	39611  -  Total Bytes Received By Job
	Partitionable Resources :    Usage  Request          
	   Cpus                 :                 1          
	   Disk (KB)            :      230      230          
	   Memory (MB)          :      719      719          
...
000 (428896.000.000) 06/24 14:04:42 Job submitted from host: <18.12.1.74:48322>
...
001 (428896.000.000) 06/24 14:05:23 Job executing on host: <18.12.9.45:42482>
...
006 (428896.000.000) 06/24 14:05:32 Image size of job updated: 837348
	682  -  MemoryUsage of job (MB)
	697532  -  ResidentSetSize of job (KB)
...
006 (428896.000.000) 06/24 14:10:08 Image size of job updated: 969792
	682  -  MemoryUsage of job (MB)
	697532  -  ResidentSetSize of job (KB)
...
005 (428896.000.000) 06/24 14:10:09 Job terminated.
	(1) Normal termination (return value 0)
		Usr 0 00:03:50, Sys 0 00:00:05  -  Run Remote Usage
		Usr 0 00:00:00, Sys 0 00:00:00  -  Run Local Usage
		Usr 0 00:03:50, Sys 0 00:00:05  -  Total Remote Usage
		Usr 0 00:00:00, Sys 0 00:00:00  -  Total Local Usage
	175044  -  Run Bytes Sent By Job
	39982  -  Run Bytes Received By Job
	175044  -  Total Bytes Sent By Job
	39982  -  Total Bytes Received By Job
	Partitionable Resources :    Usage  Request          
	   Cpus                 :                 1          
	   Disk (KB)            :      235      235          
	   Memory (MB)          :      682      682          
...
000 (428905.000.000) 06/24 15:11:56 Job submitted from host: <18.12.1.74:48322>
...
001 (428905.000.000) 06/24 15:12:06 Job executing on host: <18.12.9.78:45840>
...
006 (428905.000.000) 06/24 15:12:15 Image size of job updated: 1
	3  -  MemoryUsage of job (MB)
	2360  -  ResidentSetSize of job (KB)
...
006 (428905.000.000) 06/24 15:12:25 Image size of job updated: 964072
	3  -  MemoryUsage of job (MB)
	2360  -  ResidentSetSize of job (KB)
...
004 (428905.000.000) 06/24 15:12:25 Job was evicted.
	(0) Job was not checkpointed.
		Usr 0 00:00:12, Sys 0 00:00:00  -  Run Remote Usage
		Usr 0 00:00:00, Sys 0 00:00:00  -  Run Local Usage
	0  -  Run Bytes Sent By Job
	40360  -  Run Bytes Received By Job
	Partitionable Resources :    Usage  Request          
	   Cpus                 :                 1          
	   Disk (KB)            :      235      235          
	   Memory (MB)          :        3        3          
...
009 (428905.000.000) 06/24 15:12:26 Job was aborted by the user.
	via condor_rm (by user rkunnawa)
...
000 (428914.000.000) 06/24 15:13:35 Job submitted from host: <18.12.1.74:48322>
...
001 (428914.000.000) 06/24 15:14:11 Job executing on host: <18.12.9.58:42482>
...
006 (428914.000.000) 06/24 15:14:19 Image size of job updated: 244804
	121  -  MemoryUsage of job (MB)
	123860  -  ResidentSetSize of job (KB)
...
006 (428914.000.000) 06/24 15:19:19 Image size of job updated: 970024
	809  -  MemoryUsage of job (MB)
	828228  -  ResidentSetSize of job (KB)
...
004 (428914.000.000) 06/24 15:21:24 Job was evicted.
	(0) Job was not checkpointed.
		Usr 0 00:02:30, Sys 0 00:00:04  -  Run Remote Usage
		Usr 0 00:00:00, Sys 0 00:00:00  -  Run Local Usage
	0  -  Run Bytes Sent By Job
	40466  -  Run Bytes Received By Job
	Partitionable Resources :    Usage  Request          
	   Cpus                 :                 1          
	   Disk (KB)            :      236      236          
	   Memory (MB)          :      809      809          
...
009 (428914.000.000) 06/24 15:21:24 Job was aborted by the user.
	via condor_rm (by user rkunnawa)
...
000 (428924.000.000) 06/24 21:09:52 Job submitted from host: <18.12.1.74:48322>
...
001 (428924.000.000) 06/24 21:10:37 Job executing on host: <18.12.9.32:49125>
...
006 (428924.000.000) 06/24 21:10:45 Image size of job updated: 93700
	3  -  MemoryUsage of job (MB)
	2436  -  ResidentSetSize of job (KB)
...
006 (428924.000.000) 06/24 21:15:45 Image size of job updated: 968228
	765  -  MemoryUsage of job (MB)
	782476  -  ResidentSetSize of job (KB)
...
006 (428924.000.000) 06/24 21:20:45 Image size of job updated: 968380
	765  -  MemoryUsage of job (MB)
	782688  -  ResidentSetSize of job (KB)
...
006 (428924.000.000) 06/24 21:25:46 Image size of job updated: 971012
	810  -  MemoryUsage of job (MB)
	829348  -  ResidentSetSize of job (KB)
...
004 (428924.000.000) 06/24 21:28:45 Job was evicted.
	(0) Job was not checkpointed.
		Usr 0 00:04:40, Sys 0 00:00:06  -  Run Remote Usage
		Usr 0 00:00:00, Sys 0 00:00:00  -  Run Local Usage
	0  -  Run Bytes Sent By Job
	17710434  -  Run Bytes Received By Job
	Partitionable Resources :    Usage  Request          
	   Cpus                 :                 1          
	   Disk (KB)            :    45470    45470          
	   Memory (MB)          :      810      810          
...
009 (428924.000.000) 06/24 21:28:52 Job was aborted by the user.
	via condor_rm (by user rkunnawa)
...
000 (429295.000.000) 06/24 21:32:36 Job submitted from host: <18.12.1.74:48322>
...
001 (429295.000.000) 06/24 21:32:46 Job executing on host: <18.12.9.43:40876>
...
006 (429295.000.000) 06/24 21:32:55 Image size of job updated: 1
	3  -  MemoryUsage of job (MB)
	2368  -  ResidentSetSize of job (KB)
...
006 (429295.000.000) 06/24 21:37:56 Image size of job updated: 968684
	765  -  MemoryUsage of job (MB)
	782416  -  ResidentSetSize of job (KB)
...
006 (429295.000.000) 06/24 21:42:56 Image size of job updated: 968684
	765  -  MemoryUsage of job (MB)
	782504  -  ResidentSetSize of job (KB)
...
006 (429295.000.000) 06/24 21:47:56 Image size of job updated: 971244
	810  -  MemoryUsage of job (MB)
	829180  -  ResidentSetSize of job (KB)
...
006 (429295.000.000) 06/24 21:52:57 Image size of job updated: 971244
	810  -  MemoryUsage of job (MB)
	829196  -  ResidentSetSize of job (KB)
...
006 (429295.000.000) 06/24 21:56:02 Image size of job updated: 997680
	810  -  MemoryUsage of job (MB)
	829196  -  ResidentSetSize of job (KB)
...
005 (429295.000.000) 06/24 21:56:02 Job terminated.
	(1) Normal termination (return value 0)
		Usr 0 00:06:18, Sys 0 00:00:05  -  Run Remote Usage
		Usr 0 00:00:00, Sys 0 00:00:00  -  Run Local Usage
		Usr 0 00:06:18, Sys 0 00:00:05  -  Total Remote Usage
		Usr 0 00:00:00, Sys 0 00:00:00  -  Total Local Usage
	19461048  -  Run Bytes Sent By Job
	17710152  -  Run Bytes Received By Job
	19461048  -  Total Bytes Sent By Job
	17710152  -  Total Bytes Received By Job
	Partitionable Resources :    Usage  Request          
	   Cpus                 :                 1          
	   Disk (KB)            :    36326    36326          
	   Memory (MB)          :      810      810          
...
000 (429667.000.000) 06/24 23:04:35 Job submitted from host: <18.12.1.74:48322>
...
001 (429667.000.000) 06/24 23:05:18 Job executing on host: <18.12.9.49:44526>
...
006 (429667.000.000) 06/24 23:05:26 Image size of job updated: 1
	3  -  MemoryUsage of job (MB)
	2376  -  ResidentSetSize of job (KB)
...
006 (429667.000.000) 06/24 23:10:26 Image size of job updated: 968380
	765  -  MemoryUsage of job (MB)
	782620  -  ResidentSetSize of job (KB)
...
006 (429667.000.000) 06/24 23:15:26 Image size of job updated: 970996
	811  -  MemoryUsage of job (MB)
	829492  -  ResidentSetSize of job (KB)
...
005 (429667.000.000) 06/24 23:20:33 Job terminated.
	(1) Normal termination (return value 0)
		Usr 0 00:14:20, Sys 0 00:00:11  -  Run Remote Usage
		Usr 0 00:00:00, Sys 0 00:00:00  -  Run Local Usage
		Usr 0 00:14:20, Sys 0 00:00:11  -  Total Remote Usage
		Usr 0 00:00:00, Sys 0 00:00:00  -  Total Local Usage
	19460886  -  Run Bytes Sent By Job
	17710138  -  Run Bytes Received By Job
	19460886  -  Total Bytes Sent By Job
	17710138  -  Total Bytes Received By Job
	Partitionable Resources :    Usage  Request          
	   Cpus                 :                 1          
	   Disk (KB)            :    37029    37029          
	   Memory (MB)          :      811      811          
...
000 (451628.000.000) 06/25 20:03:18 Job submitted from host: <18.12.1.74:48322>
...
001 (451628.000.000) 06/25 20:03:33 Job executing on host: <18.12.9.50:46059>
...
006 (451628.000.000) 06/25 20:03:41 Image size of job updated: 908608
	709  -  MemoryUsage of job (MB)
	725660  -  ResidentSetSize of job (KB)
...
006 (451628.000.000) 06/25 20:07:35 Image size of job updated: 918616
	709  -  MemoryUsage of job (MB)
	725660  -  ResidentSetSize of job (KB)
...
005 (451628.000.000) 06/25 20:07:36 Job terminated.
	(1) Normal termination (return value 0)
		Usr 0 00:03:27, Sys 0 00:00:02  -  Run Remote Usage
		Usr 0 00:00:00, Sys 0 00:00:00  -  Run Local Usage
		Usr 0 00:03:27, Sys 0 00:00:02  -  Total Remote Usage
		Usr 0 00:00:00, Sys 0 00:00:00  -  Total Local Usage
	20759752  -  Run Bytes Sent By Job
	18591998  -  Run Bytes Received By Job
	20759752  -  Total Bytes Sent By Job
	18591998  -  Total Bytes Received By Job
	Partitionable Resources :    Usage  Request          
	   Cpus                 :                 1          
	   Disk (KB)            :    38455    38455          
	   Memory (MB)          :      709      709          
...
000 (452205.000.000) 06/26 10:52:32 Job submitted from host: <18.12.1.74:48322>
...
001 (452205.000.000) 06/26 10:52:47 Job executing on host: <18.12.9.59:44891>
...
006 (452205.000.000) 06/26 10:52:56 Image size of job updated: 941020
	741  -  MemoryUsage of job (MB)
	758080  -  ResidentSetSize of job (KB)
...
006 (452205.000.000) 06/26 10:57:26 Image size of job updated: 981128
	741  -  MemoryUsage of job (MB)
	758080  -  ResidentSetSize of job (KB)
...
005 (452205.000.000) 06/26 10:57:27 Job terminated.
	(1) Normal termination (return value 0)
		Usr 0 00:03:46, Sys 0 00:00:07  -  Run Remote Usage
		Usr 0 00:00:00, Sys 0 00:00:00  -  Run Local Usage
		Usr 0 00:03:46, Sys 0 00:00:07  -  Total Remote Usage
		Usr 0 00:00:00, Sys 0 00:00:00  -  Total Local Usage
	20759408  -  Run Bytes Sent By Job
	18592108  -  Run Bytes Received By Job
	20759408  -  Total Bytes Sent By Job
	18592108  -  Total Bytes Received By Job
	Partitionable Resources :    Usage  Request          
	   Cpus                 :                 1          
	   Disk (KB)            :    38455    38455          
	   Memory (MB)          :      741      741          
...
000 (452260.000.000) 06/26 11:03:55 Job submitted from host: <18.12.1.74:48322>
...
001 (452260.000.000) 06/26 11:04:13 Job executing on host: <18.12.9.76:47884>
...
006 (452260.000.000) 06/26 11:04:22 Image size of job updated: 1
	3  -  MemoryUsage of job (MB)
	2360  -  ResidentSetSize of job (KB)
...
006 (452260.000.000) 06/26 11:08:53 Image size of job updated: 912088
	3  -  MemoryUsage of job (MB)
	2360  -  ResidentSetSize of job (KB)
...
005 (452260.000.000) 06/26 11:08:54 Job terminated.
	(1) Normal termination (return value 0)
		Usr 0 00:03:21, Sys 0 00:00:03  -  Run Remote Usage
		Usr 0 00:00:00, Sys 0 00:00:00  -  Run Local Usage
		Usr 0 00:03:21, Sys 0 00:00:03  -  Total Remote Usage
		Usr 0 00:00:00, Sys 0 00:00:00  -  Total Local Usage
	20759820  -  Run Bytes Sent By Job
	18592064  -  Run Bytes Received By Job
	20759820  -  Total Bytes Sent By Job
	18592064  -  Total Bytes Received By Job
	Partitionable Resources :    Usage  Request          
	   Cpus                 :                 1          
	   Disk (KB)            :    38455    38455          
	   Memory (MB)          :        3        3          
...
000 (472481.000.000) 06/26 13:23:36 Job submitted from host: <18.12.1.74:48322>
...
001 (472481.000.000) 06/26 13:24:13 Job executing on host: <18.12.9.70:40511>
...
006 (472481.000.000) 06/26 13:24:22 Image size of job updated: 1
	3  -  MemoryUsage of job (MB)
	2368  -  ResidentSetSize of job (KB)
...
006 (472481.000.000) 06/26 13:27:58 Image size of job updated: 912084
	3  -  MemoryUsage of job (MB)
	2368  -  ResidentSetSize of job (KB)
...
005 (472481.000.000) 06/26 13:27:59 Job terminated.
	(1) Normal termination (return value 0)
		Usr 0 00:03:02, Sys 0 00:00:02  -  Run Remote Usage
		Usr 0 00:00:00, Sys 0 00:00:00  -  Run Local Usage
		Usr 0 00:03:02, Sys 0 00:00:02  -  Total Remote Usage
		Usr 0 00:00:00, Sys 0 00:00:00  -  Total Local Usage
	20760022  -  Run Bytes Sent By Job
	18592042  -  Run Bytes Received By Job
	20760022  -  Total Bytes Sent By Job
	18592042  -  Total Bytes Received By Job
	Partitionable Resources :    Usage  Request          
	   Cpus                 :                 1          
	   Disk (KB)            :    38455    38455          
	   Memory (MB)          :        3        3          
...
000 (472607.000.000) 06/26 14:53:08 Job submitted from host: <18.12.1.74:48322>
...
001 (472607.000.000) 06/26 14:53:23 Job executing on host: <18.12.9.84:47519>
...
006 (472607.000.000) 06/26 14:53:32 Image size of job updated: 840872
	685  -  MemoryUsage of job (MB)
	701312  -  ResidentSetSize of job (KB)
...
006 (472607.000.000) 06/26 14:57:24 Image size of job updated: 912088
	685  -  MemoryUsage of job (MB)
	701312  -  ResidentSetSize of job (KB)
...
005 (472607.000.000) 06/26 14:57:24 Job terminated.
	(1) Normal termination (return value 0)
		Usr 0 00:03:19, Sys 0 00:00:02  -  Run Remote Usage
		Usr 0 00:00:00, Sys 0 00:00:00  -  Run Local Usage
		Usr 0 00:03:19, Sys 0 00:00:02  -  Total Remote Usage
		Usr 0 00:00:00, Sys 0 00:00:00  -  Total Local Usage
	20760092  -  Run Bytes Sent By Job
	18592042  -  Run Bytes Received By Job
	20760092  -  Total Bytes Sent By Job
	18592042  -  Total Bytes Received By Job
	Partitionable Resources :    Usage  Request          
	   Cpus                 :                 1          
	   Disk (KB)            :    38455    38455          
	   Memory (MB)          :      685      685          
...
000 (493277.000.000) 06/29 12:56:29 Job submitted from host: <18.12.1.74:48322>
...
001 (493277.000.000) 06/29 12:56:54 Job executing on host: <18.12.9.19:49782>
...
006 (493277.000.000) 06/29 12:57:02 Image size of job updated: 1
	3  -  MemoryUsage of job (MB)
	2340  -  ResidentSetSize of job (KB)
...
006 (493277.000.000) 06/29 13:02:02 Image size of job updated: 912648
	756  -  MemoryUsage of job (MB)
	773788  -  ResidentSetSize of job (KB)
...
006 (493277.000.000) 06/29 13:02:23 Image size of job updated: 948004
	756  -  MemoryUsage of job (MB)
	773788  -  ResidentSetSize of job (KB)
...
005 (493277.000.000) 06/29 13:02:24 Job terminated.
	(1) Normal termination (return value 0)
		Usr 0 00:04:13, Sys 0 00:00:04  -  Run Remote Usage
		Usr 0 00:00:00, Sys 0 00:00:00  -  Run Local Usage
		Usr 0 00:04:13, Sys 0 00:00:04  -  Total Remote Usage
		Usr 0 00:00:00, Sys 0 00:00:00  -  Total Local Usage
	20827636  -  Run Bytes Sent By Job
	18603454  -  Run Bytes Received By Job
	20827636  -  Total Bytes Sent By Job
	18603454  -  Total Bytes Received By Job
	Partitionable Resources :    Usage  Request          
	   Cpus                 :                 1          
	   Disk (KB)            :    38532    38532          
	   Memory (MB)          :      756      756          
...
000 (493452.000.000) 06/29 13:42:32 Job submitted from host: <18.12.1.74:48322>
...
001 (493452.000.000) 06/29 13:42:43 Job executing on host: <18.12.9.70:40511>
...
006 (493452.000.000) 06/29 13:42:52 Image size of job updated: 909712
	710  -  MemoryUsage of job (MB)
	726772  -  ResidentSetSize of job (KB)
...
004 (493452.000.000) 06/29 13:44:34 Job was evicted.
	(0) Job was not checkpointed.
		Usr 0 00:01:28, Sys 0 00:00:02  -  Run Remote Usage
		Usr 0 00:00:00, Sys 0 00:00:00  -  Run Local Usage
	0  -  Run Bytes Sent By Job
	18603454  -  Run Bytes Received By Job
	Partitionable Resources :    Usage  Request          
	   Cpus                 :                 1          
	   Disk (KB)            :    38532    38532          
	   Memory (MB)          :      710      710          
...
009 (493452.000.000) 06/29 13:44:34 Job was aborted by the user.
	via condor_rm (by user obaron)
...
000 (493461.000.000) 06/29 13:44:49 Job submitted from host: <18.12.1.74:48322>
...
001 (493461.000.000) 06/29 13:45:00 Job executing on host: <18.12.9.37:43285>
...
006 (493461.000.000) 06/29 13:45:08 Image size of job updated: 75476
	17  -  MemoryUsage of job (MB)
	17160  -  ResidentSetSize of job (KB)
...
006 (493461.000.000) 06/29 13:50:08 Image size of job updated: 909712
	710  -  MemoryUsage of job (MB)
	726816  -  ResidentSetSize of job (KB)
...
006 (493461.000.000) 06/29 13:55:09 Image size of job updated: 909712
	710  -  MemoryUsage of job (MB)
	726852  -  ResidentSetSize of job (KB)
...
006 (493461.000.000) 06/29 14:00:10 Image size of job updated: 912376
	756  -  MemoryUsage of job (MB)
	773576  -  ResidentSetSize of job (KB)
...
006 (493461.000.000) 06/29 14:05:10 Image size of job updated: 912648
	756  -  MemoryUsage of job (MB)
	773816  -  ResidentSetSize of job (KB)
...
006 (493461.000.000) 06/29 14:13:23 Image size of job updated: 948004
	756  -  MemoryUsage of job (MB)
	773816  -  ResidentSetSize of job (KB)
...
005 (493461.000.000) 06/29 14:13:23 Job terminated.
	(1) Normal termination (return value 0)
		Usr 0 00:06:24, Sys 0 00:00:05  -  Run Remote Usage
		Usr 0 00:00:00, Sys 0 00:00:00  -  Run Local Usage
		Usr 0 00:06:24, Sys 0 00:00:05  -  Total Remote Usage
		Usr 0 00:00:00, Sys 0 00:00:00  -  Total Local Usage
	20827972  -  Run Bytes Sent By Job
	18603440  -  Run Bytes Received By Job
	20827972  -  Total Bytes Sent By Job
	18603440  -  Total Bytes Received By Job
	Partitionable Resources :    Usage  Request          
	   Cpus                 :                 1          
	   Disk (KB)            :    38532    38532          
	   Memory (MB)          :      756      756          
...
000 (493470.000.000) 06/29 14:23:44 Job submitted from host: <18.12.1.74:48322>
...
001 (493470.000.000) 06/29 14:24:36 Job executing on host: <18.12.9.49:44526>
...
006 (493470.000.000) 06/29 14:24:45 Image size of job updated: 97884
	3  -  MemoryUsage of job (MB)
	2444  -  ResidentSetSize of job (KB)
...
006 (493470.000.000) 06/29 14:29:21 Image size of job updated: 912648
	3  -  MemoryUsage of job (MB)
	2444  -  ResidentSetSize of job (KB)
...
005 (493470.000.000) 06/29 14:29:21 Job terminated.
	(1) Normal termination (return value 0)
		Usr 0 00:03:34, Sys 0 00:00:04  -  Run Remote Usage
		Usr 0 00:00:00, Sys 0 00:00:00  -  Run Local Usage
		Usr 0 00:03:34, Sys 0 00:00:04  -  Total Remote Usage
		Usr 0 00:00:00, Sys 0 00:00:00  -  Total Local Usage
	20827792  -  Run Bytes Sent By Job
	18603420  -  Run Bytes Received By Job
	20827792  -  Total Bytes Sent By Job
	18603420  -  Total Bytes Received By Job
	Partitionable Resources :    Usage  Request          
	   Cpus                 :                 1          
	   Disk (KB)            :    38532    38532          
	   Memory (MB)          :        3        3          
...
000 (547573.000.000) 08/06 14:04:28 Job submitted from host: <18.12.1.74:48322>
...
001 (547573.000.000) 08/06 14:04:38 Job executing on host: <18.12.9.54:49198>
...
006 (547573.000.000) 08/06 14:04:47 Image size of job updated: 1
	3  -  MemoryUsage of job (MB)
	2348  -  ResidentSetSize of job (KB)
...
006 (547573.000.000) 08/06 14:09:34 Image size of job updated: 913032
	3  -  MemoryUsage of job (MB)
	2348  -  ResidentSetSize of job (KB)
...
005 (547573.000.000) 08/06 14:09:34 Job terminated.
	(1) Normal termination (return value 0)
		Usr 0 00:04:09, Sys 0 00:00:02  -  Run Remote Usage
		Usr 0 00:00:00, Sys 0 00:00:00  -  Run Local Usage
		Usr 0 00:04:09, Sys 0 00:00:02  -  Total Remote Usage
		Usr 0 00:00:00, Sys 0 00:00:00  -  Total Local Usage
	20827532  -  Run Bytes Sent By Job
	18603408  -  Run Bytes Received By Job
	20827532  -  Total Bytes Sent By Job
	18603408  -  Total Bytes Received By Job
	Partitionable Resources :    Usage  Request          
	   Cpus                 :                 1          
	   Disk (KB)            :    38532    38532          
	   Memory (MB)          :        3        3          
...
000 (549364.000.000) 08/06 16:58:11 Job submitted from host: <18.12.1.74:48322>
...
001 (549364.000.000) 08/06 16:58:49 Job executing on host: <18.12.9.81:44891>
...
006 (549364.000.000) 08/06 16:58:57 Image size of job updated: 69048
	13  -  MemoryUsage of job (MB)
	13156  -  ResidentSetSize of job (KB)
...
006 (549364.000.000) 08/06 17:03:27 Image size of job updated: 957156
	13  -  MemoryUsage of job (MB)
	13156  -  ResidentSetSize of job (KB)
...
005 (549364.000.000) 08/06 17:03:28 Job terminated.
	(1) Normal termination (return value 0)
		Usr 0 00:03:55, Sys 0 00:00:02  -  Run Remote Usage
		Usr 0 00:00:00, Sys 0 00:00:00  -  Run Local Usage
		Usr 0 00:03:55, Sys 0 00:00:02  -  Total Remote Usage
		Usr 0 00:00:00, Sys 0 00:00:00  -  Total Local Usage
	20842300  -  Run Bytes Sent By Job
	18604784  -  Run Bytes Received By Job
	20842300  -  Total Bytes Sent By Job
	18604784  -  Total Bytes Received By Job
	Partitionable Resources :    Usage  Request          
	   Cpus                 :                 1          
	   Disk (KB)            :    38548    38548          
	   Memory (MB)          :       13       13          
...
000 (549373.000.000) 08/06 17:29:48 Job submitted from host: <18.12.1.74:48322>
...
001 (549373.000.000) 08/06 17:30:15 Job executing on host: <18.12.9.76:48249>
...
006 (549373.000.000) 08/06 17:30:24 Image size of job updated: 911024
	715  -  MemoryUsage of job (MB)
	731448  -  ResidentSetSize of job (KB)
...
006 (549373.000.000) 08/06 17:35:25 Image size of job updated: 913968
	761  -  MemoryUsage of job (MB)
	779016  -  ResidentSetSize of job (KB)
...
005 (549373.000.000) 08/06 17:35:49 Job terminated.
	(1) Normal termination (return value 0)
		Usr 0 00:04:02, Sys 0 00:00:01  -  Run Remote Usage
		Usr 0 00:00:00, Sys 0 00:00:00  -  Run Local Usage
		Usr 0 00:04:02, Sys 0 00:00:01  -  Total Remote Usage
		Usr 0 00:00:00, Sys 0 00:00:00  -  Total Local Usage
	20842096  -  Run Bytes Sent By Job
	18604784  -  Run Bytes Received By Job
	20842096  -  Total Bytes Sent By Job
	18604784  -  Total Bytes Received By Job
	Partitionable Resources :    Usage  Request          
	   Cpus                 :                 1          
	   Disk (KB)            :    38548    38548          
	   Memory (MB)          :      761      761          
...
000 (558754.000.000) 08/13 17:02:01 Job submitted from host: <18.12.1.74:48322>
...
001 (558754.000.000) 08/13 17:05:43 Job executing on host: <18.12.9.60:48833>
...
006 (558754.000.000) 08/13 17:05:52 Image size of job updated: 911036
	711  -  MemoryUsage of job (MB)
	727988  -  ResidentSetSize of job (KB)
...
006 (558754.000.000) 08/13 17:10:52 Image size of job updated: 913968
	757  -  MemoryUsage of job (MB)
	775028  -  ResidentSetSize of job (KB)
...
006 (558754.000.000) 08/13 17:12:13 Image size of job updated: 957156
	757  -  MemoryUsage of job (MB)
	775028  -  ResidentSetSize of job (KB)
...
005 (558754.000.000) 08/13 17:12:13 Job terminated.
	(1) Normal termination (return value 0)
		Usr 0 00:03:39, Sys 0 00:00:05  -  Run Remote Usage
		Usr 0 00:00:00, Sys 0 00:00:00  -  Run Local Usage
		Usr 0 00:03:39, Sys 0 00:00:05  -  Total Remote Usage
		Usr 0 00:00:00, Sys 0 00:00:00  -  Total Local Usage
	20915852  -  Run Bytes Sent By Job
	18615848  -  Run Bytes Received By Job
	20915852  -  Total Bytes Sent By Job
	18615848  -  Total Bytes Received By Job
	Partitionable Resources :    Usage  Request          
	   Cpus                 :                 1          
	   Disk (KB)            :    38630    38630          
	   Memory (MB)          :      757      757          
...
000 (789344.000.000) 10/12 17:02:47 Job submitted from host: <18.12.1.74:45913>
...
001 (789344.000.000) 10/12 17:05:30 Job executing on host: <18.12.8.12:45475>
...
006 (789344.000.000) 10/12 17:05:39 Image size of job updated: 75604
	17  -  MemoryUsage of job (MB)
	17164  -  ResidentSetSize of job (KB)
...
006 (789344.000.000) 10/12 17:10:40 Image size of job updated: 911028
	711  -  MemoryUsage of job (MB)
	728052  -  ResidentSetSize of job (KB)
...
006 (789344.000.000) 10/12 17:15:41 Image size of job updated: 911028
	712  -  MemoryUsage of job (MB)
	728092  -  ResidentSetSize of job (KB)
...
006 (789344.000.000) 10/12 17:20:41 Image size of job updated: 913712
	757  -  MemoryUsage of job (MB)
	774816  -  ResidentSetSize of job (KB)
...
006 (789344.000.000) 10/12 17:25:41 Image size of job updated: 913972
	757  -  MemoryUsage of job (MB)
	775028  -  ResidentSetSize of job (KB)
...
006 (789344.000.000) 10/12 17:30:42 Image size of job updated: 913972
	757  -  MemoryUsage of job (MB)
	775052  -  ResidentSetSize of job (KB)
...
006 (789344.000.000) 10/12 17:36:39 Image size of job updated: 957156
	757  -  MemoryUsage of job (MB)
	775052  -  ResidentSetSize of job (KB)
...
005 (789344.000.000) 10/12 17:36:40 Job terminated.
	(1) Normal termination (return value 0)
		Usr 0 00:06:40, Sys 0 00:00:06  -  Run Remote Usage
		Usr 0 00:00:00, Sys 0 00:00:00  -  Run Local Usage
		Usr 0 00:06:40, Sys 0 00:00:06  -  Total Remote Usage
		Usr 0 00:00:00, Sys 0 00:00:00  -  Total Local Usage
	20916290  -  Run Bytes Sent By Job
	18615880  -  Run Bytes Received By Job
	20916290  -  Total Bytes Sent By Job
	18615880  -  Total Bytes Received By Job
	Partitionable Resources :    Usage  Request          
	   Cpus                 :                 1          
	   Disk (KB)            :    38631    38631          
	   Memory (MB)          :      757      757          
...
