000 (427967.000.000) 06/23 09:50:01 Job submitted from host: <18.12.1.74:48322>
...
001 (427967.000.000) 06/23 09:50:12 Job executing on host: <18.12.9.19:49782>
...
006 (427967.000.000) 06/23 09:50:19 Image size of job updated: 151508
	0  -  MemoryUsage of job (MB)
	0  -  ResidentSetSize of job (KB)
...
005 (427967.000.000) 06/23 09:50:19 Job terminated.
	(1) Normal termination (return value 0)
		Usr 0 00:00:00, Sys 0 00:00:00  -  Run Remote Usage
		Usr 0 00:00:00, Sys 0 00:00:00  -  Run Local Usage
		Usr 0 00:00:00, Sys 0 00:00:00  -  Total Remote Usage
		Usr 0 00:00:00, Sys 0 00:00:00  -  Total Local Usage
	188012  -  Run Bytes Sent By Job
	43915  -  Run Bytes Received By Job
	188012  -  Total Bytes Sent By Job
	43915  -  Total Bytes Received By Job
	Partitionable Resources :    Usage  Request          
	   Cpus                 :                 1          
	   Disk (KB)            :      252      252          
	   Memory (MB)          :        0        0          
...
000 (427976.000.000) 06/23 09:57:32 Job submitted from host: <18.12.1.74:48322>
...
001 (427976.000.000) 06/23 09:57:42 Job executing on host: <18.12.6.15:43358>
...
006 (427976.000.000) 06/23 09:57:51 Image size of job updated: 431532
	292  -  MemoryUsage of job (MB)
	298020  -  ResidentSetSize of job (KB)
...
005 (427976.000.000) 06/23 09:58:01 Job terminated.
	(1) Normal termination (return value 0)
		Usr 0 00:00:01, Sys 0 00:00:00  -  Run Remote Usage
		Usr 0 00:00:00, Sys 0 00:00:00  -  Run Local Usage
		Usr 0 00:00:01, Sys 0 00:00:00  -  Total Remote Usage
		Usr 0 00:00:00, Sys 0 00:00:00  -  Total Local Usage
	178662  -  Run Bytes Sent By Job
	43520  -  Run Bytes Received By Job
	178662  -  Total Bytes Sent By Job
	43520  -  Total Bytes Received By Job
	Partitionable Resources :    Usage  Request          
	   Cpus                 :                 1          
	   Disk (KB)            :      243      243          
	   Memory (MB)          :      292      292          
...
000 (558451.000.000) 08/13 16:17:10 Job submitted from host: <18.12.1.74:48322>
...
001 (558451.000.000) 08/13 16:21:21 Job executing on host: <18.12.9.43:40073>
...
006 (558451.000.000) 08/13 16:21:30 Image size of job updated: 1
	3  -  MemoryUsage of job (MB)
	2352  -  ResidentSetSize of job (KB)
...
006 (558451.000.000) 08/13 16:22:26 Image size of job updated: 883192
	3  -  MemoryUsage of job (MB)
	2352  -  ResidentSetSize of job (KB)
...
005 (558451.000.000) 08/13 16:22:27 Job terminated.
	(1) Normal termination (return value 0)
		Usr 0 00:00:09, Sys 0 00:00:02  -  Run Remote Usage
		Usr 0 00:00:00, Sys 0 00:00:00  -  Run Local Usage
		Usr 0 00:00:09, Sys 0 00:00:02  -  Total Remote Usage
		Usr 0 00:00:00, Sys 0 00:00:00  -  Total Local Usage
	20915824  -  Run Bytes Sent By Job
	18615848  -  Run Bytes Received By Job
	20915824  -  Total Bytes Sent By Job
	18615848  -  Total Bytes Received By Job
	Partitionable Resources :    Usage  Request          
	   Cpus                 :                 1          
	   Disk (KB)            :    38630    38630          
	   Memory (MB)          :        3        3          
...
000 (789341.000.000) 10/12 15:43:36 Job submitted from host: <18.12.1.74:45913>
...
001 (789341.000.000) 10/12 16:02:01 Job executing on host: <18.12.9.71:42847>
...
006 (789341.000.000) 10/12 16:02:10 Image size of job updated: 836956
	685  -  MemoryUsage of job (MB)
	700476  -  ResidentSetSize of job (KB)
...
005 (789341.000.000) 10/12 16:02:18 Job terminated.
	(1) Normal termination (return value 0)
		Usr 0 00:00:04, Sys 0 00:00:01  -  Run Remote Usage
		Usr 0 00:00:00, Sys 0 00:00:00  -  Run Local Usage
		Usr 0 00:00:04, Sys 0 00:00:01  -  Total Remote Usage
		Usr 0 00:00:00, Sys 0 00:00:00  -  Total Local Usage
	20915572  -  Run Bytes Sent By Job
	18615872  -  Run Bytes Received By Job
	20915572  -  Total Bytes Sent By Job
	18615872  -  Total Bytes Received By Job
	Partitionable Resources :    Usage  Request          
	   Cpus                 :                 1          
	   Disk (KB)            :    38630    38630          
	   Memory (MB)          :      685      685          
...
