000 (427987.000.000) 06/23 09:59:05 Job submitted from host: <18.12.1.74:48322>
...
001 (427987.000.000) 06/23 09:59:21 Job executing on host: <18.12.12.4:47227>
...
006 (427987.000.000) 06/23 09:59:29 Image size of job updated: 1
	3  -  MemoryUsage of job (MB)
	2352  -  ResidentSetSize of job (KB)
...
006 (427987.000.000) 06/23 10:03:05 Image size of job updated: 508024
	3  -  MemoryUsage of job (MB)
	2352  -  ResidentSetSize of job (KB)
...
005 (427987.000.000) 06/23 10:03:05 Job terminated.
	(1) Normal termination (return value 0)
		Usr 0 00:03:04, Sys 0 00:00:02  -  Run Remote Usage
		Usr 0 00:00:00, Sys 0 00:00:00  -  Run Local Usage
		Usr 0 00:03:04, Sys 0 00:00:02  -  Total Remote Usage
		Usr 0 00:00:00, Sys 0 00:00:00  -  Total Local Usage
	178706  -  Run Bytes Sent By Job
	43520  -  Run Bytes Received By Job
	178706  -  Total Bytes Sent By Job
	43520  -  Total Bytes Received By Job
	Partitionable Resources :    Usage  Request          
	   Cpus                 :                 1          
	   Disk (KB)            :      242      242          
	   Memory (MB)          :        3        3          
...
000 (558879.000.000) 08/14 10:48:09 Job submitted from host: <18.12.1.74:48322>
...
001 (558879.000.000) 08/14 12:09:17 Job executing on host: <18.12.9.58:41971>
...
006 (558879.000.000) 08/14 12:09:27 Image size of job updated: 1
	3  -  MemoryUsage of job (MB)
	2344  -  ResidentSetSize of job (KB)
...
006 (558879.000.000) 08/14 12:14:27 Image size of job updated: 839116
	690  -  MemoryUsage of job (MB)
	705924  -  ResidentSetSize of job (KB)
...
006 (558879.000.000) 08/14 12:19:28 Image size of job updated: 903964
	707  -  MemoryUsage of job (MB)
	723620  -  ResidentSetSize of job (KB)
...
006 (558879.000.000) 08/14 12:24:11 Image size of job updated: 905228
	707  -  MemoryUsage of job (MB)
	723620  -  ResidentSetSize of job (KB)
...
004 (558879.000.000) 08/14 12:24:12 Job was evicted.
	(0) Job was not checkpointed.
		Usr 0 00:00:02, Sys 0 00:00:03  -  Run Remote Usage
		Usr 0 00:00:00, Sys 0 00:00:00  -  Run Local Usage
	0  -  Run Bytes Sent By Job
	18615868  -  Run Bytes Received By Job
	Partitionable Resources :    Usage  Request          
	   Cpus                 :                 1          
	   Disk (KB)            :    38630    38630          
	   Memory (MB)          :      707      707          
...
009 (558879.000.000) 08/14 12:24:12 Job was aborted by the user.
	via condor_rm (by user obaron)
...
000 (559132.000.000) 08/14 12:37:46 Job submitted from host: <18.12.1.74:48322>
...
001 (559132.000.000) 08/14 12:55:42 Job executing on host: <18.12.9.37:49636>
...
006 (559132.000.000) 08/14 12:55:50 Image size of job updated: 1
	3  -  MemoryUsage of job (MB)
	2348  -  ResidentSetSize of job (KB)
...
006 (559132.000.000) 08/14 13:00:50 Image size of job updated: 905360
	706  -  MemoryUsage of job (MB)
	722556  -  ResidentSetSize of job (KB)
...
006 (559132.000.000) 08/14 13:10:50 Image size of job updated: 905492
	706  -  MemoryUsage of job (MB)
	722556  -  ResidentSetSize of job (KB)
...
006 (559132.000.000) 08/14 13:15:51 Image size of job updated: 907856
	737  -  MemoryUsage of job (MB)
	754200  -  ResidentSetSize of job (KB)
...
005 (559132.000.000) 08/14 13:20:44 Job terminated.
	(1) Normal termination (return value 0)
		Usr 0 00:03:38, Sys 0 00:00:09  -  Run Remote Usage
		Usr 0 00:00:00, Sys 0 00:00:00  -  Run Local Usage
		Usr 0 00:03:38, Sys 0 00:00:09  -  Total Remote Usage
		Usr 0 00:00:00, Sys 0 00:00:00  -  Total Local Usage
	20915962  -  Run Bytes Sent By Job
	18615868  -  Run Bytes Received By Job
	20915962  -  Total Bytes Sent By Job
	18615868  -  Total Bytes Received By Job
	Partitionable Resources :    Usage  Request          
	   Cpus                 :                 1          
	   Disk (KB)            :    38630    38630          
	   Memory (MB)          :      737      737          
...
