000 (427990.000.000) 06/23 09:59:05 Job submitted from host: <18.12.1.74:48322>
...
001 (427990.000.000) 06/23 09:59:20 Job executing on host: <18.12.8.130:47227>
...
006 (427990.000.000) 06/23 09:59:29 Image size of job updated: 499648
	309  -  MemoryUsage of job (MB)
	315644  -  ResidentSetSize of job (KB)
...
006 (427990.000.000) 06/23 10:02:50 Image size of job updated: 502568
	309  -  MemoryUsage of job (MB)
	315644  -  ResidentSetSize of job (KB)
...
005 (427990.000.000) 06/23 10:02:50 Job terminated.
	(1) Normal termination (return value 0)
		Usr 0 00:02:40, Sys 0 00:00:03  -  Run Remote Usage
		Usr 0 00:00:00, Sys 0 00:00:00  -  Run Local Usage
		Usr 0 00:02:40, Sys 0 00:00:03  -  Total Remote Usage
		Usr 0 00:00:00, Sys 0 00:00:00  -  Total Local Usage
	179006  -  Run Bytes Sent By Job
	43520  -  Run Bytes Received By Job
	179006  -  Total Bytes Sent By Job
	43520  -  Total Bytes Received By Job
	Partitionable Resources :    Usage  Request          
	   Cpus                 :                 1          
	   Disk (KB)            :      243      243          
	   Memory (MB)          :      309      309          
...
000 (558882.000.000) 08/14 10:48:09 Job submitted from host: <18.12.1.74:48322>
...
001 (558882.000.000) 08/14 12:18:21 Job executing on host: <18.12.9.30:44672>
...
006 (558882.000.000) 08/14 12:18:30 Image size of job updated: 1
	3  -  MemoryUsage of job (MB)
	2356  -  ResidentSetSize of job (KB)
...
006 (558882.000.000) 08/14 12:23:30 Image size of job updated: 910228
	710  -  MemoryUsage of job (MB)
	726116  -  ResidentSetSize of job (KB)
...
004 (558882.000.000) 08/14 12:24:10 Job was evicted.
	(0) Job was not checkpointed.
		Usr 0 00:00:50, Sys 0 00:00:03  -  Run Remote Usage
		Usr 0 00:00:00, Sys 0 00:00:00  -  Run Local Usage
	0  -  Run Bytes Sent By Job
	18615868  -  Run Bytes Received By Job
	Partitionable Resources :    Usage  Request          
	   Cpus                 :                 1          
	   Disk (KB)            :    38631    38631          
	   Memory (MB)          :      710      710          
...
009 (558882.000.000) 08/14 12:24:11 Job was aborted by the user.
	via condor_rm (by user obaron)
...
000 (559135.000.000) 08/14 12:37:46 Job submitted from host: <18.12.1.74:48322>
...
001 (559135.000.000) 08/14 13:21:18 Job executing on host: <18.12.8.63:49782>
...
006 (559135.000.000) 08/14 13:21:26 Image size of job updated: 1
	3  -  MemoryUsage of job (MB)
	2348  -  ResidentSetSize of job (KB)
...
006 (559135.000.000) 08/14 13:26:26 Image size of job updated: 912776
	743  -  MemoryUsage of job (MB)
	760300  -  ResidentSetSize of job (KB)
...
006 (559135.000.000) 08/14 13:29:08 Image size of job updated: 913308
	743  -  MemoryUsage of job (MB)
	760300  -  ResidentSetSize of job (KB)
...
005 (559135.000.000) 08/14 13:29:09 Job terminated.
	(1) Normal termination (return value 0)
		Usr 0 00:04:02, Sys 0 00:00:08  -  Run Remote Usage
		Usr 0 00:00:00, Sys 0 00:00:00  -  Run Local Usage
		Usr 0 00:04:02, Sys 0 00:00:08  -  Total Remote Usage
		Usr 0 00:00:00, Sys 0 00:00:00  -  Total Local Usage
	20915996  -  Run Bytes Sent By Job
	18615868  -  Run Bytes Received By Job
	20915996  -  Total Bytes Sent By Job
	18615868  -  Total Bytes Received By Job
	Partitionable Resources :    Usage  Request          
	   Cpus                 :                 1          
	   Disk (KB)            :    38631    38631          
	   Memory (MB)          :      743      743          
...
000 (789361.000.000) 10/13 16:36:51 Job submitted from host: <18.12.1.74:45913>
...
001 (789361.000.000) 10/13 16:39:34 Job executing on host: <18.12.9.33:44307>
...
006 (789361.000.000) 10/13 16:39:42 Image size of job updated: 1
	3  -  MemoryUsage of job (MB)
	2352  -  ResidentSetSize of job (KB)
...
006 (789361.000.000) 10/13 16:44:42 Image size of job updated: 910232
	711  -  MemoryUsage of job (MB)
	727112  -  ResidentSetSize of job (KB)
...
006 (789361.000.000) 10/13 16:54:43 Image size of job updated: 912776
	756  -  MemoryUsage of job (MB)
	773612  -  ResidentSetSize of job (KB)
...
006 (789361.000.000) 10/13 16:59:43 Image size of job updated: 913308
	756  -  MemoryUsage of job (MB)
	773844  -  ResidentSetSize of job (KB)
...
006 (789361.000.000) 10/13 17:03:19 Image size of job updated: 956252
	756  -  MemoryUsage of job (MB)
	773844  -  ResidentSetSize of job (KB)
...
005 (789361.000.000) 10/13 17:03:20 Job terminated.
	(1) Normal termination (return value 0)
		Usr 0 00:05:52, Sys 0 00:00:09  -  Run Remote Usage
		Usr 0 00:00:00, Sys 0 00:00:00  -  Run Local Usage
		Usr 0 00:05:52, Sys 0 00:00:09  -  Total Remote Usage
		Usr 0 00:00:00, Sys 0 00:00:00  -  Total Local Usage
	20916188  -  Run Bytes Sent By Job
	18615872  -  Run Bytes Received By Job
	20916188  -  Total Bytes Sent By Job
	18615872  -  Total Bytes Received By Job
	Partitionable Resources :    Usage  Request          
	   Cpus                 :                 1          
	   Disk (KB)            :    38631    38631          
	   Memory (MB)          :      756      756          
...
