000 (427960.000.000) 06/23 09:50:00 Job submitted from host: <18.12.1.74:48322>
...
001 (427960.000.000) 06/23 09:50:12 Job executing on host: <18.12.9.69:44380>
...
006 (427960.000.000) 06/23 09:50:21 Image size of job updated: 1
	3  -  MemoryUsage of job (MB)
	2356  -  ResidentSetSize of job (KB)
...
005 (427960.000.000) 06/23 09:50:22 Job terminated.
	(1) Normal termination (return value 0)
		Usr 0 00:00:00, Sys 0 00:00:00  -  Run Remote Usage
		Usr 0 00:00:00, Sys 0 00:00:00  -  Run Local Usage
		Usr 0 00:00:00, Sys 0 00:00:00  -  Total Remote Usage
		Usr 0 00:00:00, Sys 0 00:00:00  -  Total Local Usage
	183691  -  Run Bytes Sent By Job
	43915  -  Run Bytes Received By Job
	183691  -  Total Bytes Sent By Job
	43915  -  Total Bytes Received By Job
	Partitionable Resources :    Usage  Request          
	   Cpus                 :                 1          
	   Disk (KB)            :     1362     1362          
	   Memory (MB)          :        3        3          
...
000 (427969.000.000) 06/23 09:57:32 Job submitted from host: <18.12.1.74:48322>
...
001 (427969.000.000) 06/23 09:57:42 Job executing on host: <18.12.8.120:40146>
...
006 (427969.000.000) 06/23 09:57:51 Image size of job updated: 499680
	309  -  MemoryUsage of job (MB)
	315924  -  ResidentSetSize of job (KB)
...
006 (427969.000.000) 06/23 09:59:50 Image size of job updated: 504336
	309  -  MemoryUsage of job (MB)
	315924  -  ResidentSetSize of job (KB)
...
005 (427969.000.000) 06/23 09:59:50 Job terminated.
	(1) Normal termination (return value 0)
		Usr 0 00:01:32, Sys 0 00:00:01  -  Run Remote Usage
		Usr 0 00:00:00, Sys 0 00:00:00  -  Run Local Usage
		Usr 0 00:01:32, Sys 0 00:00:01  -  Total Remote Usage
		Usr 0 00:00:00, Sys 0 00:00:00  -  Total Local Usage
	178708  -  Run Bytes Sent By Job
	43520  -  Run Bytes Received By Job
	178708  -  Total Bytes Sent By Job
	43520  -  Total Bytes Received By Job
	Partitionable Resources :    Usage  Request          
	   Cpus                 :                 1          
	   Disk (KB)            :      242      242          
	   Memory (MB)          :      309      309          
...
000 (558444.000.000) 08/13 16:17:09 Job submitted from host: <18.12.1.74:48322>
...
001 (558444.000.000) 08/13 16:17:19 Job executing on host: <18.12.9.35:44891>
...
006 (558444.000.000) 08/13 16:17:28 Image size of job updated: 1
	3  -  MemoryUsage of job (MB)
	2348  -  ResidentSetSize of job (KB)
...
006 (558444.000.000) 08/13 16:22:28 Image size of job updated: 904952
	694  -  MemoryUsage of job (MB)
	710436  -  ResidentSetSize of job (KB)
...
006 (558444.000.000) 08/13 16:27:28 Image size of job updated: 904952
	694  -  MemoryUsage of job (MB)
	710452  -  ResidentSetSize of job (KB)
...
006 (558444.000.000) 08/13 16:32:29 Image size of job updated: 904952
	694  -  MemoryUsage of job (MB)
	710464  -  ResidentSetSize of job (KB)
...
006 (558444.000.000) 08/13 16:34:09 Image size of job updated: 950772
	694  -  MemoryUsage of job (MB)
	710464  -  ResidentSetSize of job (KB)
...
005 (558444.000.000) 08/13 16:34:10 Job terminated.
	(1) Normal termination (return value 0)
		Usr 0 00:03:52, Sys 0 00:00:05  -  Run Remote Usage
		Usr 0 00:00:00, Sys 0 00:00:00  -  Run Local Usage
		Usr 0 00:03:52, Sys 0 00:00:05  -  Total Remote Usage
		Usr 0 00:00:00, Sys 0 00:00:00  -  Total Local Usage
	20916152  -  Run Bytes Sent By Job
	18615848  -  Run Bytes Received By Job
	20916152  -  Total Bytes Sent By Job
	18615848  -  Total Bytes Received By Job
	Partitionable Resources :    Usage  Request          
	   Cpus                 :                 1          
	   Disk (KB)            :    38631    38631          
	   Memory (MB)          :      694      694          
...
