
----------------------------------------------------
Job started on Mon Oct 12 17:06:22 EDT 2015 at WN: t2bat0338.cmsaf.mit.edu 
Job is running on Linux t2bat0338.cmsaf.mit.edu 2.6.32-358.el6.x86_64 #1 SMP Fri Feb 22 20:37:17 CST 2013 x86_64 x86_64 x86_64 GNU/Linux
Filesystem            Size  Used Avail Use% Mounted on
/dev/sda3              20G   13G  6.6G  66% /
tmpfs                  32G     0   32G   0% /dev/shm
/dev/sda1              97M   32M   61M  35% /boot
/dev/sda4             416G   29G  387G   7% /export/data1
fuse_dfs              5.0P  4.0P  1.1P  80% /mnt/hadoop
/dev/sdb1             3.6T  2.9T  732G  81% /export/00b
/dev/sdc1             3.6T  2.9T  753G  80% /export/00c
/dev/sdd1             3.6T  2.9T  742G  80% /export/00d
/dev/sde1             3.6T  2.9T  743G  80% /export/00e
/dev/sdf1             3.6T  2.9T  745G  80% /export/00f
/dev/sdg1             3.6T  2.9T  774G  79% /export/00g
cvmfs2                 98G   23G   76G  23% /cvmfs/cms.cern.ch
t2srv0004:/export/db  135G  187M  135G   1% /net/t2srv0004/db
cvmfs2                 98G   23G   76G  23% /cvmfs/cvmfs.cmsaf.mit.edu
gcc (GCC) 4.4.7 20120313 (Red Hat 4.4.7-3)
Copyright (C) 2010 Free Software Foundation, Inc.
This is free software; see the source for copying conditions.  There is NO
warranty; not even for MERCHANTABILITY or FITNESS FOR A PARTICULAR PURPOSE.

Processing...
filename: /mnt/hadoop/cms/store/user/dgulhan/PYTHIA_HYDJET_Track9_Jet30_Pyquen_DiJet_TuneZ2_Unquenched_Hydjet1p8_2760GeV_merged/HiForest_PYTHIA_HYDJET_pthat120_Track9_Jet30_matchEqR_merged_forest_0.root
pthat = 120
Loading HiForest events...
0/366982
10000/366982
20000/366982
30000/366982
40000/366982
50000/366982
60000/366982
70000/366982
80000/366982
90000/366982
100000/366982
110000/366982
120000/366982
130000/366982
140000/366982
150000/366982
160000/366982
170000/366982
180000/366982
190000/366982
200000/366982
210000/366982
220000/366982
230000/366982
240000/366982
250000/366982
260000/366982
270000/366982
280000/366982
290000/366982
300000/366982
310000/366982
320000/366982
330000/366982
340000/366982
350000/366982
360000/366982
Macro finished: 
CPU time (min)  = 3.76167
Real time (min) = 4.62579
Done!
Copied output files to hadoop JetRAA/June26
