000 (427962.000.000) 06/23 09:50:01 Job submitted from host: <18.12.1.74:48322>
...
001 (427962.000.000) 06/23 09:50:12 Job executing on host: <18.12.8.67:42993>
...
006 (427962.000.000) 06/23 09:50:20 Image size of job updated: 1
	3  -  MemoryUsage of job (MB)
	2360  -  ResidentSetSize of job (KB)
...
005 (427962.000.000) 06/23 09:50:22 Job terminated.
	(1) Normal termination (return value 0)
		Usr 0 00:00:00, Sys 0 00:00:00  -  Run Remote Usage
		Usr 0 00:00:00, Sys 0 00:00:00  -  Run Local Usage
		Usr 0 00:00:00, Sys 0 00:00:00  -  Total Remote Usage
		Usr 0 00:00:00, Sys 0 00:00:00  -  Total Local Usage
	185040  -  Run Bytes Sent By Job
	43915  -  Run Bytes Received By Job
	185040  -  Total Bytes Sent By Job
	43915  -  Total Bytes Received By Job
	Partitionable Resources :    Usage  Request          
	   Cpus                 :                 1          
	   Disk (KB)            :      249      249          
	   Memory (MB)          :        3        3          
...
000 (427971.000.000) 06/23 09:57:32 Job submitted from host: <18.12.1.74:48322>
...
001 (427971.000.000) 06/23 09:57:42 Job executing on host: <18.12.8.121:41314>
...
006 (427971.000.000) 06/23 09:57:51 Image size of job updated: 381048
	261  -  MemoryUsage of job (MB)
	266496  -  ResidentSetSize of job (KB)
...
006 (427971.000.000) 06/23 10:01:01 Image size of job updated: 506160
	261  -  MemoryUsage of job (MB)
	266496  -  ResidentSetSize of job (KB)
...
005 (427971.000.000) 06/23 10:01:01 Job terminated.
	(1) Normal termination (return value 0)
		Usr 0 00:02:28, Sys 0 00:00:02  -  Run Remote Usage
		Usr 0 00:00:00, Sys 0 00:00:00  -  Run Local Usage
		Usr 0 00:02:28, Sys 0 00:00:02  -  Total Remote Usage
		Usr 0 00:00:00, Sys 0 00:00:00  -  Total Local Usage
	178861  -  Run Bytes Sent By Job
	43520  -  Run Bytes Received By Job
	178861  -  Total Bytes Sent By Job
	43520  -  Total Bytes Received By Job
	Partitionable Resources :    Usage  Request          
	   Cpus                 :                 1          
	   Disk (KB)            :      243      243          
	   Memory (MB)          :      261      261          
...
000 (558446.000.000) 08/13 16:17:09 Job submitted from host: <18.12.1.74:48322>
...
001 (558446.000.000) 08/13 16:19:17 Job executing on host: <18.12.9.80:43650>
...
006 (558446.000.000) 08/13 16:19:25 Image size of job updated: 1
	3  -  MemoryUsage of job (MB)
	2344  -  ResidentSetSize of job (KB)
...
006 (558446.000.000) 08/13 16:24:25 Image size of job updated: 912940
	742  -  MemoryUsage of job (MB)
	759060  -  ResidentSetSize of job (KB)
...
005 (558446.000.000) 08/13 16:24:29 Job terminated.
	(1) Normal termination (return value 0)
		Usr 0 00:03:25, Sys 0 00:00:05  -  Run Remote Usage
		Usr 0 00:00:00, Sys 0 00:00:00  -  Run Local Usage
		Usr 0 00:03:25, Sys 0 00:00:05  -  Total Remote Usage
		Usr 0 00:00:00, Sys 0 00:00:00  -  Total Local Usage
	20916024  -  Run Bytes Sent By Job
	18615848  -  Run Bytes Received By Job
	20916024  -  Total Bytes Sent By Job
	18615848  -  Total Bytes Received By Job
	Partitionable Resources :    Usage  Request          
	   Cpus                 :                 1          
	   Disk (KB)            :    47881    47881          
	   Memory (MB)          :      742      742          
...
000 (789336.000.000) 10/12 15:43:36 Job submitted from host: <18.12.1.74:45913>
...
001 (789336.000.000) 10/12 15:57:02 Job executing on host: <18.12.9.71:42847>
...
006 (789336.000.000) 10/12 15:57:11 Image size of job updated: 909664
	710  -  MemoryUsage of job (MB)
	726728  -  ResidentSetSize of job (KB)
...
006 (789336.000.000) 10/12 16:01:05 Image size of job updated: 912952
	710  -  MemoryUsage of job (MB)
	726728  -  ResidentSetSize of job (KB)
...
005 (789336.000.000) 10/12 16:01:06 Job terminated.
	(1) Normal termination (return value 0)
		Usr 0 00:03:14, Sys 0 00:00:03  -  Run Remote Usage
		Usr 0 00:00:00, Sys 0 00:00:00  -  Run Local Usage
		Usr 0 00:03:14, Sys 0 00:00:03  -  Total Remote Usage
		Usr 0 00:00:00, Sys 0 00:00:00  -  Total Local Usage
	20916052  -  Run Bytes Sent By Job
	18615872  -  Run Bytes Received By Job
	20916052  -  Total Bytes Sent By Job
	18615872  -  Total Bytes Received By Job
	Partitionable Resources :    Usage  Request          
	   Cpus                 :                 1          
	   Disk (KB)            :    38630    38630          
	   Memory (MB)          :      710      710          
...
