
----------------------------------------------------
Job started on Thu Aug 13 16:20:19 EDT 2015 at WN: t2bat0295.cmsaf.mit.edu 
Job is running on Linux t2bat0295.cmsaf.mit.edu 2.6.32-358.el6.x86_64 #1 SMP Fri Feb 22 20:37:17 CST 2013 x86_64 x86_64 x86_64 GNU/Linux
Filesystem            Size  Used Avail Use% Mounted on
/dev/sda3              20G   14G  4.9G  75% /
tmpfs                  32G     0   32G   0% /dev/shm
/dev/sda1              97M   32M   61M  35% /boot
/dev/sda4             416G   90G  326G  22% /export/data1
fuse_dfs              4.9P  4.5P  442T  92% /mnt/hadoop
/dev/sdb1             2.7T  2.5T  260G  91% /export/00b
/dev/sdc1             2.7T  2.5T  266G  91% /export/00c
/dev/sdd1             2.7T  2.5T  263G  91% /export/00d
/dev/sde1             2.7T  2.5T  272G  91% /export/00e
/dev/sdf1             2.7T  2.5T  264G  91% /export/00f
/dev/sdg1             2.7T  2.5T  267G  91% /export/00g
/dev/sdh1             2.7T  2.5T  274G  91% /export/00h
/dev/sdi1             2.7T  2.5T  269G  91% /export/00i
/dev/sdj1             2.7T  2.5T  252G  91% /export/00j
/dev/sdk1             2.7T  2.5T  263G  91% /export/00k
/dev/sdl1             2.7T  2.5T  263G  91% /export/00l
cvmfs2                 98G   71G   28G  72% /cvmfs/cms.cern.ch
t2srv0004:/export/db  135G  187M  135G   1% /net/t2srv0004/db
cvmfs2                 98G   71G   28G  72% /cvmfs/oasis.opensciencegrid.org
cvmfs2                 98G   71G   28G  72% /cvmfs/cdfcfs.fnal.gov
cvmfs2                 98G   71G   28G  72% /cvmfs/cvmfs.cmsaf.mit.edu
gcc (GCC) 4.4.7 20120313 (Red Hat 4.4.7-3)
Copyright (C) 2010 Free Software Foundation, Inc.
This is free software; see the source for copying conditions.  There is NO
warranty; not even for MERCHANTABILITY or FITNESS FOR A PARTICULAR PURPOSE.

Processing...
filename: /mnt/hadoop/cms/store/user/dgulhan/PYTHIA_HYDJET_Track9_Jet30_Pyquen_DiJet_TuneZ2_Unquenched_Hydjet1p8_2760GeV_merged/HiForest_PYTHIA_HYDJET_pthat220_Track9_Jet30_matchEqR_merged_forest_0.root
pthat = 220
Loading HiForest events...
0/181018
10000/181018
20000/181018
30000/181018
40000/181018
50000/181018
60000/181018
70000/181018
80000/181018
90000/181018
100000/181018
110000/181018
120000/181018
130000/181018
140000/181018
150000/181018
160000/181018
170000/181018
180000/181018
Macro finished: 
CPU time (min)  = 3.07233
Real time (min) = 12.7491
Done!
Copied output files to hadoop JetRAA/June26
