
----------------------------------------------------
Job started on Fri Aug 14 13:29:12 EDT 2015 at WN: t2bat0063.cmsaf.mit.edu 
Job is running on Linux t2bat0063.cmsaf.mit.edu 2.6.32-358.el6.x86_64 #1 SMP Fri Feb 22 20:37:17 CST 2013 x86_64 x86_64 x86_64 GNU/Linux
Filesystem            Size  Used Avail Use% Mounted on
/dev/sda3              20G  4.1G   15G  22% /
tmpfs                 7.8G     0  7.8G   0% /dev/shm
/dev/sda1              97M   33M   60M  36% /boot
/dev/sda4             415G   95G  320G  23% /export/data1
/dev/sdb1             1.8T  1.7T  164G  92% /export/00b
/dev/sdc1             1.8T  1.7T  152G  92% /export/00c
/dev/sdd1             1.8T  1.7T  163G  92% /export/00d
/dev/sde1             1.8T  1.7T  169G  91% /export/00e
/dev/sdf1             1.8T  1.7T  165G  92% /export/00f
fuse_dfs              4.9P  4.5P  429T  92% /mnt/hadoop
cvmfs2                 98G   90G  7.7G  93% /cvmfs/cms.cern.ch
t2srv0004:/export/db  135G  187M  135G   1% /net/t2srv0004/db
cvmfs2                 98G   90G  7.7G  93% /cvmfs/cvmfs.cmsaf.mit.edu
cvmfs2                 98G   90G  7.7G  93% /cvmfs/oasis.opensciencegrid.org
cvmfs2                 98G   90G  7.7G  93% /cvmfs/cdfcfs.fnal.gov
gcc (GCC) 4.4.7 20120313 (Red Hat 4.4.7-3)
Copyright (C) 2010 Free Software Foundation, Inc.
This is free software; see the source for copying conditions.  There is NO
warranty; not even for MERCHANTABILITY or FITNESS FOR A PARTICULAR PURPOSE.

Processing...
filename: /mnt/hadoop/cms/store/user/dgulhan/PYTHIA_HYDJET_Track9_Jet30_Pyquen_DiJet_TuneZ2_Unquenched_Hydjet1p8_2760GeV_merged/HiForest_PYTHIA_HYDJET_pthat220_Track9_Jet30_matchEqR_merged_forest_0.root
pthat = 220
Loading HiForest events...
0/181018
10000/181018
20000/181018
30000/181018
40000/181018
50000/181018
60000/181018
70000/181018
80000/181018
90000/181018
100000/181018
110000/181018
120000/181018
130000/181018
140000/181018
150000/181018
160000/181018
170000/181018
180000/181018
Macro finished: 
CPU time (min)  = 2.25967
Real time (min) = 3.46088
Done!
Copied output files to hadoop JetRAA/June26
