
----------------------------------------------------
Job started on Wed Jun 24 21:32:47 EDT 2015 at WN: t2bat0297.cmsaf.mit.edu 
Job is running on Linux t2bat0297.cmsaf.mit.edu 2.6.32-358.el6.x86_64 #1 SMP Fri Feb 22 20:37:17 CST 2013 x86_64 x86_64 x86_64 GNU/Linux
Filesystem            Size  Used Avail Use% Mounted on
/dev/sda3              20G  4.0G   15G  22% /
tmpfs                  32G     0   32G   0% /dev/shm
/dev/sda1              97M   32M   61M  35% /boot
/dev/sda4             416G   68G  348G  17% /export/data1
fuse_dfs              4.9P  4.4P  515T  90% /mnt/hadoop
/dev/sdb1             2.7T  2.4T  303G  90% /export/00b
/dev/sdc1             2.7T  2.4T  308G  89% /export/00c
/dev/sdd1             2.7T  2.4T  316G  89% /export/00d
/dev/sde1             2.7T  2.4T  297G  90% /export/00e
/dev/sdf1             2.7T  2.4T  311G  89% /export/00f
/dev/sdg1             2.7T  2.4T  309G  89% /export/00g
/dev/sdh1             2.7T  2.4T  316G  89% /export/00h
/dev/sdi1             2.7T  2.4T  319G  89% /export/00i
/dev/sdj1             2.7T  2.4T  308G  89% /export/00j
/dev/sdk1             2.7T  2.4T  299G  90% /export/00k
/dev/sdl1             2.7T  2.4T  304G  89% /export/00l
cvmfs2                 98G   65G   34G  67% /cvmfs/cms.cern.ch
t2srv0004:/export/db  135G  187M  135G   1% /net/t2srv0004/db
cvmfs2                 98G   65G   34G  67% /cvmfs/cvmfs.cmsaf.mit.edu
cvmfs2                 98G   65G   34G  67% /cvmfs/mu2e.opensciencegrid.org
cvmfs2                 98G   65G   34G  67% /cvmfs/oasis.opensciencegrid.org
cvmfs2                 98G   65G   34G  67% /cvmfs/icecube.opensciencegrid.org
cvmfs2                 98G   65G   34G  67% /cvmfs/atlas.cern.ch
cvmfs2                 98G   65G   34G  67% /cvmfs/cdfcfs.fnal.gov
cvmfs2                 98G   65G   34G  67% /cvmfs/fermilab.opensciencegrid.org
gcc (GCC) 4.4.7 20120313 (Red Hat 4.4.7-3)
Copyright (C) 2010 Free Software Foundation, Inc.
This is free software; see the source for copying conditions.  There is NO
warranty; not even for MERCHANTABILITY or FITNESS FOR A PARTICULAR PURPOSE.

Processing...
filename: /mnt/hadoop/cms/store/user/dgulhan/PYTHIA_HYDJET_Track9_Jet30_Pyquen_DiJet_TuneZ2_Unquenched_Hydjet1p8_2760GeV_merged/HiForest_PYTHIA_HYDJET_pthat15_Track9_Jet30_matchEqR_merged_forest_0.root
pthat = 15
Total number of events loaded in HiForest = 333206
0/333206
10000/333206
20000/333206
30000/333206
40000/333206
50000/333206
60000/333206
70000/333206
80000/333206
90000/333206
100000/333206
110000/333206
120000/333206
130000/333206
140000/333206
150000/333206
160000/333206
170000/333206
180000/333206
190000/333206
200000/333206
210000/333206
220000/333206
230000/333206
240000/333206
250000/333206
260000/333206
270000/333206
280000/333206
290000/333206
300000/333206
310000/333206
320000/333206
330000/333206
Macro finished: 
CPU time (min)  = 4.9195
Real time (min) = 15.9656
Done!
Copied output files to hadoop rootfiles/JetRAA/June22
