000 (427989.000.000) 06/23 09:59:05 Job submitted from host: <18.12.1.74:48322>
...
001 (427989.000.000) 06/23 09:59:20 Job executing on host: <18.12.6.45:41168>
...
006 (427989.000.000) 06/23 09:59:29 Image size of job updated: 443568
	301  -  MemoryUsage of job (MB)
	307264  -  ResidentSetSize of job (KB)
...
006 (427989.000.000) 06/23 10:04:29 Image size of job updated: 503280
	357  -  MemoryUsage of job (MB)
	364560  -  ResidentSetSize of job (KB)
...
005 (427989.000.000) 06/23 10:04:35 Job terminated.
	(1) Normal termination (return value 0)
		Usr 0 00:04:25, Sys 0 00:00:02  -  Run Remote Usage
		Usr 0 00:00:00, Sys 0 00:00:00  -  Run Local Usage
		Usr 0 00:04:25, Sys 0 00:00:02  -  Total Remote Usage
		Usr 0 00:00:00, Sys 0 00:00:00  -  Total Local Usage
	178862  -  Run Bytes Sent By Job
	43520  -  Run Bytes Received By Job
	178862  -  Total Bytes Sent By Job
	43520  -  Total Bytes Received By Job
	Partitionable Resources :    Usage  Request          
	   Cpus                 :                 1          
	   Disk (KB)            :      243      243          
	   Memory (MB)          :      357      357          
...
000 (558881.000.000) 08/14 10:48:09 Job submitted from host: <18.12.1.74:48322>
...
001 (558881.000.000) 08/14 12:15:21 Job executing on host: <18.12.9.80:43650>
...
006 (558881.000.000) 08/14 12:15:30 Image size of job updated: 144336
	28  -  MemoryUsage of job (MB)
	27792  -  ResidentSetSize of job (KB)
...
006 (558881.000.000) 08/14 12:20:31 Image size of job updated: 910200
	711  -  MemoryUsage of job (MB)
	727516  -  ResidentSetSize of job (KB)
...
004 (558881.000.000) 08/14 12:24:10 Job was evicted.
	(0) Job was not checkpointed.
		Usr 0 00:01:11, Sys 0 00:00:03  -  Run Remote Usage
		Usr 0 00:00:00, Sys 0 00:00:00  -  Run Local Usage
	0  -  Run Bytes Sent By Job
	18615868  -  Run Bytes Received By Job
	Partitionable Resources :    Usage  Request          
	   Cpus                 :                 1          
	   Disk (KB)            :    38630    38630          
	   Memory (MB)          :      711      711          
...
009 (558881.000.000) 08/14 12:24:11 Job was aborted by the user.
	via condor_rm (by user obaron)
...
000 (559134.000.000) 08/14 12:37:46 Job submitted from host: <18.12.1.74:48322>
...
001 (559134.000.000) 08/14 13:15:31 Job executing on host: <18.12.8.63:49782>
...
006 (559134.000.000) 08/14 13:15:39 Image size of job updated: 1
	3  -  MemoryUsage of job (MB)
	2348  -  ResidentSetSize of job (KB)
...
006 (559134.000.000) 08/14 13:20:39 Image size of job updated: 912604
	742  -  MemoryUsage of job (MB)
	759388  -  ResidentSetSize of job (KB)
...
005 (559134.000.000) 08/14 13:21:15 Job terminated.
	(1) Normal termination (return value 0)
		Usr 0 00:04:22, Sys 0 00:00:11  -  Run Remote Usage
		Usr 0 00:00:00, Sys 0 00:00:00  -  Run Local Usage
		Usr 0 00:04:22, Sys 0 00:00:11  -  Total Remote Usage
		Usr 0 00:00:00, Sys 0 00:00:00  -  Total Local Usage
	20915992  -  Run Bytes Sent By Job
	18615868  -  Run Bytes Received By Job
	20915992  -  Total Bytes Sent By Job
	18615868  -  Total Bytes Received By Job
	Partitionable Resources :    Usage  Request          
	   Cpus                 :                 1          
	   Disk (KB)            :    38630    38630          
	   Memory (MB)          :      742      742          
...
