000 (558878.000.000) 08/14 10:48:09 Job submitted from host: <18.12.1.74:48322>
...
001 (558878.000.000) 08/14 12:09:16 Job executing on host: <18.12.9.58:41971>
...
006 (558878.000.000) 08/14 12:09:25 Image size of job updated: 31196
	3  -  MemoryUsage of job (MB)
	2816  -  ResidentSetSize of job (KB)
...
006 (558878.000.000) 08/14 12:14:25 Image size of job updated: 842436
	694  -  MemoryUsage of job (MB)
	710272  -  ResidentSetSize of job (KB)
...
006 (558878.000.000) 08/14 12:19:26 Image size of job updated: 907568
	712  -  MemoryUsage of job (MB)
	728228  -  ResidentSetSize of job (KB)
...
006 (558878.000.000) 08/14 12:24:11 Image size of job updated: 908512
	712  -  MemoryUsage of job (MB)
	728228  -  ResidentSetSize of job (KB)
...
004 (558878.000.000) 08/14 12:24:12 Job was evicted.
	(0) Job was not checkpointed.
		Usr 0 00:00:03, Sys 0 00:00:03  -  Run Remote Usage
		Usr 0 00:00:00, Sys 0 00:00:00  -  Run Local Usage
	0  -  Run Bytes Sent By Job
	18615868  -  Run Bytes Received By Job
	Partitionable Resources :    Usage  Request          
	   Cpus                 :                 1          
	   Disk (KB)            :    38630    38630          
	   Memory (MB)          :      712      712          
...
009 (558878.000.000) 08/14 12:24:12 Job was aborted by the user.
	via condor_rm (by user obaron)
...
000 (789357.000.000) 10/13 16:36:51 Job submitted from host: <18.12.1.74:45913>
...
001 (789357.000.000) 10/13 16:37:01 Job executing on host: <18.12.9.70:43504>
...
006 (789357.000.000) 10/13 16:37:21 Image size of job updated: 839036
	688  -  MemoryUsage of job (MB)
	703508  -  ResidentSetSize of job (KB)
...
006 (789357.000.000) 10/13 16:42:11 Image size of job updated: 908648
	695  -  MemoryUsage of job (MB)
	710996  -  ResidentSetSize of job (KB)
...
006 (789357.000.000) 10/13 16:44:33 Image size of job updated: 953888
	695  -  MemoryUsage of job (MB)
	710996  -  ResidentSetSize of job (KB)
...
005 (789357.000.000) 10/13 16:44:34 Job terminated.
	(1) Normal termination (return value 0)
		Usr 0 00:03:07, Sys 0 00:00:02  -  Run Remote Usage
		Usr 0 00:00:00, Sys 0 00:00:00  -  Run Local Usage
		Usr 0 00:03:07, Sys 0 00:00:02  -  Total Remote Usage
		Usr 0 00:00:00, Sys 0 00:00:00  -  Total Local Usage
	20915862  -  Run Bytes Sent By Job
	18615872  -  Run Bytes Received By Job
	20915862  -  Total Bytes Sent By Job
	18615872  -  Total Bytes Received By Job
	Partitionable Resources :    Usage  Request          
	   Cpus                 :                 1          
	   Disk (KB)            :    38630    38630          
	   Memory (MB)          :      695      695          
...
