
----------------------------------------------------
Job started on Mon Oct 12 17:08:31 EDT 2015 at WN: t2bat0331.cmsaf.mit.edu 
Job is running on Linux t2bat0331.cmsaf.mit.edu 2.6.32-358.el6.x86_64 #1 SMP Fri Feb 22 20:37:17 CST 2013 x86_64 x86_64 x86_64 GNU/Linux
Filesystem            Size  Used Avail Use% Mounted on
/dev/sda3              20G  2.5G   17G  14% /
tmpfs                  32G     0   32G   0% /dev/shm
/dev/sda1              97M   32M   61M  35% /boot
/dev/sda4             416G   77G  339G  19% /export/data1
fuse_dfs              5.0P  4.0P  1.1P  80% /mnt/hadoop
/dev/sdb1             3.6T  2.9T  733G  81% /export/00b
/dev/sdc1             3.6T  2.9T  750G  80% /export/00c
/dev/sdd1             3.6T  2.9T  744G  80% /export/00d
/dev/sde1             3.6T  2.9T  745G  80% /export/00e
/dev/sdf1             3.6T  2.9T  740G  80% /export/00f
/dev/sdg1             3.6T  2.9T  765G  80% /export/00g
t2srv0004:/export/db  135G  187M  135G   1% /net/t2srv0004/db
cvmfs2                 98G   72G   27G  73% /cvmfs/cms.cern.ch
t2srv0004:/export/db  135G  187M  135G   1% /net/t2srv0004/db
cvmfs2                 98G   72G   27G  73% /cvmfs/cvmfs.cmsaf.mit.edu
gcc (GCC) 4.4.7 20120313 (Red Hat 4.4.7-3)
Copyright (C) 2010 Free Software Foundation, Inc.
This is free software; see the source for copying conditions.  There is NO
warranty; not even for MERCHANTABILITY or FITNESS FOR A PARTICULAR PURPOSE.

Processing...
filename: /mnt/hadoop/cms/store/user/dgulhan/PYTHIA_HYDJET_Track9_Jet30_Pyquen_DiJet_TuneZ2_Unquenched_Hydjet1p8_2760GeV_merged/HiForest_PYTHIA_HYDJET_pthat280_Track9_Jet30_matchEqR_merged_forest_0.root
pthat = 280
Loading HiForest events...
0/50455
10000/50455
20000/50455
30000/50455
40000/50455
50000/50455
Macro finished: 
CPU time (min)  = 0.536833
Real time (min) = 0.68272
Done!
Copied output files to hadoop JetRAA/June26
