000 (427983.000.000) 06/23 09:58:08 Job submitted from host: <18.12.1.74:48322>
...
001 (427983.000.000) 06/23 09:58:48 Job executing on host: <18.12.6.61:47227>
...
006 (427983.000.000) 06/23 09:58:56 Image size of job updated: 144348
	31  -  MemoryUsage of job (MB)
	30964  -  ResidentSetSize of job (KB)
...
006 (427983.000.000) 06/23 10:02:19 Image size of job updated: 496792
	31  -  MemoryUsage of job (MB)
	30964  -  ResidentSetSize of job (KB)
...
005 (427983.000.000) 06/23 10:02:19 Job terminated.
	(1) Normal termination (return value 0)
		Usr 0 00:02:13, Sys 0 00:00:00  -  Run Remote Usage
		Usr 0 00:00:00, Sys 0 00:00:00  -  Run Local Usage
		Usr 0 00:02:13, Sys 0 00:00:00  -  Total Remote Usage
		Usr 0 00:00:00, Sys 0 00:00:00  -  Total Local Usage
	178720  -  Run Bytes Sent By Job
	43520  -  Run Bytes Received By Job
	178720  -  Total Bytes Sent By Job
	43520  -  Total Bytes Received By Job
	Partitionable Resources :    Usage  Request          
	   Cpus                 :                 1          
	   Disk (KB)            :      243      243          
	   Memory (MB)          :       31       31          
...
000 (428002.000.000) 06/23 11:36:51 Job submitted from host: <18.12.1.74:48322>
...
001 (428002.000.000) 06/23 11:37:24 Job executing on host: <18.12.9.26:43650>
...
006 (428002.000.000) 06/23 11:37:33 Image size of job updated: 9248
	2  -  MemoryUsage of job (MB)
	1268  -  ResidentSetSize of job (KB)
...
006 (428002.000.000) 06/23 11:37:46 Image size of job updated: 508884
	2  -  MemoryUsage of job (MB)
	1268  -  ResidentSetSize of job (KB)
...
005 (428002.000.000) 06/23 11:37:46 Job terminated.
	(1) Normal termination (return value 0)
		Usr 0 00:00:01, Sys 0 00:00:00  -  Run Remote Usage
		Usr 0 00:00:00, Sys 0 00:00:00  -  Run Local Usage
		Usr 0 00:00:01, Sys 0 00:00:00  -  Total Remote Usage
		Usr 0 00:00:00, Sys 0 00:00:00  -  Total Local Usage
	196207  -  Run Bytes Sent By Job
	43958  -  Run Bytes Received By Job
	196207  -  Total Bytes Sent By Job
	43958  -  Total Bytes Received By Job
	Partitionable Resources :    Usage  Request          
	   Cpus                 :                 1          
	   Disk (KB)            :      260      260          
	   Memory (MB)          :        2        2          
...
000 (428011.000.000) 06/23 11:50:50 Job submitted from host: <18.12.1.74:48322>
...
001 (428011.000.000) 06/23 11:51:00 Job executing on host: <18.12.9.51:49855>
...
006 (428011.000.000) 06/23 11:51:09 Image size of job updated: 1
	3  -  MemoryUsage of job (MB)
	2356  -  ResidentSetSize of job (KB)
...
006 (428011.000.000) 06/23 11:53:28 Image size of job updated: 496796
	3  -  MemoryUsage of job (MB)
	2356  -  ResidentSetSize of job (KB)
...
005 (428011.000.000) 06/23 11:53:28 Job terminated.
	(1) Normal termination (return value 0)
		Usr 0 00:01:36, Sys 0 00:00:01  -  Run Remote Usage
		Usr 0 00:00:00, Sys 0 00:00:00  -  Run Local Usage
		Usr 0 00:01:36, Sys 0 00:00:01  -  Total Remote Usage
		Usr 0 00:00:00, Sys 0 00:00:00  -  Total Local Usage
	170572  -  Run Bytes Sent By Job
	40713  -  Run Bytes Received By Job
	170572  -  Total Bytes Sent By Job
	40713  -  Total Bytes Received By Job
	Partitionable Resources :    Usage  Request          
	   Cpus                 :                 1          
	   Disk (KB)            :      232      232          
	   Memory (MB)          :        3        3          
...
000 (428020.000.000) 06/23 12:17:21 Job submitted from host: <18.12.1.74:48322>
...
001 (428020.000.000) 06/23 12:17:32 Job executing on host: <18.12.9.74:47227>
...
006 (428020.000.000) 06/23 12:17:40 Image size of job updated: 1196
	1  -  MemoryUsage of job (MB)
	152  -  ResidentSetSize of job (KB)
...
006 (428020.000.000) 06/23 12:19:39 Image size of job updated: 496800
	1  -  MemoryUsage of job (MB)
	152  -  ResidentSetSize of job (KB)
...
005 (428020.000.000) 06/23 12:19:39 Job terminated.
	(1) Normal termination (return value 0)
		Usr 0 00:01:35, Sys 0 00:00:01  -  Run Remote Usage
		Usr 0 00:00:00, Sys 0 00:00:00  -  Run Local Usage
		Usr 0 00:01:35, Sys 0 00:00:01  -  Total Remote Usage
		Usr 0 00:00:00, Sys 0 00:00:00  -  Total Local Usage
	171576  -  Run Bytes Sent By Job
	41194  -  Run Bytes Received By Job
	171576  -  Total Bytes Sent By Job
	41194  -  Total Bytes Received By Job
	Partitionable Resources :    Usage  Request          
	   Cpus                 :                 1          
	   Disk (KB)            :      233      233          
	   Memory (MB)          :        1        1          
...
000 (428030.000.000) 06/23 16:34:16 Job submitted from host: <18.12.1.74:48322>
...
001 (428030.000.000) 06/23 16:34:28 Job executing on host: <18.12.9.39:45767>
...
006 (428030.000.000) 06/23 16:34:37 Image size of job updated: 114884
	21  -  MemoryUsage of job (MB)
	21352  -  ResidentSetSize of job (KB)
...
006 (428030.000.000) 06/23 16:39:39 Image size of job updated: 496760
	343  -  MemoryUsage of job (MB)
	351200  -  ResidentSetSize of job (KB)
...
006 (428030.000.000) 06/23 16:44:39 Image size of job updated: 496896
	344  -  MemoryUsage of job (MB)
	351272  -  ResidentSetSize of job (KB)
...
005 (428030.000.000) 06/23 16:46:07 Job terminated.
	(1) Normal termination (return value 0)
		Usr 0 00:02:47, Sys 0 00:00:01  -  Run Remote Usage
		Usr 0 00:00:00, Sys 0 00:00:00  -  Run Local Usage
		Usr 0 00:02:47, Sys 0 00:00:01  -  Total Remote Usage
		Usr 0 00:00:00, Sys 0 00:00:00  -  Total Local Usage
	178263  -  Run Bytes Sent By Job
	42331  -  Run Bytes Received By Job
	178263  -  Total Bytes Sent By Job
	42331  -  Total Bytes Received By Job
	Partitionable Resources :    Usage  Request          
	   Cpus                 :                 1          
	   Disk (KB)            :      241      241          
	   Memory (MB)          :      344      344          
...
000 (428711.000.000) 06/24 09:24:23 Job submitted from host: <18.12.1.74:48322>
...
001 (428711.000.000) 06/24 09:24:38 Job executing on host: <18.12.9.50:46059>
...
006 (428711.000.000) 06/24 09:24:47 Image size of job updated: 353728
	232  -  MemoryUsage of job (MB)
	237516  -  ResidentSetSize of job (KB)
...
006 (428711.000.000) 06/24 09:26:57 Image size of job updated: 554024
	232  -  MemoryUsage of job (MB)
	237516  -  ResidentSetSize of job (KB)
...
005 (428711.000.000) 06/24 09:26:57 Job terminated.
	(1) Normal termination (return value 0)
		Usr 0 00:01:36, Sys 0 00:00:02  -  Run Remote Usage
		Usr 0 00:00:00, Sys 0 00:00:00  -  Run Local Usage
		Usr 0 00:01:36, Sys 0 00:00:02  -  Total Remote Usage
		Usr 0 00:00:00, Sys 0 00:00:00  -  Total Local Usage
	168471  -  Run Bytes Sent By Job
	39477  -  Run Bytes Received By Job
	168471  -  Total Bytes Sent By Job
	39477  -  Total Bytes Received By Job
	Partitionable Resources :    Usage  Request          
	   Cpus                 :                 1          
	   Disk (KB)            :      229      229          
	   Memory (MB)          :      232      232          
...
000 (428855.000.000) 06/24 10:17:06 Job submitted from host: <18.12.1.74:48322>
...
001 (428855.000.000) 06/24 10:17:16 Job executing on host: <18.12.12.12:49198>
...
006 (428855.000.000) 06/24 10:17:25 Image size of job updated: 832904
	580  -  MemoryUsage of job (MB)
	593072  -  ResidentSetSize of job (KB)
...
006 (428855.000.000) 06/24 10:19:59 Image size of job updated: 871148
	580  -  MemoryUsage of job (MB)
	593072  -  ResidentSetSize of job (KB)
...
005 (428855.000.000) 06/24 10:19:59 Job terminated.
	(1) Normal termination (return value 0)
		Usr 0 00:02:03, Sys 0 00:00:02  -  Run Remote Usage
		Usr 0 00:00:00, Sys 0 00:00:00  -  Run Local Usage
		Usr 0 00:02:03, Sys 0 00:00:02  -  Total Remote Usage
		Usr 0 00:00:00, Sys 0 00:00:00  -  Total Local Usage
	169732  -  Run Bytes Sent By Job
	39674  -  Run Bytes Received By Job
	169732  -  Total Bytes Sent By Job
	39674  -  Total Bytes Received By Job
	Partitionable Resources :    Usage  Request          
	   Cpus                 :                 1          
	   Disk (KB)            :      230      230          
	   Memory (MB)          :      580      580          
...
000 (428864.000.000) 06/24 10:31:01 Job submitted from host: <18.12.1.74:48322>
...
001 (428864.000.000) 06/24 10:31:39 Job executing on host: <18.12.12.16:49928>
...
006 (428864.000.000) 06/24 10:31:47 Image size of job updated: 1
	3  -  MemoryUsage of job (MB)
	2348  -  ResidentSetSize of job (KB)
...
006 (428864.000.000) 06/24 10:34:15 Image size of job updated: 1343220
	3  -  MemoryUsage of job (MB)
	2348  -  ResidentSetSize of job (KB)
...
005 (428864.000.000) 06/24 10:34:15 Job terminated.
	(1) Normal termination (return value 0)
		Usr 0 00:02:03, Sys 0 00:00:02  -  Run Remote Usage
		Usr 0 00:00:00, Sys 0 00:00:00  -  Run Local Usage
		Usr 0 00:02:03, Sys 0 00:00:02  -  Total Remote Usage
		Usr 0 00:00:00, Sys 0 00:00:00  -  Total Local Usage
	169771  -  Run Bytes Sent By Job
	39631  -  Run Bytes Received By Job
	169771  -  Total Bytes Sent By Job
	39631  -  Total Bytes Received By Job
	Partitionable Resources :    Usage  Request          
	   Cpus                 :                 1          
	   Disk (KB)            :      230      230          
	   Memory (MB)          :        3        3          
...
000 (428873.000.000) 06/24 12:09:07 Job submitted from host: <18.12.1.74:48322>
...
001 (428873.000.000) 06/24 12:09:22 Job executing on host: <18.12.9.82:44891>
...
006 (428873.000.000) 06/24 12:09:30 Image size of job updated: 1
	3  -  MemoryUsage of job (MB)
	2380  -  ResidentSetSize of job (KB)
...
006 (428873.000.000) 06/24 12:11:41 Image size of job updated: 957976
	3  -  MemoryUsage of job (MB)
	2380  -  ResidentSetSize of job (KB)
...
005 (428873.000.000) 06/24 12:11:47 Job terminated.
	(1) Normal termination (return value 0)
		Usr 0 00:01:40, Sys 0 00:00:04  -  Run Remote Usage
		Usr 0 00:00:00, Sys 0 00:00:00  -  Run Local Usage
		Usr 0 00:01:40, Sys 0 00:00:04  -  Total Remote Usage
		Usr 0 00:00:00, Sys 0 00:00:00  -  Total Local Usage
	169823  -  Run Bytes Sent By Job
	39650  -  Run Bytes Received By Job
	169823  -  Total Bytes Sent By Job
	39650  -  Total Bytes Received By Job
	Partitionable Resources :    Usage  Request          
	   Cpus                 :                 1          
	   Disk (KB)            :      230      230          
	   Memory (MB)          :        3        3          
...
000 (428882.000.000) 06/24 13:19:45 Job submitted from host: <18.12.1.74:48322>
...
001 (428882.000.000) 06/24 13:20:24 Job executing on host: <18.12.8.198:46789>
...
006 (428882.000.000) 06/24 13:20:33 Image size of job updated: 954332
	698  -  MemoryUsage of job (MB)
	714516  -  ResidentSetSize of job (KB)
...
006 (428882.000.000) 06/24 13:22:50 Image size of job updated: 995856
	698  -  MemoryUsage of job (MB)
	714516  -  ResidentSetSize of job (KB)
...
005 (428882.000.000) 06/24 13:22:50 Job terminated.
	(1) Normal termination (return value 0)
		Usr 0 00:01:59, Sys 0 00:00:02  -  Run Remote Usage
		Usr 0 00:00:00, Sys 0 00:00:00  -  Run Local Usage
		Usr 0 00:01:59, Sys 0 00:00:02  -  Total Remote Usage
		Usr 0 00:00:00, Sys 0 00:00:00  -  Total Local Usage
	169908  -  Run Bytes Sent By Job
	39615  -  Run Bytes Received By Job
	169908  -  Total Bytes Sent By Job
	39615  -  Total Bytes Received By Job
	Partitionable Resources :    Usage  Request          
	   Cpus                 :                 1          
	   Disk (KB)            :      230      230          
	   Memory (MB)          :      698      698          
...
000 (428891.000.000) 06/24 13:23:26 Job submitted from host: <18.12.1.74:48322>
...
001 (428891.000.000) 06/24 13:23:51 Job executing on host: <18.12.9.82:44891>
...
006 (428891.000.000) 06/24 13:23:59 Image size of job updated: 1
	3  -  MemoryUsage of job (MB)
	2352  -  ResidentSetSize of job (KB)
...
006 (428891.000.000) 06/24 13:26:06 Image size of job updated: 957988
	3  -  MemoryUsage of job (MB)
	2352  -  ResidentSetSize of job (KB)
...
005 (428891.000.000) 06/24 13:26:06 Job terminated.
	(1) Normal termination (return value 0)
		Usr 0 00:01:37, Sys 0 00:00:02  -  Run Remote Usage
		Usr 0 00:00:00, Sys 0 00:00:00  -  Run Local Usage
		Usr 0 00:01:37, Sys 0 00:00:02  -  Total Remote Usage
		Usr 0 00:00:00, Sys 0 00:00:00  -  Total Local Usage
	170030  -  Run Bytes Sent By Job
	39611  -  Run Bytes Received By Job
	170030  -  Total Bytes Sent By Job
	39611  -  Total Bytes Received By Job
	Partitionable Resources :    Usage  Request          
	   Cpus                 :                 1          
	   Disk (KB)            :      230      230          
	   Memory (MB)          :        3        3          
...
000 (428900.000.000) 06/24 14:04:43 Job submitted from host: <18.12.1.74:48322>
...
001 (428900.000.000) 06/24 14:05:23 Job executing on host: <18.12.8.11:44088>
...
006 (428900.000.000) 06/24 14:05:32 Image size of job updated: 370932
	245  -  MemoryUsage of job (MB)
	250032  -  ResidentSetSize of job (KB)
...
006 (428900.000.000) 06/24 14:07:59 Image size of job updated: 995864
	245  -  MemoryUsage of job (MB)
	250032  -  ResidentSetSize of job (KB)
...
005 (428900.000.000) 06/24 14:07:59 Job terminated.
	(1) Normal termination (return value 0)
		Usr 0 00:02:02, Sys 0 00:00:03  -  Run Remote Usage
		Usr 0 00:00:00, Sys 0 00:00:00  -  Run Local Usage
		Usr 0 00:02:02, Sys 0 00:00:03  -  Total Remote Usage
		Usr 0 00:00:00, Sys 0 00:00:00  -  Total Local Usage
	173660  -  Run Bytes Sent By Job
	39982  -  Run Bytes Received By Job
	173660  -  Total Bytes Sent By Job
	39982  -  Total Bytes Received By Job
	Partitionable Resources :    Usage  Request          
	   Cpus                 :                 1          
	   Disk (KB)            :      234      234          
	   Memory (MB)          :      245      245          
...
000 (428909.000.000) 06/24 15:11:56 Job submitted from host: <18.12.1.74:48322>
...
001 (428909.000.000) 06/24 15:12:11 Job executing on host: <18.12.8.225:46643>
...
006 (428909.000.000) 06/24 15:12:20 Image size of job updated: 1
	3  -  MemoryUsage of job (MB)
	2380  -  ResidentSetSize of job (KB)
...
006 (428909.000.000) 06/24 15:12:25 Image size of job updated: 954408
	3  -  MemoryUsage of job (MB)
	2380  -  ResidentSetSize of job (KB)
...
004 (428909.000.000) 06/24 15:12:25 Job was evicted.
	(0) Job was not checkpointed.
		Usr 0 00:00:07, Sys 0 00:00:00  -  Run Remote Usage
		Usr 0 00:00:00, Sys 0 00:00:00  -  Run Local Usage
	0  -  Run Bytes Sent By Job
	40360  -  Run Bytes Received By Job
	Partitionable Resources :    Usage  Request          
	   Cpus                 :                 1          
	   Disk (KB)            :      235      235          
	   Memory (MB)          :        3        3          
...
009 (428909.000.000) 06/24 15:12:26 Job was aborted by the user.
	via condor_rm (by user rkunnawa)
...
000 (428918.000.000) 06/24 15:13:35 Job submitted from host: <18.12.1.74:48322>
...
001 (428918.000.000) 06/24 15:14:11 Job executing on host: <18.12.12.67:42409>
...
006 (428918.000.000) 06/24 15:14:20 Image size of job updated: 149440
	34  -  MemoryUsage of job (MB)
	34684  -  ResidentSetSize of job (KB)
...
006 (428918.000.000) 06/24 15:16:55 Image size of job updated: 1007656
	34  -  MemoryUsage of job (MB)
	34684  -  ResidentSetSize of job (KB)
...
005 (428918.000.000) 06/24 15:16:55 Job terminated.
	(1) Normal termination (return value 0)
		Usr 0 00:02:06, Sys 0 00:00:03  -  Run Remote Usage
		Usr 0 00:00:00, Sys 0 00:00:00  -  Run Local Usage
		Usr 0 00:02:06, Sys 0 00:00:03  -  Total Remote Usage
		Usr 0 00:00:00, Sys 0 00:00:00  -  Total Local Usage
	174740  -  Run Bytes Sent By Job
	40466  -  Run Bytes Received By Job
	174740  -  Total Bytes Sent By Job
	40466  -  Total Bytes Received By Job
	Partitionable Resources :    Usage  Request          
	   Cpus                 :                 1          
	   Disk (KB)            :      236      236          
	   Memory (MB)          :       34       34          
...
000 (428928.000.000) 06/24 21:09:53 Job submitted from host: <18.12.1.74:48322>
...
001 (428928.000.000) 06/24 21:10:37 Job executing on host: <18.12.9.48:49271>
...
006 (428928.000.000) 06/24 21:10:45 Image size of job updated: 196888
	74  -  MemoryUsage of job (MB)
	75608  -  ResidentSetSize of job (KB)
...
006 (428928.000.000) 06/24 21:12:52 Image size of job updated: 959148
	74  -  MemoryUsage of job (MB)
	75608  -  ResidentSetSize of job (KB)
...
005 (428928.000.000) 06/24 21:12:52 Job terminated.
	(1) Normal termination (return value 0)
		Usr 0 00:01:36, Sys 0 00:00:03  -  Run Remote Usage
		Usr 0 00:00:00, Sys 0 00:00:00  -  Run Local Usage
		Usr 0 00:01:36, Sys 0 00:00:03  -  Total Remote Usage
		Usr 0 00:00:00, Sys 0 00:00:00  -  Total Local Usage
	24685020  -  Run Bytes Sent By Job
	17710434  -  Run Bytes Received By Job
	24685020  -  Total Bytes Sent By Job
	17710434  -  Total Bytes Received By Job
	Partitionable Resources :    Usage  Request          
	   Cpus                 :                 1          
	   Disk (KB)            :    41427    41427          
	   Memory (MB)          :       74       74          
...
000 (429299.000.000) 06/24 21:32:37 Job submitted from host: <18.12.1.74:48322>
...
001 (429299.000.000) 06/24 21:33:13 Job executing on host: <18.12.9.49:44526>
...
006 (429299.000.000) 06/24 21:33:22 Image size of job updated: 955312
	699  -  MemoryUsage of job (MB)
	715668  -  ResidentSetSize of job (KB)
...
006 (429299.000.000) 06/24 21:35:18 Image size of job updated: 958960
	699  -  MemoryUsage of job (MB)
	715668  -  ResidentSetSize of job (KB)
...
005 (429299.000.000) 06/24 21:35:18 Job terminated.
	(1) Normal termination (return value 0)
		Usr 0 00:01:32, Sys 0 00:00:03  -  Run Remote Usage
		Usr 0 00:00:00, Sys 0 00:00:00  -  Run Local Usage
		Usr 0 00:01:32, Sys 0 00:00:03  -  Total Remote Usage
		Usr 0 00:00:00, Sys 0 00:00:00  -  Total Local Usage
	19460476  -  Run Bytes Sent By Job
	17710152  -  Run Bytes Received By Job
	19460476  -  Total Bytes Sent By Job
	17710152  -  Total Bytes Received By Job
	Partitionable Resources :    Usage  Request          
	   Cpus                 :                 1          
	   Disk (KB)            :    36325    36325          
	   Memory (MB)          :      699      699          
...
000 (429671.000.000) 06/24 23:04:35 Job submitted from host: <18.12.1.74:48322>
...
001 (429671.000.000) 06/24 23:04:50 Job executing on host: <18.12.9.62:47811>
...
006 (429671.000.000) 06/24 23:04:59 Image size of job updated: 898712
	694  -  MemoryUsage of job (MB)
	709772  -  ResidentSetSize of job (KB)
...
006 (429671.000.000) 06/24 23:06:59 Image size of job updated: 959136
	694  -  MemoryUsage of job (MB)
	709772  -  ResidentSetSize of job (KB)
...
005 (429671.000.000) 06/24 23:07:00 Job terminated.
	(1) Normal termination (return value 0)
		Usr 0 00:01:41, Sys 0 00:00:02  -  Run Remote Usage
		Usr 0 00:00:00, Sys 0 00:00:00  -  Run Local Usage
		Usr 0 00:01:41, Sys 0 00:00:02  -  Total Remote Usage
		Usr 0 00:00:00, Sys 0 00:00:00  -  Total Local Usage
	19460322  -  Run Bytes Sent By Job
	17710138  -  Run Bytes Received By Job
	19460322  -  Total Bytes Sent By Job
	17710138  -  Total Bytes Received By Job
	Partitionable Resources :    Usage  Request          
	   Cpus                 :                 1          
	   Disk (KB)            :    36325    36325          
	   Memory (MB)          :      694      694          
...
000 (451632.000.000) 06/25 20:03:18 Job submitted from host: <18.12.1.74:48322>
...
001 (451632.000.000) 06/25 20:03:28 Job executing on host: <18.12.9.30:40073>
...
006 (451632.000.000) 06/25 20:03:37 Image size of job updated: 13832
	2  -  MemoryUsage of job (MB)
	1480  -  ResidentSetSize of job (KB)
...
006 (451632.000.000) 06/25 20:08:38 Image size of job updated: 900112
	698  -  MemoryUsage of job (MB)
	714648  -  ResidentSetSize of job (KB)
...
006 (451632.000.000) 06/25 20:12:59 Image size of job updated: 900400
	698  -  MemoryUsage of job (MB)
	714648  -  ResidentSetSize of job (KB)
...
005 (451632.000.000) 06/25 20:13:00 Job terminated.
	(1) Normal termination (return value 0)
		Usr 0 00:02:47, Sys 0 00:00:02  -  Run Remote Usage
		Usr 0 00:00:00, Sys 0 00:00:00  -  Run Local Usage
		Usr 0 00:02:47, Sys 0 00:00:02  -  Total Remote Usage
		Usr 0 00:00:00, Sys 0 00:00:00  -  Total Local Usage
	20759742  -  Run Bytes Sent By Job
	18591998  -  Run Bytes Received By Job
	20759742  -  Total Bytes Sent By Job
	18591998  -  Total Bytes Received By Job
	Partitionable Resources :    Usage  Request          
	   Cpus                 :                 1          
	   Disk (KB)            :    38455    38455          
	   Memory (MB)          :      698      698          
...
000 (452209.000.000) 06/26 10:52:32 Job submitted from host: <18.12.1.74:48322>
...
001 (452209.000.000) 06/26 10:52:49 Job executing on host: <18.12.8.234:44891>
...
006 (452209.000.000) 06/26 10:52:57 Image size of job updated: 68524
	17  -  MemoryUsage of job (MB)
	16684  -  ResidentSetSize of job (KB)
...
006 (452209.000.000) 06/26 10:55:46 Image size of job updated: 932908
	17  -  MemoryUsage of job (MB)
	16684  -  ResidentSetSize of job (KB)
...
005 (452209.000.000) 06/26 10:55:47 Job terminated.
	(1) Normal termination (return value 0)
		Usr 0 00:02:00, Sys 0 00:00:02  -  Run Remote Usage
		Usr 0 00:00:00, Sys 0 00:00:00  -  Run Local Usage
		Usr 0 00:02:00, Sys 0 00:00:02  -  Total Remote Usage
		Usr 0 00:00:00, Sys 0 00:00:00  -  Total Local Usage
	20759136  -  Run Bytes Sent By Job
	18592108  -  Run Bytes Received By Job
	20759136  -  Total Bytes Sent By Job
	18592108  -  Total Bytes Received By Job
	Partitionable Resources :    Usage  Request          
	   Cpus                 :                 1          
	   Disk (KB)            :    38454    38454          
	   Memory (MB)          :       17       17          
...
000 (452264.000.000) 06/26 11:03:55 Job submitted from host: <18.12.1.74:48322>
...
001 (452264.000.000) 06/26 11:04:13 Job executing on host: <18.12.9.63:45475>
...
006 (452264.000.000) 06/26 11:04:22 Image size of job updated: 148320
	35  -  MemoryUsage of job (MB)
	35316  -  ResidentSetSize of job (KB)
...
006 (452264.000.000) 06/26 11:07:25 Image size of job updated: 928192
	35  -  MemoryUsage of job (MB)
	35316  -  ResidentSetSize of job (KB)
...
005 (452264.000.000) 06/26 11:07:26 Job terminated.
	(1) Normal termination (return value 0)
		Usr 0 00:01:44, Sys 0 00:00:03  -  Run Remote Usage
		Usr 0 00:00:00, Sys 0 00:00:00  -  Run Local Usage
		Usr 0 00:01:44, Sys 0 00:00:03  -  Total Remote Usage
		Usr 0 00:00:00, Sys 0 00:00:00  -  Total Local Usage
	20759452  -  Run Bytes Sent By Job
	18592064  -  Run Bytes Received By Job
	20759452  -  Total Bytes Sent By Job
	18592064  -  Total Bytes Received By Job
	Partitionable Resources :    Usage  Request          
	   Cpus                 :                 1          
	   Disk (KB)            :    38455    38455          
	   Memory (MB)          :       35       35          
...
000 (472485.000.000) 06/26 13:23:36 Job submitted from host: <18.12.1.74:48322>
...
001 (472485.000.000) 06/26 13:23:48 Job executing on host: <18.12.9.42:42628>
...
006 (472485.000.000) 06/26 13:23:56 Image size of job updated: 68920
	17  -  MemoryUsage of job (MB)
	16740  -  ResidentSetSize of job (KB)
...
006 (472485.000.000) 06/26 13:28:56 Image size of job updated: 900916
	703  -  MemoryUsage of job (MB)
	719856  -  ResidentSetSize of job (KB)
...
006 (472485.000.000) 06/26 13:33:56 Image size of job updated: 901208
	710  -  MemoryUsage of job (MB)
	726032  -  ResidentSetSize of job (KB)
...
006 (472485.000.000) 06/26 13:34:39 Image size of job updated: 946804
	710  -  MemoryUsage of job (MB)
	726032  -  ResidentSetSize of job (KB)
...
005 (472485.000.000) 06/26 13:34:40 Job terminated.
	(1) Normal termination (return value 0)
		Usr 0 00:02:50, Sys 0 00:00:01  -  Run Remote Usage
		Usr 0 00:00:00, Sys 0 00:00:00  -  Run Local Usage
		Usr 0 00:02:50, Sys 0 00:00:01  -  Total Remote Usage
		Usr 0 00:00:00, Sys 0 00:00:00  -  Total Local Usage
	20760010  -  Run Bytes Sent By Job
	18592042  -  Run Bytes Received By Job
	20760010  -  Total Bytes Sent By Job
	18592042  -  Total Bytes Received By Job
	Partitionable Resources :    Usage  Request          
	   Cpus                 :                 1          
	   Disk (KB)            :    38455    38455          
	   Memory (MB)          :      710      710          
...
000 (472611.000.000) 06/26 14:53:08 Job submitted from host: <18.12.1.74:48322>
...
001 (472611.000.000) 06/26 14:53:19 Job executing on host: <18.12.9.84:47519>
...
006 (472611.000.000) 06/26 14:53:27 Image size of job updated: 900912
	683  -  MemoryUsage of job (MB)
	698820  -  ResidentSetSize of job (KB)
...
006 (472611.000.000) 06/26 14:55:19 Image size of job updated: 901204
	683  -  MemoryUsage of job (MB)
	698820  -  ResidentSetSize of job (KB)
...
005 (472611.000.000) 06/26 14:55:20 Job terminated.
	(1) Normal termination (return value 0)
		Usr 0 00:01:35, Sys 0 00:00:02  -  Run Remote Usage
		Usr 0 00:00:00, Sys 0 00:00:00  -  Run Local Usage
		Usr 0 00:01:35, Sys 0 00:00:02  -  Total Remote Usage
		Usr 0 00:00:00, Sys 0 00:00:00  -  Total Local Usage
	20759800  -  Run Bytes Sent By Job
	18592042  -  Run Bytes Received By Job
	20759800  -  Total Bytes Sent By Job
	18592042  -  Total Bytes Received By Job
	Partitionable Resources :    Usage  Request          
	   Cpus                 :                 1          
	   Disk (KB)            :    38455    38455          
	   Memory (MB)          :      683      683          
...
000 (493285.000.000) 06/29 12:56:29 Job submitted from host: <18.12.1.74:48322>
...
001 (493285.000.000) 06/29 12:56:54 Job executing on host: <18.12.8.188:44161>
...
006 (493285.000.000) 06/29 12:57:03 Image size of job updated: 1
	3  -  MemoryUsage of job (MB)
	2344  -  ResidentSetSize of job (KB)
...
006 (493285.000.000) 06/29 12:59:58 Image size of job updated: 946404
	3  -  MemoryUsage of job (MB)
	2344  -  ResidentSetSize of job (KB)
...
005 (493285.000.000) 06/29 12:59:58 Job terminated.
	(1) Normal termination (return value 0)
		Usr 0 00:01:58, Sys 0 00:00:02  -  Run Remote Usage
		Usr 0 00:00:00, Sys 0 00:00:00  -  Run Local Usage
		Usr 0 00:01:58, Sys 0 00:00:02  -  Total Remote Usage
		Usr 0 00:00:00, Sys 0 00:00:00  -  Total Local Usage
	20827556  -  Run Bytes Sent By Job
	18603454  -  Run Bytes Received By Job
	20827556  -  Total Bytes Sent By Job
	18603454  -  Total Bytes Received By Job
	Partitionable Resources :    Usage  Request          
	   Cpus                 :                 1          
	   Disk (KB)            :    38532    38532          
	   Memory (MB)          :        3        3          
...
000 (493456.000.000) 06/29 13:42:32 Job submitted from host: <18.12.1.74:48322>
...
001 (493456.000.000) 06/29 13:42:48 Job executing on host: <18.12.9.4:40438>
...
006 (493456.000.000) 06/29 13:42:57 Image size of job updated: 69176
	13  -  MemoryUsage of job (MB)
	13308  -  ResidentSetSize of job (KB)
...
006 (493456.000.000) 06/29 13:44:34 Image size of job updated: 901220
	13  -  MemoryUsage of job (MB)
	13308  -  ResidentSetSize of job (KB)
...
004 (493456.000.000) 06/29 13:44:34 Job was evicted.
	(0) Job was not checkpointed.
		Usr 0 00:01:22, Sys 0 00:00:03  -  Run Remote Usage
		Usr 0 00:00:00, Sys 0 00:00:00  -  Run Local Usage
	0  -  Run Bytes Sent By Job
	18603454  -  Run Bytes Received By Job
	Partitionable Resources :    Usage  Request          
	   Cpus                 :                 1          
	   Disk (KB)            :    38532    38532          
	   Memory (MB)          :       13       13          
...
009 (493456.000.000) 06/29 13:44:34 Job was aborted by the user.
	via condor_rm (by user obaron)
...
000 (493465.000.000) 06/29 13:44:49 Job submitted from host: <18.12.1.74:48322>
...
001 (493465.000.000) 06/29 13:45:00 Job executing on host: <18.12.9.59:44891>
...
006 (493465.000.000) 06/29 13:45:09 Image size of job updated: 1
	3  -  MemoryUsage of job (MB)
	2344  -  ResidentSetSize of job (KB)
...
006 (493465.000.000) 06/29 13:47:00 Image size of job updated: 947412
	3  -  MemoryUsage of job (MB)
	2344  -  ResidentSetSize of job (KB)
...
005 (493465.000.000) 06/29 13:47:01 Job terminated.
	(1) Normal termination (return value 0)
		Usr 0 00:01:42, Sys 0 00:00:04  -  Run Remote Usage
		Usr 0 00:00:00, Sys 0 00:00:00  -  Run Local Usage
		Usr 0 00:01:42, Sys 0 00:00:04  -  Total Remote Usage
		Usr 0 00:00:00, Sys 0 00:00:00  -  Total Local Usage
	20827612  -  Run Bytes Sent By Job
	18603440  -  Run Bytes Received By Job
	20827612  -  Total Bytes Sent By Job
	18603440  -  Total Bytes Received By Job
	Partitionable Resources :    Usage  Request          
	   Cpus                 :                 1          
	   Disk (KB)            :    38532    38532          
	   Memory (MB)          :        3        3          
...
000 (493474.000.000) 06/29 14:23:45 Job submitted from host: <18.12.1.74:48322>
...
001 (493474.000.000) 06/29 14:24:02 Job executing on host: <18.12.9.13:46935>
...
006 (493474.000.000) 06/29 14:24:10 Image size of job updated: 789788
	660  -  MemoryUsage of job (MB)
	675660  -  ResidentSetSize of job (KB)
...
006 (493474.000.000) 06/29 14:26:24 Image size of job updated: 947408
	660  -  MemoryUsage of job (MB)
	675660  -  ResidentSetSize of job (KB)
...
005 (493474.000.000) 06/29 14:26:25 Job terminated.
	(1) Normal termination (return value 0)
		Usr 0 00:01:57, Sys 0 00:00:03  -  Run Remote Usage
		Usr 0 00:00:00, Sys 0 00:00:00  -  Run Local Usage
		Usr 0 00:01:57, Sys 0 00:00:03  -  Total Remote Usage
		Usr 0 00:00:00, Sys 0 00:00:00  -  Total Local Usage
	20827588  -  Run Bytes Sent By Job
	18603420  -  Run Bytes Received By Job
	20827588  -  Total Bytes Sent By Job
	18603420  -  Total Bytes Received By Job
	Partitionable Resources :    Usage  Request          
	   Cpus                 :                 1          
	   Disk (KB)            :    38532    38532          
	   Memory (MB)          :      660      660          
...
000 (547577.000.000) 08/06 14:04:28 Job submitted from host: <18.12.1.74:48322>
...
001 (547577.000.000) 08/06 14:04:39 Job executing on host: <18.12.9.26:41387>
...
006 (547577.000.000) 08/06 14:04:47 Image size of job updated: 31196
	3  -  MemoryUsage of job (MB)
	2804  -  ResidentSetSize of job (KB)
...
006 (547577.000.000) 08/06 14:09:42 Image size of job updated: 901872
	3  -  MemoryUsage of job (MB)
	2804  -  ResidentSetSize of job (KB)
...
005 (547577.000.000) 08/06 14:09:42 Job terminated.
	(1) Normal termination (return value 0)
		Usr 0 00:02:42, Sys 0 00:00:03  -  Run Remote Usage
		Usr 0 00:00:00, Sys 0 00:00:00  -  Run Local Usage
		Usr 0 00:02:42, Sys 0 00:00:03  -  Total Remote Usage
		Usr 0 00:00:00, Sys 0 00:00:00  -  Total Local Usage
	20827736  -  Run Bytes Sent By Job
	18603408  -  Run Bytes Received By Job
	20827736  -  Total Bytes Sent By Job
	18603408  -  Total Bytes Received By Job
	Partitionable Resources :    Usage  Request          
	   Cpus                 :                 1          
	   Disk (KB)            :    38532    38532          
	   Memory (MB)          :        3        3          
...
000 (549368.000.000) 08/06 16:58:11 Job submitted from host: <18.12.1.74:48322>
...
001 (549368.000.000) 08/06 16:58:48 Job executing on host: <18.12.8.12:40876>
...
006 (549368.000.000) 08/06 16:58:58 Image size of job updated: 88936
	17  -  MemoryUsage of job (MB)
	17292  -  ResidentSetSize of job (KB)
...
006 (549368.000.000) 08/06 17:03:35 Image size of job updated: 948648
	17  -  MemoryUsage of job (MB)
	17292  -  ResidentSetSize of job (KB)
...
005 (549368.000.000) 08/06 17:03:35 Job terminated.
	(1) Normal termination (return value 0)
		Usr 0 00:02:31, Sys 0 00:00:02  -  Run Remote Usage
		Usr 0 00:00:00, Sys 0 00:00:00  -  Run Local Usage
		Usr 0 00:02:31, Sys 0 00:00:02  -  Total Remote Usage
		Usr 0 00:00:00, Sys 0 00:00:00  -  Total Local Usage
	20841938  -  Run Bytes Sent By Job
	18604784  -  Run Bytes Received By Job
	20841938  -  Total Bytes Sent By Job
	18604784  -  Total Bytes Received By Job
	Partitionable Resources :    Usage  Request          
	   Cpus                 :                 1          
	   Disk (KB)            :    38547    38547          
	   Memory (MB)          :       17       17          
...
000 (549377.000.000) 08/06 17:29:49 Job submitted from host: <18.12.1.74:48322>
...
001 (549377.000.000) 08/06 17:30:16 Job executing on host: <18.12.9.81:44891>
...
006 (549377.000.000) 08/06 17:30:24 Image size of job updated: 1
	3  -  MemoryUsage of job (MB)
	2344  -  ResidentSetSize of job (KB)
...
006 (549377.000.000) 08/06 17:32:33 Image size of job updated: 902836
	3  -  MemoryUsage of job (MB)
	2344  -  ResidentSetSize of job (KB)
...
005 (549377.000.000) 08/06 17:32:34 Job terminated.
	(1) Normal termination (return value 0)
		Usr 0 00:02:01, Sys 0 00:00:01  -  Run Remote Usage
		Usr 0 00:00:00, Sys 0 00:00:00  -  Run Local Usage
		Usr 0 00:02:01, Sys 0 00:00:01  -  Total Remote Usage
		Usr 0 00:00:00, Sys 0 00:00:00  -  Total Local Usage
	20841802  -  Run Bytes Sent By Job
	18604784  -  Run Bytes Received By Job
	20841802  -  Total Bytes Sent By Job
	18604784  -  Total Bytes Received By Job
	Partitionable Resources :    Usage  Request          
	   Cpus                 :                 1          
	   Disk (KB)            :    38547    38547          
	   Memory (MB)          :        3        3          
...
000 (558758.000.000) 08/13 17:02:01 Job submitted from host: <18.12.1.74:48322>
...
001 (558758.000.000) 08/13 17:07:43 Job executing on host: <18.12.9.51:45549>
...
006 (558758.000.000) 08/13 17:07:52 Image size of job updated: 902408
	697  -  MemoryUsage of job (MB)
	713348  -  ResidentSetSize of job (KB)
...
006 (558758.000.000) 08/13 17:10:13 Image size of job updated: 902840
	697  -  MemoryUsage of job (MB)
	713348  -  ResidentSetSize of job (KB)
...
005 (558758.000.000) 08/13 17:10:13 Job terminated.
	(1) Normal termination (return value 0)
		Usr 0 00:01:47, Sys 0 00:00:03  -  Run Remote Usage
		Usr 0 00:00:00, Sys 0 00:00:00  -  Run Local Usage
		Usr 0 00:01:47, Sys 0 00:00:03  -  Total Remote Usage
		Usr 0 00:00:00, Sys 0 00:00:00  -  Total Local Usage
	20915776  -  Run Bytes Sent By Job
	18615848  -  Run Bytes Received By Job
	20915776  -  Total Bytes Sent By Job
	18615848  -  Total Bytes Received By Job
	Partitionable Resources :    Usage  Request          
	   Cpus                 :                 1          
	   Disk (KB)            :    38630    38630          
	   Memory (MB)          :      697      697          
...
000 (789348.000.000) 10/12 17:02:48 Job submitted from host: <18.12.1.74:45913>
...
001 (789348.000.000) 10/12 17:08:31 Job executing on host: <18.12.9.52:44526>
...
006 (789348.000.000) 10/12 17:08:40 Image size of job updated: 833736
	686  -  MemoryUsage of job (MB)
	701844  -  ResidentSetSize of job (KB)
...
006 (789348.000.000) 10/12 17:10:44 Image size of job updated: 948644
	686  -  MemoryUsage of job (MB)
	701844  -  ResidentSetSize of job (KB)
...
005 (789348.000.000) 10/12 17:10:45 Job terminated.
	(1) Normal termination (return value 0)
		Usr 0 00:01:42, Sys 0 00:00:04  -  Run Remote Usage
		Usr 0 00:00:00, Sys 0 00:00:00  -  Run Local Usage
		Usr 0 00:01:42, Sys 0 00:00:04  -  Total Remote Usage
		Usr 0 00:00:00, Sys 0 00:00:00  -  Total Local Usage
	20915712  -  Run Bytes Sent By Job
	18615880  -  Run Bytes Received By Job
	20915712  -  Total Bytes Sent By Job
	18615880  -  Total Bytes Received By Job
	Partitionable Resources :    Usage  Request          
	   Cpus                 :                 1          
	   Disk (KB)            :    38630    38630          
	   Memory (MB)          :      686      686          
...
