
----------------------------------------------------
Job started on Mon Oct 12 16:02:02 EDT 2015 at WN: t2bat0327.cmsaf.mit.edu 
Job is running on Linux t2bat0327.cmsaf.mit.edu 2.6.32-358.el6.x86_64 #1 SMP Fri Feb 22 20:37:17 CST 2013 x86_64 x86_64 x86_64 GNU/Linux
Filesystem            Size  Used Avail Use% Mounted on
/dev/sda3              20G  2.5G   17G  14% /
tmpfs                  32G     0   32G   0% /dev/shm
/dev/sda1              97M   32M   61M  35% /boot
/dev/sda4             416G   33G  383G   8% /export/data1
fuse_dfs              5.0P  4.0P  1.1P  80% /mnt/hadoop
/dev/sdb1             3.6T  2.9T  756G  80% /export/00b
/dev/sdc1             3.6T  2.9T  747G  80% /export/00c
/dev/sdd1             3.6T  2.9T  759G  80% /export/00d
/dev/sde1             3.6T  2.9T  761G  80% /export/00e
/dev/sdf1             3.6T  2.9T  716G  81% /export/00f
/dev/sdg1             3.6T  2.9T  747G  80% /export/00g
cvmfs2                 98G   24G   74G  25% /cvmfs/cms.cern.ch
t2srv0004:/export/db  135G  187M  135G   1% /net/t2srv0004/db
cvmfs2                 98G   24G   74G  25% /cvmfs/cvmfs.cmsaf.mit.edu
cvmfs2                 98G   24G   74G  25% /cvmfs/oasis.opensciencegrid.org
cvmfs2                 98G   24G   74G  25% /cvmfs/cdfcfs.fnal.gov
gcc (GCC) 4.4.7 20120313 (Red Hat 4.4.7-3)
Copyright (C) 2010 Free Software Foundation, Inc.
This is free software; see the source for copying conditions.  There is NO
warranty; not even for MERCHANTABILITY or FITNESS FOR A PARTICULAR PURPOSE.

Processing...
filename: /mnt/hadoop/cms/store/user/dgulhan/PYTHIA_HYDJET_Track9_Jet30_Pyquen_DiJet_TuneZ2_Unquenched_Hydjet1p8_2760GeV_merged/HiForest_PYTHIA_HYDJET_pthat370_Track9_Jet30_matchEqR_merged_forest_0.root
pthat = 370
Loading HiForest events...
0/14031
10000/14031
Macro finished: 
CPU time (min)  = 0.207333
Real time (min) = 0.242132
Done!
Copied output files to hadoop JetRAA/June26
